[2024-11-25T01:55:20.332+0000] {processor.py:186} INFO - Started process (PID=93) to work on /home/airflow/.local/lib/python3.12/site-packages/airflow/example_dags/example_branch_operator.py
[2024-11-25T01:55:20.337+0000] {processor.py:914} INFO - Processing file /home/airflow/.local/lib/python3.12/site-packages/airflow/example_dags/example_branch_operator.py for tasks to queue
[2024-11-25T01:55:20.344+0000] {logging_mixin.py:190} INFO - [2024-11-25T01:55:20.343+0000] {dagbag.py:588} INFO - Filling up the DagBag from /home/airflow/.local/lib/python3.12/site-packages/airflow/example_dags/example_branch_operator.py
[2024-11-25T01:55:20.443+0000] {processor.py:925} INFO - DAG(s) 'example_branch_operator' retrieved from /home/airflow/.local/lib/python3.12/site-packages/airflow/example_dags/example_branch_operator.py
[2024-11-25T01:55:21.008+0000] {logging_mixin.py:190} INFO - [2024-11-25T01:55:21.007+0000] {dag.py:3239} INFO - Sync 1 DAGs
[2024-11-25T01:55:21.146+0000] {logging_mixin.py:190} INFO - [2024-11-25T01:55:21.146+0000] {dag.py:4180} INFO - Setting next_dagrun for example_branch_operator to 2024-11-24 00:00:00+00:00, run_after=2024-11-25 00:00:00+00:00
[2024-11-25T01:55:21.218+0000] {processor.py:208} INFO - Processing /home/airflow/.local/lib/python3.12/site-packages/airflow/example_dags/example_branch_operator.py took 0.907 seconds
[2024-11-25T01:55:52.119+0000] {processor.py:186} INFO - Started process (PID=159) to work on /home/airflow/.local/lib/python3.12/site-packages/airflow/example_dags/example_branch_operator.py
[2024-11-25T01:55:52.120+0000] {processor.py:914} INFO - Processing file /home/airflow/.local/lib/python3.12/site-packages/airflow/example_dags/example_branch_operator.py for tasks to queue
[2024-11-25T01:55:52.123+0000] {logging_mixin.py:190} INFO - [2024-11-25T01:55:52.123+0000] {dagbag.py:588} INFO - Filling up the DagBag from /home/airflow/.local/lib/python3.12/site-packages/airflow/example_dags/example_branch_operator.py
[2024-11-25T01:55:52.145+0000] {processor.py:925} INFO - DAG(s) 'example_branch_operator' retrieved from /home/airflow/.local/lib/python3.12/site-packages/airflow/example_dags/example_branch_operator.py
[2024-11-25T01:55:52.179+0000] {logging_mixin.py:190} INFO - [2024-11-25T01:55:52.179+0000] {dag.py:3239} INFO - Sync 1 DAGs
[2024-11-25T01:55:52.205+0000] {logging_mixin.py:190} INFO - [2024-11-25T01:55:52.205+0000] {dag.py:4180} INFO - Setting next_dagrun for example_branch_operator to 2024-11-24 00:00:00+00:00, run_after=2024-11-25 00:00:00+00:00
[2024-11-25T01:55:52.223+0000] {processor.py:208} INFO - Processing /home/airflow/.local/lib/python3.12/site-packages/airflow/example_dags/example_branch_operator.py took 0.112 seconds
[2024-11-25T01:56:24.213+0000] {processor.py:186} INFO - Started process (PID=223) to work on /home/airflow/.local/lib/python3.12/site-packages/airflow/example_dags/example_branch_operator.py
[2024-11-25T01:56:24.214+0000] {processor.py:914} INFO - Processing file /home/airflow/.local/lib/python3.12/site-packages/airflow/example_dags/example_branch_operator.py for tasks to queue
[2024-11-25T01:56:24.216+0000] {logging_mixin.py:190} INFO - [2024-11-25T01:56:24.216+0000] {dagbag.py:588} INFO - Filling up the DagBag from /home/airflow/.local/lib/python3.12/site-packages/airflow/example_dags/example_branch_operator.py
[2024-11-25T01:56:24.240+0000] {processor.py:925} INFO - DAG(s) 'example_branch_operator' retrieved from /home/airflow/.local/lib/python3.12/site-packages/airflow/example_dags/example_branch_operator.py
[2024-11-25T01:56:24.276+0000] {logging_mixin.py:190} INFO - [2024-11-25T01:56:24.275+0000] {dag.py:3239} INFO - Sync 1 DAGs
[2024-11-25T01:56:24.303+0000] {logging_mixin.py:190} INFO - [2024-11-25T01:56:24.303+0000] {dag.py:4180} INFO - Setting next_dagrun for example_branch_operator to 2024-11-24 00:00:00+00:00, run_after=2024-11-25 00:00:00+00:00
[2024-11-25T01:56:24.324+0000] {processor.py:208} INFO - Processing /home/airflow/.local/lib/python3.12/site-packages/airflow/example_dags/example_branch_operator.py took 0.119 seconds
[2024-11-25T01:56:56.842+0000] {processor.py:186} INFO - Started process (PID=287) to work on /home/airflow/.local/lib/python3.12/site-packages/airflow/example_dags/example_branch_operator.py
[2024-11-25T01:56:56.846+0000] {processor.py:914} INFO - Processing file /home/airflow/.local/lib/python3.12/site-packages/airflow/example_dags/example_branch_operator.py for tasks to queue
[2024-11-25T01:56:56.854+0000] {logging_mixin.py:190} INFO - [2024-11-25T01:56:56.853+0000] {dagbag.py:588} INFO - Filling up the DagBag from /home/airflow/.local/lib/python3.12/site-packages/airflow/example_dags/example_branch_operator.py
[2024-11-25T01:56:56.929+0000] {processor.py:925} INFO - DAG(s) 'example_branch_operator' retrieved from /home/airflow/.local/lib/python3.12/site-packages/airflow/example_dags/example_branch_operator.py
[2024-11-25T01:56:57.071+0000] {logging_mixin.py:190} INFO - [2024-11-25T01:56:57.071+0000] {dag.py:3239} INFO - Sync 1 DAGs
[2024-11-25T01:56:57.213+0000] {logging_mixin.py:190} INFO - [2024-11-25T01:56:57.212+0000] {dag.py:4180} INFO - Setting next_dagrun for example_branch_operator to 2024-11-24 00:00:00+00:00, run_after=2024-11-25 00:00:00+00:00
[2024-11-25T01:56:57.380+0000] {processor.py:208} INFO - Processing /home/airflow/.local/lib/python3.12/site-packages/airflow/example_dags/example_branch_operator.py took 0.556 seconds
[2024-11-25T01:57:28.104+0000] {processor.py:186} INFO - Started process (PID=350) to work on /home/airflow/.local/lib/python3.12/site-packages/airflow/example_dags/example_branch_operator.py
[2024-11-25T01:57:28.109+0000] {processor.py:914} INFO - Processing file /home/airflow/.local/lib/python3.12/site-packages/airflow/example_dags/example_branch_operator.py for tasks to queue
[2024-11-25T01:57:28.111+0000] {logging_mixin.py:190} INFO - [2024-11-25T01:57:28.111+0000] {dagbag.py:588} INFO - Filling up the DagBag from /home/airflow/.local/lib/python3.12/site-packages/airflow/example_dags/example_branch_operator.py
[2024-11-25T01:57:28.129+0000] {processor.py:925} INFO - DAG(s) 'example_branch_operator' retrieved from /home/airflow/.local/lib/python3.12/site-packages/airflow/example_dags/example_branch_operator.py
[2024-11-25T01:57:28.158+0000] {logging_mixin.py:190} INFO - [2024-11-25T01:57:28.157+0000] {dag.py:3239} INFO - Sync 1 DAGs
[2024-11-25T01:57:28.184+0000] {logging_mixin.py:190} INFO - [2024-11-25T01:57:28.184+0000] {dag.py:4180} INFO - Setting next_dagrun for example_branch_operator to 2024-11-24 00:00:00+00:00, run_after=2024-11-25 00:00:00+00:00
[2024-11-25T01:57:28.205+0000] {processor.py:208} INFO - Processing /home/airflow/.local/lib/python3.12/site-packages/airflow/example_dags/example_branch_operator.py took 0.106 seconds
[2024-11-25T01:57:58.508+0000] {processor.py:186} INFO - Started process (PID=414) to work on /home/airflow/.local/lib/python3.12/site-packages/airflow/example_dags/example_branch_operator.py
[2024-11-25T01:57:58.509+0000] {processor.py:914} INFO - Processing file /home/airflow/.local/lib/python3.12/site-packages/airflow/example_dags/example_branch_operator.py for tasks to queue
[2024-11-25T01:57:58.512+0000] {logging_mixin.py:190} INFO - [2024-11-25T01:57:58.511+0000] {dagbag.py:588} INFO - Filling up the DagBag from /home/airflow/.local/lib/python3.12/site-packages/airflow/example_dags/example_branch_operator.py
[2024-11-25T01:57:58.539+0000] {processor.py:925} INFO - DAG(s) 'example_branch_operator' retrieved from /home/airflow/.local/lib/python3.12/site-packages/airflow/example_dags/example_branch_operator.py
[2024-11-25T01:57:58.570+0000] {logging_mixin.py:190} INFO - [2024-11-25T01:57:58.570+0000] {dag.py:3239} INFO - Sync 1 DAGs
[2024-11-25T01:57:58.599+0000] {logging_mixin.py:190} INFO - [2024-11-25T01:57:58.599+0000] {dag.py:4180} INFO - Setting next_dagrun for example_branch_operator to 2024-11-24 00:00:00+00:00, run_after=2024-11-25 00:00:00+00:00
[2024-11-25T01:57:58.622+0000] {processor.py:208} INFO - Processing /home/airflow/.local/lib/python3.12/site-packages/airflow/example_dags/example_branch_operator.py took 0.123 seconds
[2024-11-25T01:58:29.066+0000] {processor.py:186} INFO - Started process (PID=478) to work on /home/airflow/.local/lib/python3.12/site-packages/airflow/example_dags/example_branch_operator.py
[2024-11-25T01:58:29.067+0000] {processor.py:914} INFO - Processing file /home/airflow/.local/lib/python3.12/site-packages/airflow/example_dags/example_branch_operator.py for tasks to queue
[2024-11-25T01:58:29.070+0000] {logging_mixin.py:190} INFO - [2024-11-25T01:58:29.069+0000] {dagbag.py:588} INFO - Filling up the DagBag from /home/airflow/.local/lib/python3.12/site-packages/airflow/example_dags/example_branch_operator.py
[2024-11-25T01:58:29.090+0000] {processor.py:925} INFO - DAG(s) 'example_branch_operator' retrieved from /home/airflow/.local/lib/python3.12/site-packages/airflow/example_dags/example_branch_operator.py
[2024-11-25T01:58:29.123+0000] {logging_mixin.py:190} INFO - [2024-11-25T01:58:29.122+0000] {dag.py:3239} INFO - Sync 1 DAGs
[2024-11-25T01:58:29.155+0000] {logging_mixin.py:190} INFO - [2024-11-25T01:58:29.155+0000] {dag.py:4180} INFO - Setting next_dagrun for example_branch_operator to 2024-11-24 00:00:00+00:00, run_after=2024-11-25 00:00:00+00:00
[2024-11-25T01:58:29.181+0000] {processor.py:208} INFO - Processing /home/airflow/.local/lib/python3.12/site-packages/airflow/example_dags/example_branch_operator.py took 0.122 seconds
[2024-11-25T01:58:59.862+0000] {processor.py:186} INFO - Started process (PID=542) to work on /home/airflow/.local/lib/python3.12/site-packages/airflow/example_dags/example_branch_operator.py
[2024-11-25T01:58:59.863+0000] {processor.py:914} INFO - Processing file /home/airflow/.local/lib/python3.12/site-packages/airflow/example_dags/example_branch_operator.py for tasks to queue
[2024-11-25T01:58:59.865+0000] {logging_mixin.py:190} INFO - [2024-11-25T01:58:59.865+0000] {dagbag.py:588} INFO - Filling up the DagBag from /home/airflow/.local/lib/python3.12/site-packages/airflow/example_dags/example_branch_operator.py
[2024-11-25T01:58:59.882+0000] {processor.py:925} INFO - DAG(s) 'example_branch_operator' retrieved from /home/airflow/.local/lib/python3.12/site-packages/airflow/example_dags/example_branch_operator.py
[2024-11-25T01:58:59.907+0000] {logging_mixin.py:190} INFO - [2024-11-25T01:58:59.907+0000] {dag.py:3239} INFO - Sync 1 DAGs
[2024-11-25T01:58:59.930+0000] {logging_mixin.py:190} INFO - [2024-11-25T01:58:59.930+0000] {dag.py:4180} INFO - Setting next_dagrun for example_branch_operator to 2024-11-24 00:00:00+00:00, run_after=2024-11-25 00:00:00+00:00
[2024-11-25T01:58:59.956+0000] {processor.py:208} INFO - Processing /home/airflow/.local/lib/python3.12/site-packages/airflow/example_dags/example_branch_operator.py took 0.099 seconds
[2024-11-25T01:59:30.059+0000] {processor.py:186} INFO - Started process (PID=612) to work on /home/airflow/.local/lib/python3.12/site-packages/airflow/example_dags/example_branch_operator.py
[2024-11-25T01:59:30.060+0000] {processor.py:914} INFO - Processing file /home/airflow/.local/lib/python3.12/site-packages/airflow/example_dags/example_branch_operator.py for tasks to queue
[2024-11-25T01:59:30.063+0000] {logging_mixin.py:190} INFO - [2024-11-25T01:59:30.062+0000] {dagbag.py:588} INFO - Filling up the DagBag from /home/airflow/.local/lib/python3.12/site-packages/airflow/example_dags/example_branch_operator.py
[2024-11-25T01:59:30.080+0000] {processor.py:925} INFO - DAG(s) 'example_branch_operator' retrieved from /home/airflow/.local/lib/python3.12/site-packages/airflow/example_dags/example_branch_operator.py
[2024-11-25T01:59:30.108+0000] {logging_mixin.py:190} INFO - [2024-11-25T01:59:30.108+0000] {dag.py:3239} INFO - Sync 1 DAGs
[2024-11-25T01:59:30.134+0000] {logging_mixin.py:190} INFO - [2024-11-25T01:59:30.134+0000] {dag.py:4180} INFO - Setting next_dagrun for example_branch_operator to 2024-11-24 00:00:00+00:00, run_after=2024-11-25 00:00:00+00:00
[2024-11-25T01:59:30.153+0000] {processor.py:208} INFO - Processing /home/airflow/.local/lib/python3.12/site-packages/airflow/example_dags/example_branch_operator.py took 0.099 seconds
[2024-11-25T02:00:00.459+0000] {processor.py:186} INFO - Started process (PID=676) to work on /home/airflow/.local/lib/python3.12/site-packages/airflow/example_dags/example_branch_operator.py
[2024-11-25T02:00:00.461+0000] {processor.py:914} INFO - Processing file /home/airflow/.local/lib/python3.12/site-packages/airflow/example_dags/example_branch_operator.py for tasks to queue
[2024-11-25T02:00:00.464+0000] {logging_mixin.py:190} INFO - [2024-11-25T02:00:00.464+0000] {dagbag.py:588} INFO - Filling up the DagBag from /home/airflow/.local/lib/python3.12/site-packages/airflow/example_dags/example_branch_operator.py
[2024-11-25T02:00:00.485+0000] {processor.py:925} INFO - DAG(s) 'example_branch_operator' retrieved from /home/airflow/.local/lib/python3.12/site-packages/airflow/example_dags/example_branch_operator.py
[2024-11-25T02:00:00.519+0000] {logging_mixin.py:190} INFO - [2024-11-25T02:00:00.518+0000] {dag.py:3239} INFO - Sync 1 DAGs
[2024-11-25T02:00:00.546+0000] {logging_mixin.py:190} INFO - [2024-11-25T02:00:00.545+0000] {dag.py:4180} INFO - Setting next_dagrun for example_branch_operator to 2024-11-24 00:00:00+00:00, run_after=2024-11-25 00:00:00+00:00
[2024-11-25T02:00:00.565+0000] {processor.py:208} INFO - Processing /home/airflow/.local/lib/python3.12/site-packages/airflow/example_dags/example_branch_operator.py took 0.114 seconds
[2024-11-25T02:00:31.022+0000] {processor.py:186} INFO - Started process (PID=744) to work on /home/airflow/.local/lib/python3.12/site-packages/airflow/example_dags/example_branch_operator.py
[2024-11-25T02:00:31.023+0000] {processor.py:914} INFO - Processing file /home/airflow/.local/lib/python3.12/site-packages/airflow/example_dags/example_branch_operator.py for tasks to queue
[2024-11-25T02:00:31.025+0000] {logging_mixin.py:190} INFO - [2024-11-25T02:00:31.025+0000] {dagbag.py:588} INFO - Filling up the DagBag from /home/airflow/.local/lib/python3.12/site-packages/airflow/example_dags/example_branch_operator.py
[2024-11-25T02:00:31.043+0000] {processor.py:925} INFO - DAG(s) 'example_branch_operator' retrieved from /home/airflow/.local/lib/python3.12/site-packages/airflow/example_dags/example_branch_operator.py
[2024-11-25T02:00:31.068+0000] {logging_mixin.py:190} INFO - [2024-11-25T02:00:31.068+0000] {dag.py:3239} INFO - Sync 1 DAGs
[2024-11-25T02:00:31.090+0000] {logging_mixin.py:190} INFO - [2024-11-25T02:00:31.090+0000] {dag.py:4180} INFO - Setting next_dagrun for example_branch_operator to 2024-11-24 00:00:00+00:00, run_after=2024-11-25 00:00:00+00:00
[2024-11-25T02:00:31.110+0000] {processor.py:208} INFO - Processing /home/airflow/.local/lib/python3.12/site-packages/airflow/example_dags/example_branch_operator.py took 0.093 seconds
[2024-11-25T02:01:01.648+0000] {processor.py:186} INFO - Started process (PID=808) to work on /home/airflow/.local/lib/python3.12/site-packages/airflow/example_dags/example_branch_operator.py
[2024-11-25T02:01:01.649+0000] {processor.py:914} INFO - Processing file /home/airflow/.local/lib/python3.12/site-packages/airflow/example_dags/example_branch_operator.py for tasks to queue
[2024-11-25T02:01:01.652+0000] {logging_mixin.py:190} INFO - [2024-11-25T02:01:01.651+0000] {dagbag.py:588} INFO - Filling up the DagBag from /home/airflow/.local/lib/python3.12/site-packages/airflow/example_dags/example_branch_operator.py
[2024-11-25T02:01:01.672+0000] {processor.py:925} INFO - DAG(s) 'example_branch_operator' retrieved from /home/airflow/.local/lib/python3.12/site-packages/airflow/example_dags/example_branch_operator.py
[2024-11-25T02:01:01.699+0000] {logging_mixin.py:190} INFO - [2024-11-25T02:01:01.699+0000] {dag.py:3239} INFO - Sync 1 DAGs
[2024-11-25T02:01:01.723+0000] {logging_mixin.py:190} INFO - [2024-11-25T02:01:01.723+0000] {dag.py:4180} INFO - Setting next_dagrun for example_branch_operator to 2024-11-24 00:00:00+00:00, run_after=2024-11-25 00:00:00+00:00
[2024-11-25T02:01:01.742+0000] {processor.py:208} INFO - Processing /home/airflow/.local/lib/python3.12/site-packages/airflow/example_dags/example_branch_operator.py took 0.100 seconds
[2024-11-25T02:01:31.991+0000] {processor.py:186} INFO - Started process (PID=872) to work on /home/airflow/.local/lib/python3.12/site-packages/airflow/example_dags/example_branch_operator.py
[2024-11-25T02:01:31.992+0000] {processor.py:914} INFO - Processing file /home/airflow/.local/lib/python3.12/site-packages/airflow/example_dags/example_branch_operator.py for tasks to queue
[2024-11-25T02:01:31.995+0000] {logging_mixin.py:190} INFO - [2024-11-25T02:01:31.995+0000] {dagbag.py:588} INFO - Filling up the DagBag from /home/airflow/.local/lib/python3.12/site-packages/airflow/example_dags/example_branch_operator.py
[2024-11-25T02:01:32.014+0000] {processor.py:925} INFO - DAG(s) 'example_branch_operator' retrieved from /home/airflow/.local/lib/python3.12/site-packages/airflow/example_dags/example_branch_operator.py
[2024-11-25T02:01:32.054+0000] {logging_mixin.py:190} INFO - [2024-11-25T02:01:32.054+0000] {dag.py:3239} INFO - Sync 1 DAGs
[2024-11-25T02:01:32.092+0000] {logging_mixin.py:190} INFO - [2024-11-25T02:01:32.092+0000] {dag.py:4180} INFO - Setting next_dagrun for example_branch_operator to 2024-11-24 00:00:00+00:00, run_after=2024-11-25 00:00:00+00:00
[2024-11-25T02:01:32.130+0000] {processor.py:208} INFO - Processing /home/airflow/.local/lib/python3.12/site-packages/airflow/example_dags/example_branch_operator.py took 0.147 seconds
[2024-11-25T02:02:02.389+0000] {processor.py:186} INFO - Started process (PID=936) to work on /home/airflow/.local/lib/python3.12/site-packages/airflow/example_dags/example_branch_operator.py
[2024-11-25T02:02:02.391+0000] {processor.py:914} INFO - Processing file /home/airflow/.local/lib/python3.12/site-packages/airflow/example_dags/example_branch_operator.py for tasks to queue
[2024-11-25T02:02:02.394+0000] {logging_mixin.py:190} INFO - [2024-11-25T02:02:02.394+0000] {dagbag.py:588} INFO - Filling up the DagBag from /home/airflow/.local/lib/python3.12/site-packages/airflow/example_dags/example_branch_operator.py
[2024-11-25T02:02:02.421+0000] {processor.py:925} INFO - DAG(s) 'example_branch_operator' retrieved from /home/airflow/.local/lib/python3.12/site-packages/airflow/example_dags/example_branch_operator.py
[2024-11-25T02:02:02.455+0000] {logging_mixin.py:190} INFO - [2024-11-25T02:02:02.455+0000] {dag.py:3239} INFO - Sync 1 DAGs
[2024-11-25T02:02:02.483+0000] {logging_mixin.py:190} INFO - [2024-11-25T02:02:02.483+0000] {dag.py:4180} INFO - Setting next_dagrun for example_branch_operator to 2024-11-24 00:00:00+00:00, run_after=2024-11-25 00:00:00+00:00
[2024-11-25T02:02:02.502+0000] {processor.py:208} INFO - Processing /home/airflow/.local/lib/python3.12/site-packages/airflow/example_dags/example_branch_operator.py took 0.124 seconds
[2024-11-25T02:02:32.652+0000] {processor.py:186} INFO - Started process (PID=1000) to work on /home/airflow/.local/lib/python3.12/site-packages/airflow/example_dags/example_branch_operator.py
[2024-11-25T02:02:32.653+0000] {processor.py:914} INFO - Processing file /home/airflow/.local/lib/python3.12/site-packages/airflow/example_dags/example_branch_operator.py for tasks to queue
[2024-11-25T02:02:32.655+0000] {logging_mixin.py:190} INFO - [2024-11-25T02:02:32.655+0000] {dagbag.py:588} INFO - Filling up the DagBag from /home/airflow/.local/lib/python3.12/site-packages/airflow/example_dags/example_branch_operator.py
[2024-11-25T02:02:32.674+0000] {processor.py:925} INFO - DAG(s) 'example_branch_operator' retrieved from /home/airflow/.local/lib/python3.12/site-packages/airflow/example_dags/example_branch_operator.py
[2024-11-25T02:02:32.702+0000] {logging_mixin.py:190} INFO - [2024-11-25T02:02:32.702+0000] {dag.py:3239} INFO - Sync 1 DAGs
[2024-11-25T02:02:32.726+0000] {logging_mixin.py:190} INFO - [2024-11-25T02:02:32.726+0000] {dag.py:4180} INFO - Setting next_dagrun for example_branch_operator to 2024-11-24 00:00:00+00:00, run_after=2024-11-25 00:00:00+00:00
[2024-11-25T02:02:32.745+0000] {processor.py:208} INFO - Processing /home/airflow/.local/lib/python3.12/site-packages/airflow/example_dags/example_branch_operator.py took 0.099 seconds
[2024-11-25T02:03:03.245+0000] {processor.py:186} INFO - Started process (PID=1065) to work on /home/airflow/.local/lib/python3.12/site-packages/airflow/example_dags/example_branch_operator.py
[2024-11-25T02:03:03.247+0000] {processor.py:914} INFO - Processing file /home/airflow/.local/lib/python3.12/site-packages/airflow/example_dags/example_branch_operator.py for tasks to queue
[2024-11-25T02:03:03.250+0000] {logging_mixin.py:190} INFO - [2024-11-25T02:03:03.249+0000] {dagbag.py:588} INFO - Filling up the DagBag from /home/airflow/.local/lib/python3.12/site-packages/airflow/example_dags/example_branch_operator.py
[2024-11-25T02:03:03.275+0000] {processor.py:925} INFO - DAG(s) 'example_branch_operator' retrieved from /home/airflow/.local/lib/python3.12/site-packages/airflow/example_dags/example_branch_operator.py
[2024-11-25T02:03:03.307+0000] {logging_mixin.py:190} INFO - [2024-11-25T02:03:03.307+0000] {dag.py:3239} INFO - Sync 1 DAGs
[2024-11-25T02:03:03.330+0000] {logging_mixin.py:190} INFO - [2024-11-25T02:03:03.330+0000] {dag.py:4180} INFO - Setting next_dagrun for example_branch_operator to 2024-11-24 00:00:00+00:00, run_after=2024-11-25 00:00:00+00:00
[2024-11-25T02:03:03.348+0000] {processor.py:208} INFO - Processing /home/airflow/.local/lib/python3.12/site-packages/airflow/example_dags/example_branch_operator.py took 0.109 seconds
[2024-11-25T02:03:33.605+0000] {processor.py:186} INFO - Started process (PID=1129) to work on /home/airflow/.local/lib/python3.12/site-packages/airflow/example_dags/example_branch_operator.py
[2024-11-25T02:03:33.606+0000] {processor.py:914} INFO - Processing file /home/airflow/.local/lib/python3.12/site-packages/airflow/example_dags/example_branch_operator.py for tasks to queue
[2024-11-25T02:03:33.608+0000] {logging_mixin.py:190} INFO - [2024-11-25T02:03:33.608+0000] {dagbag.py:588} INFO - Filling up the DagBag from /home/airflow/.local/lib/python3.12/site-packages/airflow/example_dags/example_branch_operator.py
[2024-11-25T02:03:33.626+0000] {processor.py:925} INFO - DAG(s) 'example_branch_operator' retrieved from /home/airflow/.local/lib/python3.12/site-packages/airflow/example_dags/example_branch_operator.py
[2024-11-25T02:03:33.651+0000] {logging_mixin.py:190} INFO - [2024-11-25T02:03:33.651+0000] {dag.py:3239} INFO - Sync 1 DAGs
[2024-11-25T02:03:33.674+0000] {logging_mixin.py:190} INFO - [2024-11-25T02:03:33.674+0000] {dag.py:4180} INFO - Setting next_dagrun for example_branch_operator to 2024-11-24 00:00:00+00:00, run_after=2024-11-25 00:00:00+00:00
[2024-11-25T02:03:33.693+0000] {processor.py:208} INFO - Processing /home/airflow/.local/lib/python3.12/site-packages/airflow/example_dags/example_branch_operator.py took 0.093 seconds
[2024-11-25T02:04:04.185+0000] {processor.py:186} INFO - Started process (PID=1193) to work on /home/airflow/.local/lib/python3.12/site-packages/airflow/example_dags/example_branch_operator.py
[2024-11-25T02:04:04.187+0000] {processor.py:914} INFO - Processing file /home/airflow/.local/lib/python3.12/site-packages/airflow/example_dags/example_branch_operator.py for tasks to queue
[2024-11-25T02:04:04.190+0000] {logging_mixin.py:190} INFO - [2024-11-25T02:04:04.189+0000] {dagbag.py:588} INFO - Filling up the DagBag from /home/airflow/.local/lib/python3.12/site-packages/airflow/example_dags/example_branch_operator.py
[2024-11-25T02:04:04.207+0000] {processor.py:925} INFO - DAG(s) 'example_branch_operator' retrieved from /home/airflow/.local/lib/python3.12/site-packages/airflow/example_dags/example_branch_operator.py
[2024-11-25T02:04:04.235+0000] {logging_mixin.py:190} INFO - [2024-11-25T02:04:04.235+0000] {dag.py:3239} INFO - Sync 1 DAGs
[2024-11-25T02:04:04.260+0000] {logging_mixin.py:190} INFO - [2024-11-25T02:04:04.259+0000] {dag.py:4180} INFO - Setting next_dagrun for example_branch_operator to 2024-11-24 00:00:00+00:00, run_after=2024-11-25 00:00:00+00:00
[2024-11-25T02:04:04.279+0000] {processor.py:208} INFO - Processing /home/airflow/.local/lib/python3.12/site-packages/airflow/example_dags/example_branch_operator.py took 0.100 seconds
[2024-11-25T02:04:34.464+0000] {processor.py:186} INFO - Started process (PID=1257) to work on /home/airflow/.local/lib/python3.12/site-packages/airflow/example_dags/example_branch_operator.py
[2024-11-25T02:04:34.466+0000] {processor.py:914} INFO - Processing file /home/airflow/.local/lib/python3.12/site-packages/airflow/example_dags/example_branch_operator.py for tasks to queue
[2024-11-25T02:04:34.469+0000] {logging_mixin.py:190} INFO - [2024-11-25T02:04:34.469+0000] {dagbag.py:588} INFO - Filling up the DagBag from /home/airflow/.local/lib/python3.12/site-packages/airflow/example_dags/example_branch_operator.py
[2024-11-25T02:04:34.499+0000] {processor.py:925} INFO - DAG(s) 'example_branch_operator' retrieved from /home/airflow/.local/lib/python3.12/site-packages/airflow/example_dags/example_branch_operator.py
[2024-11-25T02:04:34.536+0000] {logging_mixin.py:190} INFO - [2024-11-25T02:04:34.536+0000] {dag.py:3239} INFO - Sync 1 DAGs
[2024-11-25T02:04:34.571+0000] {logging_mixin.py:190} INFO - [2024-11-25T02:04:34.570+0000] {dag.py:4180} INFO - Setting next_dagrun for example_branch_operator to 2024-11-24 00:00:00+00:00, run_after=2024-11-25 00:00:00+00:00
[2024-11-25T02:04:34.599+0000] {processor.py:208} INFO - Processing /home/airflow/.local/lib/python3.12/site-packages/airflow/example_dags/example_branch_operator.py took 0.143 seconds
[2024-11-25T02:05:04.800+0000] {processor.py:186} INFO - Started process (PID=1322) to work on /home/airflow/.local/lib/python3.12/site-packages/airflow/example_dags/example_branch_operator.py
[2024-11-25T02:05:04.801+0000] {processor.py:914} INFO - Processing file /home/airflow/.local/lib/python3.12/site-packages/airflow/example_dags/example_branch_operator.py for tasks to queue
[2024-11-25T02:05:04.804+0000] {logging_mixin.py:190} INFO - [2024-11-25T02:05:04.803+0000] {dagbag.py:588} INFO - Filling up the DagBag from /home/airflow/.local/lib/python3.12/site-packages/airflow/example_dags/example_branch_operator.py
[2024-11-25T02:05:04.825+0000] {processor.py:925} INFO - DAG(s) 'example_branch_operator' retrieved from /home/airflow/.local/lib/python3.12/site-packages/airflow/example_dags/example_branch_operator.py
[2024-11-25T02:05:04.860+0000] {logging_mixin.py:190} INFO - [2024-11-25T02:05:04.859+0000] {dag.py:3239} INFO - Sync 1 DAGs
[2024-11-25T02:05:04.893+0000] {logging_mixin.py:190} INFO - [2024-11-25T02:05:04.893+0000] {dag.py:4180} INFO - Setting next_dagrun for example_branch_operator to 2024-11-24 00:00:00+00:00, run_after=2024-11-25 00:00:00+00:00
[2024-11-25T02:05:04.912+0000] {processor.py:208} INFO - Processing /home/airflow/.local/lib/python3.12/site-packages/airflow/example_dags/example_branch_operator.py took 0.118 seconds
[2024-11-25T02:05:35.540+0000] {processor.py:186} INFO - Started process (PID=1385) to work on /home/airflow/.local/lib/python3.12/site-packages/airflow/example_dags/example_branch_operator.py
[2024-11-25T02:05:35.541+0000] {processor.py:914} INFO - Processing file /home/airflow/.local/lib/python3.12/site-packages/airflow/example_dags/example_branch_operator.py for tasks to queue
[2024-11-25T02:05:35.543+0000] {logging_mixin.py:190} INFO - [2024-11-25T02:05:35.543+0000] {dagbag.py:588} INFO - Filling up the DagBag from /home/airflow/.local/lib/python3.12/site-packages/airflow/example_dags/example_branch_operator.py
[2024-11-25T02:05:35.565+0000] {processor.py:925} INFO - DAG(s) 'example_branch_operator' retrieved from /home/airflow/.local/lib/python3.12/site-packages/airflow/example_dags/example_branch_operator.py
[2024-11-25T02:05:35.593+0000] {logging_mixin.py:190} INFO - [2024-11-25T02:05:35.593+0000] {dag.py:3239} INFO - Sync 1 DAGs
[2024-11-25T02:05:35.617+0000] {logging_mixin.py:190} INFO - [2024-11-25T02:05:35.617+0000] {dag.py:4180} INFO - Setting next_dagrun for example_branch_operator to 2024-11-24 00:00:00+00:00, run_after=2024-11-25 00:00:00+00:00
[2024-11-25T02:05:35.638+0000] {processor.py:208} INFO - Processing /home/airflow/.local/lib/python3.12/site-packages/airflow/example_dags/example_branch_operator.py took 0.103 seconds
[2024-11-25T02:06:05.778+0000] {processor.py:186} INFO - Started process (PID=1449) to work on /home/airflow/.local/lib/python3.12/site-packages/airflow/example_dags/example_branch_operator.py
[2024-11-25T02:06:05.780+0000] {processor.py:914} INFO - Processing file /home/airflow/.local/lib/python3.12/site-packages/airflow/example_dags/example_branch_operator.py for tasks to queue
[2024-11-25T02:06:05.783+0000] {logging_mixin.py:190} INFO - [2024-11-25T02:06:05.783+0000] {dagbag.py:588} INFO - Filling up the DagBag from /home/airflow/.local/lib/python3.12/site-packages/airflow/example_dags/example_branch_operator.py
[2024-11-25T02:06:05.811+0000] {processor.py:925} INFO - DAG(s) 'example_branch_operator' retrieved from /home/airflow/.local/lib/python3.12/site-packages/airflow/example_dags/example_branch_operator.py
[2024-11-25T02:06:05.864+0000] {logging_mixin.py:190} INFO - [2024-11-25T02:06:05.863+0000] {dag.py:3239} INFO - Sync 1 DAGs
[2024-11-25T02:06:05.894+0000] {logging_mixin.py:190} INFO - [2024-11-25T02:06:05.894+0000] {dag.py:4180} INFO - Setting next_dagrun for example_branch_operator to 2024-11-24 00:00:00+00:00, run_after=2024-11-25 00:00:00+00:00
[2024-11-25T02:06:05.915+0000] {processor.py:208} INFO - Processing /home/airflow/.local/lib/python3.12/site-packages/airflow/example_dags/example_branch_operator.py took 0.146 seconds
[2024-11-25T02:06:36.008+0000] {processor.py:186} INFO - Started process (PID=1514) to work on /home/airflow/.local/lib/python3.12/site-packages/airflow/example_dags/example_branch_operator.py
[2024-11-25T02:06:36.009+0000] {processor.py:914} INFO - Processing file /home/airflow/.local/lib/python3.12/site-packages/airflow/example_dags/example_branch_operator.py for tasks to queue
[2024-11-25T02:06:36.013+0000] {logging_mixin.py:190} INFO - [2024-11-25T02:06:36.012+0000] {dagbag.py:588} INFO - Filling up the DagBag from /home/airflow/.local/lib/python3.12/site-packages/airflow/example_dags/example_branch_operator.py
[2024-11-25T02:06:36.041+0000] {processor.py:925} INFO - DAG(s) 'example_branch_operator' retrieved from /home/airflow/.local/lib/python3.12/site-packages/airflow/example_dags/example_branch_operator.py
[2024-11-25T02:06:36.079+0000] {logging_mixin.py:190} INFO - [2024-11-25T02:06:36.078+0000] {dag.py:3239} INFO - Sync 1 DAGs
[2024-11-25T02:06:36.114+0000] {logging_mixin.py:190} INFO - [2024-11-25T02:06:36.114+0000] {dag.py:4180} INFO - Setting next_dagrun for example_branch_operator to 2024-11-24 00:00:00+00:00, run_after=2024-11-25 00:00:00+00:00
[2024-11-25T02:06:36.142+0000] {processor.py:208} INFO - Processing /home/airflow/.local/lib/python3.12/site-packages/airflow/example_dags/example_branch_operator.py took 0.143 seconds
[2024-11-25T02:07:07.011+0000] {processor.py:186} INFO - Started process (PID=1578) to work on /home/airflow/.local/lib/python3.12/site-packages/airflow/example_dags/example_branch_operator.py
[2024-11-25T02:07:07.013+0000] {processor.py:914} INFO - Processing file /home/airflow/.local/lib/python3.12/site-packages/airflow/example_dags/example_branch_operator.py for tasks to queue
[2024-11-25T02:07:07.017+0000] {logging_mixin.py:190} INFO - [2024-11-25T02:07:07.017+0000] {dagbag.py:588} INFO - Filling up the DagBag from /home/airflow/.local/lib/python3.12/site-packages/airflow/example_dags/example_branch_operator.py
[2024-11-25T02:07:07.043+0000] {processor.py:925} INFO - DAG(s) 'example_branch_operator' retrieved from /home/airflow/.local/lib/python3.12/site-packages/airflow/example_dags/example_branch_operator.py
[2024-11-25T02:07:07.075+0000] {logging_mixin.py:190} INFO - [2024-11-25T02:07:07.074+0000] {dag.py:3239} INFO - Sync 1 DAGs
[2024-11-25T02:07:07.109+0000] {logging_mixin.py:190} INFO - [2024-11-25T02:07:07.109+0000] {dag.py:4180} INFO - Setting next_dagrun for example_branch_operator to 2024-11-24 00:00:00+00:00, run_after=2024-11-25 00:00:00+00:00
[2024-11-25T02:07:07.132+0000] {processor.py:208} INFO - Processing /home/airflow/.local/lib/python3.12/site-packages/airflow/example_dags/example_branch_operator.py took 0.130 seconds
[2024-11-25T02:07:38.317+0000] {processor.py:186} INFO - Started process (PID=1642) to work on /home/airflow/.local/lib/python3.12/site-packages/airflow/example_dags/example_branch_operator.py
[2024-11-25T02:07:38.318+0000] {processor.py:914} INFO - Processing file /home/airflow/.local/lib/python3.12/site-packages/airflow/example_dags/example_branch_operator.py for tasks to queue
[2024-11-25T02:07:38.320+0000] {logging_mixin.py:190} INFO - [2024-11-25T02:07:38.320+0000] {dagbag.py:588} INFO - Filling up the DagBag from /home/airflow/.local/lib/python3.12/site-packages/airflow/example_dags/example_branch_operator.py
[2024-11-25T02:07:38.344+0000] {processor.py:925} INFO - DAG(s) 'example_branch_operator' retrieved from /home/airflow/.local/lib/python3.12/site-packages/airflow/example_dags/example_branch_operator.py
[2024-11-25T02:07:38.378+0000] {logging_mixin.py:190} INFO - [2024-11-25T02:07:38.377+0000] {dag.py:3239} INFO - Sync 1 DAGs
[2024-11-25T02:07:38.417+0000] {logging_mixin.py:190} INFO - [2024-11-25T02:07:38.417+0000] {dag.py:4180} INFO - Setting next_dagrun for example_branch_operator to 2024-11-24 00:00:00+00:00, run_after=2024-11-25 00:00:00+00:00
[2024-11-25T02:07:38.444+0000] {processor.py:208} INFO - Processing /home/airflow/.local/lib/python3.12/site-packages/airflow/example_dags/example_branch_operator.py took 0.134 seconds
[2024-11-25T02:08:08.881+0000] {processor.py:186} INFO - Started process (PID=1705) to work on /home/airflow/.local/lib/python3.12/site-packages/airflow/example_dags/example_branch_operator.py
[2024-11-25T02:08:08.882+0000] {processor.py:914} INFO - Processing file /home/airflow/.local/lib/python3.12/site-packages/airflow/example_dags/example_branch_operator.py for tasks to queue
[2024-11-25T02:08:08.886+0000] {logging_mixin.py:190} INFO - [2024-11-25T02:08:08.886+0000] {dagbag.py:588} INFO - Filling up the DagBag from /home/airflow/.local/lib/python3.12/site-packages/airflow/example_dags/example_branch_operator.py
[2024-11-25T02:08:08.906+0000] {processor.py:925} INFO - DAG(s) 'example_branch_operator' retrieved from /home/airflow/.local/lib/python3.12/site-packages/airflow/example_dags/example_branch_operator.py
[2024-11-25T02:08:08.936+0000] {logging_mixin.py:190} INFO - [2024-11-25T02:08:08.936+0000] {dag.py:3239} INFO - Sync 1 DAGs
[2024-11-25T02:08:08.965+0000] {logging_mixin.py:190} INFO - [2024-11-25T02:08:08.965+0000] {dag.py:4180} INFO - Setting next_dagrun for example_branch_operator to 2024-11-24 00:00:00+00:00, run_after=2024-11-25 00:00:00+00:00
[2024-11-25T02:08:08.984+0000] {processor.py:208} INFO - Processing /home/airflow/.local/lib/python3.12/site-packages/airflow/example_dags/example_branch_operator.py took 0.109 seconds
[2024-11-25T02:08:39.798+0000] {processor.py:186} INFO - Started process (PID=1769) to work on /home/airflow/.local/lib/python3.12/site-packages/airflow/example_dags/example_branch_operator.py
[2024-11-25T02:08:39.799+0000] {processor.py:914} INFO - Processing file /home/airflow/.local/lib/python3.12/site-packages/airflow/example_dags/example_branch_operator.py for tasks to queue
[2024-11-25T02:08:39.804+0000] {logging_mixin.py:190} INFO - [2024-11-25T02:08:39.803+0000] {dagbag.py:588} INFO - Filling up the DagBag from /home/airflow/.local/lib/python3.12/site-packages/airflow/example_dags/example_branch_operator.py
[2024-11-25T02:08:39.867+0000] {processor.py:925} INFO - DAG(s) 'example_branch_operator' retrieved from /home/airflow/.local/lib/python3.12/site-packages/airflow/example_dags/example_branch_operator.py
[2024-11-25T02:08:39.920+0000] {logging_mixin.py:190} INFO - [2024-11-25T02:08:39.920+0000] {dag.py:3239} INFO - Sync 1 DAGs
[2024-11-25T02:08:39.961+0000] {logging_mixin.py:190} INFO - [2024-11-25T02:08:39.961+0000] {dag.py:4180} INFO - Setting next_dagrun for example_branch_operator to 2024-11-24 00:00:00+00:00, run_after=2024-11-25 00:00:00+00:00
[2024-11-25T02:08:39.986+0000] {processor.py:208} INFO - Processing /home/airflow/.local/lib/python3.12/site-packages/airflow/example_dags/example_branch_operator.py took 0.198 seconds
[2024-11-25T02:09:10.626+0000] {processor.py:186} INFO - Started process (PID=1832) to work on /home/airflow/.local/lib/python3.12/site-packages/airflow/example_dags/example_branch_operator.py
[2024-11-25T02:09:10.628+0000] {processor.py:914} INFO - Processing file /home/airflow/.local/lib/python3.12/site-packages/airflow/example_dags/example_branch_operator.py for tasks to queue
[2024-11-25T02:09:10.630+0000] {logging_mixin.py:190} INFO - [2024-11-25T02:09:10.630+0000] {dagbag.py:588} INFO - Filling up the DagBag from /home/airflow/.local/lib/python3.12/site-packages/airflow/example_dags/example_branch_operator.py
[2024-11-25T02:09:10.652+0000] {processor.py:925} INFO - DAG(s) 'example_branch_operator' retrieved from /home/airflow/.local/lib/python3.12/site-packages/airflow/example_dags/example_branch_operator.py
[2024-11-25T02:09:10.692+0000] {logging_mixin.py:190} INFO - [2024-11-25T02:09:10.691+0000] {dag.py:3239} INFO - Sync 1 DAGs
[2024-11-25T02:09:10.726+0000] {logging_mixin.py:190} INFO - [2024-11-25T02:09:10.726+0000] {dag.py:4180} INFO - Setting next_dagrun for example_branch_operator to 2024-11-24 00:00:00+00:00, run_after=2024-11-25 00:00:00+00:00
[2024-11-25T02:09:10.760+0000] {processor.py:208} INFO - Processing /home/airflow/.local/lib/python3.12/site-packages/airflow/example_dags/example_branch_operator.py took 0.139 seconds
[2024-11-25T02:09:41.607+0000] {processor.py:186} INFO - Started process (PID=1896) to work on /home/airflow/.local/lib/python3.12/site-packages/airflow/example_dags/example_branch_operator.py
[2024-11-25T02:09:41.608+0000] {processor.py:914} INFO - Processing file /home/airflow/.local/lib/python3.12/site-packages/airflow/example_dags/example_branch_operator.py for tasks to queue
[2024-11-25T02:09:41.611+0000] {logging_mixin.py:190} INFO - [2024-11-25T02:09:41.610+0000] {dagbag.py:588} INFO - Filling up the DagBag from /home/airflow/.local/lib/python3.12/site-packages/airflow/example_dags/example_branch_operator.py
[2024-11-25T02:09:41.629+0000] {processor.py:925} INFO - DAG(s) 'example_branch_operator' retrieved from /home/airflow/.local/lib/python3.12/site-packages/airflow/example_dags/example_branch_operator.py
[2024-11-25T02:09:41.657+0000] {logging_mixin.py:190} INFO - [2024-11-25T02:09:41.657+0000] {dag.py:3239} INFO - Sync 1 DAGs
[2024-11-25T02:09:41.685+0000] {logging_mixin.py:190} INFO - [2024-11-25T02:09:41.684+0000] {dag.py:4180} INFO - Setting next_dagrun for example_branch_operator to 2024-11-24 00:00:00+00:00, run_after=2024-11-25 00:00:00+00:00
[2024-11-25T02:09:41.704+0000] {processor.py:208} INFO - Processing /home/airflow/.local/lib/python3.12/site-packages/airflow/example_dags/example_branch_operator.py took 0.102 seconds
[2024-11-25T02:10:12.484+0000] {processor.py:186} INFO - Started process (PID=1960) to work on /home/airflow/.local/lib/python3.12/site-packages/airflow/example_dags/example_branch_operator.py
[2024-11-25T02:10:12.485+0000] {processor.py:914} INFO - Processing file /home/airflow/.local/lib/python3.12/site-packages/airflow/example_dags/example_branch_operator.py for tasks to queue
[2024-11-25T02:10:12.488+0000] {logging_mixin.py:190} INFO - [2024-11-25T02:10:12.487+0000] {dagbag.py:588} INFO - Filling up the DagBag from /home/airflow/.local/lib/python3.12/site-packages/airflow/example_dags/example_branch_operator.py
[2024-11-25T02:10:12.513+0000] {processor.py:925} INFO - DAG(s) 'example_branch_operator' retrieved from /home/airflow/.local/lib/python3.12/site-packages/airflow/example_dags/example_branch_operator.py
[2024-11-25T02:10:12.553+0000] {logging_mixin.py:190} INFO - [2024-11-25T02:10:12.553+0000] {dag.py:3239} INFO - Sync 1 DAGs
[2024-11-25T02:10:12.589+0000] {logging_mixin.py:190} INFO - [2024-11-25T02:10:12.588+0000] {dag.py:4180} INFO - Setting next_dagrun for example_branch_operator to 2024-11-24 00:00:00+00:00, run_after=2024-11-25 00:00:00+00:00
[2024-11-25T02:10:12.616+0000] {processor.py:208} INFO - Processing /home/airflow/.local/lib/python3.12/site-packages/airflow/example_dags/example_branch_operator.py took 0.140 seconds
[2024-11-25T02:10:43.903+0000] {processor.py:186} INFO - Started process (PID=2024) to work on /home/airflow/.local/lib/python3.12/site-packages/airflow/example_dags/example_branch_operator.py
[2024-11-25T02:10:43.905+0000] {processor.py:914} INFO - Processing file /home/airflow/.local/lib/python3.12/site-packages/airflow/example_dags/example_branch_operator.py for tasks to queue
[2024-11-25T02:10:43.914+0000] {logging_mixin.py:190} INFO - [2024-11-25T02:10:43.913+0000] {dagbag.py:588} INFO - Filling up the DagBag from /home/airflow/.local/lib/python3.12/site-packages/airflow/example_dags/example_branch_operator.py
[2024-11-25T02:10:43.978+0000] {processor.py:925} INFO - DAG(s) 'example_branch_operator' retrieved from /home/airflow/.local/lib/python3.12/site-packages/airflow/example_dags/example_branch_operator.py
[2024-11-25T02:10:44.093+0000] {logging_mixin.py:190} INFO - [2024-11-25T02:10:44.092+0000] {dag.py:3239} INFO - Sync 1 DAGs
[2024-11-25T02:10:44.148+0000] {logging_mixin.py:190} INFO - [2024-11-25T02:10:44.147+0000] {dag.py:4180} INFO - Setting next_dagrun for example_branch_operator to 2024-11-24 00:00:00+00:00, run_after=2024-11-25 00:00:00+00:00
[2024-11-25T02:10:44.181+0000] {processor.py:208} INFO - Processing /home/airflow/.local/lib/python3.12/site-packages/airflow/example_dags/example_branch_operator.py took 0.290 seconds
[2024-11-25T02:11:14.506+0000] {processor.py:186} INFO - Started process (PID=2089) to work on /home/airflow/.local/lib/python3.12/site-packages/airflow/example_dags/example_branch_operator.py
[2024-11-25T02:11:14.507+0000] {processor.py:914} INFO - Processing file /home/airflow/.local/lib/python3.12/site-packages/airflow/example_dags/example_branch_operator.py for tasks to queue
[2024-11-25T02:11:14.509+0000] {logging_mixin.py:190} INFO - [2024-11-25T02:11:14.509+0000] {dagbag.py:588} INFO - Filling up the DagBag from /home/airflow/.local/lib/python3.12/site-packages/airflow/example_dags/example_branch_operator.py
[2024-11-25T02:11:14.528+0000] {processor.py:925} INFO - DAG(s) 'example_branch_operator' retrieved from /home/airflow/.local/lib/python3.12/site-packages/airflow/example_dags/example_branch_operator.py
[2024-11-25T02:11:14.561+0000] {logging_mixin.py:190} INFO - [2024-11-25T02:11:14.561+0000] {dag.py:3239} INFO - Sync 1 DAGs
[2024-11-25T02:11:14.599+0000] {logging_mixin.py:190} INFO - [2024-11-25T02:11:14.599+0000] {dag.py:4180} INFO - Setting next_dagrun for example_branch_operator to 2024-11-24 00:00:00+00:00, run_after=2024-11-25 00:00:00+00:00
[2024-11-25T02:11:14.633+0000] {processor.py:208} INFO - Processing /home/airflow/.local/lib/python3.12/site-packages/airflow/example_dags/example_branch_operator.py took 0.132 seconds
[2024-11-25T02:11:45.242+0000] {processor.py:186} INFO - Started process (PID=2153) to work on /home/airflow/.local/lib/python3.12/site-packages/airflow/example_dags/example_branch_operator.py
[2024-11-25T02:11:45.245+0000] {processor.py:914} INFO - Processing file /home/airflow/.local/lib/python3.12/site-packages/airflow/example_dags/example_branch_operator.py for tasks to queue
[2024-11-25T02:11:45.248+0000] {logging_mixin.py:190} INFO - [2024-11-25T02:11:45.248+0000] {dagbag.py:588} INFO - Filling up the DagBag from /home/airflow/.local/lib/python3.12/site-packages/airflow/example_dags/example_branch_operator.py
[2024-11-25T02:11:45.287+0000] {processor.py:925} INFO - DAG(s) 'example_branch_operator' retrieved from /home/airflow/.local/lib/python3.12/site-packages/airflow/example_dags/example_branch_operator.py
[2024-11-25T02:11:45.339+0000] {logging_mixin.py:190} INFO - [2024-11-25T02:11:45.339+0000] {dag.py:3239} INFO - Sync 1 DAGs
[2024-11-25T02:11:45.421+0000] {logging_mixin.py:190} INFO - [2024-11-25T02:11:45.420+0000] {dag.py:4180} INFO - Setting next_dagrun for example_branch_operator to 2024-11-24 00:00:00+00:00, run_after=2024-11-25 00:00:00+00:00
[2024-11-25T02:11:45.489+0000] {processor.py:208} INFO - Processing /home/airflow/.local/lib/python3.12/site-packages/airflow/example_dags/example_branch_operator.py took 0.261 seconds
[2024-11-25T02:12:15.680+0000] {processor.py:186} INFO - Started process (PID=2217) to work on /home/airflow/.local/lib/python3.12/site-packages/airflow/example_dags/example_branch_operator.py
[2024-11-25T02:12:15.682+0000] {processor.py:914} INFO - Processing file /home/airflow/.local/lib/python3.12/site-packages/airflow/example_dags/example_branch_operator.py for tasks to queue
[2024-11-25T02:12:15.686+0000] {logging_mixin.py:190} INFO - [2024-11-25T02:12:15.685+0000] {dagbag.py:588} INFO - Filling up the DagBag from /home/airflow/.local/lib/python3.12/site-packages/airflow/example_dags/example_branch_operator.py
[2024-11-25T02:12:15.708+0000] {processor.py:925} INFO - DAG(s) 'example_branch_operator' retrieved from /home/airflow/.local/lib/python3.12/site-packages/airflow/example_dags/example_branch_operator.py
[2024-11-25T02:12:15.763+0000] {logging_mixin.py:190} INFO - [2024-11-25T02:12:15.762+0000] {dag.py:3239} INFO - Sync 1 DAGs
[2024-11-25T02:12:15.799+0000] {logging_mixin.py:190} INFO - [2024-11-25T02:12:15.799+0000] {dag.py:4180} INFO - Setting next_dagrun for example_branch_operator to 2024-11-24 00:00:00+00:00, run_after=2024-11-25 00:00:00+00:00
[2024-11-25T02:12:16.098+0000] {processor.py:208} INFO - Processing /home/airflow/.local/lib/python3.12/site-packages/airflow/example_dags/example_branch_operator.py took 0.426 seconds
[2024-11-25T02:12:47.037+0000] {processor.py:186} INFO - Started process (PID=2282) to work on /home/airflow/.local/lib/python3.12/site-packages/airflow/example_dags/example_branch_operator.py
[2024-11-25T02:12:47.038+0000] {processor.py:914} INFO - Processing file /home/airflow/.local/lib/python3.12/site-packages/airflow/example_dags/example_branch_operator.py for tasks to queue
[2024-11-25T02:12:47.041+0000] {logging_mixin.py:190} INFO - [2024-11-25T02:12:47.041+0000] {dagbag.py:588} INFO - Filling up the DagBag from /home/airflow/.local/lib/python3.12/site-packages/airflow/example_dags/example_branch_operator.py
[2024-11-25T02:12:47.062+0000] {processor.py:925} INFO - DAG(s) 'example_branch_operator' retrieved from /home/airflow/.local/lib/python3.12/site-packages/airflow/example_dags/example_branch_operator.py
[2024-11-25T02:12:47.100+0000] {logging_mixin.py:190} INFO - [2024-11-25T02:12:47.099+0000] {dag.py:3239} INFO - Sync 1 DAGs
[2024-11-25T02:12:47.142+0000] {logging_mixin.py:190} INFO - [2024-11-25T02:12:47.142+0000] {dag.py:4180} INFO - Setting next_dagrun for example_branch_operator to 2024-11-24 00:00:00+00:00, run_after=2024-11-25 00:00:00+00:00
[2024-11-25T02:12:47.368+0000] {processor.py:208} INFO - Processing /home/airflow/.local/lib/python3.12/site-packages/airflow/example_dags/example_branch_operator.py took 0.345 seconds
[2024-11-25T02:13:17.610+0000] {processor.py:186} INFO - Started process (PID=2346) to work on /home/airflow/.local/lib/python3.12/site-packages/airflow/example_dags/example_branch_operator.py
[2024-11-25T02:13:17.611+0000] {processor.py:914} INFO - Processing file /home/airflow/.local/lib/python3.12/site-packages/airflow/example_dags/example_branch_operator.py for tasks to queue
[2024-11-25T02:13:17.614+0000] {logging_mixin.py:190} INFO - [2024-11-25T02:13:17.614+0000] {dagbag.py:588} INFO - Filling up the DagBag from /home/airflow/.local/lib/python3.12/site-packages/airflow/example_dags/example_branch_operator.py
[2024-11-25T02:13:17.635+0000] {processor.py:925} INFO - DAG(s) 'example_branch_operator' retrieved from /home/airflow/.local/lib/python3.12/site-packages/airflow/example_dags/example_branch_operator.py
[2024-11-25T02:13:17.663+0000] {logging_mixin.py:190} INFO - [2024-11-25T02:13:17.663+0000] {dag.py:3239} INFO - Sync 1 DAGs
[2024-11-25T02:13:17.689+0000] {logging_mixin.py:190} INFO - [2024-11-25T02:13:17.689+0000] {dag.py:4180} INFO - Setting next_dagrun for example_branch_operator to 2024-11-24 00:00:00+00:00, run_after=2024-11-25 00:00:00+00:00
[2024-11-25T02:13:17.714+0000] {processor.py:208} INFO - Processing /home/airflow/.local/lib/python3.12/site-packages/airflow/example_dags/example_branch_operator.py took 0.112 seconds
[2024-11-25T02:13:47.805+0000] {processor.py:186} INFO - Started process (PID=2411) to work on /home/airflow/.local/lib/python3.12/site-packages/airflow/example_dags/example_branch_operator.py
[2024-11-25T02:13:47.806+0000] {processor.py:914} INFO - Processing file /home/airflow/.local/lib/python3.12/site-packages/airflow/example_dags/example_branch_operator.py for tasks to queue
[2024-11-25T02:13:47.809+0000] {logging_mixin.py:190} INFO - [2024-11-25T02:13:47.808+0000] {dagbag.py:588} INFO - Filling up the DagBag from /home/airflow/.local/lib/python3.12/site-packages/airflow/example_dags/example_branch_operator.py
[2024-11-25T02:13:47.831+0000] {processor.py:925} INFO - DAG(s) 'example_branch_operator' retrieved from /home/airflow/.local/lib/python3.12/site-packages/airflow/example_dags/example_branch_operator.py
[2024-11-25T02:13:47.863+0000] {logging_mixin.py:190} INFO - [2024-11-25T02:13:47.863+0000] {dag.py:3239} INFO - Sync 1 DAGs
[2024-11-25T02:13:47.898+0000] {logging_mixin.py:190} INFO - [2024-11-25T02:13:47.897+0000] {dag.py:4180} INFO - Setting next_dagrun for example_branch_operator to 2024-11-24 00:00:00+00:00, run_after=2024-11-25 00:00:00+00:00
[2024-11-25T02:13:47.919+0000] {processor.py:208} INFO - Processing /home/airflow/.local/lib/python3.12/site-packages/airflow/example_dags/example_branch_operator.py took 0.120 seconds
[2024-11-25T02:14:18.743+0000] {processor.py:186} INFO - Started process (PID=2473) to work on /home/airflow/.local/lib/python3.12/site-packages/airflow/example_dags/example_branch_operator.py
[2024-11-25T02:14:18.744+0000] {processor.py:914} INFO - Processing file /home/airflow/.local/lib/python3.12/site-packages/airflow/example_dags/example_branch_operator.py for tasks to queue
[2024-11-25T02:14:18.747+0000] {logging_mixin.py:190} INFO - [2024-11-25T02:14:18.746+0000] {dagbag.py:588} INFO - Filling up the DagBag from /home/airflow/.local/lib/python3.12/site-packages/airflow/example_dags/example_branch_operator.py
[2024-11-25T02:14:18.766+0000] {processor.py:925} INFO - DAG(s) 'example_branch_operator' retrieved from /home/airflow/.local/lib/python3.12/site-packages/airflow/example_dags/example_branch_operator.py
[2024-11-25T02:14:18.803+0000] {logging_mixin.py:190} INFO - [2024-11-25T02:14:18.803+0000] {dag.py:3239} INFO - Sync 1 DAGs
[2024-11-25T02:14:18.830+0000] {logging_mixin.py:190} INFO - [2024-11-25T02:14:18.830+0000] {dag.py:4180} INFO - Setting next_dagrun for example_branch_operator to 2024-11-24 00:00:00+00:00, run_after=2024-11-25 00:00:00+00:00
[2024-11-25T02:14:18.848+0000] {processor.py:208} INFO - Processing /home/airflow/.local/lib/python3.12/site-packages/airflow/example_dags/example_branch_operator.py took 0.110 seconds
[2024-11-25T02:14:49.521+0000] {processor.py:186} INFO - Started process (PID=2537) to work on /home/airflow/.local/lib/python3.12/site-packages/airflow/example_dags/example_branch_operator.py
[2024-11-25T02:14:49.523+0000] {processor.py:914} INFO - Processing file /home/airflow/.local/lib/python3.12/site-packages/airflow/example_dags/example_branch_operator.py for tasks to queue
[2024-11-25T02:14:49.527+0000] {logging_mixin.py:190} INFO - [2024-11-25T02:14:49.527+0000] {dagbag.py:588} INFO - Filling up the DagBag from /home/airflow/.local/lib/python3.12/site-packages/airflow/example_dags/example_branch_operator.py
[2024-11-25T02:14:49.566+0000] {processor.py:925} INFO - DAG(s) 'example_branch_operator' retrieved from /home/airflow/.local/lib/python3.12/site-packages/airflow/example_dags/example_branch_operator.py
[2024-11-25T02:14:49.616+0000] {logging_mixin.py:190} INFO - [2024-11-25T02:14:49.615+0000] {dag.py:3239} INFO - Sync 1 DAGs
[2024-11-25T02:14:49.881+0000] {logging_mixin.py:190} INFO - [2024-11-25T02:14:49.881+0000] {dag.py:4180} INFO - Setting next_dagrun for example_branch_operator to 2024-11-24 00:00:00+00:00, run_after=2024-11-25 00:00:00+00:00
[2024-11-25T02:14:49.906+0000] {processor.py:208} INFO - Processing /home/airflow/.local/lib/python3.12/site-packages/airflow/example_dags/example_branch_operator.py took 0.398 seconds
[2024-11-25T02:15:20.477+0000] {processor.py:186} INFO - Started process (PID=2601) to work on /home/airflow/.local/lib/python3.12/site-packages/airflow/example_dags/example_branch_operator.py
[2024-11-25T02:15:20.478+0000] {processor.py:914} INFO - Processing file /home/airflow/.local/lib/python3.12/site-packages/airflow/example_dags/example_branch_operator.py for tasks to queue
[2024-11-25T02:15:20.483+0000] {logging_mixin.py:190} INFO - [2024-11-25T02:15:20.482+0000] {dagbag.py:588} INFO - Filling up the DagBag from /home/airflow/.local/lib/python3.12/site-packages/airflow/example_dags/example_branch_operator.py
[2024-11-25T02:15:20.502+0000] {processor.py:925} INFO - DAG(s) 'example_branch_operator' retrieved from /home/airflow/.local/lib/python3.12/site-packages/airflow/example_dags/example_branch_operator.py
[2024-11-25T02:15:20.532+0000] {logging_mixin.py:190} INFO - [2024-11-25T02:15:20.532+0000] {dag.py:3239} INFO - Sync 1 DAGs
[2024-11-25T02:15:20.742+0000] {logging_mixin.py:190} INFO - [2024-11-25T02:15:20.742+0000] {dag.py:4180} INFO - Setting next_dagrun for example_branch_operator to 2024-11-24 00:00:00+00:00, run_after=2024-11-25 00:00:00+00:00
[2024-11-25T02:15:20.768+0000] {processor.py:208} INFO - Processing /home/airflow/.local/lib/python3.12/site-packages/airflow/example_dags/example_branch_operator.py took 0.302 seconds
[2024-11-25T02:15:51.634+0000] {processor.py:186} INFO - Started process (PID=2665) to work on /home/airflow/.local/lib/python3.12/site-packages/airflow/example_dags/example_branch_operator.py
[2024-11-25T02:15:51.635+0000] {processor.py:914} INFO - Processing file /home/airflow/.local/lib/python3.12/site-packages/airflow/example_dags/example_branch_operator.py for tasks to queue
[2024-11-25T02:15:51.637+0000] {logging_mixin.py:190} INFO - [2024-11-25T02:15:51.636+0000] {dagbag.py:588} INFO - Filling up the DagBag from /home/airflow/.local/lib/python3.12/site-packages/airflow/example_dags/example_branch_operator.py
[2024-11-25T02:15:51.656+0000] {processor.py:925} INFO - DAG(s) 'example_branch_operator' retrieved from /home/airflow/.local/lib/python3.12/site-packages/airflow/example_dags/example_branch_operator.py
[2024-11-25T02:15:51.682+0000] {logging_mixin.py:190} INFO - [2024-11-25T02:15:51.681+0000] {dag.py:3239} INFO - Sync 1 DAGs
[2024-11-25T02:15:51.897+0000] {logging_mixin.py:190} INFO - [2024-11-25T02:15:51.897+0000] {dag.py:4180} INFO - Setting next_dagrun for example_branch_operator to 2024-11-24 00:00:00+00:00, run_after=2024-11-25 00:00:00+00:00
[2024-11-25T02:15:51.921+0000] {processor.py:208} INFO - Processing /home/airflow/.local/lib/python3.12/site-packages/airflow/example_dags/example_branch_operator.py took 0.293 seconds
[2024-11-25T02:16:22.148+0000] {processor.py:186} INFO - Started process (PID=2729) to work on /home/airflow/.local/lib/python3.12/site-packages/airflow/example_dags/example_branch_operator.py
[2024-11-25T02:16:22.149+0000] {processor.py:914} INFO - Processing file /home/airflow/.local/lib/python3.12/site-packages/airflow/example_dags/example_branch_operator.py for tasks to queue
[2024-11-25T02:16:22.153+0000] {logging_mixin.py:190} INFO - [2024-11-25T02:16:22.152+0000] {dagbag.py:588} INFO - Filling up the DagBag from /home/airflow/.local/lib/python3.12/site-packages/airflow/example_dags/example_branch_operator.py
[2024-11-25T02:16:22.185+0000] {processor.py:925} INFO - DAG(s) 'example_branch_operator' retrieved from /home/airflow/.local/lib/python3.12/site-packages/airflow/example_dags/example_branch_operator.py
[2024-11-25T02:16:22.221+0000] {logging_mixin.py:190} INFO - [2024-11-25T02:16:22.221+0000] {dag.py:3239} INFO - Sync 1 DAGs
[2024-11-25T02:16:22.249+0000] {logging_mixin.py:190} INFO - [2024-11-25T02:16:22.249+0000] {dag.py:4180} INFO - Setting next_dagrun for example_branch_operator to 2024-11-24 00:00:00+00:00, run_after=2024-11-25 00:00:00+00:00
[2024-11-25T02:16:22.271+0000] {processor.py:208} INFO - Processing /home/airflow/.local/lib/python3.12/site-packages/airflow/example_dags/example_branch_operator.py took 0.132 seconds
