[2024-11-25T01:55:23.300+0000] {processor.py:186} INFO - Started process (PID=103) to work on /home/airflow/.local/lib/python3.12/site-packages/airflow/example_dags/example_python_decorator.py
[2024-11-25T01:55:23.302+0000] {processor.py:914} INFO - Processing file /home/airflow/.local/lib/python3.12/site-packages/airflow/example_dags/example_python_decorator.py for tasks to queue
[2024-11-25T01:55:23.308+0000] {logging_mixin.py:190} INFO - [2024-11-25T01:55:23.307+0000] {dagbag.py:588} INFO - Filling up the DagBag from /home/airflow/.local/lib/python3.12/site-packages/airflow/example_dags/example_python_decorator.py
[2024-11-25T01:55:23.340+0000] {processor.py:925} INFO - DAG(s) 'example_python_decorator' retrieved from /home/airflow/.local/lib/python3.12/site-packages/airflow/example_dags/example_python_decorator.py
[2024-11-25T01:55:23.619+0000] {logging_mixin.py:190} INFO - [2024-11-25T01:55:23.614+0000] {dag.py:3239} INFO - Sync 1 DAGs
[2024-11-25T01:55:23.660+0000] {logging_mixin.py:190} INFO - [2024-11-25T01:55:23.659+0000] {dag.py:4180} INFO - Setting next_dagrun for example_python_decorator to None, run_after=None
[2024-11-25T01:55:23.711+0000] {processor.py:208} INFO - Processing /home/airflow/.local/lib/python3.12/site-packages/airflow/example_dags/example_python_decorator.py took 0.421 seconds
[2024-11-25T01:55:54.690+0000] {processor.py:186} INFO - Started process (PID=169) to work on /home/airflow/.local/lib/python3.12/site-packages/airflow/example_dags/example_python_decorator.py
[2024-11-25T01:55:54.691+0000] {processor.py:914} INFO - Processing file /home/airflow/.local/lib/python3.12/site-packages/airflow/example_dags/example_python_decorator.py for tasks to queue
[2024-11-25T01:55:54.694+0000] {logging_mixin.py:190} INFO - [2024-11-25T01:55:54.693+0000] {dagbag.py:588} INFO - Filling up the DagBag from /home/airflow/.local/lib/python3.12/site-packages/airflow/example_dags/example_python_decorator.py
[2024-11-25T01:55:54.710+0000] {processor.py:925} INFO - DAG(s) 'example_python_decorator' retrieved from /home/airflow/.local/lib/python3.12/site-packages/airflow/example_dags/example_python_decorator.py
[2024-11-25T01:55:54.734+0000] {logging_mixin.py:190} INFO - [2024-11-25T01:55:54.734+0000] {dag.py:3239} INFO - Sync 1 DAGs
[2024-11-25T01:55:54.749+0000] {logging_mixin.py:190} INFO - [2024-11-25T01:55:54.748+0000] {dag.py:4180} INFO - Setting next_dagrun for example_python_decorator to None, run_after=None
[2024-11-25T01:55:54.769+0000] {processor.py:208} INFO - Processing /home/airflow/.local/lib/python3.12/site-packages/airflow/example_dags/example_python_decorator.py took 0.085 seconds
[2024-11-25T01:56:25.078+0000] {processor.py:186} INFO - Started process (PID=233) to work on /home/airflow/.local/lib/python3.12/site-packages/airflow/example_dags/example_python_decorator.py
[2024-11-25T01:56:25.080+0000] {processor.py:914} INFO - Processing file /home/airflow/.local/lib/python3.12/site-packages/airflow/example_dags/example_python_decorator.py for tasks to queue
[2024-11-25T01:56:25.085+0000] {logging_mixin.py:190} INFO - [2024-11-25T01:56:25.084+0000] {dagbag.py:588} INFO - Filling up the DagBag from /home/airflow/.local/lib/python3.12/site-packages/airflow/example_dags/example_python_decorator.py
[2024-11-25T01:56:25.113+0000] {processor.py:925} INFO - DAG(s) 'example_python_decorator' retrieved from /home/airflow/.local/lib/python3.12/site-packages/airflow/example_dags/example_python_decorator.py
[2024-11-25T01:56:25.175+0000] {logging_mixin.py:190} INFO - [2024-11-25T01:56:25.175+0000] {dag.py:3239} INFO - Sync 1 DAGs
[2024-11-25T01:56:25.211+0000] {logging_mixin.py:190} INFO - [2024-11-25T01:56:25.210+0000] {dag.py:4180} INFO - Setting next_dagrun for example_python_decorator to None, run_after=None
[2024-11-25T01:56:25.259+0000] {processor.py:208} INFO - Processing /home/airflow/.local/lib/python3.12/site-packages/airflow/example_dags/example_python_decorator.py took 0.199 seconds
[2024-11-25T01:57:01.120+0000] {processor.py:186} INFO - Started process (PID=303) to work on /home/airflow/.local/lib/python3.12/site-packages/airflow/example_dags/example_python_decorator.py
[2024-11-25T01:57:01.123+0000] {processor.py:914} INFO - Processing file /home/airflow/.local/lib/python3.12/site-packages/airflow/example_dags/example_python_decorator.py for tasks to queue
[2024-11-25T01:57:01.135+0000] {logging_mixin.py:190} INFO - [2024-11-25T01:57:01.126+0000] {dagbag.py:588} INFO - Filling up the DagBag from /home/airflow/.local/lib/python3.12/site-packages/airflow/example_dags/example_python_decorator.py
[2024-11-25T01:57:01.193+0000] {processor.py:925} INFO - DAG(s) 'example_python_decorator' retrieved from /home/airflow/.local/lib/python3.12/site-packages/airflow/example_dags/example_python_decorator.py
[2024-11-25T01:57:01.292+0000] {logging_mixin.py:190} INFO - [2024-11-25T01:57:01.281+0000] {dag.py:3239} INFO - Sync 1 DAGs
[2024-11-25T01:57:01.363+0000] {logging_mixin.py:190} INFO - [2024-11-25T01:57:01.362+0000] {dag.py:4180} INFO - Setting next_dagrun for example_python_decorator to None, run_after=None
[2024-11-25T01:57:01.450+0000] {processor.py:208} INFO - Processing /home/airflow/.local/lib/python3.12/site-packages/airflow/example_dags/example_python_decorator.py took 0.350 seconds
[2024-11-25T01:57:32.374+0000] {processor.py:186} INFO - Started process (PID=367) to work on /home/airflow/.local/lib/python3.12/site-packages/airflow/example_dags/example_python_decorator.py
[2024-11-25T01:57:32.375+0000] {processor.py:914} INFO - Processing file /home/airflow/.local/lib/python3.12/site-packages/airflow/example_dags/example_python_decorator.py for tasks to queue
[2024-11-25T01:57:32.377+0000] {logging_mixin.py:190} INFO - [2024-11-25T01:57:32.377+0000] {dagbag.py:588} INFO - Filling up the DagBag from /home/airflow/.local/lib/python3.12/site-packages/airflow/example_dags/example_python_decorator.py
[2024-11-25T01:57:32.390+0000] {processor.py:925} INFO - DAG(s) 'example_python_decorator' retrieved from /home/airflow/.local/lib/python3.12/site-packages/airflow/example_dags/example_python_decorator.py
[2024-11-25T01:57:32.413+0000] {logging_mixin.py:190} INFO - [2024-11-25T01:57:32.412+0000] {dag.py:3239} INFO - Sync 1 DAGs
[2024-11-25T01:57:32.428+0000] {logging_mixin.py:190} INFO - [2024-11-25T01:57:32.428+0000] {dag.py:4180} INFO - Setting next_dagrun for example_python_decorator to None, run_after=None
[2024-11-25T01:57:32.446+0000] {processor.py:208} INFO - Processing /home/airflow/.local/lib/python3.12/site-packages/airflow/example_dags/example_python_decorator.py took 0.078 seconds
[2024-11-25T01:58:02.929+0000] {processor.py:186} INFO - Started process (PID=431) to work on /home/airflow/.local/lib/python3.12/site-packages/airflow/example_dags/example_python_decorator.py
[2024-11-25T01:58:02.930+0000] {processor.py:914} INFO - Processing file /home/airflow/.local/lib/python3.12/site-packages/airflow/example_dags/example_python_decorator.py for tasks to queue
[2024-11-25T01:58:02.932+0000] {logging_mixin.py:190} INFO - [2024-11-25T01:58:02.932+0000] {dagbag.py:588} INFO - Filling up the DagBag from /home/airflow/.local/lib/python3.12/site-packages/airflow/example_dags/example_python_decorator.py
[2024-11-25T01:58:02.946+0000] {processor.py:925} INFO - DAG(s) 'example_python_decorator' retrieved from /home/airflow/.local/lib/python3.12/site-packages/airflow/example_dags/example_python_decorator.py
[2024-11-25T01:58:02.967+0000] {logging_mixin.py:190} INFO - [2024-11-25T01:58:02.966+0000] {dag.py:3239} INFO - Sync 1 DAGs
[2024-11-25T01:58:02.982+0000] {logging_mixin.py:190} INFO - [2024-11-25T01:58:02.982+0000] {dag.py:4180} INFO - Setting next_dagrun for example_python_decorator to None, run_after=None
[2024-11-25T01:58:03.004+0000] {processor.py:208} INFO - Processing /home/airflow/.local/lib/python3.12/site-packages/airflow/example_dags/example_python_decorator.py took 0.080 seconds
[2024-11-25T01:58:33.184+0000] {processor.py:186} INFO - Started process (PID=495) to work on /home/airflow/.local/lib/python3.12/site-packages/airflow/example_dags/example_python_decorator.py
[2024-11-25T01:58:33.185+0000] {processor.py:914} INFO - Processing file /home/airflow/.local/lib/python3.12/site-packages/airflow/example_dags/example_python_decorator.py for tasks to queue
[2024-11-25T01:58:33.187+0000] {logging_mixin.py:190} INFO - [2024-11-25T01:58:33.187+0000] {dagbag.py:588} INFO - Filling up the DagBag from /home/airflow/.local/lib/python3.12/site-packages/airflow/example_dags/example_python_decorator.py
[2024-11-25T01:58:33.202+0000] {processor.py:925} INFO - DAG(s) 'example_python_decorator' retrieved from /home/airflow/.local/lib/python3.12/site-packages/airflow/example_dags/example_python_decorator.py
[2024-11-25T01:58:33.224+0000] {logging_mixin.py:190} INFO - [2024-11-25T01:58:33.224+0000] {dag.py:3239} INFO - Sync 1 DAGs
[2024-11-25T01:58:33.240+0000] {logging_mixin.py:190} INFO - [2024-11-25T01:58:33.240+0000] {dag.py:4180} INFO - Setting next_dagrun for example_python_decorator to None, run_after=None
[2024-11-25T01:58:33.260+0000] {processor.py:208} INFO - Processing /home/airflow/.local/lib/python3.12/site-packages/airflow/example_dags/example_python_decorator.py took 0.081 seconds
[2024-11-25T01:59:03.664+0000] {processor.py:186} INFO - Started process (PID=559) to work on /home/airflow/.local/lib/python3.12/site-packages/airflow/example_dags/example_python_decorator.py
[2024-11-25T01:59:03.666+0000] {processor.py:914} INFO - Processing file /home/airflow/.local/lib/python3.12/site-packages/airflow/example_dags/example_python_decorator.py for tasks to queue
[2024-11-25T01:59:03.668+0000] {logging_mixin.py:190} INFO - [2024-11-25T01:59:03.668+0000] {dagbag.py:588} INFO - Filling up the DagBag from /home/airflow/.local/lib/python3.12/site-packages/airflow/example_dags/example_python_decorator.py
[2024-11-25T01:59:03.684+0000] {processor.py:925} INFO - DAG(s) 'example_python_decorator' retrieved from /home/airflow/.local/lib/python3.12/site-packages/airflow/example_dags/example_python_decorator.py
[2024-11-25T01:59:03.710+0000] {logging_mixin.py:190} INFO - [2024-11-25T01:59:03.710+0000] {dag.py:3239} INFO - Sync 1 DAGs
[2024-11-25T01:59:03.728+0000] {logging_mixin.py:190} INFO - [2024-11-25T01:59:03.727+0000] {dag.py:4180} INFO - Setting next_dagrun for example_python_decorator to None, run_after=None
[2024-11-25T01:59:03.746+0000] {processor.py:208} INFO - Processing /home/airflow/.local/lib/python3.12/site-packages/airflow/example_dags/example_python_decorator.py took 0.087 seconds
[2024-11-25T01:59:34.680+0000] {processor.py:186} INFO - Started process (PID=623) to work on /home/airflow/.local/lib/python3.12/site-packages/airflow/example_dags/example_python_decorator.py
[2024-11-25T01:59:34.681+0000] {processor.py:914} INFO - Processing file /home/airflow/.local/lib/python3.12/site-packages/airflow/example_dags/example_python_decorator.py for tasks to queue
[2024-11-25T01:59:34.684+0000] {logging_mixin.py:190} INFO - [2024-11-25T01:59:34.683+0000] {dagbag.py:588} INFO - Filling up the DagBag from /home/airflow/.local/lib/python3.12/site-packages/airflow/example_dags/example_python_decorator.py
[2024-11-25T01:59:34.699+0000] {processor.py:925} INFO - DAG(s) 'example_python_decorator' retrieved from /home/airflow/.local/lib/python3.12/site-packages/airflow/example_dags/example_python_decorator.py
[2024-11-25T01:59:34.727+0000] {logging_mixin.py:190} INFO - [2024-11-25T01:59:34.726+0000] {dag.py:3239} INFO - Sync 1 DAGs
[2024-11-25T01:59:34.749+0000] {logging_mixin.py:190} INFO - [2024-11-25T01:59:34.749+0000] {dag.py:4180} INFO - Setting next_dagrun for example_python_decorator to None, run_after=None
[2024-11-25T01:59:34.780+0000] {processor.py:208} INFO - Processing /home/airflow/.local/lib/python3.12/site-packages/airflow/example_dags/example_python_decorator.py took 0.106 seconds
[2024-11-25T02:00:05.036+0000] {processor.py:186} INFO - Started process (PID=686) to work on /home/airflow/.local/lib/python3.12/site-packages/airflow/example_dags/example_python_decorator.py
[2024-11-25T02:00:05.037+0000] {processor.py:914} INFO - Processing file /home/airflow/.local/lib/python3.12/site-packages/airflow/example_dags/example_python_decorator.py for tasks to queue
[2024-11-25T02:00:05.040+0000] {logging_mixin.py:190} INFO - [2024-11-25T02:00:05.039+0000] {dagbag.py:588} INFO - Filling up the DagBag from /home/airflow/.local/lib/python3.12/site-packages/airflow/example_dags/example_python_decorator.py
[2024-11-25T02:00:05.058+0000] {processor.py:925} INFO - DAG(s) 'example_python_decorator' retrieved from /home/airflow/.local/lib/python3.12/site-packages/airflow/example_dags/example_python_decorator.py
[2024-11-25T02:00:05.079+0000] {logging_mixin.py:190} INFO - [2024-11-25T02:00:05.078+0000] {dag.py:3239} INFO - Sync 1 DAGs
[2024-11-25T02:00:05.097+0000] {logging_mixin.py:190} INFO - [2024-11-25T02:00:05.097+0000] {dag.py:4180} INFO - Setting next_dagrun for example_python_decorator to None, run_after=None
[2024-11-25T02:00:05.119+0000] {processor.py:208} INFO - Processing /home/airflow/.local/lib/python3.12/site-packages/airflow/example_dags/example_python_decorator.py took 0.090 seconds
[2024-11-25T02:00:35.553+0000] {processor.py:186} INFO - Started process (PID=754) to work on /home/airflow/.local/lib/python3.12/site-packages/airflow/example_dags/example_python_decorator.py
[2024-11-25T02:00:35.554+0000] {processor.py:914} INFO - Processing file /home/airflow/.local/lib/python3.12/site-packages/airflow/example_dags/example_python_decorator.py for tasks to queue
[2024-11-25T02:00:35.556+0000] {logging_mixin.py:190} INFO - [2024-11-25T02:00:35.556+0000] {dagbag.py:588} INFO - Filling up the DagBag from /home/airflow/.local/lib/python3.12/site-packages/airflow/example_dags/example_python_decorator.py
[2024-11-25T02:00:35.569+0000] {processor.py:925} INFO - DAG(s) 'example_python_decorator' retrieved from /home/airflow/.local/lib/python3.12/site-packages/airflow/example_dags/example_python_decorator.py
[2024-11-25T02:00:35.589+0000] {logging_mixin.py:190} INFO - [2024-11-25T02:00:35.589+0000] {dag.py:3239} INFO - Sync 1 DAGs
[2024-11-25T02:00:35.603+0000] {logging_mixin.py:190} INFO - [2024-11-25T02:00:35.603+0000] {dag.py:4180} INFO - Setting next_dagrun for example_python_decorator to None, run_after=None
[2024-11-25T02:00:35.620+0000] {processor.py:208} INFO - Processing /home/airflow/.local/lib/python3.12/site-packages/airflow/example_dags/example_python_decorator.py took 0.073 seconds
[2024-11-25T02:01:06.164+0000] {processor.py:186} INFO - Started process (PID=818) to work on /home/airflow/.local/lib/python3.12/site-packages/airflow/example_dags/example_python_decorator.py
[2024-11-25T02:01:06.165+0000] {processor.py:914} INFO - Processing file /home/airflow/.local/lib/python3.12/site-packages/airflow/example_dags/example_python_decorator.py for tasks to queue
[2024-11-25T02:01:06.167+0000] {logging_mixin.py:190} INFO - [2024-11-25T02:01:06.167+0000] {dagbag.py:588} INFO - Filling up the DagBag from /home/airflow/.local/lib/python3.12/site-packages/airflow/example_dags/example_python_decorator.py
[2024-11-25T02:01:06.181+0000] {processor.py:925} INFO - DAG(s) 'example_python_decorator' retrieved from /home/airflow/.local/lib/python3.12/site-packages/airflow/example_dags/example_python_decorator.py
[2024-11-25T02:01:06.202+0000] {logging_mixin.py:190} INFO - [2024-11-25T02:01:06.201+0000] {dag.py:3239} INFO - Sync 1 DAGs
[2024-11-25T02:01:06.215+0000] {logging_mixin.py:190} INFO - [2024-11-25T02:01:06.215+0000] {dag.py:4180} INFO - Setting next_dagrun for example_python_decorator to None, run_after=None
[2024-11-25T02:01:06.235+0000] {processor.py:208} INFO - Processing /home/airflow/.local/lib/python3.12/site-packages/airflow/example_dags/example_python_decorator.py took 0.077 seconds
[2024-11-25T02:01:36.573+0000] {processor.py:186} INFO - Started process (PID=882) to work on /home/airflow/.local/lib/python3.12/site-packages/airflow/example_dags/example_python_decorator.py
[2024-11-25T02:01:36.574+0000] {processor.py:914} INFO - Processing file /home/airflow/.local/lib/python3.12/site-packages/airflow/example_dags/example_python_decorator.py for tasks to queue
[2024-11-25T02:01:36.576+0000] {logging_mixin.py:190} INFO - [2024-11-25T02:01:36.575+0000] {dagbag.py:588} INFO - Filling up the DagBag from /home/airflow/.local/lib/python3.12/site-packages/airflow/example_dags/example_python_decorator.py
[2024-11-25T02:01:36.589+0000] {processor.py:925} INFO - DAG(s) 'example_python_decorator' retrieved from /home/airflow/.local/lib/python3.12/site-packages/airflow/example_dags/example_python_decorator.py
[2024-11-25T02:01:36.609+0000] {logging_mixin.py:190} INFO - [2024-11-25T02:01:36.609+0000] {dag.py:3239} INFO - Sync 1 DAGs
[2024-11-25T02:01:36.625+0000] {logging_mixin.py:190} INFO - [2024-11-25T02:01:36.625+0000] {dag.py:4180} INFO - Setting next_dagrun for example_python_decorator to None, run_after=None
[2024-11-25T02:01:36.642+0000] {processor.py:208} INFO - Processing /home/airflow/.local/lib/python3.12/site-packages/airflow/example_dags/example_python_decorator.py took 0.075 seconds
[2024-11-25T02:02:07.010+0000] {processor.py:186} INFO - Started process (PID=946) to work on /home/airflow/.local/lib/python3.12/site-packages/airflow/example_dags/example_python_decorator.py
[2024-11-25T02:02:07.011+0000] {processor.py:914} INFO - Processing file /home/airflow/.local/lib/python3.12/site-packages/airflow/example_dags/example_python_decorator.py for tasks to queue
[2024-11-25T02:02:07.015+0000] {logging_mixin.py:190} INFO - [2024-11-25T02:02:07.014+0000] {dagbag.py:588} INFO - Filling up the DagBag from /home/airflow/.local/lib/python3.12/site-packages/airflow/example_dags/example_python_decorator.py
[2024-11-25T02:02:07.035+0000] {processor.py:925} INFO - DAG(s) 'example_python_decorator' retrieved from /home/airflow/.local/lib/python3.12/site-packages/airflow/example_dags/example_python_decorator.py
[2024-11-25T02:02:07.068+0000] {logging_mixin.py:190} INFO - [2024-11-25T02:02:07.068+0000] {dag.py:3239} INFO - Sync 1 DAGs
[2024-11-25T02:02:07.090+0000] {logging_mixin.py:190} INFO - [2024-11-25T02:02:07.089+0000] {dag.py:4180} INFO - Setting next_dagrun for example_python_decorator to None, run_after=None
[2024-11-25T02:02:07.119+0000] {processor.py:208} INFO - Processing /home/airflow/.local/lib/python3.12/site-packages/airflow/example_dags/example_python_decorator.py took 0.118 seconds
[2024-11-25T02:02:37.246+0000] {processor.py:186} INFO - Started process (PID=1010) to work on /home/airflow/.local/lib/python3.12/site-packages/airflow/example_dags/example_python_decorator.py
[2024-11-25T02:02:37.247+0000] {processor.py:914} INFO - Processing file /home/airflow/.local/lib/python3.12/site-packages/airflow/example_dags/example_python_decorator.py for tasks to queue
[2024-11-25T02:02:37.249+0000] {logging_mixin.py:190} INFO - [2024-11-25T02:02:37.249+0000] {dagbag.py:588} INFO - Filling up the DagBag from /home/airflow/.local/lib/python3.12/site-packages/airflow/example_dags/example_python_decorator.py
[2024-11-25T02:02:37.263+0000] {processor.py:925} INFO - DAG(s) 'example_python_decorator' retrieved from /home/airflow/.local/lib/python3.12/site-packages/airflow/example_dags/example_python_decorator.py
[2024-11-25T02:02:37.288+0000] {logging_mixin.py:190} INFO - [2024-11-25T02:02:37.288+0000] {dag.py:3239} INFO - Sync 1 DAGs
[2024-11-25T02:02:37.314+0000] {logging_mixin.py:190} INFO - [2024-11-25T02:02:37.314+0000] {dag.py:4180} INFO - Setting next_dagrun for example_python_decorator to None, run_after=None
[2024-11-25T02:02:37.345+0000] {processor.py:208} INFO - Processing /home/airflow/.local/lib/python3.12/site-packages/airflow/example_dags/example_python_decorator.py took 0.104 seconds
[2024-11-25T02:03:07.942+0000] {processor.py:186} INFO - Started process (PID=1075) to work on /home/airflow/.local/lib/python3.12/site-packages/airflow/example_dags/example_python_decorator.py
[2024-11-25T02:03:07.943+0000] {processor.py:914} INFO - Processing file /home/airflow/.local/lib/python3.12/site-packages/airflow/example_dags/example_python_decorator.py for tasks to queue
[2024-11-25T02:03:07.945+0000] {logging_mixin.py:190} INFO - [2024-11-25T02:03:07.945+0000] {dagbag.py:588} INFO - Filling up the DagBag from /home/airflow/.local/lib/python3.12/site-packages/airflow/example_dags/example_python_decorator.py
[2024-11-25T02:03:07.960+0000] {processor.py:925} INFO - DAG(s) 'example_python_decorator' retrieved from /home/airflow/.local/lib/python3.12/site-packages/airflow/example_dags/example_python_decorator.py
[2024-11-25T02:03:07.980+0000] {logging_mixin.py:190} INFO - [2024-11-25T02:03:07.980+0000] {dag.py:3239} INFO - Sync 1 DAGs
[2024-11-25T02:03:07.994+0000] {logging_mixin.py:190} INFO - [2024-11-25T02:03:07.993+0000] {dag.py:4180} INFO - Setting next_dagrun for example_python_decorator to None, run_after=None
[2024-11-25T02:03:08.011+0000] {processor.py:208} INFO - Processing /home/airflow/.local/lib/python3.12/site-packages/airflow/example_dags/example_python_decorator.py took 0.074 seconds
[2024-11-25T02:03:38.224+0000] {processor.py:186} INFO - Started process (PID=1139) to work on /home/airflow/.local/lib/python3.12/site-packages/airflow/example_dags/example_python_decorator.py
[2024-11-25T02:03:38.225+0000] {processor.py:914} INFO - Processing file /home/airflow/.local/lib/python3.12/site-packages/airflow/example_dags/example_python_decorator.py for tasks to queue
[2024-11-25T02:03:38.227+0000] {logging_mixin.py:190} INFO - [2024-11-25T02:03:38.227+0000] {dagbag.py:588} INFO - Filling up the DagBag from /home/airflow/.local/lib/python3.12/site-packages/airflow/example_dags/example_python_decorator.py
[2024-11-25T02:03:38.243+0000] {processor.py:925} INFO - DAG(s) 'example_python_decorator' retrieved from /home/airflow/.local/lib/python3.12/site-packages/airflow/example_dags/example_python_decorator.py
[2024-11-25T02:03:38.266+0000] {logging_mixin.py:190} INFO - [2024-11-25T02:03:38.265+0000] {dag.py:3239} INFO - Sync 1 DAGs
[2024-11-25T02:03:38.281+0000] {logging_mixin.py:190} INFO - [2024-11-25T02:03:38.281+0000] {dag.py:4180} INFO - Setting next_dagrun for example_python_decorator to None, run_after=None
[2024-11-25T02:03:38.305+0000] {processor.py:208} INFO - Processing /home/airflow/.local/lib/python3.12/site-packages/airflow/example_dags/example_python_decorator.py took 0.086 seconds
[2024-11-25T02:04:08.882+0000] {processor.py:186} INFO - Started process (PID=1203) to work on /home/airflow/.local/lib/python3.12/site-packages/airflow/example_dags/example_python_decorator.py
[2024-11-25T02:04:08.883+0000] {processor.py:914} INFO - Processing file /home/airflow/.local/lib/python3.12/site-packages/airflow/example_dags/example_python_decorator.py for tasks to queue
[2024-11-25T02:04:08.886+0000] {logging_mixin.py:190} INFO - [2024-11-25T02:04:08.885+0000] {dagbag.py:588} INFO - Filling up the DagBag from /home/airflow/.local/lib/python3.12/site-packages/airflow/example_dags/example_python_decorator.py
[2024-11-25T02:04:08.900+0000] {processor.py:925} INFO - DAG(s) 'example_python_decorator' retrieved from /home/airflow/.local/lib/python3.12/site-packages/airflow/example_dags/example_python_decorator.py
[2024-11-25T02:04:08.923+0000] {logging_mixin.py:190} INFO - [2024-11-25T02:04:08.923+0000] {dag.py:3239} INFO - Sync 1 DAGs
[2024-11-25T02:04:08.940+0000] {logging_mixin.py:190} INFO - [2024-11-25T02:04:08.939+0000] {dag.py:4180} INFO - Setting next_dagrun for example_python_decorator to None, run_after=None
[2024-11-25T02:04:08.962+0000] {processor.py:208} INFO - Processing /home/airflow/.local/lib/python3.12/site-packages/airflow/example_dags/example_python_decorator.py took 0.086 seconds
[2024-11-25T02:04:39.211+0000] {processor.py:186} INFO - Started process (PID=1267) to work on /home/airflow/.local/lib/python3.12/site-packages/airflow/example_dags/example_python_decorator.py
[2024-11-25T02:04:39.212+0000] {processor.py:914} INFO - Processing file /home/airflow/.local/lib/python3.12/site-packages/airflow/example_dags/example_python_decorator.py for tasks to queue
[2024-11-25T02:04:39.215+0000] {logging_mixin.py:190} INFO - [2024-11-25T02:04:39.215+0000] {dagbag.py:588} INFO - Filling up the DagBag from /home/airflow/.local/lib/python3.12/site-packages/airflow/example_dags/example_python_decorator.py
[2024-11-25T02:04:39.235+0000] {processor.py:925} INFO - DAG(s) 'example_python_decorator' retrieved from /home/airflow/.local/lib/python3.12/site-packages/airflow/example_dags/example_python_decorator.py
[2024-11-25T02:04:39.259+0000] {logging_mixin.py:190} INFO - [2024-11-25T02:04:39.259+0000] {dag.py:3239} INFO - Sync 1 DAGs
[2024-11-25T02:04:39.275+0000] {logging_mixin.py:190} INFO - [2024-11-25T02:04:39.275+0000] {dag.py:4180} INFO - Setting next_dagrun for example_python_decorator to None, run_after=None
[2024-11-25T02:04:39.293+0000] {processor.py:208} INFO - Processing /home/airflow/.local/lib/python3.12/site-packages/airflow/example_dags/example_python_decorator.py took 0.091 seconds
[2024-11-25T02:05:09.337+0000] {processor.py:186} INFO - Started process (PID=1331) to work on /home/airflow/.local/lib/python3.12/site-packages/airflow/example_dags/example_python_decorator.py
[2024-11-25T02:05:09.338+0000] {processor.py:914} INFO - Processing file /home/airflow/.local/lib/python3.12/site-packages/airflow/example_dags/example_python_decorator.py for tasks to queue
[2024-11-25T02:05:09.340+0000] {logging_mixin.py:190} INFO - [2024-11-25T02:05:09.340+0000] {dagbag.py:588} INFO - Filling up the DagBag from /home/airflow/.local/lib/python3.12/site-packages/airflow/example_dags/example_python_decorator.py
[2024-11-25T02:05:09.354+0000] {processor.py:925} INFO - DAG(s) 'example_python_decorator' retrieved from /home/airflow/.local/lib/python3.12/site-packages/airflow/example_dags/example_python_decorator.py
[2024-11-25T02:05:09.375+0000] {logging_mixin.py:190} INFO - [2024-11-25T02:05:09.374+0000] {dag.py:3239} INFO - Sync 1 DAGs
[2024-11-25T02:05:09.389+0000] {logging_mixin.py:190} INFO - [2024-11-25T02:05:09.389+0000] {dag.py:4180} INFO - Setting next_dagrun for example_python_decorator to None, run_after=None
[2024-11-25T02:05:09.407+0000] {processor.py:208} INFO - Processing /home/airflow/.local/lib/python3.12/site-packages/airflow/example_dags/example_python_decorator.py took 0.076 seconds
[2024-11-25T02:05:40.254+0000] {processor.py:186} INFO - Started process (PID=1395) to work on /home/airflow/.local/lib/python3.12/site-packages/airflow/example_dags/example_python_decorator.py
[2024-11-25T02:05:40.256+0000] {processor.py:914} INFO - Processing file /home/airflow/.local/lib/python3.12/site-packages/airflow/example_dags/example_python_decorator.py for tasks to queue
[2024-11-25T02:05:40.258+0000] {logging_mixin.py:190} INFO - [2024-11-25T02:05:40.258+0000] {dagbag.py:588} INFO - Filling up the DagBag from /home/airflow/.local/lib/python3.12/site-packages/airflow/example_dags/example_python_decorator.py
[2024-11-25T02:05:40.275+0000] {processor.py:925} INFO - DAG(s) 'example_python_decorator' retrieved from /home/airflow/.local/lib/python3.12/site-packages/airflow/example_dags/example_python_decorator.py
[2024-11-25T02:05:40.301+0000] {logging_mixin.py:190} INFO - [2024-11-25T02:05:40.300+0000] {dag.py:3239} INFO - Sync 1 DAGs
[2024-11-25T02:05:40.319+0000] {logging_mixin.py:190} INFO - [2024-11-25T02:05:40.319+0000] {dag.py:4180} INFO - Setting next_dagrun for example_python_decorator to None, run_after=None
[2024-11-25T02:05:40.344+0000] {processor.py:208} INFO - Processing /home/airflow/.local/lib/python3.12/site-packages/airflow/example_dags/example_python_decorator.py took 0.095 seconds
[2024-11-25T02:06:10.392+0000] {processor.py:186} INFO - Started process (PID=1459) to work on /home/airflow/.local/lib/python3.12/site-packages/airflow/example_dags/example_python_decorator.py
[2024-11-25T02:06:10.393+0000] {processor.py:914} INFO - Processing file /home/airflow/.local/lib/python3.12/site-packages/airflow/example_dags/example_python_decorator.py for tasks to queue
[2024-11-25T02:06:10.395+0000] {logging_mixin.py:190} INFO - [2024-11-25T02:06:10.395+0000] {dagbag.py:588} INFO - Filling up the DagBag from /home/airflow/.local/lib/python3.12/site-packages/airflow/example_dags/example_python_decorator.py
[2024-11-25T02:06:10.408+0000] {processor.py:925} INFO - DAG(s) 'example_python_decorator' retrieved from /home/airflow/.local/lib/python3.12/site-packages/airflow/example_dags/example_python_decorator.py
[2024-11-25T02:06:10.428+0000] {logging_mixin.py:190} INFO - [2024-11-25T02:06:10.428+0000] {dag.py:3239} INFO - Sync 1 DAGs
[2024-11-25T02:06:10.441+0000] {logging_mixin.py:190} INFO - [2024-11-25T02:06:10.441+0000] {dag.py:4180} INFO - Setting next_dagrun for example_python_decorator to None, run_after=None
[2024-11-25T02:06:10.458+0000] {processor.py:208} INFO - Processing /home/airflow/.local/lib/python3.12/site-packages/airflow/example_dags/example_python_decorator.py took 0.071 seconds
[2024-11-25T02:06:41.108+0000] {processor.py:186} INFO - Started process (PID=1524) to work on /home/airflow/.local/lib/python3.12/site-packages/airflow/example_dags/example_python_decorator.py
[2024-11-25T02:06:41.110+0000] {processor.py:914} INFO - Processing file /home/airflow/.local/lib/python3.12/site-packages/airflow/example_dags/example_python_decorator.py for tasks to queue
[2024-11-25T02:06:41.112+0000] {logging_mixin.py:190} INFO - [2024-11-25T02:06:41.112+0000] {dagbag.py:588} INFO - Filling up the DagBag from /home/airflow/.local/lib/python3.12/site-packages/airflow/example_dags/example_python_decorator.py
[2024-11-25T02:06:41.129+0000] {processor.py:925} INFO - DAG(s) 'example_python_decorator' retrieved from /home/airflow/.local/lib/python3.12/site-packages/airflow/example_dags/example_python_decorator.py
[2024-11-25T02:06:41.156+0000] {logging_mixin.py:190} INFO - [2024-11-25T02:06:41.155+0000] {dag.py:3239} INFO - Sync 1 DAGs
[2024-11-25T02:06:41.175+0000] {logging_mixin.py:190} INFO - [2024-11-25T02:06:41.175+0000] {dag.py:4180} INFO - Setting next_dagrun for example_python_decorator to None, run_after=None
[2024-11-25T02:06:41.203+0000] {processor.py:208} INFO - Processing /home/airflow/.local/lib/python3.12/site-packages/airflow/example_dags/example_python_decorator.py took 0.102 seconds
[2024-11-25T02:07:11.925+0000] {processor.py:186} INFO - Started process (PID=1588) to work on /home/airflow/.local/lib/python3.12/site-packages/airflow/example_dags/example_python_decorator.py
[2024-11-25T02:07:11.926+0000] {processor.py:914} INFO - Processing file /home/airflow/.local/lib/python3.12/site-packages/airflow/example_dags/example_python_decorator.py for tasks to queue
[2024-11-25T02:07:11.929+0000] {logging_mixin.py:190} INFO - [2024-11-25T02:07:11.928+0000] {dagbag.py:588} INFO - Filling up the DagBag from /home/airflow/.local/lib/python3.12/site-packages/airflow/example_dags/example_python_decorator.py
[2024-11-25T02:07:11.946+0000] {processor.py:925} INFO - DAG(s) 'example_python_decorator' retrieved from /home/airflow/.local/lib/python3.12/site-packages/airflow/example_dags/example_python_decorator.py
[2024-11-25T02:07:11.975+0000] {logging_mixin.py:190} INFO - [2024-11-25T02:07:11.975+0000] {dag.py:3239} INFO - Sync 1 DAGs
[2024-11-25T02:07:11.994+0000] {logging_mixin.py:190} INFO - [2024-11-25T02:07:11.993+0000] {dag.py:4180} INFO - Setting next_dagrun for example_python_decorator to None, run_after=None
[2024-11-25T02:07:12.015+0000] {processor.py:208} INFO - Processing /home/airflow/.local/lib/python3.12/site-packages/airflow/example_dags/example_python_decorator.py took 0.097 seconds
[2024-11-25T02:07:42.085+0000] {processor.py:186} INFO - Started process (PID=1652) to work on /home/airflow/.local/lib/python3.12/site-packages/airflow/example_dags/example_python_decorator.py
[2024-11-25T02:07:42.086+0000] {processor.py:914} INFO - Processing file /home/airflow/.local/lib/python3.12/site-packages/airflow/example_dags/example_python_decorator.py for tasks to queue
[2024-11-25T02:07:42.088+0000] {logging_mixin.py:190} INFO - [2024-11-25T02:07:42.088+0000] {dagbag.py:588} INFO - Filling up the DagBag from /home/airflow/.local/lib/python3.12/site-packages/airflow/example_dags/example_python_decorator.py
[2024-11-25T02:07:42.105+0000] {processor.py:925} INFO - DAG(s) 'example_python_decorator' retrieved from /home/airflow/.local/lib/python3.12/site-packages/airflow/example_dags/example_python_decorator.py
[2024-11-25T02:07:42.126+0000] {logging_mixin.py:190} INFO - [2024-11-25T02:07:42.126+0000] {dag.py:3239} INFO - Sync 1 DAGs
[2024-11-25T02:07:42.141+0000] {logging_mixin.py:190} INFO - [2024-11-25T02:07:42.140+0000] {dag.py:4180} INFO - Setting next_dagrun for example_python_decorator to None, run_after=None
[2024-11-25T02:07:42.162+0000] {processor.py:208} INFO - Processing /home/airflow/.local/lib/python3.12/site-packages/airflow/example_dags/example_python_decorator.py took 0.082 seconds
[2024-11-25T02:08:12.935+0000] {processor.py:186} INFO - Started process (PID=1716) to work on /home/airflow/.local/lib/python3.12/site-packages/airflow/example_dags/example_python_decorator.py
[2024-11-25T02:08:12.936+0000] {processor.py:914} INFO - Processing file /home/airflow/.local/lib/python3.12/site-packages/airflow/example_dags/example_python_decorator.py for tasks to queue
[2024-11-25T02:08:12.938+0000] {logging_mixin.py:190} INFO - [2024-11-25T02:08:12.938+0000] {dagbag.py:588} INFO - Filling up the DagBag from /home/airflow/.local/lib/python3.12/site-packages/airflow/example_dags/example_python_decorator.py
[2024-11-25T02:08:12.952+0000] {processor.py:925} INFO - DAG(s) 'example_python_decorator' retrieved from /home/airflow/.local/lib/python3.12/site-packages/airflow/example_dags/example_python_decorator.py
[2024-11-25T02:08:12.972+0000] {logging_mixin.py:190} INFO - [2024-11-25T02:08:12.972+0000] {dag.py:3239} INFO - Sync 1 DAGs
[2024-11-25T02:08:12.989+0000] {logging_mixin.py:190} INFO - [2024-11-25T02:08:12.989+0000] {dag.py:4180} INFO - Setting next_dagrun for example_python_decorator to None, run_after=None
[2024-11-25T02:08:13.012+0000] {processor.py:208} INFO - Processing /home/airflow/.local/lib/python3.12/site-packages/airflow/example_dags/example_python_decorator.py took 0.082 seconds
[2024-11-25T02:08:44.184+0000] {processor.py:186} INFO - Started process (PID=1780) to work on /home/airflow/.local/lib/python3.12/site-packages/airflow/example_dags/example_python_decorator.py
[2024-11-25T02:08:44.187+0000] {processor.py:914} INFO - Processing file /home/airflow/.local/lib/python3.12/site-packages/airflow/example_dags/example_python_decorator.py for tasks to queue
[2024-11-25T02:08:44.200+0000] {logging_mixin.py:190} INFO - [2024-11-25T02:08:44.195+0000] {dagbag.py:588} INFO - Filling up the DagBag from /home/airflow/.local/lib/python3.12/site-packages/airflow/example_dags/example_python_decorator.py
[2024-11-25T02:08:44.263+0000] {processor.py:925} INFO - DAG(s) 'example_python_decorator' retrieved from /home/airflow/.local/lib/python3.12/site-packages/airflow/example_dags/example_python_decorator.py
[2024-11-25T02:08:44.334+0000] {logging_mixin.py:190} INFO - [2024-11-25T02:08:44.334+0000] {dag.py:3239} INFO - Sync 1 DAGs
[2024-11-25T02:08:44.403+0000] {logging_mixin.py:190} INFO - [2024-11-25T02:08:44.400+0000] {dag.py:4180} INFO - Setting next_dagrun for example_python_decorator to None, run_after=None
[2024-11-25T02:08:44.443+0000] {processor.py:208} INFO - Processing /home/airflow/.local/lib/python3.12/site-packages/airflow/example_dags/example_python_decorator.py took 0.300 seconds
[2024-11-25T02:09:15.054+0000] {processor.py:186} INFO - Started process (PID=1844) to work on /home/airflow/.local/lib/python3.12/site-packages/airflow/example_dags/example_python_decorator.py
[2024-11-25T02:09:15.055+0000] {processor.py:914} INFO - Processing file /home/airflow/.local/lib/python3.12/site-packages/airflow/example_dags/example_python_decorator.py for tasks to queue
[2024-11-25T02:09:15.056+0000] {logging_mixin.py:190} INFO - [2024-11-25T02:09:15.056+0000] {dagbag.py:588} INFO - Filling up the DagBag from /home/airflow/.local/lib/python3.12/site-packages/airflow/example_dags/example_python_decorator.py
[2024-11-25T02:09:15.070+0000] {processor.py:925} INFO - DAG(s) 'example_python_decorator' retrieved from /home/airflow/.local/lib/python3.12/site-packages/airflow/example_dags/example_python_decorator.py
[2024-11-25T02:09:15.090+0000] {logging_mixin.py:190} INFO - [2024-11-25T02:09:15.090+0000] {dag.py:3239} INFO - Sync 1 DAGs
[2024-11-25T02:09:15.104+0000] {logging_mixin.py:190} INFO - [2024-11-25T02:09:15.104+0000] {dag.py:4180} INFO - Setting next_dagrun for example_python_decorator to None, run_after=None
[2024-11-25T02:09:15.127+0000] {processor.py:208} INFO - Processing /home/airflow/.local/lib/python3.12/site-packages/airflow/example_dags/example_python_decorator.py took 0.078 seconds
[2024-11-25T02:09:45.338+0000] {processor.py:186} INFO - Started process (PID=1908) to work on /home/airflow/.local/lib/python3.12/site-packages/airflow/example_dags/example_python_decorator.py
[2024-11-25T02:09:45.339+0000] {processor.py:914} INFO - Processing file /home/airflow/.local/lib/python3.12/site-packages/airflow/example_dags/example_python_decorator.py for tasks to queue
[2024-11-25T02:09:45.341+0000] {logging_mixin.py:190} INFO - [2024-11-25T02:09:45.341+0000] {dagbag.py:588} INFO - Filling up the DagBag from /home/airflow/.local/lib/python3.12/site-packages/airflow/example_dags/example_python_decorator.py
[2024-11-25T02:09:45.355+0000] {processor.py:925} INFO - DAG(s) 'example_python_decorator' retrieved from /home/airflow/.local/lib/python3.12/site-packages/airflow/example_dags/example_python_decorator.py
[2024-11-25T02:09:45.376+0000] {logging_mixin.py:190} INFO - [2024-11-25T02:09:45.376+0000] {dag.py:3239} INFO - Sync 1 DAGs
[2024-11-25T02:09:45.392+0000] {logging_mixin.py:190} INFO - [2024-11-25T02:09:45.392+0000] {dag.py:4180} INFO - Setting next_dagrun for example_python_decorator to None, run_after=None
[2024-11-25T02:09:45.412+0000] {processor.py:208} INFO - Processing /home/airflow/.local/lib/python3.12/site-packages/airflow/example_dags/example_python_decorator.py took 0.079 seconds
[2024-11-25T02:10:15.522+0000] {processor.py:186} INFO - Started process (PID=1972) to work on /home/airflow/.local/lib/python3.12/site-packages/airflow/example_dags/example_python_decorator.py
[2024-11-25T02:10:15.523+0000] {processor.py:914} INFO - Processing file /home/airflow/.local/lib/python3.12/site-packages/airflow/example_dags/example_python_decorator.py for tasks to queue
[2024-11-25T02:10:15.526+0000] {logging_mixin.py:190} INFO - [2024-11-25T02:10:15.526+0000] {dagbag.py:588} INFO - Filling up the DagBag from /home/airflow/.local/lib/python3.12/site-packages/airflow/example_dags/example_python_decorator.py
[2024-11-25T02:10:15.542+0000] {processor.py:925} INFO - DAG(s) 'example_python_decorator' retrieved from /home/airflow/.local/lib/python3.12/site-packages/airflow/example_dags/example_python_decorator.py
[2024-11-25T02:10:15.564+0000] {logging_mixin.py:190} INFO - [2024-11-25T02:10:15.564+0000] {dag.py:3239} INFO - Sync 1 DAGs
[2024-11-25T02:10:15.579+0000] {logging_mixin.py:190} INFO - [2024-11-25T02:10:15.579+0000] {dag.py:4180} INFO - Setting next_dagrun for example_python_decorator to None, run_after=None
[2024-11-25T02:10:15.599+0000] {processor.py:208} INFO - Processing /home/airflow/.local/lib/python3.12/site-packages/airflow/example_dags/example_python_decorator.py took 0.084 seconds
[2024-11-25T02:10:46.544+0000] {processor.py:186} INFO - Started process (PID=2036) to work on /home/airflow/.local/lib/python3.12/site-packages/airflow/example_dags/example_python_decorator.py
[2024-11-25T02:10:46.545+0000] {processor.py:914} INFO - Processing file /home/airflow/.local/lib/python3.12/site-packages/airflow/example_dags/example_python_decorator.py for tasks to queue
[2024-11-25T02:10:46.550+0000] {logging_mixin.py:190} INFO - [2024-11-25T02:10:46.550+0000] {dagbag.py:588} INFO - Filling up the DagBag from /home/airflow/.local/lib/python3.12/site-packages/airflow/example_dags/example_python_decorator.py
[2024-11-25T02:10:46.582+0000] {processor.py:925} INFO - DAG(s) 'example_python_decorator' retrieved from /home/airflow/.local/lib/python3.12/site-packages/airflow/example_dags/example_python_decorator.py
[2024-11-25T02:10:46.646+0000] {logging_mixin.py:190} INFO - [2024-11-25T02:10:46.646+0000] {dag.py:3239} INFO - Sync 1 DAGs
[2024-11-25T02:10:46.675+0000] {logging_mixin.py:190} INFO - [2024-11-25T02:10:46.674+0000] {dag.py:4180} INFO - Setting next_dagrun for example_python_decorator to None, run_after=None
[2024-11-25T02:10:46.730+0000] {processor.py:208} INFO - Processing /home/airflow/.local/lib/python3.12/site-packages/airflow/example_dags/example_python_decorator.py took 0.197 seconds
[2024-11-25T02:11:17.273+0000] {processor.py:186} INFO - Started process (PID=2100) to work on /home/airflow/.local/lib/python3.12/site-packages/airflow/example_dags/example_python_decorator.py
[2024-11-25T02:11:17.274+0000] {processor.py:914} INFO - Processing file /home/airflow/.local/lib/python3.12/site-packages/airflow/example_dags/example_python_decorator.py for tasks to queue
[2024-11-25T02:11:17.276+0000] {logging_mixin.py:190} INFO - [2024-11-25T02:11:17.276+0000] {dagbag.py:588} INFO - Filling up the DagBag from /home/airflow/.local/lib/python3.12/site-packages/airflow/example_dags/example_python_decorator.py
[2024-11-25T02:11:17.294+0000] {processor.py:925} INFO - DAG(s) 'example_python_decorator' retrieved from /home/airflow/.local/lib/python3.12/site-packages/airflow/example_dags/example_python_decorator.py
[2024-11-25T02:11:17.322+0000] {logging_mixin.py:190} INFO - [2024-11-25T02:11:17.321+0000] {dag.py:3239} INFO - Sync 1 DAGs
[2024-11-25T02:11:17.340+0000] {logging_mixin.py:190} INFO - [2024-11-25T02:11:17.340+0000] {dag.py:4180} INFO - Setting next_dagrun for example_python_decorator to None, run_after=None
[2024-11-25T02:11:17.368+0000] {processor.py:208} INFO - Processing /home/airflow/.local/lib/python3.12/site-packages/airflow/example_dags/example_python_decorator.py took 0.100 seconds
[2024-11-25T02:11:48.134+0000] {processor.py:186} INFO - Started process (PID=2164) to work on /home/airflow/.local/lib/python3.12/site-packages/airflow/example_dags/example_python_decorator.py
[2024-11-25T02:11:48.135+0000] {processor.py:914} INFO - Processing file /home/airflow/.local/lib/python3.12/site-packages/airflow/example_dags/example_python_decorator.py for tasks to queue
[2024-11-25T02:11:48.138+0000] {logging_mixin.py:190} INFO - [2024-11-25T02:11:48.137+0000] {dagbag.py:588} INFO - Filling up the DagBag from /home/airflow/.local/lib/python3.12/site-packages/airflow/example_dags/example_python_decorator.py
[2024-11-25T02:11:48.156+0000] {processor.py:925} INFO - DAG(s) 'example_python_decorator' retrieved from /home/airflow/.local/lib/python3.12/site-packages/airflow/example_dags/example_python_decorator.py
[2024-11-25T02:11:48.178+0000] {logging_mixin.py:190} INFO - [2024-11-25T02:11:48.177+0000] {dag.py:3239} INFO - Sync 1 DAGs
[2024-11-25T02:11:48.195+0000] {logging_mixin.py:190} INFO - [2024-11-25T02:11:48.195+0000] {dag.py:4180} INFO - Setting next_dagrun for example_python_decorator to None, run_after=None
[2024-11-25T02:11:48.216+0000] {processor.py:208} INFO - Processing /home/airflow/.local/lib/python3.12/site-packages/airflow/example_dags/example_python_decorator.py took 0.090 seconds
[2024-11-25T02:12:18.356+0000] {processor.py:186} INFO - Started process (PID=2228) to work on /home/airflow/.local/lib/python3.12/site-packages/airflow/example_dags/example_python_decorator.py
[2024-11-25T02:12:18.358+0000] {processor.py:914} INFO - Processing file /home/airflow/.local/lib/python3.12/site-packages/airflow/example_dags/example_python_decorator.py for tasks to queue
[2024-11-25T02:12:18.360+0000] {logging_mixin.py:190} INFO - [2024-11-25T02:12:18.360+0000] {dagbag.py:588} INFO - Filling up the DagBag from /home/airflow/.local/lib/python3.12/site-packages/airflow/example_dags/example_python_decorator.py
[2024-11-25T02:12:18.388+0000] {processor.py:925} INFO - DAG(s) 'example_python_decorator' retrieved from /home/airflow/.local/lib/python3.12/site-packages/airflow/example_dags/example_python_decorator.py
[2024-11-25T02:12:18.412+0000] {logging_mixin.py:190} INFO - [2024-11-25T02:12:18.412+0000] {dag.py:3239} INFO - Sync 1 DAGs
[2024-11-25T02:12:18.429+0000] {logging_mixin.py:190} INFO - [2024-11-25T02:12:18.428+0000] {dag.py:4180} INFO - Setting next_dagrun for example_python_decorator to None, run_after=None
[2024-11-25T02:12:18.452+0000] {processor.py:208} INFO - Processing /home/airflow/.local/lib/python3.12/site-packages/airflow/example_dags/example_python_decorator.py took 0.103 seconds
[2024-11-25T02:12:48.833+0000] {processor.py:186} INFO - Started process (PID=2291) to work on /home/airflow/.local/lib/python3.12/site-packages/airflow/example_dags/example_python_decorator.py
[2024-11-25T02:12:48.834+0000] {processor.py:914} INFO - Processing file /home/airflow/.local/lib/python3.12/site-packages/airflow/example_dags/example_python_decorator.py for tasks to queue
[2024-11-25T02:12:48.837+0000] {logging_mixin.py:190} INFO - [2024-11-25T02:12:48.836+0000] {dagbag.py:588} INFO - Filling up the DagBag from /home/airflow/.local/lib/python3.12/site-packages/airflow/example_dags/example_python_decorator.py
[2024-11-25T02:12:48.856+0000] {processor.py:925} INFO - DAG(s) 'example_python_decorator' retrieved from /home/airflow/.local/lib/python3.12/site-packages/airflow/example_dags/example_python_decorator.py
[2024-11-25T02:12:48.883+0000] {logging_mixin.py:190} INFO - [2024-11-25T02:12:48.883+0000] {dag.py:3239} INFO - Sync 1 DAGs
[2024-11-25T02:12:48.910+0000] {logging_mixin.py:190} INFO - [2024-11-25T02:12:48.910+0000] {dag.py:4180} INFO - Setting next_dagrun for example_python_decorator to None, run_after=None
[2024-11-25T02:12:48.947+0000] {processor.py:208} INFO - Processing /home/airflow/.local/lib/python3.12/site-packages/airflow/example_dags/example_python_decorator.py took 0.120 seconds
[2024-11-25T02:13:19.297+0000] {processor.py:186} INFO - Started process (PID=2355) to work on /home/airflow/.local/lib/python3.12/site-packages/airflow/example_dags/example_python_decorator.py
[2024-11-25T02:13:19.298+0000] {processor.py:914} INFO - Processing file /home/airflow/.local/lib/python3.12/site-packages/airflow/example_dags/example_python_decorator.py for tasks to queue
[2024-11-25T02:13:19.300+0000] {logging_mixin.py:190} INFO - [2024-11-25T02:13:19.300+0000] {dagbag.py:588} INFO - Filling up the DagBag from /home/airflow/.local/lib/python3.12/site-packages/airflow/example_dags/example_python_decorator.py
[2024-11-25T02:13:19.314+0000] {processor.py:925} INFO - DAG(s) 'example_python_decorator' retrieved from /home/airflow/.local/lib/python3.12/site-packages/airflow/example_dags/example_python_decorator.py
[2024-11-25T02:13:19.335+0000] {logging_mixin.py:190} INFO - [2024-11-25T02:13:19.335+0000] {dag.py:3239} INFO - Sync 1 DAGs
[2024-11-25T02:13:19.349+0000] {logging_mixin.py:190} INFO - [2024-11-25T02:13:19.349+0000] {dag.py:4180} INFO - Setting next_dagrun for example_python_decorator to None, run_after=None
[2024-11-25T02:13:19.369+0000] {processor.py:208} INFO - Processing /home/airflow/.local/lib/python3.12/site-packages/airflow/example_dags/example_python_decorator.py took 0.078 seconds
[2024-11-25T02:13:49.643+0000] {processor.py:186} INFO - Started process (PID=2420) to work on /home/airflow/.local/lib/python3.12/site-packages/airflow/example_dags/example_python_decorator.py
[2024-11-25T02:13:49.648+0000] {processor.py:914} INFO - Processing file /home/airflow/.local/lib/python3.12/site-packages/airflow/example_dags/example_python_decorator.py for tasks to queue
[2024-11-25T02:13:49.652+0000] {logging_mixin.py:190} INFO - [2024-11-25T02:13:49.651+0000] {dagbag.py:588} INFO - Filling up the DagBag from /home/airflow/.local/lib/python3.12/site-packages/airflow/example_dags/example_python_decorator.py
[2024-11-25T02:13:49.669+0000] {processor.py:925} INFO - DAG(s) 'example_python_decorator' retrieved from /home/airflow/.local/lib/python3.12/site-packages/airflow/example_dags/example_python_decorator.py
[2024-11-25T02:13:49.694+0000] {logging_mixin.py:190} INFO - [2024-11-25T02:13:49.694+0000] {dag.py:3239} INFO - Sync 1 DAGs
[2024-11-25T02:13:49.711+0000] {logging_mixin.py:190} INFO - [2024-11-25T02:13:49.710+0000] {dag.py:4180} INFO - Setting next_dagrun for example_python_decorator to None, run_after=None
[2024-11-25T02:13:49.733+0000] {processor.py:208} INFO - Processing /home/airflow/.local/lib/python3.12/site-packages/airflow/example_dags/example_python_decorator.py took 0.106 seconds
[2024-11-25T02:14:20.394+0000] {processor.py:186} INFO - Started process (PID=2484) to work on /home/airflow/.local/lib/python3.12/site-packages/airflow/example_dags/example_python_decorator.py
[2024-11-25T02:14:20.395+0000] {processor.py:914} INFO - Processing file /home/airflow/.local/lib/python3.12/site-packages/airflow/example_dags/example_python_decorator.py for tasks to queue
[2024-11-25T02:14:20.398+0000] {logging_mixin.py:190} INFO - [2024-11-25T02:14:20.398+0000] {dagbag.py:588} INFO - Filling up the DagBag from /home/airflow/.local/lib/python3.12/site-packages/airflow/example_dags/example_python_decorator.py
[2024-11-25T02:14:20.414+0000] {processor.py:925} INFO - DAG(s) 'example_python_decorator' retrieved from /home/airflow/.local/lib/python3.12/site-packages/airflow/example_dags/example_python_decorator.py
[2024-11-25T02:14:20.439+0000] {logging_mixin.py:190} INFO - [2024-11-25T02:14:20.439+0000] {dag.py:3239} INFO - Sync 1 DAGs
[2024-11-25T02:14:20.454+0000] {logging_mixin.py:190} INFO - [2024-11-25T02:14:20.454+0000] {dag.py:4180} INFO - Setting next_dagrun for example_python_decorator to None, run_after=None
[2024-11-25T02:14:20.475+0000] {processor.py:208} INFO - Processing /home/airflow/.local/lib/python3.12/site-packages/airflow/example_dags/example_python_decorator.py took 0.087 seconds
[2024-11-25T02:14:51.571+0000] {processor.py:186} INFO - Started process (PID=2546) to work on /home/airflow/.local/lib/python3.12/site-packages/airflow/example_dags/example_python_decorator.py
[2024-11-25T02:14:51.572+0000] {processor.py:914} INFO - Processing file /home/airflow/.local/lib/python3.12/site-packages/airflow/example_dags/example_python_decorator.py for tasks to queue
[2024-11-25T02:14:51.575+0000] {logging_mixin.py:190} INFO - [2024-11-25T02:14:51.575+0000] {dagbag.py:588} INFO - Filling up the DagBag from /home/airflow/.local/lib/python3.12/site-packages/airflow/example_dags/example_python_decorator.py
[2024-11-25T02:14:51.596+0000] {processor.py:925} INFO - DAG(s) 'example_python_decorator' retrieved from /home/airflow/.local/lib/python3.12/site-packages/airflow/example_dags/example_python_decorator.py
[2024-11-25T02:14:51.641+0000] {logging_mixin.py:190} INFO - [2024-11-25T02:14:51.640+0000] {dag.py:3239} INFO - Sync 1 DAGs
[2024-11-25T02:14:51.926+0000] {logging_mixin.py:190} INFO - [2024-11-25T02:14:51.925+0000] {dag.py:4180} INFO - Setting next_dagrun for example_python_decorator to None, run_after=None
[2024-11-25T02:14:51.968+0000] {processor.py:208} INFO - Processing /home/airflow/.local/lib/python3.12/site-packages/airflow/example_dags/example_python_decorator.py took 0.407 seconds
[2024-11-25T02:15:22.595+0000] {processor.py:186} INFO - Started process (PID=2611) to work on /home/airflow/.local/lib/python3.12/site-packages/airflow/example_dags/example_python_decorator.py
[2024-11-25T02:15:22.596+0000] {processor.py:914} INFO - Processing file /home/airflow/.local/lib/python3.12/site-packages/airflow/example_dags/example_python_decorator.py for tasks to queue
[2024-11-25T02:15:22.599+0000] {logging_mixin.py:190} INFO - [2024-11-25T02:15:22.598+0000] {dagbag.py:588} INFO - Filling up the DagBag from /home/airflow/.local/lib/python3.12/site-packages/airflow/example_dags/example_python_decorator.py
[2024-11-25T02:15:22.614+0000] {processor.py:925} INFO - DAG(s) 'example_python_decorator' retrieved from /home/airflow/.local/lib/python3.12/site-packages/airflow/example_dags/example_python_decorator.py
[2024-11-25T02:15:22.634+0000] {logging_mixin.py:190} INFO - [2024-11-25T02:15:22.634+0000] {dag.py:3239} INFO - Sync 1 DAGs
[2024-11-25T02:15:22.877+0000] {logging_mixin.py:190} INFO - [2024-11-25T02:15:22.877+0000] {dag.py:4180} INFO - Setting next_dagrun for example_python_decorator to None, run_after=None
[2024-11-25T02:15:22.904+0000] {processor.py:208} INFO - Processing /home/airflow/.local/lib/python3.12/site-packages/airflow/example_dags/example_python_decorator.py took 0.314 seconds
[2024-11-25T02:15:53.306+0000] {processor.py:186} INFO - Started process (PID=2675) to work on /home/airflow/.local/lib/python3.12/site-packages/airflow/example_dags/example_python_decorator.py
[2024-11-25T02:15:53.307+0000] {processor.py:914} INFO - Processing file /home/airflow/.local/lib/python3.12/site-packages/airflow/example_dags/example_python_decorator.py for tasks to queue
[2024-11-25T02:15:53.309+0000] {logging_mixin.py:190} INFO - [2024-11-25T02:15:53.309+0000] {dagbag.py:588} INFO - Filling up the DagBag from /home/airflow/.local/lib/python3.12/site-packages/airflow/example_dags/example_python_decorator.py
[2024-11-25T02:15:53.333+0000] {processor.py:925} INFO - DAG(s) 'example_python_decorator' retrieved from /home/airflow/.local/lib/python3.12/site-packages/airflow/example_dags/example_python_decorator.py
[2024-11-25T02:15:53.354+0000] {logging_mixin.py:190} INFO - [2024-11-25T02:15:53.353+0000] {dag.py:3239} INFO - Sync 1 DAGs
[2024-11-25T02:15:53.372+0000] {logging_mixin.py:190} INFO - [2024-11-25T02:15:53.372+0000] {dag.py:4180} INFO - Setting next_dagrun for example_python_decorator to None, run_after=None
[2024-11-25T02:15:53.557+0000] {processor.py:208} INFO - Processing /home/airflow/.local/lib/python3.12/site-packages/airflow/example_dags/example_python_decorator.py took 0.257 seconds
[2024-11-25T02:16:23.894+0000] {processor.py:186} INFO - Started process (PID=2739) to work on /home/airflow/.local/lib/python3.12/site-packages/airflow/example_dags/example_python_decorator.py
[2024-11-25T02:16:23.896+0000] {processor.py:914} INFO - Processing file /home/airflow/.local/lib/python3.12/site-packages/airflow/example_dags/example_python_decorator.py for tasks to queue
[2024-11-25T02:16:23.899+0000] {logging_mixin.py:190} INFO - [2024-11-25T02:16:23.898+0000] {dagbag.py:588} INFO - Filling up the DagBag from /home/airflow/.local/lib/python3.12/site-packages/airflow/example_dags/example_python_decorator.py
[2024-11-25T02:16:23.919+0000] {processor.py:925} INFO - DAG(s) 'example_python_decorator' retrieved from /home/airflow/.local/lib/python3.12/site-packages/airflow/example_dags/example_python_decorator.py
[2024-11-25T02:16:23.958+0000] {logging_mixin.py:190} INFO - [2024-11-25T02:16:23.958+0000] {dag.py:3239} INFO - Sync 1 DAGs
[2024-11-25T02:16:23.986+0000] {logging_mixin.py:190} INFO - [2024-11-25T02:16:23.985+0000] {dag.py:4180} INFO - Setting next_dagrun for example_python_decorator to None, run_after=None
[2024-11-25T02:16:24.018+0000] {processor.py:208} INFO - Processing /home/airflow/.local/lib/python3.12/site-packages/airflow/example_dags/example_python_decorator.py took 0.132 seconds
