[2024-11-25T01:55:21.750+0000] {processor.py:186} INFO - Started process (PID=96) to work on /home/airflow/.local/lib/python3.12/site-packages/airflow/example_dags/example_subdag_operator.py
[2024-11-25T01:55:21.753+0000] {processor.py:914} INFO - Processing file /home/airflow/.local/lib/python3.12/site-packages/airflow/example_dags/example_subdag_operator.py for tasks to queue
[2024-11-25T01:55:21.798+0000] {logging_mixin.py:190} INFO - [2024-11-25T01:55:21.796+0000] {dagbag.py:588} INFO - Filling up the DagBag from /home/airflow/.local/lib/python3.12/site-packages/airflow/example_dags/example_subdag_operator.py
[2024-11-25T01:55:22.036+0000] {processor.py:925} INFO - DAG(s) 'example_subdag_operator.section-1', 'example_subdag_operator.section-2', 'example_subdag_operator' retrieved from /home/airflow/.local/lib/python3.12/site-packages/airflow/example_dags/example_subdag_operator.py
[2024-11-25T01:55:22.102+0000] {logging_mixin.py:190} INFO - [2024-11-25T01:55:22.101+0000] {dag.py:3239} INFO - Sync 3 DAGs
[2024-11-25T01:55:22.194+0000] {logging_mixin.py:190} INFO - [2024-11-25T01:55:22.193+0000] {dag.py:4180} INFO - Setting next_dagrun for example_subdag_operator to 2022-01-01 00:00:00+00:00, run_after=2022-01-01 00:00:00+00:00
[2024-11-25T01:55:22.211+0000] {logging_mixin.py:190} INFO - [2024-11-25T01:55:22.210+0000] {dag.py:4180} INFO - Setting next_dagrun for example_subdag_operator.section-1 to None, run_after=None
[2024-11-25T01:55:22.217+0000] {logging_mixin.py:190} INFO - [2024-11-25T01:55:22.217+0000] {dag.py:4180} INFO - Setting next_dagrun for example_subdag_operator.section-2 to None, run_after=None
[2024-11-25T01:55:22.244+0000] {logging_mixin.py:190} INFO - [2024-11-25T01:55:22.244+0000] {dag.py:3239} INFO - Sync 2 DAGs
[2024-11-25T01:55:22.256+0000] {logging_mixin.py:190} INFO - [2024-11-25T01:55:22.255+0000] {dag.py:4180} INFO - Setting next_dagrun for example_subdag_operator.section-1 to None, run_after=None
[2024-11-25T01:55:22.258+0000] {logging_mixin.py:190} INFO - [2024-11-25T01:55:22.257+0000] {dag.py:4180} INFO - Setting next_dagrun for example_subdag_operator.section-2 to None, run_after=None
[2024-11-25T01:55:22.289+0000] {processor.py:208} INFO - Processing /home/airflow/.local/lib/python3.12/site-packages/airflow/example_dags/example_subdag_operator.py took 0.554 seconds
[2024-11-25T01:55:53.251+0000] {processor.py:186} INFO - Started process (PID=162) to work on /home/airflow/.local/lib/python3.12/site-packages/airflow/example_dags/example_subdag_operator.py
[2024-11-25T01:55:53.252+0000] {processor.py:914} INFO - Processing file /home/airflow/.local/lib/python3.12/site-packages/airflow/example_dags/example_subdag_operator.py for tasks to queue
[2024-11-25T01:55:53.255+0000] {logging_mixin.py:190} INFO - [2024-11-25T01:55:53.254+0000] {dagbag.py:588} INFO - Filling up the DagBag from /home/airflow/.local/lib/python3.12/site-packages/airflow/example_dags/example_subdag_operator.py
[2024-11-25T01:55:53.277+0000] {processor.py:925} INFO - DAG(s) 'example_subdag_operator.section-1', 'example_subdag_operator.section-2', 'example_subdag_operator' retrieved from /home/airflow/.local/lib/python3.12/site-packages/airflow/example_dags/example_subdag_operator.py
[2024-11-25T01:55:53.291+0000] {logging_mixin.py:190} INFO - [2024-11-25T01:55:53.290+0000] {dag.py:3239} INFO - Sync 3 DAGs
[2024-11-25T01:55:53.315+0000] {logging_mixin.py:190} INFO - [2024-11-25T01:55:53.314+0000] {dag.py:4180} INFO - Setting next_dagrun for example_subdag_operator to 2022-01-01 00:00:00+00:00, run_after=2022-01-01 00:00:00+00:00
[2024-11-25T01:55:53.318+0000] {logging_mixin.py:190} INFO - [2024-11-25T01:55:53.318+0000] {dag.py:4180} INFO - Setting next_dagrun for example_subdag_operator.section-1 to None, run_after=None
[2024-11-25T01:55:53.319+0000] {logging_mixin.py:190} INFO - [2024-11-25T01:55:53.319+0000] {dag.py:4180} INFO - Setting next_dagrun for example_subdag_operator.section-2 to None, run_after=None
[2024-11-25T01:55:53.326+0000] {logging_mixin.py:190} INFO - [2024-11-25T01:55:53.326+0000] {dag.py:3239} INFO - Sync 2 DAGs
[2024-11-25T01:55:53.333+0000] {logging_mixin.py:190} INFO - [2024-11-25T01:55:53.333+0000] {dag.py:4180} INFO - Setting next_dagrun for example_subdag_operator.section-1 to None, run_after=None
[2024-11-25T01:55:53.334+0000] {logging_mixin.py:190} INFO - [2024-11-25T01:55:53.334+0000] {dag.py:4180} INFO - Setting next_dagrun for example_subdag_operator.section-2 to None, run_after=None
[2024-11-25T01:55:53.344+0000] {processor.py:208} INFO - Processing /home/airflow/.local/lib/python3.12/site-packages/airflow/example_dags/example_subdag_operator.py took 0.098 seconds
[2024-11-25T01:56:24.529+0000] {processor.py:186} INFO - Started process (PID=226) to work on /home/airflow/.local/lib/python3.12/site-packages/airflow/example_dags/example_subdag_operator.py
[2024-11-25T01:56:24.530+0000] {processor.py:914} INFO - Processing file /home/airflow/.local/lib/python3.12/site-packages/airflow/example_dags/example_subdag_operator.py for tasks to queue
[2024-11-25T01:56:24.533+0000] {logging_mixin.py:190} INFO - [2024-11-25T01:56:24.532+0000] {dagbag.py:588} INFO - Filling up the DagBag from /home/airflow/.local/lib/python3.12/site-packages/airflow/example_dags/example_subdag_operator.py
[2024-11-25T01:56:24.565+0000] {processor.py:925} INFO - DAG(s) 'example_subdag_operator.section-1', 'example_subdag_operator.section-2', 'example_subdag_operator' retrieved from /home/airflow/.local/lib/python3.12/site-packages/airflow/example_dags/example_subdag_operator.py
[2024-11-25T01:56:24.583+0000] {logging_mixin.py:190} INFO - [2024-11-25T01:56:24.583+0000] {dag.py:3239} INFO - Sync 3 DAGs
[2024-11-25T01:56:24.612+0000] {logging_mixin.py:190} INFO - [2024-11-25T01:56:24.611+0000] {dag.py:4180} INFO - Setting next_dagrun for example_subdag_operator to 2022-01-01 00:00:00+00:00, run_after=2022-01-01 00:00:00+00:00
[2024-11-25T01:56:24.616+0000] {logging_mixin.py:190} INFO - [2024-11-25T01:56:24.616+0000] {dag.py:4180} INFO - Setting next_dagrun for example_subdag_operator.section-1 to None, run_after=None
[2024-11-25T01:56:24.618+0000] {logging_mixin.py:190} INFO - [2024-11-25T01:56:24.618+0000] {dag.py:4180} INFO - Setting next_dagrun for example_subdag_operator.section-2 to None, run_after=None
[2024-11-25T01:56:24.626+0000] {logging_mixin.py:190} INFO - [2024-11-25T01:56:24.626+0000] {dag.py:3239} INFO - Sync 2 DAGs
[2024-11-25T01:56:24.632+0000] {logging_mixin.py:190} INFO - [2024-11-25T01:56:24.631+0000] {dag.py:4180} INFO - Setting next_dagrun for example_subdag_operator.section-1 to None, run_after=None
[2024-11-25T01:56:24.632+0000] {logging_mixin.py:190} INFO - [2024-11-25T01:56:24.632+0000] {dag.py:4180} INFO - Setting next_dagrun for example_subdag_operator.section-2 to None, run_after=None
[2024-11-25T01:56:24.642+0000] {processor.py:208} INFO - Processing /home/airflow/.local/lib/python3.12/site-packages/airflow/example_dags/example_subdag_operator.py took 0.121 seconds
[2024-11-25T01:56:58.569+0000] {processor.py:186} INFO - Started process (PID=290) to work on /home/airflow/.local/lib/python3.12/site-packages/airflow/example_dags/example_subdag_operator.py
[2024-11-25T01:56:58.575+0000] {processor.py:914} INFO - Processing file /home/airflow/.local/lib/python3.12/site-packages/airflow/example_dags/example_subdag_operator.py for tasks to queue
[2024-11-25T01:56:58.579+0000] {logging_mixin.py:190} INFO - [2024-11-25T01:56:58.578+0000] {dagbag.py:588} INFO - Filling up the DagBag from /home/airflow/.local/lib/python3.12/site-packages/airflow/example_dags/example_subdag_operator.py
[2024-11-25T01:56:58.672+0000] {processor.py:925} INFO - DAG(s) 'example_subdag_operator.section-1', 'example_subdag_operator.section-2', 'example_subdag_operator' retrieved from /home/airflow/.local/lib/python3.12/site-packages/airflow/example_dags/example_subdag_operator.py
[2024-11-25T01:56:58.737+0000] {logging_mixin.py:190} INFO - [2024-11-25T01:56:58.736+0000] {dag.py:3239} INFO - Sync 3 DAGs
[2024-11-25T01:56:58.907+0000] {logging_mixin.py:190} INFO - [2024-11-25T01:56:58.907+0000] {dag.py:4180} INFO - Setting next_dagrun for example_subdag_operator to 2022-01-01 00:00:00+00:00, run_after=2022-01-01 00:00:00+00:00
[2024-11-25T01:56:58.929+0000] {logging_mixin.py:190} INFO - [2024-11-25T01:56:58.928+0000] {dag.py:4180} INFO - Setting next_dagrun for example_subdag_operator.section-1 to None, run_after=None
[2024-11-25T01:56:58.934+0000] {logging_mixin.py:190} INFO - [2024-11-25T01:56:58.933+0000] {dag.py:4180} INFO - Setting next_dagrun for example_subdag_operator.section-2 to None, run_after=None
[2024-11-25T01:56:58.968+0000] {logging_mixin.py:190} INFO - [2024-11-25T01:56:58.968+0000] {dag.py:3239} INFO - Sync 2 DAGs
[2024-11-25T01:56:58.985+0000] {logging_mixin.py:190} INFO - [2024-11-25T01:56:58.985+0000] {dag.py:4180} INFO - Setting next_dagrun for example_subdag_operator.section-1 to None, run_after=None
[2024-11-25T01:56:59.001+0000] {logging_mixin.py:190} INFO - [2024-11-25T01:56:59.000+0000] {dag.py:4180} INFO - Setting next_dagrun for example_subdag_operator.section-2 to None, run_after=None
[2024-11-25T01:56:59.034+0000] {processor.py:208} INFO - Processing /home/airflow/.local/lib/python3.12/site-packages/airflow/example_dags/example_subdag_operator.py took 0.485 seconds
[2024-11-25T01:57:29.469+0000] {processor.py:186} INFO - Started process (PID=354) to work on /home/airflow/.local/lib/python3.12/site-packages/airflow/example_dags/example_subdag_operator.py
[2024-11-25T01:57:29.471+0000] {processor.py:914} INFO - Processing file /home/airflow/.local/lib/python3.12/site-packages/airflow/example_dags/example_subdag_operator.py for tasks to queue
[2024-11-25T01:57:29.476+0000] {logging_mixin.py:190} INFO - [2024-11-25T01:57:29.475+0000] {dagbag.py:588} INFO - Filling up the DagBag from /home/airflow/.local/lib/python3.12/site-packages/airflow/example_dags/example_subdag_operator.py
[2024-11-25T01:57:29.511+0000] {processor.py:925} INFO - DAG(s) 'example_subdag_operator.section-1', 'example_subdag_operator.section-2', 'example_subdag_operator' retrieved from /home/airflow/.local/lib/python3.12/site-packages/airflow/example_dags/example_subdag_operator.py
[2024-11-25T01:57:29.533+0000] {logging_mixin.py:190} INFO - [2024-11-25T01:57:29.533+0000] {dag.py:3239} INFO - Sync 3 DAGs
[2024-11-25T01:57:29.570+0000] {logging_mixin.py:190} INFO - [2024-11-25T01:57:29.569+0000] {dag.py:4180} INFO - Setting next_dagrun for example_subdag_operator to 2022-01-01 00:00:00+00:00, run_after=2022-01-01 00:00:00+00:00
[2024-11-25T01:57:29.581+0000] {logging_mixin.py:190} INFO - [2024-11-25T01:57:29.581+0000] {dag.py:4180} INFO - Setting next_dagrun for example_subdag_operator.section-1 to None, run_after=None
[2024-11-25T01:57:29.585+0000] {logging_mixin.py:190} INFO - [2024-11-25T01:57:29.584+0000] {dag.py:4180} INFO - Setting next_dagrun for example_subdag_operator.section-2 to None, run_after=None
[2024-11-25T01:57:29.609+0000] {logging_mixin.py:190} INFO - [2024-11-25T01:57:29.608+0000] {dag.py:3239} INFO - Sync 2 DAGs
[2024-11-25T01:57:29.618+0000] {logging_mixin.py:190} INFO - [2024-11-25T01:57:29.618+0000] {dag.py:4180} INFO - Setting next_dagrun for example_subdag_operator.section-1 to None, run_after=None
[2024-11-25T01:57:29.621+0000] {logging_mixin.py:190} INFO - [2024-11-25T01:57:29.621+0000] {dag.py:4180} INFO - Setting next_dagrun for example_subdag_operator.section-2 to None, run_after=None
[2024-11-25T01:57:29.644+0000] {processor.py:208} INFO - Processing /home/airflow/.local/lib/python3.12/site-packages/airflow/example_dags/example_subdag_operator.py took 0.188 seconds
[2024-11-25T01:57:59.886+0000] {processor.py:186} INFO - Started process (PID=417) to work on /home/airflow/.local/lib/python3.12/site-packages/airflow/example_dags/example_subdag_operator.py
[2024-11-25T01:57:59.887+0000] {processor.py:914} INFO - Processing file /home/airflow/.local/lib/python3.12/site-packages/airflow/example_dags/example_subdag_operator.py for tasks to queue
[2024-11-25T01:57:59.891+0000] {logging_mixin.py:190} INFO - [2024-11-25T01:57:59.891+0000] {dagbag.py:588} INFO - Filling up the DagBag from /home/airflow/.local/lib/python3.12/site-packages/airflow/example_dags/example_subdag_operator.py
[2024-11-25T01:57:59.925+0000] {processor.py:925} INFO - DAG(s) 'example_subdag_operator.section-1', 'example_subdag_operator.section-2', 'example_subdag_operator' retrieved from /home/airflow/.local/lib/python3.12/site-packages/airflow/example_dags/example_subdag_operator.py
[2024-11-25T01:57:59.942+0000] {logging_mixin.py:190} INFO - [2024-11-25T01:57:59.942+0000] {dag.py:3239} INFO - Sync 3 DAGs
[2024-11-25T01:57:59.967+0000] {logging_mixin.py:190} INFO - [2024-11-25T01:57:59.967+0000] {dag.py:4180} INFO - Setting next_dagrun for example_subdag_operator to 2022-01-01 00:00:00+00:00, run_after=2022-01-01 00:00:00+00:00
[2024-11-25T01:57:59.972+0000] {logging_mixin.py:190} INFO - [2024-11-25T01:57:59.972+0000] {dag.py:4180} INFO - Setting next_dagrun for example_subdag_operator.section-1 to None, run_after=None
[2024-11-25T01:57:59.974+0000] {logging_mixin.py:190} INFO - [2024-11-25T01:57:59.974+0000] {dag.py:4180} INFO - Setting next_dagrun for example_subdag_operator.section-2 to None, run_after=None
[2024-11-25T01:57:59.983+0000] {logging_mixin.py:190} INFO - [2024-11-25T01:57:59.982+0000] {dag.py:3239} INFO - Sync 2 DAGs
[2024-11-25T01:57:59.989+0000] {logging_mixin.py:190} INFO - [2024-11-25T01:57:59.988+0000] {dag.py:4180} INFO - Setting next_dagrun for example_subdag_operator.section-1 to None, run_after=None
[2024-11-25T01:57:59.989+0000] {logging_mixin.py:190} INFO - [2024-11-25T01:57:59.989+0000] {dag.py:4180} INFO - Setting next_dagrun for example_subdag_operator.section-2 to None, run_after=None
[2024-11-25T01:57:59.999+0000] {processor.py:208} INFO - Processing /home/airflow/.local/lib/python3.12/site-packages/airflow/example_dags/example_subdag_operator.py took 0.122 seconds
[2024-11-25T01:58:30.227+0000] {processor.py:186} INFO - Started process (PID=487) to work on /home/airflow/.local/lib/python3.12/site-packages/airflow/example_dags/example_subdag_operator.py
[2024-11-25T01:58:30.228+0000] {processor.py:914} INFO - Processing file /home/airflow/.local/lib/python3.12/site-packages/airflow/example_dags/example_subdag_operator.py for tasks to queue
[2024-11-25T01:58:30.230+0000] {logging_mixin.py:190} INFO - [2024-11-25T01:58:30.230+0000] {dagbag.py:588} INFO - Filling up the DagBag from /home/airflow/.local/lib/python3.12/site-packages/airflow/example_dags/example_subdag_operator.py
[2024-11-25T01:58:30.254+0000] {processor.py:925} INFO - DAG(s) 'example_subdag_operator.section-1', 'example_subdag_operator.section-2', 'example_subdag_operator' retrieved from /home/airflow/.local/lib/python3.12/site-packages/airflow/example_dags/example_subdag_operator.py
[2024-11-25T01:58:30.269+0000] {logging_mixin.py:190} INFO - [2024-11-25T01:58:30.269+0000] {dag.py:3239} INFO - Sync 3 DAGs
[2024-11-25T01:58:30.291+0000] {logging_mixin.py:190} INFO - [2024-11-25T01:58:30.291+0000] {dag.py:4180} INFO - Setting next_dagrun for example_subdag_operator to 2022-01-01 00:00:00+00:00, run_after=2022-01-01 00:00:00+00:00
[2024-11-25T01:58:30.295+0000] {logging_mixin.py:190} INFO - [2024-11-25T01:58:30.295+0000] {dag.py:4180} INFO - Setting next_dagrun for example_subdag_operator.section-1 to None, run_after=None
[2024-11-25T01:58:30.297+0000] {logging_mixin.py:190} INFO - [2024-11-25T01:58:30.297+0000] {dag.py:4180} INFO - Setting next_dagrun for example_subdag_operator.section-2 to None, run_after=None
[2024-11-25T01:58:30.304+0000] {logging_mixin.py:190} INFO - [2024-11-25T01:58:30.304+0000] {dag.py:3239} INFO - Sync 2 DAGs
[2024-11-25T01:58:30.311+0000] {logging_mixin.py:190} INFO - [2024-11-25T01:58:30.311+0000] {dag.py:4180} INFO - Setting next_dagrun for example_subdag_operator.section-1 to None, run_after=None
[2024-11-25T01:58:30.312+0000] {logging_mixin.py:190} INFO - [2024-11-25T01:58:30.312+0000] {dag.py:4180} INFO - Setting next_dagrun for example_subdag_operator.section-2 to None, run_after=None
[2024-11-25T01:58:30.322+0000] {processor.py:208} INFO - Processing /home/airflow/.local/lib/python3.12/site-packages/airflow/example_dags/example_subdag_operator.py took 0.100 seconds
[2024-11-25T01:59:00.983+0000] {processor.py:186} INFO - Started process (PID=551) to work on /home/airflow/.local/lib/python3.12/site-packages/airflow/example_dags/example_subdag_operator.py
[2024-11-25T01:59:00.984+0000] {processor.py:914} INFO - Processing file /home/airflow/.local/lib/python3.12/site-packages/airflow/example_dags/example_subdag_operator.py for tasks to queue
[2024-11-25T01:59:00.987+0000] {logging_mixin.py:190} INFO - [2024-11-25T01:59:00.987+0000] {dagbag.py:588} INFO - Filling up the DagBag from /home/airflow/.local/lib/python3.12/site-packages/airflow/example_dags/example_subdag_operator.py
[2024-11-25T01:59:01.014+0000] {processor.py:925} INFO - DAG(s) 'example_subdag_operator.section-1', 'example_subdag_operator.section-2', 'example_subdag_operator' retrieved from /home/airflow/.local/lib/python3.12/site-packages/airflow/example_dags/example_subdag_operator.py
[2024-11-25T01:59:01.033+0000] {logging_mixin.py:190} INFO - [2024-11-25T01:59:01.032+0000] {dag.py:3239} INFO - Sync 3 DAGs
[2024-11-25T01:59:01.065+0000] {logging_mixin.py:190} INFO - [2024-11-25T01:59:01.064+0000] {dag.py:4180} INFO - Setting next_dagrun for example_subdag_operator to 2022-01-01 00:00:00+00:00, run_after=2022-01-01 00:00:00+00:00
[2024-11-25T01:59:01.070+0000] {logging_mixin.py:190} INFO - [2024-11-25T01:59:01.070+0000] {dag.py:4180} INFO - Setting next_dagrun for example_subdag_operator.section-1 to None, run_after=None
[2024-11-25T01:59:01.073+0000] {logging_mixin.py:190} INFO - [2024-11-25T01:59:01.072+0000] {dag.py:4180} INFO - Setting next_dagrun for example_subdag_operator.section-2 to None, run_after=None
[2024-11-25T01:59:01.081+0000] {logging_mixin.py:190} INFO - [2024-11-25T01:59:01.081+0000] {dag.py:3239} INFO - Sync 2 DAGs
[2024-11-25T01:59:01.087+0000] {logging_mixin.py:190} INFO - [2024-11-25T01:59:01.087+0000] {dag.py:4180} INFO - Setting next_dagrun for example_subdag_operator.section-1 to None, run_after=None
[2024-11-25T01:59:01.088+0000] {logging_mixin.py:190} INFO - [2024-11-25T01:59:01.088+0000] {dag.py:4180} INFO - Setting next_dagrun for example_subdag_operator.section-2 to None, run_after=None
[2024-11-25T01:59:01.100+0000] {processor.py:208} INFO - Processing /home/airflow/.local/lib/python3.12/site-packages/airflow/example_dags/example_subdag_operator.py took 0.123 seconds
[2024-11-25T01:59:31.183+0000] {processor.py:186} INFO - Started process (PID=614) to work on /home/airflow/.local/lib/python3.12/site-packages/airflow/example_dags/example_subdag_operator.py
[2024-11-25T01:59:31.184+0000] {processor.py:914} INFO - Processing file /home/airflow/.local/lib/python3.12/site-packages/airflow/example_dags/example_subdag_operator.py for tasks to queue
[2024-11-25T01:59:31.187+0000] {logging_mixin.py:190} INFO - [2024-11-25T01:59:31.186+0000] {dagbag.py:588} INFO - Filling up the DagBag from /home/airflow/.local/lib/python3.12/site-packages/airflow/example_dags/example_subdag_operator.py
[2024-11-25T01:59:31.208+0000] {processor.py:925} INFO - DAG(s) 'example_subdag_operator.section-1', 'example_subdag_operator.section-2', 'example_subdag_operator' retrieved from /home/airflow/.local/lib/python3.12/site-packages/airflow/example_dags/example_subdag_operator.py
[2024-11-25T01:59:31.221+0000] {logging_mixin.py:190} INFO - [2024-11-25T01:59:31.221+0000] {dag.py:3239} INFO - Sync 3 DAGs
[2024-11-25T01:59:31.243+0000] {logging_mixin.py:190} INFO - [2024-11-25T01:59:31.243+0000] {dag.py:4180} INFO - Setting next_dagrun for example_subdag_operator to 2022-01-01 00:00:00+00:00, run_after=2022-01-01 00:00:00+00:00
[2024-11-25T01:59:31.246+0000] {logging_mixin.py:190} INFO - [2024-11-25T01:59:31.246+0000] {dag.py:4180} INFO - Setting next_dagrun for example_subdag_operator.section-1 to None, run_after=None
[2024-11-25T01:59:31.248+0000] {logging_mixin.py:190} INFO - [2024-11-25T01:59:31.247+0000] {dag.py:4180} INFO - Setting next_dagrun for example_subdag_operator.section-2 to None, run_after=None
[2024-11-25T01:59:31.254+0000] {logging_mixin.py:190} INFO - [2024-11-25T01:59:31.253+0000] {dag.py:3239} INFO - Sync 2 DAGs
[2024-11-25T01:59:31.258+0000] {logging_mixin.py:190} INFO - [2024-11-25T01:59:31.258+0000] {dag.py:4180} INFO - Setting next_dagrun for example_subdag_operator.section-1 to None, run_after=None
[2024-11-25T01:59:31.259+0000] {logging_mixin.py:190} INFO - [2024-11-25T01:59:31.259+0000] {dag.py:4180} INFO - Setting next_dagrun for example_subdag_operator.section-2 to None, run_after=None
[2024-11-25T01:59:31.268+0000] {processor.py:208} INFO - Processing /home/airflow/.local/lib/python3.12/site-packages/airflow/example_dags/example_subdag_operator.py took 0.090 seconds
[2024-11-25T02:00:01.595+0000] {processor.py:186} INFO - Started process (PID=679) to work on /home/airflow/.local/lib/python3.12/site-packages/airflow/example_dags/example_subdag_operator.py
[2024-11-25T02:00:01.596+0000] {processor.py:914} INFO - Processing file /home/airflow/.local/lib/python3.12/site-packages/airflow/example_dags/example_subdag_operator.py for tasks to queue
[2024-11-25T02:00:01.598+0000] {logging_mixin.py:190} INFO - [2024-11-25T02:00:01.598+0000] {dagbag.py:588} INFO - Filling up the DagBag from /home/airflow/.local/lib/python3.12/site-packages/airflow/example_dags/example_subdag_operator.py
[2024-11-25T02:00:01.624+0000] {processor.py:925} INFO - DAG(s) 'example_subdag_operator.section-1', 'example_subdag_operator.section-2', 'example_subdag_operator' retrieved from /home/airflow/.local/lib/python3.12/site-packages/airflow/example_dags/example_subdag_operator.py
[2024-11-25T02:00:01.639+0000] {logging_mixin.py:190} INFO - [2024-11-25T02:00:01.639+0000] {dag.py:3239} INFO - Sync 3 DAGs
[2024-11-25T02:00:01.662+0000] {logging_mixin.py:190} INFO - [2024-11-25T02:00:01.662+0000] {dag.py:4180} INFO - Setting next_dagrun for example_subdag_operator to 2022-01-01 00:00:00+00:00, run_after=2022-01-01 00:00:00+00:00
[2024-11-25T02:00:01.667+0000] {logging_mixin.py:190} INFO - [2024-11-25T02:00:01.666+0000] {dag.py:4180} INFO - Setting next_dagrun for example_subdag_operator.section-1 to None, run_after=None
[2024-11-25T02:00:01.668+0000] {logging_mixin.py:190} INFO - [2024-11-25T02:00:01.668+0000] {dag.py:4180} INFO - Setting next_dagrun for example_subdag_operator.section-2 to None, run_after=None
[2024-11-25T02:00:01.676+0000] {logging_mixin.py:190} INFO - [2024-11-25T02:00:01.675+0000] {dag.py:3239} INFO - Sync 2 DAGs
[2024-11-25T02:00:01.681+0000] {logging_mixin.py:190} INFO - [2024-11-25T02:00:01.680+0000] {dag.py:4180} INFO - Setting next_dagrun for example_subdag_operator.section-1 to None, run_after=None
[2024-11-25T02:00:01.681+0000] {logging_mixin.py:190} INFO - [2024-11-25T02:00:01.681+0000] {dag.py:4180} INFO - Setting next_dagrun for example_subdag_operator.section-2 to None, run_after=None
[2024-11-25T02:00:01.691+0000] {processor.py:208} INFO - Processing /home/airflow/.local/lib/python3.12/site-packages/airflow/example_dags/example_subdag_operator.py took 0.101 seconds
[2024-11-25T02:00:32.156+0000] {processor.py:186} INFO - Started process (PID=747) to work on /home/airflow/.local/lib/python3.12/site-packages/airflow/example_dags/example_subdag_operator.py
[2024-11-25T02:00:32.158+0000] {processor.py:914} INFO - Processing file /home/airflow/.local/lib/python3.12/site-packages/airflow/example_dags/example_subdag_operator.py for tasks to queue
[2024-11-25T02:00:32.160+0000] {logging_mixin.py:190} INFO - [2024-11-25T02:00:32.160+0000] {dagbag.py:588} INFO - Filling up the DagBag from /home/airflow/.local/lib/python3.12/site-packages/airflow/example_dags/example_subdag_operator.py
[2024-11-25T02:00:32.193+0000] {processor.py:925} INFO - DAG(s) 'example_subdag_operator.section-1', 'example_subdag_operator.section-2', 'example_subdag_operator' retrieved from /home/airflow/.local/lib/python3.12/site-packages/airflow/example_dags/example_subdag_operator.py
[2024-11-25T02:00:32.213+0000] {logging_mixin.py:190} INFO - [2024-11-25T02:00:32.212+0000] {dag.py:3239} INFO - Sync 3 DAGs
[2024-11-25T02:00:32.244+0000] {logging_mixin.py:190} INFO - [2024-11-25T02:00:32.243+0000] {dag.py:4180} INFO - Setting next_dagrun for example_subdag_operator to 2022-01-01 00:00:00+00:00, run_after=2022-01-01 00:00:00+00:00
[2024-11-25T02:00:32.249+0000] {logging_mixin.py:190} INFO - [2024-11-25T02:00:32.249+0000] {dag.py:4180} INFO - Setting next_dagrun for example_subdag_operator.section-1 to None, run_after=None
[2024-11-25T02:00:32.251+0000] {logging_mixin.py:190} INFO - [2024-11-25T02:00:32.251+0000] {dag.py:4180} INFO - Setting next_dagrun for example_subdag_operator.section-2 to None, run_after=None
[2024-11-25T02:00:32.261+0000] {logging_mixin.py:190} INFO - [2024-11-25T02:00:32.261+0000] {dag.py:3239} INFO - Sync 2 DAGs
[2024-11-25T02:00:32.269+0000] {logging_mixin.py:190} INFO - [2024-11-25T02:00:32.269+0000] {dag.py:4180} INFO - Setting next_dagrun for example_subdag_operator.section-1 to None, run_after=None
[2024-11-25T02:00:32.270+0000] {logging_mixin.py:190} INFO - [2024-11-25T02:00:32.270+0000] {dag.py:4180} INFO - Setting next_dagrun for example_subdag_operator.section-2 to None, run_after=None
[2024-11-25T02:00:32.283+0000] {processor.py:208} INFO - Processing /home/airflow/.local/lib/python3.12/site-packages/airflow/example_dags/example_subdag_operator.py took 0.133 seconds
[2024-11-25T02:01:02.796+0000] {processor.py:186} INFO - Started process (PID=811) to work on /home/airflow/.local/lib/python3.12/site-packages/airflow/example_dags/example_subdag_operator.py
[2024-11-25T02:01:02.797+0000] {processor.py:914} INFO - Processing file /home/airflow/.local/lib/python3.12/site-packages/airflow/example_dags/example_subdag_operator.py for tasks to queue
[2024-11-25T02:01:02.799+0000] {logging_mixin.py:190} INFO - [2024-11-25T02:01:02.799+0000] {dagbag.py:588} INFO - Filling up the DagBag from /home/airflow/.local/lib/python3.12/site-packages/airflow/example_dags/example_subdag_operator.py
[2024-11-25T02:01:02.824+0000] {processor.py:925} INFO - DAG(s) 'example_subdag_operator.section-1', 'example_subdag_operator.section-2', 'example_subdag_operator' retrieved from /home/airflow/.local/lib/python3.12/site-packages/airflow/example_dags/example_subdag_operator.py
[2024-11-25T02:01:02.839+0000] {logging_mixin.py:190} INFO - [2024-11-25T02:01:02.838+0000] {dag.py:3239} INFO - Sync 3 DAGs
[2024-11-25T02:01:02.861+0000] {logging_mixin.py:190} INFO - [2024-11-25T02:01:02.861+0000] {dag.py:4180} INFO - Setting next_dagrun for example_subdag_operator to 2022-01-01 00:00:00+00:00, run_after=2022-01-01 00:00:00+00:00
[2024-11-25T02:01:02.865+0000] {logging_mixin.py:190} INFO - [2024-11-25T02:01:02.865+0000] {dag.py:4180} INFO - Setting next_dagrun for example_subdag_operator.section-1 to None, run_after=None
[2024-11-25T02:01:02.867+0000] {logging_mixin.py:190} INFO - [2024-11-25T02:01:02.867+0000] {dag.py:4180} INFO - Setting next_dagrun for example_subdag_operator.section-2 to None, run_after=None
[2024-11-25T02:01:02.874+0000] {logging_mixin.py:190} INFO - [2024-11-25T02:01:02.874+0000] {dag.py:3239} INFO - Sync 2 DAGs
[2024-11-25T02:01:02.880+0000] {logging_mixin.py:190} INFO - [2024-11-25T02:01:02.880+0000] {dag.py:4180} INFO - Setting next_dagrun for example_subdag_operator.section-1 to None, run_after=None
[2024-11-25T02:01:02.881+0000] {logging_mixin.py:190} INFO - [2024-11-25T02:01:02.881+0000] {dag.py:4180} INFO - Setting next_dagrun for example_subdag_operator.section-2 to None, run_after=None
[2024-11-25T02:01:02.890+0000] {processor.py:208} INFO - Processing /home/airflow/.local/lib/python3.12/site-packages/airflow/example_dags/example_subdag_operator.py took 0.099 seconds
[2024-11-25T02:01:33.154+0000] {processor.py:186} INFO - Started process (PID=875) to work on /home/airflow/.local/lib/python3.12/site-packages/airflow/example_dags/example_subdag_operator.py
[2024-11-25T02:01:33.155+0000] {processor.py:914} INFO - Processing file /home/airflow/.local/lib/python3.12/site-packages/airflow/example_dags/example_subdag_operator.py for tasks to queue
[2024-11-25T02:01:33.159+0000] {logging_mixin.py:190} INFO - [2024-11-25T02:01:33.159+0000] {dagbag.py:588} INFO - Filling up the DagBag from /home/airflow/.local/lib/python3.12/site-packages/airflow/example_dags/example_subdag_operator.py
[2024-11-25T02:01:33.200+0000] {processor.py:925} INFO - DAG(s) 'example_subdag_operator.section-1', 'example_subdag_operator.section-2', 'example_subdag_operator' retrieved from /home/airflow/.local/lib/python3.12/site-packages/airflow/example_dags/example_subdag_operator.py
[2024-11-25T02:01:33.227+0000] {logging_mixin.py:190} INFO - [2024-11-25T02:01:33.227+0000] {dag.py:3239} INFO - Sync 3 DAGs
[2024-11-25T02:01:33.265+0000] {logging_mixin.py:190} INFO - [2024-11-25T02:01:33.265+0000] {dag.py:4180} INFO - Setting next_dagrun for example_subdag_operator to 2022-01-01 00:00:00+00:00, run_after=2022-01-01 00:00:00+00:00
[2024-11-25T02:01:33.270+0000] {logging_mixin.py:190} INFO - [2024-11-25T02:01:33.270+0000] {dag.py:4180} INFO - Setting next_dagrun for example_subdag_operator.section-1 to None, run_after=None
[2024-11-25T02:01:33.272+0000] {logging_mixin.py:190} INFO - [2024-11-25T02:01:33.272+0000] {dag.py:4180} INFO - Setting next_dagrun for example_subdag_operator.section-2 to None, run_after=None
[2024-11-25T02:01:33.281+0000] {logging_mixin.py:190} INFO - [2024-11-25T02:01:33.281+0000] {dag.py:3239} INFO - Sync 2 DAGs
[2024-11-25T02:01:33.292+0000] {logging_mixin.py:190} INFO - [2024-11-25T02:01:33.292+0000] {dag.py:4180} INFO - Setting next_dagrun for example_subdag_operator.section-1 to None, run_after=None
[2024-11-25T02:01:33.293+0000] {logging_mixin.py:190} INFO - [2024-11-25T02:01:33.293+0000] {dag.py:4180} INFO - Setting next_dagrun for example_subdag_operator.section-2 to None, run_after=None
[2024-11-25T02:01:33.307+0000] {processor.py:208} INFO - Processing /home/airflow/.local/lib/python3.12/site-packages/airflow/example_dags/example_subdag_operator.py took 0.158 seconds
[2024-11-25T02:02:03.536+0000] {processor.py:186} INFO - Started process (PID=939) to work on /home/airflow/.local/lib/python3.12/site-packages/airflow/example_dags/example_subdag_operator.py
[2024-11-25T02:02:03.537+0000] {processor.py:914} INFO - Processing file /home/airflow/.local/lib/python3.12/site-packages/airflow/example_dags/example_subdag_operator.py for tasks to queue
[2024-11-25T02:02:03.539+0000] {logging_mixin.py:190} INFO - [2024-11-25T02:02:03.538+0000] {dagbag.py:588} INFO - Filling up the DagBag from /home/airflow/.local/lib/python3.12/site-packages/airflow/example_dags/example_subdag_operator.py
[2024-11-25T02:02:03.563+0000] {processor.py:925} INFO - DAG(s) 'example_subdag_operator.section-1', 'example_subdag_operator.section-2', 'example_subdag_operator' retrieved from /home/airflow/.local/lib/python3.12/site-packages/airflow/example_dags/example_subdag_operator.py
[2024-11-25T02:02:03.577+0000] {logging_mixin.py:190} INFO - [2024-11-25T02:02:03.577+0000] {dag.py:3239} INFO - Sync 3 DAGs
[2024-11-25T02:02:03.598+0000] {logging_mixin.py:190} INFO - [2024-11-25T02:02:03.598+0000] {dag.py:4180} INFO - Setting next_dagrun for example_subdag_operator to 2022-01-01 00:00:00+00:00, run_after=2022-01-01 00:00:00+00:00
[2024-11-25T02:02:03.602+0000] {logging_mixin.py:190} INFO - [2024-11-25T02:02:03.602+0000] {dag.py:4180} INFO - Setting next_dagrun for example_subdag_operator.section-1 to None, run_after=None
[2024-11-25T02:02:03.603+0000] {logging_mixin.py:190} INFO - [2024-11-25T02:02:03.603+0000] {dag.py:4180} INFO - Setting next_dagrun for example_subdag_operator.section-2 to None, run_after=None
[2024-11-25T02:02:03.610+0000] {logging_mixin.py:190} INFO - [2024-11-25T02:02:03.610+0000] {dag.py:3239} INFO - Sync 2 DAGs
[2024-11-25T02:02:03.616+0000] {logging_mixin.py:190} INFO - [2024-11-25T02:02:03.616+0000] {dag.py:4180} INFO - Setting next_dagrun for example_subdag_operator.section-1 to None, run_after=None
[2024-11-25T02:02:03.617+0000] {logging_mixin.py:190} INFO - [2024-11-25T02:02:03.617+0000] {dag.py:4180} INFO - Setting next_dagrun for example_subdag_operator.section-2 to None, run_after=None
[2024-11-25T02:02:03.631+0000] {processor.py:208} INFO - Processing /home/airflow/.local/lib/python3.12/site-packages/airflow/example_dags/example_subdag_operator.py took 0.100 seconds
[2024-11-25T02:02:33.770+0000] {processor.py:186} INFO - Started process (PID=1003) to work on /home/airflow/.local/lib/python3.12/site-packages/airflow/example_dags/example_subdag_operator.py
[2024-11-25T02:02:33.771+0000] {processor.py:914} INFO - Processing file /home/airflow/.local/lib/python3.12/site-packages/airflow/example_dags/example_subdag_operator.py for tasks to queue
[2024-11-25T02:02:33.773+0000] {logging_mixin.py:190} INFO - [2024-11-25T02:02:33.773+0000] {dagbag.py:588} INFO - Filling up the DagBag from /home/airflow/.local/lib/python3.12/site-packages/airflow/example_dags/example_subdag_operator.py
[2024-11-25T02:02:33.797+0000] {processor.py:925} INFO - DAG(s) 'example_subdag_operator.section-1', 'example_subdag_operator.section-2', 'example_subdag_operator' retrieved from /home/airflow/.local/lib/python3.12/site-packages/airflow/example_dags/example_subdag_operator.py
[2024-11-25T02:02:33.810+0000] {logging_mixin.py:190} INFO - [2024-11-25T02:02:33.810+0000] {dag.py:3239} INFO - Sync 3 DAGs
[2024-11-25T02:02:33.834+0000] {logging_mixin.py:190} INFO - [2024-11-25T02:02:33.833+0000] {dag.py:4180} INFO - Setting next_dagrun for example_subdag_operator to 2022-01-01 00:00:00+00:00, run_after=2022-01-01 00:00:00+00:00
[2024-11-25T02:02:33.837+0000] {logging_mixin.py:190} INFO - [2024-11-25T02:02:33.837+0000] {dag.py:4180} INFO - Setting next_dagrun for example_subdag_operator.section-1 to None, run_after=None
[2024-11-25T02:02:33.839+0000] {logging_mixin.py:190} INFO - [2024-11-25T02:02:33.839+0000] {dag.py:4180} INFO - Setting next_dagrun for example_subdag_operator.section-2 to None, run_after=None
[2024-11-25T02:02:33.846+0000] {logging_mixin.py:190} INFO - [2024-11-25T02:02:33.846+0000] {dag.py:3239} INFO - Sync 2 DAGs
[2024-11-25T02:02:33.851+0000] {logging_mixin.py:190} INFO - [2024-11-25T02:02:33.851+0000] {dag.py:4180} INFO - Setting next_dagrun for example_subdag_operator.section-1 to None, run_after=None
[2024-11-25T02:02:33.852+0000] {logging_mixin.py:190} INFO - [2024-11-25T02:02:33.852+0000] {dag.py:4180} INFO - Setting next_dagrun for example_subdag_operator.section-2 to None, run_after=None
[2024-11-25T02:02:33.862+0000] {processor.py:208} INFO - Processing /home/airflow/.local/lib/python3.12/site-packages/airflow/example_dags/example_subdag_operator.py took 0.097 seconds
[2024-11-25T02:03:04.415+0000] {processor.py:186} INFO - Started process (PID=1068) to work on /home/airflow/.local/lib/python3.12/site-packages/airflow/example_dags/example_subdag_operator.py
[2024-11-25T02:03:04.416+0000] {processor.py:914} INFO - Processing file /home/airflow/.local/lib/python3.12/site-packages/airflow/example_dags/example_subdag_operator.py for tasks to queue
[2024-11-25T02:03:04.419+0000] {logging_mixin.py:190} INFO - [2024-11-25T02:03:04.419+0000] {dagbag.py:588} INFO - Filling up the DagBag from /home/airflow/.local/lib/python3.12/site-packages/airflow/example_dags/example_subdag_operator.py
[2024-11-25T02:03:04.481+0000] {processor.py:925} INFO - DAG(s) 'example_subdag_operator.section-1', 'example_subdag_operator.section-2', 'example_subdag_operator' retrieved from /home/airflow/.local/lib/python3.12/site-packages/airflow/example_dags/example_subdag_operator.py
[2024-11-25T02:03:04.525+0000] {logging_mixin.py:190} INFO - [2024-11-25T02:03:04.524+0000] {dag.py:3239} INFO - Sync 3 DAGs
[2024-11-25T02:03:04.551+0000] {logging_mixin.py:190} INFO - [2024-11-25T02:03:04.551+0000] {dag.py:4180} INFO - Setting next_dagrun for example_subdag_operator to 2022-01-01 00:00:00+00:00, run_after=2022-01-01 00:00:00+00:00
[2024-11-25T02:03:04.557+0000] {logging_mixin.py:190} INFO - [2024-11-25T02:03:04.556+0000] {dag.py:4180} INFO - Setting next_dagrun for example_subdag_operator.section-1 to None, run_after=None
[2024-11-25T02:03:04.559+0000] {logging_mixin.py:190} INFO - [2024-11-25T02:03:04.558+0000] {dag.py:4180} INFO - Setting next_dagrun for example_subdag_operator.section-2 to None, run_after=None
[2024-11-25T02:03:04.569+0000] {logging_mixin.py:190} INFO - [2024-11-25T02:03:04.569+0000] {dag.py:3239} INFO - Sync 2 DAGs
[2024-11-25T02:03:04.576+0000] {logging_mixin.py:190} INFO - [2024-11-25T02:03:04.576+0000] {dag.py:4180} INFO - Setting next_dagrun for example_subdag_operator.section-1 to None, run_after=None
[2024-11-25T02:03:04.577+0000] {logging_mixin.py:190} INFO - [2024-11-25T02:03:04.577+0000] {dag.py:4180} INFO - Setting next_dagrun for example_subdag_operator.section-2 to None, run_after=None
[2024-11-25T02:03:04.591+0000] {processor.py:208} INFO - Processing /home/airflow/.local/lib/python3.12/site-packages/airflow/example_dags/example_subdag_operator.py took 0.181 seconds
[2024-11-25T02:03:34.728+0000] {processor.py:186} INFO - Started process (PID=1132) to work on /home/airflow/.local/lib/python3.12/site-packages/airflow/example_dags/example_subdag_operator.py
[2024-11-25T02:03:34.729+0000] {processor.py:914} INFO - Processing file /home/airflow/.local/lib/python3.12/site-packages/airflow/example_dags/example_subdag_operator.py for tasks to queue
[2024-11-25T02:03:34.732+0000] {logging_mixin.py:190} INFO - [2024-11-25T02:03:34.732+0000] {dagbag.py:588} INFO - Filling up the DagBag from /home/airflow/.local/lib/python3.12/site-packages/airflow/example_dags/example_subdag_operator.py
[2024-11-25T02:03:34.765+0000] {processor.py:925} INFO - DAG(s) 'example_subdag_operator.section-1', 'example_subdag_operator.section-2', 'example_subdag_operator' retrieved from /home/airflow/.local/lib/python3.12/site-packages/airflow/example_dags/example_subdag_operator.py
[2024-11-25T02:03:34.788+0000] {logging_mixin.py:190} INFO - [2024-11-25T02:03:34.788+0000] {dag.py:3239} INFO - Sync 3 DAGs
[2024-11-25T02:03:34.820+0000] {logging_mixin.py:190} INFO - [2024-11-25T02:03:34.819+0000] {dag.py:4180} INFO - Setting next_dagrun for example_subdag_operator to 2022-01-01 00:00:00+00:00, run_after=2022-01-01 00:00:00+00:00
[2024-11-25T02:03:34.824+0000] {logging_mixin.py:190} INFO - [2024-11-25T02:03:34.824+0000] {dag.py:4180} INFO - Setting next_dagrun for example_subdag_operator.section-1 to None, run_after=None
[2024-11-25T02:03:34.827+0000] {logging_mixin.py:190} INFO - [2024-11-25T02:03:34.826+0000] {dag.py:4180} INFO - Setting next_dagrun for example_subdag_operator.section-2 to None, run_after=None
[2024-11-25T02:03:34.835+0000] {logging_mixin.py:190} INFO - [2024-11-25T02:03:34.835+0000] {dag.py:3239} INFO - Sync 2 DAGs
[2024-11-25T02:03:34.840+0000] {logging_mixin.py:190} INFO - [2024-11-25T02:03:34.840+0000] {dag.py:4180} INFO - Setting next_dagrun for example_subdag_operator.section-1 to None, run_after=None
[2024-11-25T02:03:34.841+0000] {logging_mixin.py:190} INFO - [2024-11-25T02:03:34.841+0000] {dag.py:4180} INFO - Setting next_dagrun for example_subdag_operator.section-2 to None, run_after=None
[2024-11-25T02:03:34.851+0000] {processor.py:208} INFO - Processing /home/airflow/.local/lib/python3.12/site-packages/airflow/example_dags/example_subdag_operator.py took 0.131 seconds
[2024-11-25T02:04:05.322+0000] {processor.py:186} INFO - Started process (PID=1196) to work on /home/airflow/.local/lib/python3.12/site-packages/airflow/example_dags/example_subdag_operator.py
[2024-11-25T02:04:05.323+0000] {processor.py:914} INFO - Processing file /home/airflow/.local/lib/python3.12/site-packages/airflow/example_dags/example_subdag_operator.py for tasks to queue
[2024-11-25T02:04:05.325+0000] {logging_mixin.py:190} INFO - [2024-11-25T02:04:05.325+0000] {dagbag.py:588} INFO - Filling up the DagBag from /home/airflow/.local/lib/python3.12/site-packages/airflow/example_dags/example_subdag_operator.py
[2024-11-25T02:04:05.352+0000] {processor.py:925} INFO - DAG(s) 'example_subdag_operator.section-1', 'example_subdag_operator.section-2', 'example_subdag_operator' retrieved from /home/airflow/.local/lib/python3.12/site-packages/airflow/example_dags/example_subdag_operator.py
[2024-11-25T02:04:05.369+0000] {logging_mixin.py:190} INFO - [2024-11-25T02:04:05.369+0000] {dag.py:3239} INFO - Sync 3 DAGs
[2024-11-25T02:04:05.446+0000] {logging_mixin.py:190} INFO - [2024-11-25T02:04:05.446+0000] {dag.py:4180} INFO - Setting next_dagrun for example_subdag_operator to 2022-01-01 00:00:00+00:00, run_after=2022-01-01 00:00:00+00:00
[2024-11-25T02:04:05.460+0000] {logging_mixin.py:190} INFO - [2024-11-25T02:04:05.460+0000] {dag.py:4180} INFO - Setting next_dagrun for example_subdag_operator.section-1 to None, run_after=None
[2024-11-25T02:04:05.463+0000] {logging_mixin.py:190} INFO - [2024-11-25T02:04:05.463+0000] {dag.py:4180} INFO - Setting next_dagrun for example_subdag_operator.section-2 to None, run_after=None
[2024-11-25T02:04:05.474+0000] {logging_mixin.py:190} INFO - [2024-11-25T02:04:05.474+0000] {dag.py:3239} INFO - Sync 2 DAGs
[2024-11-25T02:04:05.483+0000] {logging_mixin.py:190} INFO - [2024-11-25T02:04:05.482+0000] {dag.py:4180} INFO - Setting next_dagrun for example_subdag_operator.section-1 to None, run_after=None
[2024-11-25T02:04:05.484+0000] {logging_mixin.py:190} INFO - [2024-11-25T02:04:05.483+0000] {dag.py:4180} INFO - Setting next_dagrun for example_subdag_operator.section-2 to None, run_after=None
[2024-11-25T02:04:05.498+0000] {processor.py:208} INFO - Processing /home/airflow/.local/lib/python3.12/site-packages/airflow/example_dags/example_subdag_operator.py took 0.181 seconds
[2024-11-25T02:04:35.630+0000] {processor.py:186} INFO - Started process (PID=1259) to work on /home/airflow/.local/lib/python3.12/site-packages/airflow/example_dags/example_subdag_operator.py
[2024-11-25T02:04:35.631+0000] {processor.py:914} INFO - Processing file /home/airflow/.local/lib/python3.12/site-packages/airflow/example_dags/example_subdag_operator.py for tasks to queue
[2024-11-25T02:04:35.634+0000] {logging_mixin.py:190} INFO - [2024-11-25T02:04:35.633+0000] {dagbag.py:588} INFO - Filling up the DagBag from /home/airflow/.local/lib/python3.12/site-packages/airflow/example_dags/example_subdag_operator.py
[2024-11-25T02:04:35.673+0000] {processor.py:925} INFO - DAG(s) 'example_subdag_operator.section-1', 'example_subdag_operator.section-2', 'example_subdag_operator' retrieved from /home/airflow/.local/lib/python3.12/site-packages/airflow/example_dags/example_subdag_operator.py
[2024-11-25T02:04:35.699+0000] {logging_mixin.py:190} INFO - [2024-11-25T02:04:35.698+0000] {dag.py:3239} INFO - Sync 3 DAGs
[2024-11-25T02:04:35.737+0000] {logging_mixin.py:190} INFO - [2024-11-25T02:04:35.737+0000] {dag.py:4180} INFO - Setting next_dagrun for example_subdag_operator to 2022-01-01 00:00:00+00:00, run_after=2022-01-01 00:00:00+00:00
[2024-11-25T02:04:35.741+0000] {logging_mixin.py:190} INFO - [2024-11-25T02:04:35.741+0000] {dag.py:4180} INFO - Setting next_dagrun for example_subdag_operator.section-1 to None, run_after=None
[2024-11-25T02:04:35.743+0000] {logging_mixin.py:190} INFO - [2024-11-25T02:04:35.743+0000] {dag.py:4180} INFO - Setting next_dagrun for example_subdag_operator.section-2 to None, run_after=None
[2024-11-25T02:04:35.753+0000] {logging_mixin.py:190} INFO - [2024-11-25T02:04:35.752+0000] {dag.py:3239} INFO - Sync 2 DAGs
[2024-11-25T02:04:35.759+0000] {logging_mixin.py:190} INFO - [2024-11-25T02:04:35.759+0000] {dag.py:4180} INFO - Setting next_dagrun for example_subdag_operator.section-1 to None, run_after=None
[2024-11-25T02:04:35.760+0000] {logging_mixin.py:190} INFO - [2024-11-25T02:04:35.760+0000] {dag.py:4180} INFO - Setting next_dagrun for example_subdag_operator.section-2 to None, run_after=None
[2024-11-25T02:04:35.774+0000] {processor.py:208} INFO - Processing /home/airflow/.local/lib/python3.12/site-packages/airflow/example_dags/example_subdag_operator.py took 0.151 seconds
[2024-11-25T02:05:05.858+0000] {processor.py:186} INFO - Started process (PID=1323) to work on /home/airflow/.local/lib/python3.12/site-packages/airflow/example_dags/example_subdag_operator.py
[2024-11-25T02:05:05.859+0000] {processor.py:914} INFO - Processing file /home/airflow/.local/lib/python3.12/site-packages/airflow/example_dags/example_subdag_operator.py for tasks to queue
[2024-11-25T02:05:05.861+0000] {logging_mixin.py:190} INFO - [2024-11-25T02:05:05.861+0000] {dagbag.py:588} INFO - Filling up the DagBag from /home/airflow/.local/lib/python3.12/site-packages/airflow/example_dags/example_subdag_operator.py
[2024-11-25T02:05:05.882+0000] {processor.py:925} INFO - DAG(s) 'example_subdag_operator.section-1', 'example_subdag_operator.section-2', 'example_subdag_operator' retrieved from /home/airflow/.local/lib/python3.12/site-packages/airflow/example_dags/example_subdag_operator.py
[2024-11-25T02:05:05.898+0000] {logging_mixin.py:190} INFO - [2024-11-25T02:05:05.898+0000] {dag.py:3239} INFO - Sync 3 DAGs
[2024-11-25T02:05:05.922+0000] {logging_mixin.py:190} INFO - [2024-11-25T02:05:05.922+0000] {dag.py:4180} INFO - Setting next_dagrun for example_subdag_operator to 2022-01-01 00:00:00+00:00, run_after=2022-01-01 00:00:00+00:00
[2024-11-25T02:05:05.926+0000] {logging_mixin.py:190} INFO - [2024-11-25T02:05:05.926+0000] {dag.py:4180} INFO - Setting next_dagrun for example_subdag_operator.section-1 to None, run_after=None
[2024-11-25T02:05:05.928+0000] {logging_mixin.py:190} INFO - [2024-11-25T02:05:05.928+0000] {dag.py:4180} INFO - Setting next_dagrun for example_subdag_operator.section-2 to None, run_after=None
[2024-11-25T02:05:05.935+0000] {logging_mixin.py:190} INFO - [2024-11-25T02:05:05.934+0000] {dag.py:3239} INFO - Sync 2 DAGs
[2024-11-25T02:05:05.941+0000] {logging_mixin.py:190} INFO - [2024-11-25T02:05:05.940+0000] {dag.py:4180} INFO - Setting next_dagrun for example_subdag_operator.section-1 to None, run_after=None
[2024-11-25T02:05:05.941+0000] {logging_mixin.py:190} INFO - [2024-11-25T02:05:05.941+0000] {dag.py:4180} INFO - Setting next_dagrun for example_subdag_operator.section-2 to None, run_after=None
[2024-11-25T02:05:05.952+0000] {processor.py:208} INFO - Processing /home/airflow/.local/lib/python3.12/site-packages/airflow/example_dags/example_subdag_operator.py took 0.098 seconds
[2024-11-25T02:05:36.684+0000] {processor.py:186} INFO - Started process (PID=1388) to work on /home/airflow/.local/lib/python3.12/site-packages/airflow/example_dags/example_subdag_operator.py
[2024-11-25T02:05:36.685+0000] {processor.py:914} INFO - Processing file /home/airflow/.local/lib/python3.12/site-packages/airflow/example_dags/example_subdag_operator.py for tasks to queue
[2024-11-25T02:05:36.687+0000] {logging_mixin.py:190} INFO - [2024-11-25T02:05:36.686+0000] {dagbag.py:588} INFO - Filling up the DagBag from /home/airflow/.local/lib/python3.12/site-packages/airflow/example_dags/example_subdag_operator.py
[2024-11-25T02:05:36.710+0000] {processor.py:925} INFO - DAG(s) 'example_subdag_operator.section-1', 'example_subdag_operator.section-2', 'example_subdag_operator' retrieved from /home/airflow/.local/lib/python3.12/site-packages/airflow/example_dags/example_subdag_operator.py
[2024-11-25T02:05:36.725+0000] {logging_mixin.py:190} INFO - [2024-11-25T02:05:36.725+0000] {dag.py:3239} INFO - Sync 3 DAGs
[2024-11-25T02:05:36.748+0000] {logging_mixin.py:190} INFO - [2024-11-25T02:05:36.748+0000] {dag.py:4180} INFO - Setting next_dagrun for example_subdag_operator to 2022-01-01 00:00:00+00:00, run_after=2022-01-01 00:00:00+00:00
[2024-11-25T02:05:36.752+0000] {logging_mixin.py:190} INFO - [2024-11-25T02:05:36.752+0000] {dag.py:4180} INFO - Setting next_dagrun for example_subdag_operator.section-1 to None, run_after=None
[2024-11-25T02:05:36.754+0000] {logging_mixin.py:190} INFO - [2024-11-25T02:05:36.753+0000] {dag.py:4180} INFO - Setting next_dagrun for example_subdag_operator.section-2 to None, run_after=None
[2024-11-25T02:05:36.762+0000] {logging_mixin.py:190} INFO - [2024-11-25T02:05:36.761+0000] {dag.py:3239} INFO - Sync 2 DAGs
[2024-11-25T02:05:36.769+0000] {logging_mixin.py:190} INFO - [2024-11-25T02:05:36.769+0000] {dag.py:4180} INFO - Setting next_dagrun for example_subdag_operator.section-1 to None, run_after=None
[2024-11-25T02:05:36.770+0000] {logging_mixin.py:190} INFO - [2024-11-25T02:05:36.770+0000] {dag.py:4180} INFO - Setting next_dagrun for example_subdag_operator.section-2 to None, run_after=None
[2024-11-25T02:05:36.780+0000] {processor.py:208} INFO - Processing /home/airflow/.local/lib/python3.12/site-packages/airflow/example_dags/example_subdag_operator.py took 0.101 seconds
[2024-11-25T02:06:06.938+0000] {processor.py:186} INFO - Started process (PID=1452) to work on /home/airflow/.local/lib/python3.12/site-packages/airflow/example_dags/example_subdag_operator.py
[2024-11-25T02:06:06.939+0000] {processor.py:914} INFO - Processing file /home/airflow/.local/lib/python3.12/site-packages/airflow/example_dags/example_subdag_operator.py for tasks to queue
[2024-11-25T02:06:06.942+0000] {logging_mixin.py:190} INFO - [2024-11-25T02:06:06.942+0000] {dagbag.py:588} INFO - Filling up the DagBag from /home/airflow/.local/lib/python3.12/site-packages/airflow/example_dags/example_subdag_operator.py
[2024-11-25T02:06:06.970+0000] {processor.py:925} INFO - DAG(s) 'example_subdag_operator.section-1', 'example_subdag_operator.section-2', 'example_subdag_operator' retrieved from /home/airflow/.local/lib/python3.12/site-packages/airflow/example_dags/example_subdag_operator.py
[2024-11-25T02:06:06.985+0000] {logging_mixin.py:190} INFO - [2024-11-25T02:06:06.985+0000] {dag.py:3239} INFO - Sync 3 DAGs
[2024-11-25T02:06:07.010+0000] {logging_mixin.py:190} INFO - [2024-11-25T02:06:07.010+0000] {dag.py:4180} INFO - Setting next_dagrun for example_subdag_operator to 2022-01-01 00:00:00+00:00, run_after=2022-01-01 00:00:00+00:00
[2024-11-25T02:06:07.014+0000] {logging_mixin.py:190} INFO - [2024-11-25T02:06:07.014+0000] {dag.py:4180} INFO - Setting next_dagrun for example_subdag_operator.section-1 to None, run_after=None
[2024-11-25T02:06:07.016+0000] {logging_mixin.py:190} INFO - [2024-11-25T02:06:07.016+0000] {dag.py:4180} INFO - Setting next_dagrun for example_subdag_operator.section-2 to None, run_after=None
[2024-11-25T02:06:07.024+0000] {logging_mixin.py:190} INFO - [2024-11-25T02:06:07.024+0000] {dag.py:3239} INFO - Sync 2 DAGs
[2024-11-25T02:06:07.030+0000] {logging_mixin.py:190} INFO - [2024-11-25T02:06:07.030+0000] {dag.py:4180} INFO - Setting next_dagrun for example_subdag_operator.section-1 to None, run_after=None
[2024-11-25T02:06:07.031+0000] {logging_mixin.py:190} INFO - [2024-11-25T02:06:07.031+0000] {dag.py:4180} INFO - Setting next_dagrun for example_subdag_operator.section-2 to None, run_after=None
[2024-11-25T02:06:07.041+0000] {processor.py:208} INFO - Processing /home/airflow/.local/lib/python3.12/site-packages/airflow/example_dags/example_subdag_operator.py took 0.108 seconds
[2024-11-25T02:06:37.238+0000] {processor.py:186} INFO - Started process (PID=1517) to work on /home/airflow/.local/lib/python3.12/site-packages/airflow/example_dags/example_subdag_operator.py
[2024-11-25T02:06:37.240+0000] {processor.py:914} INFO - Processing file /home/airflow/.local/lib/python3.12/site-packages/airflow/example_dags/example_subdag_operator.py for tasks to queue
[2024-11-25T02:06:37.244+0000] {logging_mixin.py:190} INFO - [2024-11-25T02:06:37.243+0000] {dagbag.py:588} INFO - Filling up the DagBag from /home/airflow/.local/lib/python3.12/site-packages/airflow/example_dags/example_subdag_operator.py
[2024-11-25T02:06:37.340+0000] {processor.py:925} INFO - DAG(s) 'example_subdag_operator.section-1', 'example_subdag_operator.section-2', 'example_subdag_operator' retrieved from /home/airflow/.local/lib/python3.12/site-packages/airflow/example_dags/example_subdag_operator.py
[2024-11-25T02:06:37.403+0000] {logging_mixin.py:190} INFO - [2024-11-25T02:06:37.403+0000] {dag.py:3239} INFO - Sync 3 DAGs
[2024-11-25T02:06:37.446+0000] {logging_mixin.py:190} INFO - [2024-11-25T02:06:37.445+0000] {dag.py:4180} INFO - Setting next_dagrun for example_subdag_operator to 2022-01-01 00:00:00+00:00, run_after=2022-01-01 00:00:00+00:00
[2024-11-25T02:06:37.456+0000] {logging_mixin.py:190} INFO - [2024-11-25T02:06:37.456+0000] {dag.py:4180} INFO - Setting next_dagrun for example_subdag_operator.section-1 to None, run_after=None
[2024-11-25T02:06:37.460+0000] {logging_mixin.py:190} INFO - [2024-11-25T02:06:37.459+0000] {dag.py:4180} INFO - Setting next_dagrun for example_subdag_operator.section-2 to None, run_after=None
[2024-11-25T02:06:37.474+0000] {logging_mixin.py:190} INFO - [2024-11-25T02:06:37.473+0000] {dag.py:3239} INFO - Sync 2 DAGs
[2024-11-25T02:06:37.486+0000] {logging_mixin.py:190} INFO - [2024-11-25T02:06:37.485+0000] {dag.py:4180} INFO - Setting next_dagrun for example_subdag_operator.section-1 to None, run_after=None
[2024-11-25T02:06:37.487+0000] {logging_mixin.py:190} INFO - [2024-11-25T02:06:37.487+0000] {dag.py:4180} INFO - Setting next_dagrun for example_subdag_operator.section-2 to None, run_after=None
[2024-11-25T02:06:37.504+0000] {processor.py:208} INFO - Processing /home/airflow/.local/lib/python3.12/site-packages/airflow/example_dags/example_subdag_operator.py took 0.286 seconds
[2024-11-25T02:07:08.184+0000] {processor.py:186} INFO - Started process (PID=1581) to work on /home/airflow/.local/lib/python3.12/site-packages/airflow/example_dags/example_subdag_operator.py
[2024-11-25T02:07:08.185+0000] {processor.py:914} INFO - Processing file /home/airflow/.local/lib/python3.12/site-packages/airflow/example_dags/example_subdag_operator.py for tasks to queue
[2024-11-25T02:07:08.188+0000] {logging_mixin.py:190} INFO - [2024-11-25T02:07:08.188+0000] {dagbag.py:588} INFO - Filling up the DagBag from /home/airflow/.local/lib/python3.12/site-packages/airflow/example_dags/example_subdag_operator.py
[2024-11-25T02:07:08.222+0000] {processor.py:925} INFO - DAG(s) 'example_subdag_operator.section-1', 'example_subdag_operator.section-2', 'example_subdag_operator' retrieved from /home/airflow/.local/lib/python3.12/site-packages/airflow/example_dags/example_subdag_operator.py
[2024-11-25T02:07:08.246+0000] {logging_mixin.py:190} INFO - [2024-11-25T02:07:08.245+0000] {dag.py:3239} INFO - Sync 3 DAGs
[2024-11-25T02:07:08.285+0000] {logging_mixin.py:190} INFO - [2024-11-25T02:07:08.285+0000] {dag.py:4180} INFO - Setting next_dagrun for example_subdag_operator to 2022-01-01 00:00:00+00:00, run_after=2022-01-01 00:00:00+00:00
[2024-11-25T02:07:08.294+0000] {logging_mixin.py:190} INFO - [2024-11-25T02:07:08.294+0000] {dag.py:4180} INFO - Setting next_dagrun for example_subdag_operator.section-1 to None, run_after=None
[2024-11-25T02:07:08.297+0000] {logging_mixin.py:190} INFO - [2024-11-25T02:07:08.297+0000] {dag.py:4180} INFO - Setting next_dagrun for example_subdag_operator.section-2 to None, run_after=None
[2024-11-25T02:07:08.312+0000] {logging_mixin.py:190} INFO - [2024-11-25T02:07:08.311+0000] {dag.py:3239} INFO - Sync 2 DAGs
[2024-11-25T02:07:08.328+0000] {logging_mixin.py:190} INFO - [2024-11-25T02:07:08.327+0000] {dag.py:4180} INFO - Setting next_dagrun for example_subdag_operator.section-1 to None, run_after=None
[2024-11-25T02:07:08.329+0000] {logging_mixin.py:190} INFO - [2024-11-25T02:07:08.328+0000] {dag.py:4180} INFO - Setting next_dagrun for example_subdag_operator.section-2 to None, run_after=None
[2024-11-25T02:07:08.341+0000] {processor.py:208} INFO - Processing /home/airflow/.local/lib/python3.12/site-packages/airflow/example_dags/example_subdag_operator.py took 0.164 seconds
[2024-11-25T02:07:38.600+0000] {processor.py:186} INFO - Started process (PID=1645) to work on /home/airflow/.local/lib/python3.12/site-packages/airflow/example_dags/example_subdag_operator.py
[2024-11-25T02:07:38.602+0000] {processor.py:914} INFO - Processing file /home/airflow/.local/lib/python3.12/site-packages/airflow/example_dags/example_subdag_operator.py for tasks to queue
[2024-11-25T02:07:38.605+0000] {logging_mixin.py:190} INFO - [2024-11-25T02:07:38.605+0000] {dagbag.py:588} INFO - Filling up the DagBag from /home/airflow/.local/lib/python3.12/site-packages/airflow/example_dags/example_subdag_operator.py
[2024-11-25T02:07:38.635+0000] {processor.py:925} INFO - DAG(s) 'example_subdag_operator.section-1', 'example_subdag_operator.section-2', 'example_subdag_operator' retrieved from /home/airflow/.local/lib/python3.12/site-packages/airflow/example_dags/example_subdag_operator.py
[2024-11-25T02:07:38.651+0000] {logging_mixin.py:190} INFO - [2024-11-25T02:07:38.651+0000] {dag.py:3239} INFO - Sync 3 DAGs
[2024-11-25T02:07:38.676+0000] {logging_mixin.py:190} INFO - [2024-11-25T02:07:38.676+0000] {dag.py:4180} INFO - Setting next_dagrun for example_subdag_operator to 2022-01-01 00:00:00+00:00, run_after=2022-01-01 00:00:00+00:00
[2024-11-25T02:07:38.680+0000] {logging_mixin.py:190} INFO - [2024-11-25T02:07:38.680+0000] {dag.py:4180} INFO - Setting next_dagrun for example_subdag_operator.section-1 to None, run_after=None
[2024-11-25T02:07:38.682+0000] {logging_mixin.py:190} INFO - [2024-11-25T02:07:38.682+0000] {dag.py:4180} INFO - Setting next_dagrun for example_subdag_operator.section-2 to None, run_after=None
[2024-11-25T02:07:38.689+0000] {logging_mixin.py:190} INFO - [2024-11-25T02:07:38.689+0000] {dag.py:3239} INFO - Sync 2 DAGs
[2024-11-25T02:07:38.694+0000] {logging_mixin.py:190} INFO - [2024-11-25T02:07:38.694+0000] {dag.py:4180} INFO - Setting next_dagrun for example_subdag_operator.section-1 to None, run_after=None
[2024-11-25T02:07:38.695+0000] {logging_mixin.py:190} INFO - [2024-11-25T02:07:38.695+0000] {dag.py:4180} INFO - Setting next_dagrun for example_subdag_operator.section-2 to None, run_after=None
[2024-11-25T02:07:38.706+0000] {processor.py:208} INFO - Processing /home/airflow/.local/lib/python3.12/site-packages/airflow/example_dags/example_subdag_operator.py took 0.112 seconds
[2024-11-25T02:08:09.356+0000] {processor.py:186} INFO - Started process (PID=1709) to work on /home/airflow/.local/lib/python3.12/site-packages/airflow/example_dags/example_subdag_operator.py
[2024-11-25T02:08:09.357+0000] {processor.py:914} INFO - Processing file /home/airflow/.local/lib/python3.12/site-packages/airflow/example_dags/example_subdag_operator.py for tasks to queue
[2024-11-25T02:08:09.359+0000] {logging_mixin.py:190} INFO - [2024-11-25T02:08:09.359+0000] {dagbag.py:588} INFO - Filling up the DagBag from /home/airflow/.local/lib/python3.12/site-packages/airflow/example_dags/example_subdag_operator.py
[2024-11-25T02:08:09.385+0000] {processor.py:925} INFO - DAG(s) 'example_subdag_operator.section-1', 'example_subdag_operator.section-2', 'example_subdag_operator' retrieved from /home/airflow/.local/lib/python3.12/site-packages/airflow/example_dags/example_subdag_operator.py
[2024-11-25T02:08:09.401+0000] {logging_mixin.py:190} INFO - [2024-11-25T02:08:09.401+0000] {dag.py:3239} INFO - Sync 3 DAGs
[2024-11-25T02:08:09.427+0000] {logging_mixin.py:190} INFO - [2024-11-25T02:08:09.427+0000] {dag.py:4180} INFO - Setting next_dagrun for example_subdag_operator to 2022-01-01 00:00:00+00:00, run_after=2022-01-01 00:00:00+00:00
[2024-11-25T02:08:09.432+0000] {logging_mixin.py:190} INFO - [2024-11-25T02:08:09.431+0000] {dag.py:4180} INFO - Setting next_dagrun for example_subdag_operator.section-1 to None, run_after=None
[2024-11-25T02:08:09.433+0000] {logging_mixin.py:190} INFO - [2024-11-25T02:08:09.433+0000] {dag.py:4180} INFO - Setting next_dagrun for example_subdag_operator.section-2 to None, run_after=None
[2024-11-25T02:08:09.441+0000] {logging_mixin.py:190} INFO - [2024-11-25T02:08:09.441+0000] {dag.py:3239} INFO - Sync 2 DAGs
[2024-11-25T02:08:09.447+0000] {logging_mixin.py:190} INFO - [2024-11-25T02:08:09.446+0000] {dag.py:4180} INFO - Setting next_dagrun for example_subdag_operator.section-1 to None, run_after=None
[2024-11-25T02:08:09.448+0000] {logging_mixin.py:190} INFO - [2024-11-25T02:08:09.447+0000] {dag.py:4180} INFO - Setting next_dagrun for example_subdag_operator.section-2 to None, run_after=None
[2024-11-25T02:08:09.459+0000] {processor.py:208} INFO - Processing /home/airflow/.local/lib/python3.12/site-packages/airflow/example_dags/example_subdag_operator.py took 0.108 seconds
[2024-11-25T02:08:40.292+0000] {processor.py:186} INFO - Started process (PID=1772) to work on /home/airflow/.local/lib/python3.12/site-packages/airflow/example_dags/example_subdag_operator.py
[2024-11-25T02:08:40.294+0000] {processor.py:914} INFO - Processing file /home/airflow/.local/lib/python3.12/site-packages/airflow/example_dags/example_subdag_operator.py for tasks to queue
[2024-11-25T02:08:40.297+0000] {logging_mixin.py:190} INFO - [2024-11-25T02:08:40.296+0000] {dagbag.py:588} INFO - Filling up the DagBag from /home/airflow/.local/lib/python3.12/site-packages/airflow/example_dags/example_subdag_operator.py
[2024-11-25T02:08:40.323+0000] {processor.py:925} INFO - DAG(s) 'example_subdag_operator.section-1', 'example_subdag_operator.section-2', 'example_subdag_operator' retrieved from /home/airflow/.local/lib/python3.12/site-packages/airflow/example_dags/example_subdag_operator.py
[2024-11-25T02:08:40.339+0000] {logging_mixin.py:190} INFO - [2024-11-25T02:08:40.339+0000] {dag.py:3239} INFO - Sync 3 DAGs
[2024-11-25T02:08:40.363+0000] {logging_mixin.py:190} INFO - [2024-11-25T02:08:40.363+0000] {dag.py:4180} INFO - Setting next_dagrun for example_subdag_operator to 2022-01-01 00:00:00+00:00, run_after=2022-01-01 00:00:00+00:00
[2024-11-25T02:08:40.368+0000] {logging_mixin.py:190} INFO - [2024-11-25T02:08:40.368+0000] {dag.py:4180} INFO - Setting next_dagrun for example_subdag_operator.section-1 to None, run_after=None
[2024-11-25T02:08:40.369+0000] {logging_mixin.py:190} INFO - [2024-11-25T02:08:40.369+0000] {dag.py:4180} INFO - Setting next_dagrun for example_subdag_operator.section-2 to None, run_after=None
[2024-11-25T02:08:40.377+0000] {logging_mixin.py:190} INFO - [2024-11-25T02:08:40.376+0000] {dag.py:3239} INFO - Sync 2 DAGs
[2024-11-25T02:08:40.383+0000] {logging_mixin.py:190} INFO - [2024-11-25T02:08:40.383+0000] {dag.py:4180} INFO - Setting next_dagrun for example_subdag_operator.section-1 to None, run_after=None
[2024-11-25T02:08:40.384+0000] {logging_mixin.py:190} INFO - [2024-11-25T02:08:40.384+0000] {dag.py:4180} INFO - Setting next_dagrun for example_subdag_operator.section-2 to None, run_after=None
[2024-11-25T02:08:40.395+0000] {processor.py:208} INFO - Processing /home/airflow/.local/lib/python3.12/site-packages/airflow/example_dags/example_subdag_operator.py took 0.110 seconds
[2024-11-25T02:09:10.873+0000] {processor.py:186} INFO - Started process (PID=1835) to work on /home/airflow/.local/lib/python3.12/site-packages/airflow/example_dags/example_subdag_operator.py
[2024-11-25T02:09:10.874+0000] {processor.py:914} INFO - Processing file /home/airflow/.local/lib/python3.12/site-packages/airflow/example_dags/example_subdag_operator.py for tasks to queue
[2024-11-25T02:09:10.877+0000] {logging_mixin.py:190} INFO - [2024-11-25T02:09:10.877+0000] {dagbag.py:588} INFO - Filling up the DagBag from /home/airflow/.local/lib/python3.12/site-packages/airflow/example_dags/example_subdag_operator.py
[2024-11-25T02:09:10.907+0000] {processor.py:925} INFO - DAG(s) 'example_subdag_operator.section-1', 'example_subdag_operator.section-2', 'example_subdag_operator' retrieved from /home/airflow/.local/lib/python3.12/site-packages/airflow/example_dags/example_subdag_operator.py
[2024-11-25T02:09:10.926+0000] {logging_mixin.py:190} INFO - [2024-11-25T02:09:10.926+0000] {dag.py:3239} INFO - Sync 3 DAGs
[2024-11-25T02:09:10.952+0000] {logging_mixin.py:190} INFO - [2024-11-25T02:09:10.952+0000] {dag.py:4180} INFO - Setting next_dagrun for example_subdag_operator to 2022-01-01 00:00:00+00:00, run_after=2022-01-01 00:00:00+00:00
[2024-11-25T02:09:10.957+0000] {logging_mixin.py:190} INFO - [2024-11-25T02:09:10.957+0000] {dag.py:4180} INFO - Setting next_dagrun for example_subdag_operator.section-1 to None, run_after=None
[2024-11-25T02:09:10.958+0000] {logging_mixin.py:190} INFO - [2024-11-25T02:09:10.958+0000] {dag.py:4180} INFO - Setting next_dagrun for example_subdag_operator.section-2 to None, run_after=None
[2024-11-25T02:09:10.967+0000] {logging_mixin.py:190} INFO - [2024-11-25T02:09:10.966+0000] {dag.py:3239} INFO - Sync 2 DAGs
[2024-11-25T02:09:10.973+0000] {logging_mixin.py:190} INFO - [2024-11-25T02:09:10.972+0000] {dag.py:4180} INFO - Setting next_dagrun for example_subdag_operator.section-1 to None, run_after=None
[2024-11-25T02:09:10.973+0000] {logging_mixin.py:190} INFO - [2024-11-25T02:09:10.973+0000] {dag.py:4180} INFO - Setting next_dagrun for example_subdag_operator.section-2 to None, run_after=None
[2024-11-25T02:09:10.985+0000] {processor.py:208} INFO - Processing /home/airflow/.local/lib/python3.12/site-packages/airflow/example_dags/example_subdag_operator.py took 0.119 seconds
[2024-11-25T02:09:41.794+0000] {processor.py:186} INFO - Started process (PID=1899) to work on /home/airflow/.local/lib/python3.12/site-packages/airflow/example_dags/example_subdag_operator.py
[2024-11-25T02:09:41.795+0000] {processor.py:914} INFO - Processing file /home/airflow/.local/lib/python3.12/site-packages/airflow/example_dags/example_subdag_operator.py for tasks to queue
[2024-11-25T02:09:41.798+0000] {logging_mixin.py:190} INFO - [2024-11-25T02:09:41.797+0000] {dagbag.py:588} INFO - Filling up the DagBag from /home/airflow/.local/lib/python3.12/site-packages/airflow/example_dags/example_subdag_operator.py
[2024-11-25T02:09:41.826+0000] {processor.py:925} INFO - DAG(s) 'example_subdag_operator.section-1', 'example_subdag_operator.section-2', 'example_subdag_operator' retrieved from /home/airflow/.local/lib/python3.12/site-packages/airflow/example_dags/example_subdag_operator.py
[2024-11-25T02:09:41.843+0000] {logging_mixin.py:190} INFO - [2024-11-25T02:09:41.843+0000] {dag.py:3239} INFO - Sync 3 DAGs
[2024-11-25T02:09:41.868+0000] {logging_mixin.py:190} INFO - [2024-11-25T02:09:41.868+0000] {dag.py:4180} INFO - Setting next_dagrun for example_subdag_operator to 2022-01-01 00:00:00+00:00, run_after=2022-01-01 00:00:00+00:00
[2024-11-25T02:09:41.872+0000] {logging_mixin.py:190} INFO - [2024-11-25T02:09:41.872+0000] {dag.py:4180} INFO - Setting next_dagrun for example_subdag_operator.section-1 to None, run_after=None
[2024-11-25T02:09:41.874+0000] {logging_mixin.py:190} INFO - [2024-11-25T02:09:41.874+0000] {dag.py:4180} INFO - Setting next_dagrun for example_subdag_operator.section-2 to None, run_after=None
[2024-11-25T02:09:41.882+0000] {logging_mixin.py:190} INFO - [2024-11-25T02:09:41.881+0000] {dag.py:3239} INFO - Sync 2 DAGs
[2024-11-25T02:09:41.887+0000] {logging_mixin.py:190} INFO - [2024-11-25T02:09:41.886+0000] {dag.py:4180} INFO - Setting next_dagrun for example_subdag_operator.section-1 to None, run_after=None
[2024-11-25T02:09:41.887+0000] {logging_mixin.py:190} INFO - [2024-11-25T02:09:41.887+0000] {dag.py:4180} INFO - Setting next_dagrun for example_subdag_operator.section-2 to None, run_after=None
[2024-11-25T02:09:41.899+0000] {processor.py:208} INFO - Processing /home/airflow/.local/lib/python3.12/site-packages/airflow/example_dags/example_subdag_operator.py took 0.112 seconds
[2024-11-25T02:10:12.711+0000] {processor.py:186} INFO - Started process (PID=1963) to work on /home/airflow/.local/lib/python3.12/site-packages/airflow/example_dags/example_subdag_operator.py
[2024-11-25T02:10:12.712+0000] {processor.py:914} INFO - Processing file /home/airflow/.local/lib/python3.12/site-packages/airflow/example_dags/example_subdag_operator.py for tasks to queue
[2024-11-25T02:10:12.714+0000] {logging_mixin.py:190} INFO - [2024-11-25T02:10:12.714+0000] {dagbag.py:588} INFO - Filling up the DagBag from /home/airflow/.local/lib/python3.12/site-packages/airflow/example_dags/example_subdag_operator.py
[2024-11-25T02:10:12.743+0000] {processor.py:925} INFO - DAG(s) 'example_subdag_operator.section-1', 'example_subdag_operator.section-2', 'example_subdag_operator' retrieved from /home/airflow/.local/lib/python3.12/site-packages/airflow/example_dags/example_subdag_operator.py
[2024-11-25T02:10:12.761+0000] {logging_mixin.py:190} INFO - [2024-11-25T02:10:12.761+0000] {dag.py:3239} INFO - Sync 3 DAGs
[2024-11-25T02:10:12.792+0000] {logging_mixin.py:190} INFO - [2024-11-25T02:10:12.792+0000] {dag.py:4180} INFO - Setting next_dagrun for example_subdag_operator to 2022-01-01 00:00:00+00:00, run_after=2022-01-01 00:00:00+00:00
[2024-11-25T02:10:12.796+0000] {logging_mixin.py:190} INFO - [2024-11-25T02:10:12.796+0000] {dag.py:4180} INFO - Setting next_dagrun for example_subdag_operator.section-1 to None, run_after=None
[2024-11-25T02:10:12.799+0000] {logging_mixin.py:190} INFO - [2024-11-25T02:10:12.799+0000] {dag.py:4180} INFO - Setting next_dagrun for example_subdag_operator.section-2 to None, run_after=None
[2024-11-25T02:10:12.808+0000] {logging_mixin.py:190} INFO - [2024-11-25T02:10:12.807+0000] {dag.py:3239} INFO - Sync 2 DAGs
[2024-11-25T02:10:12.814+0000] {logging_mixin.py:190} INFO - [2024-11-25T02:10:12.814+0000] {dag.py:4180} INFO - Setting next_dagrun for example_subdag_operator.section-1 to None, run_after=None
[2024-11-25T02:10:12.814+0000] {logging_mixin.py:190} INFO - [2024-11-25T02:10:12.814+0000] {dag.py:4180} INFO - Setting next_dagrun for example_subdag_operator.section-2 to None, run_after=None
[2024-11-25T02:10:12.825+0000] {processor.py:208} INFO - Processing /home/airflow/.local/lib/python3.12/site-packages/airflow/example_dags/example_subdag_operator.py took 0.121 seconds
[2024-11-25T02:10:44.310+0000] {processor.py:186} INFO - Started process (PID=2027) to work on /home/airflow/.local/lib/python3.12/site-packages/airflow/example_dags/example_subdag_operator.py
[2024-11-25T02:10:44.311+0000] {processor.py:914} INFO - Processing file /home/airflow/.local/lib/python3.12/site-packages/airflow/example_dags/example_subdag_operator.py for tasks to queue
[2024-11-25T02:10:44.315+0000] {logging_mixin.py:190} INFO - [2024-11-25T02:10:44.314+0000] {dagbag.py:588} INFO - Filling up the DagBag from /home/airflow/.local/lib/python3.12/site-packages/airflow/example_dags/example_subdag_operator.py
[2024-11-25T02:10:44.351+0000] {processor.py:925} INFO - DAG(s) 'example_subdag_operator.section-1', 'example_subdag_operator.section-2', 'example_subdag_operator' retrieved from /home/airflow/.local/lib/python3.12/site-packages/airflow/example_dags/example_subdag_operator.py
[2024-11-25T02:10:44.374+0000] {logging_mixin.py:190} INFO - [2024-11-25T02:10:44.373+0000] {dag.py:3239} INFO - Sync 3 DAGs
[2024-11-25T02:10:44.407+0000] {logging_mixin.py:190} INFO - [2024-11-25T02:10:44.407+0000] {dag.py:4180} INFO - Setting next_dagrun for example_subdag_operator to 2022-01-01 00:00:00+00:00, run_after=2022-01-01 00:00:00+00:00
[2024-11-25T02:10:44.412+0000] {logging_mixin.py:190} INFO - [2024-11-25T02:10:44.412+0000] {dag.py:4180} INFO - Setting next_dagrun for example_subdag_operator.section-1 to None, run_after=None
[2024-11-25T02:10:44.414+0000] {logging_mixin.py:190} INFO - [2024-11-25T02:10:44.414+0000] {dag.py:4180} INFO - Setting next_dagrun for example_subdag_operator.section-2 to None, run_after=None
[2024-11-25T02:10:44.423+0000] {logging_mixin.py:190} INFO - [2024-11-25T02:10:44.423+0000] {dag.py:3239} INFO - Sync 2 DAGs
[2024-11-25T02:10:44.431+0000] {logging_mixin.py:190} INFO - [2024-11-25T02:10:44.430+0000] {dag.py:4180} INFO - Setting next_dagrun for example_subdag_operator.section-1 to None, run_after=None
[2024-11-25T02:10:44.431+0000] {logging_mixin.py:190} INFO - [2024-11-25T02:10:44.431+0000] {dag.py:4180} INFO - Setting next_dagrun for example_subdag_operator.section-2 to None, run_after=None
[2024-11-25T02:10:44.443+0000] {processor.py:208} INFO - Processing /home/airflow/.local/lib/python3.12/site-packages/airflow/example_dags/example_subdag_operator.py took 0.142 seconds
[2024-11-25T02:11:14.705+0000] {processor.py:186} INFO - Started process (PID=2091) to work on /home/airflow/.local/lib/python3.12/site-packages/airflow/example_dags/example_subdag_operator.py
[2024-11-25T02:11:14.707+0000] {processor.py:914} INFO - Processing file /home/airflow/.local/lib/python3.12/site-packages/airflow/example_dags/example_subdag_operator.py for tasks to queue
[2024-11-25T02:11:14.714+0000] {logging_mixin.py:190} INFO - [2024-11-25T02:11:14.711+0000] {dagbag.py:588} INFO - Filling up the DagBag from /home/airflow/.local/lib/python3.12/site-packages/airflow/example_dags/example_subdag_operator.py
[2024-11-25T02:11:14.765+0000] {processor.py:925} INFO - DAG(s) 'example_subdag_operator.section-1', 'example_subdag_operator.section-2', 'example_subdag_operator' retrieved from /home/airflow/.local/lib/python3.12/site-packages/airflow/example_dags/example_subdag_operator.py
[2024-11-25T02:11:14.787+0000] {logging_mixin.py:190} INFO - [2024-11-25T02:11:14.786+0000] {dag.py:3239} INFO - Sync 3 DAGs
[2024-11-25T02:11:14.813+0000] {logging_mixin.py:190} INFO - [2024-11-25T02:11:14.813+0000] {dag.py:4180} INFO - Setting next_dagrun for example_subdag_operator to 2022-01-01 00:00:00+00:00, run_after=2022-01-01 00:00:00+00:00
[2024-11-25T02:11:14.817+0000] {logging_mixin.py:190} INFO - [2024-11-25T02:11:14.817+0000] {dag.py:4180} INFO - Setting next_dagrun for example_subdag_operator.section-1 to None, run_after=None
[2024-11-25T02:11:14.819+0000] {logging_mixin.py:190} INFO - [2024-11-25T02:11:14.819+0000] {dag.py:4180} INFO - Setting next_dagrun for example_subdag_operator.section-2 to None, run_after=None
[2024-11-25T02:11:14.826+0000] {logging_mixin.py:190} INFO - [2024-11-25T02:11:14.826+0000] {dag.py:3239} INFO - Sync 2 DAGs
[2024-11-25T02:11:14.832+0000] {logging_mixin.py:190} INFO - [2024-11-25T02:11:14.831+0000] {dag.py:4180} INFO - Setting next_dagrun for example_subdag_operator.section-1 to None, run_after=None
[2024-11-25T02:11:14.832+0000] {logging_mixin.py:190} INFO - [2024-11-25T02:11:14.832+0000] {dag.py:4180} INFO - Setting next_dagrun for example_subdag_operator.section-2 to None, run_after=None
[2024-11-25T02:11:14.841+0000] {processor.py:208} INFO - Processing /home/airflow/.local/lib/python3.12/site-packages/airflow/example_dags/example_subdag_operator.py took 0.148 seconds
[2024-11-25T02:11:45.770+0000] {processor.py:186} INFO - Started process (PID=2156) to work on /home/airflow/.local/lib/python3.12/site-packages/airflow/example_dags/example_subdag_operator.py
[2024-11-25T02:11:45.772+0000] {processor.py:914} INFO - Processing file /home/airflow/.local/lib/python3.12/site-packages/airflow/example_dags/example_subdag_operator.py for tasks to queue
[2024-11-25T02:11:45.777+0000] {logging_mixin.py:190} INFO - [2024-11-25T02:11:45.776+0000] {dagbag.py:588} INFO - Filling up the DagBag from /home/airflow/.local/lib/python3.12/site-packages/airflow/example_dags/example_subdag_operator.py
[2024-11-25T02:11:45.850+0000] {processor.py:925} INFO - DAG(s) 'example_subdag_operator.section-1', 'example_subdag_operator.section-2', 'example_subdag_operator' retrieved from /home/airflow/.local/lib/python3.12/site-packages/airflow/example_dags/example_subdag_operator.py
[2024-11-25T02:11:45.881+0000] {logging_mixin.py:190} INFO - [2024-11-25T02:11:45.881+0000] {dag.py:3239} INFO - Sync 3 DAGs
[2024-11-25T02:11:45.932+0000] {logging_mixin.py:190} INFO - [2024-11-25T02:11:45.932+0000] {dag.py:4180} INFO - Setting next_dagrun for example_subdag_operator to 2022-01-01 00:00:00+00:00, run_after=2022-01-01 00:00:00+00:00
[2024-11-25T02:11:45.942+0000] {logging_mixin.py:190} INFO - [2024-11-25T02:11:45.942+0000] {dag.py:4180} INFO - Setting next_dagrun for example_subdag_operator.section-1 to None, run_after=None
[2024-11-25T02:11:45.944+0000] {logging_mixin.py:190} INFO - [2024-11-25T02:11:45.944+0000] {dag.py:4180} INFO - Setting next_dagrun for example_subdag_operator.section-2 to None, run_after=None
[2024-11-25T02:11:45.953+0000] {logging_mixin.py:190} INFO - [2024-11-25T02:11:45.952+0000] {dag.py:3239} INFO - Sync 2 DAGs
[2024-11-25T02:11:45.961+0000] {logging_mixin.py:190} INFO - [2024-11-25T02:11:45.961+0000] {dag.py:4180} INFO - Setting next_dagrun for example_subdag_operator.section-1 to None, run_after=None
[2024-11-25T02:11:45.962+0000] {logging_mixin.py:190} INFO - [2024-11-25T02:11:45.961+0000] {dag.py:4180} INFO - Setting next_dagrun for example_subdag_operator.section-2 to None, run_after=None
[2024-11-25T02:11:45.978+0000] {processor.py:208} INFO - Processing /home/airflow/.local/lib/python3.12/site-packages/airflow/example_dags/example_subdag_operator.py took 0.223 seconds
[2024-11-25T02:12:16.186+0000] {processor.py:186} INFO - Started process (PID=2220) to work on /home/airflow/.local/lib/python3.12/site-packages/airflow/example_dags/example_subdag_operator.py
[2024-11-25T02:12:16.188+0000] {processor.py:914} INFO - Processing file /home/airflow/.local/lib/python3.12/site-packages/airflow/example_dags/example_subdag_operator.py for tasks to queue
[2024-11-25T02:12:16.195+0000] {logging_mixin.py:190} INFO - [2024-11-25T02:12:16.194+0000] {dagbag.py:588} INFO - Filling up the DagBag from /home/airflow/.local/lib/python3.12/site-packages/airflow/example_dags/example_subdag_operator.py
[2024-11-25T02:12:16.256+0000] {processor.py:925} INFO - DAG(s) 'example_subdag_operator.section-1', 'example_subdag_operator.section-2', 'example_subdag_operator' retrieved from /home/airflow/.local/lib/python3.12/site-packages/airflow/example_dags/example_subdag_operator.py
[2024-11-25T02:12:16.286+0000] {logging_mixin.py:190} INFO - [2024-11-25T02:12:16.286+0000] {dag.py:3239} INFO - Sync 3 DAGs
[2024-11-25T02:12:16.337+0000] {logging_mixin.py:190} INFO - [2024-11-25T02:12:16.336+0000] {dag.py:4180} INFO - Setting next_dagrun for example_subdag_operator to 2022-01-01 00:00:00+00:00, run_after=2022-01-01 00:00:00+00:00
[2024-11-25T02:12:16.342+0000] {logging_mixin.py:190} INFO - [2024-11-25T02:12:16.342+0000] {dag.py:4180} INFO - Setting next_dagrun for example_subdag_operator.section-1 to None, run_after=None
[2024-11-25T02:12:16.346+0000] {logging_mixin.py:190} INFO - [2024-11-25T02:12:16.345+0000] {dag.py:4180} INFO - Setting next_dagrun for example_subdag_operator.section-2 to None, run_after=None
[2024-11-25T02:12:16.356+0000] {logging_mixin.py:190} INFO - [2024-11-25T02:12:16.355+0000] {dag.py:3239} INFO - Sync 2 DAGs
[2024-11-25T02:12:16.711+0000] {logging_mixin.py:190} INFO - [2024-11-25T02:12:16.710+0000] {dag.py:4180} INFO - Setting next_dagrun for example_subdag_operator.section-1 to None, run_after=None
[2024-11-25T02:12:16.712+0000] {logging_mixin.py:190} INFO - [2024-11-25T02:12:16.712+0000] {dag.py:4180} INFO - Setting next_dagrun for example_subdag_operator.section-2 to None, run_after=None
[2024-11-25T02:12:16.732+0000] {processor.py:208} INFO - Processing /home/airflow/.local/lib/python3.12/site-packages/airflow/example_dags/example_subdag_operator.py took 0.555 seconds
[2024-11-25T02:12:47.400+0000] {processor.py:186} INFO - Started process (PID=2284) to work on /home/airflow/.local/lib/python3.12/site-packages/airflow/example_dags/example_subdag_operator.py
[2024-11-25T02:12:47.401+0000] {processor.py:914} INFO - Processing file /home/airflow/.local/lib/python3.12/site-packages/airflow/example_dags/example_subdag_operator.py for tasks to queue
[2024-11-25T02:12:47.404+0000] {logging_mixin.py:190} INFO - [2024-11-25T02:12:47.403+0000] {dagbag.py:588} INFO - Filling up the DagBag from /home/airflow/.local/lib/python3.12/site-packages/airflow/example_dags/example_subdag_operator.py
[2024-11-25T02:12:47.434+0000] {processor.py:925} INFO - DAG(s) 'example_subdag_operator.section-1', 'example_subdag_operator.section-2', 'example_subdag_operator' retrieved from /home/airflow/.local/lib/python3.12/site-packages/airflow/example_dags/example_subdag_operator.py
[2024-11-25T02:12:47.459+0000] {logging_mixin.py:190} INFO - [2024-11-25T02:12:47.459+0000] {dag.py:3239} INFO - Sync 3 DAGs
[2024-11-25T02:12:47.493+0000] {logging_mixin.py:190} INFO - [2024-11-25T02:12:47.493+0000] {dag.py:4180} INFO - Setting next_dagrun for example_subdag_operator to 2022-01-01 00:00:00+00:00, run_after=2022-01-01 00:00:00+00:00
[2024-11-25T02:12:47.498+0000] {logging_mixin.py:190} INFO - [2024-11-25T02:12:47.498+0000] {dag.py:4180} INFO - Setting next_dagrun for example_subdag_operator.section-1 to None, run_after=None
[2024-11-25T02:12:47.500+0000] {logging_mixin.py:190} INFO - [2024-11-25T02:12:47.499+0000] {dag.py:4180} INFO - Setting next_dagrun for example_subdag_operator.section-2 to None, run_after=None
[2024-11-25T02:12:47.509+0000] {logging_mixin.py:190} INFO - [2024-11-25T02:12:47.509+0000] {dag.py:3239} INFO - Sync 2 DAGs
[2024-11-25T02:12:47.522+0000] {logging_mixin.py:190} INFO - [2024-11-25T02:12:47.521+0000] {dag.py:4180} INFO - Setting next_dagrun for example_subdag_operator.section-1 to None, run_after=None
[2024-11-25T02:12:47.522+0000] {logging_mixin.py:190} INFO - [2024-11-25T02:12:47.522+0000] {dag.py:4180} INFO - Setting next_dagrun for example_subdag_operator.section-2 to None, run_after=None
[2024-11-25T02:12:47.545+0000] {processor.py:208} INFO - Processing /home/airflow/.local/lib/python3.12/site-packages/airflow/example_dags/example_subdag_operator.py took 0.152 seconds
[2024-11-25T02:13:17.752+0000] {processor.py:186} INFO - Started process (PID=2348) to work on /home/airflow/.local/lib/python3.12/site-packages/airflow/example_dags/example_subdag_operator.py
[2024-11-25T02:13:17.753+0000] {processor.py:914} INFO - Processing file /home/airflow/.local/lib/python3.12/site-packages/airflow/example_dags/example_subdag_operator.py for tasks to queue
[2024-11-25T02:13:17.755+0000] {logging_mixin.py:190} INFO - [2024-11-25T02:13:17.755+0000] {dagbag.py:588} INFO - Filling up the DagBag from /home/airflow/.local/lib/python3.12/site-packages/airflow/example_dags/example_subdag_operator.py
[2024-11-25T02:13:17.786+0000] {processor.py:925} INFO - DAG(s) 'example_subdag_operator.section-1', 'example_subdag_operator.section-2', 'example_subdag_operator' retrieved from /home/airflow/.local/lib/python3.12/site-packages/airflow/example_dags/example_subdag_operator.py
[2024-11-25T02:13:17.805+0000] {logging_mixin.py:190} INFO - [2024-11-25T02:13:17.805+0000] {dag.py:3239} INFO - Sync 3 DAGs
[2024-11-25T02:13:17.828+0000] {logging_mixin.py:190} INFO - [2024-11-25T02:13:17.828+0000] {dag.py:4180} INFO - Setting next_dagrun for example_subdag_operator to 2022-01-01 00:00:00+00:00, run_after=2022-01-01 00:00:00+00:00
[2024-11-25T02:13:17.832+0000] {logging_mixin.py:190} INFO - [2024-11-25T02:13:17.832+0000] {dag.py:4180} INFO - Setting next_dagrun for example_subdag_operator.section-1 to None, run_after=None
[2024-11-25T02:13:17.835+0000] {logging_mixin.py:190} INFO - [2024-11-25T02:13:17.835+0000] {dag.py:4180} INFO - Setting next_dagrun for example_subdag_operator.section-2 to None, run_after=None
[2024-11-25T02:13:17.843+0000] {logging_mixin.py:190} INFO - [2024-11-25T02:13:17.843+0000] {dag.py:3239} INFO - Sync 2 DAGs
[2024-11-25T02:13:17.849+0000] {logging_mixin.py:190} INFO - [2024-11-25T02:13:17.849+0000] {dag.py:4180} INFO - Setting next_dagrun for example_subdag_operator.section-1 to None, run_after=None
[2024-11-25T02:13:17.849+0000] {logging_mixin.py:190} INFO - [2024-11-25T02:13:17.849+0000] {dag.py:4180} INFO - Setting next_dagrun for example_subdag_operator.section-2 to None, run_after=None
[2024-11-25T02:13:17.860+0000] {processor.py:208} INFO - Processing /home/airflow/.local/lib/python3.12/site-packages/airflow/example_dags/example_subdag_operator.py took 0.114 seconds
[2024-11-25T02:13:47.933+0000] {processor.py:186} INFO - Started process (PID=2412) to work on /home/airflow/.local/lib/python3.12/site-packages/airflow/example_dags/example_subdag_operator.py
[2024-11-25T02:13:47.934+0000] {processor.py:914} INFO - Processing file /home/airflow/.local/lib/python3.12/site-packages/airflow/example_dags/example_subdag_operator.py for tasks to queue
[2024-11-25T02:13:47.937+0000] {logging_mixin.py:190} INFO - [2024-11-25T02:13:47.936+0000] {dagbag.py:588} INFO - Filling up the DagBag from /home/airflow/.local/lib/python3.12/site-packages/airflow/example_dags/example_subdag_operator.py
[2024-11-25T02:13:47.960+0000] {processor.py:925} INFO - DAG(s) 'example_subdag_operator.section-1', 'example_subdag_operator.section-2', 'example_subdag_operator' retrieved from /home/airflow/.local/lib/python3.12/site-packages/airflow/example_dags/example_subdag_operator.py
[2024-11-25T02:13:47.973+0000] {logging_mixin.py:190} INFO - [2024-11-25T02:13:47.973+0000] {dag.py:3239} INFO - Sync 3 DAGs
[2024-11-25T02:13:47.994+0000] {logging_mixin.py:190} INFO - [2024-11-25T02:13:47.994+0000] {dag.py:4180} INFO - Setting next_dagrun for example_subdag_operator to 2022-01-01 00:00:00+00:00, run_after=2022-01-01 00:00:00+00:00
[2024-11-25T02:13:47.998+0000] {logging_mixin.py:190} INFO - [2024-11-25T02:13:47.998+0000] {dag.py:4180} INFO - Setting next_dagrun for example_subdag_operator.section-1 to None, run_after=None
[2024-11-25T02:13:47.999+0000] {logging_mixin.py:190} INFO - [2024-11-25T02:13:47.999+0000] {dag.py:4180} INFO - Setting next_dagrun for example_subdag_operator.section-2 to None, run_after=None
[2024-11-25T02:13:48.005+0000] {logging_mixin.py:190} INFO - [2024-11-25T02:13:48.005+0000] {dag.py:3239} INFO - Sync 2 DAGs
[2024-11-25T02:13:48.010+0000] {logging_mixin.py:190} INFO - [2024-11-25T02:13:48.009+0000] {dag.py:4180} INFO - Setting next_dagrun for example_subdag_operator.section-1 to None, run_after=None
[2024-11-25T02:13:48.010+0000] {logging_mixin.py:190} INFO - [2024-11-25T02:13:48.010+0000] {dag.py:4180} INFO - Setting next_dagrun for example_subdag_operator.section-2 to None, run_after=None
[2024-11-25T02:13:48.019+0000] {processor.py:208} INFO - Processing /home/airflow/.local/lib/python3.12/site-packages/airflow/example_dags/example_subdag_operator.py took 0.093 seconds
[2024-11-25T02:14:18.883+0000] {processor.py:186} INFO - Started process (PID=2475) to work on /home/airflow/.local/lib/python3.12/site-packages/airflow/example_dags/example_subdag_operator.py
[2024-11-25T02:14:18.885+0000] {processor.py:914} INFO - Processing file /home/airflow/.local/lib/python3.12/site-packages/airflow/example_dags/example_subdag_operator.py for tasks to queue
[2024-11-25T02:14:18.888+0000] {logging_mixin.py:190} INFO - [2024-11-25T02:14:18.887+0000] {dagbag.py:588} INFO - Filling up the DagBag from /home/airflow/.local/lib/python3.12/site-packages/airflow/example_dags/example_subdag_operator.py
[2024-11-25T02:14:18.916+0000] {processor.py:925} INFO - DAG(s) 'example_subdag_operator.section-1', 'example_subdag_operator.section-2', 'example_subdag_operator' retrieved from /home/airflow/.local/lib/python3.12/site-packages/airflow/example_dags/example_subdag_operator.py
[2024-11-25T02:14:18.934+0000] {logging_mixin.py:190} INFO - [2024-11-25T02:14:18.934+0000] {dag.py:3239} INFO - Sync 3 DAGs
[2024-11-25T02:14:18.967+0000] {logging_mixin.py:190} INFO - [2024-11-25T02:14:18.966+0000] {dag.py:4180} INFO - Setting next_dagrun for example_subdag_operator to 2022-01-01 00:00:00+00:00, run_after=2022-01-01 00:00:00+00:00
[2024-11-25T02:14:18.971+0000] {logging_mixin.py:190} INFO - [2024-11-25T02:14:18.971+0000] {dag.py:4180} INFO - Setting next_dagrun for example_subdag_operator.section-1 to None, run_after=None
[2024-11-25T02:14:18.973+0000] {logging_mixin.py:190} INFO - [2024-11-25T02:14:18.973+0000] {dag.py:4180} INFO - Setting next_dagrun for example_subdag_operator.section-2 to None, run_after=None
[2024-11-25T02:14:18.983+0000] {logging_mixin.py:190} INFO - [2024-11-25T02:14:18.983+0000] {dag.py:3239} INFO - Sync 2 DAGs
[2024-11-25T02:14:18.990+0000] {logging_mixin.py:190} INFO - [2024-11-25T02:14:18.990+0000] {dag.py:4180} INFO - Setting next_dagrun for example_subdag_operator.section-1 to None, run_after=None
[2024-11-25T02:14:18.991+0000] {logging_mixin.py:190} INFO - [2024-11-25T02:14:18.991+0000] {dag.py:4180} INFO - Setting next_dagrun for example_subdag_operator.section-2 to None, run_after=None
[2024-11-25T02:14:19.007+0000] {processor.py:208} INFO - Processing /home/airflow/.local/lib/python3.12/site-packages/airflow/example_dags/example_subdag_operator.py took 0.132 seconds
[2024-11-25T02:14:49.948+0000] {processor.py:186} INFO - Started process (PID=2539) to work on /home/airflow/.local/lib/python3.12/site-packages/airflow/example_dags/example_subdag_operator.py
[2024-11-25T02:14:49.949+0000] {processor.py:914} INFO - Processing file /home/airflow/.local/lib/python3.12/site-packages/airflow/example_dags/example_subdag_operator.py for tasks to queue
[2024-11-25T02:14:49.952+0000] {logging_mixin.py:190} INFO - [2024-11-25T02:14:49.952+0000] {dagbag.py:588} INFO - Filling up the DagBag from /home/airflow/.local/lib/python3.12/site-packages/airflow/example_dags/example_subdag_operator.py
[2024-11-25T02:14:49.991+0000] {processor.py:925} INFO - DAG(s) 'example_subdag_operator.section-1', 'example_subdag_operator.section-2', 'example_subdag_operator' retrieved from /home/airflow/.local/lib/python3.12/site-packages/airflow/example_dags/example_subdag_operator.py
[2024-11-25T02:14:50.038+0000] {logging_mixin.py:190} INFO - [2024-11-25T02:14:50.037+0000] {dag.py:3239} INFO - Sync 3 DAGs
[2024-11-25T02:14:50.520+0000] {logging_mixin.py:190} INFO - [2024-11-25T02:14:50.520+0000] {dag.py:4180} INFO - Setting next_dagrun for example_subdag_operator to 2022-01-01 00:00:00+00:00, run_after=2022-01-01 00:00:00+00:00
[2024-11-25T02:14:50.524+0000] {logging_mixin.py:190} INFO - [2024-11-25T02:14:50.524+0000] {dag.py:4180} INFO - Setting next_dagrun for example_subdag_operator.section-1 to None, run_after=None
[2024-11-25T02:14:50.526+0000] {logging_mixin.py:190} INFO - [2024-11-25T02:14:50.526+0000] {dag.py:4180} INFO - Setting next_dagrun for example_subdag_operator.section-2 to None, run_after=None
[2024-11-25T02:14:50.535+0000] {logging_mixin.py:190} INFO - [2024-11-25T02:14:50.534+0000] {dag.py:3239} INFO - Sync 2 DAGs
[2024-11-25T02:14:50.540+0000] {logging_mixin.py:190} INFO - [2024-11-25T02:14:50.540+0000] {dag.py:4180} INFO - Setting next_dagrun for example_subdag_operator.section-1 to None, run_after=None
[2024-11-25T02:14:50.541+0000] {logging_mixin.py:190} INFO - [2024-11-25T02:14:50.541+0000] {dag.py:4180} INFO - Setting next_dagrun for example_subdag_operator.section-2 to None, run_after=None
[2024-11-25T02:14:50.553+0000] {processor.py:208} INFO - Processing /home/airflow/.local/lib/python3.12/site-packages/airflow/example_dags/example_subdag_operator.py took 0.615 seconds
[2024-11-25T02:15:21.023+0000] {processor.py:186} INFO - Started process (PID=2604) to work on /home/airflow/.local/lib/python3.12/site-packages/airflow/example_dags/example_subdag_operator.py
[2024-11-25T02:15:21.025+0000] {processor.py:914} INFO - Processing file /home/airflow/.local/lib/python3.12/site-packages/airflow/example_dags/example_subdag_operator.py for tasks to queue
[2024-11-25T02:15:21.029+0000] {logging_mixin.py:190} INFO - [2024-11-25T02:15:21.028+0000] {dagbag.py:588} INFO - Filling up the DagBag from /home/airflow/.local/lib/python3.12/site-packages/airflow/example_dags/example_subdag_operator.py
[2024-11-25T02:15:21.069+0000] {processor.py:925} INFO - DAG(s) 'example_subdag_operator.section-1', 'example_subdag_operator.section-2', 'example_subdag_operator' retrieved from /home/airflow/.local/lib/python3.12/site-packages/airflow/example_dags/example_subdag_operator.py
[2024-11-25T02:15:21.113+0000] {logging_mixin.py:190} INFO - [2024-11-25T02:15:21.112+0000] {dag.py:3239} INFO - Sync 3 DAGs
[2024-11-25T02:15:21.430+0000] {logging_mixin.py:190} INFO - [2024-11-25T02:15:21.430+0000] {dag.py:4180} INFO - Setting next_dagrun for example_subdag_operator to 2022-01-01 00:00:00+00:00, run_after=2022-01-01 00:00:00+00:00
[2024-11-25T02:15:21.434+0000] {logging_mixin.py:190} INFO - [2024-11-25T02:15:21.434+0000] {dag.py:4180} INFO - Setting next_dagrun for example_subdag_operator.section-1 to None, run_after=None
[2024-11-25T02:15:21.436+0000] {logging_mixin.py:190} INFO - [2024-11-25T02:15:21.435+0000] {dag.py:4180} INFO - Setting next_dagrun for example_subdag_operator.section-2 to None, run_after=None
[2024-11-25T02:15:21.444+0000] {logging_mixin.py:190} INFO - [2024-11-25T02:15:21.443+0000] {dag.py:3239} INFO - Sync 2 DAGs
[2024-11-25T02:15:21.453+0000] {logging_mixin.py:190} INFO - [2024-11-25T02:15:21.453+0000] {dag.py:4180} INFO - Setting next_dagrun for example_subdag_operator.section-1 to None, run_after=None
[2024-11-25T02:15:21.455+0000] {logging_mixin.py:190} INFO - [2024-11-25T02:15:21.454+0000] {dag.py:4180} INFO - Setting next_dagrun for example_subdag_operator.section-2 to None, run_after=None
[2024-11-25T02:15:21.481+0000] {processor.py:208} INFO - Processing /home/airflow/.local/lib/python3.12/site-packages/airflow/example_dags/example_subdag_operator.py took 0.468 seconds
[2024-11-25T02:15:52.340+0000] {processor.py:186} INFO - Started process (PID=2668) to work on /home/airflow/.local/lib/python3.12/site-packages/airflow/example_dags/example_subdag_operator.py
[2024-11-25T02:15:52.341+0000] {processor.py:914} INFO - Processing file /home/airflow/.local/lib/python3.12/site-packages/airflow/example_dags/example_subdag_operator.py for tasks to queue
[2024-11-25T02:15:52.343+0000] {logging_mixin.py:190} INFO - [2024-11-25T02:15:52.343+0000] {dagbag.py:588} INFO - Filling up the DagBag from /home/airflow/.local/lib/python3.12/site-packages/airflow/example_dags/example_subdag_operator.py
[2024-11-25T02:15:52.366+0000] {processor.py:925} INFO - DAG(s) 'example_subdag_operator.section-1', 'example_subdag_operator.section-2', 'example_subdag_operator' retrieved from /home/airflow/.local/lib/python3.12/site-packages/airflow/example_dags/example_subdag_operator.py
[2024-11-25T02:15:52.380+0000] {logging_mixin.py:190} INFO - [2024-11-25T02:15:52.380+0000] {dag.py:3239} INFO - Sync 3 DAGs
[2024-11-25T02:15:52.403+0000] {logging_mixin.py:190} INFO - [2024-11-25T02:15:52.403+0000] {dag.py:4180} INFO - Setting next_dagrun for example_subdag_operator to 2022-01-01 00:00:00+00:00, run_after=2022-01-01 00:00:00+00:00
[2024-11-25T02:15:52.406+0000] {logging_mixin.py:190} INFO - [2024-11-25T02:15:52.406+0000] {dag.py:4180} INFO - Setting next_dagrun for example_subdag_operator.section-1 to None, run_after=None
[2024-11-25T02:15:52.551+0000] {logging_mixin.py:190} INFO - [2024-11-25T02:15:52.551+0000] {dag.py:4180} INFO - Setting next_dagrun for example_subdag_operator.section-2 to None, run_after=None
[2024-11-25T02:15:52.557+0000] {logging_mixin.py:190} INFO - [2024-11-25T02:15:52.557+0000] {dag.py:3239} INFO - Sync 2 DAGs
[2024-11-25T02:15:52.562+0000] {logging_mixin.py:190} INFO - [2024-11-25T02:15:52.562+0000] {dag.py:4180} INFO - Setting next_dagrun for example_subdag_operator.section-1 to None, run_after=None
[2024-11-25T02:15:52.563+0000] {logging_mixin.py:190} INFO - [2024-11-25T02:15:52.562+0000] {dag.py:4180} INFO - Setting next_dagrun for example_subdag_operator.section-2 to None, run_after=None
[2024-11-25T02:15:52.582+0000] {processor.py:208} INFO - Processing /home/airflow/.local/lib/python3.12/site-packages/airflow/example_dags/example_subdag_operator.py took 0.247 seconds
[2024-11-25T02:16:23.309+0000] {processor.py:186} INFO - Started process (PID=2732) to work on /home/airflow/.local/lib/python3.12/site-packages/airflow/example_dags/example_subdag_operator.py
[2024-11-25T02:16:23.310+0000] {processor.py:914} INFO - Processing file /home/airflow/.local/lib/python3.12/site-packages/airflow/example_dags/example_subdag_operator.py for tasks to queue
[2024-11-25T02:16:23.313+0000] {logging_mixin.py:190} INFO - [2024-11-25T02:16:23.313+0000] {dagbag.py:588} INFO - Filling up the DagBag from /home/airflow/.local/lib/python3.12/site-packages/airflow/example_dags/example_subdag_operator.py
[2024-11-25T02:16:23.346+0000] {processor.py:925} INFO - DAG(s) 'example_subdag_operator.section-1', 'example_subdag_operator.section-2', 'example_subdag_operator' retrieved from /home/airflow/.local/lib/python3.12/site-packages/airflow/example_dags/example_subdag_operator.py
[2024-11-25T02:16:23.363+0000] {logging_mixin.py:190} INFO - [2024-11-25T02:16:23.363+0000] {dag.py:3239} INFO - Sync 3 DAGs
[2024-11-25T02:16:23.393+0000] {logging_mixin.py:190} INFO - [2024-11-25T02:16:23.392+0000] {dag.py:4180} INFO - Setting next_dagrun for example_subdag_operator to 2022-01-01 00:00:00+00:00, run_after=2022-01-01 00:00:00+00:00
[2024-11-25T02:16:23.397+0000] {logging_mixin.py:190} INFO - [2024-11-25T02:16:23.397+0000] {dag.py:4180} INFO - Setting next_dagrun for example_subdag_operator.section-1 to None, run_after=None
[2024-11-25T02:16:23.400+0000] {logging_mixin.py:190} INFO - [2024-11-25T02:16:23.400+0000] {dag.py:4180} INFO - Setting next_dagrun for example_subdag_operator.section-2 to None, run_after=None
[2024-11-25T02:16:23.408+0000] {logging_mixin.py:190} INFO - [2024-11-25T02:16:23.408+0000] {dag.py:3239} INFO - Sync 2 DAGs
[2024-11-25T02:16:23.414+0000] {logging_mixin.py:190} INFO - [2024-11-25T02:16:23.414+0000] {dag.py:4180} INFO - Setting next_dagrun for example_subdag_operator.section-1 to None, run_after=None
[2024-11-25T02:16:23.415+0000] {logging_mixin.py:190} INFO - [2024-11-25T02:16:23.415+0000] {dag.py:4180} INFO - Setting next_dagrun for example_subdag_operator.section-2 to None, run_after=None
[2024-11-25T02:16:23.426+0000] {processor.py:208} INFO - Processing /home/airflow/.local/lib/python3.12/site-packages/airflow/example_dags/example_subdag_operator.py took 0.122 seconds
