[2024-11-25T01:55:32.122+0000] {processor.py:186} INFO - Started process (PID=132) to work on /home/airflow/.local/lib/python3.12/site-packages/airflow/example_dags/example_trigger_controller_dag.py
[2024-11-25T01:55:32.125+0000] {processor.py:914} INFO - Processing file /home/airflow/.local/lib/python3.12/site-packages/airflow/example_dags/example_trigger_controller_dag.py for tasks to queue
[2024-11-25T01:55:32.133+0000] {logging_mixin.py:190} INFO - [2024-11-25T01:55:32.132+0000] {dagbag.py:588} INFO - Filling up the DagBag from /home/airflow/.local/lib/python3.12/site-packages/airflow/example_dags/example_trigger_controller_dag.py
[2024-11-25T01:55:32.165+0000] {processor.py:925} INFO - DAG(s) 'example_trigger_controller_dag' retrieved from /home/airflow/.local/lib/python3.12/site-packages/airflow/example_dags/example_trigger_controller_dag.py
[2024-11-25T01:55:32.235+0000] {logging_mixin.py:190} INFO - [2024-11-25T01:55:32.235+0000] {dag.py:3239} INFO - Sync 1 DAGs
[2024-11-25T01:55:32.312+0000] {logging_mixin.py:190} INFO - [2024-11-25T01:55:32.311+0000] {dag.py:4180} INFO - Setting next_dagrun for example_trigger_controller_dag to 2021-01-01 00:00:00+00:00, run_after=2021-01-01 00:00:00+00:00
[2024-11-25T01:55:32.361+0000] {processor.py:208} INFO - Processing /home/airflow/.local/lib/python3.12/site-packages/airflow/example_dags/example_trigger_controller_dag.py took 0.260 seconds
[2024-11-25T01:56:02.915+0000] {processor.py:186} INFO - Started process (PID=196) to work on /home/airflow/.local/lib/python3.12/site-packages/airflow/example_dags/example_trigger_controller_dag.py
[2024-11-25T01:56:02.916+0000] {processor.py:914} INFO - Processing file /home/airflow/.local/lib/python3.12/site-packages/airflow/example_dags/example_trigger_controller_dag.py for tasks to queue
[2024-11-25T01:56:02.918+0000] {logging_mixin.py:190} INFO - [2024-11-25T01:56:02.918+0000] {dagbag.py:588} INFO - Filling up the DagBag from /home/airflow/.local/lib/python3.12/site-packages/airflow/example_dags/example_trigger_controller_dag.py
[2024-11-25T01:56:02.925+0000] {processor.py:925} INFO - DAG(s) 'example_trigger_controller_dag' retrieved from /home/airflow/.local/lib/python3.12/site-packages/airflow/example_dags/example_trigger_controller_dag.py
[2024-11-25T01:56:02.944+0000] {logging_mixin.py:190} INFO - [2024-11-25T01:56:02.944+0000] {dag.py:3239} INFO - Sync 1 DAGs
[2024-11-25T01:56:02.968+0000] {logging_mixin.py:190} INFO - [2024-11-25T01:56:02.967+0000] {dag.py:4180} INFO - Setting next_dagrun for example_trigger_controller_dag to 2021-01-01 00:00:00+00:00, run_after=2021-01-01 00:00:00+00:00
[2024-11-25T01:56:02.986+0000] {processor.py:208} INFO - Processing /home/airflow/.local/lib/python3.12/site-packages/airflow/example_dags/example_trigger_controller_dag.py took 0.077 seconds
[2024-11-25T01:56:33.531+0000] {processor.py:186} INFO - Started process (PID=259) to work on /home/airflow/.local/lib/python3.12/site-packages/airflow/example_dags/example_trigger_controller_dag.py
[2024-11-25T01:56:33.533+0000] {processor.py:914} INFO - Processing file /home/airflow/.local/lib/python3.12/site-packages/airflow/example_dags/example_trigger_controller_dag.py for tasks to queue
[2024-11-25T01:56:33.538+0000] {logging_mixin.py:190} INFO - [2024-11-25T01:56:33.537+0000] {dagbag.py:588} INFO - Filling up the DagBag from /home/airflow/.local/lib/python3.12/site-packages/airflow/example_dags/example_trigger_controller_dag.py
[2024-11-25T01:56:33.550+0000] {processor.py:925} INFO - DAG(s) 'example_trigger_controller_dag' retrieved from /home/airflow/.local/lib/python3.12/site-packages/airflow/example_dags/example_trigger_controller_dag.py
[2024-11-25T01:56:33.585+0000] {logging_mixin.py:190} INFO - [2024-11-25T01:56:33.585+0000] {dag.py:3239} INFO - Sync 1 DAGs
[2024-11-25T01:56:33.622+0000] {logging_mixin.py:190} INFO - [2024-11-25T01:56:33.622+0000] {dag.py:4180} INFO - Setting next_dagrun for example_trigger_controller_dag to 2021-01-01 00:00:00+00:00, run_after=2021-01-01 00:00:00+00:00
[2024-11-25T01:56:33.651+0000] {processor.py:208} INFO - Processing /home/airflow/.local/lib/python3.12/site-packages/airflow/example_dags/example_trigger_controller_dag.py took 0.130 seconds
[2024-11-25T01:57:08.637+0000] {processor.py:186} INFO - Started process (PID=324) to work on /home/airflow/.local/lib/python3.12/site-packages/airflow/example_dags/example_trigger_controller_dag.py
[2024-11-25T01:57:08.639+0000] {processor.py:914} INFO - Processing file /home/airflow/.local/lib/python3.12/site-packages/airflow/example_dags/example_trigger_controller_dag.py for tasks to queue
[2024-11-25T01:57:08.643+0000] {logging_mixin.py:190} INFO - [2024-11-25T01:57:08.642+0000] {dagbag.py:588} INFO - Filling up the DagBag from /home/airflow/.local/lib/python3.12/site-packages/airflow/example_dags/example_trigger_controller_dag.py
[2024-11-25T01:57:08.653+0000] {processor.py:925} INFO - DAG(s) 'example_trigger_controller_dag' retrieved from /home/airflow/.local/lib/python3.12/site-packages/airflow/example_dags/example_trigger_controller_dag.py
[2024-11-25T01:57:08.675+0000] {logging_mixin.py:190} INFO - [2024-11-25T01:57:08.675+0000] {dag.py:3239} INFO - Sync 1 DAGs
[2024-11-25T01:57:08.701+0000] {logging_mixin.py:190} INFO - [2024-11-25T01:57:08.701+0000] {dag.py:4180} INFO - Setting next_dagrun for example_trigger_controller_dag to 2021-01-01 00:00:00+00:00, run_after=2021-01-01 00:00:00+00:00
[2024-11-25T01:57:08.733+0000] {processor.py:208} INFO - Processing /home/airflow/.local/lib/python3.12/site-packages/airflow/example_dags/example_trigger_controller_dag.py took 0.103 seconds
[2024-11-25T01:57:39.800+0000] {processor.py:186} INFO - Started process (PID=388) to work on /home/airflow/.local/lib/python3.12/site-packages/airflow/example_dags/example_trigger_controller_dag.py
[2024-11-25T01:57:39.802+0000] {processor.py:914} INFO - Processing file /home/airflow/.local/lib/python3.12/site-packages/airflow/example_dags/example_trigger_controller_dag.py for tasks to queue
[2024-11-25T01:57:39.806+0000] {logging_mixin.py:190} INFO - [2024-11-25T01:57:39.805+0000] {dagbag.py:588} INFO - Filling up the DagBag from /home/airflow/.local/lib/python3.12/site-packages/airflow/example_dags/example_trigger_controller_dag.py
[2024-11-25T01:57:39.815+0000] {processor.py:925} INFO - DAG(s) 'example_trigger_controller_dag' retrieved from /home/airflow/.local/lib/python3.12/site-packages/airflow/example_dags/example_trigger_controller_dag.py
[2024-11-25T01:57:39.846+0000] {logging_mixin.py:190} INFO - [2024-11-25T01:57:39.846+0000] {dag.py:3239} INFO - Sync 1 DAGs
[2024-11-25T01:57:39.896+0000] {logging_mixin.py:190} INFO - [2024-11-25T01:57:39.895+0000] {dag.py:4180} INFO - Setting next_dagrun for example_trigger_controller_dag to 2021-01-01 00:00:00+00:00, run_after=2021-01-01 00:00:00+00:00
[2024-11-25T01:57:39.951+0000] {processor.py:208} INFO - Processing /home/airflow/.local/lib/python3.12/site-packages/airflow/example_dags/example_trigger_controller_dag.py took 0.161 seconds
[2024-11-25T01:58:12.988+0000] {processor.py:186} INFO - Started process (PID=452) to work on /home/airflow/.local/lib/python3.12/site-packages/airflow/example_dags/example_trigger_controller_dag.py
[2024-11-25T01:58:12.989+0000] {processor.py:914} INFO - Processing file /home/airflow/.local/lib/python3.12/site-packages/airflow/example_dags/example_trigger_controller_dag.py for tasks to queue
[2024-11-25T01:58:12.992+0000] {logging_mixin.py:190} INFO - [2024-11-25T01:58:12.992+0000] {dagbag.py:588} INFO - Filling up the DagBag from /home/airflow/.local/lib/python3.12/site-packages/airflow/example_dags/example_trigger_controller_dag.py
[2024-11-25T01:58:13.009+0000] {processor.py:925} INFO - DAG(s) 'example_trigger_controller_dag' retrieved from /home/airflow/.local/lib/python3.12/site-packages/airflow/example_dags/example_trigger_controller_dag.py
[2024-11-25T01:58:13.037+0000] {logging_mixin.py:190} INFO - [2024-11-25T01:58:13.036+0000] {dag.py:3239} INFO - Sync 1 DAGs
[2024-11-25T01:58:13.079+0000] {logging_mixin.py:190} INFO - [2024-11-25T01:58:13.079+0000] {dag.py:4180} INFO - Setting next_dagrun for example_trigger_controller_dag to 2021-01-01 00:00:00+00:00, run_after=2021-01-01 00:00:00+00:00
[2024-11-25T01:58:13.112+0000] {processor.py:208} INFO - Processing /home/airflow/.local/lib/python3.12/site-packages/airflow/example_dags/example_trigger_controller_dag.py took 0.131 seconds
[2024-11-25T01:58:43.932+0000] {processor.py:186} INFO - Started process (PID=516) to work on /home/airflow/.local/lib/python3.12/site-packages/airflow/example_dags/example_trigger_controller_dag.py
[2024-11-25T01:58:43.934+0000] {processor.py:914} INFO - Processing file /home/airflow/.local/lib/python3.12/site-packages/airflow/example_dags/example_trigger_controller_dag.py for tasks to queue
[2024-11-25T01:58:43.937+0000] {logging_mixin.py:190} INFO - [2024-11-25T01:58:43.937+0000] {dagbag.py:588} INFO - Filling up the DagBag from /home/airflow/.local/lib/python3.12/site-packages/airflow/example_dags/example_trigger_controller_dag.py
[2024-11-25T01:58:43.945+0000] {processor.py:925} INFO - DAG(s) 'example_trigger_controller_dag' retrieved from /home/airflow/.local/lib/python3.12/site-packages/airflow/example_dags/example_trigger_controller_dag.py
[2024-11-25T01:58:43.972+0000] {logging_mixin.py:190} INFO - [2024-11-25T01:58:43.971+0000] {dag.py:3239} INFO - Sync 1 DAGs
[2024-11-25T01:58:44.005+0000] {logging_mixin.py:190} INFO - [2024-11-25T01:58:44.004+0000] {dag.py:4180} INFO - Setting next_dagrun for example_trigger_controller_dag to 2021-01-01 00:00:00+00:00, run_after=2021-01-01 00:00:00+00:00
[2024-11-25T01:58:44.031+0000] {processor.py:208} INFO - Processing /home/airflow/.local/lib/python3.12/site-packages/airflow/example_dags/example_trigger_controller_dag.py took 0.105 seconds
[2024-11-25T01:59:15.000+0000] {processor.py:186} INFO - Started process (PID=580) to work on /home/airflow/.local/lib/python3.12/site-packages/airflow/example_dags/example_trigger_controller_dag.py
[2024-11-25T01:59:15.001+0000] {processor.py:914} INFO - Processing file /home/airflow/.local/lib/python3.12/site-packages/airflow/example_dags/example_trigger_controller_dag.py for tasks to queue
[2024-11-25T01:59:15.004+0000] {logging_mixin.py:190} INFO - [2024-11-25T01:59:15.004+0000] {dagbag.py:588} INFO - Filling up the DagBag from /home/airflow/.local/lib/python3.12/site-packages/airflow/example_dags/example_trigger_controller_dag.py
[2024-11-25T01:59:15.011+0000] {processor.py:925} INFO - DAG(s) 'example_trigger_controller_dag' retrieved from /home/airflow/.local/lib/python3.12/site-packages/airflow/example_dags/example_trigger_controller_dag.py
[2024-11-25T01:59:15.030+0000] {logging_mixin.py:190} INFO - [2024-11-25T01:59:15.029+0000] {dag.py:3239} INFO - Sync 1 DAGs
[2024-11-25T01:59:15.066+0000] {logging_mixin.py:190} INFO - [2024-11-25T01:59:15.065+0000] {dag.py:4180} INFO - Setting next_dagrun for example_trigger_controller_dag to 2021-01-01 00:00:00+00:00, run_after=2021-01-01 00:00:00+00:00
[2024-11-25T01:59:15.089+0000] {processor.py:208} INFO - Processing /home/airflow/.local/lib/python3.12/site-packages/airflow/example_dags/example_trigger_controller_dag.py took 0.093 seconds
[2024-11-25T01:59:46.011+0000] {processor.py:186} INFO - Started process (PID=644) to work on /home/airflow/.local/lib/python3.12/site-packages/airflow/example_dags/example_trigger_controller_dag.py
[2024-11-25T01:59:46.012+0000] {processor.py:914} INFO - Processing file /home/airflow/.local/lib/python3.12/site-packages/airflow/example_dags/example_trigger_controller_dag.py for tasks to queue
[2024-11-25T01:59:46.015+0000] {logging_mixin.py:190} INFO - [2024-11-25T01:59:46.014+0000] {dagbag.py:588} INFO - Filling up the DagBag from /home/airflow/.local/lib/python3.12/site-packages/airflow/example_dags/example_trigger_controller_dag.py
[2024-11-25T01:59:46.022+0000] {processor.py:925} INFO - DAG(s) 'example_trigger_controller_dag' retrieved from /home/airflow/.local/lib/python3.12/site-packages/airflow/example_dags/example_trigger_controller_dag.py
[2024-11-25T01:59:46.040+0000] {logging_mixin.py:190} INFO - [2024-11-25T01:59:46.039+0000] {dag.py:3239} INFO - Sync 1 DAGs
[2024-11-25T01:59:46.063+0000] {logging_mixin.py:190} INFO - [2024-11-25T01:59:46.063+0000] {dag.py:4180} INFO - Setting next_dagrun for example_trigger_controller_dag to 2021-01-01 00:00:00+00:00, run_after=2021-01-01 00:00:00+00:00
[2024-11-25T01:59:46.081+0000] {processor.py:208} INFO - Processing /home/airflow/.local/lib/python3.12/site-packages/airflow/example_dags/example_trigger_controller_dag.py took 0.075 seconds
[2024-11-25T02:00:16.832+0000] {processor.py:186} INFO - Started process (PID=713) to work on /home/airflow/.local/lib/python3.12/site-packages/airflow/example_dags/example_trigger_controller_dag.py
[2024-11-25T02:00:16.834+0000] {processor.py:914} INFO - Processing file /home/airflow/.local/lib/python3.12/site-packages/airflow/example_dags/example_trigger_controller_dag.py for tasks to queue
[2024-11-25T02:00:16.837+0000] {logging_mixin.py:190} INFO - [2024-11-25T02:00:16.837+0000] {dagbag.py:588} INFO - Filling up the DagBag from /home/airflow/.local/lib/python3.12/site-packages/airflow/example_dags/example_trigger_controller_dag.py
[2024-11-25T02:00:16.850+0000] {processor.py:925} INFO - DAG(s) 'example_trigger_controller_dag' retrieved from /home/airflow/.local/lib/python3.12/site-packages/airflow/example_dags/example_trigger_controller_dag.py
[2024-11-25T02:00:16.877+0000] {logging_mixin.py:190} INFO - [2024-11-25T02:00:16.876+0000] {dag.py:3239} INFO - Sync 1 DAGs
[2024-11-25T02:00:16.921+0000] {logging_mixin.py:190} INFO - [2024-11-25T02:00:16.921+0000] {dag.py:4180} INFO - Setting next_dagrun for example_trigger_controller_dag to 2021-01-01 00:00:00+00:00, run_after=2021-01-01 00:00:00+00:00
[2024-11-25T02:00:16.940+0000] {processor.py:208} INFO - Processing /home/airflow/.local/lib/python3.12/site-packages/airflow/example_dags/example_trigger_controller_dag.py took 0.120 seconds
[2024-11-25T02:00:47.049+0000] {processor.py:186} INFO - Started process (PID=776) to work on /home/airflow/.local/lib/python3.12/site-packages/airflow/example_dags/example_trigger_controller_dag.py
[2024-11-25T02:00:47.050+0000] {processor.py:914} INFO - Processing file /home/airflow/.local/lib/python3.12/site-packages/airflow/example_dags/example_trigger_controller_dag.py for tasks to queue
[2024-11-25T02:00:47.053+0000] {logging_mixin.py:190} INFO - [2024-11-25T02:00:47.053+0000] {dagbag.py:588} INFO - Filling up the DagBag from /home/airflow/.local/lib/python3.12/site-packages/airflow/example_dags/example_trigger_controller_dag.py
[2024-11-25T02:00:47.061+0000] {processor.py:925} INFO - DAG(s) 'example_trigger_controller_dag' retrieved from /home/airflow/.local/lib/python3.12/site-packages/airflow/example_dags/example_trigger_controller_dag.py
[2024-11-25T02:00:47.079+0000] {logging_mixin.py:190} INFO - [2024-11-25T02:00:47.079+0000] {dag.py:3239} INFO - Sync 1 DAGs
[2024-11-25T02:00:47.106+0000] {logging_mixin.py:190} INFO - [2024-11-25T02:00:47.106+0000] {dag.py:4180} INFO - Setting next_dagrun for example_trigger_controller_dag to 2021-01-01 00:00:00+00:00, run_after=2021-01-01 00:00:00+00:00
[2024-11-25T02:00:47.131+0000] {processor.py:208} INFO - Processing /home/airflow/.local/lib/python3.12/site-packages/airflow/example_dags/example_trigger_controller_dag.py took 0.089 seconds
[2024-11-25T02:01:17.669+0000] {processor.py:186} INFO - Started process (PID=839) to work on /home/airflow/.local/lib/python3.12/site-packages/airflow/example_dags/example_trigger_controller_dag.py
[2024-11-25T02:01:17.670+0000] {processor.py:914} INFO - Processing file /home/airflow/.local/lib/python3.12/site-packages/airflow/example_dags/example_trigger_controller_dag.py for tasks to queue
[2024-11-25T02:01:17.672+0000] {logging_mixin.py:190} INFO - [2024-11-25T02:01:17.671+0000] {dagbag.py:588} INFO - Filling up the DagBag from /home/airflow/.local/lib/python3.12/site-packages/airflow/example_dags/example_trigger_controller_dag.py
[2024-11-25T02:01:17.678+0000] {processor.py:925} INFO - DAG(s) 'example_trigger_controller_dag' retrieved from /home/airflow/.local/lib/python3.12/site-packages/airflow/example_dags/example_trigger_controller_dag.py
[2024-11-25T02:01:17.694+0000] {logging_mixin.py:190} INFO - [2024-11-25T02:01:17.694+0000] {dag.py:3239} INFO - Sync 1 DAGs
[2024-11-25T02:01:17.716+0000] {logging_mixin.py:190} INFO - [2024-11-25T02:01:17.716+0000] {dag.py:4180} INFO - Setting next_dagrun for example_trigger_controller_dag to 2021-01-01 00:00:00+00:00, run_after=2021-01-01 00:00:00+00:00
[2024-11-25T02:01:17.737+0000] {processor.py:208} INFO - Processing /home/airflow/.local/lib/python3.12/site-packages/airflow/example_dags/example_trigger_controller_dag.py took 0.074 seconds
[2024-11-25T02:01:48.005+0000] {processor.py:186} INFO - Started process (PID=903) to work on /home/airflow/.local/lib/python3.12/site-packages/airflow/example_dags/example_trigger_controller_dag.py
[2024-11-25T02:01:48.006+0000] {processor.py:914} INFO - Processing file /home/airflow/.local/lib/python3.12/site-packages/airflow/example_dags/example_trigger_controller_dag.py for tasks to queue
[2024-11-25T02:01:48.008+0000] {logging_mixin.py:190} INFO - [2024-11-25T02:01:48.008+0000] {dagbag.py:588} INFO - Filling up the DagBag from /home/airflow/.local/lib/python3.12/site-packages/airflow/example_dags/example_trigger_controller_dag.py
[2024-11-25T02:01:48.014+0000] {processor.py:925} INFO - DAG(s) 'example_trigger_controller_dag' retrieved from /home/airflow/.local/lib/python3.12/site-packages/airflow/example_dags/example_trigger_controller_dag.py
[2024-11-25T02:01:48.031+0000] {logging_mixin.py:190} INFO - [2024-11-25T02:01:48.030+0000] {dag.py:3239} INFO - Sync 1 DAGs
[2024-11-25T02:01:48.053+0000] {logging_mixin.py:190} INFO - [2024-11-25T02:01:48.053+0000] {dag.py:4180} INFO - Setting next_dagrun for example_trigger_controller_dag to 2021-01-01 00:00:00+00:00, run_after=2021-01-01 00:00:00+00:00
[2024-11-25T02:01:48.071+0000] {processor.py:208} INFO - Processing /home/airflow/.local/lib/python3.12/site-packages/airflow/example_dags/example_trigger_controller_dag.py took 0.070 seconds
[2024-11-25T02:02:19.097+0000] {processor.py:186} INFO - Started process (PID=968) to work on /home/airflow/.local/lib/python3.12/site-packages/airflow/example_dags/example_trigger_controller_dag.py
[2024-11-25T02:02:19.098+0000] {processor.py:914} INFO - Processing file /home/airflow/.local/lib/python3.12/site-packages/airflow/example_dags/example_trigger_controller_dag.py for tasks to queue
[2024-11-25T02:02:19.100+0000] {logging_mixin.py:190} INFO - [2024-11-25T02:02:19.100+0000] {dagbag.py:588} INFO - Filling up the DagBag from /home/airflow/.local/lib/python3.12/site-packages/airflow/example_dags/example_trigger_controller_dag.py
[2024-11-25T02:02:19.106+0000] {processor.py:925} INFO - DAG(s) 'example_trigger_controller_dag' retrieved from /home/airflow/.local/lib/python3.12/site-packages/airflow/example_dags/example_trigger_controller_dag.py
[2024-11-25T02:02:19.123+0000] {logging_mixin.py:190} INFO - [2024-11-25T02:02:19.123+0000] {dag.py:3239} INFO - Sync 1 DAGs
[2024-11-25T02:02:19.145+0000] {logging_mixin.py:190} INFO - [2024-11-25T02:02:19.145+0000] {dag.py:4180} INFO - Setting next_dagrun for example_trigger_controller_dag to 2021-01-01 00:00:00+00:00, run_after=2021-01-01 00:00:00+00:00
[2024-11-25T02:02:19.163+0000] {processor.py:208} INFO - Processing /home/airflow/.local/lib/python3.12/site-packages/airflow/example_dags/example_trigger_controller_dag.py took 0.072 seconds
[2024-11-25T02:02:50.518+0000] {processor.py:186} INFO - Started process (PID=1034) to work on /home/airflow/.local/lib/python3.12/site-packages/airflow/example_dags/example_trigger_controller_dag.py
[2024-11-25T02:02:50.520+0000] {processor.py:914} INFO - Processing file /home/airflow/.local/lib/python3.12/site-packages/airflow/example_dags/example_trigger_controller_dag.py for tasks to queue
[2024-11-25T02:02:50.524+0000] {logging_mixin.py:190} INFO - [2024-11-25T02:02:50.524+0000] {dagbag.py:588} INFO - Filling up the DagBag from /home/airflow/.local/lib/python3.12/site-packages/airflow/example_dags/example_trigger_controller_dag.py
[2024-11-25T02:02:50.536+0000] {processor.py:925} INFO - DAG(s) 'example_trigger_controller_dag' retrieved from /home/airflow/.local/lib/python3.12/site-packages/airflow/example_dags/example_trigger_controller_dag.py
[2024-11-25T02:02:50.609+0000] {logging_mixin.py:190} INFO - [2024-11-25T02:02:50.609+0000] {dag.py:3239} INFO - Sync 1 DAGs
[2024-11-25T02:02:50.683+0000] {logging_mixin.py:190} INFO - [2024-11-25T02:02:50.683+0000] {dag.py:4180} INFO - Setting next_dagrun for example_trigger_controller_dag to 2021-01-01 00:00:00+00:00, run_after=2021-01-01 00:00:00+00:00
[2024-11-25T02:02:50.733+0000] {processor.py:208} INFO - Processing /home/airflow/.local/lib/python3.12/site-packages/airflow/example_dags/example_trigger_controller_dag.py took 0.226 seconds
[2024-11-25T02:03:21.542+0000] {processor.py:186} INFO - Started process (PID=1099) to work on /home/airflow/.local/lib/python3.12/site-packages/airflow/example_dags/example_trigger_controller_dag.py
[2024-11-25T02:03:21.543+0000] {processor.py:914} INFO - Processing file /home/airflow/.local/lib/python3.12/site-packages/airflow/example_dags/example_trigger_controller_dag.py for tasks to queue
[2024-11-25T02:03:21.545+0000] {logging_mixin.py:190} INFO - [2024-11-25T02:03:21.545+0000] {dagbag.py:588} INFO - Filling up the DagBag from /home/airflow/.local/lib/python3.12/site-packages/airflow/example_dags/example_trigger_controller_dag.py
[2024-11-25T02:03:21.551+0000] {processor.py:925} INFO - DAG(s) 'example_trigger_controller_dag' retrieved from /home/airflow/.local/lib/python3.12/site-packages/airflow/example_dags/example_trigger_controller_dag.py
[2024-11-25T02:03:21.571+0000] {logging_mixin.py:190} INFO - [2024-11-25T02:03:21.571+0000] {dag.py:3239} INFO - Sync 1 DAGs
[2024-11-25T02:03:21.592+0000] {logging_mixin.py:190} INFO - [2024-11-25T02:03:21.592+0000] {dag.py:4180} INFO - Setting next_dagrun for example_trigger_controller_dag to 2021-01-01 00:00:00+00:00, run_after=2021-01-01 00:00:00+00:00
[2024-11-25T02:03:21.624+0000] {processor.py:208} INFO - Processing /home/airflow/.local/lib/python3.12/site-packages/airflow/example_dags/example_trigger_controller_dag.py took 0.087 seconds
[2024-11-25T02:03:51.762+0000] {processor.py:186} INFO - Started process (PID=1163) to work on /home/airflow/.local/lib/python3.12/site-packages/airflow/example_dags/example_trigger_controller_dag.py
[2024-11-25T02:03:51.762+0000] {processor.py:914} INFO - Processing file /home/airflow/.local/lib/python3.12/site-packages/airflow/example_dags/example_trigger_controller_dag.py for tasks to queue
[2024-11-25T02:03:51.765+0000] {logging_mixin.py:190} INFO - [2024-11-25T02:03:51.764+0000] {dagbag.py:588} INFO - Filling up the DagBag from /home/airflow/.local/lib/python3.12/site-packages/airflow/example_dags/example_trigger_controller_dag.py
[2024-11-25T02:03:51.771+0000] {processor.py:925} INFO - DAG(s) 'example_trigger_controller_dag' retrieved from /home/airflow/.local/lib/python3.12/site-packages/airflow/example_dags/example_trigger_controller_dag.py
[2024-11-25T02:03:51.791+0000] {logging_mixin.py:190} INFO - [2024-11-25T02:03:51.791+0000] {dag.py:3239} INFO - Sync 1 DAGs
[2024-11-25T02:03:51.813+0000] {logging_mixin.py:190} INFO - [2024-11-25T02:03:51.813+0000] {dag.py:4180} INFO - Setting next_dagrun for example_trigger_controller_dag to 2021-01-01 00:00:00+00:00, run_after=2021-01-01 00:00:00+00:00
[2024-11-25T02:03:51.833+0000] {processor.py:208} INFO - Processing /home/airflow/.local/lib/python3.12/site-packages/airflow/example_dags/example_trigger_controller_dag.py took 0.076 seconds
[2024-11-25T02:04:22.295+0000] {processor.py:186} INFO - Started process (PID=1227) to work on /home/airflow/.local/lib/python3.12/site-packages/airflow/example_dags/example_trigger_controller_dag.py
[2024-11-25T02:04:22.296+0000] {processor.py:914} INFO - Processing file /home/airflow/.local/lib/python3.12/site-packages/airflow/example_dags/example_trigger_controller_dag.py for tasks to queue
[2024-11-25T02:04:22.299+0000] {logging_mixin.py:190} INFO - [2024-11-25T02:04:22.299+0000] {dagbag.py:588} INFO - Filling up the DagBag from /home/airflow/.local/lib/python3.12/site-packages/airflow/example_dags/example_trigger_controller_dag.py
[2024-11-25T02:04:22.310+0000] {processor.py:925} INFO - DAG(s) 'example_trigger_controller_dag' retrieved from /home/airflow/.local/lib/python3.12/site-packages/airflow/example_dags/example_trigger_controller_dag.py
[2024-11-25T02:04:22.341+0000] {logging_mixin.py:190} INFO - [2024-11-25T02:04:22.341+0000] {dag.py:3239} INFO - Sync 1 DAGs
[2024-11-25T02:04:22.389+0000] {logging_mixin.py:190} INFO - [2024-11-25T02:04:22.389+0000] {dag.py:4180} INFO - Setting next_dagrun for example_trigger_controller_dag to 2021-01-01 00:00:00+00:00, run_after=2021-01-01 00:00:00+00:00
[2024-11-25T02:04:22.423+0000] {processor.py:208} INFO - Processing /home/airflow/.local/lib/python3.12/site-packages/airflow/example_dags/example_trigger_controller_dag.py took 0.137 seconds
[2024-11-25T02:04:52.543+0000] {processor.py:186} INFO - Started process (PID=1291) to work on /home/airflow/.local/lib/python3.12/site-packages/airflow/example_dags/example_trigger_controller_dag.py
[2024-11-25T02:04:52.545+0000] {processor.py:914} INFO - Processing file /home/airflow/.local/lib/python3.12/site-packages/airflow/example_dags/example_trigger_controller_dag.py for tasks to queue
[2024-11-25T02:04:52.548+0000] {logging_mixin.py:190} INFO - [2024-11-25T02:04:52.548+0000] {dagbag.py:588} INFO - Filling up the DagBag from /home/airflow/.local/lib/python3.12/site-packages/airflow/example_dags/example_trigger_controller_dag.py
[2024-11-25T02:04:52.561+0000] {processor.py:925} INFO - DAG(s) 'example_trigger_controller_dag' retrieved from /home/airflow/.local/lib/python3.12/site-packages/airflow/example_dags/example_trigger_controller_dag.py
[2024-11-25T02:04:52.589+0000] {logging_mixin.py:190} INFO - [2024-11-25T02:04:52.588+0000] {dag.py:3239} INFO - Sync 1 DAGs
[2024-11-25T02:04:52.621+0000] {logging_mixin.py:190} INFO - [2024-11-25T02:04:52.620+0000] {dag.py:4180} INFO - Setting next_dagrun for example_trigger_controller_dag to 2021-01-01 00:00:00+00:00, run_after=2021-01-01 00:00:00+00:00
[2024-11-25T02:04:52.644+0000] {processor.py:208} INFO - Processing /home/airflow/.local/lib/python3.12/site-packages/airflow/example_dags/example_trigger_controller_dag.py took 0.110 seconds
[2024-11-25T02:05:23.223+0000] {processor.py:186} INFO - Started process (PID=1355) to work on /home/airflow/.local/lib/python3.12/site-packages/airflow/example_dags/example_trigger_controller_dag.py
[2024-11-25T02:05:23.223+0000] {processor.py:914} INFO - Processing file /home/airflow/.local/lib/python3.12/site-packages/airflow/example_dags/example_trigger_controller_dag.py for tasks to queue
[2024-11-25T02:05:23.226+0000] {logging_mixin.py:190} INFO - [2024-11-25T02:05:23.225+0000] {dagbag.py:588} INFO - Filling up the DagBag from /home/airflow/.local/lib/python3.12/site-packages/airflow/example_dags/example_trigger_controller_dag.py
[2024-11-25T02:05:23.233+0000] {processor.py:925} INFO - DAG(s) 'example_trigger_controller_dag' retrieved from /home/airflow/.local/lib/python3.12/site-packages/airflow/example_dags/example_trigger_controller_dag.py
[2024-11-25T02:05:23.252+0000] {logging_mixin.py:190} INFO - [2024-11-25T02:05:23.252+0000] {dag.py:3239} INFO - Sync 1 DAGs
[2024-11-25T02:05:23.276+0000] {logging_mixin.py:190} INFO - [2024-11-25T02:05:23.275+0000] {dag.py:4180} INFO - Setting next_dagrun for example_trigger_controller_dag to 2021-01-01 00:00:00+00:00, run_after=2021-01-01 00:00:00+00:00
[2024-11-25T02:05:23.305+0000] {processor.py:208} INFO - Processing /home/airflow/.local/lib/python3.12/site-packages/airflow/example_dags/example_trigger_controller_dag.py took 0.088 seconds
[2024-11-25T02:05:53.584+0000] {processor.py:186} INFO - Started process (PID=1419) to work on /home/airflow/.local/lib/python3.12/site-packages/airflow/example_dags/example_trigger_controller_dag.py
[2024-11-25T02:05:53.585+0000] {processor.py:914} INFO - Processing file /home/airflow/.local/lib/python3.12/site-packages/airflow/example_dags/example_trigger_controller_dag.py for tasks to queue
[2024-11-25T02:05:53.587+0000] {logging_mixin.py:190} INFO - [2024-11-25T02:05:53.587+0000] {dagbag.py:588} INFO - Filling up the DagBag from /home/airflow/.local/lib/python3.12/site-packages/airflow/example_dags/example_trigger_controller_dag.py
[2024-11-25T02:05:53.593+0000] {processor.py:925} INFO - DAG(s) 'example_trigger_controller_dag' retrieved from /home/airflow/.local/lib/python3.12/site-packages/airflow/example_dags/example_trigger_controller_dag.py
[2024-11-25T02:05:53.612+0000] {logging_mixin.py:190} INFO - [2024-11-25T02:05:53.611+0000] {dag.py:3239} INFO - Sync 1 DAGs
[2024-11-25T02:05:53.634+0000] {logging_mixin.py:190} INFO - [2024-11-25T02:05:53.634+0000] {dag.py:4180} INFO - Setting next_dagrun for example_trigger_controller_dag to 2021-01-01 00:00:00+00:00, run_after=2021-01-01 00:00:00+00:00
[2024-11-25T02:05:53.662+0000] {processor.py:208} INFO - Processing /home/airflow/.local/lib/python3.12/site-packages/airflow/example_dags/example_trigger_controller_dag.py took 0.083 seconds
[2024-11-25T02:06:24.115+0000] {processor.py:186} INFO - Started process (PID=1483) to work on /home/airflow/.local/lib/python3.12/site-packages/airflow/example_dags/example_trigger_controller_dag.py
[2024-11-25T02:06:24.117+0000] {processor.py:914} INFO - Processing file /home/airflow/.local/lib/python3.12/site-packages/airflow/example_dags/example_trigger_controller_dag.py for tasks to queue
[2024-11-25T02:06:24.120+0000] {logging_mixin.py:190} INFO - [2024-11-25T02:06:24.120+0000] {dagbag.py:588} INFO - Filling up the DagBag from /home/airflow/.local/lib/python3.12/site-packages/airflow/example_dags/example_trigger_controller_dag.py
[2024-11-25T02:06:24.131+0000] {processor.py:925} INFO - DAG(s) 'example_trigger_controller_dag' retrieved from /home/airflow/.local/lib/python3.12/site-packages/airflow/example_dags/example_trigger_controller_dag.py
[2024-11-25T02:06:24.158+0000] {logging_mixin.py:190} INFO - [2024-11-25T02:06:24.157+0000] {dag.py:3239} INFO - Sync 1 DAGs
[2024-11-25T02:06:24.199+0000] {logging_mixin.py:190} INFO - [2024-11-25T02:06:24.198+0000] {dag.py:4180} INFO - Setting next_dagrun for example_trigger_controller_dag to 2021-01-01 00:00:00+00:00, run_after=2021-01-01 00:00:00+00:00
[2024-11-25T02:06:24.223+0000] {processor.py:208} INFO - Processing /home/airflow/.local/lib/python3.12/site-packages/airflow/example_dags/example_trigger_controller_dag.py took 0.115 seconds
[2024-11-25T02:06:54.532+0000] {processor.py:186} INFO - Started process (PID=1548) to work on /home/airflow/.local/lib/python3.12/site-packages/airflow/example_dags/example_trigger_controller_dag.py
[2024-11-25T02:06:54.534+0000] {processor.py:914} INFO - Processing file /home/airflow/.local/lib/python3.12/site-packages/airflow/example_dags/example_trigger_controller_dag.py for tasks to queue
[2024-11-25T02:06:54.536+0000] {logging_mixin.py:190} INFO - [2024-11-25T02:06:54.536+0000] {dagbag.py:588} INFO - Filling up the DagBag from /home/airflow/.local/lib/python3.12/site-packages/airflow/example_dags/example_trigger_controller_dag.py
[2024-11-25T02:06:54.544+0000] {processor.py:925} INFO - DAG(s) 'example_trigger_controller_dag' retrieved from /home/airflow/.local/lib/python3.12/site-packages/airflow/example_dags/example_trigger_controller_dag.py
[2024-11-25T02:06:54.566+0000] {logging_mixin.py:190} INFO - [2024-11-25T02:06:54.565+0000] {dag.py:3239} INFO - Sync 1 DAGs
[2024-11-25T02:06:54.592+0000] {logging_mixin.py:190} INFO - [2024-11-25T02:06:54.592+0000] {dag.py:4180} INFO - Setting next_dagrun for example_trigger_controller_dag to 2021-01-01 00:00:00+00:00, run_after=2021-01-01 00:00:00+00:00
[2024-11-25T02:06:54.610+0000] {processor.py:208} INFO - Processing /home/airflow/.local/lib/python3.12/site-packages/airflow/example_dags/example_trigger_controller_dag.py took 0.084 seconds
[2024-11-25T02:07:24.834+0000] {processor.py:186} INFO - Started process (PID=1612) to work on /home/airflow/.local/lib/python3.12/site-packages/airflow/example_dags/example_trigger_controller_dag.py
[2024-11-25T02:07:24.835+0000] {processor.py:914} INFO - Processing file /home/airflow/.local/lib/python3.12/site-packages/airflow/example_dags/example_trigger_controller_dag.py for tasks to queue
[2024-11-25T02:07:24.837+0000] {logging_mixin.py:190} INFO - [2024-11-25T02:07:24.837+0000] {dagbag.py:588} INFO - Filling up the DagBag from /home/airflow/.local/lib/python3.12/site-packages/airflow/example_dags/example_trigger_controller_dag.py
[2024-11-25T02:07:24.844+0000] {processor.py:925} INFO - DAG(s) 'example_trigger_controller_dag' retrieved from /home/airflow/.local/lib/python3.12/site-packages/airflow/example_dags/example_trigger_controller_dag.py
[2024-11-25T02:07:24.864+0000] {logging_mixin.py:190} INFO - [2024-11-25T02:07:24.864+0000] {dag.py:3239} INFO - Sync 1 DAGs
[2024-11-25T02:07:24.890+0000] {logging_mixin.py:190} INFO - [2024-11-25T02:07:24.890+0000] {dag.py:4180} INFO - Setting next_dagrun for example_trigger_controller_dag to 2021-01-01 00:00:00+00:00, run_after=2021-01-01 00:00:00+00:00
[2024-11-25T02:07:24.910+0000] {processor.py:208} INFO - Processing /home/airflow/.local/lib/python3.12/site-packages/airflow/example_dags/example_trigger_controller_dag.py took 0.081 seconds
[2024-11-25T02:07:54.972+0000] {processor.py:186} INFO - Started process (PID=1676) to work on /home/airflow/.local/lib/python3.12/site-packages/airflow/example_dags/example_trigger_controller_dag.py
[2024-11-25T02:07:54.973+0000] {processor.py:914} INFO - Processing file /home/airflow/.local/lib/python3.12/site-packages/airflow/example_dags/example_trigger_controller_dag.py for tasks to queue
[2024-11-25T02:07:54.975+0000] {logging_mixin.py:190} INFO - [2024-11-25T02:07:54.974+0000] {dagbag.py:588} INFO - Filling up the DagBag from /home/airflow/.local/lib/python3.12/site-packages/airflow/example_dags/example_trigger_controller_dag.py
[2024-11-25T02:07:54.981+0000] {processor.py:925} INFO - DAG(s) 'example_trigger_controller_dag' retrieved from /home/airflow/.local/lib/python3.12/site-packages/airflow/example_dags/example_trigger_controller_dag.py
[2024-11-25T02:07:54.999+0000] {logging_mixin.py:190} INFO - [2024-11-25T02:07:54.999+0000] {dag.py:3239} INFO - Sync 1 DAGs
[2024-11-25T02:07:55.022+0000] {logging_mixin.py:190} INFO - [2024-11-25T02:07:55.022+0000] {dag.py:4180} INFO - Setting next_dagrun for example_trigger_controller_dag to 2021-01-01 00:00:00+00:00, run_after=2021-01-01 00:00:00+00:00
[2024-11-25T02:07:55.040+0000] {processor.py:208} INFO - Processing /home/airflow/.local/lib/python3.12/site-packages/airflow/example_dags/example_trigger_controller_dag.py took 0.074 seconds
[2024-11-25T02:08:26.438+0000] {processor.py:186} INFO - Started process (PID=1740) to work on /home/airflow/.local/lib/python3.12/site-packages/airflow/example_dags/example_trigger_controller_dag.py
[2024-11-25T02:08:26.439+0000] {processor.py:914} INFO - Processing file /home/airflow/.local/lib/python3.12/site-packages/airflow/example_dags/example_trigger_controller_dag.py for tasks to queue
[2024-11-25T02:08:26.444+0000] {logging_mixin.py:190} INFO - [2024-11-25T02:08:26.443+0000] {dagbag.py:588} INFO - Filling up the DagBag from /home/airflow/.local/lib/python3.12/site-packages/airflow/example_dags/example_trigger_controller_dag.py
[2024-11-25T02:08:26.454+0000] {processor.py:925} INFO - DAG(s) 'example_trigger_controller_dag' retrieved from /home/airflow/.local/lib/python3.12/site-packages/airflow/example_dags/example_trigger_controller_dag.py
[2024-11-25T02:08:26.481+0000] {logging_mixin.py:190} INFO - [2024-11-25T02:08:26.480+0000] {dag.py:3239} INFO - Sync 1 DAGs
[2024-11-25T02:08:26.519+0000] {logging_mixin.py:190} INFO - [2024-11-25T02:08:26.519+0000] {dag.py:4180} INFO - Setting next_dagrun for example_trigger_controller_dag to 2021-01-01 00:00:00+00:00, run_after=2021-01-01 00:00:00+00:00
[2024-11-25T02:08:26.549+0000] {processor.py:208} INFO - Processing /home/airflow/.local/lib/python3.12/site-packages/airflow/example_dags/example_trigger_controller_dag.py took 0.119 seconds
[2024-11-25T02:08:56.986+0000] {processor.py:186} INFO - Started process (PID=1803) to work on /home/airflow/.local/lib/python3.12/site-packages/airflow/example_dags/example_trigger_controller_dag.py
[2024-11-25T02:08:56.988+0000] {processor.py:914} INFO - Processing file /home/airflow/.local/lib/python3.12/site-packages/airflow/example_dags/example_trigger_controller_dag.py for tasks to queue
[2024-11-25T02:08:56.991+0000] {logging_mixin.py:190} INFO - [2024-11-25T02:08:56.991+0000] {dagbag.py:588} INFO - Filling up the DagBag from /home/airflow/.local/lib/python3.12/site-packages/airflow/example_dags/example_trigger_controller_dag.py
[2024-11-25T02:08:57.002+0000] {processor.py:925} INFO - DAG(s) 'example_trigger_controller_dag' retrieved from /home/airflow/.local/lib/python3.12/site-packages/airflow/example_dags/example_trigger_controller_dag.py
[2024-11-25T02:08:57.033+0000] {logging_mixin.py:190} INFO - [2024-11-25T02:08:57.032+0000] {dag.py:3239} INFO - Sync 1 DAGs
[2024-11-25T02:08:57.073+0000] {logging_mixin.py:190} INFO - [2024-11-25T02:08:57.073+0000] {dag.py:4180} INFO - Setting next_dagrun for example_trigger_controller_dag to 2021-01-01 00:00:00+00:00, run_after=2021-01-01 00:00:00+00:00
[2024-11-25T02:08:57.098+0000] {processor.py:208} INFO - Processing /home/airflow/.local/lib/python3.12/site-packages/airflow/example_dags/example_trigger_controller_dag.py took 0.121 seconds
[2024-11-25T02:09:27.573+0000] {processor.py:186} INFO - Started process (PID=1867) to work on /home/airflow/.local/lib/python3.12/site-packages/airflow/example_dags/example_trigger_controller_dag.py
[2024-11-25T02:09:27.574+0000] {processor.py:914} INFO - Processing file /home/airflow/.local/lib/python3.12/site-packages/airflow/example_dags/example_trigger_controller_dag.py for tasks to queue
[2024-11-25T02:09:27.576+0000] {logging_mixin.py:190} INFO - [2024-11-25T02:09:27.575+0000] {dagbag.py:588} INFO - Filling up the DagBag from /home/airflow/.local/lib/python3.12/site-packages/airflow/example_dags/example_trigger_controller_dag.py
[2024-11-25T02:09:27.582+0000] {processor.py:925} INFO - DAG(s) 'example_trigger_controller_dag' retrieved from /home/airflow/.local/lib/python3.12/site-packages/airflow/example_dags/example_trigger_controller_dag.py
[2024-11-25T02:09:27.599+0000] {logging_mixin.py:190} INFO - [2024-11-25T02:09:27.599+0000] {dag.py:3239} INFO - Sync 1 DAGs
[2024-11-25T02:09:27.625+0000] {logging_mixin.py:190} INFO - [2024-11-25T02:09:27.624+0000] {dag.py:4180} INFO - Setting next_dagrun for example_trigger_controller_dag to 2021-01-01 00:00:00+00:00, run_after=2021-01-01 00:00:00+00:00
[2024-11-25T02:09:27.644+0000] {processor.py:208} INFO - Processing /home/airflow/.local/lib/python3.12/site-packages/airflow/example_dags/example_trigger_controller_dag.py took 0.077 seconds
[2024-11-25T02:09:57.841+0000] {processor.py:186} INFO - Started process (PID=1931) to work on /home/airflow/.local/lib/python3.12/site-packages/airflow/example_dags/example_trigger_controller_dag.py
[2024-11-25T02:09:57.843+0000] {processor.py:914} INFO - Processing file /home/airflow/.local/lib/python3.12/site-packages/airflow/example_dags/example_trigger_controller_dag.py for tasks to queue
[2024-11-25T02:09:57.846+0000] {logging_mixin.py:190} INFO - [2024-11-25T02:09:57.845+0000] {dagbag.py:588} INFO - Filling up the DagBag from /home/airflow/.local/lib/python3.12/site-packages/airflow/example_dags/example_trigger_controller_dag.py
[2024-11-25T02:09:57.855+0000] {processor.py:925} INFO - DAG(s) 'example_trigger_controller_dag' retrieved from /home/airflow/.local/lib/python3.12/site-packages/airflow/example_dags/example_trigger_controller_dag.py
[2024-11-25T02:09:57.877+0000] {logging_mixin.py:190} INFO - [2024-11-25T02:09:57.877+0000] {dag.py:3239} INFO - Sync 1 DAGs
[2024-11-25T02:09:57.906+0000] {logging_mixin.py:190} INFO - [2024-11-25T02:09:57.906+0000] {dag.py:4180} INFO - Setting next_dagrun for example_trigger_controller_dag to 2021-01-01 00:00:00+00:00, run_after=2021-01-01 00:00:00+00:00
[2024-11-25T02:09:57.927+0000] {processor.py:208} INFO - Processing /home/airflow/.local/lib/python3.12/site-packages/airflow/example_dags/example_trigger_controller_dag.py took 0.093 seconds
[2024-11-25T02:10:28.964+0000] {processor.py:186} INFO - Started process (PID=1995) to work on /home/airflow/.local/lib/python3.12/site-packages/airflow/example_dags/example_trigger_controller_dag.py
[2024-11-25T02:10:28.966+0000] {processor.py:914} INFO - Processing file /home/airflow/.local/lib/python3.12/site-packages/airflow/example_dags/example_trigger_controller_dag.py for tasks to queue
[2024-11-25T02:10:28.969+0000] {logging_mixin.py:190} INFO - [2024-11-25T02:10:28.969+0000] {dagbag.py:588} INFO - Filling up the DagBag from /home/airflow/.local/lib/python3.12/site-packages/airflow/example_dags/example_trigger_controller_dag.py
[2024-11-25T02:10:28.977+0000] {processor.py:925} INFO - DAG(s) 'example_trigger_controller_dag' retrieved from /home/airflow/.local/lib/python3.12/site-packages/airflow/example_dags/example_trigger_controller_dag.py
[2024-11-25T02:10:28.998+0000] {logging_mixin.py:190} INFO - [2024-11-25T02:10:28.997+0000] {dag.py:3239} INFO - Sync 1 DAGs
[2024-11-25T02:10:29.027+0000] {logging_mixin.py:190} INFO - [2024-11-25T02:10:29.026+0000] {dag.py:4180} INFO - Setting next_dagrun for example_trigger_controller_dag to 2021-01-01 00:00:00+00:00, run_after=2021-01-01 00:00:00+00:00
[2024-11-25T02:10:29.048+0000] {processor.py:208} INFO - Processing /home/airflow/.local/lib/python3.12/site-packages/airflow/example_dags/example_trigger_controller_dag.py took 0.090 seconds
[2024-11-25T02:10:59.317+0000] {processor.py:186} INFO - Started process (PID=2059) to work on /home/airflow/.local/lib/python3.12/site-packages/airflow/example_dags/example_trigger_controller_dag.py
[2024-11-25T02:10:59.318+0000] {processor.py:914} INFO - Processing file /home/airflow/.local/lib/python3.12/site-packages/airflow/example_dags/example_trigger_controller_dag.py for tasks to queue
[2024-11-25T02:10:59.321+0000] {logging_mixin.py:190} INFO - [2024-11-25T02:10:59.320+0000] {dagbag.py:588} INFO - Filling up the DagBag from /home/airflow/.local/lib/python3.12/site-packages/airflow/example_dags/example_trigger_controller_dag.py
[2024-11-25T02:10:59.327+0000] {processor.py:925} INFO - DAG(s) 'example_trigger_controller_dag' retrieved from /home/airflow/.local/lib/python3.12/site-packages/airflow/example_dags/example_trigger_controller_dag.py
[2024-11-25T02:10:59.346+0000] {logging_mixin.py:190} INFO - [2024-11-25T02:10:59.346+0000] {dag.py:3239} INFO - Sync 1 DAGs
[2024-11-25T02:10:59.372+0000] {logging_mixin.py:190} INFO - [2024-11-25T02:10:59.371+0000] {dag.py:4180} INFO - Setting next_dagrun for example_trigger_controller_dag to 2021-01-01 00:00:00+00:00, run_after=2021-01-01 00:00:00+00:00
[2024-11-25T02:10:59.391+0000] {processor.py:208} INFO - Processing /home/airflow/.local/lib/python3.12/site-packages/airflow/example_dags/example_trigger_controller_dag.py took 0.080 seconds
[2024-11-25T02:11:30.060+0000] {processor.py:186} INFO - Started process (PID=2124) to work on /home/airflow/.local/lib/python3.12/site-packages/airflow/example_dags/example_trigger_controller_dag.py
[2024-11-25T02:11:30.061+0000] {processor.py:914} INFO - Processing file /home/airflow/.local/lib/python3.12/site-packages/airflow/example_dags/example_trigger_controller_dag.py for tasks to queue
[2024-11-25T02:11:30.064+0000] {logging_mixin.py:190} INFO - [2024-11-25T02:11:30.064+0000] {dagbag.py:588} INFO - Filling up the DagBag from /home/airflow/.local/lib/python3.12/site-packages/airflow/example_dags/example_trigger_controller_dag.py
[2024-11-25T02:11:30.073+0000] {processor.py:925} INFO - DAG(s) 'example_trigger_controller_dag' retrieved from /home/airflow/.local/lib/python3.12/site-packages/airflow/example_dags/example_trigger_controller_dag.py
[2024-11-25T02:11:30.102+0000] {logging_mixin.py:190} INFO - [2024-11-25T02:11:30.102+0000] {dag.py:3239} INFO - Sync 1 DAGs
[2024-11-25T02:11:30.142+0000] {logging_mixin.py:190} INFO - [2024-11-25T02:11:30.141+0000] {dag.py:4180} INFO - Setting next_dagrun for example_trigger_controller_dag to 2021-01-01 00:00:00+00:00, run_after=2021-01-01 00:00:00+00:00
[2024-11-25T02:11:30.176+0000] {processor.py:208} INFO - Processing /home/airflow/.local/lib/python3.12/site-packages/airflow/example_dags/example_trigger_controller_dag.py took 0.124 seconds
[2024-11-25T02:12:01.196+0000] {processor.py:186} INFO - Started process (PID=2188) to work on /home/airflow/.local/lib/python3.12/site-packages/airflow/example_dags/example_trigger_controller_dag.py
[2024-11-25T02:12:01.197+0000] {processor.py:914} INFO - Processing file /home/airflow/.local/lib/python3.12/site-packages/airflow/example_dags/example_trigger_controller_dag.py for tasks to queue
[2024-11-25T02:12:01.201+0000] {logging_mixin.py:190} INFO - [2024-11-25T02:12:01.200+0000] {dagbag.py:588} INFO - Filling up the DagBag from /home/airflow/.local/lib/python3.12/site-packages/airflow/example_dags/example_trigger_controller_dag.py
[2024-11-25T02:12:01.216+0000] {processor.py:925} INFO - DAG(s) 'example_trigger_controller_dag' retrieved from /home/airflow/.local/lib/python3.12/site-packages/airflow/example_dags/example_trigger_controller_dag.py
[2024-11-25T02:12:01.243+0000] {logging_mixin.py:190} INFO - [2024-11-25T02:12:01.243+0000] {dag.py:3239} INFO - Sync 1 DAGs
[2024-11-25T02:12:01.278+0000] {logging_mixin.py:190} INFO - [2024-11-25T02:12:01.278+0000] {dag.py:4180} INFO - Setting next_dagrun for example_trigger_controller_dag to 2021-01-01 00:00:00+00:00, run_after=2021-01-01 00:00:00+00:00
[2024-11-25T02:12:01.301+0000] {processor.py:208} INFO - Processing /home/airflow/.local/lib/python3.12/site-packages/airflow/example_dags/example_trigger_controller_dag.py took 0.115 seconds
[2024-11-25T02:12:31.559+0000] {processor.py:186} INFO - Started process (PID=2252) to work on /home/airflow/.local/lib/python3.12/site-packages/airflow/example_dags/example_trigger_controller_dag.py
[2024-11-25T02:12:31.561+0000] {processor.py:914} INFO - Processing file /home/airflow/.local/lib/python3.12/site-packages/airflow/example_dags/example_trigger_controller_dag.py for tasks to queue
[2024-11-25T02:12:31.565+0000] {logging_mixin.py:190} INFO - [2024-11-25T02:12:31.564+0000] {dagbag.py:588} INFO - Filling up the DagBag from /home/airflow/.local/lib/python3.12/site-packages/airflow/example_dags/example_trigger_controller_dag.py
[2024-11-25T02:12:31.576+0000] {processor.py:925} INFO - DAG(s) 'example_trigger_controller_dag' retrieved from /home/airflow/.local/lib/python3.12/site-packages/airflow/example_dags/example_trigger_controller_dag.py
[2024-11-25T02:12:31.602+0000] {logging_mixin.py:190} INFO - [2024-11-25T02:12:31.601+0000] {dag.py:3239} INFO - Sync 1 DAGs
[2024-11-25T02:12:31.642+0000] {logging_mixin.py:190} INFO - [2024-11-25T02:12:31.641+0000] {dag.py:4180} INFO - Setting next_dagrun for example_trigger_controller_dag to 2021-01-01 00:00:00+00:00, run_after=2021-01-01 00:00:00+00:00
[2024-11-25T02:12:31.669+0000] {processor.py:208} INFO - Processing /home/airflow/.local/lib/python3.12/site-packages/airflow/example_dags/example_trigger_controller_dag.py took 0.120 seconds
[2024-11-25T02:13:01.881+0000] {processor.py:186} INFO - Started process (PID=2316) to work on /home/airflow/.local/lib/python3.12/site-packages/airflow/example_dags/example_trigger_controller_dag.py
[2024-11-25T02:13:01.890+0000] {processor.py:914} INFO - Processing file /home/airflow/.local/lib/python3.12/site-packages/airflow/example_dags/example_trigger_controller_dag.py for tasks to queue
[2024-11-25T02:13:01.895+0000] {logging_mixin.py:190} INFO - [2024-11-25T02:13:01.894+0000] {dagbag.py:588} INFO - Filling up the DagBag from /home/airflow/.local/lib/python3.12/site-packages/airflow/example_dags/example_trigger_controller_dag.py
[2024-11-25T02:13:01.907+0000] {processor.py:925} INFO - DAG(s) 'example_trigger_controller_dag' retrieved from /home/airflow/.local/lib/python3.12/site-packages/airflow/example_dags/example_trigger_controller_dag.py
[2024-11-25T02:13:01.936+0000] {logging_mixin.py:190} INFO - [2024-11-25T02:13:01.936+0000] {dag.py:3239} INFO - Sync 1 DAGs
[2024-11-25T02:13:01.967+0000] {logging_mixin.py:190} INFO - [2024-11-25T02:13:01.967+0000] {dag.py:4180} INFO - Setting next_dagrun for example_trigger_controller_dag to 2021-01-01 00:00:00+00:00, run_after=2021-01-01 00:00:00+00:00
[2024-11-25T02:13:01.991+0000] {processor.py:208} INFO - Processing /home/airflow/.local/lib/python3.12/site-packages/airflow/example_dags/example_trigger_controller_dag.py took 0.126 seconds
[2024-11-25T02:13:32.500+0000] {processor.py:186} INFO - Started process (PID=2380) to work on /home/airflow/.local/lib/python3.12/site-packages/airflow/example_dags/example_trigger_controller_dag.py
[2024-11-25T02:13:32.502+0000] {processor.py:914} INFO - Processing file /home/airflow/.local/lib/python3.12/site-packages/airflow/example_dags/example_trigger_controller_dag.py for tasks to queue
[2024-11-25T02:13:32.505+0000] {logging_mixin.py:190} INFO - [2024-11-25T02:13:32.505+0000] {dagbag.py:588} INFO - Filling up the DagBag from /home/airflow/.local/lib/python3.12/site-packages/airflow/example_dags/example_trigger_controller_dag.py
[2024-11-25T02:13:32.515+0000] {processor.py:925} INFO - DAG(s) 'example_trigger_controller_dag' retrieved from /home/airflow/.local/lib/python3.12/site-packages/airflow/example_dags/example_trigger_controller_dag.py
[2024-11-25T02:13:32.553+0000] {logging_mixin.py:190} INFO - [2024-11-25T02:13:32.553+0000] {dag.py:3239} INFO - Sync 1 DAGs
[2024-11-25T02:13:32.591+0000] {logging_mixin.py:190} INFO - [2024-11-25T02:13:32.591+0000] {dag.py:4180} INFO - Setting next_dagrun for example_trigger_controller_dag to 2021-01-01 00:00:00+00:00, run_after=2021-01-01 00:00:00+00:00
[2024-11-25T02:13:32.802+0000] {processor.py:208} INFO - Processing /home/airflow/.local/lib/python3.12/site-packages/airflow/example_dags/example_trigger_controller_dag.py took 0.310 seconds
[2024-11-25T02:14:03.231+0000] {processor.py:186} INFO - Started process (PID=2445) to work on /home/airflow/.local/lib/python3.12/site-packages/airflow/example_dags/example_trigger_controller_dag.py
[2024-11-25T02:14:03.232+0000] {processor.py:914} INFO - Processing file /home/airflow/.local/lib/python3.12/site-packages/airflow/example_dags/example_trigger_controller_dag.py for tasks to queue
[2024-11-25T02:14:03.234+0000] {logging_mixin.py:190} INFO - [2024-11-25T02:14:03.234+0000] {dagbag.py:588} INFO - Filling up the DagBag from /home/airflow/.local/lib/python3.12/site-packages/airflow/example_dags/example_trigger_controller_dag.py
[2024-11-25T02:14:03.250+0000] {processor.py:925} INFO - DAG(s) 'example_trigger_controller_dag' retrieved from /home/airflow/.local/lib/python3.12/site-packages/airflow/example_dags/example_trigger_controller_dag.py
[2024-11-25T02:14:03.277+0000] {logging_mixin.py:190} INFO - [2024-11-25T02:14:03.277+0000] {dag.py:3239} INFO - Sync 1 DAGs
[2024-11-25T02:14:03.313+0000] {logging_mixin.py:190} INFO - [2024-11-25T02:14:03.313+0000] {dag.py:4180} INFO - Setting next_dagrun for example_trigger_controller_dag to 2021-01-01 00:00:00+00:00, run_after=2021-01-01 00:00:00+00:00
[2024-11-25T02:14:03.598+0000] {processor.py:208} INFO - Processing /home/airflow/.local/lib/python3.12/site-packages/airflow/example_dags/example_trigger_controller_dag.py took 0.372 seconds
[2024-11-25T02:14:34.325+0000] {processor.py:186} INFO - Started process (PID=2509) to work on /home/airflow/.local/lib/python3.12/site-packages/airflow/example_dags/example_trigger_controller_dag.py
[2024-11-25T02:14:34.326+0000] {processor.py:914} INFO - Processing file /home/airflow/.local/lib/python3.12/site-packages/airflow/example_dags/example_trigger_controller_dag.py for tasks to queue
[2024-11-25T02:14:34.329+0000] {logging_mixin.py:190} INFO - [2024-11-25T02:14:34.328+0000] {dagbag.py:588} INFO - Filling up the DagBag from /home/airflow/.local/lib/python3.12/site-packages/airflow/example_dags/example_trigger_controller_dag.py
[2024-11-25T02:14:34.337+0000] {processor.py:925} INFO - DAG(s) 'example_trigger_controller_dag' retrieved from /home/airflow/.local/lib/python3.12/site-packages/airflow/example_dags/example_trigger_controller_dag.py
[2024-11-25T02:14:34.363+0000] {logging_mixin.py:190} INFO - [2024-11-25T02:14:34.363+0000] {dag.py:3239} INFO - Sync 1 DAGs
[2024-11-25T02:14:34.389+0000] {logging_mixin.py:190} INFO - [2024-11-25T02:14:34.389+0000] {dag.py:4180} INFO - Setting next_dagrun for example_trigger_controller_dag to 2021-01-01 00:00:00+00:00, run_after=2021-01-01 00:00:00+00:00
[2024-11-25T02:14:34.406+0000] {processor.py:208} INFO - Processing /home/airflow/.local/lib/python3.12/site-packages/airflow/example_dags/example_trigger_controller_dag.py took 0.089 seconds
[2024-11-25T02:15:04.851+0000] {processor.py:186} INFO - Started process (PID=2580) to work on /home/airflow/.local/lib/python3.12/site-packages/airflow/example_dags/example_trigger_controller_dag.py
[2024-11-25T02:15:04.852+0000] {processor.py:914} INFO - Processing file /home/airflow/.local/lib/python3.12/site-packages/airflow/example_dags/example_trigger_controller_dag.py for tasks to queue
[2024-11-25T02:15:04.854+0000] {logging_mixin.py:190} INFO - [2024-11-25T02:15:04.854+0000] {dagbag.py:588} INFO - Filling up the DagBag from /home/airflow/.local/lib/python3.12/site-packages/airflow/example_dags/example_trigger_controller_dag.py
[2024-11-25T02:15:04.862+0000] {processor.py:925} INFO - DAG(s) 'example_trigger_controller_dag' retrieved from /home/airflow/.local/lib/python3.12/site-packages/airflow/example_dags/example_trigger_controller_dag.py
[2024-11-25T02:15:04.880+0000] {logging_mixin.py:190} INFO - [2024-11-25T02:15:04.880+0000] {dag.py:3239} INFO - Sync 1 DAGs
[2024-11-25T02:15:04.900+0000] {logging_mixin.py:190} INFO - [2024-11-25T02:15:04.900+0000] {dag.py:4180} INFO - Setting next_dagrun for example_trigger_controller_dag to 2021-01-01 00:00:00+00:00, run_after=2021-01-01 00:00:00+00:00
[2024-11-25T02:15:04.916+0000] {processor.py:208} INFO - Processing /home/airflow/.local/lib/python3.12/site-packages/airflow/example_dags/example_trigger_controller_dag.py took 0.070 seconds
[2024-11-25T02:15:35.639+0000] {processor.py:186} INFO - Started process (PID=2644) to work on /home/airflow/.local/lib/python3.12/site-packages/airflow/example_dags/example_trigger_controller_dag.py
[2024-11-25T02:15:35.640+0000] {processor.py:914} INFO - Processing file /home/airflow/.local/lib/python3.12/site-packages/airflow/example_dags/example_trigger_controller_dag.py for tasks to queue
[2024-11-25T02:15:35.642+0000] {logging_mixin.py:190} INFO - [2024-11-25T02:15:35.642+0000] {dagbag.py:588} INFO - Filling up the DagBag from /home/airflow/.local/lib/python3.12/site-packages/airflow/example_dags/example_trigger_controller_dag.py
[2024-11-25T02:15:35.649+0000] {processor.py:925} INFO - DAG(s) 'example_trigger_controller_dag' retrieved from /home/airflow/.local/lib/python3.12/site-packages/airflow/example_dags/example_trigger_controller_dag.py
[2024-11-25T02:15:35.667+0000] {logging_mixin.py:190} INFO - [2024-11-25T02:15:35.666+0000] {dag.py:3239} INFO - Sync 1 DAGs
[2024-11-25T02:15:35.690+0000] {logging_mixin.py:190} INFO - [2024-11-25T02:15:35.690+0000] {dag.py:4180} INFO - Setting next_dagrun for example_trigger_controller_dag to 2021-01-01 00:00:00+00:00, run_after=2021-01-01 00:00:00+00:00
[2024-11-25T02:15:35.706+0000] {processor.py:208} INFO - Processing /home/airflow/.local/lib/python3.12/site-packages/airflow/example_dags/example_trigger_controller_dag.py took 0.071 seconds
[2024-11-25T02:16:06.221+0000] {processor.py:186} INFO - Started process (PID=2708) to work on /home/airflow/.local/lib/python3.12/site-packages/airflow/example_dags/example_trigger_controller_dag.py
[2024-11-25T02:16:06.223+0000] {processor.py:914} INFO - Processing file /home/airflow/.local/lib/python3.12/site-packages/airflow/example_dags/example_trigger_controller_dag.py for tasks to queue
[2024-11-25T02:16:06.226+0000] {logging_mixin.py:190} INFO - [2024-11-25T02:16:06.226+0000] {dagbag.py:588} INFO - Filling up the DagBag from /home/airflow/.local/lib/python3.12/site-packages/airflow/example_dags/example_trigger_controller_dag.py
[2024-11-25T02:16:06.234+0000] {processor.py:925} INFO - DAG(s) 'example_trigger_controller_dag' retrieved from /home/airflow/.local/lib/python3.12/site-packages/airflow/example_dags/example_trigger_controller_dag.py
[2024-11-25T02:16:06.482+0000] {logging_mixin.py:190} INFO - [2024-11-25T02:16:06.482+0000] {dag.py:3239} INFO - Sync 1 DAGs
[2024-11-25T02:16:06.513+0000] {logging_mixin.py:190} INFO - [2024-11-25T02:16:06.513+0000] {dag.py:4180} INFO - Setting next_dagrun for example_trigger_controller_dag to 2021-01-01 00:00:00+00:00, run_after=2021-01-01 00:00:00+00:00
[2024-11-25T02:16:06.534+0000] {processor.py:208} INFO - Processing /home/airflow/.local/lib/python3.12/site-packages/airflow/example_dags/example_trigger_controller_dag.py took 0.324 seconds
[2024-11-25T02:16:37.304+0000] {processor.py:186} INFO - Started process (PID=2772) to work on /home/airflow/.local/lib/python3.12/site-packages/airflow/example_dags/example_trigger_controller_dag.py
[2024-11-25T02:16:37.305+0000] {processor.py:914} INFO - Processing file /home/airflow/.local/lib/python3.12/site-packages/airflow/example_dags/example_trigger_controller_dag.py for tasks to queue
[2024-11-25T02:16:37.308+0000] {logging_mixin.py:190} INFO - [2024-11-25T02:16:37.307+0000] {dagbag.py:588} INFO - Filling up the DagBag from /home/airflow/.local/lib/python3.12/site-packages/airflow/example_dags/example_trigger_controller_dag.py
[2024-11-25T02:16:37.315+0000] {processor.py:925} INFO - DAG(s) 'example_trigger_controller_dag' retrieved from /home/airflow/.local/lib/python3.12/site-packages/airflow/example_dags/example_trigger_controller_dag.py
[2024-11-25T02:16:37.344+0000] {logging_mixin.py:190} INFO - [2024-11-25T02:16:37.344+0000] {dag.py:3239} INFO - Sync 1 DAGs
[2024-11-25T02:16:37.376+0000] {logging_mixin.py:190} INFO - [2024-11-25T02:16:37.375+0000] {dag.py:4180} INFO - Setting next_dagrun for example_trigger_controller_dag to 2021-01-01 00:00:00+00:00, run_after=2021-01-01 00:00:00+00:00
[2024-11-25T02:16:37.405+0000] {processor.py:208} INFO - Processing /home/airflow/.local/lib/python3.12/site-packages/airflow/example_dags/example_trigger_controller_dag.py took 0.106 seconds
