[2024-11-25T01:55:29.926+0000] {processor.py:186} INFO - Started process (PID=126) to work on /home/airflow/.local/lib/python3.12/site-packages/airflow/example_dags/example_dataset_alias.py
[2024-11-25T01:55:29.927+0000] {processor.py:914} INFO - Processing file /home/airflow/.local/lib/python3.12/site-packages/airflow/example_dags/example_dataset_alias.py for tasks to queue
[2024-11-25T01:55:29.931+0000] {logging_mixin.py:190} INFO - [2024-11-25T01:55:29.931+0000] {dagbag.py:588} INFO - Filling up the DagBag from /home/airflow/.local/lib/python3.12/site-packages/airflow/example_dags/example_dataset_alias.py
[2024-11-25T01:55:32.076+0000] {processor.py:925} INFO - DAG(s) 'dataset_s3_bucket_consumer', 'dataset_s3_bucket_producer', 'dataset_alias_example_alias_producer', 'dataset_alias_example_alias_consumer' retrieved from /home/airflow/.local/lib/python3.12/site-packages/airflow/example_dags/example_dataset_alias.py
[2024-11-25T01:55:32.155+0000] {logging_mixin.py:190} INFO - [2024-11-25T01:55:32.154+0000] {dag.py:3239} INFO - Sync 4 DAGs
[2024-11-25T01:55:32.241+0000] {logging_mixin.py:190} INFO - [2024-11-25T01:55:32.241+0000] {dag.py:4180} INFO - Setting next_dagrun for dataset_alias_example_alias_consumer to None, run_after=None
[2024-11-25T01:55:32.257+0000] {logging_mixin.py:190} INFO - [2024-11-25T01:55:32.256+0000] {dag.py:4180} INFO - Setting next_dagrun for dataset_alias_example_alias_producer to None, run_after=None
[2024-11-25T01:55:32.260+0000] {logging_mixin.py:190} INFO - [2024-11-25T01:55:32.259+0000] {dag.py:4180} INFO - Setting next_dagrun for dataset_s3_bucket_consumer to None, run_after=None
[2024-11-25T01:55:32.263+0000] {logging_mixin.py:190} INFO - [2024-11-25T01:55:32.263+0000] {dag.py:4180} INFO - Setting next_dagrun for dataset_s3_bucket_producer to None, run_after=None
[2024-11-25T01:55:32.306+0000] {processor.py:208} INFO - Processing /home/airflow/.local/lib/python3.12/site-packages/airflow/example_dags/example_dataset_alias.py took 2.403 seconds
[2024-11-25T01:56:02.803+0000] {processor.py:186} INFO - Started process (PID=194) to work on /home/airflow/.local/lib/python3.12/site-packages/airflow/example_dags/example_dataset_alias.py
[2024-11-25T01:56:02.804+0000] {processor.py:914} INFO - Processing file /home/airflow/.local/lib/python3.12/site-packages/airflow/example_dags/example_dataset_alias.py for tasks to queue
[2024-11-25T01:56:02.807+0000] {logging_mixin.py:190} INFO - [2024-11-25T01:56:02.807+0000] {dagbag.py:588} INFO - Filling up the DagBag from /home/airflow/.local/lib/python3.12/site-packages/airflow/example_dags/example_dataset_alias.py
[2024-11-25T01:56:03.394+0000] {processor.py:925} INFO - DAG(s) 'dataset_s3_bucket_producer', 'dataset_s3_bucket_consumer', 'dataset_alias_example_alias_producer', 'dataset_alias_example_alias_consumer' retrieved from /home/airflow/.local/lib/python3.12/site-packages/airflow/example_dags/example_dataset_alias.py
[2024-11-25T01:56:03.412+0000] {logging_mixin.py:190} INFO - [2024-11-25T01:56:03.412+0000] {dag.py:3239} INFO - Sync 4 DAGs
[2024-11-25T01:56:03.434+0000] {logging_mixin.py:190} INFO - [2024-11-25T01:56:03.434+0000] {dag.py:4180} INFO - Setting next_dagrun for dataset_alias_example_alias_consumer to None, run_after=None
[2024-11-25T01:56:03.437+0000] {logging_mixin.py:190} INFO - [2024-11-25T01:56:03.437+0000] {dag.py:4180} INFO - Setting next_dagrun for dataset_alias_example_alias_producer to None, run_after=None
[2024-11-25T01:56:03.438+0000] {logging_mixin.py:190} INFO - [2024-11-25T01:56:03.438+0000] {dag.py:4180} INFO - Setting next_dagrun for dataset_s3_bucket_consumer to None, run_after=None
[2024-11-25T01:56:03.440+0000] {logging_mixin.py:190} INFO - [2024-11-25T01:56:03.440+0000] {dag.py:4180} INFO - Setting next_dagrun for dataset_s3_bucket_producer to None, run_after=None
[2024-11-25T01:56:03.459+0000] {processor.py:208} INFO - Processing /home/airflow/.local/lib/python3.12/site-packages/airflow/example_dags/example_dataset_alias.py took 0.662 seconds
[2024-11-25T01:56:33.807+0000] {processor.py:186} INFO - Started process (PID=262) to work on /home/airflow/.local/lib/python3.12/site-packages/airflow/example_dags/example_dataset_alias.py
[2024-11-25T01:56:33.809+0000] {processor.py:914} INFO - Processing file /home/airflow/.local/lib/python3.12/site-packages/airflow/example_dags/example_dataset_alias.py for tasks to queue
[2024-11-25T01:56:33.813+0000] {logging_mixin.py:190} INFO - [2024-11-25T01:56:33.812+0000] {dagbag.py:588} INFO - Filling up the DagBag from /home/airflow/.local/lib/python3.12/site-packages/airflow/example_dags/example_dataset_alias.py
[2024-11-25T01:56:35.090+0000] {processor.py:925} INFO - DAG(s) 'dataset_s3_bucket_producer', 'dataset_alias_example_alias_consumer', 'dataset_s3_bucket_consumer', 'dataset_alias_example_alias_producer' retrieved from /home/airflow/.local/lib/python3.12/site-packages/airflow/example_dags/example_dataset_alias.py
[2024-11-25T01:56:35.193+0000] {logging_mixin.py:190} INFO - [2024-11-25T01:56:35.188+0000] {dag.py:3239} INFO - Sync 4 DAGs
[2024-11-25T01:56:35.262+0000] {logging_mixin.py:190} INFO - [2024-11-25T01:56:35.262+0000] {dag.py:4180} INFO - Setting next_dagrun for dataset_alias_example_alias_consumer to None, run_after=None
[2024-11-25T01:56:35.268+0000] {logging_mixin.py:190} INFO - [2024-11-25T01:56:35.268+0000] {dag.py:4180} INFO - Setting next_dagrun for dataset_alias_example_alias_producer to None, run_after=None
[2024-11-25T01:56:35.275+0000] {logging_mixin.py:190} INFO - [2024-11-25T01:56:35.274+0000] {dag.py:4180} INFO - Setting next_dagrun for dataset_s3_bucket_consumer to None, run_after=None
[2024-11-25T01:56:35.279+0000] {logging_mixin.py:190} INFO - [2024-11-25T01:56:35.278+0000] {dag.py:4180} INFO - Setting next_dagrun for dataset_s3_bucket_producer to None, run_after=None
[2024-11-25T01:56:35.331+0000] {processor.py:208} INFO - Processing /home/airflow/.local/lib/python3.12/site-packages/airflow/example_dags/example_dataset_alias.py took 1.532 seconds
[2024-11-25T01:57:07.156+0000] {processor.py:186} INFO - Started process (PID=322) to work on /home/airflow/.local/lib/python3.12/site-packages/airflow/example_dags/example_dataset_alias.py
[2024-11-25T01:57:07.158+0000] {processor.py:914} INFO - Processing file /home/airflow/.local/lib/python3.12/site-packages/airflow/example_dags/example_dataset_alias.py for tasks to queue
[2024-11-25T01:57:07.167+0000] {logging_mixin.py:190} INFO - [2024-11-25T01:57:07.166+0000] {dagbag.py:588} INFO - Filling up the DagBag from /home/airflow/.local/lib/python3.12/site-packages/airflow/example_dags/example_dataset_alias.py
[2024-11-25T01:57:08.376+0000] {processor.py:925} INFO - DAG(s) 'dataset_s3_bucket_producer', 'dataset_alias_example_alias_producer', 'dataset_s3_bucket_consumer', 'dataset_alias_example_alias_consumer' retrieved from /home/airflow/.local/lib/python3.12/site-packages/airflow/example_dags/example_dataset_alias.py
[2024-11-25T01:57:08.449+0000] {logging_mixin.py:190} INFO - [2024-11-25T01:57:08.448+0000] {dag.py:3239} INFO - Sync 4 DAGs
[2024-11-25T01:57:08.488+0000] {logging_mixin.py:190} INFO - [2024-11-25T01:57:08.488+0000] {dag.py:4180} INFO - Setting next_dagrun for dataset_alias_example_alias_consumer to None, run_after=None
[2024-11-25T01:57:08.493+0000] {logging_mixin.py:190} INFO - [2024-11-25T01:57:08.493+0000] {dag.py:4180} INFO - Setting next_dagrun for dataset_alias_example_alias_producer to None, run_after=None
[2024-11-25T01:57:08.496+0000] {logging_mixin.py:190} INFO - [2024-11-25T01:57:08.496+0000] {dag.py:4180} INFO - Setting next_dagrun for dataset_s3_bucket_consumer to None, run_after=None
[2024-11-25T01:57:08.500+0000] {logging_mixin.py:190} INFO - [2024-11-25T01:57:08.499+0000] {dag.py:4180} INFO - Setting next_dagrun for dataset_s3_bucket_producer to None, run_after=None
[2024-11-25T01:57:08.547+0000] {processor.py:208} INFO - Processing /home/airflow/.local/lib/python3.12/site-packages/airflow/example_dags/example_dataset_alias.py took 1.403 seconds
[2024-11-25T01:57:38.668+0000] {processor.py:186} INFO - Started process (PID=386) to work on /home/airflow/.local/lib/python3.12/site-packages/airflow/example_dags/example_dataset_alias.py
[2024-11-25T01:57:38.670+0000] {processor.py:914} INFO - Processing file /home/airflow/.local/lib/python3.12/site-packages/airflow/example_dags/example_dataset_alias.py for tasks to queue
[2024-11-25T01:57:38.674+0000] {logging_mixin.py:190} INFO - [2024-11-25T01:57:38.673+0000] {dagbag.py:588} INFO - Filling up the DagBag from /home/airflow/.local/lib/python3.12/site-packages/airflow/example_dags/example_dataset_alias.py
[2024-11-25T01:57:39.580+0000] {processor.py:925} INFO - DAG(s) 'dataset_alias_example_alias_consumer', 'dataset_s3_bucket_consumer', 'dataset_alias_example_alias_producer', 'dataset_s3_bucket_producer' retrieved from /home/airflow/.local/lib/python3.12/site-packages/airflow/example_dags/example_dataset_alias.py
[2024-11-25T01:57:39.628+0000] {logging_mixin.py:190} INFO - [2024-11-25T01:57:39.627+0000] {dag.py:3239} INFO - Sync 4 DAGs
[2024-11-25T01:57:39.669+0000] {logging_mixin.py:190} INFO - [2024-11-25T01:57:39.668+0000] {dag.py:4180} INFO - Setting next_dagrun for dataset_alias_example_alias_consumer to None, run_after=None
[2024-11-25T01:57:39.674+0000] {logging_mixin.py:190} INFO - [2024-11-25T01:57:39.674+0000] {dag.py:4180} INFO - Setting next_dagrun for dataset_alias_example_alias_producer to None, run_after=None
[2024-11-25T01:57:39.678+0000] {logging_mixin.py:190} INFO - [2024-11-25T01:57:39.678+0000] {dag.py:4180} INFO - Setting next_dagrun for dataset_s3_bucket_consumer to None, run_after=None
[2024-11-25T01:57:39.681+0000] {logging_mixin.py:190} INFO - [2024-11-25T01:57:39.681+0000] {dag.py:4180} INFO - Setting next_dagrun for dataset_s3_bucket_producer to None, run_after=None
[2024-11-25T01:57:39.730+0000] {processor.py:208} INFO - Processing /home/airflow/.local/lib/python3.12/site-packages/airflow/example_dags/example_dataset_alias.py took 1.071 seconds
[2024-11-25T01:58:10.122+0000] {processor.py:186} INFO - Started process (PID=450) to work on /home/airflow/.local/lib/python3.12/site-packages/airflow/example_dags/example_dataset_alias.py
[2024-11-25T01:58:10.123+0000] {processor.py:914} INFO - Processing file /home/airflow/.local/lib/python3.12/site-packages/airflow/example_dags/example_dataset_alias.py for tasks to queue
[2024-11-25T01:58:10.127+0000] {logging_mixin.py:190} INFO - [2024-11-25T01:58:10.126+0000] {dagbag.py:588} INFO - Filling up the DagBag from /home/airflow/.local/lib/python3.12/site-packages/airflow/example_dags/example_dataset_alias.py
[2024-11-25T01:58:11.291+0000] {processor.py:925} INFO - DAG(s) 'dataset_alias_example_alias_producer', 'dataset_s3_bucket_producer', 'dataset_alias_example_alias_consumer', 'dataset_s3_bucket_consumer' retrieved from /home/airflow/.local/lib/python3.12/site-packages/airflow/example_dags/example_dataset_alias.py
[2024-11-25T01:58:11.362+0000] {logging_mixin.py:190} INFO - [2024-11-25T01:58:11.361+0000] {dag.py:3239} INFO - Sync 4 DAGs
[2024-11-25T01:58:11.455+0000] {logging_mixin.py:190} INFO - [2024-11-25T01:58:11.455+0000] {dag.py:4180} INFO - Setting next_dagrun for dataset_alias_example_alias_consumer to None, run_after=None
[2024-11-25T01:58:11.463+0000] {logging_mixin.py:190} INFO - [2024-11-25T01:58:11.463+0000] {dag.py:4180} INFO - Setting next_dagrun for dataset_alias_example_alias_producer to None, run_after=None
[2024-11-25T01:58:11.467+0000] {logging_mixin.py:190} INFO - [2024-11-25T01:58:11.467+0000] {dag.py:4180} INFO - Setting next_dagrun for dataset_s3_bucket_consumer to None, run_after=None
[2024-11-25T01:58:11.470+0000] {logging_mixin.py:190} INFO - [2024-11-25T01:58:11.470+0000] {dag.py:4180} INFO - Setting next_dagrun for dataset_s3_bucket_producer to None, run_after=None
[2024-11-25T01:58:12.945+0000] {processor.py:208} INFO - Processing /home/airflow/.local/lib/python3.12/site-packages/airflow/example_dags/example_dataset_alias.py took 2.833 seconds
[2024-11-25T01:58:43.026+0000] {processor.py:186} INFO - Started process (PID=514) to work on /home/airflow/.local/lib/python3.12/site-packages/airflow/example_dags/example_dataset_alias.py
[2024-11-25T01:58:43.028+0000] {processor.py:914} INFO - Processing file /home/airflow/.local/lib/python3.12/site-packages/airflow/example_dags/example_dataset_alias.py for tasks to queue
[2024-11-25T01:58:43.031+0000] {logging_mixin.py:190} INFO - [2024-11-25T01:58:43.030+0000] {dagbag.py:588} INFO - Filling up the DagBag from /home/airflow/.local/lib/python3.12/site-packages/airflow/example_dags/example_dataset_alias.py
[2024-11-25T01:58:43.789+0000] {processor.py:925} INFO - DAG(s) 'dataset_s3_bucket_consumer', 'dataset_alias_example_alias_producer', 'dataset_alias_example_alias_consumer', 'dataset_s3_bucket_producer' retrieved from /home/airflow/.local/lib/python3.12/site-packages/airflow/example_dags/example_dataset_alias.py
[2024-11-25T01:58:43.815+0000] {logging_mixin.py:190} INFO - [2024-11-25T01:58:43.815+0000] {dag.py:3239} INFO - Sync 4 DAGs
[2024-11-25T01:58:43.846+0000] {logging_mixin.py:190} INFO - [2024-11-25T01:58:43.845+0000] {dag.py:4180} INFO - Setting next_dagrun for dataset_alias_example_alias_consumer to None, run_after=None
[2024-11-25T01:58:43.849+0000] {logging_mixin.py:190} INFO - [2024-11-25T01:58:43.849+0000] {dag.py:4180} INFO - Setting next_dagrun for dataset_alias_example_alias_producer to None, run_after=None
[2024-11-25T01:58:43.851+0000] {logging_mixin.py:190} INFO - [2024-11-25T01:58:43.851+0000] {dag.py:4180} INFO - Setting next_dagrun for dataset_s3_bucket_consumer to None, run_after=None
[2024-11-25T01:58:43.853+0000] {logging_mixin.py:190} INFO - [2024-11-25T01:58:43.852+0000] {dag.py:4180} INFO - Setting next_dagrun for dataset_s3_bucket_producer to None, run_after=None
[2024-11-25T01:58:43.886+0000] {processor.py:208} INFO - Processing /home/airflow/.local/lib/python3.12/site-packages/airflow/example_dags/example_dataset_alias.py took 0.865 seconds
[2024-11-25T01:59:14.187+0000] {processor.py:186} INFO - Started process (PID=578) to work on /home/airflow/.local/lib/python3.12/site-packages/airflow/example_dags/example_dataset_alias.py
[2024-11-25T01:59:14.188+0000] {processor.py:914} INFO - Processing file /home/airflow/.local/lib/python3.12/site-packages/airflow/example_dags/example_dataset_alias.py for tasks to queue
[2024-11-25T01:59:14.191+0000] {logging_mixin.py:190} INFO - [2024-11-25T01:59:14.190+0000] {dagbag.py:588} INFO - Filling up the DagBag from /home/airflow/.local/lib/python3.12/site-packages/airflow/example_dags/example_dataset_alias.py
[2024-11-25T01:59:14.885+0000] {processor.py:925} INFO - DAG(s) 'dataset_s3_bucket_producer', 'dataset_s3_bucket_consumer', 'dataset_alias_example_alias_consumer', 'dataset_alias_example_alias_producer' retrieved from /home/airflow/.local/lib/python3.12/site-packages/airflow/example_dags/example_dataset_alias.py
[2024-11-25T01:59:14.906+0000] {logging_mixin.py:190} INFO - [2024-11-25T01:59:14.906+0000] {dag.py:3239} INFO - Sync 4 DAGs
[2024-11-25T01:59:14.930+0000] {logging_mixin.py:190} INFO - [2024-11-25T01:59:14.929+0000] {dag.py:4180} INFO - Setting next_dagrun for dataset_alias_example_alias_consumer to None, run_after=None
[2024-11-25T01:59:14.933+0000] {logging_mixin.py:190} INFO - [2024-11-25T01:59:14.933+0000] {dag.py:4180} INFO - Setting next_dagrun for dataset_alias_example_alias_producer to None, run_after=None
[2024-11-25T01:59:14.935+0000] {logging_mixin.py:190} INFO - [2024-11-25T01:59:14.935+0000] {dag.py:4180} INFO - Setting next_dagrun for dataset_s3_bucket_consumer to None, run_after=None
[2024-11-25T01:59:14.937+0000] {logging_mixin.py:190} INFO - [2024-11-25T01:59:14.937+0000] {dag.py:4180} INFO - Setting next_dagrun for dataset_s3_bucket_producer to None, run_after=None
[2024-11-25T01:59:14.960+0000] {processor.py:208} INFO - Processing /home/airflow/.local/lib/python3.12/site-packages/airflow/example_dags/example_dataset_alias.py took 0.780 seconds
[2024-11-25T01:59:45.157+0000] {processor.py:186} INFO - Started process (PID=642) to work on /home/airflow/.local/lib/python3.12/site-packages/airflow/example_dags/example_dataset_alias.py
[2024-11-25T01:59:45.159+0000] {processor.py:914} INFO - Processing file /home/airflow/.local/lib/python3.12/site-packages/airflow/example_dags/example_dataset_alias.py for tasks to queue
[2024-11-25T01:59:45.161+0000] {logging_mixin.py:190} INFO - [2024-11-25T01:59:45.161+0000] {dagbag.py:588} INFO - Filling up the DagBag from /home/airflow/.local/lib/python3.12/site-packages/airflow/example_dags/example_dataset_alias.py
[2024-11-25T01:59:45.827+0000] {processor.py:925} INFO - DAG(s) 'dataset_alias_example_alias_producer', 'dataset_alias_example_alias_consumer', 'dataset_s3_bucket_consumer', 'dataset_s3_bucket_producer' retrieved from /home/airflow/.local/lib/python3.12/site-packages/airflow/example_dags/example_dataset_alias.py
[2024-11-25T01:59:45.853+0000] {logging_mixin.py:190} INFO - [2024-11-25T01:59:45.852+0000] {dag.py:3239} INFO - Sync 4 DAGs
[2024-11-25T01:59:45.886+0000] {logging_mixin.py:190} INFO - [2024-11-25T01:59:45.886+0000] {dag.py:4180} INFO - Setting next_dagrun for dataset_alias_example_alias_consumer to None, run_after=None
[2024-11-25T01:59:45.890+0000] {logging_mixin.py:190} INFO - [2024-11-25T01:59:45.889+0000] {dag.py:4180} INFO - Setting next_dagrun for dataset_alias_example_alias_producer to None, run_after=None
[2024-11-25T01:59:45.893+0000] {logging_mixin.py:190} INFO - [2024-11-25T01:59:45.893+0000] {dag.py:4180} INFO - Setting next_dagrun for dataset_s3_bucket_consumer to None, run_after=None
[2024-11-25T01:59:45.895+0000] {logging_mixin.py:190} INFO - [2024-11-25T01:59:45.895+0000] {dag.py:4180} INFO - Setting next_dagrun for dataset_s3_bucket_producer to None, run_after=None
[2024-11-25T01:59:45.916+0000] {processor.py:208} INFO - Processing /home/airflow/.local/lib/python3.12/site-packages/airflow/example_dags/example_dataset_alias.py took 0.765 seconds
[2024-11-25T02:00:15.995+0000] {processor.py:186} INFO - Started process (PID=709) to work on /home/airflow/.local/lib/python3.12/site-packages/airflow/example_dags/example_dataset_alias.py
[2024-11-25T02:00:15.996+0000] {processor.py:914} INFO - Processing file /home/airflow/.local/lib/python3.12/site-packages/airflow/example_dags/example_dataset_alias.py for tasks to queue
[2024-11-25T02:00:15.998+0000] {logging_mixin.py:190} INFO - [2024-11-25T02:00:15.998+0000] {dagbag.py:588} INFO - Filling up the DagBag from /home/airflow/.local/lib/python3.12/site-packages/airflow/example_dags/example_dataset_alias.py
[2024-11-25T02:00:16.589+0000] {processor.py:925} INFO - DAG(s) 'dataset_s3_bucket_producer', 'dataset_alias_example_alias_consumer', 'dataset_alias_example_alias_producer', 'dataset_s3_bucket_consumer' retrieved from /home/airflow/.local/lib/python3.12/site-packages/airflow/example_dags/example_dataset_alias.py
[2024-11-25T02:00:16.611+0000] {logging_mixin.py:190} INFO - [2024-11-25T02:00:16.611+0000] {dag.py:3239} INFO - Sync 4 DAGs
[2024-11-25T02:00:16.633+0000] {logging_mixin.py:190} INFO - [2024-11-25T02:00:16.633+0000] {dag.py:4180} INFO - Setting next_dagrun for dataset_alias_example_alias_consumer to None, run_after=None
[2024-11-25T02:00:16.636+0000] {logging_mixin.py:190} INFO - [2024-11-25T02:00:16.636+0000] {dag.py:4180} INFO - Setting next_dagrun for dataset_alias_example_alias_producer to None, run_after=None
[2024-11-25T02:00:16.640+0000] {logging_mixin.py:190} INFO - [2024-11-25T02:00:16.639+0000] {dag.py:4180} INFO - Setting next_dagrun for dataset_s3_bucket_consumer to None, run_after=None
[2024-11-25T02:00:16.641+0000] {logging_mixin.py:190} INFO - [2024-11-25T02:00:16.641+0000] {dag.py:4180} INFO - Setting next_dagrun for dataset_s3_bucket_producer to None, run_after=None
[2024-11-25T02:00:16.663+0000] {processor.py:208} INFO - Processing /home/airflow/.local/lib/python3.12/site-packages/airflow/example_dags/example_dataset_alias.py took 0.674 seconds
[2024-11-25T02:00:46.798+0000] {processor.py:186} INFO - Started process (PID=774) to work on /home/airflow/.local/lib/python3.12/site-packages/airflow/example_dags/example_dataset_alias.py
[2024-11-25T02:00:46.799+0000] {processor.py:914} INFO - Processing file /home/airflow/.local/lib/python3.12/site-packages/airflow/example_dags/example_dataset_alias.py for tasks to queue
[2024-11-25T02:00:46.801+0000] {logging_mixin.py:190} INFO - [2024-11-25T02:00:46.801+0000] {dagbag.py:588} INFO - Filling up the DagBag from /home/airflow/.local/lib/python3.12/site-packages/airflow/example_dags/example_dataset_alias.py
[2024-11-25T02:00:47.498+0000] {processor.py:925} INFO - DAG(s) 'dataset_alias_example_alias_consumer', 'dataset_s3_bucket_producer', 'dataset_s3_bucket_consumer', 'dataset_alias_example_alias_producer' retrieved from /home/airflow/.local/lib/python3.12/site-packages/airflow/example_dags/example_dataset_alias.py
[2024-11-25T02:00:47.518+0000] {logging_mixin.py:190} INFO - [2024-11-25T02:00:47.517+0000] {dag.py:3239} INFO - Sync 4 DAGs
[2024-11-25T02:00:47.539+0000] {logging_mixin.py:190} INFO - [2024-11-25T02:00:47.539+0000] {dag.py:4180} INFO - Setting next_dagrun for dataset_alias_example_alias_consumer to None, run_after=None
[2024-11-25T02:00:47.543+0000] {logging_mixin.py:190} INFO - [2024-11-25T02:00:47.542+0000] {dag.py:4180} INFO - Setting next_dagrun for dataset_alias_example_alias_producer to None, run_after=None
[2024-11-25T02:00:47.544+0000] {logging_mixin.py:190} INFO - [2024-11-25T02:00:47.544+0000] {dag.py:4180} INFO - Setting next_dagrun for dataset_s3_bucket_consumer to None, run_after=None
[2024-11-25T02:00:47.546+0000] {logging_mixin.py:190} INFO - [2024-11-25T02:00:47.546+0000] {dag.py:4180} INFO - Setting next_dagrun for dataset_s3_bucket_producer to None, run_after=None
[2024-11-25T02:00:47.565+0000] {processor.py:208} INFO - Processing /home/airflow/.local/lib/python3.12/site-packages/airflow/example_dags/example_dataset_alias.py took 0.772 seconds
[2024-11-25T02:01:18.059+0000] {processor.py:186} INFO - Started process (PID=843) to work on /home/airflow/.local/lib/python3.12/site-packages/airflow/example_dags/example_dataset_alias.py
[2024-11-25T02:01:18.060+0000] {processor.py:914} INFO - Processing file /home/airflow/.local/lib/python3.12/site-packages/airflow/example_dags/example_dataset_alias.py for tasks to queue
[2024-11-25T02:01:18.062+0000] {logging_mixin.py:190} INFO - [2024-11-25T02:01:18.062+0000] {dagbag.py:588} INFO - Filling up the DagBag from /home/airflow/.local/lib/python3.12/site-packages/airflow/example_dags/example_dataset_alias.py
[2024-11-25T02:01:18.608+0000] {processor.py:925} INFO - DAG(s) 'dataset_alias_example_alias_consumer', 'dataset_s3_bucket_consumer', 'dataset_alias_example_alias_producer', 'dataset_s3_bucket_producer' retrieved from /home/airflow/.local/lib/python3.12/site-packages/airflow/example_dags/example_dataset_alias.py
[2024-11-25T02:01:18.627+0000] {logging_mixin.py:190} INFO - [2024-11-25T02:01:18.627+0000] {dag.py:3239} INFO - Sync 4 DAGs
[2024-11-25T02:01:18.648+0000] {logging_mixin.py:190} INFO - [2024-11-25T02:01:18.648+0000] {dag.py:4180} INFO - Setting next_dagrun for dataset_alias_example_alias_consumer to None, run_after=None
[2024-11-25T02:01:18.651+0000] {logging_mixin.py:190} INFO - [2024-11-25T02:01:18.651+0000] {dag.py:4180} INFO - Setting next_dagrun for dataset_alias_example_alias_producer to None, run_after=None
[2024-11-25T02:01:18.654+0000] {logging_mixin.py:190} INFO - [2024-11-25T02:01:18.653+0000] {dag.py:4180} INFO - Setting next_dagrun for dataset_s3_bucket_consumer to None, run_after=None
[2024-11-25T02:01:18.655+0000] {logging_mixin.py:190} INFO - [2024-11-25T02:01:18.655+0000] {dag.py:4180} INFO - Setting next_dagrun for dataset_s3_bucket_producer to None, run_after=None
[2024-11-25T02:01:18.698+0000] {processor.py:208} INFO - Processing /home/airflow/.local/lib/python3.12/site-packages/airflow/example_dags/example_dataset_alias.py took 0.644 seconds
[2024-11-25T02:01:49.456+0000] {processor.py:186} INFO - Started process (PID=909) to work on /home/airflow/.local/lib/python3.12/site-packages/airflow/example_dags/example_dataset_alias.py
[2024-11-25T02:01:49.457+0000] {processor.py:914} INFO - Processing file /home/airflow/.local/lib/python3.12/site-packages/airflow/example_dags/example_dataset_alias.py for tasks to queue
[2024-11-25T02:01:49.460+0000] {logging_mixin.py:190} INFO - [2024-11-25T02:01:49.459+0000] {dagbag.py:588} INFO - Filling up the DagBag from /home/airflow/.local/lib/python3.12/site-packages/airflow/example_dags/example_dataset_alias.py
[2024-11-25T02:01:50.083+0000] {processor.py:925} INFO - DAG(s) 'dataset_s3_bucket_producer', 'dataset_alias_example_alias_producer', 'dataset_alias_example_alias_consumer', 'dataset_s3_bucket_consumer' retrieved from /home/airflow/.local/lib/python3.12/site-packages/airflow/example_dags/example_dataset_alias.py
[2024-11-25T02:01:50.102+0000] {logging_mixin.py:190} INFO - [2024-11-25T02:01:50.102+0000] {dag.py:3239} INFO - Sync 4 DAGs
[2024-11-25T02:01:50.121+0000] {logging_mixin.py:190} INFO - [2024-11-25T02:01:50.121+0000] {dag.py:4180} INFO - Setting next_dagrun for dataset_alias_example_alias_consumer to None, run_after=None
[2024-11-25T02:01:50.124+0000] {logging_mixin.py:190} INFO - [2024-11-25T02:01:50.124+0000] {dag.py:4180} INFO - Setting next_dagrun for dataset_alias_example_alias_producer to None, run_after=None
[2024-11-25T02:01:50.125+0000] {logging_mixin.py:190} INFO - [2024-11-25T02:01:50.125+0000] {dag.py:4180} INFO - Setting next_dagrun for dataset_s3_bucket_consumer to None, run_after=None
[2024-11-25T02:01:50.126+0000] {logging_mixin.py:190} INFO - [2024-11-25T02:01:50.126+0000] {dag.py:4180} INFO - Setting next_dagrun for dataset_s3_bucket_producer to None, run_after=None
[2024-11-25T02:01:50.154+0000] {processor.py:208} INFO - Processing /home/airflow/.local/lib/python3.12/site-packages/airflow/example_dags/example_dataset_alias.py took 0.703 seconds
[2024-11-25T02:02:20.915+0000] {processor.py:186} INFO - Started process (PID=974) to work on /home/airflow/.local/lib/python3.12/site-packages/airflow/example_dags/example_dataset_alias.py
[2024-11-25T02:02:20.916+0000] {processor.py:914} INFO - Processing file /home/airflow/.local/lib/python3.12/site-packages/airflow/example_dags/example_dataset_alias.py for tasks to queue
[2024-11-25T02:02:20.918+0000] {logging_mixin.py:190} INFO - [2024-11-25T02:02:20.918+0000] {dagbag.py:588} INFO - Filling up the DagBag from /home/airflow/.local/lib/python3.12/site-packages/airflow/example_dags/example_dataset_alias.py
[2024-11-25T02:02:21.543+0000] {processor.py:925} INFO - DAG(s) 'dataset_alias_example_alias_consumer', 'dataset_s3_bucket_producer', 'dataset_s3_bucket_consumer', 'dataset_alias_example_alias_producer' retrieved from /home/airflow/.local/lib/python3.12/site-packages/airflow/example_dags/example_dataset_alias.py
[2024-11-25T02:02:21.564+0000] {logging_mixin.py:190} INFO - [2024-11-25T02:02:21.563+0000] {dag.py:3239} INFO - Sync 4 DAGs
[2024-11-25T02:02:21.587+0000] {logging_mixin.py:190} INFO - [2024-11-25T02:02:21.587+0000] {dag.py:4180} INFO - Setting next_dagrun for dataset_alias_example_alias_consumer to None, run_after=None
[2024-11-25T02:02:21.590+0000] {logging_mixin.py:190} INFO - [2024-11-25T02:02:21.590+0000] {dag.py:4180} INFO - Setting next_dagrun for dataset_alias_example_alias_producer to None, run_after=None
[2024-11-25T02:02:21.592+0000] {logging_mixin.py:190} INFO - [2024-11-25T02:02:21.591+0000] {dag.py:4180} INFO - Setting next_dagrun for dataset_s3_bucket_consumer to None, run_after=None
[2024-11-25T02:02:21.593+0000] {logging_mixin.py:190} INFO - [2024-11-25T02:02:21.593+0000] {dag.py:4180} INFO - Setting next_dagrun for dataset_s3_bucket_producer to None, run_after=None
[2024-11-25T02:02:21.615+0000] {processor.py:208} INFO - Processing /home/airflow/.local/lib/python3.12/site-packages/airflow/example_dags/example_dataset_alias.py took 0.706 seconds
[2024-11-25T02:02:51.694+0000] {processor.py:186} INFO - Started process (PID=1044) to work on /home/airflow/.local/lib/python3.12/site-packages/airflow/example_dags/example_dataset_alias.py
[2024-11-25T02:02:51.695+0000] {processor.py:914} INFO - Processing file /home/airflow/.local/lib/python3.12/site-packages/airflow/example_dags/example_dataset_alias.py for tasks to queue
[2024-11-25T02:02:51.699+0000] {logging_mixin.py:190} INFO - [2024-11-25T02:02:51.698+0000] {dagbag.py:588} INFO - Filling up the DagBag from /home/airflow/.local/lib/python3.12/site-packages/airflow/example_dags/example_dataset_alias.py
[2024-11-25T02:02:52.454+0000] {processor.py:925} INFO - DAG(s) 'dataset_alias_example_alias_consumer', 'dataset_alias_example_alias_producer', 'dataset_s3_bucket_consumer', 'dataset_s3_bucket_producer' retrieved from /home/airflow/.local/lib/python3.12/site-packages/airflow/example_dags/example_dataset_alias.py
[2024-11-25T02:02:52.490+0000] {logging_mixin.py:190} INFO - [2024-11-25T02:02:52.489+0000] {dag.py:3239} INFO - Sync 4 DAGs
[2024-11-25T02:02:52.514+0000] {logging_mixin.py:190} INFO - [2024-11-25T02:02:52.514+0000] {dag.py:4180} INFO - Setting next_dagrun for dataset_alias_example_alias_consumer to None, run_after=None
[2024-11-25T02:02:52.517+0000] {logging_mixin.py:190} INFO - [2024-11-25T02:02:52.517+0000] {dag.py:4180} INFO - Setting next_dagrun for dataset_alias_example_alias_producer to None, run_after=None
[2024-11-25T02:02:52.520+0000] {logging_mixin.py:190} INFO - [2024-11-25T02:02:52.520+0000] {dag.py:4180} INFO - Setting next_dagrun for dataset_s3_bucket_consumer to None, run_after=None
[2024-11-25T02:02:52.528+0000] {logging_mixin.py:190} INFO - [2024-11-25T02:02:52.527+0000] {dag.py:4180} INFO - Setting next_dagrun for dataset_s3_bucket_producer to None, run_after=None
[2024-11-25T02:02:52.579+0000] {processor.py:208} INFO - Processing /home/airflow/.local/lib/python3.12/site-packages/airflow/example_dags/example_dataset_alias.py took 0.893 seconds
[2024-11-25T02:03:22.701+0000] {processor.py:186} INFO - Started process (PID=1109) to work on /home/airflow/.local/lib/python3.12/site-packages/airflow/example_dags/example_dataset_alias.py
[2024-11-25T02:03:22.702+0000] {processor.py:914} INFO - Processing file /home/airflow/.local/lib/python3.12/site-packages/airflow/example_dags/example_dataset_alias.py for tasks to queue
[2024-11-25T02:03:22.704+0000] {logging_mixin.py:190} INFO - [2024-11-25T02:03:22.704+0000] {dagbag.py:588} INFO - Filling up the DagBag from /home/airflow/.local/lib/python3.12/site-packages/airflow/example_dags/example_dataset_alias.py
[2024-11-25T02:03:23.279+0000] {processor.py:925} INFO - DAG(s) 'dataset_alias_example_alias_consumer', 'dataset_s3_bucket_producer', 'dataset_alias_example_alias_producer', 'dataset_s3_bucket_consumer' retrieved from /home/airflow/.local/lib/python3.12/site-packages/airflow/example_dags/example_dataset_alias.py
[2024-11-25T02:03:23.303+0000] {logging_mixin.py:190} INFO - [2024-11-25T02:03:23.302+0000] {dag.py:3239} INFO - Sync 4 DAGs
[2024-11-25T02:03:23.322+0000] {logging_mixin.py:190} INFO - [2024-11-25T02:03:23.322+0000] {dag.py:4180} INFO - Setting next_dagrun for dataset_alias_example_alias_consumer to None, run_after=None
[2024-11-25T02:03:23.324+0000] {logging_mixin.py:190} INFO - [2024-11-25T02:03:23.324+0000] {dag.py:4180} INFO - Setting next_dagrun for dataset_alias_example_alias_producer to None, run_after=None
[2024-11-25T02:03:23.326+0000] {logging_mixin.py:190} INFO - [2024-11-25T02:03:23.326+0000] {dag.py:4180} INFO - Setting next_dagrun for dataset_s3_bucket_consumer to None, run_after=None
[2024-11-25T02:03:23.327+0000] {logging_mixin.py:190} INFO - [2024-11-25T02:03:23.327+0000] {dag.py:4180} INFO - Setting next_dagrun for dataset_s3_bucket_producer to None, run_after=None
[2024-11-25T02:03:23.347+0000] {processor.py:208} INFO - Processing /home/airflow/.local/lib/python3.12/site-packages/airflow/example_dags/example_dataset_alias.py took 0.652 seconds
[2024-11-25T02:03:53.987+0000] {processor.py:186} INFO - Started process (PID=1173) to work on /home/airflow/.local/lib/python3.12/site-packages/airflow/example_dags/example_dataset_alias.py
[2024-11-25T02:03:53.988+0000] {processor.py:914} INFO - Processing file /home/airflow/.local/lib/python3.12/site-packages/airflow/example_dags/example_dataset_alias.py for tasks to queue
[2024-11-25T02:03:53.990+0000] {logging_mixin.py:190} INFO - [2024-11-25T02:03:53.990+0000] {dagbag.py:588} INFO - Filling up the DagBag from /home/airflow/.local/lib/python3.12/site-packages/airflow/example_dags/example_dataset_alias.py
[2024-11-25T02:03:54.633+0000] {processor.py:925} INFO - DAG(s) 'dataset_s3_bucket_producer', 'dataset_alias_example_alias_consumer', 'dataset_s3_bucket_consumer', 'dataset_alias_example_alias_producer' retrieved from /home/airflow/.local/lib/python3.12/site-packages/airflow/example_dags/example_dataset_alias.py
[2024-11-25T02:03:54.661+0000] {logging_mixin.py:190} INFO - [2024-11-25T02:03:54.660+0000] {dag.py:3239} INFO - Sync 4 DAGs
[2024-11-25T02:03:54.689+0000] {logging_mixin.py:190} INFO - [2024-11-25T02:03:54.689+0000] {dag.py:4180} INFO - Setting next_dagrun for dataset_alias_example_alias_consumer to None, run_after=None
[2024-11-25T02:03:54.692+0000] {logging_mixin.py:190} INFO - [2024-11-25T02:03:54.692+0000] {dag.py:4180} INFO - Setting next_dagrun for dataset_alias_example_alias_producer to None, run_after=None
[2024-11-25T02:03:54.694+0000] {logging_mixin.py:190} INFO - [2024-11-25T02:03:54.694+0000] {dag.py:4180} INFO - Setting next_dagrun for dataset_s3_bucket_consumer to None, run_after=None
[2024-11-25T02:03:54.697+0000] {logging_mixin.py:190} INFO - [2024-11-25T02:03:54.697+0000] {dag.py:4180} INFO - Setting next_dagrun for dataset_s3_bucket_producer to None, run_after=None
[2024-11-25T02:03:54.720+0000] {processor.py:208} INFO - Processing /home/airflow/.local/lib/python3.12/site-packages/airflow/example_dags/example_dataset_alias.py took 0.738 seconds
[2024-11-25T02:04:24.823+0000] {processor.py:186} INFO - Started process (PID=1237) to work on /home/airflow/.local/lib/python3.12/site-packages/airflow/example_dags/example_dataset_alias.py
[2024-11-25T02:04:24.825+0000] {processor.py:914} INFO - Processing file /home/airflow/.local/lib/python3.12/site-packages/airflow/example_dags/example_dataset_alias.py for tasks to queue
[2024-11-25T02:04:24.828+0000] {logging_mixin.py:190} INFO - [2024-11-25T02:04:24.828+0000] {dagbag.py:588} INFO - Filling up the DagBag from /home/airflow/.local/lib/python3.12/site-packages/airflow/example_dags/example_dataset_alias.py
[2024-11-25T02:04:25.406+0000] {processor.py:925} INFO - DAG(s) 'dataset_s3_bucket_consumer', 'dataset_alias_example_alias_producer', 'dataset_s3_bucket_producer', 'dataset_alias_example_alias_consumer' retrieved from /home/airflow/.local/lib/python3.12/site-packages/airflow/example_dags/example_dataset_alias.py
[2024-11-25T02:04:25.425+0000] {logging_mixin.py:190} INFO - [2024-11-25T02:04:25.424+0000] {dag.py:3239} INFO - Sync 4 DAGs
[2024-11-25T02:04:25.444+0000] {logging_mixin.py:190} INFO - [2024-11-25T02:04:25.444+0000] {dag.py:4180} INFO - Setting next_dagrun for dataset_alias_example_alias_consumer to None, run_after=None
[2024-11-25T02:04:25.447+0000] {logging_mixin.py:190} INFO - [2024-11-25T02:04:25.447+0000] {dag.py:4180} INFO - Setting next_dagrun for dataset_alias_example_alias_producer to None, run_after=None
[2024-11-25T02:04:25.448+0000] {logging_mixin.py:190} INFO - [2024-11-25T02:04:25.448+0000] {dag.py:4180} INFO - Setting next_dagrun for dataset_s3_bucket_consumer to None, run_after=None
[2024-11-25T02:04:25.450+0000] {logging_mixin.py:190} INFO - [2024-11-25T02:04:25.450+0000] {dag.py:4180} INFO - Setting next_dagrun for dataset_s3_bucket_producer to None, run_after=None
[2024-11-25T02:04:25.467+0000] {processor.py:208} INFO - Processing /home/airflow/.local/lib/python3.12/site-packages/airflow/example_dags/example_dataset_alias.py took 0.653 seconds
[2024-11-25T02:04:56.156+0000] {processor.py:186} INFO - Started process (PID=1302) to work on /home/airflow/.local/lib/python3.12/site-packages/airflow/example_dags/example_dataset_alias.py
[2024-11-25T02:04:56.157+0000] {processor.py:914} INFO - Processing file /home/airflow/.local/lib/python3.12/site-packages/airflow/example_dags/example_dataset_alias.py for tasks to queue
[2024-11-25T02:04:56.160+0000] {logging_mixin.py:190} INFO - [2024-11-25T02:04:56.160+0000] {dagbag.py:588} INFO - Filling up the DagBag from /home/airflow/.local/lib/python3.12/site-packages/airflow/example_dags/example_dataset_alias.py
[2024-11-25T02:04:56.967+0000] {processor.py:925} INFO - DAG(s) 'dataset_alias_example_alias_consumer', 'dataset_s3_bucket_producer', 'dataset_alias_example_alias_producer', 'dataset_s3_bucket_consumer' retrieved from /home/airflow/.local/lib/python3.12/site-packages/airflow/example_dags/example_dataset_alias.py
[2024-11-25T02:04:57.018+0000] {logging_mixin.py:190} INFO - [2024-11-25T02:04:57.017+0000] {dag.py:3239} INFO - Sync 4 DAGs
[2024-11-25T02:04:57.048+0000] {logging_mixin.py:190} INFO - [2024-11-25T02:04:57.048+0000] {dag.py:4180} INFO - Setting next_dagrun for dataset_alias_example_alias_consumer to None, run_after=None
[2024-11-25T02:04:57.054+0000] {logging_mixin.py:190} INFO - [2024-11-25T02:04:57.054+0000] {dag.py:4180} INFO - Setting next_dagrun for dataset_alias_example_alias_producer to None, run_after=None
[2024-11-25T02:04:57.057+0000] {logging_mixin.py:190} INFO - [2024-11-25T02:04:57.057+0000] {dag.py:4180} INFO - Setting next_dagrun for dataset_s3_bucket_consumer to None, run_after=None
[2024-11-25T02:04:57.059+0000] {logging_mixin.py:190} INFO - [2024-11-25T02:04:57.059+0000] {dag.py:4180} INFO - Setting next_dagrun for dataset_s3_bucket_producer to None, run_after=None
[2024-11-25T02:04:57.093+0000] {processor.py:208} INFO - Processing /home/airflow/.local/lib/python3.12/site-packages/airflow/example_dags/example_dataset_alias.py took 0.944 seconds
[2024-11-25T02:05:27.644+0000] {processor.py:186} INFO - Started process (PID=1367) to work on /home/airflow/.local/lib/python3.12/site-packages/airflow/example_dags/example_dataset_alias.py
[2024-11-25T02:05:27.645+0000] {processor.py:914} INFO - Processing file /home/airflow/.local/lib/python3.12/site-packages/airflow/example_dags/example_dataset_alias.py for tasks to queue
[2024-11-25T02:05:27.649+0000] {logging_mixin.py:190} INFO - [2024-11-25T02:05:27.648+0000] {dagbag.py:588} INFO - Filling up the DagBag from /home/airflow/.local/lib/python3.12/site-packages/airflow/example_dags/example_dataset_alias.py
[2024-11-25T02:05:28.390+0000] {processor.py:925} INFO - DAG(s) 'dataset_s3_bucket_consumer', 'dataset_s3_bucket_producer', 'dataset_alias_example_alias_consumer', 'dataset_alias_example_alias_producer' retrieved from /home/airflow/.local/lib/python3.12/site-packages/airflow/example_dags/example_dataset_alias.py
[2024-11-25T02:05:28.412+0000] {logging_mixin.py:190} INFO - [2024-11-25T02:05:28.412+0000] {dag.py:3239} INFO - Sync 4 DAGs
[2024-11-25T02:05:28.435+0000] {logging_mixin.py:190} INFO - [2024-11-25T02:05:28.435+0000] {dag.py:4180} INFO - Setting next_dagrun for dataset_alias_example_alias_consumer to None, run_after=None
[2024-11-25T02:05:28.438+0000] {logging_mixin.py:190} INFO - [2024-11-25T02:05:28.438+0000] {dag.py:4180} INFO - Setting next_dagrun for dataset_alias_example_alias_producer to None, run_after=None
[2024-11-25T02:05:28.440+0000] {logging_mixin.py:190} INFO - [2024-11-25T02:05:28.440+0000] {dag.py:4180} INFO - Setting next_dagrun for dataset_s3_bucket_consumer to None, run_after=None
[2024-11-25T02:05:28.442+0000] {logging_mixin.py:190} INFO - [2024-11-25T02:05:28.441+0000] {dag.py:4180} INFO - Setting next_dagrun for dataset_s3_bucket_producer to None, run_after=None
[2024-11-25T02:05:28.463+0000] {processor.py:208} INFO - Processing /home/airflow/.local/lib/python3.12/site-packages/airflow/example_dags/example_dataset_alias.py took 0.825 seconds
[2024-11-25T02:05:58.907+0000] {processor.py:186} INFO - Started process (PID=1432) to work on /home/airflow/.local/lib/python3.12/site-packages/airflow/example_dags/example_dataset_alias.py
[2024-11-25T02:05:58.908+0000] {processor.py:914} INFO - Processing file /home/airflow/.local/lib/python3.12/site-packages/airflow/example_dags/example_dataset_alias.py for tasks to queue
[2024-11-25T02:05:58.910+0000] {logging_mixin.py:190} INFO - [2024-11-25T02:05:58.910+0000] {dagbag.py:588} INFO - Filling up the DagBag from /home/airflow/.local/lib/python3.12/site-packages/airflow/example_dags/example_dataset_alias.py
[2024-11-25T02:05:59.473+0000] {processor.py:925} INFO - DAG(s) 'dataset_s3_bucket_producer', 'dataset_alias_example_alias_consumer', 'dataset_s3_bucket_consumer', 'dataset_alias_example_alias_producer' retrieved from /home/airflow/.local/lib/python3.12/site-packages/airflow/example_dags/example_dataset_alias.py
[2024-11-25T02:05:59.495+0000] {logging_mixin.py:190} INFO - [2024-11-25T02:05:59.494+0000] {dag.py:3239} INFO - Sync 4 DAGs
[2024-11-25T02:05:59.520+0000] {logging_mixin.py:190} INFO - [2024-11-25T02:05:59.520+0000] {dag.py:4180} INFO - Setting next_dagrun for dataset_alias_example_alias_consumer to None, run_after=None
[2024-11-25T02:05:59.524+0000] {logging_mixin.py:190} INFO - [2024-11-25T02:05:59.523+0000] {dag.py:4180} INFO - Setting next_dagrun for dataset_alias_example_alias_producer to None, run_after=None
[2024-11-25T02:05:59.525+0000] {logging_mixin.py:190} INFO - [2024-11-25T02:05:59.525+0000] {dag.py:4180} INFO - Setting next_dagrun for dataset_s3_bucket_consumer to None, run_after=None
[2024-11-25T02:05:59.528+0000] {logging_mixin.py:190} INFO - [2024-11-25T02:05:59.527+0000] {dag.py:4180} INFO - Setting next_dagrun for dataset_s3_bucket_producer to None, run_after=None
[2024-11-25T02:05:59.550+0000] {processor.py:208} INFO - Processing /home/airflow/.local/lib/python3.12/site-packages/airflow/example_dags/example_dataset_alias.py took 0.648 seconds
[2024-11-25T02:06:29.891+0000] {processor.py:186} INFO - Started process (PID=1497) to work on /home/airflow/.local/lib/python3.12/site-packages/airflow/example_dags/example_dataset_alias.py
[2024-11-25T02:06:29.893+0000] {processor.py:914} INFO - Processing file /home/airflow/.local/lib/python3.12/site-packages/airflow/example_dags/example_dataset_alias.py for tasks to queue
[2024-11-25T02:06:29.907+0000] {logging_mixin.py:190} INFO - [2024-11-25T02:06:29.906+0000] {dagbag.py:588} INFO - Filling up the DagBag from /home/airflow/.local/lib/python3.12/site-packages/airflow/example_dags/example_dataset_alias.py
[2024-11-25T02:06:30.918+0000] {processor.py:925} INFO - DAG(s) 'dataset_s3_bucket_consumer', 'dataset_alias_example_alias_producer', 'dataset_s3_bucket_producer', 'dataset_alias_example_alias_consumer' retrieved from /home/airflow/.local/lib/python3.12/site-packages/airflow/example_dags/example_dataset_alias.py
[2024-11-25T02:06:30.948+0000] {logging_mixin.py:190} INFO - [2024-11-25T02:06:30.947+0000] {dag.py:3239} INFO - Sync 4 DAGs
[2024-11-25T02:06:30.974+0000] {logging_mixin.py:190} INFO - [2024-11-25T02:06:30.974+0000] {dag.py:4180} INFO - Setting next_dagrun for dataset_alias_example_alias_consumer to None, run_after=None
[2024-11-25T02:06:30.977+0000] {logging_mixin.py:190} INFO - [2024-11-25T02:06:30.977+0000] {dag.py:4180} INFO - Setting next_dagrun for dataset_alias_example_alias_producer to None, run_after=None
[2024-11-25T02:06:30.980+0000] {logging_mixin.py:190} INFO - [2024-11-25T02:06:30.980+0000] {dag.py:4180} INFO - Setting next_dagrun for dataset_s3_bucket_consumer to None, run_after=None
[2024-11-25T02:06:30.982+0000] {logging_mixin.py:190} INFO - [2024-11-25T02:06:30.982+0000] {dag.py:4180} INFO - Setting next_dagrun for dataset_s3_bucket_producer to None, run_after=None
[2024-11-25T02:06:31.019+0000] {processor.py:208} INFO - Processing /home/airflow/.local/lib/python3.12/site-packages/airflow/example_dags/example_dataset_alias.py took 1.140 seconds
[2024-11-25T02:07:01.080+0000] {processor.py:186} INFO - Started process (PID=1562) to work on /home/airflow/.local/lib/python3.12/site-packages/airflow/example_dags/example_dataset_alias.py
[2024-11-25T02:07:01.083+0000] {processor.py:914} INFO - Processing file /home/airflow/.local/lib/python3.12/site-packages/airflow/example_dags/example_dataset_alias.py for tasks to queue
[2024-11-25T02:07:01.086+0000] {logging_mixin.py:190} INFO - [2024-11-25T02:07:01.086+0000] {dagbag.py:588} INFO - Filling up the DagBag from /home/airflow/.local/lib/python3.12/site-packages/airflow/example_dags/example_dataset_alias.py
[2024-11-25T02:07:01.768+0000] {processor.py:925} INFO - DAG(s) 'dataset_s3_bucket_consumer', 'dataset_s3_bucket_producer', 'dataset_alias_example_alias_producer', 'dataset_alias_example_alias_consumer' retrieved from /home/airflow/.local/lib/python3.12/site-packages/airflow/example_dags/example_dataset_alias.py
[2024-11-25T02:07:01.808+0000] {logging_mixin.py:190} INFO - [2024-11-25T02:07:01.806+0000] {dag.py:3239} INFO - Sync 4 DAGs
[2024-11-25T02:07:01.836+0000] {logging_mixin.py:190} INFO - [2024-11-25T02:07:01.836+0000] {dag.py:4180} INFO - Setting next_dagrun for dataset_alias_example_alias_consumer to None, run_after=None
[2024-11-25T02:07:01.839+0000] {logging_mixin.py:190} INFO - [2024-11-25T02:07:01.839+0000] {dag.py:4180} INFO - Setting next_dagrun for dataset_alias_example_alias_producer to None, run_after=None
[2024-11-25T02:07:01.841+0000] {logging_mixin.py:190} INFO - [2024-11-25T02:07:01.841+0000] {dag.py:4180} INFO - Setting next_dagrun for dataset_s3_bucket_consumer to None, run_after=None
[2024-11-25T02:07:01.843+0000] {logging_mixin.py:190} INFO - [2024-11-25T02:07:01.843+0000] {dag.py:4180} INFO - Setting next_dagrun for dataset_s3_bucket_producer to None, run_after=None
[2024-11-25T02:07:01.868+0000] {processor.py:208} INFO - Processing /home/airflow/.local/lib/python3.12/site-packages/airflow/example_dags/example_dataset_alias.py took 0.794 seconds
[2024-11-25T02:07:32.359+0000] {processor.py:186} INFO - Started process (PID=1626) to work on /home/airflow/.local/lib/python3.12/site-packages/airflow/example_dags/example_dataset_alias.py
[2024-11-25T02:07:32.360+0000] {processor.py:914} INFO - Processing file /home/airflow/.local/lib/python3.12/site-packages/airflow/example_dags/example_dataset_alias.py for tasks to queue
[2024-11-25T02:07:32.362+0000] {logging_mixin.py:190} INFO - [2024-11-25T02:07:32.361+0000] {dagbag.py:588} INFO - Filling up the DagBag from /home/airflow/.local/lib/python3.12/site-packages/airflow/example_dags/example_dataset_alias.py
[2024-11-25T02:07:32.970+0000] {processor.py:925} INFO - DAG(s) 'dataset_alias_example_alias_producer', 'dataset_s3_bucket_consumer', 'dataset_alias_example_alias_consumer', 'dataset_s3_bucket_producer' retrieved from /home/airflow/.local/lib/python3.12/site-packages/airflow/example_dags/example_dataset_alias.py
[2024-11-25T02:07:32.996+0000] {logging_mixin.py:190} INFO - [2024-11-25T02:07:32.995+0000] {dag.py:3239} INFO - Sync 4 DAGs
[2024-11-25T02:07:33.022+0000] {logging_mixin.py:190} INFO - [2024-11-25T02:07:33.021+0000] {dag.py:4180} INFO - Setting next_dagrun for dataset_alias_example_alias_consumer to None, run_after=None
[2024-11-25T02:07:33.025+0000] {logging_mixin.py:190} INFO - [2024-11-25T02:07:33.025+0000] {dag.py:4180} INFO - Setting next_dagrun for dataset_alias_example_alias_producer to None, run_after=None
[2024-11-25T02:07:33.027+0000] {logging_mixin.py:190} INFO - [2024-11-25T02:07:33.027+0000] {dag.py:4180} INFO - Setting next_dagrun for dataset_s3_bucket_consumer to None, run_after=None
[2024-11-25T02:07:33.029+0000] {logging_mixin.py:190} INFO - [2024-11-25T02:07:33.028+0000] {dag.py:4180} INFO - Setting next_dagrun for dataset_s3_bucket_producer to None, run_after=None
[2024-11-25T02:07:33.056+0000] {processor.py:208} INFO - Processing /home/airflow/.local/lib/python3.12/site-packages/airflow/example_dags/example_dataset_alias.py took 0.702 seconds
[2024-11-25T02:08:03.515+0000] {processor.py:186} INFO - Started process (PID=1690) to work on /home/airflow/.local/lib/python3.12/site-packages/airflow/example_dags/example_dataset_alias.py
[2024-11-25T02:08:03.516+0000] {processor.py:914} INFO - Processing file /home/airflow/.local/lib/python3.12/site-packages/airflow/example_dags/example_dataset_alias.py for tasks to queue
[2024-11-25T02:08:03.519+0000] {logging_mixin.py:190} INFO - [2024-11-25T02:08:03.518+0000] {dagbag.py:588} INFO - Filling up the DagBag from /home/airflow/.local/lib/python3.12/site-packages/airflow/example_dags/example_dataset_alias.py
[2024-11-25T02:08:04.102+0000] {processor.py:925} INFO - DAG(s) 'dataset_s3_bucket_producer', 'dataset_alias_example_alias_consumer', 'dataset_s3_bucket_consumer', 'dataset_alias_example_alias_producer' retrieved from /home/airflow/.local/lib/python3.12/site-packages/airflow/example_dags/example_dataset_alias.py
[2024-11-25T02:08:04.119+0000] {logging_mixin.py:190} INFO - [2024-11-25T02:08:04.119+0000] {dag.py:3239} INFO - Sync 4 DAGs
[2024-11-25T02:08:04.140+0000] {logging_mixin.py:190} INFO - [2024-11-25T02:08:04.140+0000] {dag.py:4180} INFO - Setting next_dagrun for dataset_alias_example_alias_consumer to None, run_after=None
[2024-11-25T02:08:04.143+0000] {logging_mixin.py:190} INFO - [2024-11-25T02:08:04.143+0000] {dag.py:4180} INFO - Setting next_dagrun for dataset_alias_example_alias_producer to None, run_after=None
[2024-11-25T02:08:04.144+0000] {logging_mixin.py:190} INFO - [2024-11-25T02:08:04.144+0000] {dag.py:4180} INFO - Setting next_dagrun for dataset_s3_bucket_consumer to None, run_after=None
[2024-11-25T02:08:04.145+0000] {logging_mixin.py:190} INFO - [2024-11-25T02:08:04.145+0000] {dag.py:4180} INFO - Setting next_dagrun for dataset_s3_bucket_producer to None, run_after=None
[2024-11-25T02:08:04.165+0000] {processor.py:208} INFO - Processing /home/airflow/.local/lib/python3.12/site-packages/airflow/example_dags/example_dataset_alias.py took 0.656 seconds
[2024-11-25T02:08:34.502+0000] {processor.py:186} INFO - Started process (PID=1760) to work on /home/airflow/.local/lib/python3.12/site-packages/airflow/example_dags/example_dataset_alias.py
[2024-11-25T02:08:34.503+0000] {processor.py:914} INFO - Processing file /home/airflow/.local/lib/python3.12/site-packages/airflow/example_dags/example_dataset_alias.py for tasks to queue
[2024-11-25T02:08:34.506+0000] {logging_mixin.py:190} INFO - [2024-11-25T02:08:34.506+0000] {dagbag.py:588} INFO - Filling up the DagBag from /home/airflow/.local/lib/python3.12/site-packages/airflow/example_dags/example_dataset_alias.py
[2024-11-25T02:08:35.083+0000] {processor.py:925} INFO - DAG(s) 'dataset_alias_example_alias_consumer', 'dataset_alias_example_alias_producer', 'dataset_s3_bucket_producer', 'dataset_s3_bucket_consumer' retrieved from /home/airflow/.local/lib/python3.12/site-packages/airflow/example_dags/example_dataset_alias.py
[2024-11-25T02:08:35.115+0000] {logging_mixin.py:190} INFO - [2024-11-25T02:08:35.111+0000] {dag.py:3239} INFO - Sync 4 DAGs
[2024-11-25T02:08:35.175+0000] {logging_mixin.py:190} INFO - [2024-11-25T02:08:35.175+0000] {dag.py:4180} INFO - Setting next_dagrun for dataset_alias_example_alias_consumer to None, run_after=None
[2024-11-25T02:08:35.179+0000] {logging_mixin.py:190} INFO - [2024-11-25T02:08:35.178+0000] {dag.py:4180} INFO - Setting next_dagrun for dataset_alias_example_alias_producer to None, run_after=None
[2024-11-25T02:08:35.180+0000] {logging_mixin.py:190} INFO - [2024-11-25T02:08:35.180+0000] {dag.py:4180} INFO - Setting next_dagrun for dataset_s3_bucket_consumer to None, run_after=None
[2024-11-25T02:08:35.182+0000] {logging_mixin.py:190} INFO - [2024-11-25T02:08:35.181+0000] {dag.py:4180} INFO - Setting next_dagrun for dataset_s3_bucket_producer to None, run_after=None
[2024-11-25T02:08:35.204+0000] {processor.py:208} INFO - Processing /home/airflow/.local/lib/python3.12/site-packages/airflow/example_dags/example_dataset_alias.py took 0.709 seconds
[2024-11-25T02:09:05.646+0000] {processor.py:186} INFO - Started process (PID=1824) to work on /home/airflow/.local/lib/python3.12/site-packages/airflow/example_dags/example_dataset_alias.py
[2024-11-25T02:09:05.647+0000] {processor.py:914} INFO - Processing file /home/airflow/.local/lib/python3.12/site-packages/airflow/example_dags/example_dataset_alias.py for tasks to queue
[2024-11-25T02:09:05.650+0000] {logging_mixin.py:190} INFO - [2024-11-25T02:09:05.649+0000] {dagbag.py:588} INFO - Filling up the DagBag from /home/airflow/.local/lib/python3.12/site-packages/airflow/example_dags/example_dataset_alias.py
[2024-11-25T02:09:06.462+0000] {processor.py:925} INFO - DAG(s) 'dataset_s3_bucket_producer', 'dataset_s3_bucket_consumer', 'dataset_alias_example_alias_consumer', 'dataset_alias_example_alias_producer' retrieved from /home/airflow/.local/lib/python3.12/site-packages/airflow/example_dags/example_dataset_alias.py
[2024-11-25T02:09:06.487+0000] {logging_mixin.py:190} INFO - [2024-11-25T02:09:06.486+0000] {dag.py:3239} INFO - Sync 4 DAGs
[2024-11-25T02:09:06.518+0000] {logging_mixin.py:190} INFO - [2024-11-25T02:09:06.517+0000] {dag.py:4180} INFO - Setting next_dagrun for dataset_alias_example_alias_consumer to None, run_after=None
[2024-11-25T02:09:06.523+0000] {logging_mixin.py:190} INFO - [2024-11-25T02:09:06.523+0000] {dag.py:4180} INFO - Setting next_dagrun for dataset_alias_example_alias_producer to None, run_after=None
[2024-11-25T02:09:06.526+0000] {logging_mixin.py:190} INFO - [2024-11-25T02:09:06.526+0000] {dag.py:4180} INFO - Setting next_dagrun for dataset_s3_bucket_consumer to None, run_after=None
[2024-11-25T02:09:06.528+0000] {logging_mixin.py:190} INFO - [2024-11-25T02:09:06.527+0000] {dag.py:4180} INFO - Setting next_dagrun for dataset_s3_bucket_producer to None, run_after=None
[2024-11-25T02:09:06.553+0000] {processor.py:208} INFO - Processing /home/airflow/.local/lib/python3.12/site-packages/airflow/example_dags/example_dataset_alias.py took 0.912 seconds
[2024-11-25T02:09:36.896+0000] {processor.py:186} INFO - Started process (PID=1888) to work on /home/airflow/.local/lib/python3.12/site-packages/airflow/example_dags/example_dataset_alias.py
[2024-11-25T02:09:36.897+0000] {processor.py:914} INFO - Processing file /home/airflow/.local/lib/python3.12/site-packages/airflow/example_dags/example_dataset_alias.py for tasks to queue
[2024-11-25T02:09:36.899+0000] {logging_mixin.py:190} INFO - [2024-11-25T02:09:36.899+0000] {dagbag.py:588} INFO - Filling up the DagBag from /home/airflow/.local/lib/python3.12/site-packages/airflow/example_dags/example_dataset_alias.py
[2024-11-25T02:09:37.429+0000] {processor.py:925} INFO - DAG(s) 'dataset_alias_example_alias_producer', 'dataset_s3_bucket_producer', 'dataset_s3_bucket_consumer', 'dataset_alias_example_alias_consumer' retrieved from /home/airflow/.local/lib/python3.12/site-packages/airflow/example_dags/example_dataset_alias.py
[2024-11-25T02:09:37.447+0000] {logging_mixin.py:190} INFO - [2024-11-25T02:09:37.447+0000] {dag.py:3239} INFO - Sync 4 DAGs
[2024-11-25T02:09:37.468+0000] {logging_mixin.py:190} INFO - [2024-11-25T02:09:37.467+0000] {dag.py:4180} INFO - Setting next_dagrun for dataset_alias_example_alias_consumer to None, run_after=None
[2024-11-25T02:09:37.471+0000] {logging_mixin.py:190} INFO - [2024-11-25T02:09:37.471+0000] {dag.py:4180} INFO - Setting next_dagrun for dataset_alias_example_alias_producer to None, run_after=None
[2024-11-25T02:09:37.472+0000] {logging_mixin.py:190} INFO - [2024-11-25T02:09:37.472+0000] {dag.py:4180} INFO - Setting next_dagrun for dataset_s3_bucket_consumer to None, run_after=None
[2024-11-25T02:09:37.474+0000] {logging_mixin.py:190} INFO - [2024-11-25T02:09:37.474+0000] {dag.py:4180} INFO - Setting next_dagrun for dataset_s3_bucket_producer to None, run_after=None
[2024-11-25T02:09:37.492+0000] {processor.py:208} INFO - Processing /home/airflow/.local/lib/python3.12/site-packages/airflow/example_dags/example_dataset_alias.py took 0.602 seconds
[2024-11-25T02:10:07.814+0000] {processor.py:186} INFO - Started process (PID=1952) to work on /home/airflow/.local/lib/python3.12/site-packages/airflow/example_dags/example_dataset_alias.py
[2024-11-25T02:10:07.815+0000] {processor.py:914} INFO - Processing file /home/airflow/.local/lib/python3.12/site-packages/airflow/example_dags/example_dataset_alias.py for tasks to queue
[2024-11-25T02:10:07.817+0000] {logging_mixin.py:190} INFO - [2024-11-25T02:10:07.817+0000] {dagbag.py:588} INFO - Filling up the DagBag from /home/airflow/.local/lib/python3.12/site-packages/airflow/example_dags/example_dataset_alias.py
[2024-11-25T02:10:08.431+0000] {processor.py:925} INFO - DAG(s) 'dataset_alias_example_alias_producer', 'dataset_s3_bucket_producer', 'dataset_s3_bucket_consumer', 'dataset_alias_example_alias_consumer' retrieved from /home/airflow/.local/lib/python3.12/site-packages/airflow/example_dags/example_dataset_alias.py
[2024-11-25T02:10:08.452+0000] {logging_mixin.py:190} INFO - [2024-11-25T02:10:08.451+0000] {dag.py:3239} INFO - Sync 4 DAGs
[2024-11-25T02:10:08.475+0000] {logging_mixin.py:190} INFO - [2024-11-25T02:10:08.475+0000] {dag.py:4180} INFO - Setting next_dagrun for dataset_alias_example_alias_consumer to None, run_after=None
[2024-11-25T02:10:08.478+0000] {logging_mixin.py:190} INFO - [2024-11-25T02:10:08.478+0000] {dag.py:4180} INFO - Setting next_dagrun for dataset_alias_example_alias_producer to None, run_after=None
[2024-11-25T02:10:08.480+0000] {logging_mixin.py:190} INFO - [2024-11-25T02:10:08.479+0000] {dag.py:4180} INFO - Setting next_dagrun for dataset_s3_bucket_consumer to None, run_after=None
[2024-11-25T02:10:08.481+0000] {logging_mixin.py:190} INFO - [2024-11-25T02:10:08.481+0000] {dag.py:4180} INFO - Setting next_dagrun for dataset_s3_bucket_producer to None, run_after=None
[2024-11-25T02:10:08.504+0000] {processor.py:208} INFO - Processing /home/airflow/.local/lib/python3.12/site-packages/airflow/example_dags/example_dataset_alias.py took 0.696 seconds
[2024-11-25T02:10:38.985+0000] {processor.py:186} INFO - Started process (PID=2018) to work on /home/airflow/.local/lib/python3.12/site-packages/airflow/example_dags/example_dataset_alias.py
[2024-11-25T02:10:38.986+0000] {processor.py:914} INFO - Processing file /home/airflow/.local/lib/python3.12/site-packages/airflow/example_dags/example_dataset_alias.py for tasks to queue
[2024-11-25T02:10:38.989+0000] {logging_mixin.py:190} INFO - [2024-11-25T02:10:38.989+0000] {dagbag.py:588} INFO - Filling up the DagBag from /home/airflow/.local/lib/python3.12/site-packages/airflow/example_dags/example_dataset_alias.py
[2024-11-25T02:10:39.863+0000] {processor.py:925} INFO - DAG(s) 'dataset_s3_bucket_consumer', 'dataset_alias_example_alias_consumer', 'dataset_s3_bucket_producer', 'dataset_alias_example_alias_producer' retrieved from /home/airflow/.local/lib/python3.12/site-packages/airflow/example_dags/example_dataset_alias.py
[2024-11-25T02:10:39.892+0000] {logging_mixin.py:190} INFO - [2024-11-25T02:10:39.891+0000] {dag.py:3239} INFO - Sync 4 DAGs
[2024-11-25T02:10:39.962+0000] {logging_mixin.py:190} INFO - [2024-11-25T02:10:39.961+0000] {dag.py:4180} INFO - Setting next_dagrun for dataset_alias_example_alias_consumer to None, run_after=None
[2024-11-25T02:10:39.992+0000] {logging_mixin.py:190} INFO - [2024-11-25T02:10:39.992+0000] {dag.py:4180} INFO - Setting next_dagrun for dataset_alias_example_alias_producer to None, run_after=None
[2024-11-25T02:10:40.010+0000] {logging_mixin.py:190} INFO - [2024-11-25T02:10:40.010+0000] {dag.py:4180} INFO - Setting next_dagrun for dataset_s3_bucket_consumer to None, run_after=None
[2024-11-25T02:10:40.013+0000] {logging_mixin.py:190} INFO - [2024-11-25T02:10:40.013+0000] {dag.py:4180} INFO - Setting next_dagrun for dataset_s3_bucket_producer to None, run_after=None
[2024-11-25T02:10:40.097+0000] {processor.py:208} INFO - Processing /home/airflow/.local/lib/python3.12/site-packages/airflow/example_dags/example_dataset_alias.py took 1.117 seconds
[2024-11-25T02:11:10.225+0000] {processor.py:186} INFO - Started process (PID=2083) to work on /home/airflow/.local/lib/python3.12/site-packages/airflow/example_dags/example_dataset_alias.py
[2024-11-25T02:11:10.226+0000] {processor.py:914} INFO - Processing file /home/airflow/.local/lib/python3.12/site-packages/airflow/example_dags/example_dataset_alias.py for tasks to queue
[2024-11-25T02:11:10.228+0000] {logging_mixin.py:190} INFO - [2024-11-25T02:11:10.228+0000] {dagbag.py:588} INFO - Filling up the DagBag from /home/airflow/.local/lib/python3.12/site-packages/airflow/example_dags/example_dataset_alias.py
[2024-11-25T02:11:11.074+0000] {processor.py:925} INFO - DAG(s) 'dataset_alias_example_alias_producer', 'dataset_alias_example_alias_consumer', 'dataset_s3_bucket_producer', 'dataset_s3_bucket_consumer' retrieved from /home/airflow/.local/lib/python3.12/site-packages/airflow/example_dags/example_dataset_alias.py
[2024-11-25T02:11:11.112+0000] {logging_mixin.py:190} INFO - [2024-11-25T02:11:11.112+0000] {dag.py:3239} INFO - Sync 4 DAGs
[2024-11-25T02:11:11.137+0000] {logging_mixin.py:190} INFO - [2024-11-25T02:11:11.137+0000] {dag.py:4180} INFO - Setting next_dagrun for dataset_alias_example_alias_consumer to None, run_after=None
[2024-11-25T02:11:11.140+0000] {logging_mixin.py:190} INFO - [2024-11-25T02:11:11.140+0000] {dag.py:4180} INFO - Setting next_dagrun for dataset_alias_example_alias_producer to None, run_after=None
[2024-11-25T02:11:11.142+0000] {logging_mixin.py:190} INFO - [2024-11-25T02:11:11.142+0000] {dag.py:4180} INFO - Setting next_dagrun for dataset_s3_bucket_consumer to None, run_after=None
[2024-11-25T02:11:11.144+0000] {logging_mixin.py:190} INFO - [2024-11-25T02:11:11.143+0000] {dag.py:4180} INFO - Setting next_dagrun for dataset_s3_bucket_producer to None, run_after=None
[2024-11-25T02:11:11.168+0000] {processor.py:208} INFO - Processing /home/airflow/.local/lib/python3.12/site-packages/airflow/example_dags/example_dataset_alias.py took 0.949 seconds
[2024-11-25T02:11:41.741+0000] {processor.py:186} INFO - Started process (PID=2147) to work on /home/airflow/.local/lib/python3.12/site-packages/airflow/example_dags/example_dataset_alias.py
[2024-11-25T02:11:41.742+0000] {processor.py:914} INFO - Processing file /home/airflow/.local/lib/python3.12/site-packages/airflow/example_dags/example_dataset_alias.py for tasks to queue
[2024-11-25T02:11:41.745+0000] {logging_mixin.py:190} INFO - [2024-11-25T02:11:41.745+0000] {dagbag.py:588} INFO - Filling up the DagBag from /home/airflow/.local/lib/python3.12/site-packages/airflow/example_dags/example_dataset_alias.py
[2024-11-25T02:11:42.399+0000] {processor.py:925} INFO - DAG(s) 'dataset_alias_example_alias_producer', 'dataset_alias_example_alias_consumer', 'dataset_s3_bucket_producer', 'dataset_s3_bucket_consumer' retrieved from /home/airflow/.local/lib/python3.12/site-packages/airflow/example_dags/example_dataset_alias.py
[2024-11-25T02:11:42.423+0000] {logging_mixin.py:190} INFO - [2024-11-25T02:11:42.422+0000] {dag.py:3239} INFO - Sync 4 DAGs
[2024-11-25T02:11:42.446+0000] {logging_mixin.py:190} INFO - [2024-11-25T02:11:42.446+0000] {dag.py:4180} INFO - Setting next_dagrun for dataset_alias_example_alias_consumer to None, run_after=None
[2024-11-25T02:11:42.449+0000] {logging_mixin.py:190} INFO - [2024-11-25T02:11:42.449+0000] {dag.py:4180} INFO - Setting next_dagrun for dataset_alias_example_alias_producer to None, run_after=None
[2024-11-25T02:11:42.452+0000] {logging_mixin.py:190} INFO - [2024-11-25T02:11:42.451+0000] {dag.py:4180} INFO - Setting next_dagrun for dataset_s3_bucket_consumer to None, run_after=None
[2024-11-25T02:11:42.454+0000] {logging_mixin.py:190} INFO - [2024-11-25T02:11:42.454+0000] {dag.py:4180} INFO - Setting next_dagrun for dataset_s3_bucket_producer to None, run_after=None
[2024-11-25T02:11:42.479+0000] {processor.py:208} INFO - Processing /home/airflow/.local/lib/python3.12/site-packages/airflow/example_dags/example_dataset_alias.py took 0.745 seconds
[2024-11-25T02:12:13.397+0000] {processor.py:186} INFO - Started process (PID=2213) to work on /home/airflow/.local/lib/python3.12/site-packages/airflow/example_dags/example_dataset_alias.py
[2024-11-25T02:12:13.398+0000] {processor.py:914} INFO - Processing file /home/airflow/.local/lib/python3.12/site-packages/airflow/example_dags/example_dataset_alias.py for tasks to queue
[2024-11-25T02:12:13.401+0000] {logging_mixin.py:190} INFO - [2024-11-25T02:12:13.401+0000] {dagbag.py:588} INFO - Filling up the DagBag from /home/airflow/.local/lib/python3.12/site-packages/airflow/example_dags/example_dataset_alias.py
[2024-11-25T02:12:14.056+0000] {processor.py:925} INFO - DAG(s) 'dataset_s3_bucket_producer', 'dataset_alias_example_alias_producer', 'dataset_alias_example_alias_consumer', 'dataset_s3_bucket_consumer' retrieved from /home/airflow/.local/lib/python3.12/site-packages/airflow/example_dags/example_dataset_alias.py
[2024-11-25T02:12:14.077+0000] {logging_mixin.py:190} INFO - [2024-11-25T02:12:14.076+0000] {dag.py:3239} INFO - Sync 4 DAGs
[2024-11-25T02:12:14.098+0000] {logging_mixin.py:190} INFO - [2024-11-25T02:12:14.098+0000] {dag.py:4180} INFO - Setting next_dagrun for dataset_alias_example_alias_consumer to None, run_after=None
[2024-11-25T02:12:14.102+0000] {logging_mixin.py:190} INFO - [2024-11-25T02:12:14.101+0000] {dag.py:4180} INFO - Setting next_dagrun for dataset_alias_example_alias_producer to None, run_after=None
[2024-11-25T02:12:14.103+0000] {logging_mixin.py:190} INFO - [2024-11-25T02:12:14.103+0000] {dag.py:4180} INFO - Setting next_dagrun for dataset_s3_bucket_consumer to None, run_after=None
[2024-11-25T02:12:14.106+0000] {logging_mixin.py:190} INFO - [2024-11-25T02:12:14.105+0000] {dag.py:4180} INFO - Setting next_dagrun for dataset_s3_bucket_producer to None, run_after=None
[2024-11-25T02:12:14.135+0000] {processor.py:208} INFO - Processing /home/airflow/.local/lib/python3.12/site-packages/airflow/example_dags/example_dataset_alias.py took 0.748 seconds
[2024-11-25T02:12:44.739+0000] {processor.py:186} INFO - Started process (PID=2277) to work on /home/airflow/.local/lib/python3.12/site-packages/airflow/example_dags/example_dataset_alias.py
[2024-11-25T02:12:44.740+0000] {processor.py:914} INFO - Processing file /home/airflow/.local/lib/python3.12/site-packages/airflow/example_dags/example_dataset_alias.py for tasks to queue
[2024-11-25T02:12:44.743+0000] {logging_mixin.py:190} INFO - [2024-11-25T02:12:44.742+0000] {dagbag.py:588} INFO - Filling up the DagBag from /home/airflow/.local/lib/python3.12/site-packages/airflow/example_dags/example_dataset_alias.py
[2024-11-25T02:12:45.406+0000] {processor.py:925} INFO - DAG(s) 'dataset_s3_bucket_consumer', 'dataset_alias_example_alias_consumer', 'dataset_alias_example_alias_producer', 'dataset_s3_bucket_producer' retrieved from /home/airflow/.local/lib/python3.12/site-packages/airflow/example_dags/example_dataset_alias.py
[2024-11-25T02:12:45.433+0000] {logging_mixin.py:190} INFO - [2024-11-25T02:12:45.433+0000] {dag.py:3239} INFO - Sync 4 DAGs
[2024-11-25T02:12:45.458+0000] {logging_mixin.py:190} INFO - [2024-11-25T02:12:45.458+0000] {dag.py:4180} INFO - Setting next_dagrun for dataset_alias_example_alias_consumer to None, run_after=None
[2024-11-25T02:12:45.461+0000] {logging_mixin.py:190} INFO - [2024-11-25T02:12:45.461+0000] {dag.py:4180} INFO - Setting next_dagrun for dataset_alias_example_alias_producer to None, run_after=None
[2024-11-25T02:12:45.464+0000] {logging_mixin.py:190} INFO - [2024-11-25T02:12:45.463+0000] {dag.py:4180} INFO - Setting next_dagrun for dataset_s3_bucket_consumer to None, run_after=None
[2024-11-25T02:12:45.465+0000] {logging_mixin.py:190} INFO - [2024-11-25T02:12:45.465+0000] {dag.py:4180} INFO - Setting next_dagrun for dataset_s3_bucket_producer to None, run_after=None
[2024-11-25T02:12:45.489+0000] {processor.py:208} INFO - Processing /home/airflow/.local/lib/python3.12/site-packages/airflow/example_dags/example_dataset_alias.py took 0.757 seconds
[2024-11-25T02:13:15.883+0000] {processor.py:186} INFO - Started process (PID=2341) to work on /home/airflow/.local/lib/python3.12/site-packages/airflow/example_dags/example_dataset_alias.py
[2024-11-25T02:13:15.884+0000] {processor.py:914} INFO - Processing file /home/airflow/.local/lib/python3.12/site-packages/airflow/example_dags/example_dataset_alias.py for tasks to queue
[2024-11-25T02:13:15.887+0000] {logging_mixin.py:190} INFO - [2024-11-25T02:13:15.887+0000] {dagbag.py:588} INFO - Filling up the DagBag from /home/airflow/.local/lib/python3.12/site-packages/airflow/example_dags/example_dataset_alias.py
[2024-11-25T02:13:16.666+0000] {processor.py:925} INFO - DAG(s) 'dataset_s3_bucket_consumer', 'dataset_s3_bucket_producer', 'dataset_alias_example_alias_consumer', 'dataset_alias_example_alias_producer' retrieved from /home/airflow/.local/lib/python3.12/site-packages/airflow/example_dags/example_dataset_alias.py
[2024-11-25T02:13:16.795+0000] {logging_mixin.py:190} INFO - [2024-11-25T02:13:16.790+0000] {dag.py:3239} INFO - Sync 4 DAGs
[2024-11-25T02:13:16.880+0000] {logging_mixin.py:190} INFO - [2024-11-25T02:13:16.879+0000] {dag.py:4180} INFO - Setting next_dagrun for dataset_alias_example_alias_consumer to None, run_after=None
[2024-11-25T02:13:16.885+0000] {logging_mixin.py:190} INFO - [2024-11-25T02:13:16.885+0000] {dag.py:4180} INFO - Setting next_dagrun for dataset_alias_example_alias_producer to None, run_after=None
[2024-11-25T02:13:16.888+0000] {logging_mixin.py:190} INFO - [2024-11-25T02:13:16.888+0000] {dag.py:4180} INFO - Setting next_dagrun for dataset_s3_bucket_consumer to None, run_after=None
[2024-11-25T02:13:16.890+0000] {logging_mixin.py:190} INFO - [2024-11-25T02:13:16.889+0000] {dag.py:4180} INFO - Setting next_dagrun for dataset_s3_bucket_producer to None, run_after=None
[2024-11-25T02:13:16.914+0000] {processor.py:208} INFO - Processing /home/airflow/.local/lib/python3.12/site-packages/airflow/example_dags/example_dataset_alias.py took 1.037 seconds
[2024-11-25T02:13:47.132+0000] {processor.py:186} INFO - Started process (PID=2410) to work on /home/airflow/.local/lib/python3.12/site-packages/airflow/example_dags/example_dataset_alias.py
[2024-11-25T02:13:47.133+0000] {processor.py:914} INFO - Processing file /home/airflow/.local/lib/python3.12/site-packages/airflow/example_dags/example_dataset_alias.py for tasks to queue
[2024-11-25T02:13:47.137+0000] {logging_mixin.py:190} INFO - [2024-11-25T02:13:47.136+0000] {dagbag.py:588} INFO - Filling up the DagBag from /home/airflow/.local/lib/python3.12/site-packages/airflow/example_dags/example_dataset_alias.py
[2024-11-25T02:13:47.807+0000] {processor.py:925} INFO - DAG(s) 'dataset_alias_example_alias_consumer', 'dataset_s3_bucket_producer', 'dataset_alias_example_alias_producer', 'dataset_s3_bucket_consumer' retrieved from /home/airflow/.local/lib/python3.12/site-packages/airflow/example_dags/example_dataset_alias.py
[2024-11-25T02:13:47.834+0000] {logging_mixin.py:190} INFO - [2024-11-25T02:13:47.833+0000] {dag.py:3239} INFO - Sync 4 DAGs
[2024-11-25T02:13:47.859+0000] {logging_mixin.py:190} INFO - [2024-11-25T02:13:47.859+0000] {dag.py:4180} INFO - Setting next_dagrun for dataset_alias_example_alias_consumer to None, run_after=None
[2024-11-25T02:13:47.862+0000] {logging_mixin.py:190} INFO - [2024-11-25T02:13:47.862+0000] {dag.py:4180} INFO - Setting next_dagrun for dataset_alias_example_alias_producer to None, run_after=None
[2024-11-25T02:13:47.864+0000] {logging_mixin.py:190} INFO - [2024-11-25T02:13:47.864+0000] {dag.py:4180} INFO - Setting next_dagrun for dataset_s3_bucket_consumer to None, run_after=None
[2024-11-25T02:13:47.866+0000] {logging_mixin.py:190} INFO - [2024-11-25T02:13:47.866+0000] {dag.py:4180} INFO - Setting next_dagrun for dataset_s3_bucket_producer to None, run_after=None
[2024-11-25T02:13:47.895+0000] {processor.py:208} INFO - Processing /home/airflow/.local/lib/python3.12/site-packages/airflow/example_dags/example_dataset_alias.py took 0.777 seconds
[2024-11-25T02:14:19.600+0000] {processor.py:186} INFO - Started process (PID=2482) to work on /home/airflow/.local/lib/python3.12/site-packages/airflow/example_dags/example_dataset_alias.py
[2024-11-25T02:14:19.601+0000] {processor.py:914} INFO - Processing file /home/airflow/.local/lib/python3.12/site-packages/airflow/example_dags/example_dataset_alias.py for tasks to queue
[2024-11-25T02:14:19.605+0000] {logging_mixin.py:190} INFO - [2024-11-25T02:14:19.605+0000] {dagbag.py:588} INFO - Filling up the DagBag from /home/airflow/.local/lib/python3.12/site-packages/airflow/example_dags/example_dataset_alias.py
[2024-11-25T02:14:20.211+0000] {processor.py:925} INFO - DAG(s) 'dataset_alias_example_alias_producer', 'dataset_s3_bucket_consumer', 'dataset_alias_example_alias_consumer', 'dataset_s3_bucket_producer' retrieved from /home/airflow/.local/lib/python3.12/site-packages/airflow/example_dags/example_dataset_alias.py
[2024-11-25T02:14:20.239+0000] {logging_mixin.py:190} INFO - [2024-11-25T02:14:20.238+0000] {dag.py:3239} INFO - Sync 4 DAGs
[2024-11-25T02:14:20.268+0000] {logging_mixin.py:190} INFO - [2024-11-25T02:14:20.268+0000] {dag.py:4180} INFO - Setting next_dagrun for dataset_alias_example_alias_consumer to None, run_after=None
[2024-11-25T02:14:20.271+0000] {logging_mixin.py:190} INFO - [2024-11-25T02:14:20.271+0000] {dag.py:4180} INFO - Setting next_dagrun for dataset_alias_example_alias_producer to None, run_after=None
[2024-11-25T02:14:20.273+0000] {logging_mixin.py:190} INFO - [2024-11-25T02:14:20.273+0000] {dag.py:4180} INFO - Setting next_dagrun for dataset_s3_bucket_consumer to None, run_after=None
[2024-11-25T02:14:20.276+0000] {logging_mixin.py:190} INFO - [2024-11-25T02:14:20.275+0000] {dag.py:4180} INFO - Setting next_dagrun for dataset_s3_bucket_producer to None, run_after=None
[2024-11-25T02:14:20.308+0000] {processor.py:208} INFO - Processing /home/airflow/.local/lib/python3.12/site-packages/airflow/example_dags/example_dataset_alias.py took 0.717 seconds
[2024-11-25T02:14:52.611+0000] {processor.py:186} INFO - Started process (PID=2552) to work on /home/airflow/.local/lib/python3.12/site-packages/airflow/example_dags/example_dataset_alias.py
[2024-11-25T02:14:52.612+0000] {processor.py:914} INFO - Processing file /home/airflow/.local/lib/python3.12/site-packages/airflow/example_dags/example_dataset_alias.py for tasks to queue
[2024-11-25T02:14:52.615+0000] {logging_mixin.py:190} INFO - [2024-11-25T02:14:52.615+0000] {dagbag.py:588} INFO - Filling up the DagBag from /home/airflow/.local/lib/python3.12/site-packages/airflow/example_dags/example_dataset_alias.py
[2024-11-25T02:14:53.346+0000] {processor.py:925} INFO - DAG(s) 'dataset_alias_example_alias_producer', 'dataset_s3_bucket_producer', 'dataset_alias_example_alias_consumer', 'dataset_s3_bucket_consumer' retrieved from /home/airflow/.local/lib/python3.12/site-packages/airflow/example_dags/example_dataset_alias.py
[2024-11-25T02:14:53.371+0000] {logging_mixin.py:190} INFO - [2024-11-25T02:14:53.370+0000] {dag.py:3239} INFO - Sync 4 DAGs
[2024-11-25T02:14:53.407+0000] {logging_mixin.py:190} INFO - [2024-11-25T02:14:53.407+0000] {dag.py:4180} INFO - Setting next_dagrun for dataset_alias_example_alias_consumer to None, run_after=None
[2024-11-25T02:14:53.410+0000] {logging_mixin.py:190} INFO - [2024-11-25T02:14:53.410+0000] {dag.py:4180} INFO - Setting next_dagrun for dataset_alias_example_alias_producer to None, run_after=None
[2024-11-25T02:14:53.412+0000] {logging_mixin.py:190} INFO - [2024-11-25T02:14:53.412+0000] {dag.py:4180} INFO - Setting next_dagrun for dataset_s3_bucket_consumer to None, run_after=None
[2024-11-25T02:14:53.413+0000] {logging_mixin.py:190} INFO - [2024-11-25T02:14:53.413+0000] {dag.py:4180} INFO - Setting next_dagrun for dataset_s3_bucket_producer to None, run_after=None
[2024-11-25T02:14:53.435+0000] {processor.py:208} INFO - Processing /home/airflow/.local/lib/python3.12/site-packages/airflow/example_dags/example_dataset_alias.py took 0.829 seconds
[2024-11-25T02:15:24.461+0000] {processor.py:186} INFO - Started process (PID=2619) to work on /home/airflow/.local/lib/python3.12/site-packages/airflow/example_dags/example_dataset_alias.py
[2024-11-25T02:15:24.462+0000] {processor.py:914} INFO - Processing file /home/airflow/.local/lib/python3.12/site-packages/airflow/example_dags/example_dataset_alias.py for tasks to queue
[2024-11-25T02:15:24.465+0000] {logging_mixin.py:190} INFO - [2024-11-25T02:15:24.465+0000] {dagbag.py:588} INFO - Filling up the DagBag from /home/airflow/.local/lib/python3.12/site-packages/airflow/example_dags/example_dataset_alias.py
[2024-11-25T02:15:25.222+0000] {processor.py:925} INFO - DAG(s) 'dataset_s3_bucket_consumer', 'dataset_alias_example_alias_consumer', 'dataset_s3_bucket_producer', 'dataset_alias_example_alias_producer' retrieved from /home/airflow/.local/lib/python3.12/site-packages/airflow/example_dags/example_dataset_alias.py
[2024-11-25T02:15:25.263+0000] {logging_mixin.py:190} INFO - [2024-11-25T02:15:25.262+0000] {dag.py:3239} INFO - Sync 4 DAGs
[2024-11-25T02:15:25.305+0000] {logging_mixin.py:190} INFO - [2024-11-25T02:15:25.304+0000] {dag.py:4180} INFO - Setting next_dagrun for dataset_alias_example_alias_consumer to None, run_after=None
[2024-11-25T02:15:25.309+0000] {logging_mixin.py:190} INFO - [2024-11-25T02:15:25.309+0000] {dag.py:4180} INFO - Setting next_dagrun for dataset_alias_example_alias_producer to None, run_after=None
[2024-11-25T02:15:25.311+0000] {logging_mixin.py:190} INFO - [2024-11-25T02:15:25.311+0000] {dag.py:4180} INFO - Setting next_dagrun for dataset_s3_bucket_consumer to None, run_after=None
[2024-11-25T02:15:25.314+0000] {logging_mixin.py:190} INFO - [2024-11-25T02:15:25.313+0000] {dag.py:4180} INFO - Setting next_dagrun for dataset_s3_bucket_producer to None, run_after=None
[2024-11-25T02:15:25.346+0000] {processor.py:208} INFO - Processing /home/airflow/.local/lib/python3.12/site-packages/airflow/example_dags/example_dataset_alias.py took 0.891 seconds
[2024-11-25T02:15:56.104+0000] {processor.py:186} INFO - Started process (PID=2689) to work on /home/airflow/.local/lib/python3.12/site-packages/airflow/example_dags/example_dataset_alias.py
[2024-11-25T02:15:56.105+0000] {processor.py:914} INFO - Processing file /home/airflow/.local/lib/python3.12/site-packages/airflow/example_dags/example_dataset_alias.py for tasks to queue
[2024-11-25T02:15:56.108+0000] {logging_mixin.py:190} INFO - [2024-11-25T02:15:56.107+0000] {dagbag.py:588} INFO - Filling up the DagBag from /home/airflow/.local/lib/python3.12/site-packages/airflow/example_dags/example_dataset_alias.py
[2024-11-25T02:15:56.776+0000] {processor.py:925} INFO - DAG(s) 'dataset_alias_example_alias_consumer', 'dataset_s3_bucket_consumer', 'dataset_alias_example_alias_producer', 'dataset_s3_bucket_producer' retrieved from /home/airflow/.local/lib/python3.12/site-packages/airflow/example_dags/example_dataset_alias.py
[2024-11-25T02:15:56.798+0000] {logging_mixin.py:190} INFO - [2024-11-25T02:15:56.797+0000] {dag.py:3239} INFO - Sync 4 DAGs
[2024-11-25T02:15:56.823+0000] {logging_mixin.py:190} INFO - [2024-11-25T02:15:56.823+0000] {dag.py:4180} INFO - Setting next_dagrun for dataset_alias_example_alias_consumer to None, run_after=None
[2024-11-25T02:15:56.827+0000] {logging_mixin.py:190} INFO - [2024-11-25T02:15:56.827+0000] {dag.py:4180} INFO - Setting next_dagrun for dataset_alias_example_alias_producer to None, run_after=None
[2024-11-25T02:15:56.829+0000] {logging_mixin.py:190} INFO - [2024-11-25T02:15:56.829+0000] {dag.py:4180} INFO - Setting next_dagrun for dataset_s3_bucket_consumer to None, run_after=None
[2024-11-25T02:15:56.831+0000] {logging_mixin.py:190} INFO - [2024-11-25T02:15:56.831+0000] {dag.py:4180} INFO - Setting next_dagrun for dataset_s3_bucket_producer to None, run_after=None
[2024-11-25T02:15:56.866+0000] {processor.py:208} INFO - Processing /home/airflow/.local/lib/python3.12/site-packages/airflow/example_dags/example_dataset_alias.py took 0.768 seconds
[2024-11-25T02:16:27.092+0000] {processor.py:186} INFO - Started process (PID=2753) to work on /home/airflow/.local/lib/python3.12/site-packages/airflow/example_dags/example_dataset_alias.py
[2024-11-25T02:16:27.094+0000] {processor.py:914} INFO - Processing file /home/airflow/.local/lib/python3.12/site-packages/airflow/example_dags/example_dataset_alias.py for tasks to queue
[2024-11-25T02:16:27.098+0000] {logging_mixin.py:190} INFO - [2024-11-25T02:16:27.098+0000] {dagbag.py:588} INFO - Filling up the DagBag from /home/airflow/.local/lib/python3.12/site-packages/airflow/example_dags/example_dataset_alias.py
[2024-11-25T02:16:27.586+0000] {processor.py:925} INFO - DAG(s) 'dataset_alias_example_alias_consumer', 'dataset_alias_example_alias_producer', 'dataset_s3_bucket_consumer', 'dataset_s3_bucket_producer' retrieved from /home/airflow/.local/lib/python3.12/site-packages/airflow/example_dags/example_dataset_alias.py
[2024-11-25T02:16:27.606+0000] {logging_mixin.py:190} INFO - [2024-11-25T02:16:27.606+0000] {dag.py:3239} INFO - Sync 4 DAGs
[2024-11-25T02:16:27.633+0000] {logging_mixin.py:190} INFO - [2024-11-25T02:16:27.633+0000] {dag.py:4180} INFO - Setting next_dagrun for dataset_alias_example_alias_consumer to None, run_after=None
[2024-11-25T02:16:27.636+0000] {logging_mixin.py:190} INFO - [2024-11-25T02:16:27.636+0000] {dag.py:4180} INFO - Setting next_dagrun for dataset_alias_example_alias_producer to None, run_after=None
[2024-11-25T02:16:27.638+0000] {logging_mixin.py:190} INFO - [2024-11-25T02:16:27.638+0000] {dag.py:4180} INFO - Setting next_dagrun for dataset_s3_bucket_consumer to None, run_after=None
[2024-11-25T02:16:27.640+0000] {logging_mixin.py:190} INFO - [2024-11-25T02:16:27.640+0000] {dag.py:4180} INFO - Setting next_dagrun for dataset_s3_bucket_producer to None, run_after=None
[2024-11-25T02:16:27.664+0000] {processor.py:208} INFO - Processing /home/airflow/.local/lib/python3.12/site-packages/airflow/example_dags/example_dataset_alias.py took 0.582 seconds
