[2024-11-25T01:55:18.129+0000] {processor.py:186} INFO - Started process (PID=86) to work on /home/airflow/.local/lib/python3.12/site-packages/airflow/example_dags/example_nested_branch_dag.py
[2024-11-25T01:55:18.131+0000] {processor.py:914} INFO - Processing file /home/airflow/.local/lib/python3.12/site-packages/airflow/example_dags/example_nested_branch_dag.py for tasks to queue
[2024-11-25T01:55:18.135+0000] {logging_mixin.py:190} INFO - [2024-11-25T01:55:18.135+0000] {dagbag.py:588} INFO - Filling up the DagBag from /home/airflow/.local/lib/python3.12/site-packages/airflow/example_dags/example_nested_branch_dag.py
[2024-11-25T01:55:18.199+0000] {processor.py:925} INFO - DAG(s) 'example_nested_branch_dag' retrieved from /home/airflow/.local/lib/python3.12/site-packages/airflow/example_dags/example_nested_branch_dag.py
[2024-11-25T01:55:18.366+0000] {logging_mixin.py:190} INFO - [2024-11-25T01:55:18.365+0000] {dag.py:3239} INFO - Sync 1 DAGs
[2024-11-25T01:55:18.469+0000] {logging_mixin.py:190} INFO - [2024-11-25T01:55:18.468+0000] {dag.py:4180} INFO - Setting next_dagrun for example_nested_branch_dag to 2024-11-24 00:00:00+00:00, run_after=2024-11-25 00:00:00+00:00
[2024-11-25T01:55:18.542+0000] {processor.py:208} INFO - Processing /home/airflow/.local/lib/python3.12/site-packages/airflow/example_dags/example_nested_branch_dag.py took 0.431 seconds
[2024-11-25T01:55:48.722+0000] {processor.py:186} INFO - Started process (PID=152) to work on /home/airflow/.local/lib/python3.12/site-packages/airflow/example_dags/example_nested_branch_dag.py
[2024-11-25T01:55:48.723+0000] {processor.py:914} INFO - Processing file /home/airflow/.local/lib/python3.12/site-packages/airflow/example_dags/example_nested_branch_dag.py for tasks to queue
[2024-11-25T01:55:48.725+0000] {logging_mixin.py:190} INFO - [2024-11-25T01:55:48.725+0000] {dagbag.py:588} INFO - Filling up the DagBag from /home/airflow/.local/lib/python3.12/site-packages/airflow/example_dags/example_nested_branch_dag.py
[2024-11-25T01:55:48.737+0000] {processor.py:925} INFO - DAG(s) 'example_nested_branch_dag' retrieved from /home/airflow/.local/lib/python3.12/site-packages/airflow/example_dags/example_nested_branch_dag.py
[2024-11-25T01:55:48.770+0000] {logging_mixin.py:190} INFO - [2024-11-25T01:55:48.769+0000] {dag.py:3239} INFO - Sync 1 DAGs
[2024-11-25T01:55:48.801+0000] {logging_mixin.py:190} INFO - [2024-11-25T01:55:48.801+0000] {dag.py:4180} INFO - Setting next_dagrun for example_nested_branch_dag to 2024-11-24 00:00:00+00:00, run_after=2024-11-25 00:00:00+00:00
[2024-11-25T01:55:48.822+0000] {processor.py:208} INFO - Processing /home/airflow/.local/lib/python3.12/site-packages/airflow/example_dags/example_nested_branch_dag.py took 0.105 seconds
[2024-11-25T01:56:20.176+0000] {processor.py:186} INFO - Started process (PID=216) to work on /home/airflow/.local/lib/python3.12/site-packages/airflow/example_dags/example_nested_branch_dag.py
[2024-11-25T01:56:20.178+0000] {processor.py:914} INFO - Processing file /home/airflow/.local/lib/python3.12/site-packages/airflow/example_dags/example_nested_branch_dag.py for tasks to queue
[2024-11-25T01:56:20.182+0000] {logging_mixin.py:190} INFO - [2024-11-25T01:56:20.181+0000] {dagbag.py:588} INFO - Filling up the DagBag from /home/airflow/.local/lib/python3.12/site-packages/airflow/example_dags/example_nested_branch_dag.py
[2024-11-25T01:56:20.203+0000] {processor.py:925} INFO - DAG(s) 'example_nested_branch_dag' retrieved from /home/airflow/.local/lib/python3.12/site-packages/airflow/example_dags/example_nested_branch_dag.py
[2024-11-25T01:56:20.245+0000] {logging_mixin.py:190} INFO - [2024-11-25T01:56:20.244+0000] {dag.py:3239} INFO - Sync 1 DAGs
[2024-11-25T01:56:22.127+0000] {logging_mixin.py:190} INFO - [2024-11-25T01:56:22.126+0000] {dag.py:4180} INFO - Setting next_dagrun for example_nested_branch_dag to 2024-11-24 00:00:00+00:00, run_after=2024-11-25 00:00:00+00:00
[2024-11-25T01:56:22.596+0000] {processor.py:208} INFO - Processing /home/airflow/.local/lib/python3.12/site-packages/airflow/example_dags/example_nested_branch_dag.py took 2.434 seconds
[2024-11-25T01:56:53.464+0000] {processor.py:186} INFO - Started process (PID=279) to work on /home/airflow/.local/lib/python3.12/site-packages/airflow/example_dags/example_nested_branch_dag.py
[2024-11-25T01:56:53.466+0000] {processor.py:914} INFO - Processing file /home/airflow/.local/lib/python3.12/site-packages/airflow/example_dags/example_nested_branch_dag.py for tasks to queue
[2024-11-25T01:56:53.476+0000] {logging_mixin.py:190} INFO - [2024-11-25T01:56:53.476+0000] {dagbag.py:588} INFO - Filling up the DagBag from /home/airflow/.local/lib/python3.12/site-packages/airflow/example_dags/example_nested_branch_dag.py
[2024-11-25T01:56:53.521+0000] {processor.py:925} INFO - DAG(s) 'example_nested_branch_dag' retrieved from /home/airflow/.local/lib/python3.12/site-packages/airflow/example_dags/example_nested_branch_dag.py
[2024-11-25T01:56:53.608+0000] {logging_mixin.py:190} INFO - [2024-11-25T01:56:53.608+0000] {dag.py:3239} INFO - Sync 1 DAGs
[2024-11-25T01:56:53.719+0000] {logging_mixin.py:190} INFO - [2024-11-25T01:56:53.719+0000] {dag.py:4180} INFO - Setting next_dagrun for example_nested_branch_dag to 2024-11-24 00:00:00+00:00, run_after=2024-11-25 00:00:00+00:00
[2024-11-25T01:56:53.827+0000] {processor.py:208} INFO - Processing /home/airflow/.local/lib/python3.12/site-packages/airflow/example_dags/example_nested_branch_dag.py took 0.373 seconds
[2024-11-25T01:57:24.752+0000] {processor.py:186} INFO - Started process (PID=343) to work on /home/airflow/.local/lib/python3.12/site-packages/airflow/example_dags/example_nested_branch_dag.py
[2024-11-25T01:57:24.754+0000] {processor.py:914} INFO - Processing file /home/airflow/.local/lib/python3.12/site-packages/airflow/example_dags/example_nested_branch_dag.py for tasks to queue
[2024-11-25T01:57:24.759+0000] {logging_mixin.py:190} INFO - [2024-11-25T01:57:24.758+0000] {dagbag.py:588} INFO - Filling up the DagBag from /home/airflow/.local/lib/python3.12/site-packages/airflow/example_dags/example_nested_branch_dag.py
[2024-11-25T01:57:24.776+0000] {processor.py:925} INFO - DAG(s) 'example_nested_branch_dag' retrieved from /home/airflow/.local/lib/python3.12/site-packages/airflow/example_dags/example_nested_branch_dag.py
[2024-11-25T01:57:24.801+0000] {logging_mixin.py:190} INFO - [2024-11-25T01:57:24.801+0000] {dag.py:3239} INFO - Sync 1 DAGs
[2024-11-25T01:57:24.833+0000] {logging_mixin.py:190} INFO - [2024-11-25T01:57:24.833+0000] {dag.py:4180} INFO - Setting next_dagrun for example_nested_branch_dag to 2024-11-24 00:00:00+00:00, run_after=2024-11-25 00:00:00+00:00
[2024-11-25T01:57:24.857+0000] {processor.py:208} INFO - Processing /home/airflow/.local/lib/python3.12/site-packages/airflow/example_dags/example_nested_branch_dag.py took 0.113 seconds
[2024-11-25T01:57:55.114+0000] {processor.py:186} INFO - Started process (PID=407) to work on /home/airflow/.local/lib/python3.12/site-packages/airflow/example_dags/example_nested_branch_dag.py
[2024-11-25T01:57:55.115+0000] {processor.py:914} INFO - Processing file /home/airflow/.local/lib/python3.12/site-packages/airflow/example_dags/example_nested_branch_dag.py for tasks to queue
[2024-11-25T01:57:55.119+0000] {logging_mixin.py:190} INFO - [2024-11-25T01:57:55.118+0000] {dagbag.py:588} INFO - Filling up the DagBag from /home/airflow/.local/lib/python3.12/site-packages/airflow/example_dags/example_nested_branch_dag.py
[2024-11-25T01:57:55.135+0000] {processor.py:925} INFO - DAG(s) 'example_nested_branch_dag' retrieved from /home/airflow/.local/lib/python3.12/site-packages/airflow/example_dags/example_nested_branch_dag.py
[2024-11-25T01:57:55.175+0000] {logging_mixin.py:190} INFO - [2024-11-25T01:57:55.175+0000] {dag.py:3239} INFO - Sync 1 DAGs
[2024-11-25T01:57:55.207+0000] {logging_mixin.py:190} INFO - [2024-11-25T01:57:55.207+0000] {dag.py:4180} INFO - Setting next_dagrun for example_nested_branch_dag to 2024-11-24 00:00:00+00:00, run_after=2024-11-25 00:00:00+00:00
[2024-11-25T01:57:55.232+0000] {processor.py:208} INFO - Processing /home/airflow/.local/lib/python3.12/site-packages/airflow/example_dags/example_nested_branch_dag.py took 0.123 seconds
[2024-11-25T01:58:25.677+0000] {processor.py:186} INFO - Started process (PID=471) to work on /home/airflow/.local/lib/python3.12/site-packages/airflow/example_dags/example_nested_branch_dag.py
[2024-11-25T01:58:25.678+0000] {processor.py:914} INFO - Processing file /home/airflow/.local/lib/python3.12/site-packages/airflow/example_dags/example_nested_branch_dag.py for tasks to queue
[2024-11-25T01:58:25.681+0000] {logging_mixin.py:190} INFO - [2024-11-25T01:58:25.681+0000] {dagbag.py:588} INFO - Filling up the DagBag from /home/airflow/.local/lib/python3.12/site-packages/airflow/example_dags/example_nested_branch_dag.py
[2024-11-25T01:58:25.700+0000] {processor.py:925} INFO - DAG(s) 'example_nested_branch_dag' retrieved from /home/airflow/.local/lib/python3.12/site-packages/airflow/example_dags/example_nested_branch_dag.py
[2024-11-25T01:58:25.721+0000] {logging_mixin.py:190} INFO - [2024-11-25T01:58:25.721+0000] {dag.py:3239} INFO - Sync 1 DAGs
[2024-11-25T01:58:25.745+0000] {logging_mixin.py:190} INFO - [2024-11-25T01:58:25.744+0000] {dag.py:4180} INFO - Setting next_dagrun for example_nested_branch_dag to 2024-11-24 00:00:00+00:00, run_after=2024-11-25 00:00:00+00:00
[2024-11-25T01:58:25.764+0000] {processor.py:208} INFO - Processing /home/airflow/.local/lib/python3.12/site-packages/airflow/example_dags/example_nested_branch_dag.py took 0.092 seconds
[2024-11-25T01:58:56.520+0000] {processor.py:186} INFO - Started process (PID=535) to work on /home/airflow/.local/lib/python3.12/site-packages/airflow/example_dags/example_nested_branch_dag.py
[2024-11-25T01:58:56.521+0000] {processor.py:914} INFO - Processing file /home/airflow/.local/lib/python3.12/site-packages/airflow/example_dags/example_nested_branch_dag.py for tasks to queue
[2024-11-25T01:58:56.524+0000] {logging_mixin.py:190} INFO - [2024-11-25T01:58:56.523+0000] {dagbag.py:588} INFO - Filling up the DagBag from /home/airflow/.local/lib/python3.12/site-packages/airflow/example_dags/example_nested_branch_dag.py
[2024-11-25T01:58:56.535+0000] {processor.py:925} INFO - DAG(s) 'example_nested_branch_dag' retrieved from /home/airflow/.local/lib/python3.12/site-packages/airflow/example_dags/example_nested_branch_dag.py
[2024-11-25T01:58:56.552+0000] {logging_mixin.py:190} INFO - [2024-11-25T01:58:56.552+0000] {dag.py:3239} INFO - Sync 1 DAGs
[2024-11-25T01:58:56.574+0000] {logging_mixin.py:190} INFO - [2024-11-25T01:58:56.573+0000] {dag.py:4180} INFO - Setting next_dagrun for example_nested_branch_dag to 2024-11-24 00:00:00+00:00, run_after=2024-11-25 00:00:00+00:00
[2024-11-25T01:58:56.591+0000] {processor.py:208} INFO - Processing /home/airflow/.local/lib/python3.12/site-packages/airflow/example_dags/example_nested_branch_dag.py took 0.076 seconds
[2024-11-25T01:59:26.762+0000] {processor.py:186} INFO - Started process (PID=599) to work on /home/airflow/.local/lib/python3.12/site-packages/airflow/example_dags/example_nested_branch_dag.py
[2024-11-25T01:59:26.763+0000] {processor.py:914} INFO - Processing file /home/airflow/.local/lib/python3.12/site-packages/airflow/example_dags/example_nested_branch_dag.py for tasks to queue
[2024-11-25T01:59:26.766+0000] {logging_mixin.py:190} INFO - [2024-11-25T01:59:26.765+0000] {dagbag.py:588} INFO - Filling up the DagBag from /home/airflow/.local/lib/python3.12/site-packages/airflow/example_dags/example_nested_branch_dag.py
[2024-11-25T01:59:26.778+0000] {processor.py:925} INFO - DAG(s) 'example_nested_branch_dag' retrieved from /home/airflow/.local/lib/python3.12/site-packages/airflow/example_dags/example_nested_branch_dag.py
[2024-11-25T01:59:26.803+0000] {logging_mixin.py:190} INFO - [2024-11-25T01:59:26.803+0000] {dag.py:3239} INFO - Sync 1 DAGs
[2024-11-25T01:59:26.830+0000] {logging_mixin.py:190} INFO - [2024-11-25T01:59:26.830+0000] {dag.py:4180} INFO - Setting next_dagrun for example_nested_branch_dag to 2024-11-24 00:00:00+00:00, run_after=2024-11-25 00:00:00+00:00
[2024-11-25T01:59:26.857+0000] {processor.py:208} INFO - Processing /home/airflow/.local/lib/python3.12/site-packages/airflow/example_dags/example_nested_branch_dag.py took 0.101 seconds
[2024-11-25T01:59:57.190+0000] {processor.py:186} INFO - Started process (PID=663) to work on /home/airflow/.local/lib/python3.12/site-packages/airflow/example_dags/example_nested_branch_dag.py
[2024-11-25T01:59:57.191+0000] {processor.py:914} INFO - Processing file /home/airflow/.local/lib/python3.12/site-packages/airflow/example_dags/example_nested_branch_dag.py for tasks to queue
[2024-11-25T01:59:57.196+0000] {logging_mixin.py:190} INFO - [2024-11-25T01:59:57.195+0000] {dagbag.py:588} INFO - Filling up the DagBag from /home/airflow/.local/lib/python3.12/site-packages/airflow/example_dags/example_nested_branch_dag.py
[2024-11-25T01:59:57.210+0000] {processor.py:925} INFO - DAG(s) 'example_nested_branch_dag' retrieved from /home/airflow/.local/lib/python3.12/site-packages/airflow/example_dags/example_nested_branch_dag.py
[2024-11-25T01:59:57.234+0000] {logging_mixin.py:190} INFO - [2024-11-25T01:59:57.234+0000] {dag.py:3239} INFO - Sync 1 DAGs
[2024-11-25T01:59:57.261+0000] {logging_mixin.py:190} INFO - [2024-11-25T01:59:57.261+0000] {dag.py:4180} INFO - Setting next_dagrun for example_nested_branch_dag to 2024-11-24 00:00:00+00:00, run_after=2024-11-25 00:00:00+00:00
[2024-11-25T01:59:57.281+0000] {processor.py:208} INFO - Processing /home/airflow/.local/lib/python3.12/site-packages/airflow/example_dags/example_nested_branch_dag.py took 0.100 seconds
[2024-11-25T02:00:27.692+0000] {processor.py:186} INFO - Started process (PID=731) to work on /home/airflow/.local/lib/python3.12/site-packages/airflow/example_dags/example_nested_branch_dag.py
[2024-11-25T02:00:27.693+0000] {processor.py:914} INFO - Processing file /home/airflow/.local/lib/python3.12/site-packages/airflow/example_dags/example_nested_branch_dag.py for tasks to queue
[2024-11-25T02:00:27.699+0000] {logging_mixin.py:190} INFO - [2024-11-25T02:00:27.698+0000] {dagbag.py:588} INFO - Filling up the DagBag from /home/airflow/.local/lib/python3.12/site-packages/airflow/example_dags/example_nested_branch_dag.py
[2024-11-25T02:00:27.723+0000] {processor.py:925} INFO - DAG(s) 'example_nested_branch_dag' retrieved from /home/airflow/.local/lib/python3.12/site-packages/airflow/example_dags/example_nested_branch_dag.py
[2024-11-25T02:00:27.747+0000] {logging_mixin.py:190} INFO - [2024-11-25T02:00:27.747+0000] {dag.py:3239} INFO - Sync 1 DAGs
[2024-11-25T02:00:27.778+0000] {logging_mixin.py:190} INFO - [2024-11-25T02:00:27.777+0000] {dag.py:4180} INFO - Setting next_dagrun for example_nested_branch_dag to 2024-11-24 00:00:00+00:00, run_after=2024-11-25 00:00:00+00:00
[2024-11-25T02:00:27.800+0000] {processor.py:208} INFO - Processing /home/airflow/.local/lib/python3.12/site-packages/airflow/example_dags/example_nested_branch_dag.py took 0.118 seconds
[2024-11-25T02:00:58.212+0000] {processor.py:186} INFO - Started process (PID=795) to work on /home/airflow/.local/lib/python3.12/site-packages/airflow/example_dags/example_nested_branch_dag.py
[2024-11-25T02:00:58.213+0000] {processor.py:914} INFO - Processing file /home/airflow/.local/lib/python3.12/site-packages/airflow/example_dags/example_nested_branch_dag.py for tasks to queue
[2024-11-25T02:00:58.217+0000] {logging_mixin.py:190} INFO - [2024-11-25T02:00:58.216+0000] {dagbag.py:588} INFO - Filling up the DagBag from /home/airflow/.local/lib/python3.12/site-packages/airflow/example_dags/example_nested_branch_dag.py
[2024-11-25T02:00:58.231+0000] {processor.py:925} INFO - DAG(s) 'example_nested_branch_dag' retrieved from /home/airflow/.local/lib/python3.12/site-packages/airflow/example_dags/example_nested_branch_dag.py
[2024-11-25T02:00:58.259+0000] {logging_mixin.py:190} INFO - [2024-11-25T02:00:58.258+0000] {dag.py:3239} INFO - Sync 1 DAGs
[2024-11-25T02:00:58.295+0000] {logging_mixin.py:190} INFO - [2024-11-25T02:00:58.295+0000] {dag.py:4180} INFO - Setting next_dagrun for example_nested_branch_dag to 2024-11-24 00:00:00+00:00, run_after=2024-11-25 00:00:00+00:00
[2024-11-25T02:00:58.322+0000] {processor.py:208} INFO - Processing /home/airflow/.local/lib/python3.12/site-packages/airflow/example_dags/example_nested_branch_dag.py took 0.118 seconds
[2024-11-25T02:01:28.699+0000] {processor.py:186} INFO - Started process (PID=859) to work on /home/airflow/.local/lib/python3.12/site-packages/airflow/example_dags/example_nested_branch_dag.py
[2024-11-25T02:01:28.700+0000] {processor.py:914} INFO - Processing file /home/airflow/.local/lib/python3.12/site-packages/airflow/example_dags/example_nested_branch_dag.py for tasks to queue
[2024-11-25T02:01:28.703+0000] {logging_mixin.py:190} INFO - [2024-11-25T02:01:28.702+0000] {dagbag.py:588} INFO - Filling up the DagBag from /home/airflow/.local/lib/python3.12/site-packages/airflow/example_dags/example_nested_branch_dag.py
[2024-11-25T02:01:28.715+0000] {processor.py:925} INFO - DAG(s) 'example_nested_branch_dag' retrieved from /home/airflow/.local/lib/python3.12/site-packages/airflow/example_dags/example_nested_branch_dag.py
[2024-11-25T02:01:28.738+0000] {logging_mixin.py:190} INFO - [2024-11-25T02:01:28.737+0000] {dag.py:3239} INFO - Sync 1 DAGs
[2024-11-25T02:01:28.764+0000] {logging_mixin.py:190} INFO - [2024-11-25T02:01:28.763+0000] {dag.py:4180} INFO - Setting next_dagrun for example_nested_branch_dag to 2024-11-24 00:00:00+00:00, run_after=2024-11-25 00:00:00+00:00
[2024-11-25T02:01:28.783+0000] {processor.py:208} INFO - Processing /home/airflow/.local/lib/python3.12/site-packages/airflow/example_dags/example_nested_branch_dag.py took 0.091 seconds
[2024-11-25T02:01:59.114+0000] {processor.py:186} INFO - Started process (PID=923) to work on /home/airflow/.local/lib/python3.12/site-packages/airflow/example_dags/example_nested_branch_dag.py
[2024-11-25T02:01:59.115+0000] {processor.py:914} INFO - Processing file /home/airflow/.local/lib/python3.12/site-packages/airflow/example_dags/example_nested_branch_dag.py for tasks to queue
[2024-11-25T02:01:59.118+0000] {logging_mixin.py:190} INFO - [2024-11-25T02:01:59.118+0000] {dagbag.py:588} INFO - Filling up the DagBag from /home/airflow/.local/lib/python3.12/site-packages/airflow/example_dags/example_nested_branch_dag.py
[2024-11-25T02:01:59.128+0000] {processor.py:925} INFO - DAG(s) 'example_nested_branch_dag' retrieved from /home/airflow/.local/lib/python3.12/site-packages/airflow/example_dags/example_nested_branch_dag.py
[2024-11-25T02:01:59.148+0000] {logging_mixin.py:190} INFO - [2024-11-25T02:01:59.147+0000] {dag.py:3239} INFO - Sync 1 DAGs
[2024-11-25T02:01:59.170+0000] {logging_mixin.py:190} INFO - [2024-11-25T02:01:59.170+0000] {dag.py:4180} INFO - Setting next_dagrun for example_nested_branch_dag to 2024-11-24 00:00:00+00:00, run_after=2024-11-25 00:00:00+00:00
[2024-11-25T02:01:59.187+0000] {processor.py:208} INFO - Processing /home/airflow/.local/lib/python3.12/site-packages/airflow/example_dags/example_nested_branch_dag.py took 0.078 seconds
[2024-11-25T02:02:29.345+0000] {processor.py:186} INFO - Started process (PID=987) to work on /home/airflow/.local/lib/python3.12/site-packages/airflow/example_dags/example_nested_branch_dag.py
[2024-11-25T02:02:29.346+0000] {processor.py:914} INFO - Processing file /home/airflow/.local/lib/python3.12/site-packages/airflow/example_dags/example_nested_branch_dag.py for tasks to queue
[2024-11-25T02:02:29.350+0000] {logging_mixin.py:190} INFO - [2024-11-25T02:02:29.350+0000] {dagbag.py:588} INFO - Filling up the DagBag from /home/airflow/.local/lib/python3.12/site-packages/airflow/example_dags/example_nested_branch_dag.py
[2024-11-25T02:02:29.368+0000] {processor.py:925} INFO - DAG(s) 'example_nested_branch_dag' retrieved from /home/airflow/.local/lib/python3.12/site-packages/airflow/example_dags/example_nested_branch_dag.py
[2024-11-25T02:02:29.394+0000] {logging_mixin.py:190} INFO - [2024-11-25T02:02:29.394+0000] {dag.py:3239} INFO - Sync 1 DAGs
[2024-11-25T02:02:29.428+0000] {logging_mixin.py:190} INFO - [2024-11-25T02:02:29.427+0000] {dag.py:4180} INFO - Setting next_dagrun for example_nested_branch_dag to 2024-11-24 00:00:00+00:00, run_after=2024-11-25 00:00:00+00:00
[2024-11-25T02:02:29.455+0000] {processor.py:208} INFO - Processing /home/airflow/.local/lib/python3.12/site-packages/airflow/example_dags/example_nested_branch_dag.py took 0.117 seconds
[2024-11-25T02:02:59.761+0000] {processor.py:186} INFO - Started process (PID=1051) to work on /home/airflow/.local/lib/python3.12/site-packages/airflow/example_dags/example_nested_branch_dag.py
[2024-11-25T02:02:59.766+0000] {processor.py:914} INFO - Processing file /home/airflow/.local/lib/python3.12/site-packages/airflow/example_dags/example_nested_branch_dag.py for tasks to queue
[2024-11-25T02:02:59.772+0000] {logging_mixin.py:190} INFO - [2024-11-25T02:02:59.771+0000] {dagbag.py:588} INFO - Filling up the DagBag from /home/airflow/.local/lib/python3.12/site-packages/airflow/example_dags/example_nested_branch_dag.py
[2024-11-25T02:02:59.791+0000] {processor.py:925} INFO - DAG(s) 'example_nested_branch_dag' retrieved from /home/airflow/.local/lib/python3.12/site-packages/airflow/example_dags/example_nested_branch_dag.py
[2024-11-25T02:02:59.820+0000] {logging_mixin.py:190} INFO - [2024-11-25T02:02:59.820+0000] {dag.py:3239} INFO - Sync 1 DAGs
[2024-11-25T02:02:59.859+0000] {logging_mixin.py:190} INFO - [2024-11-25T02:02:59.859+0000] {dag.py:4180} INFO - Setting next_dagrun for example_nested_branch_dag to 2024-11-24 00:00:00+00:00, run_after=2024-11-25 00:00:00+00:00
[2024-11-25T02:02:59.903+0000] {processor.py:208} INFO - Processing /home/airflow/.local/lib/python3.12/site-packages/airflow/example_dags/example_nested_branch_dag.py took 0.154 seconds
[2024-11-25T02:03:30.266+0000] {processor.py:186} INFO - Started process (PID=1122) to work on /home/airflow/.local/lib/python3.12/site-packages/airflow/example_dags/example_nested_branch_dag.py
[2024-11-25T02:03:30.267+0000] {processor.py:914} INFO - Processing file /home/airflow/.local/lib/python3.12/site-packages/airflow/example_dags/example_nested_branch_dag.py for tasks to queue
[2024-11-25T02:03:30.269+0000] {logging_mixin.py:190} INFO - [2024-11-25T02:03:30.268+0000] {dagbag.py:588} INFO - Filling up the DagBag from /home/airflow/.local/lib/python3.12/site-packages/airflow/example_dags/example_nested_branch_dag.py
[2024-11-25T02:03:30.281+0000] {processor.py:925} INFO - DAG(s) 'example_nested_branch_dag' retrieved from /home/airflow/.local/lib/python3.12/site-packages/airflow/example_dags/example_nested_branch_dag.py
[2024-11-25T02:03:30.302+0000] {logging_mixin.py:190} INFO - [2024-11-25T02:03:30.301+0000] {dag.py:3239} INFO - Sync 1 DAGs
[2024-11-25T02:03:30.325+0000] {logging_mixin.py:190} INFO - [2024-11-25T02:03:30.324+0000] {dag.py:4180} INFO - Setting next_dagrun for example_nested_branch_dag to 2024-11-24 00:00:00+00:00, run_after=2024-11-25 00:00:00+00:00
[2024-11-25T02:03:30.343+0000] {processor.py:208} INFO - Processing /home/airflow/.local/lib/python3.12/site-packages/airflow/example_dags/example_nested_branch_dag.py took 0.082 seconds
[2024-11-25T02:04:00.904+0000] {processor.py:186} INFO - Started process (PID=1186) to work on /home/airflow/.local/lib/python3.12/site-packages/airflow/example_dags/example_nested_branch_dag.py
[2024-11-25T02:04:00.905+0000] {processor.py:914} INFO - Processing file /home/airflow/.local/lib/python3.12/site-packages/airflow/example_dags/example_nested_branch_dag.py for tasks to queue
[2024-11-25T02:04:00.908+0000] {logging_mixin.py:190} INFO - [2024-11-25T02:04:00.907+0000] {dagbag.py:588} INFO - Filling up the DagBag from /home/airflow/.local/lib/python3.12/site-packages/airflow/example_dags/example_nested_branch_dag.py
[2024-11-25T02:04:00.918+0000] {processor.py:925} INFO - DAG(s) 'example_nested_branch_dag' retrieved from /home/airflow/.local/lib/python3.12/site-packages/airflow/example_dags/example_nested_branch_dag.py
[2024-11-25T02:04:00.938+0000] {logging_mixin.py:190} INFO - [2024-11-25T02:04:00.937+0000] {dag.py:3239} INFO - Sync 1 DAGs
[2024-11-25T02:04:00.964+0000] {logging_mixin.py:190} INFO - [2024-11-25T02:04:00.964+0000] {dag.py:4180} INFO - Setting next_dagrun for example_nested_branch_dag to 2024-11-24 00:00:00+00:00, run_after=2024-11-25 00:00:00+00:00
[2024-11-25T02:04:00.985+0000] {processor.py:208} INFO - Processing /home/airflow/.local/lib/python3.12/site-packages/airflow/example_dags/example_nested_branch_dag.py took 0.090 seconds
[2024-11-25T02:04:31.125+0000] {processor.py:186} INFO - Started process (PID=1250) to work on /home/airflow/.local/lib/python3.12/site-packages/airflow/example_dags/example_nested_branch_dag.py
[2024-11-25T02:04:31.126+0000] {processor.py:914} INFO - Processing file /home/airflow/.local/lib/python3.12/site-packages/airflow/example_dags/example_nested_branch_dag.py for tasks to queue
[2024-11-25T02:04:31.129+0000] {logging_mixin.py:190} INFO - [2024-11-25T02:04:31.129+0000] {dagbag.py:588} INFO - Filling up the DagBag from /home/airflow/.local/lib/python3.12/site-packages/airflow/example_dags/example_nested_branch_dag.py
[2024-11-25T02:04:31.140+0000] {processor.py:925} INFO - DAG(s) 'example_nested_branch_dag' retrieved from /home/airflow/.local/lib/python3.12/site-packages/airflow/example_dags/example_nested_branch_dag.py
[2024-11-25T02:04:31.160+0000] {logging_mixin.py:190} INFO - [2024-11-25T02:04:31.160+0000] {dag.py:3239} INFO - Sync 1 DAGs
[2024-11-25T02:04:31.183+0000] {logging_mixin.py:190} INFO - [2024-11-25T02:04:31.182+0000] {dag.py:4180} INFO - Setting next_dagrun for example_nested_branch_dag to 2024-11-24 00:00:00+00:00, run_after=2024-11-25 00:00:00+00:00
[2024-11-25T02:04:31.202+0000] {processor.py:208} INFO - Processing /home/airflow/.local/lib/python3.12/site-packages/airflow/example_dags/example_nested_branch_dag.py took 0.082 seconds
[2024-11-25T02:05:01.286+0000] {processor.py:186} INFO - Started process (PID=1314) to work on /home/airflow/.local/lib/python3.12/site-packages/airflow/example_dags/example_nested_branch_dag.py
[2024-11-25T02:05:01.287+0000] {processor.py:914} INFO - Processing file /home/airflow/.local/lib/python3.12/site-packages/airflow/example_dags/example_nested_branch_dag.py for tasks to queue
[2024-11-25T02:05:01.290+0000] {logging_mixin.py:190} INFO - [2024-11-25T02:05:01.290+0000] {dagbag.py:588} INFO - Filling up the DagBag from /home/airflow/.local/lib/python3.12/site-packages/airflow/example_dags/example_nested_branch_dag.py
[2024-11-25T02:05:01.300+0000] {processor.py:925} INFO - DAG(s) 'example_nested_branch_dag' retrieved from /home/airflow/.local/lib/python3.12/site-packages/airflow/example_dags/example_nested_branch_dag.py
[2024-11-25T02:05:01.319+0000] {logging_mixin.py:190} INFO - [2024-11-25T02:05:01.319+0000] {dag.py:3239} INFO - Sync 1 DAGs
[2024-11-25T02:05:01.340+0000] {logging_mixin.py:190} INFO - [2024-11-25T02:05:01.340+0000] {dag.py:4180} INFO - Setting next_dagrun for example_nested_branch_dag to 2024-11-24 00:00:00+00:00, run_after=2024-11-25 00:00:00+00:00
[2024-11-25T02:05:01.360+0000] {processor.py:208} INFO - Processing /home/airflow/.local/lib/python3.12/site-packages/airflow/example_dags/example_nested_branch_dag.py took 0.080 seconds
[2024-11-25T02:05:32.233+0000] {processor.py:186} INFO - Started process (PID=1378) to work on /home/airflow/.local/lib/python3.12/site-packages/airflow/example_dags/example_nested_branch_dag.py
[2024-11-25T02:05:32.233+0000] {processor.py:914} INFO - Processing file /home/airflow/.local/lib/python3.12/site-packages/airflow/example_dags/example_nested_branch_dag.py for tasks to queue
[2024-11-25T02:05:32.236+0000] {logging_mixin.py:190} INFO - [2024-11-25T02:05:32.236+0000] {dagbag.py:588} INFO - Filling up the DagBag from /home/airflow/.local/lib/python3.12/site-packages/airflow/example_dags/example_nested_branch_dag.py
[2024-11-25T02:05:32.248+0000] {processor.py:925} INFO - DAG(s) 'example_nested_branch_dag' retrieved from /home/airflow/.local/lib/python3.12/site-packages/airflow/example_dags/example_nested_branch_dag.py
[2024-11-25T02:05:32.272+0000] {logging_mixin.py:190} INFO - [2024-11-25T02:05:32.272+0000] {dag.py:3239} INFO - Sync 1 DAGs
[2024-11-25T02:05:32.322+0000] {logging_mixin.py:190} INFO - [2024-11-25T02:05:32.322+0000] {dag.py:4180} INFO - Setting next_dagrun for example_nested_branch_dag to 2024-11-24 00:00:00+00:00, run_after=2024-11-25 00:00:00+00:00
[2024-11-25T02:05:32.349+0000] {processor.py:208} INFO - Processing /home/airflow/.local/lib/python3.12/site-packages/airflow/example_dags/example_nested_branch_dag.py took 0.122 seconds
[2024-11-25T02:06:04.036+0000] {processor.py:186} INFO - Started process (PID=1442) to work on /home/airflow/.local/lib/python3.12/site-packages/airflow/example_dags/example_nested_branch_dag.py
[2024-11-25T02:06:04.037+0000] {processor.py:914} INFO - Processing file /home/airflow/.local/lib/python3.12/site-packages/airflow/example_dags/example_nested_branch_dag.py for tasks to queue
[2024-11-25T02:06:04.042+0000] {logging_mixin.py:190} INFO - [2024-11-25T02:06:04.041+0000] {dagbag.py:588} INFO - Filling up the DagBag from /home/airflow/.local/lib/python3.12/site-packages/airflow/example_dags/example_nested_branch_dag.py
[2024-11-25T02:06:04.060+0000] {processor.py:925} INFO - DAG(s) 'example_nested_branch_dag' retrieved from /home/airflow/.local/lib/python3.12/site-packages/airflow/example_dags/example_nested_branch_dag.py
[2024-11-25T02:06:04.100+0000] {logging_mixin.py:190} INFO - [2024-11-25T02:06:04.099+0000] {dag.py:3239} INFO - Sync 1 DAGs
[2024-11-25T02:06:04.140+0000] {logging_mixin.py:190} INFO - [2024-11-25T02:06:04.140+0000] {dag.py:4180} INFO - Setting next_dagrun for example_nested_branch_dag to 2024-11-24 00:00:00+00:00, run_after=2024-11-25 00:00:00+00:00
[2024-11-25T02:06:04.166+0000] {processor.py:208} INFO - Processing /home/airflow/.local/lib/python3.12/site-packages/airflow/example_dags/example_nested_branch_dag.py took 0.153 seconds
[2024-11-25T02:06:35.280+0000] {processor.py:186} INFO - Started process (PID=1507) to work on /home/airflow/.local/lib/python3.12/site-packages/airflow/example_dags/example_nested_branch_dag.py
[2024-11-25T02:06:35.282+0000] {processor.py:914} INFO - Processing file /home/airflow/.local/lib/python3.12/site-packages/airflow/example_dags/example_nested_branch_dag.py for tasks to queue
[2024-11-25T02:06:35.288+0000] {logging_mixin.py:190} INFO - [2024-11-25T02:06:35.288+0000] {dagbag.py:588} INFO - Filling up the DagBag from /home/airflow/.local/lib/python3.12/site-packages/airflow/example_dags/example_nested_branch_dag.py
[2024-11-25T02:06:35.307+0000] {processor.py:925} INFO - DAG(s) 'example_nested_branch_dag' retrieved from /home/airflow/.local/lib/python3.12/site-packages/airflow/example_dags/example_nested_branch_dag.py
[2024-11-25T02:06:35.336+0000] {logging_mixin.py:190} INFO - [2024-11-25T02:06:35.336+0000] {dag.py:3239} INFO - Sync 1 DAGs
[2024-11-25T02:06:35.372+0000] {logging_mixin.py:190} INFO - [2024-11-25T02:06:35.371+0000] {dag.py:4180} INFO - Setting next_dagrun for example_nested_branch_dag to 2024-11-24 00:00:00+00:00, run_after=2024-11-25 00:00:00+00:00
[2024-11-25T02:06:35.396+0000] {processor.py:208} INFO - Processing /home/airflow/.local/lib/python3.12/site-packages/airflow/example_dags/example_nested_branch_dag.py took 0.131 seconds
[2024-11-25T02:07:06.460+0000] {processor.py:186} INFO - Started process (PID=1571) to work on /home/airflow/.local/lib/python3.12/site-packages/airflow/example_dags/example_nested_branch_dag.py
[2024-11-25T02:07:06.461+0000] {processor.py:914} INFO - Processing file /home/airflow/.local/lib/python3.12/site-packages/airflow/example_dags/example_nested_branch_dag.py for tasks to queue
[2024-11-25T02:07:06.468+0000] {logging_mixin.py:190} INFO - [2024-11-25T02:07:06.467+0000] {dagbag.py:588} INFO - Filling up the DagBag from /home/airflow/.local/lib/python3.12/site-packages/airflow/example_dags/example_nested_branch_dag.py
[2024-11-25T02:07:06.489+0000] {processor.py:925} INFO - DAG(s) 'example_nested_branch_dag' retrieved from /home/airflow/.local/lib/python3.12/site-packages/airflow/example_dags/example_nested_branch_dag.py
[2024-11-25T02:07:06.531+0000] {logging_mixin.py:190} INFO - [2024-11-25T02:07:06.530+0000] {dag.py:3239} INFO - Sync 1 DAGs
[2024-11-25T02:07:06.577+0000] {logging_mixin.py:190} INFO - [2024-11-25T02:07:06.577+0000] {dag.py:4180} INFO - Setting next_dagrun for example_nested_branch_dag to 2024-11-24 00:00:00+00:00, run_after=2024-11-25 00:00:00+00:00
[2024-11-25T02:07:06.601+0000] {processor.py:208} INFO - Processing /home/airflow/.local/lib/python3.12/site-packages/airflow/example_dags/example_nested_branch_dag.py took 0.154 seconds
[2024-11-25T02:07:36.735+0000] {processor.py:186} INFO - Started process (PID=1633) to work on /home/airflow/.local/lib/python3.12/site-packages/airflow/example_dags/example_nested_branch_dag.py
[2024-11-25T02:07:36.736+0000] {processor.py:914} INFO - Processing file /home/airflow/.local/lib/python3.12/site-packages/airflow/example_dags/example_nested_branch_dag.py for tasks to queue
[2024-11-25T02:07:36.738+0000] {logging_mixin.py:190} INFO - [2024-11-25T02:07:36.738+0000] {dagbag.py:588} INFO - Filling up the DagBag from /home/airflow/.local/lib/python3.12/site-packages/airflow/example_dags/example_nested_branch_dag.py
[2024-11-25T02:07:36.748+0000] {processor.py:925} INFO - DAG(s) 'example_nested_branch_dag' retrieved from /home/airflow/.local/lib/python3.12/site-packages/airflow/example_dags/example_nested_branch_dag.py
[2024-11-25T02:07:36.768+0000] {logging_mixin.py:190} INFO - [2024-11-25T02:07:36.768+0000] {dag.py:3239} INFO - Sync 1 DAGs
[2024-11-25T02:07:36.792+0000] {logging_mixin.py:190} INFO - [2024-11-25T02:07:36.792+0000] {dag.py:4180} INFO - Setting next_dagrun for example_nested_branch_dag to 2024-11-24 00:00:00+00:00, run_after=2024-11-25 00:00:00+00:00
[2024-11-25T02:07:36.809+0000] {processor.py:208} INFO - Processing /home/airflow/.local/lib/python3.12/site-packages/airflow/example_dags/example_nested_branch_dag.py took 0.080 seconds
[2024-11-25T02:08:07.013+0000] {processor.py:186} INFO - Started process (PID=1697) to work on /home/airflow/.local/lib/python3.12/site-packages/airflow/example_dags/example_nested_branch_dag.py
[2024-11-25T02:08:07.024+0000] {processor.py:914} INFO - Processing file /home/airflow/.local/lib/python3.12/site-packages/airflow/example_dags/example_nested_branch_dag.py for tasks to queue
[2024-11-25T02:08:07.029+0000] {logging_mixin.py:190} INFO - [2024-11-25T02:08:07.028+0000] {dagbag.py:588} INFO - Filling up the DagBag from /home/airflow/.local/lib/python3.12/site-packages/airflow/example_dags/example_nested_branch_dag.py
[2024-11-25T02:08:07.140+0000] {processor.py:925} INFO - DAG(s) 'example_nested_branch_dag' retrieved from /home/airflow/.local/lib/python3.12/site-packages/airflow/example_dags/example_nested_branch_dag.py
[2024-11-25T02:08:07.360+0000] {logging_mixin.py:190} INFO - [2024-11-25T02:08:07.358+0000] {dag.py:3239} INFO - Sync 1 DAGs
[2024-11-25T02:08:07.564+0000] {logging_mixin.py:190} INFO - [2024-11-25T02:08:07.564+0000] {dag.py:4180} INFO - Setting next_dagrun for example_nested_branch_dag to 2024-11-24 00:00:00+00:00, run_after=2024-11-25 00:00:00+00:00
[2024-11-25T02:08:07.700+0000] {processor.py:208} INFO - Processing /home/airflow/.local/lib/python3.12/site-packages/airflow/example_dags/example_nested_branch_dag.py took 0.745 seconds
[2024-11-25T02:08:37.808+0000] {processor.py:186} INFO - Started process (PID=1761) to work on /home/airflow/.local/lib/python3.12/site-packages/airflow/example_dags/example_nested_branch_dag.py
[2024-11-25T02:08:37.810+0000] {processor.py:914} INFO - Processing file /home/airflow/.local/lib/python3.12/site-packages/airflow/example_dags/example_nested_branch_dag.py for tasks to queue
[2024-11-25T02:08:37.813+0000] {logging_mixin.py:190} INFO - [2024-11-25T02:08:37.812+0000] {dagbag.py:588} INFO - Filling up the DagBag from /home/airflow/.local/lib/python3.12/site-packages/airflow/example_dags/example_nested_branch_dag.py
[2024-11-25T02:08:37.826+0000] {processor.py:925} INFO - DAG(s) 'example_nested_branch_dag' retrieved from /home/airflow/.local/lib/python3.12/site-packages/airflow/example_dags/example_nested_branch_dag.py
[2024-11-25T02:08:37.851+0000] {logging_mixin.py:190} INFO - [2024-11-25T02:08:37.850+0000] {dag.py:3239} INFO - Sync 1 DAGs
[2024-11-25T02:08:37.880+0000] {logging_mixin.py:190} INFO - [2024-11-25T02:08:37.880+0000] {dag.py:4180} INFO - Setting next_dagrun for example_nested_branch_dag to 2024-11-24 00:00:00+00:00, run_after=2024-11-25 00:00:00+00:00
[2024-11-25T02:08:37.902+0000] {processor.py:208} INFO - Processing /home/airflow/.local/lib/python3.12/site-packages/airflow/example_dags/example_nested_branch_dag.py took 0.100 seconds
[2024-11-25T02:09:08.068+0000] {processor.py:186} INFO - Started process (PID=1825) to work on /home/airflow/.local/lib/python3.12/site-packages/airflow/example_dags/example_nested_branch_dag.py
[2024-11-25T02:09:08.070+0000] {processor.py:914} INFO - Processing file /home/airflow/.local/lib/python3.12/site-packages/airflow/example_dags/example_nested_branch_dag.py for tasks to queue
[2024-11-25T02:09:08.074+0000] {logging_mixin.py:190} INFO - [2024-11-25T02:09:08.074+0000] {dagbag.py:588} INFO - Filling up the DagBag from /home/airflow/.local/lib/python3.12/site-packages/airflow/example_dags/example_nested_branch_dag.py
[2024-11-25T02:09:08.089+0000] {processor.py:925} INFO - DAG(s) 'example_nested_branch_dag' retrieved from /home/airflow/.local/lib/python3.12/site-packages/airflow/example_dags/example_nested_branch_dag.py
[2024-11-25T02:09:08.115+0000] {logging_mixin.py:190} INFO - [2024-11-25T02:09:08.115+0000] {dag.py:3239} INFO - Sync 1 DAGs
[2024-11-25T02:09:08.146+0000] {logging_mixin.py:190} INFO - [2024-11-25T02:09:08.146+0000] {dag.py:4180} INFO - Setting next_dagrun for example_nested_branch_dag to 2024-11-24 00:00:00+00:00, run_after=2024-11-25 00:00:00+00:00
[2024-11-25T02:09:08.180+0000] {processor.py:208} INFO - Processing /home/airflow/.local/lib/python3.12/site-packages/airflow/example_dags/example_nested_branch_dag.py took 0.119 seconds
[2024-11-25T02:09:38.318+0000] {processor.py:186} INFO - Started process (PID=1890) to work on /home/airflow/.local/lib/python3.12/site-packages/airflow/example_dags/example_nested_branch_dag.py
[2024-11-25T02:09:38.319+0000] {processor.py:914} INFO - Processing file /home/airflow/.local/lib/python3.12/site-packages/airflow/example_dags/example_nested_branch_dag.py for tasks to queue
[2024-11-25T02:09:38.321+0000] {logging_mixin.py:190} INFO - [2024-11-25T02:09:38.321+0000] {dagbag.py:588} INFO - Filling up the DagBag from /home/airflow/.local/lib/python3.12/site-packages/airflow/example_dags/example_nested_branch_dag.py
[2024-11-25T02:09:38.332+0000] {processor.py:925} INFO - DAG(s) 'example_nested_branch_dag' retrieved from /home/airflow/.local/lib/python3.12/site-packages/airflow/example_dags/example_nested_branch_dag.py
[2024-11-25T02:09:38.350+0000] {logging_mixin.py:190} INFO - [2024-11-25T02:09:38.350+0000] {dag.py:3239} INFO - Sync 1 DAGs
[2024-11-25T02:09:38.372+0000] {logging_mixin.py:190} INFO - [2024-11-25T02:09:38.372+0000] {dag.py:4180} INFO - Setting next_dagrun for example_nested_branch_dag to 2024-11-24 00:00:00+00:00, run_after=2024-11-25 00:00:00+00:00
[2024-11-25T02:09:38.390+0000] {processor.py:208} INFO - Processing /home/airflow/.local/lib/python3.12/site-packages/airflow/example_dags/example_nested_branch_dag.py took 0.077 seconds
[2024-11-25T02:10:08.567+0000] {processor.py:186} INFO - Started process (PID=1953) to work on /home/airflow/.local/lib/python3.12/site-packages/airflow/example_dags/example_nested_branch_dag.py
[2024-11-25T02:10:08.569+0000] {processor.py:914} INFO - Processing file /home/airflow/.local/lib/python3.12/site-packages/airflow/example_dags/example_nested_branch_dag.py for tasks to queue
[2024-11-25T02:10:08.572+0000] {logging_mixin.py:190} INFO - [2024-11-25T02:10:08.572+0000] {dagbag.py:588} INFO - Filling up the DagBag from /home/airflow/.local/lib/python3.12/site-packages/airflow/example_dags/example_nested_branch_dag.py
[2024-11-25T02:10:08.586+0000] {processor.py:925} INFO - DAG(s) 'example_nested_branch_dag' retrieved from /home/airflow/.local/lib/python3.12/site-packages/airflow/example_dags/example_nested_branch_dag.py
[2024-11-25T02:10:08.617+0000] {logging_mixin.py:190} INFO - [2024-11-25T02:10:08.617+0000] {dag.py:3239} INFO - Sync 1 DAGs
[2024-11-25T02:10:08.655+0000] {logging_mixin.py:190} INFO - [2024-11-25T02:10:08.654+0000] {dag.py:4180} INFO - Setting next_dagrun for example_nested_branch_dag to 2024-11-24 00:00:00+00:00, run_after=2024-11-25 00:00:00+00:00
[2024-11-25T02:10:08.695+0000] {processor.py:208} INFO - Processing /home/airflow/.local/lib/python3.12/site-packages/airflow/example_dags/example_nested_branch_dag.py took 0.137 seconds
[2024-11-25T02:10:38.837+0000] {processor.py:186} INFO - Started process (PID=2016) to work on /home/airflow/.local/lib/python3.12/site-packages/airflow/example_dags/example_nested_branch_dag.py
[2024-11-25T02:10:38.838+0000] {processor.py:914} INFO - Processing file /home/airflow/.local/lib/python3.12/site-packages/airflow/example_dags/example_nested_branch_dag.py for tasks to queue
[2024-11-25T02:10:38.842+0000] {logging_mixin.py:190} INFO - [2024-11-25T02:10:38.841+0000] {dagbag.py:588} INFO - Filling up the DagBag from /home/airflow/.local/lib/python3.12/site-packages/airflow/example_dags/example_nested_branch_dag.py
[2024-11-25T02:10:38.857+0000] {processor.py:925} INFO - DAG(s) 'example_nested_branch_dag' retrieved from /home/airflow/.local/lib/python3.12/site-packages/airflow/example_dags/example_nested_branch_dag.py
[2024-11-25T02:10:38.894+0000] {logging_mixin.py:190} INFO - [2024-11-25T02:10:38.894+0000] {dag.py:3239} INFO - Sync 1 DAGs
[2024-11-25T02:10:38.927+0000] {logging_mixin.py:190} INFO - [2024-11-25T02:10:38.927+0000] {dag.py:4180} INFO - Setting next_dagrun for example_nested_branch_dag to 2024-11-24 00:00:00+00:00, run_after=2024-11-25 00:00:00+00:00
[2024-11-25T02:10:38.948+0000] {processor.py:208} INFO - Processing /home/airflow/.local/lib/python3.12/site-packages/airflow/example_dags/example_nested_branch_dag.py took 0.120 seconds
[2024-11-25T02:11:09.069+0000] {processor.py:186} INFO - Started process (PID=2080) to work on /home/airflow/.local/lib/python3.12/site-packages/airflow/example_dags/example_nested_branch_dag.py
[2024-11-25T02:11:09.070+0000] {processor.py:914} INFO - Processing file /home/airflow/.local/lib/python3.12/site-packages/airflow/example_dags/example_nested_branch_dag.py for tasks to queue
[2024-11-25T02:11:09.073+0000] {logging_mixin.py:190} INFO - [2024-11-25T02:11:09.073+0000] {dagbag.py:588} INFO - Filling up the DagBag from /home/airflow/.local/lib/python3.12/site-packages/airflow/example_dags/example_nested_branch_dag.py
[2024-11-25T02:11:09.088+0000] {processor.py:925} INFO - DAG(s) 'example_nested_branch_dag' retrieved from /home/airflow/.local/lib/python3.12/site-packages/airflow/example_dags/example_nested_branch_dag.py
[2024-11-25T02:11:09.113+0000] {logging_mixin.py:190} INFO - [2024-11-25T02:11:09.113+0000] {dag.py:3239} INFO - Sync 1 DAGs
[2024-11-25T02:11:09.149+0000] {logging_mixin.py:190} INFO - [2024-11-25T02:11:09.149+0000] {dag.py:4180} INFO - Setting next_dagrun for example_nested_branch_dag to 2024-11-24 00:00:00+00:00, run_after=2024-11-25 00:00:00+00:00
[2024-11-25T02:11:09.175+0000] {processor.py:208} INFO - Processing /home/airflow/.local/lib/python3.12/site-packages/airflow/example_dags/example_nested_branch_dag.py took 0.112 seconds
[2024-11-25T02:11:39.877+0000] {processor.py:186} INFO - Started process (PID=2144) to work on /home/airflow/.local/lib/python3.12/site-packages/airflow/example_dags/example_nested_branch_dag.py
[2024-11-25T02:11:39.878+0000] {processor.py:914} INFO - Processing file /home/airflow/.local/lib/python3.12/site-packages/airflow/example_dags/example_nested_branch_dag.py for tasks to queue
[2024-11-25T02:11:39.880+0000] {logging_mixin.py:190} INFO - [2024-11-25T02:11:39.880+0000] {dagbag.py:588} INFO - Filling up the DagBag from /home/airflow/.local/lib/python3.12/site-packages/airflow/example_dags/example_nested_branch_dag.py
[2024-11-25T02:11:39.891+0000] {processor.py:925} INFO - DAG(s) 'example_nested_branch_dag' retrieved from /home/airflow/.local/lib/python3.12/site-packages/airflow/example_dags/example_nested_branch_dag.py
[2024-11-25T02:11:39.911+0000] {logging_mixin.py:190} INFO - [2024-11-25T02:11:39.911+0000] {dag.py:3239} INFO - Sync 1 DAGs
[2024-11-25T02:11:39.936+0000] {logging_mixin.py:190} INFO - [2024-11-25T02:11:39.936+0000] {dag.py:4180} INFO - Setting next_dagrun for example_nested_branch_dag to 2024-11-24 00:00:00+00:00, run_after=2024-11-25 00:00:00+00:00
[2024-11-25T02:11:39.960+0000] {processor.py:208} INFO - Processing /home/airflow/.local/lib/python3.12/site-packages/airflow/example_dags/example_nested_branch_dag.py took 0.087 seconds
[2024-11-25T02:12:10.196+0000] {processor.py:186} INFO - Started process (PID=2208) to work on /home/airflow/.local/lib/python3.12/site-packages/airflow/example_dags/example_nested_branch_dag.py
[2024-11-25T02:12:10.198+0000] {processor.py:914} INFO - Processing file /home/airflow/.local/lib/python3.12/site-packages/airflow/example_dags/example_nested_branch_dag.py for tasks to queue
[2024-11-25T02:12:10.203+0000] {logging_mixin.py:190} INFO - [2024-11-25T02:12:10.202+0000] {dagbag.py:588} INFO - Filling up the DagBag from /home/airflow/.local/lib/python3.12/site-packages/airflow/example_dags/example_nested_branch_dag.py
[2024-11-25T02:12:10.224+0000] {processor.py:925} INFO - DAG(s) 'example_nested_branch_dag' retrieved from /home/airflow/.local/lib/python3.12/site-packages/airflow/example_dags/example_nested_branch_dag.py
[2024-11-25T02:12:10.258+0000] {logging_mixin.py:190} INFO - [2024-11-25T02:12:10.258+0000] {dag.py:3239} INFO - Sync 1 DAGs
[2024-11-25T02:12:10.303+0000] {logging_mixin.py:190} INFO - [2024-11-25T02:12:10.303+0000] {dag.py:4180} INFO - Setting next_dagrun for example_nested_branch_dag to 2024-11-24 00:00:00+00:00, run_after=2024-11-25 00:00:00+00:00
[2024-11-25T02:12:10.387+0000] {processor.py:208} INFO - Processing /home/airflow/.local/lib/python3.12/site-packages/airflow/example_dags/example_nested_branch_dag.py took 0.202 seconds
[2024-11-25T02:12:40.546+0000] {processor.py:186} INFO - Started process (PID=2272) to work on /home/airflow/.local/lib/python3.12/site-packages/airflow/example_dags/example_nested_branch_dag.py
[2024-11-25T02:12:40.547+0000] {processor.py:914} INFO - Processing file /home/airflow/.local/lib/python3.12/site-packages/airflow/example_dags/example_nested_branch_dag.py for tasks to queue
[2024-11-25T02:12:40.549+0000] {logging_mixin.py:190} INFO - [2024-11-25T02:12:40.549+0000] {dagbag.py:588} INFO - Filling up the DagBag from /home/airflow/.local/lib/python3.12/site-packages/airflow/example_dags/example_nested_branch_dag.py
[2024-11-25T02:12:40.562+0000] {processor.py:925} INFO - DAG(s) 'example_nested_branch_dag' retrieved from /home/airflow/.local/lib/python3.12/site-packages/airflow/example_dags/example_nested_branch_dag.py
[2024-11-25T02:12:40.582+0000] {logging_mixin.py:190} INFO - [2024-11-25T02:12:40.582+0000] {dag.py:3239} INFO - Sync 1 DAGs
[2024-11-25T02:12:40.607+0000] {logging_mixin.py:190} INFO - [2024-11-25T02:12:40.606+0000] {dag.py:4180} INFO - Setting next_dagrun for example_nested_branch_dag to 2024-11-24 00:00:00+00:00, run_after=2024-11-25 00:00:00+00:00
[2024-11-25T02:12:40.624+0000] {processor.py:208} INFO - Processing /home/airflow/.local/lib/python3.12/site-packages/airflow/example_dags/example_nested_branch_dag.py took 0.084 seconds
[2024-11-25T02:13:10.751+0000] {processor.py:186} INFO - Started process (PID=2336) to work on /home/airflow/.local/lib/python3.12/site-packages/airflow/example_dags/example_nested_branch_dag.py
[2024-11-25T02:13:10.752+0000] {processor.py:914} INFO - Processing file /home/airflow/.local/lib/python3.12/site-packages/airflow/example_dags/example_nested_branch_dag.py for tasks to queue
[2024-11-25T02:13:10.755+0000] {logging_mixin.py:190} INFO - [2024-11-25T02:13:10.754+0000] {dagbag.py:588} INFO - Filling up the DagBag from /home/airflow/.local/lib/python3.12/site-packages/airflow/example_dags/example_nested_branch_dag.py
[2024-11-25T02:13:10.768+0000] {processor.py:925} INFO - DAG(s) 'example_nested_branch_dag' retrieved from /home/airflow/.local/lib/python3.12/site-packages/airflow/example_dags/example_nested_branch_dag.py
[2024-11-25T02:13:10.791+0000] {logging_mixin.py:190} INFO - [2024-11-25T02:13:10.791+0000] {dag.py:3239} INFO - Sync 1 DAGs
[2024-11-25T02:13:10.817+0000] {logging_mixin.py:190} INFO - [2024-11-25T02:13:10.817+0000] {dag.py:4180} INFO - Setting next_dagrun for example_nested_branch_dag to 2024-11-24 00:00:00+00:00, run_after=2024-11-25 00:00:00+00:00
[2024-11-25T02:13:10.841+0000] {processor.py:208} INFO - Processing /home/airflow/.local/lib/python3.12/site-packages/airflow/example_dags/example_nested_branch_dag.py took 0.096 seconds
[2024-11-25T02:13:41.557+0000] {processor.py:186} INFO - Started process (PID=2400) to work on /home/airflow/.local/lib/python3.12/site-packages/airflow/example_dags/example_nested_branch_dag.py
[2024-11-25T02:13:41.558+0000] {processor.py:914} INFO - Processing file /home/airflow/.local/lib/python3.12/site-packages/airflow/example_dags/example_nested_branch_dag.py for tasks to queue
[2024-11-25T02:13:41.561+0000] {logging_mixin.py:190} INFO - [2024-11-25T02:13:41.560+0000] {dagbag.py:588} INFO - Filling up the DagBag from /home/airflow/.local/lib/python3.12/site-packages/airflow/example_dags/example_nested_branch_dag.py
[2024-11-25T02:13:41.574+0000] {processor.py:925} INFO - DAG(s) 'example_nested_branch_dag' retrieved from /home/airflow/.local/lib/python3.12/site-packages/airflow/example_dags/example_nested_branch_dag.py
[2024-11-25T02:13:41.613+0000] {logging_mixin.py:190} INFO - [2024-11-25T02:13:41.612+0000] {dag.py:3239} INFO - Sync 1 DAGs
[2024-11-25T02:13:41.652+0000] {logging_mixin.py:190} INFO - [2024-11-25T02:13:41.652+0000] {dag.py:4180} INFO - Setting next_dagrun for example_nested_branch_dag to 2024-11-24 00:00:00+00:00, run_after=2024-11-25 00:00:00+00:00
[2024-11-25T02:13:41.691+0000] {processor.py:208} INFO - Processing /home/airflow/.local/lib/python3.12/site-packages/airflow/example_dags/example_nested_branch_dag.py took 0.141 seconds
[2024-11-25T02:14:12.185+0000] {processor.py:186} INFO - Started process (PID=2464) to work on /home/airflow/.local/lib/python3.12/site-packages/airflow/example_dags/example_nested_branch_dag.py
[2024-11-25T02:14:12.187+0000] {processor.py:914} INFO - Processing file /home/airflow/.local/lib/python3.12/site-packages/airflow/example_dags/example_nested_branch_dag.py for tasks to queue
[2024-11-25T02:14:12.189+0000] {logging_mixin.py:190} INFO - [2024-11-25T02:14:12.189+0000] {dagbag.py:588} INFO - Filling up the DagBag from /home/airflow/.local/lib/python3.12/site-packages/airflow/example_dags/example_nested_branch_dag.py
[2024-11-25T02:14:12.203+0000] {processor.py:925} INFO - DAG(s) 'example_nested_branch_dag' retrieved from /home/airflow/.local/lib/python3.12/site-packages/airflow/example_dags/example_nested_branch_dag.py
[2024-11-25T02:14:12.225+0000] {logging_mixin.py:190} INFO - [2024-11-25T02:14:12.225+0000] {dag.py:3239} INFO - Sync 1 DAGs
[2024-11-25T02:14:12.258+0000] {logging_mixin.py:190} INFO - [2024-11-25T02:14:12.258+0000] {dag.py:4180} INFO - Setting next_dagrun for example_nested_branch_dag to 2024-11-24 00:00:00+00:00, run_after=2024-11-25 00:00:00+00:00
[2024-11-25T02:14:12.280+0000] {processor.py:208} INFO - Processing /home/airflow/.local/lib/python3.12/site-packages/airflow/example_dags/example_nested_branch_dag.py took 0.100 seconds
[2024-11-25T02:14:42.473+0000] {processor.py:186} INFO - Started process (PID=2528) to work on /home/airflow/.local/lib/python3.12/site-packages/airflow/example_dags/example_nested_branch_dag.py
[2024-11-25T02:14:42.474+0000] {processor.py:914} INFO - Processing file /home/airflow/.local/lib/python3.12/site-packages/airflow/example_dags/example_nested_branch_dag.py for tasks to queue
[2024-11-25T02:14:42.479+0000] {logging_mixin.py:190} INFO - [2024-11-25T02:14:42.478+0000] {dagbag.py:588} INFO - Filling up the DagBag from /home/airflow/.local/lib/python3.12/site-packages/airflow/example_dags/example_nested_branch_dag.py
[2024-11-25T02:14:42.503+0000] {processor.py:925} INFO - DAG(s) 'example_nested_branch_dag' retrieved from /home/airflow/.local/lib/python3.12/site-packages/airflow/example_dags/example_nested_branch_dag.py
[2024-11-25T02:14:42.533+0000] {logging_mixin.py:190} INFO - [2024-11-25T02:14:42.533+0000] {dag.py:3239} INFO - Sync 1 DAGs
[2024-11-25T02:14:42.568+0000] {logging_mixin.py:190} INFO - [2024-11-25T02:14:42.567+0000] {dag.py:4180} INFO - Setting next_dagrun for example_nested_branch_dag to 2024-11-24 00:00:00+00:00, run_after=2024-11-25 00:00:00+00:00
[2024-11-25T02:14:42.831+0000] {processor.py:208} INFO - Processing /home/airflow/.local/lib/python3.12/site-packages/airflow/example_dags/example_nested_branch_dag.py took 0.369 seconds
[2024-11-25T02:15:13.698+0000] {processor.py:186} INFO - Started process (PID=2593) to work on /home/airflow/.local/lib/python3.12/site-packages/airflow/example_dags/example_nested_branch_dag.py
[2024-11-25T02:15:13.718+0000] {processor.py:914} INFO - Processing file /home/airflow/.local/lib/python3.12/site-packages/airflow/example_dags/example_nested_branch_dag.py for tasks to queue
[2024-11-25T02:15:13.754+0000] {logging_mixin.py:190} INFO - [2024-11-25T02:15:13.752+0000] {dagbag.py:588} INFO - Filling up the DagBag from /home/airflow/.local/lib/python3.12/site-packages/airflow/example_dags/example_nested_branch_dag.py
[2024-11-25T02:15:13.942+0000] {processor.py:925} INFO - DAG(s) 'example_nested_branch_dag' retrieved from /home/airflow/.local/lib/python3.12/site-packages/airflow/example_dags/example_nested_branch_dag.py
[2024-11-25T02:15:14.043+0000] {logging_mixin.py:190} INFO - [2024-11-25T02:15:14.042+0000] {dag.py:3239} INFO - Sync 1 DAGs
[2024-11-25T02:15:14.127+0000] {logging_mixin.py:190} INFO - [2024-11-25T02:15:14.126+0000] {dag.py:4180} INFO - Setting next_dagrun for example_nested_branch_dag to 2024-11-24 00:00:00+00:00, run_after=2024-11-25 00:00:00+00:00
[2024-11-25T02:15:14.489+0000] {processor.py:208} INFO - Processing /home/airflow/.local/lib/python3.12/site-packages/airflow/example_dags/example_nested_branch_dag.py took 0.816 seconds
[2024-11-25T02:15:44.625+0000] {processor.py:186} INFO - Started process (PID=2658) to work on /home/airflow/.local/lib/python3.12/site-packages/airflow/example_dags/example_nested_branch_dag.py
[2024-11-25T02:15:44.626+0000] {processor.py:914} INFO - Processing file /home/airflow/.local/lib/python3.12/site-packages/airflow/example_dags/example_nested_branch_dag.py for tasks to queue
[2024-11-25T02:15:44.630+0000] {logging_mixin.py:190} INFO - [2024-11-25T02:15:44.629+0000] {dagbag.py:588} INFO - Filling up the DagBag from /home/airflow/.local/lib/python3.12/site-packages/airflow/example_dags/example_nested_branch_dag.py
[2024-11-25T02:15:44.643+0000] {processor.py:925} INFO - DAG(s) 'example_nested_branch_dag' retrieved from /home/airflow/.local/lib/python3.12/site-packages/airflow/example_dags/example_nested_branch_dag.py
[2024-11-25T02:15:44.666+0000] {logging_mixin.py:190} INFO - [2024-11-25T02:15:44.665+0000] {dag.py:3239} INFO - Sync 1 DAGs
[2024-11-25T02:15:44.696+0000] {logging_mixin.py:190} INFO - [2024-11-25T02:15:44.696+0000] {dag.py:4180} INFO - Setting next_dagrun for example_nested_branch_dag to 2024-11-24 00:00:00+00:00, run_after=2024-11-25 00:00:00+00:00
[2024-11-25T02:15:44.716+0000] {processor.py:208} INFO - Processing /home/airflow/.local/lib/python3.12/site-packages/airflow/example_dags/example_nested_branch_dag.py took 0.097 seconds
[2024-11-25T02:16:15.270+0000] {processor.py:186} INFO - Started process (PID=2721) to work on /home/airflow/.local/lib/python3.12/site-packages/airflow/example_dags/example_nested_branch_dag.py
[2024-11-25T02:16:15.271+0000] {processor.py:914} INFO - Processing file /home/airflow/.local/lib/python3.12/site-packages/airflow/example_dags/example_nested_branch_dag.py for tasks to queue
[2024-11-25T02:16:15.272+0000] {logging_mixin.py:190} INFO - [2024-11-25T02:16:15.272+0000] {dagbag.py:588} INFO - Filling up the DagBag from /home/airflow/.local/lib/python3.12/site-packages/airflow/example_dags/example_nested_branch_dag.py
[2024-11-25T02:16:15.283+0000] {processor.py:925} INFO - DAG(s) 'example_nested_branch_dag' retrieved from /home/airflow/.local/lib/python3.12/site-packages/airflow/example_dags/example_nested_branch_dag.py
[2024-11-25T02:16:15.304+0000] {logging_mixin.py:190} INFO - [2024-11-25T02:16:15.304+0000] {dag.py:3239} INFO - Sync 1 DAGs
[2024-11-25T02:16:15.329+0000] {logging_mixin.py:190} INFO - [2024-11-25T02:16:15.329+0000] {dag.py:4180} INFO - Setting next_dagrun for example_nested_branch_dag to 2024-11-24 00:00:00+00:00, run_after=2024-11-25 00:00:00+00:00
[2024-11-25T02:16:15.349+0000] {processor.py:208} INFO - Processing /home/airflow/.local/lib/python3.12/site-packages/airflow/example_dags/example_nested_branch_dag.py took 0.306 seconds
[2024-11-25T02:16:46.029+0000] {processor.py:186} INFO - Started process (PID=2785) to work on /home/airflow/.local/lib/python3.12/site-packages/airflow/example_dags/example_nested_branch_dag.py
[2024-11-25T02:16:46.030+0000] {processor.py:914} INFO - Processing file /home/airflow/.local/lib/python3.12/site-packages/airflow/example_dags/example_nested_branch_dag.py for tasks to queue
[2024-11-25T02:16:46.038+0000] {logging_mixin.py:190} INFO - [2024-11-25T02:16:46.036+0000] {dagbag.py:588} INFO - Filling up the DagBag from /home/airflow/.local/lib/python3.12/site-packages/airflow/example_dags/example_nested_branch_dag.py
[2024-11-25T02:16:46.067+0000] {processor.py:925} INFO - DAG(s) 'example_nested_branch_dag' retrieved from /home/airflow/.local/lib/python3.12/site-packages/airflow/example_dags/example_nested_branch_dag.py
[2024-11-25T02:16:46.099+0000] {logging_mixin.py:190} INFO - [2024-11-25T02:16:46.099+0000] {dag.py:3239} INFO - Sync 1 DAGs
[2024-11-25T02:16:46.146+0000] {logging_mixin.py:190} INFO - [2024-11-25T02:16:46.145+0000] {dag.py:4180} INFO - Setting next_dagrun for example_nested_branch_dag to 2024-11-24 00:00:00+00:00, run_after=2024-11-25 00:00:00+00:00
[2024-11-25T02:16:46.183+0000] {processor.py:208} INFO - Processing /home/airflow/.local/lib/python3.12/site-packages/airflow/example_dags/example_nested_branch_dag.py took 0.162 seconds
