[2024-11-25T01:55:32.673+0000] {processor.py:186} INFO - Started process (PID=135) to work on /home/airflow/.local/lib/python3.12/site-packages/airflow/example_dags/example_branch_labels.py
[2024-11-25T01:55:32.675+0000] {processor.py:914} INFO - Processing file /home/airflow/.local/lib/python3.12/site-packages/airflow/example_dags/example_branch_labels.py for tasks to queue
[2024-11-25T01:55:32.679+0000] {logging_mixin.py:190} INFO - [2024-11-25T01:55:32.678+0000] {dagbag.py:588} INFO - Filling up the DagBag from /home/airflow/.local/lib/python3.12/site-packages/airflow/example_dags/example_branch_labels.py
[2024-11-25T01:55:32.697+0000] {processor.py:925} INFO - DAG(s) 'example_branch_labels' retrieved from /home/airflow/.local/lib/python3.12/site-packages/airflow/example_dags/example_branch_labels.py
[2024-11-25T01:55:32.739+0000] {logging_mixin.py:190} INFO - [2024-11-25T01:55:32.739+0000] {dag.py:3239} INFO - Sync 1 DAGs
[2024-11-25T01:55:32.793+0000] {logging_mixin.py:190} INFO - [2024-11-25T01:55:32.792+0000] {dag.py:4180} INFO - Setting next_dagrun for example_branch_labels to 2024-11-24 00:00:00+00:00, run_after=2024-11-25 00:00:00+00:00
[2024-11-25T01:55:32.848+0000] {processor.py:208} INFO - Processing /home/airflow/.local/lib/python3.12/site-packages/airflow/example_dags/example_branch_labels.py took 0.194 seconds
[2024-11-25T01:56:03.135+0000] {processor.py:186} INFO - Started process (PID=198) to work on /home/airflow/.local/lib/python3.12/site-packages/airflow/example_dags/example_branch_labels.py
[2024-11-25T01:56:03.137+0000] {processor.py:914} INFO - Processing file /home/airflow/.local/lib/python3.12/site-packages/airflow/example_dags/example_branch_labels.py for tasks to queue
[2024-11-25T01:56:03.140+0000] {logging_mixin.py:190} INFO - [2024-11-25T01:56:03.139+0000] {dagbag.py:588} INFO - Filling up the DagBag from /home/airflow/.local/lib/python3.12/site-packages/airflow/example_dags/example_branch_labels.py
[2024-11-25T01:56:03.149+0000] {processor.py:925} INFO - DAG(s) 'example_branch_labels' retrieved from /home/airflow/.local/lib/python3.12/site-packages/airflow/example_dags/example_branch_labels.py
[2024-11-25T01:56:03.169+0000] {logging_mixin.py:190} INFO - [2024-11-25T01:56:03.169+0000] {dag.py:3239} INFO - Sync 1 DAGs
[2024-11-25T01:56:03.193+0000] {logging_mixin.py:190} INFO - [2024-11-25T01:56:03.192+0000] {dag.py:4180} INFO - Setting next_dagrun for example_branch_labels to 2024-11-24 00:00:00+00:00, run_after=2024-11-25 00:00:00+00:00
[2024-11-25T01:56:03.211+0000] {processor.py:208} INFO - Processing /home/airflow/.local/lib/python3.12/site-packages/airflow/example_dags/example_branch_labels.py took 0.083 seconds
[2024-11-25T01:56:33.692+0000] {processor.py:186} INFO - Started process (PID=261) to work on /home/airflow/.local/lib/python3.12/site-packages/airflow/example_dags/example_branch_labels.py
[2024-11-25T01:56:33.694+0000] {processor.py:914} INFO - Processing file /home/airflow/.local/lib/python3.12/site-packages/airflow/example_dags/example_branch_labels.py for tasks to queue
[2024-11-25T01:56:33.698+0000] {logging_mixin.py:190} INFO - [2024-11-25T01:56:33.697+0000] {dagbag.py:588} INFO - Filling up the DagBag from /home/airflow/.local/lib/python3.12/site-packages/airflow/example_dags/example_branch_labels.py
[2024-11-25T01:56:33.711+0000] {processor.py:925} INFO - DAG(s) 'example_branch_labels' retrieved from /home/airflow/.local/lib/python3.12/site-packages/airflow/example_dags/example_branch_labels.py
[2024-11-25T01:56:33.736+0000] {logging_mixin.py:190} INFO - [2024-11-25T01:56:33.736+0000] {dag.py:3239} INFO - Sync 1 DAGs
[2024-11-25T01:56:33.772+0000] {logging_mixin.py:190} INFO - [2024-11-25T01:56:33.772+0000] {dag.py:4180} INFO - Setting next_dagrun for example_branch_labels to 2024-11-24 00:00:00+00:00, run_after=2024-11-25 00:00:00+00:00
[2024-11-25T01:56:33.800+0000] {processor.py:208} INFO - Processing /home/airflow/.local/lib/python3.12/site-packages/airflow/example_dags/example_branch_labels.py took 0.115 seconds
[2024-11-25T01:57:08.764+0000] {processor.py:186} INFO - Started process (PID=326) to work on /home/airflow/.local/lib/python3.12/site-packages/airflow/example_dags/example_branch_labels.py
[2024-11-25T01:57:08.765+0000] {processor.py:914} INFO - Processing file /home/airflow/.local/lib/python3.12/site-packages/airflow/example_dags/example_branch_labels.py for tasks to queue
[2024-11-25T01:57:08.768+0000] {logging_mixin.py:190} INFO - [2024-11-25T01:57:08.768+0000] {dagbag.py:588} INFO - Filling up the DagBag from /home/airflow/.local/lib/python3.12/site-packages/airflow/example_dags/example_branch_labels.py
[2024-11-25T01:57:08.778+0000] {processor.py:925} INFO - DAG(s) 'example_branch_labels' retrieved from /home/airflow/.local/lib/python3.12/site-packages/airflow/example_dags/example_branch_labels.py
[2024-11-25T01:57:08.800+0000] {logging_mixin.py:190} INFO - [2024-11-25T01:57:08.799+0000] {dag.py:3239} INFO - Sync 1 DAGs
[2024-11-25T01:57:08.826+0000] {logging_mixin.py:190} INFO - [2024-11-25T01:57:08.825+0000] {dag.py:4180} INFO - Setting next_dagrun for example_branch_labels to 2024-11-24 00:00:00+00:00, run_after=2024-11-25 00:00:00+00:00
[2024-11-25T01:57:08.892+0000] {processor.py:208} INFO - Processing /home/airflow/.local/lib/python3.12/site-packages/airflow/example_dags/example_branch_labels.py took 0.134 seconds
[2024-11-25T01:57:40.004+0000] {processor.py:186} INFO - Started process (PID=390) to work on /home/airflow/.local/lib/python3.12/site-packages/airflow/example_dags/example_branch_labels.py
[2024-11-25T01:57:40.005+0000] {processor.py:914} INFO - Processing file /home/airflow/.local/lib/python3.12/site-packages/airflow/example_dags/example_branch_labels.py for tasks to queue
[2024-11-25T01:57:40.010+0000] {logging_mixin.py:190} INFO - [2024-11-25T01:57:40.009+0000] {dagbag.py:588} INFO - Filling up the DagBag from /home/airflow/.local/lib/python3.12/site-packages/airflow/example_dags/example_branch_labels.py
[2024-11-25T01:57:40.035+0000] {processor.py:925} INFO - DAG(s) 'example_branch_labels' retrieved from /home/airflow/.local/lib/python3.12/site-packages/airflow/example_dags/example_branch_labels.py
[2024-11-25T01:57:40.086+0000] {logging_mixin.py:190} INFO - [2024-11-25T01:57:40.085+0000] {dag.py:3239} INFO - Sync 1 DAGs
[2024-11-25T01:57:40.154+0000] {logging_mixin.py:190} INFO - [2024-11-25T01:57:40.153+0000] {dag.py:4180} INFO - Setting next_dagrun for example_branch_labels to 2024-11-24 00:00:00+00:00, run_after=2024-11-25 00:00:00+00:00
[2024-11-25T01:57:40.174+0000] {processor.py:208} INFO - Processing /home/airflow/.local/lib/python3.12/site-packages/airflow/example_dags/example_branch_labels.py took 0.180 seconds
[2024-11-25T01:58:13.238+0000] {processor.py:186} INFO - Started process (PID=455) to work on /home/airflow/.local/lib/python3.12/site-packages/airflow/example_dags/example_branch_labels.py
[2024-11-25T01:58:13.239+0000] {processor.py:914} INFO - Processing file /home/airflow/.local/lib/python3.12/site-packages/airflow/example_dags/example_branch_labels.py for tasks to queue
[2024-11-25T01:58:13.242+0000] {logging_mixin.py:190} INFO - [2024-11-25T01:58:13.242+0000] {dagbag.py:588} INFO - Filling up the DagBag from /home/airflow/.local/lib/python3.12/site-packages/airflow/example_dags/example_branch_labels.py
[2024-11-25T01:58:13.258+0000] {processor.py:925} INFO - DAG(s) 'example_branch_labels' retrieved from /home/airflow/.local/lib/python3.12/site-packages/airflow/example_dags/example_branch_labels.py
[2024-11-25T01:58:13.285+0000] {logging_mixin.py:190} INFO - [2024-11-25T01:58:13.285+0000] {dag.py:3239} INFO - Sync 1 DAGs
[2024-11-25T01:58:13.321+0000] {logging_mixin.py:190} INFO - [2024-11-25T01:58:13.321+0000] {dag.py:4180} INFO - Setting next_dagrun for example_branch_labels to 2024-11-24 00:00:00+00:00, run_after=2024-11-25 00:00:00+00:00
[2024-11-25T01:58:13.347+0000] {processor.py:208} INFO - Processing /home/airflow/.local/lib/python3.12/site-packages/airflow/example_dags/example_branch_labels.py took 0.117 seconds
[2024-11-25T01:58:44.084+0000] {processor.py:186} INFO - Started process (PID=518) to work on /home/airflow/.local/lib/python3.12/site-packages/airflow/example_dags/example_branch_labels.py
[2024-11-25T01:58:44.085+0000] {processor.py:914} INFO - Processing file /home/airflow/.local/lib/python3.12/site-packages/airflow/example_dags/example_branch_labels.py for tasks to queue
[2024-11-25T01:58:44.090+0000] {logging_mixin.py:190} INFO - [2024-11-25T01:58:44.089+0000] {dagbag.py:588} INFO - Filling up the DagBag from /home/airflow/.local/lib/python3.12/site-packages/airflow/example_dags/example_branch_labels.py
[2024-11-25T01:58:44.102+0000] {processor.py:925} INFO - DAG(s) 'example_branch_labels' retrieved from /home/airflow/.local/lib/python3.12/site-packages/airflow/example_dags/example_branch_labels.py
[2024-11-25T01:58:44.129+0000] {logging_mixin.py:190} INFO - [2024-11-25T01:58:44.129+0000] {dag.py:3239} INFO - Sync 1 DAGs
[2024-11-25T01:58:44.175+0000] {logging_mixin.py:190} INFO - [2024-11-25T01:58:44.174+0000] {dag.py:4180} INFO - Setting next_dagrun for example_branch_labels to 2024-11-24 00:00:00+00:00, run_after=2024-11-25 00:00:00+00:00
[2024-11-25T01:58:44.204+0000] {processor.py:208} INFO - Processing /home/airflow/.local/lib/python3.12/site-packages/airflow/example_dags/example_branch_labels.py took 0.129 seconds
[2024-11-25T01:59:15.213+0000] {processor.py:186} INFO - Started process (PID=583) to work on /home/airflow/.local/lib/python3.12/site-packages/airflow/example_dags/example_branch_labels.py
[2024-11-25T01:59:15.214+0000] {processor.py:914} INFO - Processing file /home/airflow/.local/lib/python3.12/site-packages/airflow/example_dags/example_branch_labels.py for tasks to queue
[2024-11-25T01:59:15.217+0000] {logging_mixin.py:190} INFO - [2024-11-25T01:59:15.217+0000] {dagbag.py:588} INFO - Filling up the DagBag from /home/airflow/.local/lib/python3.12/site-packages/airflow/example_dags/example_branch_labels.py
[2024-11-25T01:59:15.228+0000] {processor.py:925} INFO - DAG(s) 'example_branch_labels' retrieved from /home/airflow/.local/lib/python3.12/site-packages/airflow/example_dags/example_branch_labels.py
[2024-11-25T01:59:15.251+0000] {logging_mixin.py:190} INFO - [2024-11-25T01:59:15.251+0000] {dag.py:3239} INFO - Sync 1 DAGs
[2024-11-25T01:59:15.276+0000] {logging_mixin.py:190} INFO - [2024-11-25T01:59:15.276+0000] {dag.py:4180} INFO - Setting next_dagrun for example_branch_labels to 2024-11-24 00:00:00+00:00, run_after=2024-11-25 00:00:00+00:00
[2024-11-25T01:59:15.292+0000] {processor.py:208} INFO - Processing /home/airflow/.local/lib/python3.12/site-packages/airflow/example_dags/example_branch_labels.py took 0.085 seconds
[2024-11-25T01:59:46.168+0000] {processor.py:186} INFO - Started process (PID=647) to work on /home/airflow/.local/lib/python3.12/site-packages/airflow/example_dags/example_branch_labels.py
[2024-11-25T01:59:46.169+0000] {processor.py:914} INFO - Processing file /home/airflow/.local/lib/python3.12/site-packages/airflow/example_dags/example_branch_labels.py for tasks to queue
[2024-11-25T01:59:46.173+0000] {logging_mixin.py:190} INFO - [2024-11-25T01:59:46.172+0000] {dagbag.py:588} INFO - Filling up the DagBag from /home/airflow/.local/lib/python3.12/site-packages/airflow/example_dags/example_branch_labels.py
[2024-11-25T01:59:46.183+0000] {processor.py:925} INFO - DAG(s) 'example_branch_labels' retrieved from /home/airflow/.local/lib/python3.12/site-packages/airflow/example_dags/example_branch_labels.py
[2024-11-25T01:59:46.206+0000] {logging_mixin.py:190} INFO - [2024-11-25T01:59:46.206+0000] {dag.py:3239} INFO - Sync 1 DAGs
[2024-11-25T01:59:46.238+0000] {logging_mixin.py:190} INFO - [2024-11-25T01:59:46.238+0000] {dag.py:4180} INFO - Setting next_dagrun for example_branch_labels to 2024-11-24 00:00:00+00:00, run_after=2024-11-25 00:00:00+00:00
[2024-11-25T01:59:46.273+0000] {processor.py:208} INFO - Processing /home/airflow/.local/lib/python3.12/site-packages/airflow/example_dags/example_branch_labels.py took 0.110 seconds
[2024-11-25T02:00:17.103+0000] {processor.py:186} INFO - Started process (PID=715) to work on /home/airflow/.local/lib/python3.12/site-packages/airflow/example_dags/example_branch_labels.py
[2024-11-25T02:00:17.104+0000] {processor.py:914} INFO - Processing file /home/airflow/.local/lib/python3.12/site-packages/airflow/example_dags/example_branch_labels.py for tasks to queue
[2024-11-25T02:00:17.107+0000] {logging_mixin.py:190} INFO - [2024-11-25T02:00:17.107+0000] {dagbag.py:588} INFO - Filling up the DagBag from /home/airflow/.local/lib/python3.12/site-packages/airflow/example_dags/example_branch_labels.py
[2024-11-25T02:00:17.121+0000] {processor.py:925} INFO - DAG(s) 'example_branch_labels' retrieved from /home/airflow/.local/lib/python3.12/site-packages/airflow/example_dags/example_branch_labels.py
[2024-11-25T02:00:17.151+0000] {logging_mixin.py:190} INFO - [2024-11-25T02:00:17.151+0000] {dag.py:3239} INFO - Sync 1 DAGs
[2024-11-25T02:00:17.191+0000] {logging_mixin.py:190} INFO - [2024-11-25T02:00:17.191+0000] {dag.py:4180} INFO - Setting next_dagrun for example_branch_labels to 2024-11-24 00:00:00+00:00, run_after=2024-11-25 00:00:00+00:00
[2024-11-25T02:00:17.212+0000] {processor.py:208} INFO - Processing /home/airflow/.local/lib/python3.12/site-packages/airflow/example_dags/example_branch_labels.py took 0.117 seconds
[2024-11-25T02:00:47.304+0000] {processor.py:186} INFO - Started process (PID=778) to work on /home/airflow/.local/lib/python3.12/site-packages/airflow/example_dags/example_branch_labels.py
[2024-11-25T02:00:47.305+0000] {processor.py:914} INFO - Processing file /home/airflow/.local/lib/python3.12/site-packages/airflow/example_dags/example_branch_labels.py for tasks to queue
[2024-11-25T02:00:47.308+0000] {logging_mixin.py:190} INFO - [2024-11-25T02:00:47.307+0000] {dagbag.py:588} INFO - Filling up the DagBag from /home/airflow/.local/lib/python3.12/site-packages/airflow/example_dags/example_branch_labels.py
[2024-11-25T02:00:47.319+0000] {processor.py:925} INFO - DAG(s) 'example_branch_labels' retrieved from /home/airflow/.local/lib/python3.12/site-packages/airflow/example_dags/example_branch_labels.py
[2024-11-25T02:00:47.346+0000] {logging_mixin.py:190} INFO - [2024-11-25T02:00:47.346+0000] {dag.py:3239} INFO - Sync 1 DAGs
[2024-11-25T02:00:47.386+0000] {logging_mixin.py:190} INFO - [2024-11-25T02:00:47.386+0000] {dag.py:4180} INFO - Setting next_dagrun for example_branch_labels to 2024-11-24 00:00:00+00:00, run_after=2024-11-25 00:00:00+00:00
[2024-11-25T02:00:47.411+0000] {processor.py:208} INFO - Processing /home/airflow/.local/lib/python3.12/site-packages/airflow/example_dags/example_branch_labels.py took 0.115 seconds
[2024-11-25T02:01:17.783+0000] {processor.py:186} INFO - Started process (PID=841) to work on /home/airflow/.local/lib/python3.12/site-packages/airflow/example_dags/example_branch_labels.py
[2024-11-25T02:01:17.784+0000] {processor.py:914} INFO - Processing file /home/airflow/.local/lib/python3.12/site-packages/airflow/example_dags/example_branch_labels.py for tasks to queue
[2024-11-25T02:01:17.786+0000] {logging_mixin.py:190} INFO - [2024-11-25T02:01:17.786+0000] {dagbag.py:588} INFO - Filling up the DagBag from /home/airflow/.local/lib/python3.12/site-packages/airflow/example_dags/example_branch_labels.py
[2024-11-25T02:01:17.796+0000] {processor.py:925} INFO - DAG(s) 'example_branch_labels' retrieved from /home/airflow/.local/lib/python3.12/site-packages/airflow/example_dags/example_branch_labels.py
[2024-11-25T02:01:17.815+0000] {logging_mixin.py:190} INFO - [2024-11-25T02:01:17.815+0000] {dag.py:3239} INFO - Sync 1 DAGs
[2024-11-25T02:01:17.837+0000] {logging_mixin.py:190} INFO - [2024-11-25T02:01:17.837+0000] {dag.py:4180} INFO - Setting next_dagrun for example_branch_labels to 2024-11-24 00:00:00+00:00, run_after=2024-11-25 00:00:00+00:00
[2024-11-25T02:01:17.856+0000] {processor.py:208} INFO - Processing /home/airflow/.local/lib/python3.12/site-packages/airflow/example_dags/example_branch_labels.py took 0.082 seconds
[2024-11-25T02:01:48.214+0000] {processor.py:186} INFO - Started process (PID=906) to work on /home/airflow/.local/lib/python3.12/site-packages/airflow/example_dags/example_branch_labels.py
[2024-11-25T02:01:48.215+0000] {processor.py:914} INFO - Processing file /home/airflow/.local/lib/python3.12/site-packages/airflow/example_dags/example_branch_labels.py for tasks to queue
[2024-11-25T02:01:48.217+0000] {logging_mixin.py:190} INFO - [2024-11-25T02:01:48.216+0000] {dagbag.py:588} INFO - Filling up the DagBag from /home/airflow/.local/lib/python3.12/site-packages/airflow/example_dags/example_branch_labels.py
[2024-11-25T02:01:48.226+0000] {processor.py:925} INFO - DAG(s) 'example_branch_labels' retrieved from /home/airflow/.local/lib/python3.12/site-packages/airflow/example_dags/example_branch_labels.py
[2024-11-25T02:01:48.247+0000] {logging_mixin.py:190} INFO - [2024-11-25T02:01:48.247+0000] {dag.py:3239} INFO - Sync 1 DAGs
[2024-11-25T02:01:48.273+0000] {logging_mixin.py:190} INFO - [2024-11-25T02:01:48.273+0000] {dag.py:4180} INFO - Setting next_dagrun for example_branch_labels to 2024-11-24 00:00:00+00:00, run_after=2024-11-25 00:00:00+00:00
[2024-11-25T02:01:48.291+0000] {processor.py:208} INFO - Processing /home/airflow/.local/lib/python3.12/site-packages/airflow/example_dags/example_branch_labels.py took 0.082 seconds
[2024-11-25T02:02:19.294+0000] {processor.py:186} INFO - Started process (PID=970) to work on /home/airflow/.local/lib/python3.12/site-packages/airflow/example_dags/example_branch_labels.py
[2024-11-25T02:02:19.295+0000] {processor.py:914} INFO - Processing file /home/airflow/.local/lib/python3.12/site-packages/airflow/example_dags/example_branch_labels.py for tasks to queue
[2024-11-25T02:02:19.297+0000] {logging_mixin.py:190} INFO - [2024-11-25T02:02:19.296+0000] {dagbag.py:588} INFO - Filling up the DagBag from /home/airflow/.local/lib/python3.12/site-packages/airflow/example_dags/example_branch_labels.py
[2024-11-25T02:02:19.306+0000] {processor.py:925} INFO - DAG(s) 'example_branch_labels' retrieved from /home/airflow/.local/lib/python3.12/site-packages/airflow/example_dags/example_branch_labels.py
[2024-11-25T02:02:19.328+0000] {logging_mixin.py:190} INFO - [2024-11-25T02:02:19.328+0000] {dag.py:3239} INFO - Sync 1 DAGs
[2024-11-25T02:02:19.361+0000] {logging_mixin.py:190} INFO - [2024-11-25T02:02:19.360+0000] {dag.py:4180} INFO - Setting next_dagrun for example_branch_labels to 2024-11-24 00:00:00+00:00, run_after=2024-11-25 00:00:00+00:00
[2024-11-25T02:02:19.379+0000] {processor.py:208} INFO - Processing /home/airflow/.local/lib/python3.12/site-packages/airflow/example_dags/example_branch_labels.py took 0.091 seconds
[2024-11-25T02:02:51.023+0000] {processor.py:186} INFO - Started process (PID=1036) to work on /home/airflow/.local/lib/python3.12/site-packages/airflow/example_dags/example_branch_labels.py
[2024-11-25T02:02:51.024+0000] {processor.py:914} INFO - Processing file /home/airflow/.local/lib/python3.12/site-packages/airflow/example_dags/example_branch_labels.py for tasks to queue
[2024-11-25T02:02:51.028+0000] {logging_mixin.py:190} INFO - [2024-11-25T02:02:51.027+0000] {dagbag.py:588} INFO - Filling up the DagBag from /home/airflow/.local/lib/python3.12/site-packages/airflow/example_dags/example_branch_labels.py
[2024-11-25T02:02:51.040+0000] {processor.py:925} INFO - DAG(s) 'example_branch_labels' retrieved from /home/airflow/.local/lib/python3.12/site-packages/airflow/example_dags/example_branch_labels.py
[2024-11-25T02:02:51.066+0000] {logging_mixin.py:190} INFO - [2024-11-25T02:02:51.065+0000] {dag.py:3239} INFO - Sync 1 DAGs
[2024-11-25T02:02:51.092+0000] {logging_mixin.py:190} INFO - [2024-11-25T02:02:51.092+0000] {dag.py:4180} INFO - Setting next_dagrun for example_branch_labels to 2024-11-24 00:00:00+00:00, run_after=2024-11-25 00:00:00+00:00
[2024-11-25T02:02:51.110+0000] {processor.py:208} INFO - Processing /home/airflow/.local/lib/python3.12/site-packages/airflow/example_dags/example_branch_labels.py took 0.097 seconds
[2024-11-25T02:03:21.738+0000] {processor.py:186} INFO - Started process (PID=1101) to work on /home/airflow/.local/lib/python3.12/site-packages/airflow/example_dags/example_branch_labels.py
[2024-11-25T02:03:21.739+0000] {processor.py:914} INFO - Processing file /home/airflow/.local/lib/python3.12/site-packages/airflow/example_dags/example_branch_labels.py for tasks to queue
[2024-11-25T02:03:21.741+0000] {logging_mixin.py:190} INFO - [2024-11-25T02:03:21.741+0000] {dagbag.py:588} INFO - Filling up the DagBag from /home/airflow/.local/lib/python3.12/site-packages/airflow/example_dags/example_branch_labels.py
[2024-11-25T02:03:21.751+0000] {processor.py:925} INFO - DAG(s) 'example_branch_labels' retrieved from /home/airflow/.local/lib/python3.12/site-packages/airflow/example_dags/example_branch_labels.py
[2024-11-25T02:03:21.771+0000] {logging_mixin.py:190} INFO - [2024-11-25T02:03:21.770+0000] {dag.py:3239} INFO - Sync 1 DAGs
[2024-11-25T02:03:21.795+0000] {logging_mixin.py:190} INFO - [2024-11-25T02:03:21.794+0000] {dag.py:4180} INFO - Setting next_dagrun for example_branch_labels to 2024-11-24 00:00:00+00:00, run_after=2024-11-25 00:00:00+00:00
[2024-11-25T02:03:21.815+0000] {processor.py:208} INFO - Processing /home/airflow/.local/lib/python3.12/site-packages/airflow/example_dags/example_branch_labels.py took 0.084 seconds
[2024-11-25T02:03:51.967+0000] {processor.py:186} INFO - Started process (PID=1165) to work on /home/airflow/.local/lib/python3.12/site-packages/airflow/example_dags/example_branch_labels.py
[2024-11-25T02:03:51.968+0000] {processor.py:914} INFO - Processing file /home/airflow/.local/lib/python3.12/site-packages/airflow/example_dags/example_branch_labels.py for tasks to queue
[2024-11-25T02:03:51.970+0000] {logging_mixin.py:190} INFO - [2024-11-25T02:03:51.969+0000] {dagbag.py:588} INFO - Filling up the DagBag from /home/airflow/.local/lib/python3.12/site-packages/airflow/example_dags/example_branch_labels.py
[2024-11-25T02:03:51.978+0000] {processor.py:925} INFO - DAG(s) 'example_branch_labels' retrieved from /home/airflow/.local/lib/python3.12/site-packages/airflow/example_dags/example_branch_labels.py
[2024-11-25T02:03:51.997+0000] {logging_mixin.py:190} INFO - [2024-11-25T02:03:51.996+0000] {dag.py:3239} INFO - Sync 1 DAGs
[2024-11-25T02:03:52.019+0000] {logging_mixin.py:190} INFO - [2024-11-25T02:03:52.019+0000] {dag.py:4180} INFO - Setting next_dagrun for example_branch_labels to 2024-11-24 00:00:00+00:00, run_after=2024-11-25 00:00:00+00:00
[2024-11-25T02:03:52.036+0000] {processor.py:208} INFO - Processing /home/airflow/.local/lib/python3.12/site-packages/airflow/example_dags/example_branch_labels.py took 0.074 seconds
[2024-11-25T02:04:22.492+0000] {processor.py:186} INFO - Started process (PID=1229) to work on /home/airflow/.local/lib/python3.12/site-packages/airflow/example_dags/example_branch_labels.py
[2024-11-25T02:04:22.493+0000] {processor.py:914} INFO - Processing file /home/airflow/.local/lib/python3.12/site-packages/airflow/example_dags/example_branch_labels.py for tasks to queue
[2024-11-25T02:04:22.496+0000] {logging_mixin.py:190} INFO - [2024-11-25T02:04:22.496+0000] {dagbag.py:588} INFO - Filling up the DagBag from /home/airflow/.local/lib/python3.12/site-packages/airflow/example_dags/example_branch_labels.py
[2024-11-25T02:04:22.511+0000] {processor.py:925} INFO - DAG(s) 'example_branch_labels' retrieved from /home/airflow/.local/lib/python3.12/site-packages/airflow/example_dags/example_branch_labels.py
[2024-11-25T02:04:22.544+0000] {logging_mixin.py:190} INFO - [2024-11-25T02:04:22.543+0000] {dag.py:3239} INFO - Sync 1 DAGs
[2024-11-25T02:04:22.584+0000] {logging_mixin.py:190} INFO - [2024-11-25T02:04:22.583+0000] {dag.py:4180} INFO - Setting next_dagrun for example_branch_labels to 2024-11-24 00:00:00+00:00, run_after=2024-11-25 00:00:00+00:00
[2024-11-25T02:04:22.609+0000] {processor.py:208} INFO - Processing /home/airflow/.local/lib/python3.12/site-packages/airflow/example_dags/example_branch_labels.py took 0.127 seconds
[2024-11-25T02:04:52.813+0000] {processor.py:186} INFO - Started process (PID=1293) to work on /home/airflow/.local/lib/python3.12/site-packages/airflow/example_dags/example_branch_labels.py
[2024-11-25T02:04:52.813+0000] {processor.py:914} INFO - Processing file /home/airflow/.local/lib/python3.12/site-packages/airflow/example_dags/example_branch_labels.py for tasks to queue
[2024-11-25T02:04:52.816+0000] {logging_mixin.py:190} INFO - [2024-11-25T02:04:52.815+0000] {dagbag.py:588} INFO - Filling up the DagBag from /home/airflow/.local/lib/python3.12/site-packages/airflow/example_dags/example_branch_labels.py
[2024-11-25T02:04:52.824+0000] {processor.py:925} INFO - DAG(s) 'example_branch_labels' retrieved from /home/airflow/.local/lib/python3.12/site-packages/airflow/example_dags/example_branch_labels.py
[2024-11-25T02:04:52.842+0000] {logging_mixin.py:190} INFO - [2024-11-25T02:04:52.842+0000] {dag.py:3239} INFO - Sync 1 DAGs
[2024-11-25T02:04:52.870+0000] {logging_mixin.py:190} INFO - [2024-11-25T02:04:52.869+0000] {dag.py:4180} INFO - Setting next_dagrun for example_branch_labels to 2024-11-24 00:00:00+00:00, run_after=2024-11-25 00:00:00+00:00
[2024-11-25T02:04:52.888+0000] {processor.py:208} INFO - Processing /home/airflow/.local/lib/python3.12/site-packages/airflow/example_dags/example_branch_labels.py took 0.080 seconds
[2024-11-25T02:05:23.442+0000] {processor.py:186} INFO - Started process (PID=1357) to work on /home/airflow/.local/lib/python3.12/site-packages/airflow/example_dags/example_branch_labels.py
[2024-11-25T02:05:23.443+0000] {processor.py:914} INFO - Processing file /home/airflow/.local/lib/python3.12/site-packages/airflow/example_dags/example_branch_labels.py for tasks to queue
[2024-11-25T02:05:23.446+0000] {logging_mixin.py:190} INFO - [2024-11-25T02:05:23.445+0000] {dagbag.py:588} INFO - Filling up the DagBag from /home/airflow/.local/lib/python3.12/site-packages/airflow/example_dags/example_branch_labels.py
[2024-11-25T02:05:23.454+0000] {processor.py:925} INFO - DAG(s) 'example_branch_labels' retrieved from /home/airflow/.local/lib/python3.12/site-packages/airflow/example_dags/example_branch_labels.py
[2024-11-25T02:05:23.474+0000] {logging_mixin.py:190} INFO - [2024-11-25T02:05:23.474+0000] {dag.py:3239} INFO - Sync 1 DAGs
[2024-11-25T02:05:23.502+0000] {logging_mixin.py:190} INFO - [2024-11-25T02:05:23.502+0000] {dag.py:4180} INFO - Setting next_dagrun for example_branch_labels to 2024-11-24 00:00:00+00:00, run_after=2024-11-25 00:00:00+00:00
[2024-11-25T02:05:23.519+0000] {processor.py:208} INFO - Processing /home/airflow/.local/lib/python3.12/site-packages/airflow/example_dags/example_branch_labels.py took 0.082 seconds
[2024-11-25T02:05:53.794+0000] {processor.py:186} INFO - Started process (PID=1421) to work on /home/airflow/.local/lib/python3.12/site-packages/airflow/example_dags/example_branch_labels.py
[2024-11-25T02:05:53.795+0000] {processor.py:914} INFO - Processing file /home/airflow/.local/lib/python3.12/site-packages/airflow/example_dags/example_branch_labels.py for tasks to queue
[2024-11-25T02:05:53.798+0000] {logging_mixin.py:190} INFO - [2024-11-25T02:05:53.797+0000] {dagbag.py:588} INFO - Filling up the DagBag from /home/airflow/.local/lib/python3.12/site-packages/airflow/example_dags/example_branch_labels.py
[2024-11-25T02:05:53.808+0000] {processor.py:925} INFO - DAG(s) 'example_branch_labels' retrieved from /home/airflow/.local/lib/python3.12/site-packages/airflow/example_dags/example_branch_labels.py
[2024-11-25T02:05:53.828+0000] {logging_mixin.py:190} INFO - [2024-11-25T02:05:53.827+0000] {dag.py:3239} INFO - Sync 1 DAGs
[2024-11-25T02:05:53.853+0000] {logging_mixin.py:190} INFO - [2024-11-25T02:05:53.852+0000] {dag.py:4180} INFO - Setting next_dagrun for example_branch_labels to 2024-11-24 00:00:00+00:00, run_after=2024-11-25 00:00:00+00:00
[2024-11-25T02:05:53.872+0000] {processor.py:208} INFO - Processing /home/airflow/.local/lib/python3.12/site-packages/airflow/example_dags/example_branch_labels.py took 0.084 seconds
[2024-11-25T02:06:24.429+0000] {processor.py:186} INFO - Started process (PID=1485) to work on /home/airflow/.local/lib/python3.12/site-packages/airflow/example_dags/example_branch_labels.py
[2024-11-25T02:06:24.431+0000] {processor.py:914} INFO - Processing file /home/airflow/.local/lib/python3.12/site-packages/airflow/example_dags/example_branch_labels.py for tasks to queue
[2024-11-25T02:06:24.434+0000] {logging_mixin.py:190} INFO - [2024-11-25T02:06:24.434+0000] {dagbag.py:588} INFO - Filling up the DagBag from /home/airflow/.local/lib/python3.12/site-packages/airflow/example_dags/example_branch_labels.py
[2024-11-25T02:06:24.451+0000] {processor.py:925} INFO - DAG(s) 'example_branch_labels' retrieved from /home/airflow/.local/lib/python3.12/site-packages/airflow/example_dags/example_branch_labels.py
[2024-11-25T02:06:24.485+0000] {logging_mixin.py:190} INFO - [2024-11-25T02:06:24.484+0000] {dag.py:3239} INFO - Sync 1 DAGs
[2024-11-25T02:06:24.523+0000] {logging_mixin.py:190} INFO - [2024-11-25T02:06:24.522+0000] {dag.py:4180} INFO - Setting next_dagrun for example_branch_labels to 2024-11-24 00:00:00+00:00, run_after=2024-11-25 00:00:00+00:00
[2024-11-25T02:06:24.544+0000] {processor.py:208} INFO - Processing /home/airflow/.local/lib/python3.12/site-packages/airflow/example_dags/example_branch_labels.py took 0.125 seconds
[2024-11-25T02:06:54.754+0000] {processor.py:186} INFO - Started process (PID=1550) to work on /home/airflow/.local/lib/python3.12/site-packages/airflow/example_dags/example_branch_labels.py
[2024-11-25T02:06:54.755+0000] {processor.py:914} INFO - Processing file /home/airflow/.local/lib/python3.12/site-packages/airflow/example_dags/example_branch_labels.py for tasks to queue
[2024-11-25T02:06:54.757+0000] {logging_mixin.py:190} INFO - [2024-11-25T02:06:54.757+0000] {dagbag.py:588} INFO - Filling up the DagBag from /home/airflow/.local/lib/python3.12/site-packages/airflow/example_dags/example_branch_labels.py
[2024-11-25T02:06:54.767+0000] {processor.py:925} INFO - DAG(s) 'example_branch_labels' retrieved from /home/airflow/.local/lib/python3.12/site-packages/airflow/example_dags/example_branch_labels.py
[2024-11-25T02:06:54.791+0000] {logging_mixin.py:190} INFO - [2024-11-25T02:06:54.791+0000] {dag.py:3239} INFO - Sync 1 DAGs
[2024-11-25T02:06:54.821+0000] {logging_mixin.py:190} INFO - [2024-11-25T02:06:54.821+0000] {dag.py:4180} INFO - Setting next_dagrun for example_branch_labels to 2024-11-24 00:00:00+00:00, run_after=2024-11-25 00:00:00+00:00
[2024-11-25T02:06:54.846+0000] {processor.py:208} INFO - Processing /home/airflow/.local/lib/python3.12/site-packages/airflow/example_dags/example_branch_labels.py took 0.097 seconds
[2024-11-25T02:07:25.091+0000] {processor.py:186} INFO - Started process (PID=1614) to work on /home/airflow/.local/lib/python3.12/site-packages/airflow/example_dags/example_branch_labels.py
[2024-11-25T02:07:25.092+0000] {processor.py:914} INFO - Processing file /home/airflow/.local/lib/python3.12/site-packages/airflow/example_dags/example_branch_labels.py for tasks to queue
[2024-11-25T02:07:25.094+0000] {logging_mixin.py:190} INFO - [2024-11-25T02:07:25.094+0000] {dagbag.py:588} INFO - Filling up the DagBag from /home/airflow/.local/lib/python3.12/site-packages/airflow/example_dags/example_branch_labels.py
[2024-11-25T02:07:25.110+0000] {processor.py:925} INFO - DAG(s) 'example_branch_labels' retrieved from /home/airflow/.local/lib/python3.12/site-packages/airflow/example_dags/example_branch_labels.py
[2024-11-25T02:07:25.140+0000] {logging_mixin.py:190} INFO - [2024-11-25T02:07:25.140+0000] {dag.py:3239} INFO - Sync 1 DAGs
[2024-11-25T02:07:25.180+0000] {logging_mixin.py:190} INFO - [2024-11-25T02:07:25.179+0000] {dag.py:4180} INFO - Setting next_dagrun for example_branch_labels to 2024-11-24 00:00:00+00:00, run_after=2024-11-25 00:00:00+00:00
[2024-11-25T02:07:25.207+0000] {processor.py:208} INFO - Processing /home/airflow/.local/lib/python3.12/site-packages/airflow/example_dags/example_branch_labels.py took 0.125 seconds
[2024-11-25T02:07:56.107+0000] {processor.py:186} INFO - Started process (PID=1678) to work on /home/airflow/.local/lib/python3.12/site-packages/airflow/example_dags/example_branch_labels.py
[2024-11-25T02:07:56.108+0000] {processor.py:914} INFO - Processing file /home/airflow/.local/lib/python3.12/site-packages/airflow/example_dags/example_branch_labels.py for tasks to queue
[2024-11-25T02:07:56.111+0000] {logging_mixin.py:190} INFO - [2024-11-25T02:07:56.111+0000] {dagbag.py:588} INFO - Filling up the DagBag from /home/airflow/.local/lib/python3.12/site-packages/airflow/example_dags/example_branch_labels.py
[2024-11-25T02:07:56.124+0000] {processor.py:925} INFO - DAG(s) 'example_branch_labels' retrieved from /home/airflow/.local/lib/python3.12/site-packages/airflow/example_dags/example_branch_labels.py
[2024-11-25T02:07:56.151+0000] {logging_mixin.py:190} INFO - [2024-11-25T02:07:56.150+0000] {dag.py:3239} INFO - Sync 1 DAGs
[2024-11-25T02:07:56.181+0000] {logging_mixin.py:190} INFO - [2024-11-25T02:07:56.181+0000] {dag.py:4180} INFO - Setting next_dagrun for example_branch_labels to 2024-11-24 00:00:00+00:00, run_after=2024-11-25 00:00:00+00:00
[2024-11-25T02:07:56.205+0000] {processor.py:208} INFO - Processing /home/airflow/.local/lib/python3.12/site-packages/airflow/example_dags/example_branch_labels.py took 0.106 seconds
[2024-11-25T02:08:26.765+0000] {processor.py:186} INFO - Started process (PID=1742) to work on /home/airflow/.local/lib/python3.12/site-packages/airflow/example_dags/example_branch_labels.py
[2024-11-25T02:08:26.766+0000] {processor.py:914} INFO - Processing file /home/airflow/.local/lib/python3.12/site-packages/airflow/example_dags/example_branch_labels.py for tasks to queue
[2024-11-25T02:08:26.770+0000] {logging_mixin.py:190} INFO - [2024-11-25T02:08:26.769+0000] {dagbag.py:588} INFO - Filling up the DagBag from /home/airflow/.local/lib/python3.12/site-packages/airflow/example_dags/example_branch_labels.py
[2024-11-25T02:08:26.785+0000] {processor.py:925} INFO - DAG(s) 'example_branch_labels' retrieved from /home/airflow/.local/lib/python3.12/site-packages/airflow/example_dags/example_branch_labels.py
[2024-11-25T02:08:26.821+0000] {logging_mixin.py:190} INFO - [2024-11-25T02:08:26.820+0000] {dag.py:3239} INFO - Sync 1 DAGs
[2024-11-25T02:08:26.869+0000] {logging_mixin.py:190} INFO - [2024-11-25T02:08:26.869+0000] {dag.py:4180} INFO - Setting next_dagrun for example_branch_labels to 2024-11-24 00:00:00+00:00, run_after=2024-11-25 00:00:00+00:00
[2024-11-25T02:08:26.903+0000] {processor.py:208} INFO - Processing /home/airflow/.local/lib/python3.12/site-packages/airflow/example_dags/example_branch_labels.py took 0.147 seconds
[2024-11-25T02:08:57.134+0000] {processor.py:186} INFO - Started process (PID=1805) to work on /home/airflow/.local/lib/python3.12/site-packages/airflow/example_dags/example_branch_labels.py
[2024-11-25T02:08:57.136+0000] {processor.py:914} INFO - Processing file /home/airflow/.local/lib/python3.12/site-packages/airflow/example_dags/example_branch_labels.py for tasks to queue
[2024-11-25T02:08:57.139+0000] {logging_mixin.py:190} INFO - [2024-11-25T02:08:57.138+0000] {dagbag.py:588} INFO - Filling up the DagBag from /home/airflow/.local/lib/python3.12/site-packages/airflow/example_dags/example_branch_labels.py
[2024-11-25T02:08:57.150+0000] {processor.py:925} INFO - DAG(s) 'example_branch_labels' retrieved from /home/airflow/.local/lib/python3.12/site-packages/airflow/example_dags/example_branch_labels.py
[2024-11-25T02:08:57.172+0000] {logging_mixin.py:190} INFO - [2024-11-25T02:08:57.172+0000] {dag.py:3239} INFO - Sync 1 DAGs
[2024-11-25T02:08:57.202+0000] {logging_mixin.py:190} INFO - [2024-11-25T02:08:57.201+0000] {dag.py:4180} INFO - Setting next_dagrun for example_branch_labels to 2024-11-24 00:00:00+00:00, run_after=2024-11-25 00:00:00+00:00
[2024-11-25T02:08:57.222+0000] {processor.py:208} INFO - Processing /home/airflow/.local/lib/python3.12/site-packages/airflow/example_dags/example_branch_labels.py took 0.095 seconds
[2024-11-25T02:09:27.682+0000] {processor.py:186} INFO - Started process (PID=1869) to work on /home/airflow/.local/lib/python3.12/site-packages/airflow/example_dags/example_branch_labels.py
[2024-11-25T02:09:27.683+0000] {processor.py:914} INFO - Processing file /home/airflow/.local/lib/python3.12/site-packages/airflow/example_dags/example_branch_labels.py for tasks to queue
[2024-11-25T02:09:27.686+0000] {logging_mixin.py:190} INFO - [2024-11-25T02:09:27.686+0000] {dagbag.py:588} INFO - Filling up the DagBag from /home/airflow/.local/lib/python3.12/site-packages/airflow/example_dags/example_branch_labels.py
[2024-11-25T02:09:27.698+0000] {processor.py:925} INFO - DAG(s) 'example_branch_labels' retrieved from /home/airflow/.local/lib/python3.12/site-packages/airflow/example_dags/example_branch_labels.py
[2024-11-25T02:09:27.719+0000] {logging_mixin.py:190} INFO - [2024-11-25T02:09:27.719+0000] {dag.py:3239} INFO - Sync 1 DAGs
[2024-11-25T02:09:27.744+0000] {logging_mixin.py:190} INFO - [2024-11-25T02:09:27.743+0000] {dag.py:4180} INFO - Setting next_dagrun for example_branch_labels to 2024-11-24 00:00:00+00:00, run_after=2024-11-25 00:00:00+00:00
[2024-11-25T02:09:27.762+0000] {processor.py:208} INFO - Processing /home/airflow/.local/lib/python3.12/site-packages/airflow/example_dags/example_branch_labels.py took 0.088 seconds
[2024-11-25T02:09:57.959+0000] {processor.py:186} INFO - Started process (PID=1933) to work on /home/airflow/.local/lib/python3.12/site-packages/airflow/example_dags/example_branch_labels.py
[2024-11-25T02:09:57.960+0000] {processor.py:914} INFO - Processing file /home/airflow/.local/lib/python3.12/site-packages/airflow/example_dags/example_branch_labels.py for tasks to queue
[2024-11-25T02:09:57.963+0000] {logging_mixin.py:190} INFO - [2024-11-25T02:09:57.962+0000] {dagbag.py:588} INFO - Filling up the DagBag from /home/airflow/.local/lib/python3.12/site-packages/airflow/example_dags/example_branch_labels.py
[2024-11-25T02:09:57.976+0000] {processor.py:925} INFO - DAG(s) 'example_branch_labels' retrieved from /home/airflow/.local/lib/python3.12/site-packages/airflow/example_dags/example_branch_labels.py
[2024-11-25T02:09:57.998+0000] {logging_mixin.py:190} INFO - [2024-11-25T02:09:57.998+0000] {dag.py:3239} INFO - Sync 1 DAGs
[2024-11-25T02:09:58.041+0000] {logging_mixin.py:190} INFO - [2024-11-25T02:09:58.038+0000] {dag.py:4180} INFO - Setting next_dagrun for example_branch_labels to 2024-11-24 00:00:00+00:00, run_after=2024-11-25 00:00:00+00:00
[2024-11-25T02:09:58.073+0000] {processor.py:208} INFO - Processing /home/airflow/.local/lib/python3.12/site-packages/airflow/example_dags/example_branch_labels.py took 0.120 seconds
[2024-11-25T02:10:29.094+0000] {processor.py:186} INFO - Started process (PID=1997) to work on /home/airflow/.local/lib/python3.12/site-packages/airflow/example_dags/example_branch_labels.py
[2024-11-25T02:10:29.096+0000] {processor.py:914} INFO - Processing file /home/airflow/.local/lib/python3.12/site-packages/airflow/example_dags/example_branch_labels.py for tasks to queue
[2024-11-25T02:10:29.109+0000] {logging_mixin.py:190} INFO - [2024-11-25T02:10:29.106+0000] {dagbag.py:588} INFO - Filling up the DagBag from /home/airflow/.local/lib/python3.12/site-packages/airflow/example_dags/example_branch_labels.py
[2024-11-25T02:10:29.152+0000] {processor.py:925} INFO - DAG(s) 'example_branch_labels' retrieved from /home/airflow/.local/lib/python3.12/site-packages/airflow/example_dags/example_branch_labels.py
[2024-11-25T02:10:29.252+0000] {logging_mixin.py:190} INFO - [2024-11-25T02:10:29.251+0000] {dag.py:3239} INFO - Sync 1 DAGs
[2024-11-25T02:10:29.319+0000] {logging_mixin.py:190} INFO - [2024-11-25T02:10:29.319+0000] {dag.py:4180} INFO - Setting next_dagrun for example_branch_labels to 2024-11-24 00:00:00+00:00, run_after=2024-11-25 00:00:00+00:00
[2024-11-25T02:10:29.346+0000] {processor.py:208} INFO - Processing /home/airflow/.local/lib/python3.12/site-packages/airflow/example_dags/example_branch_labels.py took 0.268 seconds
[2024-11-25T02:10:59.423+0000] {processor.py:186} INFO - Started process (PID=2061) to work on /home/airflow/.local/lib/python3.12/site-packages/airflow/example_dags/example_branch_labels.py
[2024-11-25T02:10:59.424+0000] {processor.py:914} INFO - Processing file /home/airflow/.local/lib/python3.12/site-packages/airflow/example_dags/example_branch_labels.py for tasks to queue
[2024-11-25T02:10:59.426+0000] {logging_mixin.py:190} INFO - [2024-11-25T02:10:59.426+0000] {dagbag.py:588} INFO - Filling up the DagBag from /home/airflow/.local/lib/python3.12/site-packages/airflow/example_dags/example_branch_labels.py
[2024-11-25T02:10:59.438+0000] {processor.py:925} INFO - DAG(s) 'example_branch_labels' retrieved from /home/airflow/.local/lib/python3.12/site-packages/airflow/example_dags/example_branch_labels.py
[2024-11-25T02:10:59.480+0000] {logging_mixin.py:190} INFO - [2024-11-25T02:10:59.479+0000] {dag.py:3239} INFO - Sync 1 DAGs
[2024-11-25T02:10:59.579+0000] {logging_mixin.py:190} INFO - [2024-11-25T02:10:59.577+0000] {dag.py:4180} INFO - Setting next_dagrun for example_branch_labels to 2024-11-24 00:00:00+00:00, run_after=2024-11-25 00:00:00+00:00
[2024-11-25T02:10:59.638+0000] {processor.py:208} INFO - Processing /home/airflow/.local/lib/python3.12/site-packages/airflow/example_dags/example_branch_labels.py took 0.221 seconds
[2024-11-25T02:11:30.350+0000] {processor.py:186} INFO - Started process (PID=2126) to work on /home/airflow/.local/lib/python3.12/site-packages/airflow/example_dags/example_branch_labels.py
[2024-11-25T02:11:30.351+0000] {processor.py:914} INFO - Processing file /home/airflow/.local/lib/python3.12/site-packages/airflow/example_dags/example_branch_labels.py for tasks to queue
[2024-11-25T02:11:30.353+0000] {logging_mixin.py:190} INFO - [2024-11-25T02:11:30.353+0000] {dagbag.py:588} INFO - Filling up the DagBag from /home/airflow/.local/lib/python3.12/site-packages/airflow/example_dags/example_branch_labels.py
[2024-11-25T02:11:30.363+0000] {processor.py:925} INFO - DAG(s) 'example_branch_labels' retrieved from /home/airflow/.local/lib/python3.12/site-packages/airflow/example_dags/example_branch_labels.py
[2024-11-25T02:11:30.386+0000] {logging_mixin.py:190} INFO - [2024-11-25T02:11:30.385+0000] {dag.py:3239} INFO - Sync 1 DAGs
[2024-11-25T02:11:30.422+0000] {logging_mixin.py:190} INFO - [2024-11-25T02:11:30.421+0000] {dag.py:4180} INFO - Setting next_dagrun for example_branch_labels to 2024-11-24 00:00:00+00:00, run_after=2024-11-25 00:00:00+00:00
[2024-11-25T02:11:30.444+0000] {processor.py:208} INFO - Processing /home/airflow/.local/lib/python3.12/site-packages/airflow/example_dags/example_branch_labels.py took 0.100 seconds
[2024-11-25T02:12:01.336+0000] {processor.py:186} INFO - Started process (PID=2190) to work on /home/airflow/.local/lib/python3.12/site-packages/airflow/example_dags/example_branch_labels.py
[2024-11-25T02:12:01.337+0000] {processor.py:914} INFO - Processing file /home/airflow/.local/lib/python3.12/site-packages/airflow/example_dags/example_branch_labels.py for tasks to queue
[2024-11-25T02:12:01.339+0000] {logging_mixin.py:190} INFO - [2024-11-25T02:12:01.339+0000] {dagbag.py:588} INFO - Filling up the DagBag from /home/airflow/.local/lib/python3.12/site-packages/airflow/example_dags/example_branch_labels.py
[2024-11-25T02:12:01.350+0000] {processor.py:925} INFO - DAG(s) 'example_branch_labels' retrieved from /home/airflow/.local/lib/python3.12/site-packages/airflow/example_dags/example_branch_labels.py
[2024-11-25T02:12:01.371+0000] {logging_mixin.py:190} INFO - [2024-11-25T02:12:01.371+0000] {dag.py:3239} INFO - Sync 1 DAGs
[2024-11-25T02:12:01.399+0000] {logging_mixin.py:190} INFO - [2024-11-25T02:12:01.399+0000] {dag.py:4180} INFO - Setting next_dagrun for example_branch_labels to 2024-11-24 00:00:00+00:00, run_after=2024-11-25 00:00:00+00:00
[2024-11-25T02:12:01.427+0000] {processor.py:208} INFO - Processing /home/airflow/.local/lib/python3.12/site-packages/airflow/example_dags/example_branch_labels.py took 0.098 seconds
[2024-11-25T02:12:31.723+0000] {processor.py:186} INFO - Started process (PID=2254) to work on /home/airflow/.local/lib/python3.12/site-packages/airflow/example_dags/example_branch_labels.py
[2024-11-25T02:12:31.724+0000] {processor.py:914} INFO - Processing file /home/airflow/.local/lib/python3.12/site-packages/airflow/example_dags/example_branch_labels.py for tasks to queue
[2024-11-25T02:12:31.727+0000] {logging_mixin.py:190} INFO - [2024-11-25T02:12:31.727+0000] {dagbag.py:588} INFO - Filling up the DagBag from /home/airflow/.local/lib/python3.12/site-packages/airflow/example_dags/example_branch_labels.py
[2024-11-25T02:12:31.743+0000] {processor.py:925} INFO - DAG(s) 'example_branch_labels' retrieved from /home/airflow/.local/lib/python3.12/site-packages/airflow/example_dags/example_branch_labels.py
[2024-11-25T02:12:31.777+0000] {logging_mixin.py:190} INFO - [2024-11-25T02:12:31.776+0000] {dag.py:3239} INFO - Sync 1 DAGs
[2024-11-25T02:12:31.829+0000] {logging_mixin.py:190} INFO - [2024-11-25T02:12:31.828+0000] {dag.py:4180} INFO - Setting next_dagrun for example_branch_labels to 2024-11-24 00:00:00+00:00, run_after=2024-11-25 00:00:00+00:00
[2024-11-25T02:12:31.868+0000] {processor.py:208} INFO - Processing /home/airflow/.local/lib/python3.12/site-packages/airflow/example_dags/example_branch_labels.py took 0.152 seconds
[2024-11-25T02:13:02.043+0000] {processor.py:186} INFO - Started process (PID=2318) to work on /home/airflow/.local/lib/python3.12/site-packages/airflow/example_dags/example_branch_labels.py
[2024-11-25T02:13:02.044+0000] {processor.py:914} INFO - Processing file /home/airflow/.local/lib/python3.12/site-packages/airflow/example_dags/example_branch_labels.py for tasks to queue
[2024-11-25T02:13:02.050+0000] {logging_mixin.py:190} INFO - [2024-11-25T02:13:02.049+0000] {dagbag.py:588} INFO - Filling up the DagBag from /home/airflow/.local/lib/python3.12/site-packages/airflow/example_dags/example_branch_labels.py
[2024-11-25T02:13:02.067+0000] {processor.py:925} INFO - DAG(s) 'example_branch_labels' retrieved from /home/airflow/.local/lib/python3.12/site-packages/airflow/example_dags/example_branch_labels.py
[2024-11-25T02:13:02.106+0000] {logging_mixin.py:190} INFO - [2024-11-25T02:13:02.106+0000] {dag.py:3239} INFO - Sync 1 DAGs
[2024-11-25T02:13:02.147+0000] {logging_mixin.py:190} INFO - [2024-11-25T02:13:02.147+0000] {dag.py:4180} INFO - Setting next_dagrun for example_branch_labels to 2024-11-24 00:00:00+00:00, run_after=2024-11-25 00:00:00+00:00
[2024-11-25T02:13:02.167+0000] {processor.py:208} INFO - Processing /home/airflow/.local/lib/python3.12/site-packages/airflow/example_dags/example_branch_labels.py took 0.135 seconds
[2024-11-25T02:13:32.837+0000] {processor.py:186} INFO - Started process (PID=2382) to work on /home/airflow/.local/lib/python3.12/site-packages/airflow/example_dags/example_branch_labels.py
[2024-11-25T02:13:32.838+0000] {processor.py:914} INFO - Processing file /home/airflow/.local/lib/python3.12/site-packages/airflow/example_dags/example_branch_labels.py for tasks to queue
[2024-11-25T02:13:32.841+0000] {logging_mixin.py:190} INFO - [2024-11-25T02:13:32.841+0000] {dagbag.py:588} INFO - Filling up the DagBag from /home/airflow/.local/lib/python3.12/site-packages/airflow/example_dags/example_branch_labels.py
[2024-11-25T02:13:32.853+0000] {processor.py:925} INFO - DAG(s) 'example_branch_labels' retrieved from /home/airflow/.local/lib/python3.12/site-packages/airflow/example_dags/example_branch_labels.py
[2024-11-25T02:13:32.876+0000] {logging_mixin.py:190} INFO - [2024-11-25T02:13:32.875+0000] {dag.py:3239} INFO - Sync 1 DAGs
[2024-11-25T02:13:32.907+0000] {logging_mixin.py:190} INFO - [2024-11-25T02:13:32.907+0000] {dag.py:4180} INFO - Setting next_dagrun for example_branch_labels to 2024-11-24 00:00:00+00:00, run_after=2024-11-25 00:00:00+00:00
[2024-11-25T02:13:33.162+0000] {processor.py:208} INFO - Processing /home/airflow/.local/lib/python3.12/site-packages/airflow/example_dags/example_branch_labels.py took 0.331 seconds
[2024-11-25T02:14:03.657+0000] {processor.py:186} INFO - Started process (PID=2447) to work on /home/airflow/.local/lib/python3.12/site-packages/airflow/example_dags/example_branch_labels.py
[2024-11-25T02:14:03.659+0000] {processor.py:914} INFO - Processing file /home/airflow/.local/lib/python3.12/site-packages/airflow/example_dags/example_branch_labels.py for tasks to queue
[2024-11-25T02:14:03.663+0000] {logging_mixin.py:190} INFO - [2024-11-25T02:14:03.663+0000] {dagbag.py:588} INFO - Filling up the DagBag from /home/airflow/.local/lib/python3.12/site-packages/airflow/example_dags/example_branch_labels.py
[2024-11-25T02:14:03.679+0000] {processor.py:925} INFO - DAG(s) 'example_branch_labels' retrieved from /home/airflow/.local/lib/python3.12/site-packages/airflow/example_dags/example_branch_labels.py
[2024-11-25T02:14:03.714+0000] {logging_mixin.py:190} INFO - [2024-11-25T02:14:03.714+0000] {dag.py:3239} INFO - Sync 1 DAGs
[2024-11-25T02:14:03.768+0000] {logging_mixin.py:190} INFO - [2024-11-25T02:14:03.768+0000] {dag.py:4180} INFO - Setting next_dagrun for example_branch_labels to 2024-11-24 00:00:00+00:00, run_after=2024-11-25 00:00:00+00:00
[2024-11-25T02:14:04.093+0000] {processor.py:208} INFO - Processing /home/airflow/.local/lib/python3.12/site-packages/airflow/example_dags/example_branch_labels.py took 0.444 seconds
[2024-11-25T02:14:34.445+0000] {processor.py:186} INFO - Started process (PID=2511) to work on /home/airflow/.local/lib/python3.12/site-packages/airflow/example_dags/example_branch_labels.py
[2024-11-25T02:14:34.446+0000] {processor.py:914} INFO - Processing file /home/airflow/.local/lib/python3.12/site-packages/airflow/example_dags/example_branch_labels.py for tasks to queue
[2024-11-25T02:14:34.448+0000] {logging_mixin.py:190} INFO - [2024-11-25T02:14:34.448+0000] {dagbag.py:588} INFO - Filling up the DagBag from /home/airflow/.local/lib/python3.12/site-packages/airflow/example_dags/example_branch_labels.py
[2024-11-25T02:14:34.462+0000] {processor.py:925} INFO - DAG(s) 'example_branch_labels' retrieved from /home/airflow/.local/lib/python3.12/site-packages/airflow/example_dags/example_branch_labels.py
[2024-11-25T02:14:34.485+0000] {logging_mixin.py:190} INFO - [2024-11-25T02:14:34.484+0000] {dag.py:3239} INFO - Sync 1 DAGs
[2024-11-25T02:14:34.512+0000] {logging_mixin.py:190} INFO - [2024-11-25T02:14:34.512+0000] {dag.py:4180} INFO - Setting next_dagrun for example_branch_labels to 2024-11-24 00:00:00+00:00, run_after=2024-11-25 00:00:00+00:00
[2024-11-25T02:14:34.539+0000] {processor.py:208} INFO - Processing /home/airflow/.local/lib/python3.12/site-packages/airflow/example_dags/example_branch_labels.py took 0.100 seconds
[2024-11-25T02:15:04.953+0000] {processor.py:186} INFO - Started process (PID=2582) to work on /home/airflow/.local/lib/python3.12/site-packages/airflow/example_dags/example_branch_labels.py
[2024-11-25T02:15:04.954+0000] {processor.py:914} INFO - Processing file /home/airflow/.local/lib/python3.12/site-packages/airflow/example_dags/example_branch_labels.py for tasks to queue
[2024-11-25T02:15:04.957+0000] {logging_mixin.py:190} INFO - [2024-11-25T02:15:04.957+0000] {dagbag.py:588} INFO - Filling up the DagBag from /home/airflow/.local/lib/python3.12/site-packages/airflow/example_dags/example_branch_labels.py
[2024-11-25T02:15:04.969+0000] {processor.py:925} INFO - DAG(s) 'example_branch_labels' retrieved from /home/airflow/.local/lib/python3.12/site-packages/airflow/example_dags/example_branch_labels.py
[2024-11-25T02:15:04.994+0000] {logging_mixin.py:190} INFO - [2024-11-25T02:15:04.994+0000] {dag.py:3239} INFO - Sync 1 DAGs
[2024-11-25T02:15:05.024+0000] {logging_mixin.py:190} INFO - [2024-11-25T02:15:05.024+0000] {dag.py:4180} INFO - Setting next_dagrun for example_branch_labels to 2024-11-24 00:00:00+00:00, run_after=2024-11-25 00:00:00+00:00
[2024-11-25T02:15:05.044+0000] {processor.py:208} INFO - Processing /home/airflow/.local/lib/python3.12/site-packages/airflow/example_dags/example_branch_labels.py took 0.097 seconds
[2024-11-25T02:15:35.746+0000] {processor.py:186} INFO - Started process (PID=2646) to work on /home/airflow/.local/lib/python3.12/site-packages/airflow/example_dags/example_branch_labels.py
[2024-11-25T02:15:35.747+0000] {processor.py:914} INFO - Processing file /home/airflow/.local/lib/python3.12/site-packages/airflow/example_dags/example_branch_labels.py for tasks to queue
[2024-11-25T02:15:35.749+0000] {logging_mixin.py:190} INFO - [2024-11-25T02:15:35.749+0000] {dagbag.py:588} INFO - Filling up the DagBag from /home/airflow/.local/lib/python3.12/site-packages/airflow/example_dags/example_branch_labels.py
[2024-11-25T02:15:35.760+0000] {processor.py:925} INFO - DAG(s) 'example_branch_labels' retrieved from /home/airflow/.local/lib/python3.12/site-packages/airflow/example_dags/example_branch_labels.py
[2024-11-25T02:15:35.780+0000] {logging_mixin.py:190} INFO - [2024-11-25T02:15:35.779+0000] {dag.py:3239} INFO - Sync 1 DAGs
[2024-11-25T02:15:35.805+0000] {logging_mixin.py:190} INFO - [2024-11-25T02:15:35.805+0000] {dag.py:4180} INFO - Setting next_dagrun for example_branch_labels to 2024-11-24 00:00:00+00:00, run_after=2024-11-25 00:00:00+00:00
[2024-11-25T02:15:35.823+0000] {processor.py:208} INFO - Processing /home/airflow/.local/lib/python3.12/site-packages/airflow/example_dags/example_branch_labels.py took 0.083 seconds
[2024-11-25T02:16:06.884+0000] {processor.py:186} INFO - Started process (PID=2710) to work on /home/airflow/.local/lib/python3.12/site-packages/airflow/example_dags/example_branch_labels.py
[2024-11-25T02:16:06.886+0000] {processor.py:914} INFO - Processing file /home/airflow/.local/lib/python3.12/site-packages/airflow/example_dags/example_branch_labels.py for tasks to queue
[2024-11-25T02:16:06.889+0000] {logging_mixin.py:190} INFO - [2024-11-25T02:16:06.889+0000] {dagbag.py:588} INFO - Filling up the DagBag from /home/airflow/.local/lib/python3.12/site-packages/airflow/example_dags/example_branch_labels.py
[2024-11-25T02:16:06.903+0000] {processor.py:925} INFO - DAG(s) 'example_branch_labels' retrieved from /home/airflow/.local/lib/python3.12/site-packages/airflow/example_dags/example_branch_labels.py
[2024-11-25T02:16:07.148+0000] {logging_mixin.py:190} INFO - [2024-11-25T02:16:07.148+0000] {dag.py:3239} INFO - Sync 1 DAGs
[2024-11-25T02:16:07.175+0000] {logging_mixin.py:190} INFO - [2024-11-25T02:16:07.174+0000] {dag.py:4180} INFO - Setting next_dagrun for example_branch_labels to 2024-11-24 00:00:00+00:00, run_after=2024-11-25 00:00:00+00:00
[2024-11-25T02:16:07.194+0000] {processor.py:208} INFO - Processing /home/airflow/.local/lib/python3.12/site-packages/airflow/example_dags/example_branch_labels.py took 0.325 seconds
[2024-11-25T02:16:37.572+0000] {processor.py:186} INFO - Started process (PID=2774) to work on /home/airflow/.local/lib/python3.12/site-packages/airflow/example_dags/example_branch_labels.py
[2024-11-25T02:16:37.574+0000] {processor.py:914} INFO - Processing file /home/airflow/.local/lib/python3.12/site-packages/airflow/example_dags/example_branch_labels.py for tasks to queue
[2024-11-25T02:16:37.576+0000] {logging_mixin.py:190} INFO - [2024-11-25T02:16:37.576+0000] {dagbag.py:588} INFO - Filling up the DagBag from /home/airflow/.local/lib/python3.12/site-packages/airflow/example_dags/example_branch_labels.py
[2024-11-25T02:16:37.585+0000] {processor.py:925} INFO - DAG(s) 'example_branch_labels' retrieved from /home/airflow/.local/lib/python3.12/site-packages/airflow/example_dags/example_branch_labels.py
[2024-11-25T02:16:37.604+0000] {logging_mixin.py:190} INFO - [2024-11-25T02:16:37.604+0000] {dag.py:3239} INFO - Sync 1 DAGs
[2024-11-25T02:16:37.630+0000] {logging_mixin.py:190} INFO - [2024-11-25T02:16:37.630+0000] {dag.py:4180} INFO - Setting next_dagrun for example_branch_labels to 2024-11-24 00:00:00+00:00, run_after=2024-11-25 00:00:00+00:00
[2024-11-25T02:16:37.648+0000] {processor.py:208} INFO - Processing /home/airflow/.local/lib/python3.12/site-packages/airflow/example_dags/example_branch_labels.py took 0.081 seconds
