[2024-11-25T01:55:23.090+0000] {processor.py:186} INFO - Started process (PID=101) to work on /home/airflow/.local/lib/python3.12/site-packages/airflow/example_dags/example_setup_teardown.py
[2024-11-25T01:55:23.091+0000] {processor.py:914} INFO - Processing file /home/airflow/.local/lib/python3.12/site-packages/airflow/example_dags/example_setup_teardown.py for tasks to queue
[2024-11-25T01:55:23.096+0000] {logging_mixin.py:190} INFO - [2024-11-25T01:55:23.095+0000] {dagbag.py:588} INFO - Filling up the DagBag from /home/airflow/.local/lib/python3.12/site-packages/airflow/example_dags/example_setup_teardown.py
[2024-11-25T01:55:23.115+0000] {processor.py:925} INFO - DAG(s) 'example_setup_teardown' retrieved from /home/airflow/.local/lib/python3.12/site-packages/airflow/example_dags/example_setup_teardown.py
[2024-11-25T01:55:23.169+0000] {logging_mixin.py:190} INFO - [2024-11-25T01:55:23.168+0000] {dag.py:3239} INFO - Sync 1 DAGs
[2024-11-25T01:55:23.209+0000] {logging_mixin.py:190} INFO - [2024-11-25T01:55:23.208+0000] {dag.py:4180} INFO - Setting next_dagrun for example_setup_teardown to None, run_after=None
[2024-11-25T01:55:23.251+0000] {processor.py:208} INFO - Processing /home/airflow/.local/lib/python3.12/site-packages/airflow/example_dags/example_setup_teardown.py took 0.172 seconds
[2024-11-25T01:55:53.577+0000] {processor.py:186} INFO - Started process (PID=167) to work on /home/airflow/.local/lib/python3.12/site-packages/airflow/example_dags/example_setup_teardown.py
[2024-11-25T01:55:53.578+0000] {processor.py:914} INFO - Processing file /home/airflow/.local/lib/python3.12/site-packages/airflow/example_dags/example_setup_teardown.py for tasks to queue
[2024-11-25T01:55:53.581+0000] {logging_mixin.py:190} INFO - [2024-11-25T01:55:53.580+0000] {dagbag.py:588} INFO - Filling up the DagBag from /home/airflow/.local/lib/python3.12/site-packages/airflow/example_dags/example_setup_teardown.py
[2024-11-25T01:55:53.589+0000] {processor.py:925} INFO - DAG(s) 'example_setup_teardown' retrieved from /home/airflow/.local/lib/python3.12/site-packages/airflow/example_dags/example_setup_teardown.py
[2024-11-25T01:55:53.609+0000] {logging_mixin.py:190} INFO - [2024-11-25T01:55:53.609+0000] {dag.py:3239} INFO - Sync 1 DAGs
[2024-11-25T01:55:53.624+0000] {logging_mixin.py:190} INFO - [2024-11-25T01:55:53.624+0000] {dag.py:4180} INFO - Setting next_dagrun for example_setup_teardown to None, run_after=None
[2024-11-25T01:55:53.645+0000] {processor.py:208} INFO - Processing /home/airflow/.local/lib/python3.12/site-packages/airflow/example_dags/example_setup_teardown.py took 0.074 seconds
[2024-11-25T01:56:24.855+0000] {processor.py:186} INFO - Started process (PID=231) to work on /home/airflow/.local/lib/python3.12/site-packages/airflow/example_dags/example_setup_teardown.py
[2024-11-25T01:56:24.857+0000] {processor.py:914} INFO - Processing file /home/airflow/.local/lib/python3.12/site-packages/airflow/example_dags/example_setup_teardown.py for tasks to queue
[2024-11-25T01:56:24.860+0000] {logging_mixin.py:190} INFO - [2024-11-25T01:56:24.860+0000] {dagbag.py:588} INFO - Filling up the DagBag from /home/airflow/.local/lib/python3.12/site-packages/airflow/example_dags/example_setup_teardown.py
[2024-11-25T01:56:24.873+0000] {processor.py:925} INFO - DAG(s) 'example_setup_teardown' retrieved from /home/airflow/.local/lib/python3.12/site-packages/airflow/example_dags/example_setup_teardown.py
[2024-11-25T01:56:24.912+0000] {logging_mixin.py:190} INFO - [2024-11-25T01:56:24.911+0000] {dag.py:3239} INFO - Sync 1 DAGs
[2024-11-25T01:56:24.963+0000] {logging_mixin.py:190} INFO - [2024-11-25T01:56:24.962+0000] {dag.py:4180} INFO - Setting next_dagrun for example_setup_teardown to None, run_after=None
[2024-11-25T01:56:25.020+0000] {processor.py:208} INFO - Processing /home/airflow/.local/lib/python3.12/site-packages/airflow/example_dags/example_setup_teardown.py took 0.173 seconds
[2024-11-25T01:57:00.179+0000] {processor.py:186} INFO - Started process (PID=301) to work on /home/airflow/.local/lib/python3.12/site-packages/airflow/example_dags/example_setup_teardown.py
[2024-11-25T01:57:00.191+0000] {processor.py:914} INFO - Processing file /home/airflow/.local/lib/python3.12/site-packages/airflow/example_dags/example_setup_teardown.py for tasks to queue
[2024-11-25T01:57:00.206+0000] {logging_mixin.py:190} INFO - [2024-11-25T01:57:00.206+0000] {dagbag.py:588} INFO - Filling up the DagBag from /home/airflow/.local/lib/python3.12/site-packages/airflow/example_dags/example_setup_teardown.py
[2024-11-25T01:57:00.243+0000] {processor.py:925} INFO - DAG(s) 'example_setup_teardown' retrieved from /home/airflow/.local/lib/python3.12/site-packages/airflow/example_dags/example_setup_teardown.py
[2024-11-25T01:57:00.321+0000] {logging_mixin.py:190} INFO - [2024-11-25T01:57:00.321+0000] {dag.py:3239} INFO - Sync 1 DAGs
[2024-11-25T01:57:00.378+0000] {logging_mixin.py:190} INFO - [2024-11-25T01:57:00.378+0000] {dag.py:4180} INFO - Setting next_dagrun for example_setup_teardown to None, run_after=None
[2024-11-25T01:57:00.442+0000] {processor.py:208} INFO - Processing /home/airflow/.local/lib/python3.12/site-packages/airflow/example_dags/example_setup_teardown.py took 0.291 seconds
[2024-11-25T01:57:31.251+0000] {processor.py:186} INFO - Started process (PID=365) to work on /home/airflow/.local/lib/python3.12/site-packages/airflow/example_dags/example_setup_teardown.py
[2024-11-25T01:57:31.252+0000] {processor.py:914} INFO - Processing file /home/airflow/.local/lib/python3.12/site-packages/airflow/example_dags/example_setup_teardown.py for tasks to queue
[2024-11-25T01:57:31.255+0000] {logging_mixin.py:190} INFO - [2024-11-25T01:57:31.255+0000] {dagbag.py:588} INFO - Filling up the DagBag from /home/airflow/.local/lib/python3.12/site-packages/airflow/example_dags/example_setup_teardown.py
[2024-11-25T01:57:31.267+0000] {processor.py:925} INFO - DAG(s) 'example_setup_teardown' retrieved from /home/airflow/.local/lib/python3.12/site-packages/airflow/example_dags/example_setup_teardown.py
[2024-11-25T01:57:31.290+0000] {logging_mixin.py:190} INFO - [2024-11-25T01:57:31.289+0000] {dag.py:3239} INFO - Sync 1 DAGs
[2024-11-25T01:57:31.308+0000] {logging_mixin.py:190} INFO - [2024-11-25T01:57:31.308+0000] {dag.py:4180} INFO - Setting next_dagrun for example_setup_teardown to None, run_after=None
[2024-11-25T01:57:31.329+0000] {processor.py:208} INFO - Processing /home/airflow/.local/lib/python3.12/site-packages/airflow/example_dags/example_setup_teardown.py took 0.084 seconds
[2024-11-25T01:58:01.769+0000] {processor.py:186} INFO - Started process (PID=429) to work on /home/airflow/.local/lib/python3.12/site-packages/airflow/example_dags/example_setup_teardown.py
[2024-11-25T01:58:01.770+0000] {processor.py:914} INFO - Processing file /home/airflow/.local/lib/python3.12/site-packages/airflow/example_dags/example_setup_teardown.py for tasks to queue
[2024-11-25T01:58:01.773+0000] {logging_mixin.py:190} INFO - [2024-11-25T01:58:01.773+0000] {dagbag.py:588} INFO - Filling up the DagBag from /home/airflow/.local/lib/python3.12/site-packages/airflow/example_dags/example_setup_teardown.py
[2024-11-25T01:58:01.786+0000] {processor.py:925} INFO - DAG(s) 'example_setup_teardown' retrieved from /home/airflow/.local/lib/python3.12/site-packages/airflow/example_dags/example_setup_teardown.py
[2024-11-25T01:58:01.813+0000] {logging_mixin.py:190} INFO - [2024-11-25T01:58:01.813+0000] {dag.py:3239} INFO - Sync 1 DAGs
[2024-11-25T01:58:01.835+0000] {logging_mixin.py:190} INFO - [2024-11-25T01:58:01.835+0000] {dag.py:4180} INFO - Setting next_dagrun for example_setup_teardown to None, run_after=None
[2024-11-25T01:58:01.883+0000] {processor.py:208} INFO - Processing /home/airflow/.local/lib/python3.12/site-packages/airflow/example_dags/example_setup_teardown.py took 0.121 seconds
[2024-11-25T01:58:32.580+0000] {processor.py:186} INFO - Started process (PID=493) to work on /home/airflow/.local/lib/python3.12/site-packages/airflow/example_dags/example_setup_teardown.py
[2024-11-25T01:58:32.581+0000] {processor.py:914} INFO - Processing file /home/airflow/.local/lib/python3.12/site-packages/airflow/example_dags/example_setup_teardown.py for tasks to queue
[2024-11-25T01:58:32.583+0000] {logging_mixin.py:190} INFO - [2024-11-25T01:58:32.583+0000] {dagbag.py:588} INFO - Filling up the DagBag from /home/airflow/.local/lib/python3.12/site-packages/airflow/example_dags/example_setup_teardown.py
[2024-11-25T01:58:32.591+0000] {processor.py:925} INFO - DAG(s) 'example_setup_teardown' retrieved from /home/airflow/.local/lib/python3.12/site-packages/airflow/example_dags/example_setup_teardown.py
[2024-11-25T01:58:32.614+0000] {logging_mixin.py:190} INFO - [2024-11-25T01:58:32.613+0000] {dag.py:3239} INFO - Sync 1 DAGs
[2024-11-25T01:58:32.629+0000] {logging_mixin.py:190} INFO - [2024-11-25T01:58:32.629+0000] {dag.py:4180} INFO - Setting next_dagrun for example_setup_teardown to None, run_after=None
[2024-11-25T01:58:32.647+0000] {processor.py:208} INFO - Processing /home/airflow/.local/lib/python3.12/site-packages/airflow/example_dags/example_setup_teardown.py took 0.072 seconds
[2024-11-25T01:59:03.466+0000] {processor.py:186} INFO - Started process (PID=557) to work on /home/airflow/.local/lib/python3.12/site-packages/airflow/example_dags/example_setup_teardown.py
[2024-11-25T01:59:03.467+0000] {processor.py:914} INFO - Processing file /home/airflow/.local/lib/python3.12/site-packages/airflow/example_dags/example_setup_teardown.py for tasks to queue
[2024-11-25T01:59:03.470+0000] {logging_mixin.py:190} INFO - [2024-11-25T01:59:03.469+0000] {dagbag.py:588} INFO - Filling up the DagBag from /home/airflow/.local/lib/python3.12/site-packages/airflow/example_dags/example_setup_teardown.py
[2024-11-25T01:59:03.479+0000] {processor.py:925} INFO - DAG(s) 'example_setup_teardown' retrieved from /home/airflow/.local/lib/python3.12/site-packages/airflow/example_dags/example_setup_teardown.py
[2024-11-25T01:59:03.499+0000] {logging_mixin.py:190} INFO - [2024-11-25T01:59:03.499+0000] {dag.py:3239} INFO - Sync 1 DAGs
[2024-11-25T01:59:03.515+0000] {logging_mixin.py:190} INFO - [2024-11-25T01:59:03.515+0000] {dag.py:4180} INFO - Setting next_dagrun for example_setup_teardown to None, run_after=None
[2024-11-25T01:59:03.535+0000] {processor.py:208} INFO - Processing /home/airflow/.local/lib/python3.12/site-packages/airflow/example_dags/example_setup_teardown.py took 0.074 seconds
[2024-11-25T01:59:33.571+0000] {processor.py:186} INFO - Started process (PID=620) to work on /home/airflow/.local/lib/python3.12/site-packages/airflow/example_dags/example_setup_teardown.py
[2024-11-25T01:59:33.572+0000] {processor.py:914} INFO - Processing file /home/airflow/.local/lib/python3.12/site-packages/airflow/example_dags/example_setup_teardown.py for tasks to queue
[2024-11-25T01:59:33.574+0000] {logging_mixin.py:190} INFO - [2024-11-25T01:59:33.574+0000] {dagbag.py:588} INFO - Filling up the DagBag from /home/airflow/.local/lib/python3.12/site-packages/airflow/example_dags/example_setup_teardown.py
[2024-11-25T01:59:33.583+0000] {processor.py:925} INFO - DAG(s) 'example_setup_teardown' retrieved from /home/airflow/.local/lib/python3.12/site-packages/airflow/example_dags/example_setup_teardown.py
[2024-11-25T01:59:33.602+0000] {logging_mixin.py:190} INFO - [2024-11-25T01:59:33.601+0000] {dag.py:3239} INFO - Sync 1 DAGs
[2024-11-25T01:59:33.616+0000] {logging_mixin.py:190} INFO - [2024-11-25T01:59:33.616+0000] {dag.py:4180} INFO - Setting next_dagrun for example_setup_teardown to None, run_after=None
[2024-11-25T01:59:33.633+0000] {processor.py:208} INFO - Processing /home/airflow/.local/lib/python3.12/site-packages/airflow/example_dags/example_setup_teardown.py took 0.069 seconds
[2024-11-25T02:00:03.919+0000] {processor.py:186} INFO - Started process (PID=684) to work on /home/airflow/.local/lib/python3.12/site-packages/airflow/example_dags/example_setup_teardown.py
[2024-11-25T02:00:03.920+0000] {processor.py:914} INFO - Processing file /home/airflow/.local/lib/python3.12/site-packages/airflow/example_dags/example_setup_teardown.py for tasks to queue
[2024-11-25T02:00:03.922+0000] {logging_mixin.py:190} INFO - [2024-11-25T02:00:03.922+0000] {dagbag.py:588} INFO - Filling up the DagBag from /home/airflow/.local/lib/python3.12/site-packages/airflow/example_dags/example_setup_teardown.py
[2024-11-25T02:00:03.931+0000] {processor.py:925} INFO - DAG(s) 'example_setup_teardown' retrieved from /home/airflow/.local/lib/python3.12/site-packages/airflow/example_dags/example_setup_teardown.py
[2024-11-25T02:00:03.949+0000] {logging_mixin.py:190} INFO - [2024-11-25T02:00:03.949+0000] {dag.py:3239} INFO - Sync 1 DAGs
[2024-11-25T02:00:03.965+0000] {logging_mixin.py:190} INFO - [2024-11-25T02:00:03.964+0000] {dag.py:4180} INFO - Setting next_dagrun for example_setup_teardown to None, run_after=None
[2024-11-25T02:00:03.988+0000] {processor.py:208} INFO - Processing /home/airflow/.local/lib/python3.12/site-packages/airflow/example_dags/example_setup_teardown.py took 0.074 seconds
[2024-11-25T02:00:34.446+0000] {processor.py:186} INFO - Started process (PID=752) to work on /home/airflow/.local/lib/python3.12/site-packages/airflow/example_dags/example_setup_teardown.py
[2024-11-25T02:00:34.447+0000] {processor.py:914} INFO - Processing file /home/airflow/.local/lib/python3.12/site-packages/airflow/example_dags/example_setup_teardown.py for tasks to queue
[2024-11-25T02:00:34.450+0000] {logging_mixin.py:190} INFO - [2024-11-25T02:00:34.449+0000] {dagbag.py:588} INFO - Filling up the DagBag from /home/airflow/.local/lib/python3.12/site-packages/airflow/example_dags/example_setup_teardown.py
[2024-11-25T02:00:34.459+0000] {processor.py:925} INFO - DAG(s) 'example_setup_teardown' retrieved from /home/airflow/.local/lib/python3.12/site-packages/airflow/example_dags/example_setup_teardown.py
[2024-11-25T02:00:34.479+0000] {logging_mixin.py:190} INFO - [2024-11-25T02:00:34.478+0000] {dag.py:3239} INFO - Sync 1 DAGs
[2024-11-25T02:00:34.492+0000] {logging_mixin.py:190} INFO - [2024-11-25T02:00:34.492+0000] {dag.py:4180} INFO - Setting next_dagrun for example_setup_teardown to None, run_after=None
[2024-11-25T02:00:34.509+0000] {processor.py:208} INFO - Processing /home/airflow/.local/lib/python3.12/site-packages/airflow/example_dags/example_setup_teardown.py took 0.070 seconds
[2024-11-25T02:01:05.045+0000] {processor.py:186} INFO - Started process (PID=816) to work on /home/airflow/.local/lib/python3.12/site-packages/airflow/example_dags/example_setup_teardown.py
[2024-11-25T02:01:05.046+0000] {processor.py:914} INFO - Processing file /home/airflow/.local/lib/python3.12/site-packages/airflow/example_dags/example_setup_teardown.py for tasks to queue
[2024-11-25T02:01:05.048+0000] {logging_mixin.py:190} INFO - [2024-11-25T02:01:05.047+0000] {dagbag.py:588} INFO - Filling up the DagBag from /home/airflow/.local/lib/python3.12/site-packages/airflow/example_dags/example_setup_teardown.py
[2024-11-25T02:01:05.056+0000] {processor.py:925} INFO - DAG(s) 'example_setup_teardown' retrieved from /home/airflow/.local/lib/python3.12/site-packages/airflow/example_dags/example_setup_teardown.py
[2024-11-25T02:01:05.077+0000] {logging_mixin.py:190} INFO - [2024-11-25T02:01:05.077+0000] {dag.py:3239} INFO - Sync 1 DAGs
[2024-11-25T02:01:05.091+0000] {logging_mixin.py:190} INFO - [2024-11-25T02:01:05.091+0000] {dag.py:4180} INFO - Setting next_dagrun for example_setup_teardown to None, run_after=None
[2024-11-25T02:01:05.111+0000] {processor.py:208} INFO - Processing /home/airflow/.local/lib/python3.12/site-packages/airflow/example_dags/example_setup_teardown.py took 0.072 seconds
[2024-11-25T02:01:35.445+0000] {processor.py:186} INFO - Started process (PID=880) to work on /home/airflow/.local/lib/python3.12/site-packages/airflow/example_dags/example_setup_teardown.py
[2024-11-25T02:01:35.447+0000] {processor.py:914} INFO - Processing file /home/airflow/.local/lib/python3.12/site-packages/airflow/example_dags/example_setup_teardown.py for tasks to queue
[2024-11-25T02:01:35.449+0000] {logging_mixin.py:190} INFO - [2024-11-25T02:01:35.448+0000] {dagbag.py:588} INFO - Filling up the DagBag from /home/airflow/.local/lib/python3.12/site-packages/airflow/example_dags/example_setup_teardown.py
[2024-11-25T02:01:35.458+0000] {processor.py:925} INFO - DAG(s) 'example_setup_teardown' retrieved from /home/airflow/.local/lib/python3.12/site-packages/airflow/example_dags/example_setup_teardown.py
[2024-11-25T02:01:35.478+0000] {logging_mixin.py:190} INFO - [2024-11-25T02:01:35.477+0000] {dag.py:3239} INFO - Sync 1 DAGs
[2024-11-25T02:01:35.513+0000] {logging_mixin.py:190} INFO - [2024-11-25T02:01:35.513+0000] {dag.py:4180} INFO - Setting next_dagrun for example_setup_teardown to None, run_after=None
[2024-11-25T02:01:35.531+0000] {processor.py:208} INFO - Processing /home/airflow/.local/lib/python3.12/site-packages/airflow/example_dags/example_setup_teardown.py took 0.092 seconds
[2024-11-25T02:02:05.865+0000] {processor.py:186} INFO - Started process (PID=944) to work on /home/airflow/.local/lib/python3.12/site-packages/airflow/example_dags/example_setup_teardown.py
[2024-11-25T02:02:05.866+0000] {processor.py:914} INFO - Processing file /home/airflow/.local/lib/python3.12/site-packages/airflow/example_dags/example_setup_teardown.py for tasks to queue
[2024-11-25T02:02:05.868+0000] {logging_mixin.py:190} INFO - [2024-11-25T02:02:05.868+0000] {dagbag.py:588} INFO - Filling up the DagBag from /home/airflow/.local/lib/python3.12/site-packages/airflow/example_dags/example_setup_teardown.py
[2024-11-25T02:02:05.877+0000] {processor.py:925} INFO - DAG(s) 'example_setup_teardown' retrieved from /home/airflow/.local/lib/python3.12/site-packages/airflow/example_dags/example_setup_teardown.py
[2024-11-25T02:02:05.902+0000] {logging_mixin.py:190} INFO - [2024-11-25T02:02:05.902+0000] {dag.py:3239} INFO - Sync 1 DAGs
[2024-11-25T02:02:05.923+0000] {logging_mixin.py:190} INFO - [2024-11-25T02:02:05.923+0000] {dag.py:4180} INFO - Setting next_dagrun for example_setup_teardown to None, run_after=None
[2024-11-25T02:02:05.945+0000] {processor.py:208} INFO - Processing /home/airflow/.local/lib/python3.12/site-packages/airflow/example_dags/example_setup_teardown.py took 0.087 seconds
[2024-11-25T02:02:36.138+0000] {processor.py:186} INFO - Started process (PID=1008) to work on /home/airflow/.local/lib/python3.12/site-packages/airflow/example_dags/example_setup_teardown.py
[2024-11-25T02:02:36.139+0000] {processor.py:914} INFO - Processing file /home/airflow/.local/lib/python3.12/site-packages/airflow/example_dags/example_setup_teardown.py for tasks to queue
[2024-11-25T02:02:36.141+0000] {logging_mixin.py:190} INFO - [2024-11-25T02:02:36.141+0000] {dagbag.py:588} INFO - Filling up the DagBag from /home/airflow/.local/lib/python3.12/site-packages/airflow/example_dags/example_setup_teardown.py
[2024-11-25T02:02:36.151+0000] {processor.py:925} INFO - DAG(s) 'example_setup_teardown' retrieved from /home/airflow/.local/lib/python3.12/site-packages/airflow/example_dags/example_setup_teardown.py
[2024-11-25T02:02:36.169+0000] {logging_mixin.py:190} INFO - [2024-11-25T02:02:36.169+0000] {dag.py:3239} INFO - Sync 1 DAGs
[2024-11-25T02:02:36.184+0000] {logging_mixin.py:190} INFO - [2024-11-25T02:02:36.184+0000] {dag.py:4180} INFO - Setting next_dagrun for example_setup_teardown to None, run_after=None
[2024-11-25T02:02:36.202+0000] {processor.py:208} INFO - Processing /home/airflow/.local/lib/python3.12/site-packages/airflow/example_dags/example_setup_teardown.py took 0.069 seconds
[2024-11-25T02:03:06.818+0000] {processor.py:186} INFO - Started process (PID=1073) to work on /home/airflow/.local/lib/python3.12/site-packages/airflow/example_dags/example_setup_teardown.py
[2024-11-25T02:03:06.819+0000] {processor.py:914} INFO - Processing file /home/airflow/.local/lib/python3.12/site-packages/airflow/example_dags/example_setup_teardown.py for tasks to queue
[2024-11-25T02:03:06.822+0000] {logging_mixin.py:190} INFO - [2024-11-25T02:03:06.821+0000] {dagbag.py:588} INFO - Filling up the DagBag from /home/airflow/.local/lib/python3.12/site-packages/airflow/example_dags/example_setup_teardown.py
[2024-11-25T02:03:06.830+0000] {processor.py:925} INFO - DAG(s) 'example_setup_teardown' retrieved from /home/airflow/.local/lib/python3.12/site-packages/airflow/example_dags/example_setup_teardown.py
[2024-11-25T02:03:06.848+0000] {logging_mixin.py:190} INFO - [2024-11-25T02:03:06.847+0000] {dag.py:3239} INFO - Sync 1 DAGs
[2024-11-25T02:03:06.861+0000] {logging_mixin.py:190} INFO - [2024-11-25T02:03:06.861+0000] {dag.py:4180} INFO - Setting next_dagrun for example_setup_teardown to None, run_after=None
[2024-11-25T02:03:06.881+0000] {processor.py:208} INFO - Processing /home/airflow/.local/lib/python3.12/site-packages/airflow/example_dags/example_setup_teardown.py took 0.068 seconds
[2024-11-25T02:03:37.087+0000] {processor.py:186} INFO - Started process (PID=1137) to work on /home/airflow/.local/lib/python3.12/site-packages/airflow/example_dags/example_setup_teardown.py
[2024-11-25T02:03:37.092+0000] {processor.py:914} INFO - Processing file /home/airflow/.local/lib/python3.12/site-packages/airflow/example_dags/example_setup_teardown.py for tasks to queue
[2024-11-25T02:03:37.097+0000] {logging_mixin.py:190} INFO - [2024-11-25T02:03:37.097+0000] {dagbag.py:588} INFO - Filling up the DagBag from /home/airflow/.local/lib/python3.12/site-packages/airflow/example_dags/example_setup_teardown.py
[2024-11-25T02:03:37.109+0000] {processor.py:925} INFO - DAG(s) 'example_setup_teardown' retrieved from /home/airflow/.local/lib/python3.12/site-packages/airflow/example_dags/example_setup_teardown.py
[2024-11-25T02:03:37.134+0000] {logging_mixin.py:190} INFO - [2024-11-25T02:03:37.133+0000] {dag.py:3239} INFO - Sync 1 DAGs
[2024-11-25T02:03:37.153+0000] {logging_mixin.py:190} INFO - [2024-11-25T02:03:37.153+0000] {dag.py:4180} INFO - Setting next_dagrun for example_setup_teardown to None, run_after=None
[2024-11-25T02:03:37.175+0000] {processor.py:208} INFO - Processing /home/airflow/.local/lib/python3.12/site-packages/airflow/example_dags/example_setup_teardown.py took 0.094 seconds
[2024-11-25T02:04:07.757+0000] {processor.py:186} INFO - Started process (PID=1201) to work on /home/airflow/.local/lib/python3.12/site-packages/airflow/example_dags/example_setup_teardown.py
[2024-11-25T02:04:07.758+0000] {processor.py:914} INFO - Processing file /home/airflow/.local/lib/python3.12/site-packages/airflow/example_dags/example_setup_teardown.py for tasks to queue
[2024-11-25T02:04:07.760+0000] {logging_mixin.py:190} INFO - [2024-11-25T02:04:07.760+0000] {dagbag.py:588} INFO - Filling up the DagBag from /home/airflow/.local/lib/python3.12/site-packages/airflow/example_dags/example_setup_teardown.py
[2024-11-25T02:04:07.768+0000] {processor.py:925} INFO - DAG(s) 'example_setup_teardown' retrieved from /home/airflow/.local/lib/python3.12/site-packages/airflow/example_dags/example_setup_teardown.py
[2024-11-25T02:04:07.789+0000] {logging_mixin.py:190} INFO - [2024-11-25T02:04:07.789+0000] {dag.py:3239} INFO - Sync 1 DAGs
[2024-11-25T02:04:07.808+0000] {logging_mixin.py:190} INFO - [2024-11-25T02:04:07.808+0000] {dag.py:4180} INFO - Setting next_dagrun for example_setup_teardown to None, run_after=None
[2024-11-25T02:04:07.832+0000] {processor.py:208} INFO - Processing /home/airflow/.local/lib/python3.12/site-packages/airflow/example_dags/example_setup_teardown.py took 0.080 seconds
[2024-11-25T02:04:38.069+0000] {processor.py:186} INFO - Started process (PID=1265) to work on /home/airflow/.local/lib/python3.12/site-packages/airflow/example_dags/example_setup_teardown.py
[2024-11-25T02:04:38.070+0000] {processor.py:914} INFO - Processing file /home/airflow/.local/lib/python3.12/site-packages/airflow/example_dags/example_setup_teardown.py for tasks to queue
[2024-11-25T02:04:38.072+0000] {logging_mixin.py:190} INFO - [2024-11-25T02:04:38.072+0000] {dagbag.py:588} INFO - Filling up the DagBag from /home/airflow/.local/lib/python3.12/site-packages/airflow/example_dags/example_setup_teardown.py
[2024-11-25T02:04:38.082+0000] {processor.py:925} INFO - DAG(s) 'example_setup_teardown' retrieved from /home/airflow/.local/lib/python3.12/site-packages/airflow/example_dags/example_setup_teardown.py
[2024-11-25T02:04:38.106+0000] {logging_mixin.py:190} INFO - [2024-11-25T02:04:38.105+0000] {dag.py:3239} INFO - Sync 1 DAGs
[2024-11-25T02:04:38.129+0000] {logging_mixin.py:190} INFO - [2024-11-25T02:04:38.128+0000] {dag.py:4180} INFO - Setting next_dagrun for example_setup_teardown to None, run_after=None
[2024-11-25T02:04:38.153+0000] {processor.py:208} INFO - Processing /home/airflow/.local/lib/python3.12/site-packages/airflow/example_dags/example_setup_teardown.py took 0.091 seconds
[2024-11-25T02:05:08.223+0000] {processor.py:186} INFO - Started process (PID=1329) to work on /home/airflow/.local/lib/python3.12/site-packages/airflow/example_dags/example_setup_teardown.py
[2024-11-25T02:05:08.224+0000] {processor.py:914} INFO - Processing file /home/airflow/.local/lib/python3.12/site-packages/airflow/example_dags/example_setup_teardown.py for tasks to queue
[2024-11-25T02:05:08.226+0000] {logging_mixin.py:190} INFO - [2024-11-25T02:05:08.226+0000] {dagbag.py:588} INFO - Filling up the DagBag from /home/airflow/.local/lib/python3.12/site-packages/airflow/example_dags/example_setup_teardown.py
[2024-11-25T02:05:08.234+0000] {processor.py:925} INFO - DAG(s) 'example_setup_teardown' retrieved from /home/airflow/.local/lib/python3.12/site-packages/airflow/example_dags/example_setup_teardown.py
[2024-11-25T02:05:08.253+0000] {logging_mixin.py:190} INFO - [2024-11-25T02:05:08.253+0000] {dag.py:3239} INFO - Sync 1 DAGs
[2024-11-25T02:05:08.268+0000] {logging_mixin.py:190} INFO - [2024-11-25T02:05:08.267+0000] {dag.py:4180} INFO - Setting next_dagrun for example_setup_teardown to None, run_after=None
[2024-11-25T02:05:08.290+0000] {processor.py:208} INFO - Processing /home/airflow/.local/lib/python3.12/site-packages/airflow/example_dags/example_setup_teardown.py took 0.072 seconds
[2024-11-25T02:05:39.065+0000] {processor.py:186} INFO - Started process (PID=1393) to work on /home/airflow/.local/lib/python3.12/site-packages/airflow/example_dags/example_setup_teardown.py
[2024-11-25T02:05:39.066+0000] {processor.py:914} INFO - Processing file /home/airflow/.local/lib/python3.12/site-packages/airflow/example_dags/example_setup_teardown.py for tasks to queue
[2024-11-25T02:05:39.070+0000] {logging_mixin.py:190} INFO - [2024-11-25T02:05:39.069+0000] {dagbag.py:588} INFO - Filling up the DagBag from /home/airflow/.local/lib/python3.12/site-packages/airflow/example_dags/example_setup_teardown.py
[2024-11-25T02:05:39.082+0000] {processor.py:925} INFO - DAG(s) 'example_setup_teardown' retrieved from /home/airflow/.local/lib/python3.12/site-packages/airflow/example_dags/example_setup_teardown.py
[2024-11-25T02:05:39.114+0000] {logging_mixin.py:190} INFO - [2024-11-25T02:05:39.114+0000] {dag.py:3239} INFO - Sync 1 DAGs
[2024-11-25T02:05:39.143+0000] {logging_mixin.py:190} INFO - [2024-11-25T02:05:39.142+0000] {dag.py:4180} INFO - Setting next_dagrun for example_setup_teardown to None, run_after=None
[2024-11-25T02:05:39.190+0000] {processor.py:208} INFO - Processing /home/airflow/.local/lib/python3.12/site-packages/airflow/example_dags/example_setup_teardown.py took 0.132 seconds
[2024-11-25T02:06:10.204+0000] {processor.py:186} INFO - Started process (PID=1457) to work on /home/airflow/.local/lib/python3.12/site-packages/airflow/example_dags/example_setup_teardown.py
[2024-11-25T02:06:10.205+0000] {processor.py:914} INFO - Processing file /home/airflow/.local/lib/python3.12/site-packages/airflow/example_dags/example_setup_teardown.py for tasks to queue
[2024-11-25T02:06:10.208+0000] {logging_mixin.py:190} INFO - [2024-11-25T02:06:10.208+0000] {dagbag.py:588} INFO - Filling up the DagBag from /home/airflow/.local/lib/python3.12/site-packages/airflow/example_dags/example_setup_teardown.py
[2024-11-25T02:06:10.217+0000] {processor.py:925} INFO - DAG(s) 'example_setup_teardown' retrieved from /home/airflow/.local/lib/python3.12/site-packages/airflow/example_dags/example_setup_teardown.py
[2024-11-25T02:06:10.235+0000] {logging_mixin.py:190} INFO - [2024-11-25T02:06:10.235+0000] {dag.py:3239} INFO - Sync 1 DAGs
[2024-11-25T02:06:10.249+0000] {logging_mixin.py:190} INFO - [2024-11-25T02:06:10.249+0000] {dag.py:4180} INFO - Setting next_dagrun for example_setup_teardown to None, run_after=None
[2024-11-25T02:06:10.270+0000] {processor.py:208} INFO - Processing /home/airflow/.local/lib/python3.12/site-packages/airflow/example_dags/example_setup_teardown.py took 0.070 seconds
[2024-11-25T02:06:40.775+0000] {processor.py:186} INFO - Started process (PID=1522) to work on /home/airflow/.local/lib/python3.12/site-packages/airflow/example_dags/example_setup_teardown.py
[2024-11-25T02:06:40.778+0000] {processor.py:914} INFO - Processing file /home/airflow/.local/lib/python3.12/site-packages/airflow/example_dags/example_setup_teardown.py for tasks to queue
[2024-11-25T02:06:40.786+0000] {logging_mixin.py:190} INFO - [2024-11-25T02:06:40.786+0000] {dagbag.py:588} INFO - Filling up the DagBag from /home/airflow/.local/lib/python3.12/site-packages/airflow/example_dags/example_setup_teardown.py
[2024-11-25T02:06:40.818+0000] {processor.py:925} INFO - DAG(s) 'example_setup_teardown' retrieved from /home/airflow/.local/lib/python3.12/site-packages/airflow/example_dags/example_setup_teardown.py
[2024-11-25T02:06:40.873+0000] {logging_mixin.py:190} INFO - [2024-11-25T02:06:40.872+0000] {dag.py:3239} INFO - Sync 1 DAGs
[2024-11-25T02:06:40.913+0000] {logging_mixin.py:190} INFO - [2024-11-25T02:06:40.912+0000] {dag.py:4180} INFO - Setting next_dagrun for example_setup_teardown to None, run_after=None
[2024-11-25T02:06:40.949+0000] {processor.py:208} INFO - Processing /home/airflow/.local/lib/python3.12/site-packages/airflow/example_dags/example_setup_teardown.py took 0.190 seconds
[2024-11-25T02:07:11.616+0000] {processor.py:186} INFO - Started process (PID=1586) to work on /home/airflow/.local/lib/python3.12/site-packages/airflow/example_dags/example_setup_teardown.py
[2024-11-25T02:07:11.617+0000] {processor.py:914} INFO - Processing file /home/airflow/.local/lib/python3.12/site-packages/airflow/example_dags/example_setup_teardown.py for tasks to queue
[2024-11-25T02:07:11.620+0000] {logging_mixin.py:190} INFO - [2024-11-25T02:07:11.620+0000] {dagbag.py:588} INFO - Filling up the DagBag from /home/airflow/.local/lib/python3.12/site-packages/airflow/example_dags/example_setup_teardown.py
[2024-11-25T02:07:11.629+0000] {processor.py:925} INFO - DAG(s) 'example_setup_teardown' retrieved from /home/airflow/.local/lib/python3.12/site-packages/airflow/example_dags/example_setup_teardown.py
[2024-11-25T02:07:11.684+0000] {logging_mixin.py:190} INFO - [2024-11-25T02:07:11.683+0000] {dag.py:3239} INFO - Sync 1 DAGs
[2024-11-25T02:07:11.707+0000] {logging_mixin.py:190} INFO - [2024-11-25T02:07:11.707+0000] {dag.py:4180} INFO - Setting next_dagrun for example_setup_teardown to None, run_after=None
[2024-11-25T02:07:11.732+0000] {processor.py:208} INFO - Processing /home/airflow/.local/lib/python3.12/site-packages/airflow/example_dags/example_setup_teardown.py took 0.122 seconds
[2024-11-25T02:07:41.888+0000] {processor.py:186} INFO - Started process (PID=1650) to work on /home/airflow/.local/lib/python3.12/site-packages/airflow/example_dags/example_setup_teardown.py
[2024-11-25T02:07:41.889+0000] {processor.py:914} INFO - Processing file /home/airflow/.local/lib/python3.12/site-packages/airflow/example_dags/example_setup_teardown.py for tasks to queue
[2024-11-25T02:07:41.892+0000] {logging_mixin.py:190} INFO - [2024-11-25T02:07:41.891+0000] {dagbag.py:588} INFO - Filling up the DagBag from /home/airflow/.local/lib/python3.12/site-packages/airflow/example_dags/example_setup_teardown.py
[2024-11-25T02:07:41.899+0000] {processor.py:925} INFO - DAG(s) 'example_setup_teardown' retrieved from /home/airflow/.local/lib/python3.12/site-packages/airflow/example_dags/example_setup_teardown.py
[2024-11-25T02:07:41.916+0000] {logging_mixin.py:190} INFO - [2024-11-25T02:07:41.916+0000] {dag.py:3239} INFO - Sync 1 DAGs
[2024-11-25T02:07:41.930+0000] {logging_mixin.py:190} INFO - [2024-11-25T02:07:41.930+0000] {dag.py:4180} INFO - Setting next_dagrun for example_setup_teardown to None, run_after=None
[2024-11-25T02:07:41.951+0000] {processor.py:208} INFO - Processing /home/airflow/.local/lib/python3.12/site-packages/airflow/example_dags/example_setup_teardown.py took 0.068 seconds
[2024-11-25T02:08:12.746+0000] {processor.py:186} INFO - Started process (PID=1714) to work on /home/airflow/.local/lib/python3.12/site-packages/airflow/example_dags/example_setup_teardown.py
[2024-11-25T02:08:12.747+0000] {processor.py:914} INFO - Processing file /home/airflow/.local/lib/python3.12/site-packages/airflow/example_dags/example_setup_teardown.py for tasks to queue
[2024-11-25T02:08:12.749+0000] {logging_mixin.py:190} INFO - [2024-11-25T02:08:12.749+0000] {dagbag.py:588} INFO - Filling up the DagBag from /home/airflow/.local/lib/python3.12/site-packages/airflow/example_dags/example_setup_teardown.py
[2024-11-25T02:08:12.757+0000] {processor.py:925} INFO - DAG(s) 'example_setup_teardown' retrieved from /home/airflow/.local/lib/python3.12/site-packages/airflow/example_dags/example_setup_teardown.py
[2024-11-25T02:08:12.776+0000] {logging_mixin.py:190} INFO - [2024-11-25T02:08:12.776+0000] {dag.py:3239} INFO - Sync 1 DAGs
[2024-11-25T02:08:12.792+0000] {logging_mixin.py:190} INFO - [2024-11-25T02:08:12.791+0000] {dag.py:4180} INFO - Setting next_dagrun for example_setup_teardown to None, run_after=None
[2024-11-25T02:08:12.811+0000] {processor.py:208} INFO - Processing /home/airflow/.local/lib/python3.12/site-packages/airflow/example_dags/example_setup_teardown.py took 0.069 seconds
[2024-11-25T02:08:43.476+0000] {processor.py:186} INFO - Started process (PID=1778) to work on /home/airflow/.local/lib/python3.12/site-packages/airflow/example_dags/example_setup_teardown.py
[2024-11-25T02:08:43.484+0000] {processor.py:914} INFO - Processing file /home/airflow/.local/lib/python3.12/site-packages/airflow/example_dags/example_setup_teardown.py for tasks to queue
[2024-11-25T02:08:43.491+0000] {logging_mixin.py:190} INFO - [2024-11-25T02:08:43.491+0000] {dagbag.py:588} INFO - Filling up the DagBag from /home/airflow/.local/lib/python3.12/site-packages/airflow/example_dags/example_setup_teardown.py
[2024-11-25T02:08:43.534+0000] {processor.py:925} INFO - DAG(s) 'example_setup_teardown' retrieved from /home/airflow/.local/lib/python3.12/site-packages/airflow/example_dags/example_setup_teardown.py
[2024-11-25T02:08:43.605+0000] {logging_mixin.py:190} INFO - [2024-11-25T02:08:43.604+0000] {dag.py:3239} INFO - Sync 1 DAGs
[2024-11-25T02:08:43.681+0000] {logging_mixin.py:190} INFO - [2024-11-25T02:08:43.681+0000] {dag.py:4180} INFO - Setting next_dagrun for example_setup_teardown to None, run_after=None
[2024-11-25T02:08:43.888+0000] {processor.py:208} INFO - Processing /home/airflow/.local/lib/python3.12/site-packages/airflow/example_dags/example_setup_teardown.py took 0.422 seconds
[2024-11-25T02:09:14.010+0000] {processor.py:186} INFO - Started process (PID=1842) to work on /home/airflow/.local/lib/python3.12/site-packages/airflow/example_dags/example_setup_teardown.py
[2024-11-25T02:09:14.011+0000] {processor.py:914} INFO - Processing file /home/airflow/.local/lib/python3.12/site-packages/airflow/example_dags/example_setup_teardown.py for tasks to queue
[2024-11-25T02:09:14.013+0000] {logging_mixin.py:190} INFO - [2024-11-25T02:09:14.013+0000] {dagbag.py:588} INFO - Filling up the DagBag from /home/airflow/.local/lib/python3.12/site-packages/airflow/example_dags/example_setup_teardown.py
[2024-11-25T02:09:14.021+0000] {processor.py:925} INFO - DAG(s) 'example_setup_teardown' retrieved from /home/airflow/.local/lib/python3.12/site-packages/airflow/example_dags/example_setup_teardown.py
[2024-11-25T02:09:14.040+0000] {logging_mixin.py:190} INFO - [2024-11-25T02:09:14.040+0000] {dag.py:3239} INFO - Sync 1 DAGs
[2024-11-25T02:09:14.054+0000] {logging_mixin.py:190} INFO - [2024-11-25T02:09:14.054+0000] {dag.py:4180} INFO - Setting next_dagrun for example_setup_teardown to None, run_after=None
[2024-11-25T02:09:14.073+0000] {processor.py:208} INFO - Processing /home/airflow/.local/lib/python3.12/site-packages/airflow/example_dags/example_setup_teardown.py took 0.068 seconds
[2024-11-25T02:09:44.319+0000] {processor.py:186} INFO - Started process (PID=1906) to work on /home/airflow/.local/lib/python3.12/site-packages/airflow/example_dags/example_setup_teardown.py
[2024-11-25T02:09:44.319+0000] {processor.py:914} INFO - Processing file /home/airflow/.local/lib/python3.12/site-packages/airflow/example_dags/example_setup_teardown.py for tasks to queue
[2024-11-25T02:09:44.322+0000] {logging_mixin.py:190} INFO - [2024-11-25T02:09:44.321+0000] {dagbag.py:588} INFO - Filling up the DagBag from /home/airflow/.local/lib/python3.12/site-packages/airflow/example_dags/example_setup_teardown.py
[2024-11-25T02:09:44.330+0000] {processor.py:925} INFO - DAG(s) 'example_setup_teardown' retrieved from /home/airflow/.local/lib/python3.12/site-packages/airflow/example_dags/example_setup_teardown.py
[2024-11-25T02:09:44.348+0000] {logging_mixin.py:190} INFO - [2024-11-25T02:09:44.348+0000] {dag.py:3239} INFO - Sync 1 DAGs
[2024-11-25T02:09:44.364+0000] {logging_mixin.py:190} INFO - [2024-11-25T02:09:44.363+0000] {dag.py:4180} INFO - Setting next_dagrun for example_setup_teardown to None, run_after=None
[2024-11-25T02:09:44.384+0000] {processor.py:208} INFO - Processing /home/airflow/.local/lib/python3.12/site-packages/airflow/example_dags/example_setup_teardown.py took 0.070 seconds
[2024-11-25T02:10:14.504+0000] {processor.py:186} INFO - Started process (PID=1970) to work on /home/airflow/.local/lib/python3.12/site-packages/airflow/example_dags/example_setup_teardown.py
[2024-11-25T02:10:14.505+0000] {processor.py:914} INFO - Processing file /home/airflow/.local/lib/python3.12/site-packages/airflow/example_dags/example_setup_teardown.py for tasks to queue
[2024-11-25T02:10:14.508+0000] {logging_mixin.py:190} INFO - [2024-11-25T02:10:14.507+0000] {dagbag.py:588} INFO - Filling up the DagBag from /home/airflow/.local/lib/python3.12/site-packages/airflow/example_dags/example_setup_teardown.py
[2024-11-25T02:10:14.520+0000] {processor.py:925} INFO - DAG(s) 'example_setup_teardown' retrieved from /home/airflow/.local/lib/python3.12/site-packages/airflow/example_dags/example_setup_teardown.py
[2024-11-25T02:10:14.543+0000] {logging_mixin.py:190} INFO - [2024-11-25T02:10:14.543+0000] {dag.py:3239} INFO - Sync 1 DAGs
[2024-11-25T02:10:14.562+0000] {logging_mixin.py:190} INFO - [2024-11-25T02:10:14.562+0000] {dag.py:4180} INFO - Setting next_dagrun for example_setup_teardown to None, run_after=None
[2024-11-25T02:10:14.584+0000] {processor.py:208} INFO - Processing /home/airflow/.local/lib/python3.12/site-packages/airflow/example_dags/example_setup_teardown.py took 0.086 seconds
[2024-11-25T02:10:45.111+0000] {processor.py:186} INFO - Started process (PID=2032) to work on /home/airflow/.local/lib/python3.12/site-packages/airflow/example_dags/example_setup_teardown.py
[2024-11-25T02:10:45.113+0000] {processor.py:914} INFO - Processing file /home/airflow/.local/lib/python3.12/site-packages/airflow/example_dags/example_setup_teardown.py for tasks to queue
[2024-11-25T02:10:45.116+0000] {logging_mixin.py:190} INFO - [2024-11-25T02:10:45.116+0000] {dagbag.py:588} INFO - Filling up the DagBag from /home/airflow/.local/lib/python3.12/site-packages/airflow/example_dags/example_setup_teardown.py
[2024-11-25T02:10:45.134+0000] {processor.py:925} INFO - DAG(s) 'example_setup_teardown' retrieved from /home/airflow/.local/lib/python3.12/site-packages/airflow/example_dags/example_setup_teardown.py
[2024-11-25T02:10:45.170+0000] {logging_mixin.py:190} INFO - [2024-11-25T02:10:45.170+0000] {dag.py:3239} INFO - Sync 1 DAGs
[2024-11-25T02:10:45.198+0000] {logging_mixin.py:190} INFO - [2024-11-25T02:10:45.198+0000] {dag.py:4180} INFO - Setting next_dagrun for example_setup_teardown to None, run_after=None
[2024-11-25T02:10:45.227+0000] {processor.py:208} INFO - Processing /home/airflow/.local/lib/python3.12/site-packages/airflow/example_dags/example_setup_teardown.py took 0.127 seconds
[2024-11-25T02:11:15.406+0000] {processor.py:186} INFO - Started process (PID=2097) to work on /home/airflow/.local/lib/python3.12/site-packages/airflow/example_dags/example_setup_teardown.py
[2024-11-25T02:11:15.407+0000] {processor.py:914} INFO - Processing file /home/airflow/.local/lib/python3.12/site-packages/airflow/example_dags/example_setup_teardown.py for tasks to queue
[2024-11-25T02:11:15.410+0000] {logging_mixin.py:190} INFO - [2024-11-25T02:11:15.409+0000] {dagbag.py:588} INFO - Filling up the DagBag from /home/airflow/.local/lib/python3.12/site-packages/airflow/example_dags/example_setup_teardown.py
[2024-11-25T02:11:15.419+0000] {processor.py:925} INFO - DAG(s) 'example_setup_teardown' retrieved from /home/airflow/.local/lib/python3.12/site-packages/airflow/example_dags/example_setup_teardown.py
[2024-11-25T02:11:15.440+0000] {logging_mixin.py:190} INFO - [2024-11-25T02:11:15.439+0000] {dag.py:3239} INFO - Sync 1 DAGs
[2024-11-25T02:11:15.456+0000] {logging_mixin.py:190} INFO - [2024-11-25T02:11:15.456+0000] {dag.py:4180} INFO - Setting next_dagrun for example_setup_teardown to None, run_after=None
[2024-11-25T02:11:15.478+0000] {processor.py:208} INFO - Processing /home/airflow/.local/lib/python3.12/site-packages/airflow/example_dags/example_setup_teardown.py took 0.077 seconds
[2024-11-25T02:11:46.237+0000] {processor.py:186} INFO - Started process (PID=2161) to work on /home/airflow/.local/lib/python3.12/site-packages/airflow/example_dags/example_setup_teardown.py
[2024-11-25T02:11:46.238+0000] {processor.py:914} INFO - Processing file /home/airflow/.local/lib/python3.12/site-packages/airflow/example_dags/example_setup_teardown.py for tasks to queue
[2024-11-25T02:11:46.243+0000] {logging_mixin.py:190} INFO - [2024-11-25T02:11:46.242+0000] {dagbag.py:588} INFO - Filling up the DagBag from /home/airflow/.local/lib/python3.12/site-packages/airflow/example_dags/example_setup_teardown.py
[2024-11-25T02:11:46.253+0000] {processor.py:925} INFO - DAG(s) 'example_setup_teardown' retrieved from /home/airflow/.local/lib/python3.12/site-packages/airflow/example_dags/example_setup_teardown.py
[2024-11-25T02:11:46.277+0000] {logging_mixin.py:190} INFO - [2024-11-25T02:11:46.276+0000] {dag.py:3239} INFO - Sync 1 DAGs
[2024-11-25T02:11:46.296+0000] {logging_mixin.py:190} INFO - [2024-11-25T02:11:46.296+0000] {dag.py:4180} INFO - Setting next_dagrun for example_setup_teardown to None, run_after=None
[2024-11-25T02:11:46.317+0000] {processor.py:208} INFO - Processing /home/airflow/.local/lib/python3.12/site-packages/airflow/example_dags/example_setup_teardown.py took 0.087 seconds
[2024-11-25T02:12:17.093+0000] {processor.py:186} INFO - Started process (PID=2225) to work on /home/airflow/.local/lib/python3.12/site-packages/airflow/example_dags/example_setup_teardown.py
[2024-11-25T02:12:17.095+0000] {processor.py:914} INFO - Processing file /home/airflow/.local/lib/python3.12/site-packages/airflow/example_dags/example_setup_teardown.py for tasks to queue
[2024-11-25T02:12:17.099+0000] {logging_mixin.py:190} INFO - [2024-11-25T02:12:17.099+0000] {dagbag.py:588} INFO - Filling up the DagBag from /home/airflow/.local/lib/python3.12/site-packages/airflow/example_dags/example_setup_teardown.py
[2024-11-25T02:12:17.112+0000] {processor.py:925} INFO - DAG(s) 'example_setup_teardown' retrieved from /home/airflow/.local/lib/python3.12/site-packages/airflow/example_dags/example_setup_teardown.py
[2024-11-25T02:12:17.155+0000] {logging_mixin.py:190} INFO - [2024-11-25T02:12:17.154+0000] {dag.py:3239} INFO - Sync 1 DAGs
[2024-11-25T02:12:17.175+0000] {logging_mixin.py:190} INFO - [2024-11-25T02:12:17.175+0000] {dag.py:4180} INFO - Setting next_dagrun for example_setup_teardown to None, run_after=None
[2024-11-25T02:12:17.200+0000] {processor.py:208} INFO - Processing /home/airflow/.local/lib/python3.12/site-packages/airflow/example_dags/example_setup_teardown.py took 0.122 seconds
[2024-11-25T02:12:47.733+0000] {processor.py:186} INFO - Started process (PID=2289) to work on /home/airflow/.local/lib/python3.12/site-packages/airflow/example_dags/example_setup_teardown.py
[2024-11-25T02:12:47.734+0000] {processor.py:914} INFO - Processing file /home/airflow/.local/lib/python3.12/site-packages/airflow/example_dags/example_setup_teardown.py for tasks to queue
[2024-11-25T02:12:47.737+0000] {logging_mixin.py:190} INFO - [2024-11-25T02:12:47.736+0000] {dagbag.py:588} INFO - Filling up the DagBag from /home/airflow/.local/lib/python3.12/site-packages/airflow/example_dags/example_setup_teardown.py
[2024-11-25T02:12:47.745+0000] {processor.py:925} INFO - DAG(s) 'example_setup_teardown' retrieved from /home/airflow/.local/lib/python3.12/site-packages/airflow/example_dags/example_setup_teardown.py
[2024-11-25T02:12:47.765+0000] {logging_mixin.py:190} INFO - [2024-11-25T02:12:47.765+0000] {dag.py:3239} INFO - Sync 1 DAGs
[2024-11-25T02:12:47.789+0000] {logging_mixin.py:190} INFO - [2024-11-25T02:12:47.789+0000] {dag.py:4180} INFO - Setting next_dagrun for example_setup_teardown to None, run_after=None
[2024-11-25T02:12:47.807+0000] {processor.py:208} INFO - Processing /home/airflow/.local/lib/python3.12/site-packages/airflow/example_dags/example_setup_teardown.py took 0.079 seconds
[2024-11-25T02:13:18.277+0000] {processor.py:186} INFO - Started process (PID=2353) to work on /home/airflow/.local/lib/python3.12/site-packages/airflow/example_dags/example_setup_teardown.py
[2024-11-25T02:13:18.279+0000] {processor.py:914} INFO - Processing file /home/airflow/.local/lib/python3.12/site-packages/airflow/example_dags/example_setup_teardown.py for tasks to queue
[2024-11-25T02:13:18.281+0000] {logging_mixin.py:190} INFO - [2024-11-25T02:13:18.281+0000] {dagbag.py:588} INFO - Filling up the DagBag from /home/airflow/.local/lib/python3.12/site-packages/airflow/example_dags/example_setup_teardown.py
[2024-11-25T02:13:18.290+0000] {processor.py:925} INFO - DAG(s) 'example_setup_teardown' retrieved from /home/airflow/.local/lib/python3.12/site-packages/airflow/example_dags/example_setup_teardown.py
[2024-11-25T02:13:18.311+0000] {logging_mixin.py:190} INFO - [2024-11-25T02:13:18.310+0000] {dag.py:3239} INFO - Sync 1 DAGs
[2024-11-25T02:13:18.327+0000] {logging_mixin.py:190} INFO - [2024-11-25T02:13:18.327+0000] {dag.py:4180} INFO - Setting next_dagrun for example_setup_teardown to None, run_after=None
[2024-11-25T02:13:18.347+0000] {processor.py:208} INFO - Processing /home/airflow/.local/lib/python3.12/site-packages/airflow/example_dags/example_setup_teardown.py took 0.076 seconds
[2024-11-25T02:13:48.530+0000] {processor.py:186} INFO - Started process (PID=2418) to work on /home/airflow/.local/lib/python3.12/site-packages/airflow/example_dags/example_setup_teardown.py
[2024-11-25T02:13:48.532+0000] {processor.py:914} INFO - Processing file /home/airflow/.local/lib/python3.12/site-packages/airflow/example_dags/example_setup_teardown.py for tasks to queue
[2024-11-25T02:13:48.536+0000] {logging_mixin.py:190} INFO - [2024-11-25T02:13:48.535+0000] {dagbag.py:588} INFO - Filling up the DagBag from /home/airflow/.local/lib/python3.12/site-packages/airflow/example_dags/example_setup_teardown.py
[2024-11-25T02:13:48.552+0000] {processor.py:925} INFO - DAG(s) 'example_setup_teardown' retrieved from /home/airflow/.local/lib/python3.12/site-packages/airflow/example_dags/example_setup_teardown.py
[2024-11-25T02:13:48.585+0000] {logging_mixin.py:190} INFO - [2024-11-25T02:13:48.584+0000] {dag.py:3239} INFO - Sync 1 DAGs
[2024-11-25T02:13:48.614+0000] {logging_mixin.py:190} INFO - [2024-11-25T02:13:48.614+0000] {dag.py:4180} INFO - Setting next_dagrun for example_setup_teardown to None, run_after=None
[2024-11-25T02:13:48.664+0000] {processor.py:208} INFO - Processing /home/airflow/.local/lib/python3.12/site-packages/airflow/example_dags/example_setup_teardown.py took 0.145 seconds
[2024-11-25T02:14:19.480+0000] {processor.py:186} INFO - Started process (PID=2480) to work on /home/airflow/.local/lib/python3.12/site-packages/airflow/example_dags/example_setup_teardown.py
[2024-11-25T02:14:19.481+0000] {processor.py:914} INFO - Processing file /home/airflow/.local/lib/python3.12/site-packages/airflow/example_dags/example_setup_teardown.py for tasks to queue
[2024-11-25T02:14:19.484+0000] {logging_mixin.py:190} INFO - [2024-11-25T02:14:19.483+0000] {dagbag.py:588} INFO - Filling up the DagBag from /home/airflow/.local/lib/python3.12/site-packages/airflow/example_dags/example_setup_teardown.py
[2024-11-25T02:14:19.495+0000] {processor.py:925} INFO - DAG(s) 'example_setup_teardown' retrieved from /home/airflow/.local/lib/python3.12/site-packages/airflow/example_dags/example_setup_teardown.py
[2024-11-25T02:14:19.517+0000] {logging_mixin.py:190} INFO - [2024-11-25T02:14:19.517+0000] {dag.py:3239} INFO - Sync 1 DAGs
[2024-11-25T02:14:19.543+0000] {logging_mixin.py:190} INFO - [2024-11-25T02:14:19.543+0000] {dag.py:4180} INFO - Setting next_dagrun for example_setup_teardown to None, run_after=None
[2024-11-25T02:14:19.561+0000] {processor.py:208} INFO - Processing /home/airflow/.local/lib/python3.12/site-packages/airflow/example_dags/example_setup_teardown.py took 0.087 seconds
[2024-11-25T02:14:51.302+0000] {processor.py:186} INFO - Started process (PID=2544) to work on /home/airflow/.local/lib/python3.12/site-packages/airflow/example_dags/example_setup_teardown.py
[2024-11-25T02:14:51.303+0000] {processor.py:914} INFO - Processing file /home/airflow/.local/lib/python3.12/site-packages/airflow/example_dags/example_setup_teardown.py for tasks to queue
[2024-11-25T02:14:51.308+0000] {logging_mixin.py:190} INFO - [2024-11-25T02:14:51.307+0000] {dagbag.py:588} INFO - Filling up the DagBag from /home/airflow/.local/lib/python3.12/site-packages/airflow/example_dags/example_setup_teardown.py
[2024-11-25T02:14:51.334+0000] {processor.py:925} INFO - DAG(s) 'example_setup_teardown' retrieved from /home/airflow/.local/lib/python3.12/site-packages/airflow/example_dags/example_setup_teardown.py
[2024-11-25T02:14:51.391+0000] {logging_mixin.py:190} INFO - [2024-11-25T02:14:51.391+0000] {dag.py:3239} INFO - Sync 1 DAGs
[2024-11-25T02:14:51.418+0000] {logging_mixin.py:190} INFO - [2024-11-25T02:14:51.418+0000] {dag.py:4180} INFO - Setting next_dagrun for example_setup_teardown to None, run_after=None
[2024-11-25T02:14:51.449+0000] {processor.py:208} INFO - Processing /home/airflow/.local/lib/python3.12/site-packages/airflow/example_dags/example_setup_teardown.py took 0.182 seconds
[2024-11-25T02:15:22.323+0000] {processor.py:186} INFO - Started process (PID=2609) to work on /home/airflow/.local/lib/python3.12/site-packages/airflow/example_dags/example_setup_teardown.py
[2024-11-25T02:15:22.324+0000] {processor.py:914} INFO - Processing file /home/airflow/.local/lib/python3.12/site-packages/airflow/example_dags/example_setup_teardown.py for tasks to queue
[2024-11-25T02:15:22.326+0000] {logging_mixin.py:190} INFO - [2024-11-25T02:15:22.326+0000] {dagbag.py:588} INFO - Filling up the DagBag from /home/airflow/.local/lib/python3.12/site-packages/airflow/example_dags/example_setup_teardown.py
[2024-11-25T02:15:22.336+0000] {processor.py:925} INFO - DAG(s) 'example_setup_teardown' retrieved from /home/airflow/.local/lib/python3.12/site-packages/airflow/example_dags/example_setup_teardown.py
[2024-11-25T02:15:22.358+0000] {logging_mixin.py:190} INFO - [2024-11-25T02:15:22.358+0000] {dag.py:3239} INFO - Sync 1 DAGs
[2024-11-25T02:15:22.542+0000] {logging_mixin.py:190} INFO - [2024-11-25T02:15:22.542+0000] {dag.py:4180} INFO - Setting next_dagrun for example_setup_teardown to None, run_after=None
[2024-11-25T02:15:22.558+0000] {processor.py:208} INFO - Processing /home/airflow/.local/lib/python3.12/site-packages/airflow/example_dags/example_setup_teardown.py took 0.241 seconds
[2024-11-25T02:15:53.024+0000] {processor.py:186} INFO - Started process (PID=2673) to work on /home/airflow/.local/lib/python3.12/site-packages/airflow/example_dags/example_setup_teardown.py
[2024-11-25T02:15:53.025+0000] {processor.py:914} INFO - Processing file /home/airflow/.local/lib/python3.12/site-packages/airflow/example_dags/example_setup_teardown.py for tasks to queue
[2024-11-25T02:15:53.027+0000] {logging_mixin.py:190} INFO - [2024-11-25T02:15:53.027+0000] {dagbag.py:588} INFO - Filling up the DagBag from /home/airflow/.local/lib/python3.12/site-packages/airflow/example_dags/example_setup_teardown.py
[2024-11-25T02:15:53.035+0000] {processor.py:925} INFO - DAG(s) 'example_setup_teardown' retrieved from /home/airflow/.local/lib/python3.12/site-packages/airflow/example_dags/example_setup_teardown.py
[2024-11-25T02:15:53.053+0000] {logging_mixin.py:190} INFO - [2024-11-25T02:15:53.053+0000] {dag.py:3239} INFO - Sync 1 DAGs
[2024-11-25T02:15:53.078+0000] {logging_mixin.py:190} INFO - [2024-11-25T02:15:53.078+0000] {dag.py:4180} INFO - Setting next_dagrun for example_setup_teardown to None, run_after=None
[2024-11-25T02:15:53.263+0000] {processor.py:208} INFO - Processing /home/airflow/.local/lib/python3.12/site-packages/airflow/example_dags/example_setup_teardown.py took 0.244 seconds
[2024-11-25T02:16:23.738+0000] {processor.py:186} INFO - Started process (PID=2737) to work on /home/airflow/.local/lib/python3.12/site-packages/airflow/example_dags/example_setup_teardown.py
[2024-11-25T02:16:23.748+0000] {processor.py:914} INFO - Processing file /home/airflow/.local/lib/python3.12/site-packages/airflow/example_dags/example_setup_teardown.py for tasks to queue
[2024-11-25T02:16:23.752+0000] {logging_mixin.py:190} INFO - [2024-11-25T02:16:23.751+0000] {dagbag.py:588} INFO - Filling up the DagBag from /home/airflow/.local/lib/python3.12/site-packages/airflow/example_dags/example_setup_teardown.py
[2024-11-25T02:16:23.770+0000] {processor.py:925} INFO - DAG(s) 'example_setup_teardown' retrieved from /home/airflow/.local/lib/python3.12/site-packages/airflow/example_dags/example_setup_teardown.py
[2024-11-25T02:16:23.803+0000] {logging_mixin.py:190} INFO - [2024-11-25T02:16:23.803+0000] {dag.py:3239} INFO - Sync 1 DAGs
[2024-11-25T02:16:23.824+0000] {logging_mixin.py:190} INFO - [2024-11-25T02:16:23.823+0000] {dag.py:4180} INFO - Setting next_dagrun for example_setup_teardown to None, run_after=None
[2024-11-25T02:16:23.852+0000] {processor.py:208} INFO - Processing /home/airflow/.local/lib/python3.12/site-packages/airflow/example_dags/example_setup_teardown.py took 0.124 seconds
