[2024-11-25T01:55:29.088+0000] {processor.py:186} INFO - Started process (PID=124) to work on /home/airflow/.local/lib/python3.12/site-packages/airflow/example_dags/example_latest_only_with_trigger.py
[2024-11-25T01:55:29.090+0000] {processor.py:914} INFO - Processing file /home/airflow/.local/lib/python3.12/site-packages/airflow/example_dags/example_latest_only_with_trigger.py for tasks to queue
[2024-11-25T01:55:29.106+0000] {logging_mixin.py:190} INFO - [2024-11-25T01:55:29.105+0000] {dagbag.py:588} INFO - Filling up the DagBag from /home/airflow/.local/lib/python3.12/site-packages/airflow/example_dags/example_latest_only_with_trigger.py
[2024-11-25T01:55:29.135+0000] {processor.py:925} INFO - DAG(s) 'latest_only_with_trigger' retrieved from /home/airflow/.local/lib/python3.12/site-packages/airflow/example_dags/example_latest_only_with_trigger.py
[2024-11-25T01:55:29.270+0000] {logging_mixin.py:190} INFO - [2024-11-25T01:55:29.269+0000] {dag.py:3239} INFO - Sync 1 DAGs
[2024-11-25T01:55:29.324+0000] {logging_mixin.py:190} INFO - [2024-11-25T01:55:29.324+0000] {dag.py:4180} INFO - Setting next_dagrun for latest_only_with_trigger to 2024-11-24 20:00:00+00:00, run_after=2024-11-25 00:00:00+00:00
[2024-11-25T01:55:29.378+0000] {processor.py:208} INFO - Processing /home/airflow/.local/lib/python3.12/site-packages/airflow/example_dags/example_latest_only_with_trigger.py took 0.303 seconds
[2024-11-25T01:55:59.904+0000] {processor.py:186} INFO - Started process (PID=187) to work on /home/airflow/.local/lib/python3.12/site-packages/airflow/example_dags/example_latest_only_with_trigger.py
[2024-11-25T01:55:59.905+0000] {processor.py:914} INFO - Processing file /home/airflow/.local/lib/python3.12/site-packages/airflow/example_dags/example_latest_only_with_trigger.py for tasks to queue
[2024-11-25T01:55:59.907+0000] {logging_mixin.py:190} INFO - [2024-11-25T01:55:59.907+0000] {dagbag.py:588} INFO - Filling up the DagBag from /home/airflow/.local/lib/python3.12/site-packages/airflow/example_dags/example_latest_only_with_trigger.py
[2024-11-25T01:55:59.914+0000] {processor.py:925} INFO - DAG(s) 'latest_only_with_trigger' retrieved from /home/airflow/.local/lib/python3.12/site-packages/airflow/example_dags/example_latest_only_with_trigger.py
[2024-11-25T01:55:59.934+0000] {logging_mixin.py:190} INFO - [2024-11-25T01:55:59.934+0000] {dag.py:3239} INFO - Sync 1 DAGs
[2024-11-25T01:55:59.959+0000] {logging_mixin.py:190} INFO - [2024-11-25T01:55:59.959+0000] {dag.py:4180} INFO - Setting next_dagrun for latest_only_with_trigger to 2024-11-24 20:00:00+00:00, run_after=2024-11-25 00:00:00+00:00
[2024-11-25T01:55:59.977+0000] {processor.py:208} INFO - Processing /home/airflow/.local/lib/python3.12/site-packages/airflow/example_dags/example_latest_only_with_trigger.py took 0.078 seconds
[2024-11-25T01:56:30.260+0000] {processor.py:186} INFO - Started process (PID=251) to work on /home/airflow/.local/lib/python3.12/site-packages/airflow/example_dags/example_latest_only_with_trigger.py
[2024-11-25T01:56:30.261+0000] {processor.py:914} INFO - Processing file /home/airflow/.local/lib/python3.12/site-packages/airflow/example_dags/example_latest_only_with_trigger.py for tasks to queue
[2024-11-25T01:56:30.264+0000] {logging_mixin.py:190} INFO - [2024-11-25T01:56:30.263+0000] {dagbag.py:588} INFO - Filling up the DagBag from /home/airflow/.local/lib/python3.12/site-packages/airflow/example_dags/example_latest_only_with_trigger.py
[2024-11-25T01:56:30.273+0000] {processor.py:925} INFO - DAG(s) 'latest_only_with_trigger' retrieved from /home/airflow/.local/lib/python3.12/site-packages/airflow/example_dags/example_latest_only_with_trigger.py
[2024-11-25T01:56:30.295+0000] {logging_mixin.py:190} INFO - [2024-11-25T01:56:30.295+0000] {dag.py:3239} INFO - Sync 1 DAGs
[2024-11-25T01:56:30.322+0000] {logging_mixin.py:190} INFO - [2024-11-25T01:56:30.322+0000] {dag.py:4180} INFO - Setting next_dagrun for latest_only_with_trigger to 2024-11-24 20:00:00+00:00, run_after=2024-11-25 00:00:00+00:00
[2024-11-25T01:56:30.352+0000] {processor.py:208} INFO - Processing /home/airflow/.local/lib/python3.12/site-packages/airflow/example_dags/example_latest_only_with_trigger.py took 0.101 seconds
[2024-11-25T01:57:03.816+0000] {processor.py:186} INFO - Started process (PID=315) to work on /home/airflow/.local/lib/python3.12/site-packages/airflow/example_dags/example_latest_only_with_trigger.py
[2024-11-25T01:57:03.818+0000] {processor.py:914} INFO - Processing file /home/airflow/.local/lib/python3.12/site-packages/airflow/example_dags/example_latest_only_with_trigger.py for tasks to queue
[2024-11-25T01:57:03.825+0000] {logging_mixin.py:190} INFO - [2024-11-25T01:57:03.824+0000] {dagbag.py:588} INFO - Filling up the DagBag from /home/airflow/.local/lib/python3.12/site-packages/airflow/example_dags/example_latest_only_with_trigger.py
[2024-11-25T01:57:03.846+0000] {processor.py:925} INFO - DAG(s) 'latest_only_with_trigger' retrieved from /home/airflow/.local/lib/python3.12/site-packages/airflow/example_dags/example_latest_only_with_trigger.py
[2024-11-25T01:57:03.952+0000] {logging_mixin.py:190} INFO - [2024-11-25T01:57:03.951+0000] {dag.py:3239} INFO - Sync 1 DAGs
[2024-11-25T01:57:04.081+0000] {logging_mixin.py:190} INFO - [2024-11-25T01:57:04.081+0000] {dag.py:4180} INFO - Setting next_dagrun for latest_only_with_trigger to 2024-11-24 20:00:00+00:00, run_after=2024-11-25 00:00:00+00:00
[2024-11-25T01:57:04.214+0000] {processor.py:208} INFO - Processing /home/airflow/.local/lib/python3.12/site-packages/airflow/example_dags/example_latest_only_with_trigger.py took 0.408 seconds
[2024-11-25T01:57:35.037+0000] {processor.py:186} INFO - Started process (PID=378) to work on /home/airflow/.local/lib/python3.12/site-packages/airflow/example_dags/example_latest_only_with_trigger.py
[2024-11-25T01:57:35.038+0000] {processor.py:914} INFO - Processing file /home/airflow/.local/lib/python3.12/site-packages/airflow/example_dags/example_latest_only_with_trigger.py for tasks to queue
[2024-11-25T01:57:35.041+0000] {logging_mixin.py:190} INFO - [2024-11-25T01:57:35.041+0000] {dagbag.py:588} INFO - Filling up the DagBag from /home/airflow/.local/lib/python3.12/site-packages/airflow/example_dags/example_latest_only_with_trigger.py
[2024-11-25T01:57:35.050+0000] {processor.py:925} INFO - DAG(s) 'latest_only_with_trigger' retrieved from /home/airflow/.local/lib/python3.12/site-packages/airflow/example_dags/example_latest_only_with_trigger.py
[2024-11-25T01:57:35.074+0000] {logging_mixin.py:190} INFO - [2024-11-25T01:57:35.074+0000] {dag.py:3239} INFO - Sync 1 DAGs
[2024-11-25T01:57:35.101+0000] {logging_mixin.py:190} INFO - [2024-11-25T01:57:35.100+0000] {dag.py:4180} INFO - Setting next_dagrun for latest_only_with_trigger to 2024-11-24 20:00:00+00:00, run_after=2024-11-25 00:00:00+00:00
[2024-11-25T01:57:35.127+0000] {processor.py:208} INFO - Processing /home/airflow/.local/lib/python3.12/site-packages/airflow/example_dags/example_latest_only_with_trigger.py took 0.096 seconds
[2024-11-25T01:58:05.717+0000] {processor.py:186} INFO - Started process (PID=442) to work on /home/airflow/.local/lib/python3.12/site-packages/airflow/example_dags/example_latest_only_with_trigger.py
[2024-11-25T01:58:05.718+0000] {processor.py:914} INFO - Processing file /home/airflow/.local/lib/python3.12/site-packages/airflow/example_dags/example_latest_only_with_trigger.py for tasks to queue
[2024-11-25T01:58:05.720+0000] {logging_mixin.py:190} INFO - [2024-11-25T01:58:05.720+0000] {dagbag.py:588} INFO - Filling up the DagBag from /home/airflow/.local/lib/python3.12/site-packages/airflow/example_dags/example_latest_only_with_trigger.py
[2024-11-25T01:58:05.728+0000] {processor.py:925} INFO - DAG(s) 'latest_only_with_trigger' retrieved from /home/airflow/.local/lib/python3.12/site-packages/airflow/example_dags/example_latest_only_with_trigger.py
[2024-11-25T01:58:05.746+0000] {logging_mixin.py:190} INFO - [2024-11-25T01:58:05.746+0000] {dag.py:3239} INFO - Sync 1 DAGs
[2024-11-25T01:58:05.771+0000] {logging_mixin.py:190} INFO - [2024-11-25T01:58:05.770+0000] {dag.py:4180} INFO - Setting next_dagrun for latest_only_with_trigger to 2024-11-24 20:00:00+00:00, run_after=2024-11-25 00:00:00+00:00
[2024-11-25T01:58:05.789+0000] {processor.py:208} INFO - Processing /home/airflow/.local/lib/python3.12/site-packages/airflow/example_dags/example_latest_only_with_trigger.py took 0.077 seconds
[2024-11-25T01:58:35.863+0000] {processor.py:186} INFO - Started process (PID=506) to work on /home/airflow/.local/lib/python3.12/site-packages/airflow/example_dags/example_latest_only_with_trigger.py
[2024-11-25T01:58:35.864+0000] {processor.py:914} INFO - Processing file /home/airflow/.local/lib/python3.12/site-packages/airflow/example_dags/example_latest_only_with_trigger.py for tasks to queue
[2024-11-25T01:58:35.866+0000] {logging_mixin.py:190} INFO - [2024-11-25T01:58:35.866+0000] {dagbag.py:588} INFO - Filling up the DagBag from /home/airflow/.local/lib/python3.12/site-packages/airflow/example_dags/example_latest_only_with_trigger.py
[2024-11-25T01:58:35.873+0000] {processor.py:925} INFO - DAG(s) 'latest_only_with_trigger' retrieved from /home/airflow/.local/lib/python3.12/site-packages/airflow/example_dags/example_latest_only_with_trigger.py
[2024-11-25T01:58:35.892+0000] {logging_mixin.py:190} INFO - [2024-11-25T01:58:35.892+0000] {dag.py:3239} INFO - Sync 1 DAGs
[2024-11-25T01:58:35.916+0000] {logging_mixin.py:190} INFO - [2024-11-25T01:58:35.916+0000] {dag.py:4180} INFO - Setting next_dagrun for latest_only_with_trigger to 2024-11-24 20:00:00+00:00, run_after=2024-11-25 00:00:00+00:00
[2024-11-25T01:58:35.934+0000] {processor.py:208} INFO - Processing /home/airflow/.local/lib/python3.12/site-packages/airflow/example_dags/example_latest_only_with_trigger.py took 0.076 seconds
[2024-11-25T01:59:06.634+0000] {processor.py:186} INFO - Started process (PID=570) to work on /home/airflow/.local/lib/python3.12/site-packages/airflow/example_dags/example_latest_only_with_trigger.py
[2024-11-25T01:59:06.635+0000] {processor.py:914} INFO - Processing file /home/airflow/.local/lib/python3.12/site-packages/airflow/example_dags/example_latest_only_with_trigger.py for tasks to queue
[2024-11-25T01:59:06.639+0000] {logging_mixin.py:190} INFO - [2024-11-25T01:59:06.638+0000] {dagbag.py:588} INFO - Filling up the DagBag from /home/airflow/.local/lib/python3.12/site-packages/airflow/example_dags/example_latest_only_with_trigger.py
[2024-11-25T01:59:06.650+0000] {processor.py:925} INFO - DAG(s) 'latest_only_with_trigger' retrieved from /home/airflow/.local/lib/python3.12/site-packages/airflow/example_dags/example_latest_only_with_trigger.py
[2024-11-25T01:59:06.685+0000] {logging_mixin.py:190} INFO - [2024-11-25T01:59:06.684+0000] {dag.py:3239} INFO - Sync 1 DAGs
[2024-11-25T01:59:06.726+0000] {logging_mixin.py:190} INFO - [2024-11-25T01:59:06.726+0000] {dag.py:4180} INFO - Setting next_dagrun for latest_only_with_trigger to 2024-11-24 20:00:00+00:00, run_after=2024-11-25 00:00:00+00:00
[2024-11-25T01:59:06.746+0000] {processor.py:208} INFO - Processing /home/airflow/.local/lib/python3.12/site-packages/airflow/example_dags/example_latest_only_with_trigger.py took 0.120 seconds
[2024-11-25T01:59:37.699+0000] {processor.py:186} INFO - Started process (PID=634) to work on /home/airflow/.local/lib/python3.12/site-packages/airflow/example_dags/example_latest_only_with_trigger.py
[2024-11-25T01:59:37.700+0000] {processor.py:914} INFO - Processing file /home/airflow/.local/lib/python3.12/site-packages/airflow/example_dags/example_latest_only_with_trigger.py for tasks to queue
[2024-11-25T01:59:37.703+0000] {logging_mixin.py:190} INFO - [2024-11-25T01:59:37.702+0000] {dagbag.py:588} INFO - Filling up the DagBag from /home/airflow/.local/lib/python3.12/site-packages/airflow/example_dags/example_latest_only_with_trigger.py
[2024-11-25T01:59:37.711+0000] {processor.py:925} INFO - DAG(s) 'latest_only_with_trigger' retrieved from /home/airflow/.local/lib/python3.12/site-packages/airflow/example_dags/example_latest_only_with_trigger.py
[2024-11-25T01:59:37.732+0000] {logging_mixin.py:190} INFO - [2024-11-25T01:59:37.732+0000] {dag.py:3239} INFO - Sync 1 DAGs
[2024-11-25T01:59:37.758+0000] {logging_mixin.py:190} INFO - [2024-11-25T01:59:37.757+0000] {dag.py:4180} INFO - Setting next_dagrun for latest_only_with_trigger to 2024-11-24 20:00:00+00:00, run_after=2024-11-25 00:00:00+00:00
[2024-11-25T01:59:37.777+0000] {processor.py:208} INFO - Processing /home/airflow/.local/lib/python3.12/site-packages/airflow/example_dags/example_latest_only_with_trigger.py took 0.083 seconds
[2024-11-25T02:00:07.983+0000] {processor.py:186} INFO - Started process (PID=698) to work on /home/airflow/.local/lib/python3.12/site-packages/airflow/example_dags/example_latest_only_with_trigger.py
[2024-11-25T02:00:07.984+0000] {processor.py:914} INFO - Processing file /home/airflow/.local/lib/python3.12/site-packages/airflow/example_dags/example_latest_only_with_trigger.py for tasks to queue
[2024-11-25T02:00:07.986+0000] {logging_mixin.py:190} INFO - [2024-11-25T02:00:07.986+0000] {dagbag.py:588} INFO - Filling up the DagBag from /home/airflow/.local/lib/python3.12/site-packages/airflow/example_dags/example_latest_only_with_trigger.py
[2024-11-25T02:00:07.993+0000] {processor.py:925} INFO - DAG(s) 'latest_only_with_trigger' retrieved from /home/airflow/.local/lib/python3.12/site-packages/airflow/example_dags/example_latest_only_with_trigger.py
[2024-11-25T02:00:08.011+0000] {logging_mixin.py:190} INFO - [2024-11-25T02:00:08.011+0000] {dag.py:3239} INFO - Sync 1 DAGs
[2024-11-25T02:00:08.032+0000] {logging_mixin.py:190} INFO - [2024-11-25T02:00:08.032+0000] {dag.py:4180} INFO - Setting next_dagrun for latest_only_with_trigger to 2024-11-24 20:00:00+00:00, run_after=2024-11-25 00:00:00+00:00
[2024-11-25T02:00:08.051+0000] {processor.py:208} INFO - Processing /home/airflow/.local/lib/python3.12/site-packages/airflow/example_dags/example_latest_only_with_trigger.py took 0.073 seconds
[2024-11-25T02:00:38.386+0000] {processor.py:186} INFO - Started process (PID=766) to work on /home/airflow/.local/lib/python3.12/site-packages/airflow/example_dags/example_latest_only_with_trigger.py
[2024-11-25T02:00:38.387+0000] {processor.py:914} INFO - Processing file /home/airflow/.local/lib/python3.12/site-packages/airflow/example_dags/example_latest_only_with_trigger.py for tasks to queue
[2024-11-25T02:00:38.390+0000] {logging_mixin.py:190} INFO - [2024-11-25T02:00:38.389+0000] {dagbag.py:588} INFO - Filling up the DagBag from /home/airflow/.local/lib/python3.12/site-packages/airflow/example_dags/example_latest_only_with_trigger.py
[2024-11-25T02:00:38.396+0000] {processor.py:925} INFO - DAG(s) 'latest_only_with_trigger' retrieved from /home/airflow/.local/lib/python3.12/site-packages/airflow/example_dags/example_latest_only_with_trigger.py
[2024-11-25T02:00:38.415+0000] {logging_mixin.py:190} INFO - [2024-11-25T02:00:38.414+0000] {dag.py:3239} INFO - Sync 1 DAGs
[2024-11-25T02:00:38.436+0000] {logging_mixin.py:190} INFO - [2024-11-25T02:00:38.435+0000] {dag.py:4180} INFO - Setting next_dagrun for latest_only_with_trigger to 2024-11-24 20:00:00+00:00, run_after=2024-11-25 00:00:00+00:00
[2024-11-25T02:00:38.456+0000] {processor.py:208} INFO - Processing /home/airflow/.local/lib/python3.12/site-packages/airflow/example_dags/example_latest_only_with_trigger.py took 0.075 seconds
[2024-11-25T02:01:08.599+0000] {processor.py:186} INFO - Started process (PID=830) to work on /home/airflow/.local/lib/python3.12/site-packages/airflow/example_dags/example_latest_only_with_trigger.py
[2024-11-25T02:01:08.600+0000] {processor.py:914} INFO - Processing file /home/airflow/.local/lib/python3.12/site-packages/airflow/example_dags/example_latest_only_with_trigger.py for tasks to queue
[2024-11-25T02:01:08.602+0000] {logging_mixin.py:190} INFO - [2024-11-25T02:01:08.602+0000] {dagbag.py:588} INFO - Filling up the DagBag from /home/airflow/.local/lib/python3.12/site-packages/airflow/example_dags/example_latest_only_with_trigger.py
[2024-11-25T02:01:08.609+0000] {processor.py:925} INFO - DAG(s) 'latest_only_with_trigger' retrieved from /home/airflow/.local/lib/python3.12/site-packages/airflow/example_dags/example_latest_only_with_trigger.py
[2024-11-25T02:01:08.628+0000] {logging_mixin.py:190} INFO - [2024-11-25T02:01:08.628+0000] {dag.py:3239} INFO - Sync 1 DAGs
[2024-11-25T02:01:08.651+0000] {logging_mixin.py:190} INFO - [2024-11-25T02:01:08.650+0000] {dag.py:4180} INFO - Setting next_dagrun for latest_only_with_trigger to 2024-11-24 20:00:00+00:00, run_after=2024-11-25 00:00:00+00:00
[2024-11-25T02:01:08.670+0000] {processor.py:208} INFO - Processing /home/airflow/.local/lib/python3.12/site-packages/airflow/example_dags/example_latest_only_with_trigger.py took 0.076 seconds
[2024-11-25T02:01:39.098+0000] {processor.py:186} INFO - Started process (PID=894) to work on /home/airflow/.local/lib/python3.12/site-packages/airflow/example_dags/example_latest_only_with_trigger.py
[2024-11-25T02:01:39.099+0000] {processor.py:914} INFO - Processing file /home/airflow/.local/lib/python3.12/site-packages/airflow/example_dags/example_latest_only_with_trigger.py for tasks to queue
[2024-11-25T02:01:39.101+0000] {logging_mixin.py:190} INFO - [2024-11-25T02:01:39.100+0000] {dagbag.py:588} INFO - Filling up the DagBag from /home/airflow/.local/lib/python3.12/site-packages/airflow/example_dags/example_latest_only_with_trigger.py
[2024-11-25T02:01:39.108+0000] {processor.py:925} INFO - DAG(s) 'latest_only_with_trigger' retrieved from /home/airflow/.local/lib/python3.12/site-packages/airflow/example_dags/example_latest_only_with_trigger.py
[2024-11-25T02:01:39.126+0000] {logging_mixin.py:190} INFO - [2024-11-25T02:01:39.126+0000] {dag.py:3239} INFO - Sync 1 DAGs
[2024-11-25T02:01:39.148+0000] {logging_mixin.py:190} INFO - [2024-11-25T02:01:39.148+0000] {dag.py:4180} INFO - Setting next_dagrun for latest_only_with_trigger to 2024-11-24 20:00:00+00:00, run_after=2024-11-25 00:00:00+00:00
[2024-11-25T02:01:39.167+0000] {processor.py:208} INFO - Processing /home/airflow/.local/lib/python3.12/site-packages/airflow/example_dags/example_latest_only_with_trigger.py took 0.074 seconds
[2024-11-25T02:02:09.866+0000] {processor.py:186} INFO - Started process (PID=957) to work on /home/airflow/.local/lib/python3.12/site-packages/airflow/example_dags/example_latest_only_with_trigger.py
[2024-11-25T02:02:09.867+0000] {processor.py:914} INFO - Processing file /home/airflow/.local/lib/python3.12/site-packages/airflow/example_dags/example_latest_only_with_trigger.py for tasks to queue
[2024-11-25T02:02:09.869+0000] {logging_mixin.py:190} INFO - [2024-11-25T02:02:09.868+0000] {dagbag.py:588} INFO - Filling up the DagBag from /home/airflow/.local/lib/python3.12/site-packages/airflow/example_dags/example_latest_only_with_trigger.py
[2024-11-25T02:02:09.876+0000] {processor.py:925} INFO - DAG(s) 'latest_only_with_trigger' retrieved from /home/airflow/.local/lib/python3.12/site-packages/airflow/example_dags/example_latest_only_with_trigger.py
[2024-11-25T02:02:09.895+0000] {logging_mixin.py:190} INFO - [2024-11-25T02:02:09.894+0000] {dag.py:3239} INFO - Sync 1 DAGs
[2024-11-25T02:02:09.919+0000] {logging_mixin.py:190} INFO - [2024-11-25T02:02:09.918+0000] {dag.py:4180} INFO - Setting next_dagrun for latest_only_with_trigger to 2024-11-24 20:00:00+00:00, run_after=2024-11-25 00:00:00+00:00
[2024-11-25T02:02:09.939+0000] {processor.py:208} INFO - Processing /home/airflow/.local/lib/python3.12/site-packages/airflow/example_dags/example_latest_only_with_trigger.py took 0.078 seconds
[2024-11-25T02:02:40.038+0000] {processor.py:186} INFO - Started process (PID=1021) to work on /home/airflow/.local/lib/python3.12/site-packages/airflow/example_dags/example_latest_only_with_trigger.py
[2024-11-25T02:02:40.039+0000] {processor.py:914} INFO - Processing file /home/airflow/.local/lib/python3.12/site-packages/airflow/example_dags/example_latest_only_with_trigger.py for tasks to queue
[2024-11-25T02:02:40.042+0000] {logging_mixin.py:190} INFO - [2024-11-25T02:02:40.042+0000] {dagbag.py:588} INFO - Filling up the DagBag from /home/airflow/.local/lib/python3.12/site-packages/airflow/example_dags/example_latest_only_with_trigger.py
[2024-11-25T02:02:40.052+0000] {processor.py:925} INFO - DAG(s) 'latest_only_with_trigger' retrieved from /home/airflow/.local/lib/python3.12/site-packages/airflow/example_dags/example_latest_only_with_trigger.py
[2024-11-25T02:02:40.079+0000] {logging_mixin.py:190} INFO - [2024-11-25T02:02:40.079+0000] {dag.py:3239} INFO - Sync 1 DAGs
[2024-11-25T02:02:40.106+0000] {logging_mixin.py:190} INFO - [2024-11-25T02:02:40.106+0000] {dag.py:4180} INFO - Setting next_dagrun for latest_only_with_trigger to 2024-11-24 20:00:00+00:00, run_after=2024-11-25 00:00:00+00:00
[2024-11-25T02:02:40.131+0000] {processor.py:208} INFO - Processing /home/airflow/.local/lib/python3.12/site-packages/airflow/example_dags/example_latest_only_with_trigger.py took 0.101 seconds
[2024-11-25T02:03:10.561+0000] {processor.py:186} INFO - Started process (PID=1086) to work on /home/airflow/.local/lib/python3.12/site-packages/airflow/example_dags/example_latest_only_with_trigger.py
[2024-11-25T02:03:10.563+0000] {processor.py:914} INFO - Processing file /home/airflow/.local/lib/python3.12/site-packages/airflow/example_dags/example_latest_only_with_trigger.py for tasks to queue
[2024-11-25T02:03:10.565+0000] {logging_mixin.py:190} INFO - [2024-11-25T02:03:10.564+0000] {dagbag.py:588} INFO - Filling up the DagBag from /home/airflow/.local/lib/python3.12/site-packages/airflow/example_dags/example_latest_only_with_trigger.py
[2024-11-25T02:03:10.572+0000] {processor.py:925} INFO - DAG(s) 'latest_only_with_trigger' retrieved from /home/airflow/.local/lib/python3.12/site-packages/airflow/example_dags/example_latest_only_with_trigger.py
[2024-11-25T02:03:10.593+0000] {logging_mixin.py:190} INFO - [2024-11-25T02:03:10.593+0000] {dag.py:3239} INFO - Sync 1 DAGs
[2024-11-25T02:03:10.617+0000] {logging_mixin.py:190} INFO - [2024-11-25T02:03:10.617+0000] {dag.py:4180} INFO - Setting next_dagrun for latest_only_with_trigger to 2024-11-24 20:00:00+00:00, run_after=2024-11-25 00:00:00+00:00
[2024-11-25T02:03:10.640+0000] {processor.py:208} INFO - Processing /home/airflow/.local/lib/python3.12/site-packages/airflow/example_dags/example_latest_only_with_trigger.py took 0.083 seconds
[2024-11-25T02:03:40.903+0000] {processor.py:186} INFO - Started process (PID=1150) to work on /home/airflow/.local/lib/python3.12/site-packages/airflow/example_dags/example_latest_only_with_trigger.py
[2024-11-25T02:03:40.904+0000] {processor.py:914} INFO - Processing file /home/airflow/.local/lib/python3.12/site-packages/airflow/example_dags/example_latest_only_with_trigger.py for tasks to queue
[2024-11-25T02:03:40.906+0000] {logging_mixin.py:190} INFO - [2024-11-25T02:03:40.906+0000] {dagbag.py:588} INFO - Filling up the DagBag from /home/airflow/.local/lib/python3.12/site-packages/airflow/example_dags/example_latest_only_with_trigger.py
[2024-11-25T02:03:40.913+0000] {processor.py:925} INFO - DAG(s) 'latest_only_with_trigger' retrieved from /home/airflow/.local/lib/python3.12/site-packages/airflow/example_dags/example_latest_only_with_trigger.py
[2024-11-25T02:03:40.934+0000] {logging_mixin.py:190} INFO - [2024-11-25T02:03:40.933+0000] {dag.py:3239} INFO - Sync 1 DAGs
[2024-11-25T02:03:40.955+0000] {logging_mixin.py:190} INFO - [2024-11-25T02:03:40.955+0000] {dag.py:4180} INFO - Setting next_dagrun for latest_only_with_trigger to 2024-11-24 20:00:00+00:00, run_after=2024-11-25 00:00:00+00:00
[2024-11-25T02:03:40.974+0000] {processor.py:208} INFO - Processing /home/airflow/.local/lib/python3.12/site-packages/airflow/example_dags/example_latest_only_with_trigger.py took 0.075 seconds
[2024-11-25T02:04:11.458+0000] {processor.py:186} INFO - Started process (PID=1214) to work on /home/airflow/.local/lib/python3.12/site-packages/airflow/example_dags/example_latest_only_with_trigger.py
[2024-11-25T02:04:11.459+0000] {processor.py:914} INFO - Processing file /home/airflow/.local/lib/python3.12/site-packages/airflow/example_dags/example_latest_only_with_trigger.py for tasks to queue
[2024-11-25T02:04:11.461+0000] {logging_mixin.py:190} INFO - [2024-11-25T02:04:11.461+0000] {dagbag.py:588} INFO - Filling up the DagBag from /home/airflow/.local/lib/python3.12/site-packages/airflow/example_dags/example_latest_only_with_trigger.py
[2024-11-25T02:04:11.471+0000] {processor.py:925} INFO - DAG(s) 'latest_only_with_trigger' retrieved from /home/airflow/.local/lib/python3.12/site-packages/airflow/example_dags/example_latest_only_with_trigger.py
[2024-11-25T02:04:11.496+0000] {logging_mixin.py:190} INFO - [2024-11-25T02:04:11.496+0000] {dag.py:3239} INFO - Sync 1 DAGs
[2024-11-25T02:04:11.530+0000] {logging_mixin.py:190} INFO - [2024-11-25T02:04:11.529+0000] {dag.py:4180} INFO - Setting next_dagrun for latest_only_with_trigger to 2024-11-24 20:00:00+00:00, run_after=2024-11-25 00:00:00+00:00
[2024-11-25T02:04:11.550+0000] {processor.py:208} INFO - Processing /home/airflow/.local/lib/python3.12/site-packages/airflow/example_dags/example_latest_only_with_trigger.py took 0.099 seconds
[2024-11-25T02:04:42.036+0000] {processor.py:186} INFO - Started process (PID=1278) to work on /home/airflow/.local/lib/python3.12/site-packages/airflow/example_dags/example_latest_only_with_trigger.py
[2024-11-25T02:04:42.037+0000] {processor.py:914} INFO - Processing file /home/airflow/.local/lib/python3.12/site-packages/airflow/example_dags/example_latest_only_with_trigger.py for tasks to queue
[2024-11-25T02:04:42.039+0000] {logging_mixin.py:190} INFO - [2024-11-25T02:04:42.039+0000] {dagbag.py:588} INFO - Filling up the DagBag from /home/airflow/.local/lib/python3.12/site-packages/airflow/example_dags/example_latest_only_with_trigger.py
[2024-11-25T02:04:42.048+0000] {processor.py:925} INFO - DAG(s) 'latest_only_with_trigger' retrieved from /home/airflow/.local/lib/python3.12/site-packages/airflow/example_dags/example_latest_only_with_trigger.py
[2024-11-25T02:04:42.075+0000] {logging_mixin.py:190} INFO - [2024-11-25T02:04:42.075+0000] {dag.py:3239} INFO - Sync 1 DAGs
[2024-11-25T02:04:42.107+0000] {logging_mixin.py:190} INFO - [2024-11-25T02:04:42.107+0000] {dag.py:4180} INFO - Setting next_dagrun for latest_only_with_trigger to 2024-11-24 20:00:00+00:00, run_after=2024-11-25 00:00:00+00:00
[2024-11-25T02:04:42.130+0000] {processor.py:208} INFO - Processing /home/airflow/.local/lib/python3.12/site-packages/airflow/example_dags/example_latest_only_with_trigger.py took 0.100 seconds
[2024-11-25T02:05:12.897+0000] {processor.py:186} INFO - Started process (PID=1342) to work on /home/airflow/.local/lib/python3.12/site-packages/airflow/example_dags/example_latest_only_with_trigger.py
[2024-11-25T02:05:12.898+0000] {processor.py:914} INFO - Processing file /home/airflow/.local/lib/python3.12/site-packages/airflow/example_dags/example_latest_only_with_trigger.py for tasks to queue
[2024-11-25T02:05:12.900+0000] {logging_mixin.py:190} INFO - [2024-11-25T02:05:12.899+0000] {dagbag.py:588} INFO - Filling up the DagBag from /home/airflow/.local/lib/python3.12/site-packages/airflow/example_dags/example_latest_only_with_trigger.py
[2024-11-25T02:05:12.907+0000] {processor.py:925} INFO - DAG(s) 'latest_only_with_trigger' retrieved from /home/airflow/.local/lib/python3.12/site-packages/airflow/example_dags/example_latest_only_with_trigger.py
[2024-11-25T02:05:12.926+0000] {logging_mixin.py:190} INFO - [2024-11-25T02:05:12.926+0000] {dag.py:3239} INFO - Sync 1 DAGs
[2024-11-25T02:05:12.950+0000] {logging_mixin.py:190} INFO - [2024-11-25T02:05:12.950+0000] {dag.py:4180} INFO - Setting next_dagrun for latest_only_with_trigger to 2024-11-24 20:00:00+00:00, run_after=2024-11-25 00:00:00+00:00
[2024-11-25T02:05:12.979+0000] {processor.py:208} INFO - Processing /home/airflow/.local/lib/python3.12/site-packages/airflow/example_dags/example_latest_only_with_trigger.py took 0.087 seconds
[2024-11-25T02:05:43.850+0000] {processor.py:186} INFO - Started process (PID=1406) to work on /home/airflow/.local/lib/python3.12/site-packages/airflow/example_dags/example_latest_only_with_trigger.py
[2024-11-25T02:05:43.851+0000] {processor.py:914} INFO - Processing file /home/airflow/.local/lib/python3.12/site-packages/airflow/example_dags/example_latest_only_with_trigger.py for tasks to queue
[2024-11-25T02:05:43.853+0000] {logging_mixin.py:190} INFO - [2024-11-25T02:05:43.852+0000] {dagbag.py:588} INFO - Filling up the DagBag from /home/airflow/.local/lib/python3.12/site-packages/airflow/example_dags/example_latest_only_with_trigger.py
[2024-11-25T02:05:43.860+0000] {processor.py:925} INFO - DAG(s) 'latest_only_with_trigger' retrieved from /home/airflow/.local/lib/python3.12/site-packages/airflow/example_dags/example_latest_only_with_trigger.py
[2024-11-25T02:05:43.879+0000] {logging_mixin.py:190} INFO - [2024-11-25T02:05:43.879+0000] {dag.py:3239} INFO - Sync 1 DAGs
[2024-11-25T02:05:43.901+0000] {logging_mixin.py:190} INFO - [2024-11-25T02:05:43.901+0000] {dag.py:4180} INFO - Setting next_dagrun for latest_only_with_trigger to 2024-11-24 20:00:00+00:00, run_after=2024-11-25 00:00:00+00:00
[2024-11-25T02:05:43.919+0000] {processor.py:208} INFO - Processing /home/airflow/.local/lib/python3.12/site-packages/airflow/example_dags/example_latest_only_with_trigger.py took 0.075 seconds
[2024-11-25T02:06:14.028+0000] {processor.py:186} INFO - Started process (PID=1470) to work on /home/airflow/.local/lib/python3.12/site-packages/airflow/example_dags/example_latest_only_with_trigger.py
[2024-11-25T02:06:14.029+0000] {processor.py:914} INFO - Processing file /home/airflow/.local/lib/python3.12/site-packages/airflow/example_dags/example_latest_only_with_trigger.py for tasks to queue
[2024-11-25T02:06:14.031+0000] {logging_mixin.py:190} INFO - [2024-11-25T02:06:14.031+0000] {dagbag.py:588} INFO - Filling up the DagBag from /home/airflow/.local/lib/python3.12/site-packages/airflow/example_dags/example_latest_only_with_trigger.py
[2024-11-25T02:06:14.039+0000] {processor.py:925} INFO - DAG(s) 'latest_only_with_trigger' retrieved from /home/airflow/.local/lib/python3.12/site-packages/airflow/example_dags/example_latest_only_with_trigger.py
[2024-11-25T02:06:14.059+0000] {logging_mixin.py:190} INFO - [2024-11-25T02:06:14.059+0000] {dag.py:3239} INFO - Sync 1 DAGs
[2024-11-25T02:06:14.083+0000] {logging_mixin.py:190} INFO - [2024-11-25T02:06:14.083+0000] {dag.py:4180} INFO - Setting next_dagrun for latest_only_with_trigger to 2024-11-24 20:00:00+00:00, run_after=2024-11-25 00:00:00+00:00
[2024-11-25T02:06:14.103+0000] {processor.py:208} INFO - Processing /home/airflow/.local/lib/python3.12/site-packages/airflow/example_dags/example_latest_only_with_trigger.py took 0.081 seconds
[2024-11-25T02:06:44.742+0000] {processor.py:186} INFO - Started process (PID=1535) to work on /home/airflow/.local/lib/python3.12/site-packages/airflow/example_dags/example_latest_only_with_trigger.py
[2024-11-25T02:06:44.743+0000] {processor.py:914} INFO - Processing file /home/airflow/.local/lib/python3.12/site-packages/airflow/example_dags/example_latest_only_with_trigger.py for tasks to queue
[2024-11-25T02:06:44.746+0000] {logging_mixin.py:190} INFO - [2024-11-25T02:06:44.746+0000] {dagbag.py:588} INFO - Filling up the DagBag from /home/airflow/.local/lib/python3.12/site-packages/airflow/example_dags/example_latest_only_with_trigger.py
[2024-11-25T02:06:44.755+0000] {processor.py:925} INFO - DAG(s) 'latest_only_with_trigger' retrieved from /home/airflow/.local/lib/python3.12/site-packages/airflow/example_dags/example_latest_only_with_trigger.py
[2024-11-25T02:06:44.775+0000] {logging_mixin.py:190} INFO - [2024-11-25T02:06:44.775+0000] {dag.py:3239} INFO - Sync 1 DAGs
[2024-11-25T02:06:44.799+0000] {logging_mixin.py:190} INFO - [2024-11-25T02:06:44.799+0000] {dag.py:4180} INFO - Setting next_dagrun for latest_only_with_trigger to 2024-11-24 20:00:00+00:00, run_after=2024-11-25 00:00:00+00:00
[2024-11-25T02:06:44.820+0000] {processor.py:208} INFO - Processing /home/airflow/.local/lib/python3.12/site-packages/airflow/example_dags/example_latest_only_with_trigger.py took 0.083 seconds
[2024-11-25T02:07:15.165+0000] {processor.py:186} INFO - Started process (PID=1599) to work on /home/airflow/.local/lib/python3.12/site-packages/airflow/example_dags/example_latest_only_with_trigger.py
[2024-11-25T02:07:15.168+0000] {processor.py:914} INFO - Processing file /home/airflow/.local/lib/python3.12/site-packages/airflow/example_dags/example_latest_only_with_trigger.py for tasks to queue
[2024-11-25T02:07:15.176+0000] {logging_mixin.py:190} INFO - [2024-11-25T02:07:15.175+0000] {dagbag.py:588} INFO - Filling up the DagBag from /home/airflow/.local/lib/python3.12/site-packages/airflow/example_dags/example_latest_only_with_trigger.py
[2024-11-25T02:07:15.191+0000] {processor.py:925} INFO - DAG(s) 'latest_only_with_trigger' retrieved from /home/airflow/.local/lib/python3.12/site-packages/airflow/example_dags/example_latest_only_with_trigger.py
[2024-11-25T02:07:15.231+0000] {logging_mixin.py:190} INFO - [2024-11-25T02:07:15.231+0000] {dag.py:3239} INFO - Sync 1 DAGs
[2024-11-25T02:07:15.275+0000] {logging_mixin.py:190} INFO - [2024-11-25T02:07:15.275+0000] {dag.py:4180} INFO - Setting next_dagrun for latest_only_with_trigger to 2024-11-24 20:00:00+00:00, run_after=2024-11-25 00:00:00+00:00
[2024-11-25T02:07:15.304+0000] {processor.py:208} INFO - Processing /home/airflow/.local/lib/python3.12/site-packages/airflow/example_dags/example_latest_only_with_trigger.py took 0.149 seconds
[2024-11-25T02:07:45.709+0000] {processor.py:186} INFO - Started process (PID=1663) to work on /home/airflow/.local/lib/python3.12/site-packages/airflow/example_dags/example_latest_only_with_trigger.py
[2024-11-25T02:07:45.711+0000] {processor.py:914} INFO - Processing file /home/airflow/.local/lib/python3.12/site-packages/airflow/example_dags/example_latest_only_with_trigger.py for tasks to queue
[2024-11-25T02:07:45.713+0000] {logging_mixin.py:190} INFO - [2024-11-25T02:07:45.713+0000] {dagbag.py:588} INFO - Filling up the DagBag from /home/airflow/.local/lib/python3.12/site-packages/airflow/example_dags/example_latest_only_with_trigger.py
[2024-11-25T02:07:45.722+0000] {processor.py:925} INFO - DAG(s) 'latest_only_with_trigger' retrieved from /home/airflow/.local/lib/python3.12/site-packages/airflow/example_dags/example_latest_only_with_trigger.py
[2024-11-25T02:07:45.744+0000] {logging_mixin.py:190} INFO - [2024-11-25T02:07:45.744+0000] {dag.py:3239} INFO - Sync 1 DAGs
[2024-11-25T02:07:45.770+0000] {logging_mixin.py:190} INFO - [2024-11-25T02:07:45.770+0000] {dag.py:4180} INFO - Setting next_dagrun for latest_only_with_trigger to 2024-11-24 20:00:00+00:00, run_after=2024-11-25 00:00:00+00:00
[2024-11-25T02:07:45.790+0000] {processor.py:208} INFO - Processing /home/airflow/.local/lib/python3.12/site-packages/airflow/example_dags/example_latest_only_with_trigger.py took 0.087 seconds
[2024-11-25T02:08:16.507+0000] {processor.py:186} INFO - Started process (PID=1727) to work on /home/airflow/.local/lib/python3.12/site-packages/airflow/example_dags/example_latest_only_with_trigger.py
[2024-11-25T02:08:16.508+0000] {processor.py:914} INFO - Processing file /home/airflow/.local/lib/python3.12/site-packages/airflow/example_dags/example_latest_only_with_trigger.py for tasks to queue
[2024-11-25T02:08:16.510+0000] {logging_mixin.py:190} INFO - [2024-11-25T02:08:16.510+0000] {dagbag.py:588} INFO - Filling up the DagBag from /home/airflow/.local/lib/python3.12/site-packages/airflow/example_dags/example_latest_only_with_trigger.py
[2024-11-25T02:08:16.518+0000] {processor.py:925} INFO - DAG(s) 'latest_only_with_trigger' retrieved from /home/airflow/.local/lib/python3.12/site-packages/airflow/example_dags/example_latest_only_with_trigger.py
[2024-11-25T02:08:16.537+0000] {logging_mixin.py:190} INFO - [2024-11-25T02:08:16.537+0000] {dag.py:3239} INFO - Sync 1 DAGs
[2024-11-25T02:08:16.560+0000] {logging_mixin.py:190} INFO - [2024-11-25T02:08:16.560+0000] {dag.py:4180} INFO - Setting next_dagrun for latest_only_with_trigger to 2024-11-24 20:00:00+00:00, run_after=2024-11-25 00:00:00+00:00
[2024-11-25T02:08:16.578+0000] {processor.py:208} INFO - Processing /home/airflow/.local/lib/python3.12/site-packages/airflow/example_dags/example_latest_only_with_trigger.py took 0.077 seconds
[2024-11-25T02:08:47.320+0000] {processor.py:186} INFO - Started process (PID=1791) to work on /home/airflow/.local/lib/python3.12/site-packages/airflow/example_dags/example_latest_only_with_trigger.py
[2024-11-25T02:08:47.321+0000] {processor.py:914} INFO - Processing file /home/airflow/.local/lib/python3.12/site-packages/airflow/example_dags/example_latest_only_with_trigger.py for tasks to queue
[2024-11-25T02:08:47.324+0000] {logging_mixin.py:190} INFO - [2024-11-25T02:08:47.324+0000] {dagbag.py:588} INFO - Filling up the DagBag from /home/airflow/.local/lib/python3.12/site-packages/airflow/example_dags/example_latest_only_with_trigger.py
[2024-11-25T02:08:47.333+0000] {processor.py:925} INFO - DAG(s) 'latest_only_with_trigger' retrieved from /home/airflow/.local/lib/python3.12/site-packages/airflow/example_dags/example_latest_only_with_trigger.py
[2024-11-25T02:08:47.356+0000] {logging_mixin.py:190} INFO - [2024-11-25T02:08:47.356+0000] {dag.py:3239} INFO - Sync 1 DAGs
[2024-11-25T02:08:47.384+0000] {logging_mixin.py:190} INFO - [2024-11-25T02:08:47.384+0000] {dag.py:4180} INFO - Setting next_dagrun for latest_only_with_trigger to 2024-11-24 20:00:00+00:00, run_after=2024-11-25 00:00:00+00:00
[2024-11-25T02:08:47.407+0000] {processor.py:208} INFO - Processing /home/airflow/.local/lib/python3.12/site-packages/airflow/example_dags/example_latest_only_with_trigger.py took 0.094 seconds
[2024-11-25T02:09:17.770+0000] {processor.py:186} INFO - Started process (PID=1855) to work on /home/airflow/.local/lib/python3.12/site-packages/airflow/example_dags/example_latest_only_with_trigger.py
[2024-11-25T02:09:17.773+0000] {processor.py:914} INFO - Processing file /home/airflow/.local/lib/python3.12/site-packages/airflow/example_dags/example_latest_only_with_trigger.py for tasks to queue
[2024-11-25T02:09:17.779+0000] {logging_mixin.py:190} INFO - [2024-11-25T02:09:17.778+0000] {dagbag.py:588} INFO - Filling up the DagBag from /home/airflow/.local/lib/python3.12/site-packages/airflow/example_dags/example_latest_only_with_trigger.py
[2024-11-25T02:09:17.793+0000] {processor.py:925} INFO - DAG(s) 'latest_only_with_trigger' retrieved from /home/airflow/.local/lib/python3.12/site-packages/airflow/example_dags/example_latest_only_with_trigger.py
[2024-11-25T02:09:17.826+0000] {logging_mixin.py:190} INFO - [2024-11-25T02:09:17.825+0000] {dag.py:3239} INFO - Sync 1 DAGs
[2024-11-25T02:09:17.868+0000] {logging_mixin.py:190} INFO - [2024-11-25T02:09:17.867+0000] {dag.py:4180} INFO - Setting next_dagrun for latest_only_with_trigger to 2024-11-24 20:00:00+00:00, run_after=2024-11-25 00:00:00+00:00
[2024-11-25T02:09:17.884+0000] {processor.py:208} INFO - Processing /home/airflow/.local/lib/python3.12/site-packages/airflow/example_dags/example_latest_only_with_trigger.py took 0.123 seconds
[2024-11-25T02:09:48.090+0000] {processor.py:186} INFO - Started process (PID=1919) to work on /home/airflow/.local/lib/python3.12/site-packages/airflow/example_dags/example_latest_only_with_trigger.py
[2024-11-25T02:09:48.091+0000] {processor.py:914} INFO - Processing file /home/airflow/.local/lib/python3.12/site-packages/airflow/example_dags/example_latest_only_with_trigger.py for tasks to queue
[2024-11-25T02:09:48.095+0000] {logging_mixin.py:190} INFO - [2024-11-25T02:09:48.095+0000] {dagbag.py:588} INFO - Filling up the DagBag from /home/airflow/.local/lib/python3.12/site-packages/airflow/example_dags/example_latest_only_with_trigger.py
[2024-11-25T02:09:48.106+0000] {processor.py:925} INFO - DAG(s) 'latest_only_with_trigger' retrieved from /home/airflow/.local/lib/python3.12/site-packages/airflow/example_dags/example_latest_only_with_trigger.py
[2024-11-25T02:09:48.135+0000] {logging_mixin.py:190} INFO - [2024-11-25T02:09:48.135+0000] {dag.py:3239} INFO - Sync 1 DAGs
[2024-11-25T02:09:48.168+0000] {logging_mixin.py:190} INFO - [2024-11-25T02:09:48.168+0000] {dag.py:4180} INFO - Setting next_dagrun for latest_only_with_trigger to 2024-11-24 20:00:00+00:00, run_after=2024-11-25 00:00:00+00:00
[2024-11-25T02:09:48.189+0000] {processor.py:208} INFO - Processing /home/airflow/.local/lib/python3.12/site-packages/airflow/example_dags/example_latest_only_with_trigger.py took 0.109 seconds
[2024-11-25T02:10:19.186+0000] {processor.py:186} INFO - Started process (PID=1983) to work on /home/airflow/.local/lib/python3.12/site-packages/airflow/example_dags/example_latest_only_with_trigger.py
[2024-11-25T02:10:19.187+0000] {processor.py:914} INFO - Processing file /home/airflow/.local/lib/python3.12/site-packages/airflow/example_dags/example_latest_only_with_trigger.py for tasks to queue
[2024-11-25T02:10:19.189+0000] {logging_mixin.py:190} INFO - [2024-11-25T02:10:19.189+0000] {dagbag.py:588} INFO - Filling up the DagBag from /home/airflow/.local/lib/python3.12/site-packages/airflow/example_dags/example_latest_only_with_trigger.py
[2024-11-25T02:10:19.196+0000] {processor.py:925} INFO - DAG(s) 'latest_only_with_trigger' retrieved from /home/airflow/.local/lib/python3.12/site-packages/airflow/example_dags/example_latest_only_with_trigger.py
[2024-11-25T02:10:19.217+0000] {logging_mixin.py:190} INFO - [2024-11-25T02:10:19.217+0000] {dag.py:3239} INFO - Sync 1 DAGs
[2024-11-25T02:10:19.240+0000] {logging_mixin.py:190} INFO - [2024-11-25T02:10:19.240+0000] {dag.py:4180} INFO - Setting next_dagrun for latest_only_with_trigger to 2024-11-24 20:00:00+00:00, run_after=2024-11-25 00:00:00+00:00
[2024-11-25T02:10:19.261+0000] {processor.py:208} INFO - Processing /home/airflow/.local/lib/python3.12/site-packages/airflow/example_dags/example_latest_only_with_trigger.py took 0.080 seconds
[2024-11-25T02:10:49.597+0000] {processor.py:186} INFO - Started process (PID=2047) to work on /home/airflow/.local/lib/python3.12/site-packages/airflow/example_dags/example_latest_only_with_trigger.py
[2024-11-25T02:10:49.598+0000] {processor.py:914} INFO - Processing file /home/airflow/.local/lib/python3.12/site-packages/airflow/example_dags/example_latest_only_with_trigger.py for tasks to queue
[2024-11-25T02:10:49.600+0000] {logging_mixin.py:190} INFO - [2024-11-25T02:10:49.599+0000] {dagbag.py:588} INFO - Filling up the DagBag from /home/airflow/.local/lib/python3.12/site-packages/airflow/example_dags/example_latest_only_with_trigger.py
[2024-11-25T02:10:49.607+0000] {processor.py:925} INFO - DAG(s) 'latest_only_with_trigger' retrieved from /home/airflow/.local/lib/python3.12/site-packages/airflow/example_dags/example_latest_only_with_trigger.py
[2024-11-25T02:10:49.628+0000] {logging_mixin.py:190} INFO - [2024-11-25T02:10:49.627+0000] {dag.py:3239} INFO - Sync 1 DAGs
[2024-11-25T02:10:49.650+0000] {logging_mixin.py:190} INFO - [2024-11-25T02:10:49.650+0000] {dag.py:4180} INFO - Setting next_dagrun for latest_only_with_trigger to 2024-11-24 20:00:00+00:00, run_after=2024-11-25 00:00:00+00:00
[2024-11-25T02:10:49.669+0000] {processor.py:208} INFO - Processing /home/airflow/.local/lib/python3.12/site-packages/airflow/example_dags/example_latest_only_with_trigger.py took 0.077 seconds
[2024-11-25T02:11:20.035+0000] {processor.py:186} INFO - Started process (PID=2112) to work on /home/airflow/.local/lib/python3.12/site-packages/airflow/example_dags/example_latest_only_with_trigger.py
[2024-11-25T02:11:20.036+0000] {processor.py:914} INFO - Processing file /home/airflow/.local/lib/python3.12/site-packages/airflow/example_dags/example_latest_only_with_trigger.py for tasks to queue
[2024-11-25T02:11:20.039+0000] {logging_mixin.py:190} INFO - [2024-11-25T02:11:20.039+0000] {dagbag.py:588} INFO - Filling up the DagBag from /home/airflow/.local/lib/python3.12/site-packages/airflow/example_dags/example_latest_only_with_trigger.py
[2024-11-25T02:11:20.052+0000] {processor.py:925} INFO - DAG(s) 'latest_only_with_trigger' retrieved from /home/airflow/.local/lib/python3.12/site-packages/airflow/example_dags/example_latest_only_with_trigger.py
[2024-11-25T02:11:20.080+0000] {logging_mixin.py:190} INFO - [2024-11-25T02:11:20.079+0000] {dag.py:3239} INFO - Sync 1 DAGs
[2024-11-25T02:11:20.114+0000] {logging_mixin.py:190} INFO - [2024-11-25T02:11:20.113+0000] {dag.py:4180} INFO - Setting next_dagrun for latest_only_with_trigger to 2024-11-24 20:00:00+00:00, run_after=2024-11-25 00:00:00+00:00
[2024-11-25T02:11:20.140+0000] {processor.py:208} INFO - Processing /home/airflow/.local/lib/python3.12/site-packages/airflow/example_dags/example_latest_only_with_trigger.py took 0.111 seconds
[2024-11-25T02:11:50.880+0000] {processor.py:186} INFO - Started process (PID=2176) to work on /home/airflow/.local/lib/python3.12/site-packages/airflow/example_dags/example_latest_only_with_trigger.py
[2024-11-25T02:11:50.883+0000] {processor.py:914} INFO - Processing file /home/airflow/.local/lib/python3.12/site-packages/airflow/example_dags/example_latest_only_with_trigger.py for tasks to queue
[2024-11-25T02:11:50.891+0000] {logging_mixin.py:190} INFO - [2024-11-25T02:11:50.890+0000] {dagbag.py:588} INFO - Filling up the DagBag from /home/airflow/.local/lib/python3.12/site-packages/airflow/example_dags/example_latest_only_with_trigger.py
[2024-11-25T02:11:50.907+0000] {processor.py:925} INFO - DAG(s) 'latest_only_with_trigger' retrieved from /home/airflow/.local/lib/python3.12/site-packages/airflow/example_dags/example_latest_only_with_trigger.py
[2024-11-25T02:11:50.941+0000] {logging_mixin.py:190} INFO - [2024-11-25T02:11:50.940+0000] {dag.py:3239} INFO - Sync 1 DAGs
[2024-11-25T02:11:50.976+0000] {logging_mixin.py:190} INFO - [2024-11-25T02:11:50.975+0000] {dag.py:4180} INFO - Setting next_dagrun for latest_only_with_trigger to 2024-11-24 20:00:00+00:00, run_after=2024-11-25 00:00:00+00:00
[2024-11-25T02:11:51.003+0000] {processor.py:208} INFO - Processing /home/airflow/.local/lib/python3.12/site-packages/airflow/example_dags/example_latest_only_with_trigger.py took 0.142 seconds
[2024-11-25T02:12:21.650+0000] {processor.py:186} INFO - Started process (PID=2240) to work on /home/airflow/.local/lib/python3.12/site-packages/airflow/example_dags/example_latest_only_with_trigger.py
[2024-11-25T02:12:21.651+0000] {processor.py:914} INFO - Processing file /home/airflow/.local/lib/python3.12/site-packages/airflow/example_dags/example_latest_only_with_trigger.py for tasks to queue
[2024-11-25T02:12:21.662+0000] {logging_mixin.py:190} INFO - [2024-11-25T02:12:21.661+0000] {dagbag.py:588} INFO - Filling up the DagBag from /home/airflow/.local/lib/python3.12/site-packages/airflow/example_dags/example_latest_only_with_trigger.py
[2024-11-25T02:12:21.676+0000] {processor.py:925} INFO - DAG(s) 'latest_only_with_trigger' retrieved from /home/airflow/.local/lib/python3.12/site-packages/airflow/example_dags/example_latest_only_with_trigger.py
[2024-11-25T02:12:21.702+0000] {logging_mixin.py:190} INFO - [2024-11-25T02:12:21.702+0000] {dag.py:3239} INFO - Sync 1 DAGs
[2024-11-25T02:12:21.737+0000] {logging_mixin.py:190} INFO - [2024-11-25T02:12:21.736+0000] {dag.py:4180} INFO - Setting next_dagrun for latest_only_with_trigger to 2024-11-24 20:00:00+00:00, run_after=2024-11-25 00:00:00+00:00
[2024-11-25T02:12:21.759+0000] {processor.py:208} INFO - Processing /home/airflow/.local/lib/python3.12/site-packages/airflow/example_dags/example_latest_only_with_trigger.py took 0.116 seconds
[2024-11-25T02:12:51.831+0000] {processor.py:186} INFO - Started process (PID=2303) to work on /home/airflow/.local/lib/python3.12/site-packages/airflow/example_dags/example_latest_only_with_trigger.py
[2024-11-25T02:12:51.832+0000] {processor.py:914} INFO - Processing file /home/airflow/.local/lib/python3.12/site-packages/airflow/example_dags/example_latest_only_with_trigger.py for tasks to queue
[2024-11-25T02:12:51.836+0000] {logging_mixin.py:190} INFO - [2024-11-25T02:12:51.835+0000] {dagbag.py:588} INFO - Filling up the DagBag from /home/airflow/.local/lib/python3.12/site-packages/airflow/example_dags/example_latest_only_with_trigger.py
[2024-11-25T02:12:51.848+0000] {processor.py:925} INFO - DAG(s) 'latest_only_with_trigger' retrieved from /home/airflow/.local/lib/python3.12/site-packages/airflow/example_dags/example_latest_only_with_trigger.py
[2024-11-25T02:12:51.876+0000] {logging_mixin.py:190} INFO - [2024-11-25T02:12:51.875+0000] {dag.py:3239} INFO - Sync 1 DAGs
[2024-11-25T02:12:51.916+0000] {logging_mixin.py:190} INFO - [2024-11-25T02:12:51.915+0000] {dag.py:4180} INFO - Setting next_dagrun for latest_only_with_trigger to 2024-11-24 20:00:00+00:00, run_after=2024-11-25 00:00:00+00:00
[2024-11-25T02:12:51.945+0000] {processor.py:208} INFO - Processing /home/airflow/.local/lib/python3.12/site-packages/airflow/example_dags/example_latest_only_with_trigger.py took 0.122 seconds
[2024-11-25T02:13:22.143+0000] {processor.py:186} INFO - Started process (PID=2367) to work on /home/airflow/.local/lib/python3.12/site-packages/airflow/example_dags/example_latest_only_with_trigger.py
[2024-11-25T02:13:22.144+0000] {processor.py:914} INFO - Processing file /home/airflow/.local/lib/python3.12/site-packages/airflow/example_dags/example_latest_only_with_trigger.py for tasks to queue
[2024-11-25T02:13:22.146+0000] {logging_mixin.py:190} INFO - [2024-11-25T02:13:22.146+0000] {dagbag.py:588} INFO - Filling up the DagBag from /home/airflow/.local/lib/python3.12/site-packages/airflow/example_dags/example_latest_only_with_trigger.py
[2024-11-25T02:13:22.154+0000] {processor.py:925} INFO - DAG(s) 'latest_only_with_trigger' retrieved from /home/airflow/.local/lib/python3.12/site-packages/airflow/example_dags/example_latest_only_with_trigger.py
[2024-11-25T02:13:22.173+0000] {logging_mixin.py:190} INFO - [2024-11-25T02:13:22.172+0000] {dag.py:3239} INFO - Sync 1 DAGs
[2024-11-25T02:13:22.198+0000] {logging_mixin.py:190} INFO - [2024-11-25T02:13:22.198+0000] {dag.py:4180} INFO - Setting next_dagrun for latest_only_with_trigger to 2024-11-24 20:00:00+00:00, run_after=2024-11-25 00:00:00+00:00
[2024-11-25T02:13:22.218+0000] {processor.py:208} INFO - Processing /home/airflow/.local/lib/python3.12/site-packages/airflow/example_dags/example_latest_only_with_trigger.py took 0.082 seconds
[2024-11-25T02:13:52.851+0000] {processor.py:186} INFO - Started process (PID=2432) to work on /home/airflow/.local/lib/python3.12/site-packages/airflow/example_dags/example_latest_only_with_trigger.py
[2024-11-25T02:13:52.853+0000] {processor.py:914} INFO - Processing file /home/airflow/.local/lib/python3.12/site-packages/airflow/example_dags/example_latest_only_with_trigger.py for tasks to queue
[2024-11-25T02:13:52.856+0000] {logging_mixin.py:190} INFO - [2024-11-25T02:13:52.855+0000] {dagbag.py:588} INFO - Filling up the DagBag from /home/airflow/.local/lib/python3.12/site-packages/airflow/example_dags/example_latest_only_with_trigger.py
[2024-11-25T02:13:52.868+0000] {processor.py:925} INFO - DAG(s) 'latest_only_with_trigger' retrieved from /home/airflow/.local/lib/python3.12/site-packages/airflow/example_dags/example_latest_only_with_trigger.py
[2024-11-25T02:13:52.892+0000] {logging_mixin.py:190} INFO - [2024-11-25T02:13:52.891+0000] {dag.py:3239} INFO - Sync 1 DAGs
[2024-11-25T02:13:52.927+0000] {logging_mixin.py:190} INFO - [2024-11-25T02:13:52.927+0000] {dag.py:4180} INFO - Setting next_dagrun for latest_only_with_trigger to 2024-11-24 20:00:00+00:00, run_after=2024-11-25 00:00:00+00:00
[2024-11-25T02:13:52.949+0000] {processor.py:208} INFO - Processing /home/airflow/.local/lib/python3.12/site-packages/airflow/example_dags/example_latest_only_with_trigger.py took 0.104 seconds
[2024-11-25T02:14:23.094+0000] {processor.py:186} INFO - Started process (PID=2496) to work on /home/airflow/.local/lib/python3.12/site-packages/airflow/example_dags/example_latest_only_with_trigger.py
[2024-11-25T02:14:23.095+0000] {processor.py:914} INFO - Processing file /home/airflow/.local/lib/python3.12/site-packages/airflow/example_dags/example_latest_only_with_trigger.py for tasks to queue
[2024-11-25T02:14:23.098+0000] {logging_mixin.py:190} INFO - [2024-11-25T02:14:23.097+0000] {dagbag.py:588} INFO - Filling up the DagBag from /home/airflow/.local/lib/python3.12/site-packages/airflow/example_dags/example_latest_only_with_trigger.py
[2024-11-25T02:14:23.108+0000] {processor.py:925} INFO - DAG(s) 'latest_only_with_trigger' retrieved from /home/airflow/.local/lib/python3.12/site-packages/airflow/example_dags/example_latest_only_with_trigger.py
[2024-11-25T02:14:23.127+0000] {logging_mixin.py:190} INFO - [2024-11-25T02:14:23.126+0000] {dag.py:3239} INFO - Sync 1 DAGs
[2024-11-25T02:14:23.154+0000] {logging_mixin.py:190} INFO - [2024-11-25T02:14:23.154+0000] {dag.py:4180} INFO - Setting next_dagrun for latest_only_with_trigger to 2024-11-24 20:00:00+00:00, run_after=2024-11-25 00:00:00+00:00
[2024-11-25T02:14:23.176+0000] {processor.py:208} INFO - Processing /home/airflow/.local/lib/python3.12/site-packages/airflow/example_dags/example_latest_only_with_trigger.py took 0.090 seconds
[2024-11-25T02:14:53.747+0000] {processor.py:186} INFO - Started process (PID=2559) to work on /home/airflow/.local/lib/python3.12/site-packages/airflow/example_dags/example_latest_only_with_trigger.py
[2024-11-25T02:14:53.748+0000] {processor.py:914} INFO - Processing file /home/airflow/.local/lib/python3.12/site-packages/airflow/example_dags/example_latest_only_with_trigger.py for tasks to queue
[2024-11-25T02:14:53.752+0000] {logging_mixin.py:190} INFO - [2024-11-25T02:14:53.751+0000] {dagbag.py:588} INFO - Filling up the DagBag from /home/airflow/.local/lib/python3.12/site-packages/airflow/example_dags/example_latest_only_with_trigger.py
[2024-11-25T02:14:53.765+0000] {processor.py:925} INFO - DAG(s) 'latest_only_with_trigger' retrieved from /home/airflow/.local/lib/python3.12/site-packages/airflow/example_dags/example_latest_only_with_trigger.py
[2024-11-25T02:14:53.791+0000] {logging_mixin.py:190} INFO - [2024-11-25T02:14:53.791+0000] {dag.py:3239} INFO - Sync 1 DAGs
[2024-11-25T02:14:53.824+0000] {logging_mixin.py:190} INFO - [2024-11-25T02:14:53.824+0000] {dag.py:4180} INFO - Setting next_dagrun for latest_only_with_trigger to 2024-11-24 20:00:00+00:00, run_after=2024-11-25 00:00:00+00:00
[2024-11-25T02:14:53.843+0000] {processor.py:208} INFO - Processing /home/airflow/.local/lib/python3.12/site-packages/airflow/example_dags/example_latest_only_with_trigger.py took 0.104 seconds
[2024-11-25T02:15:25.080+0000] {processor.py:186} INFO - Started process (PID=2624) to work on /home/airflow/.local/lib/python3.12/site-packages/airflow/example_dags/example_latest_only_with_trigger.py
[2024-11-25T02:15:25.081+0000] {processor.py:914} INFO - Processing file /home/airflow/.local/lib/python3.12/site-packages/airflow/example_dags/example_latest_only_with_trigger.py for tasks to queue
[2024-11-25T02:15:25.083+0000] {logging_mixin.py:190} INFO - [2024-11-25T02:15:25.083+0000] {dagbag.py:588} INFO - Filling up the DagBag from /home/airflow/.local/lib/python3.12/site-packages/airflow/example_dags/example_latest_only_with_trigger.py
[2024-11-25T02:15:25.093+0000] {processor.py:925} INFO - DAG(s) 'latest_only_with_trigger' retrieved from /home/airflow/.local/lib/python3.12/site-packages/airflow/example_dags/example_latest_only_with_trigger.py
[2024-11-25T02:15:25.118+0000] {logging_mixin.py:190} INFO - [2024-11-25T02:15:25.118+0000] {dag.py:3239} INFO - Sync 1 DAGs
[2024-11-25T02:15:25.149+0000] {logging_mixin.py:190} INFO - [2024-11-25T02:15:25.148+0000] {dag.py:4180} INFO - Setting next_dagrun for latest_only_with_trigger to 2024-11-24 20:00:00+00:00, run_after=2024-11-25 00:00:00+00:00
[2024-11-25T02:15:25.183+0000] {processor.py:208} INFO - Processing /home/airflow/.local/lib/python3.12/site-packages/airflow/example_dags/example_latest_only_with_trigger.py took 0.109 seconds
[2024-11-25T02:15:55.781+0000] {processor.py:186} INFO - Started process (PID=2687) to work on /home/airflow/.local/lib/python3.12/site-packages/airflow/example_dags/example_latest_only_with_trigger.py
[2024-11-25T02:15:55.782+0000] {processor.py:914} INFO - Processing file /home/airflow/.local/lib/python3.12/site-packages/airflow/example_dags/example_latest_only_with_trigger.py for tasks to queue
[2024-11-25T02:15:55.785+0000] {logging_mixin.py:190} INFO - [2024-11-25T02:15:55.785+0000] {dagbag.py:588} INFO - Filling up the DagBag from /home/airflow/.local/lib/python3.12/site-packages/airflow/example_dags/example_latest_only_with_trigger.py
[2024-11-25T02:15:55.794+0000] {processor.py:925} INFO - DAG(s) 'latest_only_with_trigger' retrieved from /home/airflow/.local/lib/python3.12/site-packages/airflow/example_dags/example_latest_only_with_trigger.py
[2024-11-25T02:15:55.819+0000] {logging_mixin.py:190} INFO - [2024-11-25T02:15:55.818+0000] {dag.py:3239} INFO - Sync 1 DAGs
[2024-11-25T02:15:56.039+0000] {logging_mixin.py:190} INFO - [2024-11-25T02:15:56.039+0000] {dag.py:4180} INFO - Setting next_dagrun for latest_only_with_trigger to 2024-11-24 20:00:00+00:00, run_after=2024-11-25 00:00:00+00:00
[2024-11-25T02:15:56.058+0000] {processor.py:208} INFO - Processing /home/airflow/.local/lib/python3.12/site-packages/airflow/example_dags/example_latest_only_with_trigger.py took 0.283 seconds
[2024-11-25T02:16:26.742+0000] {processor.py:186} INFO - Started process (PID=2751) to work on /home/airflow/.local/lib/python3.12/site-packages/airflow/example_dags/example_latest_only_with_trigger.py
[2024-11-25T02:16:26.743+0000] {processor.py:914} INFO - Processing file /home/airflow/.local/lib/python3.12/site-packages/airflow/example_dags/example_latest_only_with_trigger.py for tasks to queue
[2024-11-25T02:16:26.745+0000] {logging_mixin.py:190} INFO - [2024-11-25T02:16:26.745+0000] {dagbag.py:588} INFO - Filling up the DagBag from /home/airflow/.local/lib/python3.12/site-packages/airflow/example_dags/example_latest_only_with_trigger.py
[2024-11-25T02:16:26.753+0000] {processor.py:925} INFO - DAG(s) 'latest_only_with_trigger' retrieved from /home/airflow/.local/lib/python3.12/site-packages/airflow/example_dags/example_latest_only_with_trigger.py
[2024-11-25T02:16:26.774+0000] {logging_mixin.py:190} INFO - [2024-11-25T02:16:26.773+0000] {dag.py:3239} INFO - Sync 1 DAGs
[2024-11-25T02:16:26.800+0000] {logging_mixin.py:190} INFO - [2024-11-25T02:16:26.800+0000] {dag.py:4180} INFO - Setting next_dagrun for latest_only_with_trigger to 2024-11-24 20:00:00+00:00, run_after=2024-11-25 00:00:00+00:00
[2024-11-25T02:16:26.822+0000] {processor.py:208} INFO - Processing /home/airflow/.local/lib/python3.12/site-packages/airflow/example_dags/example_latest_only_with_trigger.py took 0.086 seconds
