[2024-11-25T01:55:31.442+0000] {processor.py:186} INFO - Started process (PID=130) to work on /home/airflow/.local/lib/python3.12/site-packages/airflow/example_dags/example_latest_only.py
[2024-11-25T01:55:31.445+0000] {processor.py:914} INFO - Processing file /home/airflow/.local/lib/python3.12/site-packages/airflow/example_dags/example_latest_only.py for tasks to queue
[2024-11-25T01:55:31.450+0000] {logging_mixin.py:190} INFO - [2024-11-25T01:55:31.449+0000] {dagbag.py:588} INFO - Filling up the DagBag from /home/airflow/.local/lib/python3.12/site-packages/airflow/example_dags/example_latest_only.py
[2024-11-25T01:55:31.478+0000] {processor.py:925} INFO - DAG(s) 'latest_only' retrieved from /home/airflow/.local/lib/python3.12/site-packages/airflow/example_dags/example_latest_only.py
[2024-11-25T01:55:31.531+0000] {logging_mixin.py:190} INFO - [2024-11-25T01:55:31.530+0000] {dag.py:3239} INFO - Sync 1 DAGs
[2024-11-25T01:55:31.623+0000] {logging_mixin.py:190} INFO - [2024-11-25T01:55:31.623+0000] {dag.py:4180} INFO - Setting next_dagrun for latest_only to 2024-11-24 20:00:00+00:00, run_after=2024-11-25 00:00:00+00:00
[2024-11-25T01:55:31.681+0000] {processor.py:208} INFO - Processing /home/airflow/.local/lib/python3.12/site-packages/airflow/example_dags/example_latest_only.py took 0.257 seconds
[2024-11-25T01:56:01.795+0000] {processor.py:186} INFO - Started process (PID=193) to work on /home/airflow/.local/lib/python3.12/site-packages/airflow/example_dags/example_latest_only.py
[2024-11-25T01:56:01.796+0000] {processor.py:914} INFO - Processing file /home/airflow/.local/lib/python3.12/site-packages/airflow/example_dags/example_latest_only.py for tasks to queue
[2024-11-25T01:56:01.798+0000] {logging_mixin.py:190} INFO - [2024-11-25T01:56:01.798+0000] {dagbag.py:588} INFO - Filling up the DagBag from /home/airflow/.local/lib/python3.12/site-packages/airflow/example_dags/example_latest_only.py
[2024-11-25T01:56:01.805+0000] {processor.py:925} INFO - DAG(s) 'latest_only' retrieved from /home/airflow/.local/lib/python3.12/site-packages/airflow/example_dags/example_latest_only.py
[2024-11-25T01:56:01.824+0000] {logging_mixin.py:190} INFO - [2024-11-25T01:56:01.824+0000] {dag.py:3239} INFO - Sync 1 DAGs
[2024-11-25T01:56:01.849+0000] {logging_mixin.py:190} INFO - [2024-11-25T01:56:01.848+0000] {dag.py:4180} INFO - Setting next_dagrun for latest_only to 2024-11-24 20:00:00+00:00, run_after=2024-11-25 00:00:00+00:00
[2024-11-25T01:56:01.867+0000] {processor.py:208} INFO - Processing /home/airflow/.local/lib/python3.12/site-packages/airflow/example_dags/example_latest_only.py took 0.078 seconds
[2024-11-25T01:56:32.438+0000] {processor.py:186} INFO - Started process (PID=257) to work on /home/airflow/.local/lib/python3.12/site-packages/airflow/example_dags/example_latest_only.py
[2024-11-25T01:56:32.439+0000] {processor.py:914} INFO - Processing file /home/airflow/.local/lib/python3.12/site-packages/airflow/example_dags/example_latest_only.py for tasks to queue
[2024-11-25T01:56:32.443+0000] {logging_mixin.py:190} INFO - [2024-11-25T01:56:32.443+0000] {dagbag.py:588} INFO - Filling up the DagBag from /home/airflow/.local/lib/python3.12/site-packages/airflow/example_dags/example_latest_only.py
[2024-11-25T01:56:32.454+0000] {processor.py:925} INFO - DAG(s) 'latest_only' retrieved from /home/airflow/.local/lib/python3.12/site-packages/airflow/example_dags/example_latest_only.py
[2024-11-25T01:56:32.492+0000] {logging_mixin.py:190} INFO - [2024-11-25T01:56:32.491+0000] {dag.py:3239} INFO - Sync 1 DAGs
[2024-11-25T01:56:32.541+0000] {logging_mixin.py:190} INFO - [2024-11-25T01:56:32.540+0000] {dag.py:4180} INFO - Setting next_dagrun for latest_only to 2024-11-24 20:00:00+00:00, run_after=2024-11-25 00:00:00+00:00
[2024-11-25T01:56:32.572+0000] {processor.py:208} INFO - Processing /home/airflow/.local/lib/python3.12/site-packages/airflow/example_dags/example_latest_only.py took 0.143 seconds
[2024-11-25T01:57:06.203+0000] {processor.py:186} INFO - Started process (PID=320) to work on /home/airflow/.local/lib/python3.12/site-packages/airflow/example_dags/example_latest_only.py
[2024-11-25T01:57:06.206+0000] {processor.py:914} INFO - Processing file /home/airflow/.local/lib/python3.12/site-packages/airflow/example_dags/example_latest_only.py for tasks to queue
[2024-11-25T01:57:06.211+0000] {logging_mixin.py:190} INFO - [2024-11-25T01:57:06.210+0000] {dagbag.py:588} INFO - Filling up the DagBag from /home/airflow/.local/lib/python3.12/site-packages/airflow/example_dags/example_latest_only.py
[2024-11-25T01:57:06.223+0000] {processor.py:925} INFO - DAG(s) 'latest_only' retrieved from /home/airflow/.local/lib/python3.12/site-packages/airflow/example_dags/example_latest_only.py
[2024-11-25T01:57:06.252+0000] {logging_mixin.py:190} INFO - [2024-11-25T01:57:06.251+0000] {dag.py:3239} INFO - Sync 1 DAGs
[2024-11-25T01:57:06.285+0000] {logging_mixin.py:190} INFO - [2024-11-25T01:57:06.284+0000] {dag.py:4180} INFO - Setting next_dagrun for latest_only to 2024-11-24 20:00:00+00:00, run_after=2024-11-25 00:00:00+00:00
[2024-11-25T01:57:06.379+0000] {processor.py:208} INFO - Processing /home/airflow/.local/lib/python3.12/site-packages/airflow/example_dags/example_latest_only.py took 0.183 seconds
[2024-11-25T01:57:36.479+0000] {processor.py:186} INFO - Started process (PID=383) to work on /home/airflow/.local/lib/python3.12/site-packages/airflow/example_dags/example_latest_only.py
[2024-11-25T01:57:36.480+0000] {processor.py:914} INFO - Processing file /home/airflow/.local/lib/python3.12/site-packages/airflow/example_dags/example_latest_only.py for tasks to queue
[2024-11-25T01:57:36.483+0000] {logging_mixin.py:190} INFO - [2024-11-25T01:57:36.483+0000] {dagbag.py:588} INFO - Filling up the DagBag from /home/airflow/.local/lib/python3.12/site-packages/airflow/example_dags/example_latest_only.py
[2024-11-25T01:57:36.493+0000] {processor.py:925} INFO - DAG(s) 'latest_only' retrieved from /home/airflow/.local/lib/python3.12/site-packages/airflow/example_dags/example_latest_only.py
[2024-11-25T01:57:36.517+0000] {logging_mixin.py:190} INFO - [2024-11-25T01:57:36.516+0000] {dag.py:3239} INFO - Sync 1 DAGs
[2024-11-25T01:57:36.552+0000] {logging_mixin.py:190} INFO - [2024-11-25T01:57:36.552+0000] {dag.py:4180} INFO - Setting next_dagrun for latest_only to 2024-11-24 20:00:00+00:00, run_after=2024-11-25 00:00:00+00:00
[2024-11-25T01:57:36.590+0000] {processor.py:208} INFO - Processing /home/airflow/.local/lib/python3.12/site-packages/airflow/example_dags/example_latest_only.py took 0.118 seconds
[2024-11-25T01:58:07.024+0000] {processor.py:186} INFO - Started process (PID=447) to work on /home/airflow/.local/lib/python3.12/site-packages/airflow/example_dags/example_latest_only.py
[2024-11-25T01:58:07.025+0000] {processor.py:914} INFO - Processing file /home/airflow/.local/lib/python3.12/site-packages/airflow/example_dags/example_latest_only.py for tasks to queue
[2024-11-25T01:58:07.030+0000] {logging_mixin.py:190} INFO - [2024-11-25T01:58:07.029+0000] {dagbag.py:588} INFO - Filling up the DagBag from /home/airflow/.local/lib/python3.12/site-packages/airflow/example_dags/example_latest_only.py
[2024-11-25T01:58:07.042+0000] {processor.py:925} INFO - DAG(s) 'latest_only' retrieved from /home/airflow/.local/lib/python3.12/site-packages/airflow/example_dags/example_latest_only.py
[2024-11-25T01:58:07.070+0000] {logging_mixin.py:190} INFO - [2024-11-25T01:58:07.069+0000] {dag.py:3239} INFO - Sync 1 DAGs
[2024-11-25T01:58:07.117+0000] {logging_mixin.py:190} INFO - [2024-11-25T01:58:07.116+0000] {dag.py:4180} INFO - Setting next_dagrun for latest_only to 2024-11-24 20:00:00+00:00, run_after=2024-11-25 00:00:00+00:00
[2024-11-25T01:58:07.154+0000] {processor.py:208} INFO - Processing /home/airflow/.local/lib/python3.12/site-packages/airflow/example_dags/example_latest_only.py took 0.140 seconds
[2024-11-25T01:58:37.249+0000] {processor.py:186} INFO - Started process (PID=511) to work on /home/airflow/.local/lib/python3.12/site-packages/airflow/example_dags/example_latest_only.py
[2024-11-25T01:58:37.250+0000] {processor.py:914} INFO - Processing file /home/airflow/.local/lib/python3.12/site-packages/airflow/example_dags/example_latest_only.py for tasks to queue
[2024-11-25T01:58:37.253+0000] {logging_mixin.py:190} INFO - [2024-11-25T01:58:37.253+0000] {dagbag.py:588} INFO - Filling up the DagBag from /home/airflow/.local/lib/python3.12/site-packages/airflow/example_dags/example_latest_only.py
[2024-11-25T01:58:37.263+0000] {processor.py:925} INFO - DAG(s) 'latest_only' retrieved from /home/airflow/.local/lib/python3.12/site-packages/airflow/example_dags/example_latest_only.py
[2024-11-25T01:58:37.291+0000] {logging_mixin.py:190} INFO - [2024-11-25T01:58:37.290+0000] {dag.py:3239} INFO - Sync 1 DAGs
[2024-11-25T01:58:37.322+0000] {logging_mixin.py:190} INFO - [2024-11-25T01:58:37.321+0000] {dag.py:4180} INFO - Setting next_dagrun for latest_only to 2024-11-24 20:00:00+00:00, run_after=2024-11-25 00:00:00+00:00
[2024-11-25T01:58:37.339+0000] {processor.py:208} INFO - Processing /home/airflow/.local/lib/python3.12/site-packages/airflow/example_dags/example_latest_only.py took 0.096 seconds
[2024-11-25T01:59:08.036+0000] {processor.py:186} INFO - Started process (PID=575) to work on /home/airflow/.local/lib/python3.12/site-packages/airflow/example_dags/example_latest_only.py
[2024-11-25T01:59:08.037+0000] {processor.py:914} INFO - Processing file /home/airflow/.local/lib/python3.12/site-packages/airflow/example_dags/example_latest_only.py for tasks to queue
[2024-11-25T01:59:08.039+0000] {logging_mixin.py:190} INFO - [2024-11-25T01:59:08.039+0000] {dagbag.py:588} INFO - Filling up the DagBag from /home/airflow/.local/lib/python3.12/site-packages/airflow/example_dags/example_latest_only.py
[2024-11-25T01:59:08.046+0000] {processor.py:925} INFO - DAG(s) 'latest_only' retrieved from /home/airflow/.local/lib/python3.12/site-packages/airflow/example_dags/example_latest_only.py
[2024-11-25T01:59:08.062+0000] {logging_mixin.py:190} INFO - [2024-11-25T01:59:08.062+0000] {dag.py:3239} INFO - Sync 1 DAGs
[2024-11-25T01:59:08.086+0000] {logging_mixin.py:190} INFO - [2024-11-25T01:59:08.086+0000] {dag.py:4180} INFO - Setting next_dagrun for latest_only to 2024-11-24 20:00:00+00:00, run_after=2024-11-25 00:00:00+00:00
[2024-11-25T01:59:08.106+0000] {processor.py:208} INFO - Processing /home/airflow/.local/lib/python3.12/site-packages/airflow/example_dags/example_latest_only.py took 0.076 seconds
[2024-11-25T01:59:39.171+0000] {processor.py:186} INFO - Started process (PID=639) to work on /home/airflow/.local/lib/python3.12/site-packages/airflow/example_dags/example_latest_only.py
[2024-11-25T01:59:39.175+0000] {processor.py:914} INFO - Processing file /home/airflow/.local/lib/python3.12/site-packages/airflow/example_dags/example_latest_only.py for tasks to queue
[2024-11-25T01:59:39.184+0000] {logging_mixin.py:190} INFO - [2024-11-25T01:59:39.183+0000] {dagbag.py:588} INFO - Filling up the DagBag from /home/airflow/.local/lib/python3.12/site-packages/airflow/example_dags/example_latest_only.py
[2024-11-25T01:59:39.206+0000] {processor.py:925} INFO - DAG(s) 'latest_only' retrieved from /home/airflow/.local/lib/python3.12/site-packages/airflow/example_dags/example_latest_only.py
[2024-11-25T01:59:39.260+0000] {logging_mixin.py:190} INFO - [2024-11-25T01:59:39.259+0000] {dag.py:3239} INFO - Sync 1 DAGs
[2024-11-25T01:59:39.303+0000] {logging_mixin.py:190} INFO - [2024-11-25T01:59:39.303+0000] {dag.py:4180} INFO - Setting next_dagrun for latest_only to 2024-11-24 20:00:00+00:00, run_after=2024-11-25 00:00:00+00:00
[2024-11-25T01:59:39.333+0000] {processor.py:208} INFO - Processing /home/airflow/.local/lib/python3.12/site-packages/airflow/example_dags/example_latest_only.py took 0.182 seconds
[2024-11-25T02:00:10.201+0000] {processor.py:186} INFO - Started process (PID=703) to work on /home/airflow/.local/lib/python3.12/site-packages/airflow/example_dags/example_latest_only.py
[2024-11-25T02:00:10.202+0000] {processor.py:914} INFO - Processing file /home/airflow/.local/lib/python3.12/site-packages/airflow/example_dags/example_latest_only.py for tasks to queue
[2024-11-25T02:00:10.204+0000] {logging_mixin.py:190} INFO - [2024-11-25T02:00:10.204+0000] {dagbag.py:588} INFO - Filling up the DagBag from /home/airflow/.local/lib/python3.12/site-packages/airflow/example_dags/example_latest_only.py
[2024-11-25T02:00:10.211+0000] {processor.py:925} INFO - DAG(s) 'latest_only' retrieved from /home/airflow/.local/lib/python3.12/site-packages/airflow/example_dags/example_latest_only.py
[2024-11-25T02:00:10.229+0000] {logging_mixin.py:190} INFO - [2024-11-25T02:00:10.229+0000] {dag.py:3239} INFO - Sync 1 DAGs
[2024-11-25T02:00:10.252+0000] {logging_mixin.py:190} INFO - [2024-11-25T02:00:10.252+0000] {dag.py:4180} INFO - Setting next_dagrun for latest_only to 2024-11-24 20:00:00+00:00, run_after=2024-11-25 00:00:00+00:00
[2024-11-25T02:00:10.273+0000] {processor.py:208} INFO - Processing /home/airflow/.local/lib/python3.12/site-packages/airflow/example_dags/example_latest_only.py took 0.077 seconds
[2024-11-25T02:00:40.614+0000] {processor.py:186} INFO - Started process (PID=771) to work on /home/airflow/.local/lib/python3.12/site-packages/airflow/example_dags/example_latest_only.py
[2024-11-25T02:00:40.615+0000] {processor.py:914} INFO - Processing file /home/airflow/.local/lib/python3.12/site-packages/airflow/example_dags/example_latest_only.py for tasks to queue
[2024-11-25T02:00:40.617+0000] {logging_mixin.py:190} INFO - [2024-11-25T02:00:40.617+0000] {dagbag.py:588} INFO - Filling up the DagBag from /home/airflow/.local/lib/python3.12/site-packages/airflow/example_dags/example_latest_only.py
[2024-11-25T02:00:40.624+0000] {processor.py:925} INFO - DAG(s) 'latest_only' retrieved from /home/airflow/.local/lib/python3.12/site-packages/airflow/example_dags/example_latest_only.py
[2024-11-25T02:00:40.642+0000] {logging_mixin.py:190} INFO - [2024-11-25T02:00:40.641+0000] {dag.py:3239} INFO - Sync 1 DAGs
[2024-11-25T02:00:40.665+0000] {logging_mixin.py:190} INFO - [2024-11-25T02:00:40.665+0000] {dag.py:4180} INFO - Setting next_dagrun for latest_only to 2024-11-24 20:00:00+00:00, run_after=2024-11-25 00:00:00+00:00
[2024-11-25T02:00:40.682+0000] {processor.py:208} INFO - Processing /home/airflow/.local/lib/python3.12/site-packages/airflow/example_dags/example_latest_only.py took 0.073 seconds
[2024-11-25T02:01:10.756+0000] {processor.py:186} INFO - Started process (PID=835) to work on /home/airflow/.local/lib/python3.12/site-packages/airflow/example_dags/example_latest_only.py
[2024-11-25T02:01:10.757+0000] {processor.py:914} INFO - Processing file /home/airflow/.local/lib/python3.12/site-packages/airflow/example_dags/example_latest_only.py for tasks to queue
[2024-11-25T02:01:10.759+0000] {logging_mixin.py:190} INFO - [2024-11-25T02:01:10.759+0000] {dagbag.py:588} INFO - Filling up the DagBag from /home/airflow/.local/lib/python3.12/site-packages/airflow/example_dags/example_latest_only.py
[2024-11-25T02:01:10.765+0000] {processor.py:925} INFO - DAG(s) 'latest_only' retrieved from /home/airflow/.local/lib/python3.12/site-packages/airflow/example_dags/example_latest_only.py
[2024-11-25T02:01:10.784+0000] {logging_mixin.py:190} INFO - [2024-11-25T02:01:10.784+0000] {dag.py:3239} INFO - Sync 1 DAGs
[2024-11-25T02:01:10.806+0000] {logging_mixin.py:190} INFO - [2024-11-25T02:01:10.806+0000] {dag.py:4180} INFO - Setting next_dagrun for latest_only to 2024-11-24 20:00:00+00:00, run_after=2024-11-25 00:00:00+00:00
[2024-11-25T02:01:10.825+0000] {processor.py:208} INFO - Processing /home/airflow/.local/lib/python3.12/site-packages/airflow/example_dags/example_latest_only.py took 0.074 seconds
[2024-11-25T02:01:41.033+0000] {processor.py:186} INFO - Started process (PID=899) to work on /home/airflow/.local/lib/python3.12/site-packages/airflow/example_dags/example_latest_only.py
[2024-11-25T02:01:41.034+0000] {processor.py:914} INFO - Processing file /home/airflow/.local/lib/python3.12/site-packages/airflow/example_dags/example_latest_only.py for tasks to queue
[2024-11-25T02:01:41.037+0000] {logging_mixin.py:190} INFO - [2024-11-25T02:01:41.037+0000] {dagbag.py:588} INFO - Filling up the DagBag from /home/airflow/.local/lib/python3.12/site-packages/airflow/example_dags/example_latest_only.py
[2024-11-25T02:01:41.046+0000] {processor.py:925} INFO - DAG(s) 'latest_only' retrieved from /home/airflow/.local/lib/python3.12/site-packages/airflow/example_dags/example_latest_only.py
[2024-11-25T02:01:41.064+0000] {logging_mixin.py:190} INFO - [2024-11-25T02:01:41.064+0000] {dag.py:3239} INFO - Sync 1 DAGs
[2024-11-25T02:01:41.093+0000] {logging_mixin.py:190} INFO - [2024-11-25T02:01:41.093+0000] {dag.py:4180} INFO - Setting next_dagrun for latest_only to 2024-11-24 20:00:00+00:00, run_after=2024-11-25 00:00:00+00:00
[2024-11-25T02:01:41.117+0000] {processor.py:208} INFO - Processing /home/airflow/.local/lib/python3.12/site-packages/airflow/example_dags/example_latest_only.py took 0.090 seconds
[2024-11-25T02:02:11.724+0000] {processor.py:186} INFO - Started process (PID=963) to work on /home/airflow/.local/lib/python3.12/site-packages/airflow/example_dags/example_latest_only.py
[2024-11-25T02:02:11.725+0000] {processor.py:914} INFO - Processing file /home/airflow/.local/lib/python3.12/site-packages/airflow/example_dags/example_latest_only.py for tasks to queue
[2024-11-25T02:02:11.727+0000] {logging_mixin.py:190} INFO - [2024-11-25T02:02:11.727+0000] {dagbag.py:588} INFO - Filling up the DagBag from /home/airflow/.local/lib/python3.12/site-packages/airflow/example_dags/example_latest_only.py
[2024-11-25T02:02:11.734+0000] {processor.py:925} INFO - DAG(s) 'latest_only' retrieved from /home/airflow/.local/lib/python3.12/site-packages/airflow/example_dags/example_latest_only.py
[2024-11-25T02:02:11.752+0000] {logging_mixin.py:190} INFO - [2024-11-25T02:02:11.751+0000] {dag.py:3239} INFO - Sync 1 DAGs
[2024-11-25T02:02:11.774+0000] {logging_mixin.py:190} INFO - [2024-11-25T02:02:11.774+0000] {dag.py:4180} INFO - Setting next_dagrun for latest_only to 2024-11-24 20:00:00+00:00, run_after=2024-11-25 00:00:00+00:00
[2024-11-25T02:02:11.794+0000] {processor.py:208} INFO - Processing /home/airflow/.local/lib/python3.12/site-packages/airflow/example_dags/example_latest_only.py took 0.074 seconds
[2024-11-25T02:02:42.761+0000] {processor.py:186} INFO - Started process (PID=1027) to work on /home/airflow/.local/lib/python3.12/site-packages/airflow/example_dags/example_latest_only.py
[2024-11-25T02:02:42.762+0000] {processor.py:914} INFO - Processing file /home/airflow/.local/lib/python3.12/site-packages/airflow/example_dags/example_latest_only.py for tasks to queue
[2024-11-25T02:02:42.765+0000] {logging_mixin.py:190} INFO - [2024-11-25T02:02:42.764+0000] {dagbag.py:588} INFO - Filling up the DagBag from /home/airflow/.local/lib/python3.12/site-packages/airflow/example_dags/example_latest_only.py
[2024-11-25T02:02:42.771+0000] {processor.py:925} INFO - DAG(s) 'latest_only' retrieved from /home/airflow/.local/lib/python3.12/site-packages/airflow/example_dags/example_latest_only.py
[2024-11-25T02:02:42.790+0000] {logging_mixin.py:190} INFO - [2024-11-25T02:02:42.789+0000] {dag.py:3239} INFO - Sync 1 DAGs
[2024-11-25T02:02:42.811+0000] {logging_mixin.py:190} INFO - [2024-11-25T02:02:42.811+0000] {dag.py:4180} INFO - Setting next_dagrun for latest_only to 2024-11-24 20:00:00+00:00, run_after=2024-11-25 00:00:00+00:00
[2024-11-25T02:02:42.829+0000] {processor.py:208} INFO - Processing /home/airflow/.local/lib/python3.12/site-packages/airflow/example_dags/example_latest_only.py took 0.072 seconds
[2024-11-25T02:03:12.957+0000] {processor.py:186} INFO - Started process (PID=1092) to work on /home/airflow/.local/lib/python3.12/site-packages/airflow/example_dags/example_latest_only.py
[2024-11-25T02:03:12.958+0000] {processor.py:914} INFO - Processing file /home/airflow/.local/lib/python3.12/site-packages/airflow/example_dags/example_latest_only.py for tasks to queue
[2024-11-25T02:03:12.960+0000] {logging_mixin.py:190} INFO - [2024-11-25T02:03:12.960+0000] {dagbag.py:588} INFO - Filling up the DagBag from /home/airflow/.local/lib/python3.12/site-packages/airflow/example_dags/example_latest_only.py
[2024-11-25T02:03:12.969+0000] {processor.py:925} INFO - DAG(s) 'latest_only' retrieved from /home/airflow/.local/lib/python3.12/site-packages/airflow/example_dags/example_latest_only.py
[2024-11-25T02:03:12.993+0000] {logging_mixin.py:190} INFO - [2024-11-25T02:03:12.992+0000] {dag.py:3239} INFO - Sync 1 DAGs
[2024-11-25T02:03:13.028+0000] {logging_mixin.py:190} INFO - [2024-11-25T02:03:13.028+0000] {dag.py:4180} INFO - Setting next_dagrun for latest_only to 2024-11-24 20:00:00+00:00, run_after=2024-11-25 00:00:00+00:00
[2024-11-25T02:03:13.056+0000] {processor.py:208} INFO - Processing /home/airflow/.local/lib/python3.12/site-packages/airflow/example_dags/example_latest_only.py took 0.107 seconds
[2024-11-25T02:03:43.190+0000] {processor.py:186} INFO - Started process (PID=1155) to work on /home/airflow/.local/lib/python3.12/site-packages/airflow/example_dags/example_latest_only.py
[2024-11-25T02:03:43.191+0000] {processor.py:914} INFO - Processing file /home/airflow/.local/lib/python3.12/site-packages/airflow/example_dags/example_latest_only.py for tasks to queue
[2024-11-25T02:03:43.193+0000] {logging_mixin.py:190} INFO - [2024-11-25T02:03:43.193+0000] {dagbag.py:588} INFO - Filling up the DagBag from /home/airflow/.local/lib/python3.12/site-packages/airflow/example_dags/example_latest_only.py
[2024-11-25T02:03:43.200+0000] {processor.py:925} INFO - DAG(s) 'latest_only' retrieved from /home/airflow/.local/lib/python3.12/site-packages/airflow/example_dags/example_latest_only.py
[2024-11-25T02:03:43.224+0000] {logging_mixin.py:190} INFO - [2024-11-25T02:03:43.224+0000] {dag.py:3239} INFO - Sync 1 DAGs
[2024-11-25T02:03:43.263+0000] {logging_mixin.py:190} INFO - [2024-11-25T02:03:43.263+0000] {dag.py:4180} INFO - Setting next_dagrun for latest_only to 2024-11-24 20:00:00+00:00, run_after=2024-11-25 00:00:00+00:00
[2024-11-25T02:03:43.292+0000] {processor.py:208} INFO - Processing /home/airflow/.local/lib/python3.12/site-packages/airflow/example_dags/example_latest_only.py took 0.110 seconds
[2024-11-25T02:04:13.728+0000] {processor.py:186} INFO - Started process (PID=1219) to work on /home/airflow/.local/lib/python3.12/site-packages/airflow/example_dags/example_latest_only.py
[2024-11-25T02:04:13.729+0000] {processor.py:914} INFO - Processing file /home/airflow/.local/lib/python3.12/site-packages/airflow/example_dags/example_latest_only.py for tasks to queue
[2024-11-25T02:04:13.731+0000] {logging_mixin.py:190} INFO - [2024-11-25T02:04:13.731+0000] {dagbag.py:588} INFO - Filling up the DagBag from /home/airflow/.local/lib/python3.12/site-packages/airflow/example_dags/example_latest_only.py
[2024-11-25T02:04:13.737+0000] {processor.py:925} INFO - DAG(s) 'latest_only' retrieved from /home/airflow/.local/lib/python3.12/site-packages/airflow/example_dags/example_latest_only.py
[2024-11-25T02:04:13.757+0000] {logging_mixin.py:190} INFO - [2024-11-25T02:04:13.756+0000] {dag.py:3239} INFO - Sync 1 DAGs
[2024-11-25T02:04:13.779+0000] {logging_mixin.py:190} INFO - [2024-11-25T02:04:13.779+0000] {dag.py:4180} INFO - Setting next_dagrun for latest_only to 2024-11-24 20:00:00+00:00, run_after=2024-11-25 00:00:00+00:00
[2024-11-25T02:04:13.796+0000] {processor.py:208} INFO - Processing /home/airflow/.local/lib/python3.12/site-packages/airflow/example_dags/example_latest_only.py took 0.073 seconds
[2024-11-25T02:04:44.307+0000] {processor.py:186} INFO - Started process (PID=1283) to work on /home/airflow/.local/lib/python3.12/site-packages/airflow/example_dags/example_latest_only.py
[2024-11-25T02:04:44.308+0000] {processor.py:914} INFO - Processing file /home/airflow/.local/lib/python3.12/site-packages/airflow/example_dags/example_latest_only.py for tasks to queue
[2024-11-25T02:04:44.312+0000] {logging_mixin.py:190} INFO - [2024-11-25T02:04:44.312+0000] {dagbag.py:588} INFO - Filling up the DagBag from /home/airflow/.local/lib/python3.12/site-packages/airflow/example_dags/example_latest_only.py
[2024-11-25T02:04:44.325+0000] {processor.py:925} INFO - DAG(s) 'latest_only' retrieved from /home/airflow/.local/lib/python3.12/site-packages/airflow/example_dags/example_latest_only.py
[2024-11-25T02:04:44.349+0000] {logging_mixin.py:190} INFO - [2024-11-25T02:04:44.349+0000] {dag.py:3239} INFO - Sync 1 DAGs
[2024-11-25T02:04:44.396+0000] {logging_mixin.py:190} INFO - [2024-11-25T02:04:44.396+0000] {dag.py:4180} INFO - Setting next_dagrun for latest_only to 2024-11-24 20:00:00+00:00, run_after=2024-11-25 00:00:00+00:00
[2024-11-25T02:04:44.422+0000] {processor.py:208} INFO - Processing /home/airflow/.local/lib/python3.12/site-packages/airflow/example_dags/example_latest_only.py took 0.125 seconds
[2024-11-25T02:05:15.027+0000] {processor.py:186} INFO - Started process (PID=1347) to work on /home/airflow/.local/lib/python3.12/site-packages/airflow/example_dags/example_latest_only.py
[2024-11-25T02:05:15.028+0000] {processor.py:914} INFO - Processing file /home/airflow/.local/lib/python3.12/site-packages/airflow/example_dags/example_latest_only.py for tasks to queue
[2024-11-25T02:05:15.031+0000] {logging_mixin.py:190} INFO - [2024-11-25T02:05:15.031+0000] {dagbag.py:588} INFO - Filling up the DagBag from /home/airflow/.local/lib/python3.12/site-packages/airflow/example_dags/example_latest_only.py
[2024-11-25T02:05:15.039+0000] {processor.py:925} INFO - DAG(s) 'latest_only' retrieved from /home/airflow/.local/lib/python3.12/site-packages/airflow/example_dags/example_latest_only.py
[2024-11-25T02:05:15.071+0000] {logging_mixin.py:190} INFO - [2024-11-25T02:05:15.071+0000] {dag.py:3239} INFO - Sync 1 DAGs
[2024-11-25T02:05:15.129+0000] {logging_mixin.py:190} INFO - [2024-11-25T02:05:15.129+0000] {dag.py:4180} INFO - Setting next_dagrun for latest_only to 2024-11-24 20:00:00+00:00, run_after=2024-11-25 00:00:00+00:00
[2024-11-25T02:05:15.169+0000] {processor.py:208} INFO - Processing /home/airflow/.local/lib/python3.12/site-packages/airflow/example_dags/example_latest_only.py took 0.148 seconds
[2024-11-25T02:05:46.091+0000] {processor.py:186} INFO - Started process (PID=1411) to work on /home/airflow/.local/lib/python3.12/site-packages/airflow/example_dags/example_latest_only.py
[2024-11-25T02:05:46.092+0000] {processor.py:914} INFO - Processing file /home/airflow/.local/lib/python3.12/site-packages/airflow/example_dags/example_latest_only.py for tasks to queue
[2024-11-25T02:05:46.094+0000] {logging_mixin.py:190} INFO - [2024-11-25T02:05:46.094+0000] {dagbag.py:588} INFO - Filling up the DagBag from /home/airflow/.local/lib/python3.12/site-packages/airflow/example_dags/example_latest_only.py
[2024-11-25T02:05:46.100+0000] {processor.py:925} INFO - DAG(s) 'latest_only' retrieved from /home/airflow/.local/lib/python3.12/site-packages/airflow/example_dags/example_latest_only.py
[2024-11-25T02:05:46.120+0000] {logging_mixin.py:190} INFO - [2024-11-25T02:05:46.119+0000] {dag.py:3239} INFO - Sync 1 DAGs
[2024-11-25T02:05:46.142+0000] {logging_mixin.py:190} INFO - [2024-11-25T02:05:46.142+0000] {dag.py:4180} INFO - Setting next_dagrun for latest_only to 2024-11-24 20:00:00+00:00, run_after=2024-11-25 00:00:00+00:00
[2024-11-25T02:05:46.161+0000] {processor.py:208} INFO - Processing /home/airflow/.local/lib/python3.12/site-packages/airflow/example_dags/example_latest_only.py took 0.074 seconds
[2024-11-25T02:06:16.293+0000] {processor.py:186} INFO - Started process (PID=1475) to work on /home/airflow/.local/lib/python3.12/site-packages/airflow/example_dags/example_latest_only.py
[2024-11-25T02:06:16.294+0000] {processor.py:914} INFO - Processing file /home/airflow/.local/lib/python3.12/site-packages/airflow/example_dags/example_latest_only.py for tasks to queue
[2024-11-25T02:06:16.298+0000] {logging_mixin.py:190} INFO - [2024-11-25T02:06:16.297+0000] {dagbag.py:588} INFO - Filling up the DagBag from /home/airflow/.local/lib/python3.12/site-packages/airflow/example_dags/example_latest_only.py
[2024-11-25T02:06:16.309+0000] {processor.py:925} INFO - DAG(s) 'latest_only' retrieved from /home/airflow/.local/lib/python3.12/site-packages/airflow/example_dags/example_latest_only.py
[2024-11-25T02:06:16.334+0000] {logging_mixin.py:190} INFO - [2024-11-25T02:06:16.333+0000] {dag.py:3239} INFO - Sync 1 DAGs
[2024-11-25T02:06:16.367+0000] {logging_mixin.py:190} INFO - [2024-11-25T02:06:16.366+0000] {dag.py:4180} INFO - Setting next_dagrun for latest_only to 2024-11-24 20:00:00+00:00, run_after=2024-11-25 00:00:00+00:00
[2024-11-25T02:06:16.391+0000] {processor.py:208} INFO - Processing /home/airflow/.local/lib/python3.12/site-packages/airflow/example_dags/example_latest_only.py took 0.105 seconds
[2024-11-25T02:06:50.360+0000] {processor.py:186} INFO - Started process (PID=1540) to work on /home/airflow/.local/lib/python3.12/site-packages/airflow/example_dags/example_latest_only.py
[2024-11-25T02:06:50.361+0000] {processor.py:914} INFO - Processing file /home/airflow/.local/lib/python3.12/site-packages/airflow/example_dags/example_latest_only.py for tasks to queue
[2024-11-25T02:06:50.363+0000] {logging_mixin.py:190} INFO - [2024-11-25T02:06:50.363+0000] {dagbag.py:588} INFO - Filling up the DagBag from /home/airflow/.local/lib/python3.12/site-packages/airflow/example_dags/example_latest_only.py
[2024-11-25T02:06:50.371+0000] {processor.py:925} INFO - DAG(s) 'latest_only' retrieved from /home/airflow/.local/lib/python3.12/site-packages/airflow/example_dags/example_latest_only.py
[2024-11-25T02:06:50.394+0000] {logging_mixin.py:190} INFO - [2024-11-25T02:06:50.394+0000] {dag.py:3239} INFO - Sync 1 DAGs
[2024-11-25T02:06:50.424+0000] {logging_mixin.py:190} INFO - [2024-11-25T02:06:50.423+0000] {dag.py:4180} INFO - Setting next_dagrun for latest_only to 2024-11-24 20:00:00+00:00, run_after=2024-11-25 00:00:00+00:00
[2024-11-25T02:06:50.444+0000] {processor.py:208} INFO - Processing /home/airflow/.local/lib/python3.12/site-packages/airflow/example_dags/example_latest_only.py took 0.091 seconds
[2024-11-25T02:07:20.607+0000] {processor.py:186} INFO - Started process (PID=1604) to work on /home/airflow/.local/lib/python3.12/site-packages/airflow/example_dags/example_latest_only.py
[2024-11-25T02:07:20.607+0000] {processor.py:914} INFO - Processing file /home/airflow/.local/lib/python3.12/site-packages/airflow/example_dags/example_latest_only.py for tasks to queue
[2024-11-25T02:07:20.610+0000] {logging_mixin.py:190} INFO - [2024-11-25T02:07:20.610+0000] {dagbag.py:588} INFO - Filling up the DagBag from /home/airflow/.local/lib/python3.12/site-packages/airflow/example_dags/example_latest_only.py
[2024-11-25T02:07:20.618+0000] {processor.py:925} INFO - DAG(s) 'latest_only' retrieved from /home/airflow/.local/lib/python3.12/site-packages/airflow/example_dags/example_latest_only.py
[2024-11-25T02:07:20.647+0000] {logging_mixin.py:190} INFO - [2024-11-25T02:07:20.647+0000] {dag.py:3239} INFO - Sync 1 DAGs
[2024-11-25T02:07:20.677+0000] {logging_mixin.py:190} INFO - [2024-11-25T02:07:20.677+0000] {dag.py:4180} INFO - Setting next_dagrun for latest_only to 2024-11-24 20:00:00+00:00, run_after=2024-11-25 00:00:00+00:00
[2024-11-25T02:07:20.696+0000] {processor.py:208} INFO - Processing /home/airflow/.local/lib/python3.12/site-packages/airflow/example_dags/example_latest_only.py took 0.097 seconds
[2024-11-25T02:07:50.971+0000] {processor.py:186} INFO - Started process (PID=1668) to work on /home/airflow/.local/lib/python3.12/site-packages/airflow/example_dags/example_latest_only.py
[2024-11-25T02:07:50.973+0000] {processor.py:914} INFO - Processing file /home/airflow/.local/lib/python3.12/site-packages/airflow/example_dags/example_latest_only.py for tasks to queue
[2024-11-25T02:07:50.975+0000] {logging_mixin.py:190} INFO - [2024-11-25T02:07:50.975+0000] {dagbag.py:588} INFO - Filling up the DagBag from /home/airflow/.local/lib/python3.12/site-packages/airflow/example_dags/example_latest_only.py
[2024-11-25T02:07:50.982+0000] {processor.py:925} INFO - DAG(s) 'latest_only' retrieved from /home/airflow/.local/lib/python3.12/site-packages/airflow/example_dags/example_latest_only.py
[2024-11-25T02:07:51.003+0000] {logging_mixin.py:190} INFO - [2024-11-25T02:07:51.003+0000] {dag.py:3239} INFO - Sync 1 DAGs
[2024-11-25T02:07:51.033+0000] {logging_mixin.py:190} INFO - [2024-11-25T02:07:51.032+0000] {dag.py:4180} INFO - Setting next_dagrun for latest_only to 2024-11-24 20:00:00+00:00, run_after=2024-11-25 00:00:00+00:00
[2024-11-25T02:07:51.063+0000] {processor.py:208} INFO - Processing /home/airflow/.local/lib/python3.12/site-packages/airflow/example_dags/example_latest_only.py took 0.099 seconds
[2024-11-25T02:08:21.748+0000] {processor.py:186} INFO - Started process (PID=1732) to work on /home/airflow/.local/lib/python3.12/site-packages/airflow/example_dags/example_latest_only.py
[2024-11-25T02:08:21.749+0000] {processor.py:914} INFO - Processing file /home/airflow/.local/lib/python3.12/site-packages/airflow/example_dags/example_latest_only.py for tasks to queue
[2024-11-25T02:08:21.754+0000] {logging_mixin.py:190} INFO - [2024-11-25T02:08:21.753+0000] {dagbag.py:588} INFO - Filling up the DagBag from /home/airflow/.local/lib/python3.12/site-packages/airflow/example_dags/example_latest_only.py
[2024-11-25T02:08:21.766+0000] {processor.py:925} INFO - DAG(s) 'latest_only' retrieved from /home/airflow/.local/lib/python3.12/site-packages/airflow/example_dags/example_latest_only.py
[2024-11-25T02:08:21.796+0000] {logging_mixin.py:190} INFO - [2024-11-25T02:08:21.795+0000] {dag.py:3239} INFO - Sync 1 DAGs
[2024-11-25T02:08:21.825+0000] {logging_mixin.py:190} INFO - [2024-11-25T02:08:21.825+0000] {dag.py:4180} INFO - Setting next_dagrun for latest_only to 2024-11-24 20:00:00+00:00, run_after=2024-11-25 00:00:00+00:00
[2024-11-25T02:08:21.845+0000] {processor.py:208} INFO - Processing /home/airflow/.local/lib/python3.12/site-packages/airflow/example_dags/example_latest_only.py took 0.108 seconds
[2024-11-25T02:08:52.557+0000] {processor.py:186} INFO - Started process (PID=1796) to work on /home/airflow/.local/lib/python3.12/site-packages/airflow/example_dags/example_latest_only.py
[2024-11-25T02:08:52.559+0000] {processor.py:914} INFO - Processing file /home/airflow/.local/lib/python3.12/site-packages/airflow/example_dags/example_latest_only.py for tasks to queue
[2024-11-25T02:08:52.563+0000] {logging_mixin.py:190} INFO - [2024-11-25T02:08:52.563+0000] {dagbag.py:588} INFO - Filling up the DagBag from /home/airflow/.local/lib/python3.12/site-packages/airflow/example_dags/example_latest_only.py
[2024-11-25T02:08:52.575+0000] {processor.py:925} INFO - DAG(s) 'latest_only' retrieved from /home/airflow/.local/lib/python3.12/site-packages/airflow/example_dags/example_latest_only.py
[2024-11-25T02:08:52.599+0000] {logging_mixin.py:190} INFO - [2024-11-25T02:08:52.598+0000] {dag.py:3239} INFO - Sync 1 DAGs
[2024-11-25T02:08:52.631+0000] {logging_mixin.py:190} INFO - [2024-11-25T02:08:52.631+0000] {dag.py:4180} INFO - Setting next_dagrun for latest_only to 2024-11-24 20:00:00+00:00, run_after=2024-11-25 00:00:00+00:00
[2024-11-25T02:08:52.658+0000] {processor.py:208} INFO - Processing /home/airflow/.local/lib/python3.12/site-packages/airflow/example_dags/example_latest_only.py took 0.110 seconds
[2024-11-25T02:09:23.083+0000] {processor.py:186} INFO - Started process (PID=1860) to work on /home/airflow/.local/lib/python3.12/site-packages/airflow/example_dags/example_latest_only.py
[2024-11-25T02:09:23.084+0000] {processor.py:914} INFO - Processing file /home/airflow/.local/lib/python3.12/site-packages/airflow/example_dags/example_latest_only.py for tasks to queue
[2024-11-25T02:09:23.086+0000] {logging_mixin.py:190} INFO - [2024-11-25T02:09:23.086+0000] {dagbag.py:588} INFO - Filling up the DagBag from /home/airflow/.local/lib/python3.12/site-packages/airflow/example_dags/example_latest_only.py
[2024-11-25T02:09:23.093+0000] {processor.py:925} INFO - DAG(s) 'latest_only' retrieved from /home/airflow/.local/lib/python3.12/site-packages/airflow/example_dags/example_latest_only.py
[2024-11-25T02:09:23.117+0000] {logging_mixin.py:190} INFO - [2024-11-25T02:09:23.117+0000] {dag.py:3239} INFO - Sync 1 DAGs
[2024-11-25T02:09:23.147+0000] {logging_mixin.py:190} INFO - [2024-11-25T02:09:23.147+0000] {dag.py:4180} INFO - Setting next_dagrun for latest_only to 2024-11-24 20:00:00+00:00, run_after=2024-11-25 00:00:00+00:00
[2024-11-25T02:09:23.180+0000] {processor.py:208} INFO - Processing /home/airflow/.local/lib/python3.12/site-packages/airflow/example_dags/example_latest_only.py took 0.104 seconds
[2024-11-25T02:09:53.448+0000] {processor.py:186} INFO - Started process (PID=1924) to work on /home/airflow/.local/lib/python3.12/site-packages/airflow/example_dags/example_latest_only.py
[2024-11-25T02:09:53.452+0000] {processor.py:914} INFO - Processing file /home/airflow/.local/lib/python3.12/site-packages/airflow/example_dags/example_latest_only.py for tasks to queue
[2024-11-25T02:09:53.456+0000] {logging_mixin.py:190} INFO - [2024-11-25T02:09:53.455+0000] {dagbag.py:588} INFO - Filling up the DagBag from /home/airflow/.local/lib/python3.12/site-packages/airflow/example_dags/example_latest_only.py
[2024-11-25T02:09:53.474+0000] {processor.py:925} INFO - DAG(s) 'latest_only' retrieved from /home/airflow/.local/lib/python3.12/site-packages/airflow/example_dags/example_latest_only.py
[2024-11-25T02:09:53.500+0000] {logging_mixin.py:190} INFO - [2024-11-25T02:09:53.500+0000] {dag.py:3239} INFO - Sync 1 DAGs
[2024-11-25T02:09:53.530+0000] {logging_mixin.py:190} INFO - [2024-11-25T02:09:53.530+0000] {dag.py:4180} INFO - Setting next_dagrun for latest_only to 2024-11-24 20:00:00+00:00, run_after=2024-11-25 00:00:00+00:00
[2024-11-25T02:09:53.551+0000] {processor.py:208} INFO - Processing /home/airflow/.local/lib/python3.12/site-packages/airflow/example_dags/example_latest_only.py took 0.109 seconds
[2024-11-25T02:10:24.439+0000] {processor.py:186} INFO - Started process (PID=1988) to work on /home/airflow/.local/lib/python3.12/site-packages/airflow/example_dags/example_latest_only.py
[2024-11-25T02:10:24.440+0000] {processor.py:914} INFO - Processing file /home/airflow/.local/lib/python3.12/site-packages/airflow/example_dags/example_latest_only.py for tasks to queue
[2024-11-25T02:10:24.442+0000] {logging_mixin.py:190} INFO - [2024-11-25T02:10:24.442+0000] {dagbag.py:588} INFO - Filling up the DagBag from /home/airflow/.local/lib/python3.12/site-packages/airflow/example_dags/example_latest_only.py
[2024-11-25T02:10:24.448+0000] {processor.py:925} INFO - DAG(s) 'latest_only' retrieved from /home/airflow/.local/lib/python3.12/site-packages/airflow/example_dags/example_latest_only.py
[2024-11-25T02:10:24.466+0000] {logging_mixin.py:190} INFO - [2024-11-25T02:10:24.466+0000] {dag.py:3239} INFO - Sync 1 DAGs
[2024-11-25T02:10:24.489+0000] {logging_mixin.py:190} INFO - [2024-11-25T02:10:24.489+0000] {dag.py:4180} INFO - Setting next_dagrun for latest_only to 2024-11-24 20:00:00+00:00, run_after=2024-11-25 00:00:00+00:00
[2024-11-25T02:10:24.507+0000] {processor.py:208} INFO - Processing /home/airflow/.local/lib/python3.12/site-packages/airflow/example_dags/example_latest_only.py took 0.074 seconds
[2024-11-25T02:10:54.879+0000] {processor.py:186} INFO - Started process (PID=2052) to work on /home/airflow/.local/lib/python3.12/site-packages/airflow/example_dags/example_latest_only.py
[2024-11-25T02:10:54.880+0000] {processor.py:914} INFO - Processing file /home/airflow/.local/lib/python3.12/site-packages/airflow/example_dags/example_latest_only.py for tasks to queue
[2024-11-25T02:10:54.882+0000] {logging_mixin.py:190} INFO - [2024-11-25T02:10:54.881+0000] {dagbag.py:588} INFO - Filling up the DagBag from /home/airflow/.local/lib/python3.12/site-packages/airflow/example_dags/example_latest_only.py
[2024-11-25T02:10:54.888+0000] {processor.py:925} INFO - DAG(s) 'latest_only' retrieved from /home/airflow/.local/lib/python3.12/site-packages/airflow/example_dags/example_latest_only.py
[2024-11-25T02:10:54.906+0000] {logging_mixin.py:190} INFO - [2024-11-25T02:10:54.906+0000] {dag.py:3239} INFO - Sync 1 DAGs
[2024-11-25T02:10:54.928+0000] {logging_mixin.py:190} INFO - [2024-11-25T02:10:54.928+0000] {dag.py:4180} INFO - Setting next_dagrun for latest_only to 2024-11-24 20:00:00+00:00, run_after=2024-11-25 00:00:00+00:00
[2024-11-25T02:10:54.946+0000] {processor.py:208} INFO - Processing /home/airflow/.local/lib/python3.12/site-packages/airflow/example_dags/example_latest_only.py took 0.072 seconds
[2024-11-25T02:11:25.429+0000] {processor.py:186} INFO - Started process (PID=2117) to work on /home/airflow/.local/lib/python3.12/site-packages/airflow/example_dags/example_latest_only.py
[2024-11-25T02:11:25.430+0000] {processor.py:914} INFO - Processing file /home/airflow/.local/lib/python3.12/site-packages/airflow/example_dags/example_latest_only.py for tasks to queue
[2024-11-25T02:11:25.433+0000] {logging_mixin.py:190} INFO - [2024-11-25T02:11:25.432+0000] {dagbag.py:588} INFO - Filling up the DagBag from /home/airflow/.local/lib/python3.12/site-packages/airflow/example_dags/example_latest_only.py
[2024-11-25T02:11:25.444+0000] {processor.py:925} INFO - DAG(s) 'latest_only' retrieved from /home/airflow/.local/lib/python3.12/site-packages/airflow/example_dags/example_latest_only.py
[2024-11-25T02:11:25.484+0000] {logging_mixin.py:190} INFO - [2024-11-25T02:11:25.483+0000] {dag.py:3239} INFO - Sync 1 DAGs
[2024-11-25T02:11:25.527+0000] {logging_mixin.py:190} INFO - [2024-11-25T02:11:25.527+0000] {dag.py:4180} INFO - Setting next_dagrun for latest_only to 2024-11-24 20:00:00+00:00, run_after=2024-11-25 00:00:00+00:00
[2024-11-25T02:11:25.555+0000] {processor.py:208} INFO - Processing /home/airflow/.local/lib/python3.12/site-packages/airflow/example_dags/example_latest_only.py took 0.131 seconds
[2024-11-25T02:11:56.199+0000] {processor.py:186} INFO - Started process (PID=2181) to work on /home/airflow/.local/lib/python3.12/site-packages/airflow/example_dags/example_latest_only.py
[2024-11-25T02:11:56.200+0000] {processor.py:914} INFO - Processing file /home/airflow/.local/lib/python3.12/site-packages/airflow/example_dags/example_latest_only.py for tasks to queue
[2024-11-25T02:11:56.203+0000] {logging_mixin.py:190} INFO - [2024-11-25T02:11:56.202+0000] {dagbag.py:588} INFO - Filling up the DagBag from /home/airflow/.local/lib/python3.12/site-packages/airflow/example_dags/example_latest_only.py
[2024-11-25T02:11:56.212+0000] {processor.py:925} INFO - DAG(s) 'latest_only' retrieved from /home/airflow/.local/lib/python3.12/site-packages/airflow/example_dags/example_latest_only.py
[2024-11-25T02:11:56.237+0000] {logging_mixin.py:190} INFO - [2024-11-25T02:11:56.236+0000] {dag.py:3239} INFO - Sync 1 DAGs
[2024-11-25T02:11:56.264+0000] {logging_mixin.py:190} INFO - [2024-11-25T02:11:56.264+0000] {dag.py:4180} INFO - Setting next_dagrun for latest_only to 2024-11-24 20:00:00+00:00, run_after=2024-11-25 00:00:00+00:00
[2024-11-25T02:11:56.283+0000] {processor.py:208} INFO - Processing /home/airflow/.local/lib/python3.12/site-packages/airflow/example_dags/example_latest_only.py took 0.091 seconds
[2024-11-25T02:12:27.014+0000] {processor.py:186} INFO - Started process (PID=2245) to work on /home/airflow/.local/lib/python3.12/site-packages/airflow/example_dags/example_latest_only.py
[2024-11-25T02:12:27.015+0000] {processor.py:914} INFO - Processing file /home/airflow/.local/lib/python3.12/site-packages/airflow/example_dags/example_latest_only.py for tasks to queue
[2024-11-25T02:12:27.019+0000] {logging_mixin.py:190} INFO - [2024-11-25T02:12:27.018+0000] {dagbag.py:588} INFO - Filling up the DagBag from /home/airflow/.local/lib/python3.12/site-packages/airflow/example_dags/example_latest_only.py
[2024-11-25T02:12:27.029+0000] {processor.py:925} INFO - DAG(s) 'latest_only' retrieved from /home/airflow/.local/lib/python3.12/site-packages/airflow/example_dags/example_latest_only.py
[2024-11-25T02:12:27.052+0000] {logging_mixin.py:190} INFO - [2024-11-25T02:12:27.052+0000] {dag.py:3239} INFO - Sync 1 DAGs
[2024-11-25T02:12:27.084+0000] {logging_mixin.py:190} INFO - [2024-11-25T02:12:27.084+0000] {dag.py:4180} INFO - Setting next_dagrun for latest_only to 2024-11-24 20:00:00+00:00, run_after=2024-11-25 00:00:00+00:00
[2024-11-25T02:12:27.110+0000] {processor.py:208} INFO - Processing /home/airflow/.local/lib/python3.12/site-packages/airflow/example_dags/example_latest_only.py took 0.104 seconds
[2024-11-25T02:12:57.259+0000] {processor.py:186} INFO - Started process (PID=2309) to work on /home/airflow/.local/lib/python3.12/site-packages/airflow/example_dags/example_latest_only.py
[2024-11-25T02:12:57.260+0000] {processor.py:914} INFO - Processing file /home/airflow/.local/lib/python3.12/site-packages/airflow/example_dags/example_latest_only.py for tasks to queue
[2024-11-25T02:12:57.263+0000] {logging_mixin.py:190} INFO - [2024-11-25T02:12:57.262+0000] {dagbag.py:588} INFO - Filling up the DagBag from /home/airflow/.local/lib/python3.12/site-packages/airflow/example_dags/example_latest_only.py
[2024-11-25T02:12:57.271+0000] {processor.py:925} INFO - DAG(s) 'latest_only' retrieved from /home/airflow/.local/lib/python3.12/site-packages/airflow/example_dags/example_latest_only.py
[2024-11-25T02:12:57.291+0000] {logging_mixin.py:190} INFO - [2024-11-25T02:12:57.291+0000] {dag.py:3239} INFO - Sync 1 DAGs
[2024-11-25T02:12:57.315+0000] {logging_mixin.py:190} INFO - [2024-11-25T02:12:57.315+0000] {dag.py:4180} INFO - Setting next_dagrun for latest_only to 2024-11-24 20:00:00+00:00, run_after=2024-11-25 00:00:00+00:00
[2024-11-25T02:12:57.333+0000] {processor.py:208} INFO - Processing /home/airflow/.local/lib/python3.12/site-packages/airflow/example_dags/example_latest_only.py took 0.080 seconds
[2024-11-25T02:13:27.428+0000] {processor.py:186} INFO - Started process (PID=2373) to work on /home/airflow/.local/lib/python3.12/site-packages/airflow/example_dags/example_latest_only.py
[2024-11-25T02:13:27.430+0000] {processor.py:914} INFO - Processing file /home/airflow/.local/lib/python3.12/site-packages/airflow/example_dags/example_latest_only.py for tasks to queue
[2024-11-25T02:13:27.436+0000] {logging_mixin.py:190} INFO - [2024-11-25T02:13:27.435+0000] {dagbag.py:588} INFO - Filling up the DagBag from /home/airflow/.local/lib/python3.12/site-packages/airflow/example_dags/example_latest_only.py
[2024-11-25T02:13:27.448+0000] {processor.py:925} INFO - DAG(s) 'latest_only' retrieved from /home/airflow/.local/lib/python3.12/site-packages/airflow/example_dags/example_latest_only.py
[2024-11-25T02:13:27.490+0000] {logging_mixin.py:190} INFO - [2024-11-25T02:13:27.489+0000] {dag.py:3239} INFO - Sync 1 DAGs
[2024-11-25T02:13:27.543+0000] {logging_mixin.py:190} INFO - [2024-11-25T02:13:27.542+0000] {dag.py:4180} INFO - Setting next_dagrun for latest_only to 2024-11-24 20:00:00+00:00, run_after=2024-11-25 00:00:00+00:00
[2024-11-25T02:13:27.822+0000] {processor.py:208} INFO - Processing /home/airflow/.local/lib/python3.12/site-packages/airflow/example_dags/example_latest_only.py took 0.402 seconds
[2024-11-25T02:13:58.167+0000] {processor.py:186} INFO - Started process (PID=2438) to work on /home/airflow/.local/lib/python3.12/site-packages/airflow/example_dags/example_latest_only.py
[2024-11-25T02:13:58.169+0000] {processor.py:914} INFO - Processing file /home/airflow/.local/lib/python3.12/site-packages/airflow/example_dags/example_latest_only.py for tasks to queue
[2024-11-25T02:13:58.172+0000] {logging_mixin.py:190} INFO - [2024-11-25T02:13:58.171+0000] {dagbag.py:588} INFO - Filling up the DagBag from /home/airflow/.local/lib/python3.12/site-packages/airflow/example_dags/example_latest_only.py
[2024-11-25T02:13:58.183+0000] {processor.py:925} INFO - DAG(s) 'latest_only' retrieved from /home/airflow/.local/lib/python3.12/site-packages/airflow/example_dags/example_latest_only.py
[2024-11-25T02:13:58.213+0000] {logging_mixin.py:190} INFO - [2024-11-25T02:13:58.213+0000] {dag.py:3239} INFO - Sync 1 DAGs
[2024-11-25T02:13:58.241+0000] {logging_mixin.py:190} INFO - [2024-11-25T02:13:58.241+0000] {dag.py:4180} INFO - Setting next_dagrun for latest_only to 2024-11-24 20:00:00+00:00, run_after=2024-11-25 00:00:00+00:00
[2024-11-25T02:13:58.264+0000] {processor.py:208} INFO - Processing /home/airflow/.local/lib/python3.12/site-packages/airflow/example_dags/example_latest_only.py took 0.104 seconds
[2024-11-25T02:14:28.507+0000] {processor.py:186} INFO - Started process (PID=2502) to work on /home/airflow/.local/lib/python3.12/site-packages/airflow/example_dags/example_latest_only.py
[2024-11-25T02:14:28.509+0000] {processor.py:914} INFO - Processing file /home/airflow/.local/lib/python3.12/site-packages/airflow/example_dags/example_latest_only.py for tasks to queue
[2024-11-25T02:14:28.512+0000] {logging_mixin.py:190} INFO - [2024-11-25T02:14:28.511+0000] {dagbag.py:588} INFO - Filling up the DagBag from /home/airflow/.local/lib/python3.12/site-packages/airflow/example_dags/example_latest_only.py
[2024-11-25T02:14:28.524+0000] {processor.py:925} INFO - DAG(s) 'latest_only' retrieved from /home/airflow/.local/lib/python3.12/site-packages/airflow/example_dags/example_latest_only.py
[2024-11-25T02:14:28.566+0000] {logging_mixin.py:190} INFO - [2024-11-25T02:14:28.562+0000] {dag.py:3239} INFO - Sync 1 DAGs
[2024-11-25T02:14:28.603+0000] {logging_mixin.py:190} INFO - [2024-11-25T02:14:28.602+0000] {dag.py:4180} INFO - Setting next_dagrun for latest_only to 2024-11-24 20:00:00+00:00, run_after=2024-11-25 00:00:00+00:00
[2024-11-25T02:14:28.623+0000] {processor.py:208} INFO - Processing /home/airflow/.local/lib/python3.12/site-packages/airflow/example_dags/example_latest_only.py took 0.122 seconds
[2024-11-25T02:14:59.124+0000] {processor.py:186} INFO - Started process (PID=2566) to work on /home/airflow/.local/lib/python3.12/site-packages/airflow/example_dags/example_latest_only.py
[2024-11-25T02:14:59.125+0000] {processor.py:914} INFO - Processing file /home/airflow/.local/lib/python3.12/site-packages/airflow/example_dags/example_latest_only.py for tasks to queue
[2024-11-25T02:14:59.129+0000] {logging_mixin.py:190} INFO - [2024-11-25T02:14:59.128+0000] {dagbag.py:588} INFO - Filling up the DagBag from /home/airflow/.local/lib/python3.12/site-packages/airflow/example_dags/example_latest_only.py
[2024-11-25T02:14:59.139+0000] {processor.py:925} INFO - DAG(s) 'latest_only' retrieved from /home/airflow/.local/lib/python3.12/site-packages/airflow/example_dags/example_latest_only.py
[2024-11-25T02:14:59.164+0000] {logging_mixin.py:190} INFO - [2024-11-25T02:14:59.164+0000] {dag.py:3239} INFO - Sync 1 DAGs
[2024-11-25T02:14:59.244+0000] {logging_mixin.py:190} INFO - [2024-11-25T02:14:59.243+0000] {dag.py:4180} INFO - Setting next_dagrun for latest_only to 2024-11-24 20:00:00+00:00, run_after=2024-11-25 00:00:00+00:00
[2024-11-25T02:14:59.364+0000] {processor.py:208} INFO - Processing /home/airflow/.local/lib/python3.12/site-packages/airflow/example_dags/example_latest_only.py took 0.247 seconds
[2024-11-25T02:15:29.484+0000] {processor.py:186} INFO - Started process (PID=2631) to work on /home/airflow/.local/lib/python3.12/site-packages/airflow/example_dags/example_latest_only.py
[2024-11-25T02:15:29.485+0000] {processor.py:914} INFO - Processing file /home/airflow/.local/lib/python3.12/site-packages/airflow/example_dags/example_latest_only.py for tasks to queue
[2024-11-25T02:15:29.487+0000] {logging_mixin.py:190} INFO - [2024-11-25T02:15:29.487+0000] {dagbag.py:588} INFO - Filling up the DagBag from /home/airflow/.local/lib/python3.12/site-packages/airflow/example_dags/example_latest_only.py
[2024-11-25T02:15:29.495+0000] {processor.py:925} INFO - DAG(s) 'latest_only' retrieved from /home/airflow/.local/lib/python3.12/site-packages/airflow/example_dags/example_latest_only.py
[2024-11-25T02:15:29.514+0000] {logging_mixin.py:190} INFO - [2024-11-25T02:15:29.514+0000] {dag.py:3239} INFO - Sync 1 DAGs
[2024-11-25T02:15:29.540+0000] {logging_mixin.py:190} INFO - [2024-11-25T02:15:29.540+0000] {dag.py:4180} INFO - Setting next_dagrun for latest_only to 2024-11-24 20:00:00+00:00, run_after=2024-11-25 00:00:00+00:00
[2024-11-25T02:15:29.560+0000] {processor.py:208} INFO - Processing /home/airflow/.local/lib/python3.12/site-packages/airflow/example_dags/example_latest_only.py took 0.082 seconds
[2024-11-25T02:15:59.759+0000] {processor.py:186} INFO - Started process (PID=2694) to work on /home/airflow/.local/lib/python3.12/site-packages/airflow/example_dags/example_latest_only.py
[2024-11-25T02:15:59.760+0000] {processor.py:914} INFO - Processing file /home/airflow/.local/lib/python3.12/site-packages/airflow/example_dags/example_latest_only.py for tasks to queue
[2024-11-25T02:15:59.762+0000] {logging_mixin.py:190} INFO - [2024-11-25T02:15:59.762+0000] {dagbag.py:588} INFO - Filling up the DagBag from /home/airflow/.local/lib/python3.12/site-packages/airflow/example_dags/example_latest_only.py
[2024-11-25T02:15:59.768+0000] {processor.py:925} INFO - DAG(s) 'latest_only' retrieved from /home/airflow/.local/lib/python3.12/site-packages/airflow/example_dags/example_latest_only.py
[2024-11-25T02:15:59.785+0000] {logging_mixin.py:190} INFO - [2024-11-25T02:15:59.785+0000] {dag.py:3239} INFO - Sync 1 DAGs
[2024-11-25T02:15:59.954+0000] {logging_mixin.py:190} INFO - [2024-11-25T02:15:59.954+0000] {dag.py:4180} INFO - Setting next_dagrun for latest_only to 2024-11-24 20:00:00+00:00, run_after=2024-11-25 00:00:00+00:00
[2024-11-25T02:15:59.968+0000] {processor.py:208} INFO - Processing /home/airflow/.local/lib/python3.12/site-packages/airflow/example_dags/example_latest_only.py took 0.215 seconds
[2024-11-25T02:16:30.945+0000] {processor.py:186} INFO - Started process (PID=2758) to work on /home/airflow/.local/lib/python3.12/site-packages/airflow/example_dags/example_latest_only.py
[2024-11-25T02:16:30.946+0000] {processor.py:914} INFO - Processing file /home/airflow/.local/lib/python3.12/site-packages/airflow/example_dags/example_latest_only.py for tasks to queue
[2024-11-25T02:16:30.948+0000] {logging_mixin.py:190} INFO - [2024-11-25T02:16:30.948+0000] {dagbag.py:588} INFO - Filling up the DagBag from /home/airflow/.local/lib/python3.12/site-packages/airflow/example_dags/example_latest_only.py
[2024-11-25T02:16:30.955+0000] {processor.py:925} INFO - DAG(s) 'latest_only' retrieved from /home/airflow/.local/lib/python3.12/site-packages/airflow/example_dags/example_latest_only.py
[2024-11-25T02:16:30.985+0000] {logging_mixin.py:190} INFO - [2024-11-25T02:16:30.985+0000] {dag.py:3239} INFO - Sync 1 DAGs
[2024-11-25T02:16:31.019+0000] {logging_mixin.py:190} INFO - [2024-11-25T02:16:31.019+0000] {dag.py:4180} INFO - Setting next_dagrun for latest_only to 2024-11-24 20:00:00+00:00, run_after=2024-11-25 00:00:00+00:00
[2024-11-25T02:16:31.052+0000] {processor.py:208} INFO - Processing /home/airflow/.local/lib/python3.12/site-packages/airflow/example_dags/example_latest_only.py took 0.113 seconds
