[2024-11-25T01:55:15.649+0000] {processor.py:186} INFO - Started process (PID=83) to work on /home/airflow/.local/lib/python3.12/site-packages/airflow/example_dags/example_xcomargs.py
[2024-11-25T01:55:15.658+0000] {processor.py:914} INFO - Processing file /home/airflow/.local/lib/python3.12/site-packages/airflow/example_dags/example_xcomargs.py for tasks to queue
[2024-11-25T01:55:15.696+0000] {logging_mixin.py:190} INFO - [2024-11-25T01:55:15.695+0000] {dagbag.py:588} INFO - Filling up the DagBag from /home/airflow/.local/lib/python3.12/site-packages/airflow/example_dags/example_xcomargs.py
[2024-11-25T01:55:15.842+0000] {processor.py:925} INFO - DAG(s) 'example_xcom_args', 'example_xcom_args_with_operators' retrieved from /home/airflow/.local/lib/python3.12/site-packages/airflow/example_dags/example_xcomargs.py
[2024-11-25T01:55:16.276+0000] {logging_mixin.py:190} INFO - [2024-11-25T01:55:16.276+0000] {dag.py:3239} INFO - Sync 2 DAGs
[2024-11-25T01:55:16.547+0000] {logging_mixin.py:190} INFO - [2024-11-25T01:55:16.546+0000] {dag.py:4180} INFO - Setting next_dagrun for example_xcom_args to None, run_after=None
[2024-11-25T01:55:16.580+0000] {logging_mixin.py:190} INFO - [2024-11-25T01:55:16.580+0000] {dag.py:4180} INFO - Setting next_dagrun for example_xcom_args_with_operators to None, run_after=None
[2024-11-25T01:55:16.733+0000] {processor.py:208} INFO - Processing /home/airflow/.local/lib/python3.12/site-packages/airflow/example_dags/example_xcomargs.py took 1.169 seconds
[2024-11-25T01:55:47.023+0000] {processor.py:186} INFO - Started process (PID=148) to work on /home/airflow/.local/lib/python3.12/site-packages/airflow/example_dags/example_xcomargs.py
[2024-11-25T01:55:47.024+0000] {processor.py:914} INFO - Processing file /home/airflow/.local/lib/python3.12/site-packages/airflow/example_dags/example_xcomargs.py for tasks to queue
[2024-11-25T01:55:47.026+0000] {logging_mixin.py:190} INFO - [2024-11-25T01:55:47.026+0000] {dagbag.py:588} INFO - Filling up the DagBag from /home/airflow/.local/lib/python3.12/site-packages/airflow/example_dags/example_xcomargs.py
[2024-11-25T01:55:47.037+0000] {processor.py:925} INFO - DAG(s) 'example_xcom_args_with_operators', 'example_xcom_args' retrieved from /home/airflow/.local/lib/python3.12/site-packages/airflow/example_dags/example_xcomargs.py
[2024-11-25T01:55:47.062+0000] {logging_mixin.py:190} INFO - [2024-11-25T01:55:47.061+0000] {dag.py:3239} INFO - Sync 2 DAGs
[2024-11-25T01:55:47.079+0000] {logging_mixin.py:190} INFO - [2024-11-25T01:55:47.079+0000] {dag.py:4180} INFO - Setting next_dagrun for example_xcom_args to None, run_after=None
[2024-11-25T01:55:47.083+0000] {logging_mixin.py:190} INFO - [2024-11-25T01:55:47.083+0000] {dag.py:4180} INFO - Setting next_dagrun for example_xcom_args_with_operators to None, run_after=None
[2024-11-25T01:55:47.099+0000] {processor.py:208} INFO - Processing /home/airflow/.local/lib/python3.12/site-packages/airflow/example_dags/example_xcomargs.py took 0.081 seconds
[2024-11-25T01:56:17.960+0000] {processor.py:186} INFO - Started process (PID=212) to work on /home/airflow/.local/lib/python3.12/site-packages/airflow/example_dags/example_xcomargs.py
[2024-11-25T01:56:17.964+0000] {processor.py:914} INFO - Processing file /home/airflow/.local/lib/python3.12/site-packages/airflow/example_dags/example_xcomargs.py for tasks to queue
[2024-11-25T01:56:17.978+0000] {logging_mixin.py:190} INFO - [2024-11-25T01:56:17.977+0000] {dagbag.py:588} INFO - Filling up the DagBag from /home/airflow/.local/lib/python3.12/site-packages/airflow/example_dags/example_xcomargs.py
[2024-11-25T01:56:18.043+0000] {processor.py:925} INFO - DAG(s) 'example_xcom_args', 'example_xcom_args_with_operators' retrieved from /home/airflow/.local/lib/python3.12/site-packages/airflow/example_dags/example_xcomargs.py
[2024-11-25T01:56:18.142+0000] {logging_mixin.py:190} INFO - [2024-11-25T01:56:18.142+0000] {dag.py:3239} INFO - Sync 2 DAGs
[2024-11-25T01:56:18.248+0000] {logging_mixin.py:190} INFO - [2024-11-25T01:56:18.247+0000] {dag.py:4180} INFO - Setting next_dagrun for example_xcom_args to None, run_after=None
[2024-11-25T01:56:18.273+0000] {logging_mixin.py:190} INFO - [2024-11-25T01:56:18.271+0000] {dag.py:4180} INFO - Setting next_dagrun for example_xcom_args_with_operators to None, run_after=None
[2024-11-25T01:56:18.411+0000] {processor.py:208} INFO - Processing /home/airflow/.local/lib/python3.12/site-packages/airflow/example_dags/example_xcomargs.py took 0.477 seconds
[2024-11-25T01:56:48.607+0000] {processor.py:186} INFO - Started process (PID=276) to work on /home/airflow/.local/lib/python3.12/site-packages/airflow/example_dags/example_xcomargs.py
[2024-11-25T01:56:48.609+0000] {processor.py:914} INFO - Processing file /home/airflow/.local/lib/python3.12/site-packages/airflow/example_dags/example_xcomargs.py for tasks to queue
[2024-11-25T01:56:48.612+0000] {logging_mixin.py:190} INFO - [2024-11-25T01:56:48.612+0000] {dagbag.py:588} INFO - Filling up the DagBag from /home/airflow/.local/lib/python3.12/site-packages/airflow/example_dags/example_xcomargs.py
[2024-11-25T01:56:48.628+0000] {processor.py:925} INFO - DAG(s) 'example_xcom_args_with_operators', 'example_xcom_args' retrieved from /home/airflow/.local/lib/python3.12/site-packages/airflow/example_dags/example_xcomargs.py
[2024-11-25T01:56:48.657+0000] {logging_mixin.py:190} INFO - [2024-11-25T01:56:48.657+0000] {dag.py:3239} INFO - Sync 2 DAGs
[2024-11-25T01:56:48.680+0000] {logging_mixin.py:190} INFO - [2024-11-25T01:56:48.679+0000] {dag.py:4180} INFO - Setting next_dagrun for example_xcom_args to None, run_after=None
[2024-11-25T01:56:48.686+0000] {logging_mixin.py:190} INFO - [2024-11-25T01:56:48.685+0000] {dag.py:4180} INFO - Setting next_dagrun for example_xcom_args_with_operators to None, run_after=None
[2024-11-25T01:56:48.706+0000] {processor.py:208} INFO - Processing /home/airflow/.local/lib/python3.12/site-packages/airflow/example_dags/example_xcomargs.py took 0.105 seconds
[2024-11-25T01:57:19.577+0000] {processor.py:186} INFO - Started process (PID=340) to work on /home/airflow/.local/lib/python3.12/site-packages/airflow/example_dags/example_xcomargs.py
[2024-11-25T01:57:19.580+0000] {processor.py:914} INFO - Processing file /home/airflow/.local/lib/python3.12/site-packages/airflow/example_dags/example_xcomargs.py for tasks to queue
[2024-11-25T01:57:19.584+0000] {logging_mixin.py:190} INFO - [2024-11-25T01:57:19.584+0000] {dagbag.py:588} INFO - Filling up the DagBag from /home/airflow/.local/lib/python3.12/site-packages/airflow/example_dags/example_xcomargs.py
[2024-11-25T01:57:19.598+0000] {processor.py:925} INFO - DAG(s) 'example_xcom_args_with_operators', 'example_xcom_args' retrieved from /home/airflow/.local/lib/python3.12/site-packages/airflow/example_dags/example_xcomargs.py
[2024-11-25T01:57:19.634+0000] {logging_mixin.py:190} INFO - [2024-11-25T01:57:19.634+0000] {dag.py:3239} INFO - Sync 2 DAGs
[2024-11-25T01:57:19.658+0000] {logging_mixin.py:190} INFO - [2024-11-25T01:57:19.658+0000] {dag.py:4180} INFO - Setting next_dagrun for example_xcom_args to None, run_after=None
[2024-11-25T01:57:19.663+0000] {logging_mixin.py:190} INFO - [2024-11-25T01:57:19.663+0000] {dag.py:4180} INFO - Setting next_dagrun for example_xcom_args_with_operators to None, run_after=None
[2024-11-25T01:57:19.680+0000] {processor.py:208} INFO - Processing /home/airflow/.local/lib/python3.12/site-packages/airflow/example_dags/example_xcomargs.py took 0.111 seconds
[2024-11-25T01:57:49.831+0000] {processor.py:186} INFO - Started process (PID=404) to work on /home/airflow/.local/lib/python3.12/site-packages/airflow/example_dags/example_xcomargs.py
[2024-11-25T01:57:49.832+0000] {processor.py:914} INFO - Processing file /home/airflow/.local/lib/python3.12/site-packages/airflow/example_dags/example_xcomargs.py for tasks to queue
[2024-11-25T01:57:49.834+0000] {logging_mixin.py:190} INFO - [2024-11-25T01:57:49.834+0000] {dagbag.py:588} INFO - Filling up the DagBag from /home/airflow/.local/lib/python3.12/site-packages/airflow/example_dags/example_xcomargs.py
[2024-11-25T01:57:49.843+0000] {processor.py:925} INFO - DAG(s) 'example_xcom_args_with_operators', 'example_xcom_args' retrieved from /home/airflow/.local/lib/python3.12/site-packages/airflow/example_dags/example_xcomargs.py
[2024-11-25T01:57:49.865+0000] {logging_mixin.py:190} INFO - [2024-11-25T01:57:49.865+0000] {dag.py:3239} INFO - Sync 2 DAGs
[2024-11-25T01:57:49.880+0000] {logging_mixin.py:190} INFO - [2024-11-25T01:57:49.880+0000] {dag.py:4180} INFO - Setting next_dagrun for example_xcom_args to None, run_after=None
[2024-11-25T01:57:49.884+0000] {logging_mixin.py:190} INFO - [2024-11-25T01:57:49.884+0000] {dag.py:4180} INFO - Setting next_dagrun for example_xcom_args_with_operators to None, run_after=None
[2024-11-25T01:57:49.899+0000] {processor.py:208} INFO - Processing /home/airflow/.local/lib/python3.12/site-packages/airflow/example_dags/example_xcomargs.py took 0.073 seconds
[2024-11-25T01:58:20.419+0000] {processor.py:186} INFO - Started process (PID=468) to work on /home/airflow/.local/lib/python3.12/site-packages/airflow/example_dags/example_xcomargs.py
[2024-11-25T01:58:20.420+0000] {processor.py:914} INFO - Processing file /home/airflow/.local/lib/python3.12/site-packages/airflow/example_dags/example_xcomargs.py for tasks to queue
[2024-11-25T01:58:20.423+0000] {logging_mixin.py:190} INFO - [2024-11-25T01:58:20.423+0000] {dagbag.py:588} INFO - Filling up the DagBag from /home/airflow/.local/lib/python3.12/site-packages/airflow/example_dags/example_xcomargs.py
[2024-11-25T01:58:20.434+0000] {processor.py:925} INFO - DAG(s) 'example_xcom_args', 'example_xcom_args_with_operators' retrieved from /home/airflow/.local/lib/python3.12/site-packages/airflow/example_dags/example_xcomargs.py
[2024-11-25T01:58:20.459+0000] {logging_mixin.py:190} INFO - [2024-11-25T01:58:20.459+0000] {dag.py:3239} INFO - Sync 2 DAGs
[2024-11-25T01:58:20.477+0000] {logging_mixin.py:190} INFO - [2024-11-25T01:58:20.477+0000] {dag.py:4180} INFO - Setting next_dagrun for example_xcom_args to None, run_after=None
[2024-11-25T01:58:20.481+0000] {logging_mixin.py:190} INFO - [2024-11-25T01:58:20.481+0000] {dag.py:4180} INFO - Setting next_dagrun for example_xcom_args_with_operators to None, run_after=None
[2024-11-25T01:58:20.501+0000] {processor.py:208} INFO - Processing /home/airflow/.local/lib/python3.12/site-packages/airflow/example_dags/example_xcomargs.py took 0.089 seconds
[2024-11-25T01:58:51.308+0000] {processor.py:186} INFO - Started process (PID=532) to work on /home/airflow/.local/lib/python3.12/site-packages/airflow/example_dags/example_xcomargs.py
[2024-11-25T01:58:51.309+0000] {processor.py:914} INFO - Processing file /home/airflow/.local/lib/python3.12/site-packages/airflow/example_dags/example_xcomargs.py for tasks to queue
[2024-11-25T01:58:51.311+0000] {logging_mixin.py:190} INFO - [2024-11-25T01:58:51.311+0000] {dagbag.py:588} INFO - Filling up the DagBag from /home/airflow/.local/lib/python3.12/site-packages/airflow/example_dags/example_xcomargs.py
[2024-11-25T01:58:51.323+0000] {processor.py:925} INFO - DAG(s) 'example_xcom_args_with_operators', 'example_xcom_args' retrieved from /home/airflow/.local/lib/python3.12/site-packages/airflow/example_dags/example_xcomargs.py
[2024-11-25T01:58:51.344+0000] {logging_mixin.py:190} INFO - [2024-11-25T01:58:51.344+0000] {dag.py:3239} INFO - Sync 2 DAGs
[2024-11-25T01:58:51.361+0000] {logging_mixin.py:190} INFO - [2024-11-25T01:58:51.360+0000] {dag.py:4180} INFO - Setting next_dagrun for example_xcom_args to None, run_after=None
[2024-11-25T01:58:51.366+0000] {logging_mixin.py:190} INFO - [2024-11-25T01:58:51.366+0000] {dag.py:4180} INFO - Setting next_dagrun for example_xcom_args_with_operators to None, run_after=None
[2024-11-25T01:58:51.387+0000] {processor.py:208} INFO - Processing /home/airflow/.local/lib/python3.12/site-packages/airflow/example_dags/example_xcomargs.py took 0.085 seconds
[2024-11-25T01:59:21.542+0000] {processor.py:186} INFO - Started process (PID=596) to work on /home/airflow/.local/lib/python3.12/site-packages/airflow/example_dags/example_xcomargs.py
[2024-11-25T01:59:21.543+0000] {processor.py:914} INFO - Processing file /home/airflow/.local/lib/python3.12/site-packages/airflow/example_dags/example_xcomargs.py for tasks to queue
[2024-11-25T01:59:21.545+0000] {logging_mixin.py:190} INFO - [2024-11-25T01:59:21.545+0000] {dagbag.py:588} INFO - Filling up the DagBag from /home/airflow/.local/lib/python3.12/site-packages/airflow/example_dags/example_xcomargs.py
[2024-11-25T01:59:21.558+0000] {processor.py:925} INFO - DAG(s) 'example_xcom_args_with_operators', 'example_xcom_args' retrieved from /home/airflow/.local/lib/python3.12/site-packages/airflow/example_dags/example_xcomargs.py
[2024-11-25T01:59:21.586+0000] {logging_mixin.py:190} INFO - [2024-11-25T01:59:21.586+0000] {dag.py:3239} INFO - Sync 2 DAGs
[2024-11-25T01:59:21.609+0000] {logging_mixin.py:190} INFO - [2024-11-25T01:59:21.609+0000] {dag.py:4180} INFO - Setting next_dagrun for example_xcom_args to None, run_after=None
[2024-11-25T01:59:21.614+0000] {logging_mixin.py:190} INFO - [2024-11-25T01:59:21.614+0000] {dag.py:4180} INFO - Setting next_dagrun for example_xcom_args_with_operators to None, run_after=None
[2024-11-25T01:59:21.634+0000] {processor.py:208} INFO - Processing /home/airflow/.local/lib/python3.12/site-packages/airflow/example_dags/example_xcomargs.py took 0.097 seconds
[2024-11-25T01:59:51.934+0000] {processor.py:186} INFO - Started process (PID=660) to work on /home/airflow/.local/lib/python3.12/site-packages/airflow/example_dags/example_xcomargs.py
[2024-11-25T01:59:51.935+0000] {processor.py:914} INFO - Processing file /home/airflow/.local/lib/python3.12/site-packages/airflow/example_dags/example_xcomargs.py for tasks to queue
[2024-11-25T01:59:51.939+0000] {logging_mixin.py:190} INFO - [2024-11-25T01:59:51.939+0000] {dagbag.py:588} INFO - Filling up the DagBag from /home/airflow/.local/lib/python3.12/site-packages/airflow/example_dags/example_xcomargs.py
[2024-11-25T01:59:51.959+0000] {processor.py:925} INFO - DAG(s) 'example_xcom_args', 'example_xcom_args_with_operators' retrieved from /home/airflow/.local/lib/python3.12/site-packages/airflow/example_dags/example_xcomargs.py
[2024-11-25T01:59:51.990+0000] {logging_mixin.py:190} INFO - [2024-11-25T01:59:51.990+0000] {dag.py:3239} INFO - Sync 2 DAGs
[2024-11-25T01:59:52.014+0000] {logging_mixin.py:190} INFO - [2024-11-25T01:59:52.014+0000] {dag.py:4180} INFO - Setting next_dagrun for example_xcom_args to None, run_after=None
[2024-11-25T01:59:52.028+0000] {logging_mixin.py:190} INFO - [2024-11-25T01:59:52.028+0000] {dag.py:4180} INFO - Setting next_dagrun for example_xcom_args_with_operators to None, run_after=None
[2024-11-25T01:59:52.064+0000] {processor.py:208} INFO - Processing /home/airflow/.local/lib/python3.12/site-packages/airflow/example_dags/example_xcomargs.py took 0.138 seconds
[2024-11-25T02:00:22.426+0000] {processor.py:186} INFO - Started process (PID=728) to work on /home/airflow/.local/lib/python3.12/site-packages/airflow/example_dags/example_xcomargs.py
[2024-11-25T02:00:22.427+0000] {processor.py:914} INFO - Processing file /home/airflow/.local/lib/python3.12/site-packages/airflow/example_dags/example_xcomargs.py for tasks to queue
[2024-11-25T02:00:22.429+0000] {logging_mixin.py:190} INFO - [2024-11-25T02:00:22.429+0000] {dagbag.py:588} INFO - Filling up the DagBag from /home/airflow/.local/lib/python3.12/site-packages/airflow/example_dags/example_xcomargs.py
[2024-11-25T02:00:22.439+0000] {processor.py:925} INFO - DAG(s) 'example_xcom_args', 'example_xcom_args_with_operators' retrieved from /home/airflow/.local/lib/python3.12/site-packages/airflow/example_dags/example_xcomargs.py
[2024-11-25T02:00:22.461+0000] {logging_mixin.py:190} INFO - [2024-11-25T02:00:22.461+0000] {dag.py:3239} INFO - Sync 2 DAGs
[2024-11-25T02:00:22.476+0000] {logging_mixin.py:190} INFO - [2024-11-25T02:00:22.476+0000] {dag.py:4180} INFO - Setting next_dagrun for example_xcom_args to None, run_after=None
[2024-11-25T02:00:22.480+0000] {logging_mixin.py:190} INFO - [2024-11-25T02:00:22.480+0000] {dag.py:4180} INFO - Setting next_dagrun for example_xcom_args_with_operators to None, run_after=None
[2024-11-25T02:00:22.495+0000] {processor.py:208} INFO - Processing /home/airflow/.local/lib/python3.12/site-packages/airflow/example_dags/example_xcomargs.py took 0.074 seconds
[2024-11-25T02:00:53.001+0000] {processor.py:186} INFO - Started process (PID=792) to work on /home/airflow/.local/lib/python3.12/site-packages/airflow/example_dags/example_xcomargs.py
[2024-11-25T02:00:53.002+0000] {processor.py:914} INFO - Processing file /home/airflow/.local/lib/python3.12/site-packages/airflow/example_dags/example_xcomargs.py for tasks to queue
[2024-11-25T02:00:53.004+0000] {logging_mixin.py:190} INFO - [2024-11-25T02:00:53.003+0000] {dagbag.py:588} INFO - Filling up the DagBag from /home/airflow/.local/lib/python3.12/site-packages/airflow/example_dags/example_xcomargs.py
[2024-11-25T02:00:53.014+0000] {processor.py:925} INFO - DAG(s) 'example_xcom_args', 'example_xcom_args_with_operators' retrieved from /home/airflow/.local/lib/python3.12/site-packages/airflow/example_dags/example_xcomargs.py
[2024-11-25T02:00:53.034+0000] {logging_mixin.py:190} INFO - [2024-11-25T02:00:53.034+0000] {dag.py:3239} INFO - Sync 2 DAGs
[2024-11-25T02:00:53.048+0000] {logging_mixin.py:190} INFO - [2024-11-25T02:00:53.048+0000] {dag.py:4180} INFO - Setting next_dagrun for example_xcom_args to None, run_after=None
[2024-11-25T02:00:53.052+0000] {logging_mixin.py:190} INFO - [2024-11-25T02:00:53.051+0000] {dag.py:4180} INFO - Setting next_dagrun for example_xcom_args_with_operators to None, run_after=None
[2024-11-25T02:00:53.066+0000] {processor.py:208} INFO - Processing /home/airflow/.local/lib/python3.12/site-packages/airflow/example_dags/example_xcomargs.py took 0.071 seconds
[2024-11-25T02:01:23.497+0000] {processor.py:186} INFO - Started process (PID=856) to work on /home/airflow/.local/lib/python3.12/site-packages/airflow/example_dags/example_xcomargs.py
[2024-11-25T02:01:23.498+0000] {processor.py:914} INFO - Processing file /home/airflow/.local/lib/python3.12/site-packages/airflow/example_dags/example_xcomargs.py for tasks to queue
[2024-11-25T02:01:23.500+0000] {logging_mixin.py:190} INFO - [2024-11-25T02:01:23.499+0000] {dagbag.py:588} INFO - Filling up the DagBag from /home/airflow/.local/lib/python3.12/site-packages/airflow/example_dags/example_xcomargs.py
[2024-11-25T02:01:23.508+0000] {processor.py:925} INFO - DAG(s) 'example_xcom_args', 'example_xcom_args_with_operators' retrieved from /home/airflow/.local/lib/python3.12/site-packages/airflow/example_dags/example_xcomargs.py
[2024-11-25T02:01:23.528+0000] {logging_mixin.py:190} INFO - [2024-11-25T02:01:23.528+0000] {dag.py:3239} INFO - Sync 2 DAGs
[2024-11-25T02:01:23.542+0000] {logging_mixin.py:190} INFO - [2024-11-25T02:01:23.542+0000] {dag.py:4180} INFO - Setting next_dagrun for example_xcom_args to None, run_after=None
[2024-11-25T02:01:23.546+0000] {logging_mixin.py:190} INFO - [2024-11-25T02:01:23.545+0000] {dag.py:4180} INFO - Setting next_dagrun for example_xcom_args_with_operators to None, run_after=None
[2024-11-25T02:01:23.566+0000] {processor.py:208} INFO - Processing /home/airflow/.local/lib/python3.12/site-packages/airflow/example_dags/example_xcomargs.py took 0.074 seconds
[2024-11-25T02:01:53.952+0000] {processor.py:186} INFO - Started process (PID=920) to work on /home/airflow/.local/lib/python3.12/site-packages/airflow/example_dags/example_xcomargs.py
[2024-11-25T02:01:53.953+0000] {processor.py:914} INFO - Processing file /home/airflow/.local/lib/python3.12/site-packages/airflow/example_dags/example_xcomargs.py for tasks to queue
[2024-11-25T02:01:53.955+0000] {logging_mixin.py:190} INFO - [2024-11-25T02:01:53.955+0000] {dagbag.py:588} INFO - Filling up the DagBag from /home/airflow/.local/lib/python3.12/site-packages/airflow/example_dags/example_xcomargs.py
[2024-11-25T02:01:53.964+0000] {processor.py:925} INFO - DAG(s) 'example_xcom_args', 'example_xcom_args_with_operators' retrieved from /home/airflow/.local/lib/python3.12/site-packages/airflow/example_dags/example_xcomargs.py
[2024-11-25T02:01:53.986+0000] {logging_mixin.py:190} INFO - [2024-11-25T02:01:53.986+0000] {dag.py:3239} INFO - Sync 2 DAGs
[2024-11-25T02:01:54.000+0000] {logging_mixin.py:190} INFO - [2024-11-25T02:01:54.000+0000] {dag.py:4180} INFO - Setting next_dagrun for example_xcom_args to None, run_after=None
[2024-11-25T02:01:54.004+0000] {logging_mixin.py:190} INFO - [2024-11-25T02:01:54.004+0000] {dag.py:4180} INFO - Setting next_dagrun for example_xcom_args_with_operators to None, run_after=None
[2024-11-25T02:01:54.020+0000] {processor.py:208} INFO - Processing /home/airflow/.local/lib/python3.12/site-packages/airflow/example_dags/example_xcomargs.py took 0.072 seconds
[2024-11-25T02:02:24.188+0000] {processor.py:186} INFO - Started process (PID=984) to work on /home/airflow/.local/lib/python3.12/site-packages/airflow/example_dags/example_xcomargs.py
[2024-11-25T02:02:24.189+0000] {processor.py:914} INFO - Processing file /home/airflow/.local/lib/python3.12/site-packages/airflow/example_dags/example_xcomargs.py for tasks to queue
[2024-11-25T02:02:24.191+0000] {logging_mixin.py:190} INFO - [2024-11-25T02:02:24.191+0000] {dagbag.py:588} INFO - Filling up the DagBag from /home/airflow/.local/lib/python3.12/site-packages/airflow/example_dags/example_xcomargs.py
[2024-11-25T02:02:24.207+0000] {processor.py:925} INFO - DAG(s) 'example_xcom_args', 'example_xcom_args_with_operators' retrieved from /home/airflow/.local/lib/python3.12/site-packages/airflow/example_dags/example_xcomargs.py
[2024-11-25T02:02:24.235+0000] {logging_mixin.py:190} INFO - [2024-11-25T02:02:24.235+0000] {dag.py:3239} INFO - Sync 2 DAGs
[2024-11-25T02:02:24.250+0000] {logging_mixin.py:190} INFO - [2024-11-25T02:02:24.250+0000] {dag.py:4180} INFO - Setting next_dagrun for example_xcom_args to None, run_after=None
[2024-11-25T02:02:24.254+0000] {logging_mixin.py:190} INFO - [2024-11-25T02:02:24.254+0000] {dag.py:4180} INFO - Setting next_dagrun for example_xcom_args_with_operators to None, run_after=None
[2024-11-25T02:02:24.268+0000] {processor.py:208} INFO - Processing /home/airflow/.local/lib/python3.12/site-packages/airflow/example_dags/example_xcomargs.py took 0.087 seconds
[2024-11-25T02:02:54.550+0000] {processor.py:186} INFO - Started process (PID=1048) to work on /home/airflow/.local/lib/python3.12/site-packages/airflow/example_dags/example_xcomargs.py
[2024-11-25T02:02:54.550+0000] {processor.py:914} INFO - Processing file /home/airflow/.local/lib/python3.12/site-packages/airflow/example_dags/example_xcomargs.py for tasks to queue
[2024-11-25T02:02:54.553+0000] {logging_mixin.py:190} INFO - [2024-11-25T02:02:54.553+0000] {dagbag.py:588} INFO - Filling up the DagBag from /home/airflow/.local/lib/python3.12/site-packages/airflow/example_dags/example_xcomargs.py
[2024-11-25T02:02:54.564+0000] {processor.py:925} INFO - DAG(s) 'example_xcom_args', 'example_xcom_args_with_operators' retrieved from /home/airflow/.local/lib/python3.12/site-packages/airflow/example_dags/example_xcomargs.py
[2024-11-25T02:02:54.586+0000] {logging_mixin.py:190} INFO - [2024-11-25T02:02:54.586+0000] {dag.py:3239} INFO - Sync 2 DAGs
[2024-11-25T02:02:54.602+0000] {logging_mixin.py:190} INFO - [2024-11-25T02:02:54.602+0000] {dag.py:4180} INFO - Setting next_dagrun for example_xcom_args to None, run_after=None
[2024-11-25T02:02:54.606+0000] {logging_mixin.py:190} INFO - [2024-11-25T02:02:54.606+0000] {dag.py:4180} INFO - Setting next_dagrun for example_xcom_args_with_operators to None, run_after=None
[2024-11-25T02:02:54.626+0000] {processor.py:208} INFO - Processing /home/airflow/.local/lib/python3.12/site-packages/airflow/example_dags/example_xcomargs.py took 0.083 seconds
[2024-11-25T02:03:25.040+0000] {processor.py:186} INFO - Started process (PID=1113) to work on /home/airflow/.local/lib/python3.12/site-packages/airflow/example_dags/example_xcomargs.py
[2024-11-25T02:03:25.041+0000] {processor.py:914} INFO - Processing file /home/airflow/.local/lib/python3.12/site-packages/airflow/example_dags/example_xcomargs.py for tasks to queue
[2024-11-25T02:03:25.045+0000] {logging_mixin.py:190} INFO - [2024-11-25T02:03:25.045+0000] {dagbag.py:588} INFO - Filling up the DagBag from /home/airflow/.local/lib/python3.12/site-packages/airflow/example_dags/example_xcomargs.py
[2024-11-25T02:03:25.058+0000] {processor.py:925} INFO - DAG(s) 'example_xcom_args_with_operators', 'example_xcom_args' retrieved from /home/airflow/.local/lib/python3.12/site-packages/airflow/example_dags/example_xcomargs.py
[2024-11-25T02:03:25.086+0000] {logging_mixin.py:190} INFO - [2024-11-25T02:03:25.086+0000] {dag.py:3239} INFO - Sync 2 DAGs
[2024-11-25T02:03:25.104+0000] {logging_mixin.py:190} INFO - [2024-11-25T02:03:25.104+0000] {dag.py:4180} INFO - Setting next_dagrun for example_xcom_args to None, run_after=None
[2024-11-25T02:03:25.109+0000] {logging_mixin.py:190} INFO - [2024-11-25T02:03:25.109+0000] {dag.py:4180} INFO - Setting next_dagrun for example_xcom_args_with_operators to None, run_after=None
[2024-11-25T02:03:25.130+0000] {processor.py:208} INFO - Processing /home/airflow/.local/lib/python3.12/site-packages/airflow/example_dags/example_xcomargs.py took 0.097 seconds
[2024-11-25T02:03:55.771+0000] {processor.py:186} INFO - Started process (PID=1175) to work on /home/airflow/.local/lib/python3.12/site-packages/airflow/example_dags/example_xcomargs.py
[2024-11-25T02:03:55.771+0000] {processor.py:914} INFO - Processing file /home/airflow/.local/lib/python3.12/site-packages/airflow/example_dags/example_xcomargs.py for tasks to queue
[2024-11-25T02:03:55.774+0000] {logging_mixin.py:190} INFO - [2024-11-25T02:03:55.773+0000] {dagbag.py:588} INFO - Filling up the DagBag from /home/airflow/.local/lib/python3.12/site-packages/airflow/example_dags/example_xcomargs.py
[2024-11-25T02:03:55.783+0000] {processor.py:925} INFO - DAG(s) 'example_xcom_args', 'example_xcom_args_with_operators' retrieved from /home/airflow/.local/lib/python3.12/site-packages/airflow/example_dags/example_xcomargs.py
[2024-11-25T02:03:55.804+0000] {logging_mixin.py:190} INFO - [2024-11-25T02:03:55.804+0000] {dag.py:3239} INFO - Sync 2 DAGs
[2024-11-25T02:03:55.823+0000] {logging_mixin.py:190} INFO - [2024-11-25T02:03:55.823+0000] {dag.py:4180} INFO - Setting next_dagrun for example_xcom_args to None, run_after=None
[2024-11-25T02:03:55.828+0000] {logging_mixin.py:190} INFO - [2024-11-25T02:03:55.828+0000] {dag.py:4180} INFO - Setting next_dagrun for example_xcom_args_with_operators to None, run_after=None
[2024-11-25T02:03:55.851+0000] {processor.py:208} INFO - Processing /home/airflow/.local/lib/python3.12/site-packages/airflow/example_dags/example_xcomargs.py took 0.086 seconds
[2024-11-25T02:04:26.146+0000] {processor.py:186} INFO - Started process (PID=1239) to work on /home/airflow/.local/lib/python3.12/site-packages/airflow/example_dags/example_xcomargs.py
[2024-11-25T02:04:26.147+0000] {processor.py:914} INFO - Processing file /home/airflow/.local/lib/python3.12/site-packages/airflow/example_dags/example_xcomargs.py for tasks to queue
[2024-11-25T02:04:26.149+0000] {logging_mixin.py:190} INFO - [2024-11-25T02:04:26.149+0000] {dagbag.py:588} INFO - Filling up the DagBag from /home/airflow/.local/lib/python3.12/site-packages/airflow/example_dags/example_xcomargs.py
[2024-11-25T02:04:26.158+0000] {processor.py:925} INFO - DAG(s) 'example_xcom_args', 'example_xcom_args_with_operators' retrieved from /home/airflow/.local/lib/python3.12/site-packages/airflow/example_dags/example_xcomargs.py
[2024-11-25T02:04:26.179+0000] {logging_mixin.py:190} INFO - [2024-11-25T02:04:26.178+0000] {dag.py:3239} INFO - Sync 2 DAGs
[2024-11-25T02:04:26.192+0000] {logging_mixin.py:190} INFO - [2024-11-25T02:04:26.192+0000] {dag.py:4180} INFO - Setting next_dagrun for example_xcom_args to None, run_after=None
[2024-11-25T02:04:26.195+0000] {logging_mixin.py:190} INFO - [2024-11-25T02:04:26.195+0000] {dag.py:4180} INFO - Setting next_dagrun for example_xcom_args_with_operators to None, run_after=None
[2024-11-25T02:04:26.219+0000] {processor.py:208} INFO - Processing /home/airflow/.local/lib/python3.12/site-packages/airflow/example_dags/example_xcomargs.py took 0.078 seconds
[2024-11-25T02:04:56.330+0000] {processor.py:186} INFO - Started process (PID=1303) to work on /home/airflow/.local/lib/python3.12/site-packages/airflow/example_dags/example_xcomargs.py
[2024-11-25T02:04:56.331+0000] {processor.py:914} INFO - Processing file /home/airflow/.local/lib/python3.12/site-packages/airflow/example_dags/example_xcomargs.py for tasks to queue
[2024-11-25T02:04:56.334+0000] {logging_mixin.py:190} INFO - [2024-11-25T02:04:56.333+0000] {dagbag.py:588} INFO - Filling up the DagBag from /home/airflow/.local/lib/python3.12/site-packages/airflow/example_dags/example_xcomargs.py
[2024-11-25T02:04:56.345+0000] {processor.py:925} INFO - DAG(s) 'example_xcom_args', 'example_xcom_args_with_operators' retrieved from /home/airflow/.local/lib/python3.12/site-packages/airflow/example_dags/example_xcomargs.py
[2024-11-25T02:04:56.376+0000] {logging_mixin.py:190} INFO - [2024-11-25T02:04:56.375+0000] {dag.py:3239} INFO - Sync 2 DAGs
[2024-11-25T02:04:56.394+0000] {logging_mixin.py:190} INFO - [2024-11-25T02:04:56.394+0000] {dag.py:4180} INFO - Setting next_dagrun for example_xcom_args to None, run_after=None
[2024-11-25T02:04:56.398+0000] {logging_mixin.py:190} INFO - [2024-11-25T02:04:56.398+0000] {dag.py:4180} INFO - Setting next_dagrun for example_xcom_args_with_operators to None, run_after=None
[2024-11-25T02:04:56.416+0000] {processor.py:208} INFO - Processing /home/airflow/.local/lib/python3.12/site-packages/airflow/example_dags/example_xcomargs.py took 0.123 seconds
[2024-11-25T02:05:26.726+0000] {processor.py:186} INFO - Started process (PID=1365) to work on /home/airflow/.local/lib/python3.12/site-packages/airflow/example_dags/example_xcomargs.py
[2024-11-25T02:05:26.727+0000] {processor.py:914} INFO - Processing file /home/airflow/.local/lib/python3.12/site-packages/airflow/example_dags/example_xcomargs.py for tasks to queue
[2024-11-25T02:05:26.731+0000] {logging_mixin.py:190} INFO - [2024-11-25T02:05:26.730+0000] {dagbag.py:588} INFO - Filling up the DagBag from /home/airflow/.local/lib/python3.12/site-packages/airflow/example_dags/example_xcomargs.py
[2024-11-25T02:05:26.745+0000] {processor.py:925} INFO - DAG(s) 'example_xcom_args', 'example_xcom_args_with_operators' retrieved from /home/airflow/.local/lib/python3.12/site-packages/airflow/example_dags/example_xcomargs.py
[2024-11-25T02:05:26.770+0000] {logging_mixin.py:190} INFO - [2024-11-25T02:05:26.770+0000] {dag.py:3239} INFO - Sync 2 DAGs
[2024-11-25T02:05:26.789+0000] {logging_mixin.py:190} INFO - [2024-11-25T02:05:26.788+0000] {dag.py:4180} INFO - Setting next_dagrun for example_xcom_args to None, run_after=None
[2024-11-25T02:05:26.794+0000] {logging_mixin.py:190} INFO - [2024-11-25T02:05:26.794+0000] {dag.py:4180} INFO - Setting next_dagrun for example_xcom_args_with_operators to None, run_after=None
[2024-11-25T02:05:26.813+0000] {processor.py:208} INFO - Processing /home/airflow/.local/lib/python3.12/site-packages/airflow/example_dags/example_xcomargs.py took 0.094 seconds
[2024-11-25T02:05:57.142+0000] {processor.py:186} INFO - Started process (PID=1429) to work on /home/airflow/.local/lib/python3.12/site-packages/airflow/example_dags/example_xcomargs.py
[2024-11-25T02:05:57.143+0000] {processor.py:914} INFO - Processing file /home/airflow/.local/lib/python3.12/site-packages/airflow/example_dags/example_xcomargs.py for tasks to queue
[2024-11-25T02:05:57.146+0000] {logging_mixin.py:190} INFO - [2024-11-25T02:05:57.145+0000] {dagbag.py:588} INFO - Filling up the DagBag from /home/airflow/.local/lib/python3.12/site-packages/airflow/example_dags/example_xcomargs.py
[2024-11-25T02:05:57.156+0000] {processor.py:925} INFO - DAG(s) 'example_xcom_args', 'example_xcom_args_with_operators' retrieved from /home/airflow/.local/lib/python3.12/site-packages/airflow/example_dags/example_xcomargs.py
[2024-11-25T02:05:57.183+0000] {logging_mixin.py:190} INFO - [2024-11-25T02:05:57.183+0000] {dag.py:3239} INFO - Sync 2 DAGs
[2024-11-25T02:05:57.199+0000] {logging_mixin.py:190} INFO - [2024-11-25T02:05:57.199+0000] {dag.py:4180} INFO - Setting next_dagrun for example_xcom_args to None, run_after=None
[2024-11-25T02:05:57.202+0000] {logging_mixin.py:190} INFO - [2024-11-25T02:05:57.202+0000] {dag.py:4180} INFO - Setting next_dagrun for example_xcom_args_with_operators to None, run_after=None
[2024-11-25T02:05:57.218+0000] {processor.py:208} INFO - Processing /home/airflow/.local/lib/python3.12/site-packages/airflow/example_dags/example_xcomargs.py took 0.081 seconds
[2024-11-25T02:06:27.811+0000] {processor.py:186} INFO - Started process (PID=1493) to work on /home/airflow/.local/lib/python3.12/site-packages/airflow/example_dags/example_xcomargs.py
[2024-11-25T02:06:27.812+0000] {processor.py:914} INFO - Processing file /home/airflow/.local/lib/python3.12/site-packages/airflow/example_dags/example_xcomargs.py for tasks to queue
[2024-11-25T02:06:27.815+0000] {logging_mixin.py:190} INFO - [2024-11-25T02:06:27.815+0000] {dagbag.py:588} INFO - Filling up the DagBag from /home/airflow/.local/lib/python3.12/site-packages/airflow/example_dags/example_xcomargs.py
[2024-11-25T02:06:27.829+0000] {processor.py:925} INFO - DAG(s) 'example_xcom_args_with_operators', 'example_xcom_args' retrieved from /home/airflow/.local/lib/python3.12/site-packages/airflow/example_dags/example_xcomargs.py
[2024-11-25T02:06:27.866+0000] {logging_mixin.py:190} INFO - [2024-11-25T02:06:27.866+0000] {dag.py:3239} INFO - Sync 2 DAGs
[2024-11-25T02:06:27.893+0000] {logging_mixin.py:190} INFO - [2024-11-25T02:06:27.893+0000] {dag.py:4180} INFO - Setting next_dagrun for example_xcom_args to None, run_after=None
[2024-11-25T02:06:27.900+0000] {logging_mixin.py:190} INFO - [2024-11-25T02:06:27.900+0000] {dag.py:4180} INFO - Setting next_dagrun for example_xcom_args_with_operators to None, run_after=None
[2024-11-25T02:06:27.924+0000] {processor.py:208} INFO - Processing /home/airflow/.local/lib/python3.12/site-packages/airflow/example_dags/example_xcomargs.py took 0.121 seconds
[2024-11-25T02:06:58.076+0000] {processor.py:186} INFO - Started process (PID=1558) to work on /home/airflow/.local/lib/python3.12/site-packages/airflow/example_dags/example_xcomargs.py
[2024-11-25T02:06:58.077+0000] {processor.py:914} INFO - Processing file /home/airflow/.local/lib/python3.12/site-packages/airflow/example_dags/example_xcomargs.py for tasks to queue
[2024-11-25T02:06:58.080+0000] {logging_mixin.py:190} INFO - [2024-11-25T02:06:58.080+0000] {dagbag.py:588} INFO - Filling up the DagBag from /home/airflow/.local/lib/python3.12/site-packages/airflow/example_dags/example_xcomargs.py
[2024-11-25T02:06:58.089+0000] {processor.py:925} INFO - DAG(s) 'example_xcom_args_with_operators', 'example_xcom_args' retrieved from /home/airflow/.local/lib/python3.12/site-packages/airflow/example_dags/example_xcomargs.py
[2024-11-25T02:06:58.110+0000] {logging_mixin.py:190} INFO - [2024-11-25T02:06:58.109+0000] {dag.py:3239} INFO - Sync 2 DAGs
[2024-11-25T02:06:58.124+0000] {logging_mixin.py:190} INFO - [2024-11-25T02:06:58.124+0000] {dag.py:4180} INFO - Setting next_dagrun for example_xcom_args to None, run_after=None
[2024-11-25T02:06:58.128+0000] {logging_mixin.py:190} INFO - [2024-11-25T02:06:58.128+0000] {dag.py:4180} INFO - Setting next_dagrun for example_xcom_args_with_operators to None, run_after=None
[2024-11-25T02:06:58.143+0000] {processor.py:208} INFO - Processing /home/airflow/.local/lib/python3.12/site-packages/airflow/example_dags/example_xcomargs.py took 0.072 seconds
[2024-11-25T02:07:28.455+0000] {processor.py:186} INFO - Started process (PID=1622) to work on /home/airflow/.local/lib/python3.12/site-packages/airflow/example_dags/example_xcomargs.py
[2024-11-25T02:07:28.456+0000] {processor.py:914} INFO - Processing file /home/airflow/.local/lib/python3.12/site-packages/airflow/example_dags/example_xcomargs.py for tasks to queue
[2024-11-25T02:07:28.459+0000] {logging_mixin.py:190} INFO - [2024-11-25T02:07:28.459+0000] {dagbag.py:588} INFO - Filling up the DagBag from /home/airflow/.local/lib/python3.12/site-packages/airflow/example_dags/example_xcomargs.py
[2024-11-25T02:07:28.470+0000] {processor.py:925} INFO - DAG(s) 'example_xcom_args', 'example_xcom_args_with_operators' retrieved from /home/airflow/.local/lib/python3.12/site-packages/airflow/example_dags/example_xcomargs.py
[2024-11-25T02:07:28.494+0000] {logging_mixin.py:190} INFO - [2024-11-25T02:07:28.493+0000] {dag.py:3239} INFO - Sync 2 DAGs
[2024-11-25T02:07:28.515+0000] {logging_mixin.py:190} INFO - [2024-11-25T02:07:28.515+0000] {dag.py:4180} INFO - Setting next_dagrun for example_xcom_args to None, run_after=None
[2024-11-25T02:07:28.520+0000] {logging_mixin.py:190} INFO - [2024-11-25T02:07:28.519+0000] {dag.py:4180} INFO - Setting next_dagrun for example_xcom_args_with_operators to None, run_after=None
[2024-11-25T02:07:28.538+0000] {processor.py:208} INFO - Processing /home/airflow/.local/lib/python3.12/site-packages/airflow/example_dags/example_xcomargs.py took 0.089 seconds
[2024-11-25T02:07:59.458+0000] {processor.py:186} INFO - Started process (PID=1686) to work on /home/airflow/.local/lib/python3.12/site-packages/airflow/example_dags/example_xcomargs.py
[2024-11-25T02:07:59.459+0000] {processor.py:914} INFO - Processing file /home/airflow/.local/lib/python3.12/site-packages/airflow/example_dags/example_xcomargs.py for tasks to queue
[2024-11-25T02:07:59.462+0000] {logging_mixin.py:190} INFO - [2024-11-25T02:07:59.461+0000] {dagbag.py:588} INFO - Filling up the DagBag from /home/airflow/.local/lib/python3.12/site-packages/airflow/example_dags/example_xcomargs.py
[2024-11-25T02:07:59.471+0000] {processor.py:925} INFO - DAG(s) 'example_xcom_args', 'example_xcom_args_with_operators' retrieved from /home/airflow/.local/lib/python3.12/site-packages/airflow/example_dags/example_xcomargs.py
[2024-11-25T02:07:59.493+0000] {logging_mixin.py:190} INFO - [2024-11-25T02:07:59.493+0000] {dag.py:3239} INFO - Sync 2 DAGs
[2024-11-25T02:07:59.507+0000] {logging_mixin.py:190} INFO - [2024-11-25T02:07:59.507+0000] {dag.py:4180} INFO - Setting next_dagrun for example_xcom_args to None, run_after=None
[2024-11-25T02:07:59.511+0000] {logging_mixin.py:190} INFO - [2024-11-25T02:07:59.511+0000] {dag.py:4180} INFO - Setting next_dagrun for example_xcom_args_with_operators to None, run_after=None
[2024-11-25T02:07:59.527+0000] {processor.py:208} INFO - Processing /home/airflow/.local/lib/python3.12/site-packages/airflow/example_dags/example_xcomargs.py took 0.074 seconds
[2024-11-25T02:08:30.448+0000] {processor.py:186} INFO - Started process (PID=1750) to work on /home/airflow/.local/lib/python3.12/site-packages/airflow/example_dags/example_xcomargs.py
[2024-11-25T02:08:30.450+0000] {processor.py:914} INFO - Processing file /home/airflow/.local/lib/python3.12/site-packages/airflow/example_dags/example_xcomargs.py for tasks to queue
[2024-11-25T02:08:30.452+0000] {logging_mixin.py:190} INFO - [2024-11-25T02:08:30.452+0000] {dagbag.py:588} INFO - Filling up the DagBag from /home/airflow/.local/lib/python3.12/site-packages/airflow/example_dags/example_xcomargs.py
[2024-11-25T02:08:30.462+0000] {processor.py:925} INFO - DAG(s) 'example_xcom_args_with_operators', 'example_xcom_args' retrieved from /home/airflow/.local/lib/python3.12/site-packages/airflow/example_dags/example_xcomargs.py
[2024-11-25T02:08:30.484+0000] {logging_mixin.py:190} INFO - [2024-11-25T02:08:30.484+0000] {dag.py:3239} INFO - Sync 2 DAGs
[2024-11-25T02:08:30.499+0000] {logging_mixin.py:190} INFO - [2024-11-25T02:08:30.499+0000] {dag.py:4180} INFO - Setting next_dagrun for example_xcom_args to None, run_after=None
[2024-11-25T02:08:30.504+0000] {logging_mixin.py:190} INFO - [2024-11-25T02:08:30.503+0000] {dag.py:4180} INFO - Setting next_dagrun for example_xcom_args_with_operators to None, run_after=None
[2024-11-25T02:08:30.522+0000] {processor.py:208} INFO - Processing /home/airflow/.local/lib/python3.12/site-packages/airflow/example_dags/example_xcomargs.py took 0.080 seconds
[2024-11-25T02:09:00.572+0000] {processor.py:186} INFO - Started process (PID=1814) to work on /home/airflow/.local/lib/python3.12/site-packages/airflow/example_dags/example_xcomargs.py
[2024-11-25T02:09:00.576+0000] {processor.py:914} INFO - Processing file /home/airflow/.local/lib/python3.12/site-packages/airflow/example_dags/example_xcomargs.py for tasks to queue
[2024-11-25T02:09:00.579+0000] {logging_mixin.py:190} INFO - [2024-11-25T02:09:00.578+0000] {dagbag.py:588} INFO - Filling up the DagBag from /home/airflow/.local/lib/python3.12/site-packages/airflow/example_dags/example_xcomargs.py
[2024-11-25T02:09:00.590+0000] {processor.py:925} INFO - DAG(s) 'example_xcom_args_with_operators', 'example_xcom_args' retrieved from /home/airflow/.local/lib/python3.12/site-packages/airflow/example_dags/example_xcomargs.py
[2024-11-25T02:09:00.615+0000] {logging_mixin.py:190} INFO - [2024-11-25T02:09:00.615+0000] {dag.py:3239} INFO - Sync 2 DAGs
[2024-11-25T02:09:00.633+0000] {logging_mixin.py:190} INFO - [2024-11-25T02:09:00.633+0000] {dag.py:4180} INFO - Setting next_dagrun for example_xcom_args to None, run_after=None
[2024-11-25T02:09:00.637+0000] {logging_mixin.py:190} INFO - [2024-11-25T02:09:00.637+0000] {dag.py:4180} INFO - Setting next_dagrun for example_xcom_args_with_operators to None, run_after=None
[2024-11-25T02:09:00.661+0000] {processor.py:208} INFO - Processing /home/airflow/.local/lib/python3.12/site-packages/airflow/example_dags/example_xcomargs.py took 0.096 seconds
[2024-11-25T02:09:31.011+0000] {processor.py:186} INFO - Started process (PID=1878) to work on /home/airflow/.local/lib/python3.12/site-packages/airflow/example_dags/example_xcomargs.py
[2024-11-25T02:09:31.012+0000] {processor.py:914} INFO - Processing file /home/airflow/.local/lib/python3.12/site-packages/airflow/example_dags/example_xcomargs.py for tasks to queue
[2024-11-25T02:09:31.014+0000] {logging_mixin.py:190} INFO - [2024-11-25T02:09:31.014+0000] {dagbag.py:588} INFO - Filling up the DagBag from /home/airflow/.local/lib/python3.12/site-packages/airflow/example_dags/example_xcomargs.py
[2024-11-25T02:09:31.023+0000] {processor.py:925} INFO - DAG(s) 'example_xcom_args', 'example_xcom_args_with_operators' retrieved from /home/airflow/.local/lib/python3.12/site-packages/airflow/example_dags/example_xcomargs.py
[2024-11-25T02:09:31.044+0000] {logging_mixin.py:190} INFO - [2024-11-25T02:09:31.044+0000] {dag.py:3239} INFO - Sync 2 DAGs
[2024-11-25T02:09:31.060+0000] {logging_mixin.py:190} INFO - [2024-11-25T02:09:31.060+0000] {dag.py:4180} INFO - Setting next_dagrun for example_xcom_args to None, run_after=None
[2024-11-25T02:09:31.064+0000] {logging_mixin.py:190} INFO - [2024-11-25T02:09:31.063+0000] {dag.py:4180} INFO - Setting next_dagrun for example_xcom_args_with_operators to None, run_after=None
[2024-11-25T02:09:31.082+0000] {processor.py:208} INFO - Processing /home/airflow/.local/lib/python3.12/site-packages/airflow/example_dags/example_xcomargs.py took 0.077 seconds
[2024-11-25T02:10:01.506+0000] {processor.py:186} INFO - Started process (PID=1942) to work on /home/airflow/.local/lib/python3.12/site-packages/airflow/example_dags/example_xcomargs.py
[2024-11-25T02:10:01.511+0000] {processor.py:914} INFO - Processing file /home/airflow/.local/lib/python3.12/site-packages/airflow/example_dags/example_xcomargs.py for tasks to queue
[2024-11-25T02:10:01.520+0000] {logging_mixin.py:190} INFO - [2024-11-25T02:10:01.519+0000] {dagbag.py:588} INFO - Filling up the DagBag from /home/airflow/.local/lib/python3.12/site-packages/airflow/example_dags/example_xcomargs.py
[2024-11-25T02:10:01.553+0000] {processor.py:925} INFO - DAG(s) 'example_xcom_args_with_operators', 'example_xcom_args' retrieved from /home/airflow/.local/lib/python3.12/site-packages/airflow/example_dags/example_xcomargs.py
[2024-11-25T02:10:01.593+0000] {logging_mixin.py:190} INFO - [2024-11-25T02:10:01.593+0000] {dag.py:3239} INFO - Sync 2 DAGs
[2024-11-25T02:10:01.637+0000] {logging_mixin.py:190} INFO - [2024-11-25T02:10:01.636+0000] {dag.py:4180} INFO - Setting next_dagrun for example_xcom_args to None, run_after=None
[2024-11-25T02:10:01.645+0000] {logging_mixin.py:190} INFO - [2024-11-25T02:10:01.645+0000] {dag.py:4180} INFO - Setting next_dagrun for example_xcom_args_with_operators to None, run_after=None
[2024-11-25T02:10:01.682+0000] {processor.py:208} INFO - Processing /home/airflow/.local/lib/python3.12/site-packages/airflow/example_dags/example_xcomargs.py took 0.209 seconds
[2024-11-25T02:10:32.596+0000] {processor.py:186} INFO - Started process (PID=2005) to work on /home/airflow/.local/lib/python3.12/site-packages/airflow/example_dags/example_xcomargs.py
[2024-11-25T02:10:32.597+0000] {processor.py:914} INFO - Processing file /home/airflow/.local/lib/python3.12/site-packages/airflow/example_dags/example_xcomargs.py for tasks to queue
[2024-11-25T02:10:32.599+0000] {logging_mixin.py:190} INFO - [2024-11-25T02:10:32.599+0000] {dagbag.py:588} INFO - Filling up the DagBag from /home/airflow/.local/lib/python3.12/site-packages/airflow/example_dags/example_xcomargs.py
[2024-11-25T02:10:32.608+0000] {processor.py:925} INFO - DAG(s) 'example_xcom_args', 'example_xcom_args_with_operators' retrieved from /home/airflow/.local/lib/python3.12/site-packages/airflow/example_dags/example_xcomargs.py
[2024-11-25T02:10:32.630+0000] {logging_mixin.py:190} INFO - [2024-11-25T02:10:32.630+0000] {dag.py:3239} INFO - Sync 2 DAGs
[2024-11-25T02:10:32.644+0000] {logging_mixin.py:190} INFO - [2024-11-25T02:10:32.644+0000] {dag.py:4180} INFO - Setting next_dagrun for example_xcom_args to None, run_after=None
[2024-11-25T02:10:32.648+0000] {logging_mixin.py:190} INFO - [2024-11-25T02:10:32.648+0000] {dag.py:4180} INFO - Setting next_dagrun for example_xcom_args_with_operators to None, run_after=None
[2024-11-25T02:10:32.664+0000] {processor.py:208} INFO - Processing /home/airflow/.local/lib/python3.12/site-packages/airflow/example_dags/example_xcomargs.py took 0.073 seconds
[2024-11-25T02:11:03.070+0000] {processor.py:186} INFO - Started process (PID=2069) to work on /home/airflow/.local/lib/python3.12/site-packages/airflow/example_dags/example_xcomargs.py
[2024-11-25T02:11:03.071+0000] {processor.py:914} INFO - Processing file /home/airflow/.local/lib/python3.12/site-packages/airflow/example_dags/example_xcomargs.py for tasks to queue
[2024-11-25T02:11:03.073+0000] {logging_mixin.py:190} INFO - [2024-11-25T02:11:03.073+0000] {dagbag.py:588} INFO - Filling up the DagBag from /home/airflow/.local/lib/python3.12/site-packages/airflow/example_dags/example_xcomargs.py
[2024-11-25T02:11:03.084+0000] {processor.py:925} INFO - DAG(s) 'example_xcom_args', 'example_xcom_args_with_operators' retrieved from /home/airflow/.local/lib/python3.12/site-packages/airflow/example_dags/example_xcomargs.py
[2024-11-25T02:11:03.109+0000] {logging_mixin.py:190} INFO - [2024-11-25T02:11:03.108+0000] {dag.py:3239} INFO - Sync 2 DAGs
[2024-11-25T02:11:03.122+0000] {logging_mixin.py:190} INFO - [2024-11-25T02:11:03.122+0000] {dag.py:4180} INFO - Setting next_dagrun for example_xcom_args to None, run_after=None
[2024-11-25T02:11:03.125+0000] {logging_mixin.py:190} INFO - [2024-11-25T02:11:03.125+0000] {dag.py:4180} INFO - Setting next_dagrun for example_xcom_args_with_operators to None, run_after=None
[2024-11-25T02:11:03.140+0000] {processor.py:208} INFO - Processing /home/airflow/.local/lib/python3.12/site-packages/airflow/example_dags/example_xcomargs.py took 0.076 seconds
[2024-11-25T02:11:33.802+0000] {processor.py:186} INFO - Started process (PID=2134) to work on /home/airflow/.local/lib/python3.12/site-packages/airflow/example_dags/example_xcomargs.py
[2024-11-25T02:11:33.804+0000] {processor.py:914} INFO - Processing file /home/airflow/.local/lib/python3.12/site-packages/airflow/example_dags/example_xcomargs.py for tasks to queue
[2024-11-25T02:11:33.810+0000] {logging_mixin.py:190} INFO - [2024-11-25T02:11:33.809+0000] {dagbag.py:588} INFO - Filling up the DagBag from /home/airflow/.local/lib/python3.12/site-packages/airflow/example_dags/example_xcomargs.py
[2024-11-25T02:11:33.830+0000] {processor.py:925} INFO - DAG(s) 'example_xcom_args_with_operators', 'example_xcom_args' retrieved from /home/airflow/.local/lib/python3.12/site-packages/airflow/example_dags/example_xcomargs.py
[2024-11-25T02:11:33.864+0000] {logging_mixin.py:190} INFO - [2024-11-25T02:11:33.864+0000] {dag.py:3239} INFO - Sync 2 DAGs
[2024-11-25T02:11:33.892+0000] {logging_mixin.py:190} INFO - [2024-11-25T02:11:33.891+0000] {dag.py:4180} INFO - Setting next_dagrun for example_xcom_args to None, run_after=None
[2024-11-25T02:11:33.898+0000] {logging_mixin.py:190} INFO - [2024-11-25T02:11:33.898+0000] {dag.py:4180} INFO - Setting next_dagrun for example_xcom_args_with_operators to None, run_after=None
[2024-11-25T02:11:33.934+0000] {processor.py:208} INFO - Processing /home/airflow/.local/lib/python3.12/site-packages/airflow/example_dags/example_xcomargs.py took 0.141 seconds
[2024-11-25T02:12:04.066+0000] {processor.py:186} INFO - Started process (PID=2198) to work on /home/airflow/.local/lib/python3.12/site-packages/airflow/example_dags/example_xcomargs.py
[2024-11-25T02:12:04.068+0000] {processor.py:914} INFO - Processing file /home/airflow/.local/lib/python3.12/site-packages/airflow/example_dags/example_xcomargs.py for tasks to queue
[2024-11-25T02:12:04.072+0000] {logging_mixin.py:190} INFO - [2024-11-25T02:12:04.071+0000] {dagbag.py:588} INFO - Filling up the DagBag from /home/airflow/.local/lib/python3.12/site-packages/airflow/example_dags/example_xcomargs.py
[2024-11-25T02:12:04.109+0000] {processor.py:925} INFO - DAG(s) 'example_xcom_args', 'example_xcom_args_with_operators' retrieved from /home/airflow/.local/lib/python3.12/site-packages/airflow/example_dags/example_xcomargs.py
[2024-11-25T02:12:04.174+0000] {logging_mixin.py:190} INFO - [2024-11-25T02:12:04.173+0000] {dag.py:3239} INFO - Sync 2 DAGs
[2024-11-25T02:12:04.209+0000] {logging_mixin.py:190} INFO - [2024-11-25T02:12:04.208+0000] {dag.py:4180} INFO - Setting next_dagrun for example_xcom_args to None, run_after=None
[2024-11-25T02:12:04.217+0000] {logging_mixin.py:190} INFO - [2024-11-25T02:12:04.217+0000] {dag.py:4180} INFO - Setting next_dagrun for example_xcom_args_with_operators to None, run_after=None
[2024-11-25T02:12:04.247+0000] {processor.py:208} INFO - Processing /home/airflow/.local/lib/python3.12/site-packages/airflow/example_dags/example_xcomargs.py took 0.200 seconds
[2024-11-25T02:12:34.285+0000] {processor.py:186} INFO - Started process (PID=2262) to work on /home/airflow/.local/lib/python3.12/site-packages/airflow/example_dags/example_xcomargs.py
[2024-11-25T02:12:34.286+0000] {processor.py:914} INFO - Processing file /home/airflow/.local/lib/python3.12/site-packages/airflow/example_dags/example_xcomargs.py for tasks to queue
[2024-11-25T02:12:34.289+0000] {logging_mixin.py:190} INFO - [2024-11-25T02:12:34.288+0000] {dagbag.py:588} INFO - Filling up the DagBag from /home/airflow/.local/lib/python3.12/site-packages/airflow/example_dags/example_xcomargs.py
[2024-11-25T02:12:34.299+0000] {processor.py:925} INFO - DAG(s) 'example_xcom_args', 'example_xcom_args_with_operators' retrieved from /home/airflow/.local/lib/python3.12/site-packages/airflow/example_dags/example_xcomargs.py
[2024-11-25T02:12:34.322+0000] {logging_mixin.py:190} INFO - [2024-11-25T02:12:34.322+0000] {dag.py:3239} INFO - Sync 2 DAGs
[2024-11-25T02:12:34.337+0000] {logging_mixin.py:190} INFO - [2024-11-25T02:12:34.337+0000] {dag.py:4180} INFO - Setting next_dagrun for example_xcom_args to None, run_after=None
[2024-11-25T02:12:34.344+0000] {logging_mixin.py:190} INFO - [2024-11-25T02:12:34.344+0000] {dag.py:4180} INFO - Setting next_dagrun for example_xcom_args_with_operators to None, run_after=None
[2024-11-25T02:12:34.363+0000] {processor.py:208} INFO - Processing /home/airflow/.local/lib/python3.12/site-packages/airflow/example_dags/example_xcomargs.py took 0.083 seconds
[2024-11-25T02:13:04.412+0000] {processor.py:186} INFO - Started process (PID=2332) to work on /home/airflow/.local/lib/python3.12/site-packages/airflow/example_dags/example_xcomargs.py
[2024-11-25T02:13:04.413+0000] {processor.py:914} INFO - Processing file /home/airflow/.local/lib/python3.12/site-packages/airflow/example_dags/example_xcomargs.py for tasks to queue
[2024-11-25T02:13:04.415+0000] {logging_mixin.py:190} INFO - [2024-11-25T02:13:04.415+0000] {dagbag.py:588} INFO - Filling up the DagBag from /home/airflow/.local/lib/python3.12/site-packages/airflow/example_dags/example_xcomargs.py
[2024-11-25T02:13:04.429+0000] {processor.py:925} INFO - DAG(s) 'example_xcom_args', 'example_xcom_args_with_operators' retrieved from /home/airflow/.local/lib/python3.12/site-packages/airflow/example_dags/example_xcomargs.py
[2024-11-25T02:13:04.455+0000] {logging_mixin.py:190} INFO - [2024-11-25T02:13:04.455+0000] {dag.py:3239} INFO - Sync 2 DAGs
[2024-11-25T02:13:04.472+0000] {logging_mixin.py:190} INFO - [2024-11-25T02:13:04.472+0000] {dag.py:4180} INFO - Setting next_dagrun for example_xcom_args to None, run_after=None
[2024-11-25T02:13:04.476+0000] {logging_mixin.py:190} INFO - [2024-11-25T02:13:04.476+0000] {dag.py:4180} INFO - Setting next_dagrun for example_xcom_args_with_operators to None, run_after=None
[2024-11-25T02:13:04.493+0000] {processor.py:208} INFO - Processing /home/airflow/.local/lib/python3.12/site-packages/airflow/example_dags/example_xcomargs.py took 0.089 seconds
[2024-11-25T02:13:35.362+0000] {processor.py:186} INFO - Started process (PID=2397) to work on /home/airflow/.local/lib/python3.12/site-packages/airflow/example_dags/example_xcomargs.py
[2024-11-25T02:13:35.363+0000] {processor.py:914} INFO - Processing file /home/airflow/.local/lib/python3.12/site-packages/airflow/example_dags/example_xcomargs.py for tasks to queue
[2024-11-25T02:13:35.365+0000] {logging_mixin.py:190} INFO - [2024-11-25T02:13:35.365+0000] {dagbag.py:588} INFO - Filling up the DagBag from /home/airflow/.local/lib/python3.12/site-packages/airflow/example_dags/example_xcomargs.py
[2024-11-25T02:13:35.377+0000] {processor.py:925} INFO - DAG(s) 'example_xcom_args_with_operators', 'example_xcom_args' retrieved from /home/airflow/.local/lib/python3.12/site-packages/airflow/example_dags/example_xcomargs.py
[2024-11-25T02:13:35.400+0000] {logging_mixin.py:190} INFO - [2024-11-25T02:13:35.400+0000] {dag.py:3239} INFO - Sync 2 DAGs
[2024-11-25T02:13:35.415+0000] {logging_mixin.py:190} INFO - [2024-11-25T02:13:35.415+0000] {dag.py:4180} INFO - Setting next_dagrun for example_xcom_args to None, run_after=None
[2024-11-25T02:13:35.419+0000] {logging_mixin.py:190} INFO - [2024-11-25T02:13:35.419+0000] {dag.py:4180} INFO - Setting next_dagrun for example_xcom_args_with_operators to None, run_after=None
[2024-11-25T02:13:35.448+0000] {processor.py:208} INFO - Processing /home/airflow/.local/lib/python3.12/site-packages/airflow/example_dags/example_xcomargs.py took 0.091 seconds
[2024-11-25T02:14:06.362+0000] {processor.py:186} INFO - Started process (PID=2461) to work on /home/airflow/.local/lib/python3.12/site-packages/airflow/example_dags/example_xcomargs.py
[2024-11-25T02:14:06.363+0000] {processor.py:914} INFO - Processing file /home/airflow/.local/lib/python3.12/site-packages/airflow/example_dags/example_xcomargs.py for tasks to queue
[2024-11-25T02:14:06.367+0000] {logging_mixin.py:190} INFO - [2024-11-25T02:14:06.367+0000] {dagbag.py:588} INFO - Filling up the DagBag from /home/airflow/.local/lib/python3.12/site-packages/airflow/example_dags/example_xcomargs.py
[2024-11-25T02:14:06.384+0000] {processor.py:925} INFO - DAG(s) 'example_xcom_args', 'example_xcom_args_with_operators' retrieved from /home/airflow/.local/lib/python3.12/site-packages/airflow/example_dags/example_xcomargs.py
[2024-11-25T02:14:06.423+0000] {logging_mixin.py:190} INFO - [2024-11-25T02:14:06.422+0000] {dag.py:3239} INFO - Sync 2 DAGs
[2024-11-25T02:14:06.701+0000] {logging_mixin.py:190} INFO - [2024-11-25T02:14:06.701+0000] {dag.py:4180} INFO - Setting next_dagrun for example_xcom_args to None, run_after=None
[2024-11-25T02:14:06.707+0000] {logging_mixin.py:190} INFO - [2024-11-25T02:14:06.707+0000] {dag.py:4180} INFO - Setting next_dagrun for example_xcom_args_with_operators to None, run_after=None
[2024-11-25T02:14:06.737+0000] {processor.py:208} INFO - Processing /home/airflow/.local/lib/python3.12/site-packages/airflow/example_dags/example_xcomargs.py took 0.384 seconds
[2024-11-25T02:14:36.849+0000] {processor.py:186} INFO - Started process (PID=2525) to work on /home/airflow/.local/lib/python3.12/site-packages/airflow/example_dags/example_xcomargs.py
[2024-11-25T02:14:36.851+0000] {processor.py:914} INFO - Processing file /home/airflow/.local/lib/python3.12/site-packages/airflow/example_dags/example_xcomargs.py for tasks to queue
[2024-11-25T02:14:36.865+0000] {logging_mixin.py:190} INFO - [2024-11-25T02:14:36.864+0000] {dagbag.py:588} INFO - Filling up the DagBag from /home/airflow/.local/lib/python3.12/site-packages/airflow/example_dags/example_xcomargs.py
[2024-11-25T02:14:36.882+0000] {processor.py:925} INFO - DAG(s) 'example_xcom_args_with_operators', 'example_xcom_args' retrieved from /home/airflow/.local/lib/python3.12/site-packages/airflow/example_dags/example_xcomargs.py
[2024-11-25T02:14:36.915+0000] {logging_mixin.py:190} INFO - [2024-11-25T02:14:36.915+0000] {dag.py:3239} INFO - Sync 2 DAGs
[2024-11-25T02:14:36.935+0000] {logging_mixin.py:190} INFO - [2024-11-25T02:14:36.934+0000] {dag.py:4180} INFO - Setting next_dagrun for example_xcom_args to None, run_after=None
[2024-11-25T02:14:36.940+0000] {logging_mixin.py:190} INFO - [2024-11-25T02:14:36.940+0000] {dag.py:4180} INFO - Setting next_dagrun for example_xcom_args_with_operators to None, run_after=None
[2024-11-25T02:14:36.975+0000] {processor.py:208} INFO - Processing /home/airflow/.local/lib/python3.12/site-packages/airflow/example_dags/example_xcomargs.py took 0.134 seconds
[2024-11-25T02:15:07.440+0000] {processor.py:186} INFO - Started process (PID=2590) to work on /home/airflow/.local/lib/python3.12/site-packages/airflow/example_dags/example_xcomargs.py
[2024-11-25T02:15:07.450+0000] {processor.py:914} INFO - Processing file /home/airflow/.local/lib/python3.12/site-packages/airflow/example_dags/example_xcomargs.py for tasks to queue
[2024-11-25T02:15:07.452+0000] {logging_mixin.py:190} INFO - [2024-11-25T02:15:07.452+0000] {dagbag.py:588} INFO - Filling up the DagBag from /home/airflow/.local/lib/python3.12/site-packages/airflow/example_dags/example_xcomargs.py
[2024-11-25T02:15:07.462+0000] {processor.py:925} INFO - DAG(s) 'example_xcom_args', 'example_xcom_args_with_operators' retrieved from /home/airflow/.local/lib/python3.12/site-packages/airflow/example_dags/example_xcomargs.py
[2024-11-25T02:15:07.488+0000] {logging_mixin.py:190} INFO - [2024-11-25T02:15:07.488+0000] {dag.py:3239} INFO - Sync 2 DAGs
[2024-11-25T02:15:07.505+0000] {logging_mixin.py:190} INFO - [2024-11-25T02:15:07.505+0000] {dag.py:4180} INFO - Setting next_dagrun for example_xcom_args to None, run_after=None
[2024-11-25T02:15:07.510+0000] {logging_mixin.py:190} INFO - [2024-11-25T02:15:07.509+0000] {dag.py:4180} INFO - Setting next_dagrun for example_xcom_args_with_operators to None, run_after=None
[2024-11-25T02:15:07.528+0000] {processor.py:208} INFO - Processing /home/airflow/.local/lib/python3.12/site-packages/airflow/example_dags/example_xcomargs.py took 0.093 seconds
[2024-11-25T02:15:38.207+0000] {processor.py:186} INFO - Started process (PID=2654) to work on /home/airflow/.local/lib/python3.12/site-packages/airflow/example_dags/example_xcomargs.py
[2024-11-25T02:15:38.208+0000] {processor.py:914} INFO - Processing file /home/airflow/.local/lib/python3.12/site-packages/airflow/example_dags/example_xcomargs.py for tasks to queue
[2024-11-25T02:15:38.211+0000] {logging_mixin.py:190} INFO - [2024-11-25T02:15:38.211+0000] {dagbag.py:588} INFO - Filling up the DagBag from /home/airflow/.local/lib/python3.12/site-packages/airflow/example_dags/example_xcomargs.py
[2024-11-25T02:15:38.230+0000] {processor.py:925} INFO - DAG(s) 'example_xcom_args_with_operators', 'example_xcom_args' retrieved from /home/airflow/.local/lib/python3.12/site-packages/airflow/example_dags/example_xcomargs.py
[2024-11-25T02:15:38.268+0000] {logging_mixin.py:190} INFO - [2024-11-25T02:15:38.268+0000] {dag.py:3239} INFO - Sync 2 DAGs
[2024-11-25T02:15:38.286+0000] {logging_mixin.py:190} INFO - [2024-11-25T02:15:38.286+0000] {dag.py:4180} INFO - Setting next_dagrun for example_xcom_args to None, run_after=None
[2024-11-25T02:15:38.291+0000] {logging_mixin.py:190} INFO - [2024-11-25T02:15:38.290+0000] {dag.py:4180} INFO - Setting next_dagrun for example_xcom_args_with_operators to None, run_after=None
[2024-11-25T02:15:38.310+0000] {processor.py:208} INFO - Processing /home/airflow/.local/lib/python3.12/site-packages/airflow/example_dags/example_xcomargs.py took 0.114 seconds
[2024-11-25T02:16:08.399+0000] {processor.py:186} INFO - Started process (PID=2718) to work on /home/airflow/.local/lib/python3.12/site-packages/airflow/example_dags/example_xcomargs.py
[2024-11-25T02:16:08.400+0000] {processor.py:914} INFO - Processing file /home/airflow/.local/lib/python3.12/site-packages/airflow/example_dags/example_xcomargs.py for tasks to queue
[2024-11-25T02:16:08.403+0000] {logging_mixin.py:190} INFO - [2024-11-25T02:16:08.403+0000] {dagbag.py:588} INFO - Filling up the DagBag from /home/airflow/.local/lib/python3.12/site-packages/airflow/example_dags/example_xcomargs.py
[2024-11-25T02:16:08.645+0000] {processor.py:925} INFO - DAG(s) 'example_xcom_args', 'example_xcom_args_with_operators' retrieved from /home/airflow/.local/lib/python3.12/site-packages/airflow/example_dags/example_xcomargs.py
[2024-11-25T02:16:08.666+0000] {logging_mixin.py:190} INFO - [2024-11-25T02:16:08.666+0000] {dag.py:3239} INFO - Sync 2 DAGs
[2024-11-25T02:16:08.679+0000] {logging_mixin.py:190} INFO - [2024-11-25T02:16:08.678+0000] {dag.py:4180} INFO - Setting next_dagrun for example_xcom_args to None, run_after=None
[2024-11-25T02:16:08.683+0000] {logging_mixin.py:190} INFO - [2024-11-25T02:16:08.683+0000] {dag.py:4180} INFO - Setting next_dagrun for example_xcom_args_with_operators to None, run_after=None
[2024-11-25T02:16:08.698+0000] {processor.py:208} INFO - Processing /home/airflow/.local/lib/python3.12/site-packages/airflow/example_dags/example_xcomargs.py took 0.304 seconds
[2024-11-25T02:16:38.838+0000] {processor.py:186} INFO - Started process (PID=2782) to work on /home/airflow/.local/lib/python3.12/site-packages/airflow/example_dags/example_xcomargs.py
[2024-11-25T02:16:38.839+0000] {processor.py:914} INFO - Processing file /home/airflow/.local/lib/python3.12/site-packages/airflow/example_dags/example_xcomargs.py for tasks to queue
[2024-11-25T02:16:38.842+0000] {logging_mixin.py:190} INFO - [2024-11-25T02:16:38.841+0000] {dagbag.py:588} INFO - Filling up the DagBag from /home/airflow/.local/lib/python3.12/site-packages/airflow/example_dags/example_xcomargs.py
[2024-11-25T02:16:38.853+0000] {processor.py:925} INFO - DAG(s) 'example_xcom_args', 'example_xcom_args_with_operators' retrieved from /home/airflow/.local/lib/python3.12/site-packages/airflow/example_dags/example_xcomargs.py
[2024-11-25T02:16:38.883+0000] {logging_mixin.py:190} INFO - [2024-11-25T02:16:38.883+0000] {dag.py:3239} INFO - Sync 2 DAGs
[2024-11-25T02:16:38.898+0000] {logging_mixin.py:190} INFO - [2024-11-25T02:16:38.898+0000] {dag.py:4180} INFO - Setting next_dagrun for example_xcom_args to None, run_after=None
[2024-11-25T02:16:38.902+0000] {logging_mixin.py:190} INFO - [2024-11-25T02:16:38.902+0000] {dag.py:4180} INFO - Setting next_dagrun for example_xcom_args_with_operators to None, run_after=None
[2024-11-25T02:16:38.919+0000] {processor.py:208} INFO - Processing /home/airflow/.local/lib/python3.12/site-packages/airflow/example_dags/example_xcomargs.py took 0.087 seconds
