[2024-11-25T01:55:19.744+0000] {processor.py:186} INFO - Started process (PID=91) to work on /home/airflow/.local/lib/python3.12/site-packages/airflow/example_dags/example_short_circuit_operator.py
[2024-11-25T01:55:19.746+0000] {processor.py:914} INFO - Processing file /home/airflow/.local/lib/python3.12/site-packages/airflow/example_dags/example_short_circuit_operator.py for tasks to queue
[2024-11-25T01:55:19.769+0000] {logging_mixin.py:190} INFO - [2024-11-25T01:55:19.769+0000] {dagbag.py:588} INFO - Filling up the DagBag from /home/airflow/.local/lib/python3.12/site-packages/airflow/example_dags/example_short_circuit_operator.py
[2024-11-25T01:55:19.851+0000] {processor.py:925} INFO - DAG(s) 'example_short_circuit_operator' retrieved from /home/airflow/.local/lib/python3.12/site-packages/airflow/example_dags/example_short_circuit_operator.py
[2024-11-25T01:55:20.045+0000] {logging_mixin.py:190} INFO - [2024-11-25T01:55:20.045+0000] {dag.py:3239} INFO - Sync 1 DAGs
[2024-11-25T01:55:20.110+0000] {logging_mixin.py:190} INFO - [2024-11-25T01:55:20.109+0000] {dag.py:4180} INFO - Setting next_dagrun for example_short_circuit_operator to None, run_after=None
[2024-11-25T01:55:20.179+0000] {processor.py:208} INFO - Processing /home/airflow/.local/lib/python3.12/site-packages/airflow/example_dags/example_short_circuit_operator.py took 0.461 seconds
[2024-11-25T01:55:50.987+0000] {processor.py:186} INFO - Started process (PID=157) to work on /home/airflow/.local/lib/python3.12/site-packages/airflow/example_dags/example_short_circuit_operator.py
[2024-11-25T01:55:50.988+0000] {processor.py:914} INFO - Processing file /home/airflow/.local/lib/python3.12/site-packages/airflow/example_dags/example_short_circuit_operator.py for tasks to queue
[2024-11-25T01:55:50.990+0000] {logging_mixin.py:190} INFO - [2024-11-25T01:55:50.990+0000] {dagbag.py:588} INFO - Filling up the DagBag from /home/airflow/.local/lib/python3.12/site-packages/airflow/example_dags/example_short_circuit_operator.py
[2024-11-25T01:55:50.999+0000] {processor.py:925} INFO - DAG(s) 'example_short_circuit_operator' retrieved from /home/airflow/.local/lib/python3.12/site-packages/airflow/example_dags/example_short_circuit_operator.py
[2024-11-25T01:55:51.021+0000] {logging_mixin.py:190} INFO - [2024-11-25T01:55:51.021+0000] {dag.py:3239} INFO - Sync 1 DAGs
[2024-11-25T01:55:51.037+0000] {logging_mixin.py:190} INFO - [2024-11-25T01:55:51.037+0000] {dag.py:4180} INFO - Setting next_dagrun for example_short_circuit_operator to None, run_after=None
[2024-11-25T01:55:51.055+0000] {processor.py:208} INFO - Processing /home/airflow/.local/lib/python3.12/site-packages/airflow/example_dags/example_short_circuit_operator.py took 0.073 seconds
[2024-11-25T01:56:23.906+0000] {processor.py:186} INFO - Started process (PID=221) to work on /home/airflow/.local/lib/python3.12/site-packages/airflow/example_dags/example_short_circuit_operator.py
[2024-11-25T01:56:23.908+0000] {processor.py:914} INFO - Processing file /home/airflow/.local/lib/python3.12/site-packages/airflow/example_dags/example_short_circuit_operator.py for tasks to queue
[2024-11-25T01:56:23.913+0000] {logging_mixin.py:190} INFO - [2024-11-25T01:56:23.912+0000] {dagbag.py:588} INFO - Filling up the DagBag from /home/airflow/.local/lib/python3.12/site-packages/airflow/example_dags/example_short_circuit_operator.py
[2024-11-25T01:56:23.943+0000] {processor.py:925} INFO - DAG(s) 'example_short_circuit_operator' retrieved from /home/airflow/.local/lib/python3.12/site-packages/airflow/example_dags/example_short_circuit_operator.py
[2024-11-25T01:56:23.987+0000] {logging_mixin.py:190} INFO - [2024-11-25T01:56:23.987+0000] {dag.py:3239} INFO - Sync 1 DAGs
[2024-11-25T01:56:24.012+0000] {logging_mixin.py:190} INFO - [2024-11-25T01:56:24.012+0000] {dag.py:4180} INFO - Setting next_dagrun for example_short_circuit_operator to None, run_after=None
[2024-11-25T01:56:24.040+0000] {processor.py:208} INFO - Processing /home/airflow/.local/lib/python3.12/site-packages/airflow/example_dags/example_short_circuit_operator.py took 0.145 seconds
[2024-11-25T01:56:55.728+0000] {processor.py:186} INFO - Started process (PID=285) to work on /home/airflow/.local/lib/python3.12/site-packages/airflow/example_dags/example_short_circuit_operator.py
[2024-11-25T01:56:55.742+0000] {processor.py:914} INFO - Processing file /home/airflow/.local/lib/python3.12/site-packages/airflow/example_dags/example_short_circuit_operator.py for tasks to queue
[2024-11-25T01:56:55.757+0000] {logging_mixin.py:190} INFO - [2024-11-25T01:56:55.756+0000] {dagbag.py:588} INFO - Filling up the DagBag from /home/airflow/.local/lib/python3.12/site-packages/airflow/example_dags/example_short_circuit_operator.py
[2024-11-25T01:56:55.797+0000] {processor.py:925} INFO - DAG(s) 'example_short_circuit_operator' retrieved from /home/airflow/.local/lib/python3.12/site-packages/airflow/example_dags/example_short_circuit_operator.py
[2024-11-25T01:56:55.907+0000] {logging_mixin.py:190} INFO - [2024-11-25T01:56:55.906+0000] {dag.py:3239} INFO - Sync 1 DAGs
[2024-11-25T01:56:56.021+0000] {logging_mixin.py:190} INFO - [2024-11-25T01:56:56.021+0000] {dag.py:4180} INFO - Setting next_dagrun for example_short_circuit_operator to None, run_after=None
[2024-11-25T01:56:56.233+0000] {processor.py:208} INFO - Processing /home/airflow/.local/lib/python3.12/site-packages/airflow/example_dags/example_short_circuit_operator.py took 0.527 seconds
[2024-11-25T01:57:27.045+0000] {processor.py:186} INFO - Started process (PID=348) to work on /home/airflow/.local/lib/python3.12/site-packages/airflow/example_dags/example_short_circuit_operator.py
[2024-11-25T01:57:27.047+0000] {processor.py:914} INFO - Processing file /home/airflow/.local/lib/python3.12/site-packages/airflow/example_dags/example_short_circuit_operator.py for tasks to queue
[2024-11-25T01:57:27.052+0000] {logging_mixin.py:190} INFO - [2024-11-25T01:57:27.052+0000] {dagbag.py:588} INFO - Filling up the DagBag from /home/airflow/.local/lib/python3.12/site-packages/airflow/example_dags/example_short_circuit_operator.py
[2024-11-25T01:57:27.064+0000] {processor.py:925} INFO - DAG(s) 'example_short_circuit_operator' retrieved from /home/airflow/.local/lib/python3.12/site-packages/airflow/example_dags/example_short_circuit_operator.py
[2024-11-25T01:57:27.099+0000] {logging_mixin.py:190} INFO - [2024-11-25T01:57:27.099+0000] {dag.py:3239} INFO - Sync 1 DAGs
[2024-11-25T01:57:27.126+0000] {logging_mixin.py:190} INFO - [2024-11-25T01:57:27.125+0000] {dag.py:4180} INFO - Setting next_dagrun for example_short_circuit_operator to None, run_after=None
[2024-11-25T01:57:27.153+0000] {processor.py:208} INFO - Processing /home/airflow/.local/lib/python3.12/site-packages/airflow/example_dags/example_short_circuit_operator.py took 0.121 seconds
[2024-11-25T01:57:57.323+0000] {processor.py:186} INFO - Started process (PID=412) to work on /home/airflow/.local/lib/python3.12/site-packages/airflow/example_dags/example_short_circuit_operator.py
[2024-11-25T01:57:57.324+0000] {processor.py:914} INFO - Processing file /home/airflow/.local/lib/python3.12/site-packages/airflow/example_dags/example_short_circuit_operator.py for tasks to queue
[2024-11-25T01:57:57.327+0000] {logging_mixin.py:190} INFO - [2024-11-25T01:57:57.326+0000] {dagbag.py:588} INFO - Filling up the DagBag from /home/airflow/.local/lib/python3.12/site-packages/airflow/example_dags/example_short_circuit_operator.py
[2024-11-25T01:57:57.339+0000] {processor.py:925} INFO - DAG(s) 'example_short_circuit_operator' retrieved from /home/airflow/.local/lib/python3.12/site-packages/airflow/example_dags/example_short_circuit_operator.py
[2024-11-25T01:57:57.369+0000] {logging_mixin.py:190} INFO - [2024-11-25T01:57:57.369+0000] {dag.py:3239} INFO - Sync 1 DAGs
[2024-11-25T01:57:57.394+0000] {logging_mixin.py:190} INFO - [2024-11-25T01:57:57.394+0000] {dag.py:4180} INFO - Setting next_dagrun for example_short_circuit_operator to None, run_after=None
[2024-11-25T01:57:57.463+0000] {processor.py:208} INFO - Processing /home/airflow/.local/lib/python3.12/site-packages/airflow/example_dags/example_short_circuit_operator.py took 0.147 seconds
[2024-11-25T01:58:28.001+0000] {processor.py:186} INFO - Started process (PID=476) to work on /home/airflow/.local/lib/python3.12/site-packages/airflow/example_dags/example_short_circuit_operator.py
[2024-11-25T01:58:28.002+0000] {processor.py:914} INFO - Processing file /home/airflow/.local/lib/python3.12/site-packages/airflow/example_dags/example_short_circuit_operator.py for tasks to queue
[2024-11-25T01:58:28.004+0000] {logging_mixin.py:190} INFO - [2024-11-25T01:58:28.004+0000] {dagbag.py:588} INFO - Filling up the DagBag from /home/airflow/.local/lib/python3.12/site-packages/airflow/example_dags/example_short_circuit_operator.py
[2024-11-25T01:58:28.012+0000] {processor.py:925} INFO - DAG(s) 'example_short_circuit_operator' retrieved from /home/airflow/.local/lib/python3.12/site-packages/airflow/example_dags/example_short_circuit_operator.py
[2024-11-25T01:58:28.033+0000] {logging_mixin.py:190} INFO - [2024-11-25T01:58:28.033+0000] {dag.py:3239} INFO - Sync 1 DAGs
[2024-11-25T01:58:28.048+0000] {logging_mixin.py:190} INFO - [2024-11-25T01:58:28.047+0000] {dag.py:4180} INFO - Setting next_dagrun for example_short_circuit_operator to None, run_after=None
[2024-11-25T01:58:28.067+0000] {processor.py:208} INFO - Processing /home/airflow/.local/lib/python3.12/site-packages/airflow/example_dags/example_short_circuit_operator.py took 0.071 seconds
[2024-11-25T01:58:58.746+0000] {processor.py:186} INFO - Started process (PID=540) to work on /home/airflow/.local/lib/python3.12/site-packages/airflow/example_dags/example_short_circuit_operator.py
[2024-11-25T01:58:58.748+0000] {processor.py:914} INFO - Processing file /home/airflow/.local/lib/python3.12/site-packages/airflow/example_dags/example_short_circuit_operator.py for tasks to queue
[2024-11-25T01:58:58.751+0000] {logging_mixin.py:190} INFO - [2024-11-25T01:58:58.751+0000] {dagbag.py:588} INFO - Filling up the DagBag from /home/airflow/.local/lib/python3.12/site-packages/airflow/example_dags/example_short_circuit_operator.py
[2024-11-25T01:58:58.762+0000] {processor.py:925} INFO - DAG(s) 'example_short_circuit_operator' retrieved from /home/airflow/.local/lib/python3.12/site-packages/airflow/example_dags/example_short_circuit_operator.py
[2024-11-25T01:58:58.790+0000] {logging_mixin.py:190} INFO - [2024-11-25T01:58:58.790+0000] {dag.py:3239} INFO - Sync 1 DAGs
[2024-11-25T01:58:58.806+0000] {logging_mixin.py:190} INFO - [2024-11-25T01:58:58.805+0000] {dag.py:4180} INFO - Setting next_dagrun for example_short_circuit_operator to None, run_after=None
[2024-11-25T01:58:58.825+0000] {processor.py:208} INFO - Processing /home/airflow/.local/lib/python3.12/site-packages/airflow/example_dags/example_short_circuit_operator.py took 0.086 seconds
[2024-11-25T01:59:29.035+0000] {processor.py:186} INFO - Started process (PID=604) to work on /home/airflow/.local/lib/python3.12/site-packages/airflow/example_dags/example_short_circuit_operator.py
[2024-11-25T01:59:29.036+0000] {processor.py:914} INFO - Processing file /home/airflow/.local/lib/python3.12/site-packages/airflow/example_dags/example_short_circuit_operator.py for tasks to queue
[2024-11-25T01:59:29.039+0000] {logging_mixin.py:190} INFO - [2024-11-25T01:59:29.038+0000] {dagbag.py:588} INFO - Filling up the DagBag from /home/airflow/.local/lib/python3.12/site-packages/airflow/example_dags/example_short_circuit_operator.py
[2024-11-25T01:59:29.050+0000] {processor.py:925} INFO - DAG(s) 'example_short_circuit_operator' retrieved from /home/airflow/.local/lib/python3.12/site-packages/airflow/example_dags/example_short_circuit_operator.py
[2024-11-25T01:59:29.073+0000] {logging_mixin.py:190} INFO - [2024-11-25T01:59:29.073+0000] {dag.py:3239} INFO - Sync 1 DAGs
[2024-11-25T01:59:29.089+0000] {logging_mixin.py:190} INFO - [2024-11-25T01:59:29.089+0000] {dag.py:4180} INFO - Setting next_dagrun for example_short_circuit_operator to None, run_after=None
[2024-11-25T01:59:29.108+0000] {processor.py:208} INFO - Processing /home/airflow/.local/lib/python3.12/site-packages/airflow/example_dags/example_short_circuit_operator.py took 0.079 seconds
[2024-11-25T01:59:59.427+0000] {processor.py:186} INFO - Started process (PID=668) to work on /home/airflow/.local/lib/python3.12/site-packages/airflow/example_dags/example_short_circuit_operator.py
[2024-11-25T01:59:59.428+0000] {processor.py:914} INFO - Processing file /home/airflow/.local/lib/python3.12/site-packages/airflow/example_dags/example_short_circuit_operator.py for tasks to queue
[2024-11-25T01:59:59.430+0000] {logging_mixin.py:190} INFO - [2024-11-25T01:59:59.430+0000] {dagbag.py:588} INFO - Filling up the DagBag from /home/airflow/.local/lib/python3.12/site-packages/airflow/example_dags/example_short_circuit_operator.py
[2024-11-25T01:59:59.440+0000] {processor.py:925} INFO - DAG(s) 'example_short_circuit_operator' retrieved from /home/airflow/.local/lib/python3.12/site-packages/airflow/example_dags/example_short_circuit_operator.py
[2024-11-25T01:59:59.464+0000] {logging_mixin.py:190} INFO - [2024-11-25T01:59:59.463+0000] {dag.py:3239} INFO - Sync 1 DAGs
[2024-11-25T01:59:59.482+0000] {logging_mixin.py:190} INFO - [2024-11-25T01:59:59.481+0000] {dag.py:4180} INFO - Setting next_dagrun for example_short_circuit_operator to None, run_after=None
[2024-11-25T01:59:59.505+0000] {processor.py:208} INFO - Processing /home/airflow/.local/lib/python3.12/site-packages/airflow/example_dags/example_short_circuit_operator.py took 0.084 seconds
[2024-11-25T02:00:29.963+0000] {processor.py:186} INFO - Started process (PID=736) to work on /home/airflow/.local/lib/python3.12/site-packages/airflow/example_dags/example_short_circuit_operator.py
[2024-11-25T02:00:29.964+0000] {processor.py:914} INFO - Processing file /home/airflow/.local/lib/python3.12/site-packages/airflow/example_dags/example_short_circuit_operator.py for tasks to queue
[2024-11-25T02:00:29.966+0000] {logging_mixin.py:190} INFO - [2024-11-25T02:00:29.966+0000] {dagbag.py:588} INFO - Filling up the DagBag from /home/airflow/.local/lib/python3.12/site-packages/airflow/example_dags/example_short_circuit_operator.py
[2024-11-25T02:00:29.974+0000] {processor.py:925} INFO - DAG(s) 'example_short_circuit_operator' retrieved from /home/airflow/.local/lib/python3.12/site-packages/airflow/example_dags/example_short_circuit_operator.py
[2024-11-25T02:00:29.994+0000] {logging_mixin.py:190} INFO - [2024-11-25T02:00:29.994+0000] {dag.py:3239} INFO - Sync 1 DAGs
[2024-11-25T02:00:30.008+0000] {logging_mixin.py:190} INFO - [2024-11-25T02:00:30.008+0000] {dag.py:4180} INFO - Setting next_dagrun for example_short_circuit_operator to None, run_after=None
[2024-11-25T02:00:30.025+0000] {processor.py:208} INFO - Processing /home/airflow/.local/lib/python3.12/site-packages/airflow/example_dags/example_short_circuit_operator.py took 0.068 seconds
[2024-11-25T02:01:00.624+0000] {processor.py:186} INFO - Started process (PID=806) to work on /home/airflow/.local/lib/python3.12/site-packages/airflow/example_dags/example_short_circuit_operator.py
[2024-11-25T02:01:00.627+0000] {processor.py:914} INFO - Processing file /home/airflow/.local/lib/python3.12/site-packages/airflow/example_dags/example_short_circuit_operator.py for tasks to queue
[2024-11-25T02:01:00.638+0000] {logging_mixin.py:190} INFO - [2024-11-25T02:01:00.637+0000] {dagbag.py:588} INFO - Filling up the DagBag from /home/airflow/.local/lib/python3.12/site-packages/airflow/example_dags/example_short_circuit_operator.py
[2024-11-25T02:01:00.663+0000] {processor.py:925} INFO - DAG(s) 'example_short_circuit_operator' retrieved from /home/airflow/.local/lib/python3.12/site-packages/airflow/example_dags/example_short_circuit_operator.py
[2024-11-25T02:01:00.706+0000] {logging_mixin.py:190} INFO - [2024-11-25T02:01:00.706+0000] {dag.py:3239} INFO - Sync 1 DAGs
[2024-11-25T02:01:00.738+0000] {logging_mixin.py:190} INFO - [2024-11-25T02:01:00.738+0000] {dag.py:4180} INFO - Setting next_dagrun for example_short_circuit_operator to None, run_after=None
[2024-11-25T02:01:00.768+0000] {processor.py:208} INFO - Processing /home/airflow/.local/lib/python3.12/site-packages/airflow/example_dags/example_short_circuit_operator.py took 0.177 seconds
[2024-11-25T02:01:30.959+0000] {processor.py:186} INFO - Started process (PID=870) to work on /home/airflow/.local/lib/python3.12/site-packages/airflow/example_dags/example_short_circuit_operator.py
[2024-11-25T02:01:30.960+0000] {processor.py:914} INFO - Processing file /home/airflow/.local/lib/python3.12/site-packages/airflow/example_dags/example_short_circuit_operator.py for tasks to queue
[2024-11-25T02:01:30.963+0000] {logging_mixin.py:190} INFO - [2024-11-25T02:01:30.963+0000] {dagbag.py:588} INFO - Filling up the DagBag from /home/airflow/.local/lib/python3.12/site-packages/airflow/example_dags/example_short_circuit_operator.py
[2024-11-25T02:01:30.975+0000] {processor.py:925} INFO - DAG(s) 'example_short_circuit_operator' retrieved from /home/airflow/.local/lib/python3.12/site-packages/airflow/example_dags/example_short_circuit_operator.py
[2024-11-25T02:01:30.997+0000] {logging_mixin.py:190} INFO - [2024-11-25T02:01:30.996+0000] {dag.py:3239} INFO - Sync 1 DAGs
[2024-11-25T02:01:31.016+0000] {logging_mixin.py:190} INFO - [2024-11-25T02:01:31.016+0000] {dag.py:4180} INFO - Setting next_dagrun for example_short_circuit_operator to None, run_after=None
[2024-11-25T02:01:31.038+0000] {processor.py:208} INFO - Processing /home/airflow/.local/lib/python3.12/site-packages/airflow/example_dags/example_short_circuit_operator.py took 0.086 seconds
[2024-11-25T02:02:01.356+0000] {processor.py:186} INFO - Started process (PID=934) to work on /home/airflow/.local/lib/python3.12/site-packages/airflow/example_dags/example_short_circuit_operator.py
[2024-11-25T02:02:01.357+0000] {processor.py:914} INFO - Processing file /home/airflow/.local/lib/python3.12/site-packages/airflow/example_dags/example_short_circuit_operator.py for tasks to queue
[2024-11-25T02:02:01.359+0000] {logging_mixin.py:190} INFO - [2024-11-25T02:02:01.359+0000] {dagbag.py:588} INFO - Filling up the DagBag from /home/airflow/.local/lib/python3.12/site-packages/airflow/example_dags/example_short_circuit_operator.py
[2024-11-25T02:02:01.367+0000] {processor.py:925} INFO - DAG(s) 'example_short_circuit_operator' retrieved from /home/airflow/.local/lib/python3.12/site-packages/airflow/example_dags/example_short_circuit_operator.py
[2024-11-25T02:02:01.387+0000] {logging_mixin.py:190} INFO - [2024-11-25T02:02:01.387+0000] {dag.py:3239} INFO - Sync 1 DAGs
[2024-11-25T02:02:01.401+0000] {logging_mixin.py:190} INFO - [2024-11-25T02:02:01.401+0000] {dag.py:4180} INFO - Setting next_dagrun for example_short_circuit_operator to None, run_after=None
[2024-11-25T02:02:01.419+0000] {processor.py:208} INFO - Processing /home/airflow/.local/lib/python3.12/site-packages/airflow/example_dags/example_short_circuit_operator.py took 0.068 seconds
[2024-11-25T02:02:31.544+0000] {processor.py:186} INFO - Started process (PID=998) to work on /home/airflow/.local/lib/python3.12/site-packages/airflow/example_dags/example_short_circuit_operator.py
[2024-11-25T02:02:31.545+0000] {processor.py:914} INFO - Processing file /home/airflow/.local/lib/python3.12/site-packages/airflow/example_dags/example_short_circuit_operator.py for tasks to queue
[2024-11-25T02:02:31.547+0000] {logging_mixin.py:190} INFO - [2024-11-25T02:02:31.547+0000] {dagbag.py:588} INFO - Filling up the DagBag from /home/airflow/.local/lib/python3.12/site-packages/airflow/example_dags/example_short_circuit_operator.py
[2024-11-25T02:02:31.555+0000] {processor.py:925} INFO - DAG(s) 'example_short_circuit_operator' retrieved from /home/airflow/.local/lib/python3.12/site-packages/airflow/example_dags/example_short_circuit_operator.py
[2024-11-25T02:02:31.576+0000] {logging_mixin.py:190} INFO - [2024-11-25T02:02:31.575+0000] {dag.py:3239} INFO - Sync 1 DAGs
[2024-11-25T02:02:31.594+0000] {logging_mixin.py:190} INFO - [2024-11-25T02:02:31.593+0000] {dag.py:4180} INFO - Setting next_dagrun for example_short_circuit_operator to None, run_after=None
[2024-11-25T02:02:31.617+0000] {processor.py:208} INFO - Processing /home/airflow/.local/lib/python3.12/site-packages/airflow/example_dags/example_short_circuit_operator.py took 0.078 seconds
[2024-11-25T02:03:02.130+0000] {processor.py:186} INFO - Started process (PID=1063) to work on /home/airflow/.local/lib/python3.12/site-packages/airflow/example_dags/example_short_circuit_operator.py
[2024-11-25T02:03:02.131+0000] {processor.py:914} INFO - Processing file /home/airflow/.local/lib/python3.12/site-packages/airflow/example_dags/example_short_circuit_operator.py for tasks to queue
[2024-11-25T02:03:02.133+0000] {logging_mixin.py:190} INFO - [2024-11-25T02:03:02.133+0000] {dagbag.py:588} INFO - Filling up the DagBag from /home/airflow/.local/lib/python3.12/site-packages/airflow/example_dags/example_short_circuit_operator.py
[2024-11-25T02:03:02.144+0000] {processor.py:925} INFO - DAG(s) 'example_short_circuit_operator' retrieved from /home/airflow/.local/lib/python3.12/site-packages/airflow/example_dags/example_short_circuit_operator.py
[2024-11-25T02:03:02.167+0000] {logging_mixin.py:190} INFO - [2024-11-25T02:03:02.167+0000] {dag.py:3239} INFO - Sync 1 DAGs
[2024-11-25T02:03:02.187+0000] {logging_mixin.py:190} INFO - [2024-11-25T02:03:02.186+0000] {dag.py:4180} INFO - Setting next_dagrun for example_short_circuit_operator to None, run_after=None
[2024-11-25T02:03:02.212+0000] {processor.py:208} INFO - Processing /home/airflow/.local/lib/python3.12/site-packages/airflow/example_dags/example_short_circuit_operator.py took 0.087 seconds
[2024-11-25T02:03:32.486+0000] {processor.py:186} INFO - Started process (PID=1127) to work on /home/airflow/.local/lib/python3.12/site-packages/airflow/example_dags/example_short_circuit_operator.py
[2024-11-25T02:03:32.487+0000] {processor.py:914} INFO - Processing file /home/airflow/.local/lib/python3.12/site-packages/airflow/example_dags/example_short_circuit_operator.py for tasks to queue
[2024-11-25T02:03:32.490+0000] {logging_mixin.py:190} INFO - [2024-11-25T02:03:32.490+0000] {dagbag.py:588} INFO - Filling up the DagBag from /home/airflow/.local/lib/python3.12/site-packages/airflow/example_dags/example_short_circuit_operator.py
[2024-11-25T02:03:32.501+0000] {processor.py:925} INFO - DAG(s) 'example_short_circuit_operator' retrieved from /home/airflow/.local/lib/python3.12/site-packages/airflow/example_dags/example_short_circuit_operator.py
[2024-11-25T02:03:32.528+0000] {logging_mixin.py:190} INFO - [2024-11-25T02:03:32.528+0000] {dag.py:3239} INFO - Sync 1 DAGs
[2024-11-25T02:03:32.546+0000] {logging_mixin.py:190} INFO - [2024-11-25T02:03:32.546+0000] {dag.py:4180} INFO - Setting next_dagrun for example_short_circuit_operator to None, run_after=None
[2024-11-25T02:03:32.568+0000] {processor.py:208} INFO - Processing /home/airflow/.local/lib/python3.12/site-packages/airflow/example_dags/example_short_circuit_operator.py took 0.089 seconds
[2024-11-25T02:04:03.134+0000] {processor.py:186} INFO - Started process (PID=1191) to work on /home/airflow/.local/lib/python3.12/site-packages/airflow/example_dags/example_short_circuit_operator.py
[2024-11-25T02:04:03.135+0000] {processor.py:914} INFO - Processing file /home/airflow/.local/lib/python3.12/site-packages/airflow/example_dags/example_short_circuit_operator.py for tasks to queue
[2024-11-25T02:04:03.137+0000] {logging_mixin.py:190} INFO - [2024-11-25T02:04:03.137+0000] {dagbag.py:588} INFO - Filling up the DagBag from /home/airflow/.local/lib/python3.12/site-packages/airflow/example_dags/example_short_circuit_operator.py
[2024-11-25T02:04:03.145+0000] {processor.py:925} INFO - DAG(s) 'example_short_circuit_operator' retrieved from /home/airflow/.local/lib/python3.12/site-packages/airflow/example_dags/example_short_circuit_operator.py
[2024-11-25T02:04:03.167+0000] {logging_mixin.py:190} INFO - [2024-11-25T02:04:03.167+0000] {dag.py:3239} INFO - Sync 1 DAGs
[2024-11-25T02:04:03.180+0000] {logging_mixin.py:190} INFO - [2024-11-25T02:04:03.180+0000] {dag.py:4180} INFO - Setting next_dagrun for example_short_circuit_operator to None, run_after=None
[2024-11-25T02:04:03.202+0000] {processor.py:208} INFO - Processing /home/airflow/.local/lib/python3.12/site-packages/airflow/example_dags/example_short_circuit_operator.py took 0.074 seconds
[2024-11-25T02:04:33.344+0000] {processor.py:186} INFO - Started process (PID=1255) to work on /home/airflow/.local/lib/python3.12/site-packages/airflow/example_dags/example_short_circuit_operator.py
[2024-11-25T02:04:33.345+0000] {processor.py:914} INFO - Processing file /home/airflow/.local/lib/python3.12/site-packages/airflow/example_dags/example_short_circuit_operator.py for tasks to queue
[2024-11-25T02:04:33.347+0000] {logging_mixin.py:190} INFO - [2024-11-25T02:04:33.347+0000] {dagbag.py:588} INFO - Filling up the DagBag from /home/airflow/.local/lib/python3.12/site-packages/airflow/example_dags/example_short_circuit_operator.py
[2024-11-25T02:04:33.357+0000] {processor.py:925} INFO - DAG(s) 'example_short_circuit_operator' retrieved from /home/airflow/.local/lib/python3.12/site-packages/airflow/example_dags/example_short_circuit_operator.py
[2024-11-25T02:04:33.389+0000] {logging_mixin.py:190} INFO - [2024-11-25T02:04:33.388+0000] {dag.py:3239} INFO - Sync 1 DAGs
[2024-11-25T02:04:33.403+0000] {logging_mixin.py:190} INFO - [2024-11-25T02:04:33.403+0000] {dag.py:4180} INFO - Setting next_dagrun for example_short_circuit_operator to None, run_after=None
[2024-11-25T02:04:33.423+0000] {processor.py:208} INFO - Processing /home/airflow/.local/lib/python3.12/site-packages/airflow/example_dags/example_short_circuit_operator.py took 0.087 seconds
[2024-11-25T02:05:03.529+0000] {processor.py:186} INFO - Started process (PID=1319) to work on /home/airflow/.local/lib/python3.12/site-packages/airflow/example_dags/example_short_circuit_operator.py
[2024-11-25T02:05:03.530+0000] {processor.py:914} INFO - Processing file /home/airflow/.local/lib/python3.12/site-packages/airflow/example_dags/example_short_circuit_operator.py for tasks to queue
[2024-11-25T02:05:03.532+0000] {logging_mixin.py:190} INFO - [2024-11-25T02:05:03.532+0000] {dagbag.py:588} INFO - Filling up the DagBag from /home/airflow/.local/lib/python3.12/site-packages/airflow/example_dags/example_short_circuit_operator.py
[2024-11-25T02:05:03.540+0000] {processor.py:925} INFO - DAG(s) 'example_short_circuit_operator' retrieved from /home/airflow/.local/lib/python3.12/site-packages/airflow/example_dags/example_short_circuit_operator.py
[2024-11-25T02:05:03.562+0000] {logging_mixin.py:190} INFO - [2024-11-25T02:05:03.562+0000] {dag.py:3239} INFO - Sync 1 DAGs
[2024-11-25T02:05:03.577+0000] {logging_mixin.py:190} INFO - [2024-11-25T02:05:03.576+0000] {dag.py:4180} INFO - Setting next_dagrun for example_short_circuit_operator to None, run_after=None
[2024-11-25T02:05:03.597+0000] {processor.py:208} INFO - Processing /home/airflow/.local/lib/python3.12/site-packages/airflow/example_dags/example_short_circuit_operator.py took 0.073 seconds
[2024-11-25T02:05:34.507+0000] {processor.py:186} INFO - Started process (PID=1383) to work on /home/airflow/.local/lib/python3.12/site-packages/airflow/example_dags/example_short_circuit_operator.py
[2024-11-25T02:05:34.508+0000] {processor.py:914} INFO - Processing file /home/airflow/.local/lib/python3.12/site-packages/airflow/example_dags/example_short_circuit_operator.py for tasks to queue
[2024-11-25T02:05:34.511+0000] {logging_mixin.py:190} INFO - [2024-11-25T02:05:34.510+0000] {dagbag.py:588} INFO - Filling up the DagBag from /home/airflow/.local/lib/python3.12/site-packages/airflow/example_dags/example_short_circuit_operator.py
[2024-11-25T02:05:34.519+0000] {processor.py:925} INFO - DAG(s) 'example_short_circuit_operator' retrieved from /home/airflow/.local/lib/python3.12/site-packages/airflow/example_dags/example_short_circuit_operator.py
[2024-11-25T02:05:34.538+0000] {logging_mixin.py:190} INFO - [2024-11-25T02:05:34.538+0000] {dag.py:3239} INFO - Sync 1 DAGs
[2024-11-25T02:05:34.553+0000] {logging_mixin.py:190} INFO - [2024-11-25T02:05:34.553+0000] {dag.py:4180} INFO - Setting next_dagrun for example_short_circuit_operator to None, run_after=None
[2024-11-25T02:05:34.572+0000] {processor.py:208} INFO - Processing /home/airflow/.local/lib/python3.12/site-packages/airflow/example_dags/example_short_circuit_operator.py took 0.071 seconds
[2024-11-25T02:06:04.618+0000] {processor.py:186} INFO - Started process (PID=1447) to work on /home/airflow/.local/lib/python3.12/site-packages/airflow/example_dags/example_short_circuit_operator.py
[2024-11-25T02:06:04.620+0000] {processor.py:914} INFO - Processing file /home/airflow/.local/lib/python3.12/site-packages/airflow/example_dags/example_short_circuit_operator.py for tasks to queue
[2024-11-25T02:06:04.624+0000] {logging_mixin.py:190} INFO - [2024-11-25T02:06:04.623+0000] {dagbag.py:588} INFO - Filling up the DagBag from /home/airflow/.local/lib/python3.12/site-packages/airflow/example_dags/example_short_circuit_operator.py
[2024-11-25T02:06:04.639+0000] {processor.py:925} INFO - DAG(s) 'example_short_circuit_operator' retrieved from /home/airflow/.local/lib/python3.12/site-packages/airflow/example_dags/example_short_circuit_operator.py
[2024-11-25T02:06:04.677+0000] {logging_mixin.py:190} INFO - [2024-11-25T02:06:04.676+0000] {dag.py:3239} INFO - Sync 1 DAGs
[2024-11-25T02:06:04.701+0000] {logging_mixin.py:190} INFO - [2024-11-25T02:06:04.701+0000] {dag.py:4180} INFO - Setting next_dagrun for example_short_circuit_operator to None, run_after=None
[2024-11-25T02:06:04.726+0000] {processor.py:208} INFO - Processing /home/airflow/.local/lib/python3.12/site-packages/airflow/example_dags/example_short_circuit_operator.py took 0.116 seconds
[2024-11-25T02:06:35.738+0000] {processor.py:186} INFO - Started process (PID=1512) to work on /home/airflow/.local/lib/python3.12/site-packages/airflow/example_dags/example_short_circuit_operator.py
[2024-11-25T02:06:35.739+0000] {processor.py:914} INFO - Processing file /home/airflow/.local/lib/python3.12/site-packages/airflow/example_dags/example_short_circuit_operator.py for tasks to queue
[2024-11-25T02:06:35.741+0000] {logging_mixin.py:190} INFO - [2024-11-25T02:06:35.741+0000] {dagbag.py:588} INFO - Filling up the DagBag from /home/airflow/.local/lib/python3.12/site-packages/airflow/example_dags/example_short_circuit_operator.py
[2024-11-25T02:06:35.755+0000] {processor.py:925} INFO - DAG(s) 'example_short_circuit_operator' retrieved from /home/airflow/.local/lib/python3.12/site-packages/airflow/example_dags/example_short_circuit_operator.py
[2024-11-25T02:06:35.786+0000] {logging_mixin.py:190} INFO - [2024-11-25T02:06:35.786+0000] {dag.py:3239} INFO - Sync 1 DAGs
[2024-11-25T02:06:35.809+0000] {logging_mixin.py:190} INFO - [2024-11-25T02:06:35.808+0000] {dag.py:4180} INFO - Setting next_dagrun for example_short_circuit_operator to None, run_after=None
[2024-11-25T02:06:35.836+0000] {processor.py:208} INFO - Processing /home/airflow/.local/lib/python3.12/site-packages/airflow/example_dags/example_short_circuit_operator.py took 0.107 seconds
[2024-11-25T02:07:06.886+0000] {processor.py:186} INFO - Started process (PID=1576) to work on /home/airflow/.local/lib/python3.12/site-packages/airflow/example_dags/example_short_circuit_operator.py
[2024-11-25T02:07:06.886+0000] {processor.py:914} INFO - Processing file /home/airflow/.local/lib/python3.12/site-packages/airflow/example_dags/example_short_circuit_operator.py for tasks to queue
[2024-11-25T02:07:06.889+0000] {logging_mixin.py:190} INFO - [2024-11-25T02:07:06.889+0000] {dagbag.py:588} INFO - Filling up the DagBag from /home/airflow/.local/lib/python3.12/site-packages/airflow/example_dags/example_short_circuit_operator.py
[2024-11-25T02:07:06.897+0000] {processor.py:925} INFO - DAG(s) 'example_short_circuit_operator' retrieved from /home/airflow/.local/lib/python3.12/site-packages/airflow/example_dags/example_short_circuit_operator.py
[2024-11-25T02:07:06.925+0000] {logging_mixin.py:190} INFO - [2024-11-25T02:07:06.925+0000] {dag.py:3239} INFO - Sync 1 DAGs
[2024-11-25T02:07:06.943+0000] {logging_mixin.py:190} INFO - [2024-11-25T02:07:06.943+0000] {dag.py:4180} INFO - Setting next_dagrun for example_short_circuit_operator to None, run_after=None
[2024-11-25T02:07:06.964+0000] {processor.py:208} INFO - Processing /home/airflow/.local/lib/python3.12/site-packages/airflow/example_dags/example_short_circuit_operator.py took 0.083 seconds
[2024-11-25T02:07:38.213+0000] {processor.py:186} INFO - Started process (PID=1640) to work on /home/airflow/.local/lib/python3.12/site-packages/airflow/example_dags/example_short_circuit_operator.py
[2024-11-25T02:07:38.214+0000] {processor.py:914} INFO - Processing file /home/airflow/.local/lib/python3.12/site-packages/airflow/example_dags/example_short_circuit_operator.py for tasks to queue
[2024-11-25T02:07:38.216+0000] {logging_mixin.py:190} INFO - [2024-11-25T02:07:38.215+0000] {dagbag.py:588} INFO - Filling up the DagBag from /home/airflow/.local/lib/python3.12/site-packages/airflow/example_dags/example_short_circuit_operator.py
[2024-11-25T02:07:38.223+0000] {processor.py:925} INFO - DAG(s) 'example_short_circuit_operator' retrieved from /home/airflow/.local/lib/python3.12/site-packages/airflow/example_dags/example_short_circuit_operator.py
[2024-11-25T02:07:38.244+0000] {logging_mixin.py:190} INFO - [2024-11-25T02:07:38.243+0000] {dag.py:3239} INFO - Sync 1 DAGs
[2024-11-25T02:07:38.257+0000] {logging_mixin.py:190} INFO - [2024-11-25T02:07:38.257+0000] {dag.py:4180} INFO - Setting next_dagrun for example_short_circuit_operator to None, run_after=None
[2024-11-25T02:07:38.274+0000] {processor.py:208} INFO - Processing /home/airflow/.local/lib/python3.12/site-packages/airflow/example_dags/example_short_circuit_operator.py took 0.067 seconds
[2024-11-25T02:08:08.756+0000] {processor.py:186} INFO - Started process (PID=1703) to work on /home/airflow/.local/lib/python3.12/site-packages/airflow/example_dags/example_short_circuit_operator.py
[2024-11-25T02:08:08.757+0000] {processor.py:914} INFO - Processing file /home/airflow/.local/lib/python3.12/site-packages/airflow/example_dags/example_short_circuit_operator.py for tasks to queue
[2024-11-25T02:08:08.760+0000] {logging_mixin.py:190} INFO - [2024-11-25T02:08:08.759+0000] {dagbag.py:588} INFO - Filling up the DagBag from /home/airflow/.local/lib/python3.12/site-packages/airflow/example_dags/example_short_circuit_operator.py
[2024-11-25T02:08:08.771+0000] {processor.py:925} INFO - DAG(s) 'example_short_circuit_operator' retrieved from /home/airflow/.local/lib/python3.12/site-packages/airflow/example_dags/example_short_circuit_operator.py
[2024-11-25T02:08:08.793+0000] {logging_mixin.py:190} INFO - [2024-11-25T02:08:08.792+0000] {dag.py:3239} INFO - Sync 1 DAGs
[2024-11-25T02:08:08.813+0000] {logging_mixin.py:190} INFO - [2024-11-25T02:08:08.813+0000] {dag.py:4180} INFO - Setting next_dagrun for example_short_circuit_operator to None, run_after=None
[2024-11-25T02:08:08.840+0000] {processor.py:208} INFO - Processing /home/airflow/.local/lib/python3.12/site-packages/airflow/example_dags/example_short_circuit_operator.py took 0.091 seconds
[2024-11-25T02:08:39.547+0000] {processor.py:186} INFO - Started process (PID=1767) to work on /home/airflow/.local/lib/python3.12/site-packages/airflow/example_dags/example_short_circuit_operator.py
[2024-11-25T02:08:39.549+0000] {processor.py:914} INFO - Processing file /home/airflow/.local/lib/python3.12/site-packages/airflow/example_dags/example_short_circuit_operator.py for tasks to queue
[2024-11-25T02:08:39.554+0000] {logging_mixin.py:190} INFO - [2024-11-25T02:08:39.553+0000] {dagbag.py:588} INFO - Filling up the DagBag from /home/airflow/.local/lib/python3.12/site-packages/airflow/example_dags/example_short_circuit_operator.py
[2024-11-25T02:08:39.568+0000] {processor.py:925} INFO - DAG(s) 'example_short_circuit_operator' retrieved from /home/airflow/.local/lib/python3.12/site-packages/airflow/example_dags/example_short_circuit_operator.py
[2024-11-25T02:08:39.599+0000] {logging_mixin.py:190} INFO - [2024-11-25T02:08:39.599+0000] {dag.py:3239} INFO - Sync 1 DAGs
[2024-11-25T02:08:39.619+0000] {logging_mixin.py:190} INFO - [2024-11-25T02:08:39.619+0000] {dag.py:4180} INFO - Setting next_dagrun for example_short_circuit_operator to None, run_after=None
[2024-11-25T02:08:39.644+0000] {processor.py:208} INFO - Processing /home/airflow/.local/lib/python3.12/site-packages/airflow/example_dags/example_short_circuit_operator.py took 0.111 seconds
[2024-11-25T02:09:10.468+0000] {processor.py:186} INFO - Started process (PID=1830) to work on /home/airflow/.local/lib/python3.12/site-packages/airflow/example_dags/example_short_circuit_operator.py
[2024-11-25T02:09:10.469+0000] {processor.py:914} INFO - Processing file /home/airflow/.local/lib/python3.12/site-packages/airflow/example_dags/example_short_circuit_operator.py for tasks to queue
[2024-11-25T02:09:10.472+0000] {logging_mixin.py:190} INFO - [2024-11-25T02:09:10.472+0000] {dagbag.py:588} INFO - Filling up the DagBag from /home/airflow/.local/lib/python3.12/site-packages/airflow/example_dags/example_short_circuit_operator.py
[2024-11-25T02:09:10.484+0000] {processor.py:925} INFO - DAG(s) 'example_short_circuit_operator' retrieved from /home/airflow/.local/lib/python3.12/site-packages/airflow/example_dags/example_short_circuit_operator.py
[2024-11-25T02:09:10.519+0000] {logging_mixin.py:190} INFO - [2024-11-25T02:09:10.519+0000] {dag.py:3239} INFO - Sync 1 DAGs
[2024-11-25T02:09:10.540+0000] {logging_mixin.py:190} INFO - [2024-11-25T02:09:10.540+0000] {dag.py:4180} INFO - Setting next_dagrun for example_short_circuit_operator to None, run_after=None
[2024-11-25T02:09:10.571+0000] {processor.py:208} INFO - Processing /home/airflow/.local/lib/python3.12/site-packages/airflow/example_dags/example_short_circuit_operator.py took 0.110 seconds
[2024-11-25T02:09:41.477+0000] {processor.py:186} INFO - Started process (PID=1894) to work on /home/airflow/.local/lib/python3.12/site-packages/airflow/example_dags/example_short_circuit_operator.py
[2024-11-25T02:09:41.478+0000] {processor.py:914} INFO - Processing file /home/airflow/.local/lib/python3.12/site-packages/airflow/example_dags/example_short_circuit_operator.py for tasks to queue
[2024-11-25T02:09:41.481+0000] {logging_mixin.py:190} INFO - [2024-11-25T02:09:41.481+0000] {dagbag.py:588} INFO - Filling up the DagBag from /home/airflow/.local/lib/python3.12/site-packages/airflow/example_dags/example_short_circuit_operator.py
[2024-11-25T02:09:41.491+0000] {processor.py:925} INFO - DAG(s) 'example_short_circuit_operator' retrieved from /home/airflow/.local/lib/python3.12/site-packages/airflow/example_dags/example_short_circuit_operator.py
[2024-11-25T02:09:41.517+0000] {logging_mixin.py:190} INFO - [2024-11-25T02:09:41.517+0000] {dag.py:3239} INFO - Sync 1 DAGs
[2024-11-25T02:09:41.536+0000] {logging_mixin.py:190} INFO - [2024-11-25T02:09:41.536+0000] {dag.py:4180} INFO - Setting next_dagrun for example_short_circuit_operator to None, run_after=None
[2024-11-25T02:09:41.559+0000] {processor.py:208} INFO - Processing /home/airflow/.local/lib/python3.12/site-packages/airflow/example_dags/example_short_circuit_operator.py took 0.089 seconds
[2024-11-25T02:10:12.068+0000] {processor.py:186} INFO - Started process (PID=1958) to work on /home/airflow/.local/lib/python3.12/site-packages/airflow/example_dags/example_short_circuit_operator.py
[2024-11-25T02:10:12.070+0000] {processor.py:914} INFO - Processing file /home/airflow/.local/lib/python3.12/site-packages/airflow/example_dags/example_short_circuit_operator.py for tasks to queue
[2024-11-25T02:10:12.074+0000] {logging_mixin.py:190} INFO - [2024-11-25T02:10:12.073+0000] {dagbag.py:588} INFO - Filling up the DagBag from /home/airflow/.local/lib/python3.12/site-packages/airflow/example_dags/example_short_circuit_operator.py
[2024-11-25T02:10:12.157+0000] {processor.py:925} INFO - DAG(s) 'example_short_circuit_operator' retrieved from /home/airflow/.local/lib/python3.12/site-packages/airflow/example_dags/example_short_circuit_operator.py
[2024-11-25T02:10:12.362+0000] {logging_mixin.py:190} INFO - [2024-11-25T02:10:12.362+0000] {dag.py:3239} INFO - Sync 1 DAGs
[2024-11-25T02:10:12.384+0000] {logging_mixin.py:190} INFO - [2024-11-25T02:10:12.384+0000] {dag.py:4180} INFO - Setting next_dagrun for example_short_circuit_operator to None, run_after=None
[2024-11-25T02:10:12.415+0000] {processor.py:208} INFO - Processing /home/airflow/.local/lib/python3.12/site-packages/airflow/example_dags/example_short_circuit_operator.py took 0.389 seconds
[2024-11-25T02:10:43.332+0000] {processor.py:186} INFO - Started process (PID=2022) to work on /home/airflow/.local/lib/python3.12/site-packages/airflow/example_dags/example_short_circuit_operator.py
[2024-11-25T02:10:43.334+0000] {processor.py:914} INFO - Processing file /home/airflow/.local/lib/python3.12/site-packages/airflow/example_dags/example_short_circuit_operator.py for tasks to queue
[2024-11-25T02:10:43.340+0000] {logging_mixin.py:190} INFO - [2024-11-25T02:10:43.339+0000] {dagbag.py:588} INFO - Filling up the DagBag from /home/airflow/.local/lib/python3.12/site-packages/airflow/example_dags/example_short_circuit_operator.py
[2024-11-25T02:10:43.355+0000] {processor.py:925} INFO - DAG(s) 'example_short_circuit_operator' retrieved from /home/airflow/.local/lib/python3.12/site-packages/airflow/example_dags/example_short_circuit_operator.py
[2024-11-25T02:10:43.485+0000] {logging_mixin.py:190} INFO - [2024-11-25T02:10:43.483+0000] {dag.py:3239} INFO - Sync 1 DAGs
[2024-11-25T02:10:43.647+0000] {logging_mixin.py:190} INFO - [2024-11-25T02:10:43.646+0000] {dag.py:4180} INFO - Setting next_dagrun for example_short_circuit_operator to None, run_after=None
[2024-11-25T02:10:43.740+0000] {processor.py:208} INFO - Processing /home/airflow/.local/lib/python3.12/site-packages/airflow/example_dags/example_short_circuit_operator.py took 0.420 seconds
[2024-11-25T02:11:14.385+0000] {processor.py:186} INFO - Started process (PID=2087) to work on /home/airflow/.local/lib/python3.12/site-packages/airflow/example_dags/example_short_circuit_operator.py
[2024-11-25T02:11:14.386+0000] {processor.py:914} INFO - Processing file /home/airflow/.local/lib/python3.12/site-packages/airflow/example_dags/example_short_circuit_operator.py for tasks to queue
[2024-11-25T02:11:14.389+0000] {logging_mixin.py:190} INFO - [2024-11-25T02:11:14.388+0000] {dagbag.py:588} INFO - Filling up the DagBag from /home/airflow/.local/lib/python3.12/site-packages/airflow/example_dags/example_short_circuit_operator.py
[2024-11-25T02:11:14.396+0000] {processor.py:925} INFO - DAG(s) 'example_short_circuit_operator' retrieved from /home/airflow/.local/lib/python3.12/site-packages/airflow/example_dags/example_short_circuit_operator.py
[2024-11-25T02:11:14.419+0000] {logging_mixin.py:190} INFO - [2024-11-25T02:11:14.418+0000] {dag.py:3239} INFO - Sync 1 DAGs
[2024-11-25T02:11:14.435+0000] {logging_mixin.py:190} INFO - [2024-11-25T02:11:14.434+0000] {dag.py:4180} INFO - Setting next_dagrun for example_short_circuit_operator to None, run_after=None
[2024-11-25T02:11:14.456+0000] {processor.py:208} INFO - Processing /home/airflow/.local/lib/python3.12/site-packages/airflow/example_dags/example_short_circuit_operator.py took 0.076 seconds
[2024-11-25T02:11:44.901+0000] {processor.py:186} INFO - Started process (PID=2151) to work on /home/airflow/.local/lib/python3.12/site-packages/airflow/example_dags/example_short_circuit_operator.py
[2024-11-25T02:11:44.905+0000] {processor.py:914} INFO - Processing file /home/airflow/.local/lib/python3.12/site-packages/airflow/example_dags/example_short_circuit_operator.py for tasks to queue
[2024-11-25T02:11:44.914+0000] {logging_mixin.py:190} INFO - [2024-11-25T02:11:44.913+0000] {dagbag.py:588} INFO - Filling up the DagBag from /home/airflow/.local/lib/python3.12/site-packages/airflow/example_dags/example_short_circuit_operator.py
[2024-11-25T02:11:44.950+0000] {processor.py:925} INFO - DAG(s) 'example_short_circuit_operator' retrieved from /home/airflow/.local/lib/python3.12/site-packages/airflow/example_dags/example_short_circuit_operator.py
[2024-11-25T02:11:45.068+0000] {logging_mixin.py:190} INFO - [2024-11-25T02:11:45.068+0000] {dag.py:3239} INFO - Sync 1 DAGs
[2024-11-25T02:11:45.128+0000] {logging_mixin.py:190} INFO - [2024-11-25T02:11:45.127+0000] {dag.py:4180} INFO - Setting next_dagrun for example_short_circuit_operator to None, run_after=None
[2024-11-25T02:11:45.169+0000] {processor.py:208} INFO - Processing /home/airflow/.local/lib/python3.12/site-packages/airflow/example_dags/example_short_circuit_operator.py took 0.283 seconds
[2024-11-25T02:12:15.450+0000] {processor.py:186} INFO - Started process (PID=2215) to work on /home/airflow/.local/lib/python3.12/site-packages/airflow/example_dags/example_short_circuit_operator.py
[2024-11-25T02:12:15.451+0000] {processor.py:914} INFO - Processing file /home/airflow/.local/lib/python3.12/site-packages/airflow/example_dags/example_short_circuit_operator.py for tasks to queue
[2024-11-25T02:12:15.454+0000] {logging_mixin.py:190} INFO - [2024-11-25T02:12:15.453+0000] {dagbag.py:588} INFO - Filling up the DagBag from /home/airflow/.local/lib/python3.12/site-packages/airflow/example_dags/example_short_circuit_operator.py
[2024-11-25T02:12:15.464+0000] {processor.py:925} INFO - DAG(s) 'example_short_circuit_operator' retrieved from /home/airflow/.local/lib/python3.12/site-packages/airflow/example_dags/example_short_circuit_operator.py
[2024-11-25T02:12:15.495+0000] {logging_mixin.py:190} INFO - [2024-11-25T02:12:15.495+0000] {dag.py:3239} INFO - Sync 1 DAGs
[2024-11-25T02:12:15.514+0000] {logging_mixin.py:190} INFO - [2024-11-25T02:12:15.514+0000] {dag.py:4180} INFO - Setting next_dagrun for example_short_circuit_operator to None, run_after=None
[2024-11-25T02:12:15.535+0000] {processor.py:208} INFO - Processing /home/airflow/.local/lib/python3.12/site-packages/airflow/example_dags/example_short_circuit_operator.py took 0.092 seconds
[2024-11-25T02:12:45.828+0000] {processor.py:186} INFO - Started process (PID=2279) to work on /home/airflow/.local/lib/python3.12/site-packages/airflow/example_dags/example_short_circuit_operator.py
[2024-11-25T02:12:45.828+0000] {processor.py:914} INFO - Processing file /home/airflow/.local/lib/python3.12/site-packages/airflow/example_dags/example_short_circuit_operator.py for tasks to queue
[2024-11-25T02:12:45.830+0000] {logging_mixin.py:190} INFO - [2024-11-25T02:12:45.830+0000] {dagbag.py:588} INFO - Filling up the DagBag from /home/airflow/.local/lib/python3.12/site-packages/airflow/example_dags/example_short_circuit_operator.py
[2024-11-25T02:12:45.838+0000] {processor.py:925} INFO - DAG(s) 'example_short_circuit_operator' retrieved from /home/airflow/.local/lib/python3.12/site-packages/airflow/example_dags/example_short_circuit_operator.py
[2024-11-25T02:12:45.861+0000] {logging_mixin.py:190} INFO - [2024-11-25T02:12:45.861+0000] {dag.py:3239} INFO - Sync 1 DAGs
[2024-11-25T02:12:45.876+0000] {logging_mixin.py:190} INFO - [2024-11-25T02:12:45.876+0000] {dag.py:4180} INFO - Setting next_dagrun for example_short_circuit_operator to None, run_after=None
[2024-11-25T02:12:45.894+0000] {processor.py:208} INFO - Processing /home/airflow/.local/lib/python3.12/site-packages/airflow/example_dags/example_short_circuit_operator.py took 0.072 seconds
[2024-11-25T02:13:16.225+0000] {processor.py:186} INFO - Started process (PID=2343) to work on /home/airflow/.local/lib/python3.12/site-packages/airflow/example_dags/example_short_circuit_operator.py
[2024-11-25T02:13:16.227+0000] {processor.py:914} INFO - Processing file /home/airflow/.local/lib/python3.12/site-packages/airflow/example_dags/example_short_circuit_operator.py for tasks to queue
[2024-11-25T02:13:16.230+0000] {logging_mixin.py:190} INFO - [2024-11-25T02:13:16.229+0000] {dagbag.py:588} INFO - Filling up the DagBag from /home/airflow/.local/lib/python3.12/site-packages/airflow/example_dags/example_short_circuit_operator.py
[2024-11-25T02:13:16.241+0000] {processor.py:925} INFO - DAG(s) 'example_short_circuit_operator' retrieved from /home/airflow/.local/lib/python3.12/site-packages/airflow/example_dags/example_short_circuit_operator.py
[2024-11-25T02:13:16.268+0000] {logging_mixin.py:190} INFO - [2024-11-25T02:13:16.268+0000] {dag.py:3239} INFO - Sync 1 DAGs
[2024-11-25T02:13:16.286+0000] {logging_mixin.py:190} INFO - [2024-11-25T02:13:16.285+0000] {dag.py:4180} INFO - Setting next_dagrun for example_short_circuit_operator to None, run_after=None
[2024-11-25T02:13:16.306+0000] {processor.py:208} INFO - Processing /home/airflow/.local/lib/python3.12/site-packages/airflow/example_dags/example_short_circuit_operator.py took 0.088 seconds
[2024-11-25T02:13:46.613+0000] {processor.py:186} INFO - Started process (PID=2406) to work on /home/airflow/.local/lib/python3.12/site-packages/airflow/example_dags/example_short_circuit_operator.py
[2024-11-25T02:13:46.616+0000] {processor.py:914} INFO - Processing file /home/airflow/.local/lib/python3.12/site-packages/airflow/example_dags/example_short_circuit_operator.py for tasks to queue
[2024-11-25T02:13:46.634+0000] {logging_mixin.py:190} INFO - [2024-11-25T02:13:46.632+0000] {dagbag.py:588} INFO - Filling up the DagBag from /home/airflow/.local/lib/python3.12/site-packages/airflow/example_dags/example_short_circuit_operator.py
[2024-11-25T02:13:46.673+0000] {processor.py:925} INFO - DAG(s) 'example_short_circuit_operator' retrieved from /home/airflow/.local/lib/python3.12/site-packages/airflow/example_dags/example_short_circuit_operator.py
[2024-11-25T02:13:46.717+0000] {logging_mixin.py:190} INFO - [2024-11-25T02:13:46.716+0000] {dag.py:3239} INFO - Sync 1 DAGs
[2024-11-25T02:13:46.736+0000] {logging_mixin.py:190} INFO - [2024-11-25T02:13:46.736+0000] {dag.py:4180} INFO - Setting next_dagrun for example_short_circuit_operator to None, run_after=None
[2024-11-25T02:13:46.762+0000] {processor.py:208} INFO - Processing /home/airflow/.local/lib/python3.12/site-packages/airflow/example_dags/example_short_circuit_operator.py took 0.168 seconds
[2024-11-25T02:14:17.485+0000] {processor.py:186} INFO - Started process (PID=2470) to work on /home/airflow/.local/lib/python3.12/site-packages/airflow/example_dags/example_short_circuit_operator.py
[2024-11-25T02:14:17.488+0000] {processor.py:914} INFO - Processing file /home/airflow/.local/lib/python3.12/site-packages/airflow/example_dags/example_short_circuit_operator.py for tasks to queue
[2024-11-25T02:14:17.495+0000] {logging_mixin.py:190} INFO - [2024-11-25T02:14:17.494+0000] {dagbag.py:588} INFO - Filling up the DagBag from /home/airflow/.local/lib/python3.12/site-packages/airflow/example_dags/example_short_circuit_operator.py
[2024-11-25T02:14:17.516+0000] {processor.py:925} INFO - DAG(s) 'example_short_circuit_operator' retrieved from /home/airflow/.local/lib/python3.12/site-packages/airflow/example_dags/example_short_circuit_operator.py
[2024-11-25T02:14:17.546+0000] {logging_mixin.py:190} INFO - [2024-11-25T02:14:17.546+0000] {dag.py:3239} INFO - Sync 1 DAGs
[2024-11-25T02:14:17.564+0000] {logging_mixin.py:190} INFO - [2024-11-25T02:14:17.564+0000] {dag.py:4180} INFO - Setting next_dagrun for example_short_circuit_operator to None, run_after=None
[2024-11-25T02:14:17.586+0000] {processor.py:208} INFO - Processing /home/airflow/.local/lib/python3.12/site-packages/airflow/example_dags/example_short_circuit_operator.py took 0.117 seconds
[2024-11-25T02:14:48.418+0000] {processor.py:186} INFO - Started process (PID=2534) to work on /home/airflow/.local/lib/python3.12/site-packages/airflow/example_dags/example_short_circuit_operator.py
[2024-11-25T02:14:48.420+0000] {processor.py:914} INFO - Processing file /home/airflow/.local/lib/python3.12/site-packages/airflow/example_dags/example_short_circuit_operator.py for tasks to queue
[2024-11-25T02:14:48.424+0000] {logging_mixin.py:190} INFO - [2024-11-25T02:14:48.424+0000] {dagbag.py:588} INFO - Filling up the DagBag from /home/airflow/.local/lib/python3.12/site-packages/airflow/example_dags/example_short_circuit_operator.py
[2024-11-25T02:14:48.442+0000] {processor.py:925} INFO - DAG(s) 'example_short_circuit_operator' retrieved from /home/airflow/.local/lib/python3.12/site-packages/airflow/example_dags/example_short_circuit_operator.py
[2024-11-25T02:14:48.499+0000] {logging_mixin.py:190} INFO - [2024-11-25T02:14:48.499+0000] {dag.py:3239} INFO - Sync 1 DAGs
[2024-11-25T02:14:48.538+0000] {logging_mixin.py:190} INFO - [2024-11-25T02:14:48.537+0000] {dag.py:4180} INFO - Setting next_dagrun for example_short_circuit_operator to None, run_after=None
[2024-11-25T02:14:48.937+0000] {processor.py:208} INFO - Processing /home/airflow/.local/lib/python3.12/site-packages/airflow/example_dags/example_short_circuit_operator.py took 0.529 seconds
[2024-11-25T02:15:19.074+0000] {processor.py:186} INFO - Started process (PID=2599) to work on /home/airflow/.local/lib/python3.12/site-packages/airflow/example_dags/example_short_circuit_operator.py
[2024-11-25T02:15:19.075+0000] {processor.py:914} INFO - Processing file /home/airflow/.local/lib/python3.12/site-packages/airflow/example_dags/example_short_circuit_operator.py for tasks to queue
[2024-11-25T02:15:19.080+0000] {logging_mixin.py:190} INFO - [2024-11-25T02:15:19.079+0000] {dagbag.py:588} INFO - Filling up the DagBag from /home/airflow/.local/lib/python3.12/site-packages/airflow/example_dags/example_short_circuit_operator.py
[2024-11-25T02:15:19.096+0000] {processor.py:925} INFO - DAG(s) 'example_short_circuit_operator' retrieved from /home/airflow/.local/lib/python3.12/site-packages/airflow/example_dags/example_short_circuit_operator.py
[2024-11-25T02:15:19.144+0000] {logging_mixin.py:190} INFO - [2024-11-25T02:15:19.143+0000] {dag.py:3239} INFO - Sync 1 DAGs
[2024-11-25T02:15:19.168+0000] {logging_mixin.py:190} INFO - [2024-11-25T02:15:19.168+0000] {dag.py:4180} INFO - Setting next_dagrun for example_short_circuit_operator to None, run_after=None
[2024-11-25T02:15:19.406+0000] {processor.py:208} INFO - Processing /home/airflow/.local/lib/python3.12/site-packages/airflow/example_dags/example_short_circuit_operator.py took 0.345 seconds
[2024-11-25T02:15:50.140+0000] {processor.py:186} INFO - Started process (PID=2663) to work on /home/airflow/.local/lib/python3.12/site-packages/airflow/example_dags/example_short_circuit_operator.py
[2024-11-25T02:15:50.141+0000] {processor.py:914} INFO - Processing file /home/airflow/.local/lib/python3.12/site-packages/airflow/example_dags/example_short_circuit_operator.py for tasks to queue
[2024-11-25T02:15:50.144+0000] {logging_mixin.py:190} INFO - [2024-11-25T02:15:50.144+0000] {dagbag.py:588} INFO - Filling up the DagBag from /home/airflow/.local/lib/python3.12/site-packages/airflow/example_dags/example_short_circuit_operator.py
[2024-11-25T02:15:50.156+0000] {processor.py:925} INFO - DAG(s) 'example_short_circuit_operator' retrieved from /home/airflow/.local/lib/python3.12/site-packages/airflow/example_dags/example_short_circuit_operator.py
[2024-11-25T02:15:50.183+0000] {logging_mixin.py:190} INFO - [2024-11-25T02:15:50.183+0000] {dag.py:3239} INFO - Sync 1 DAGs
[2024-11-25T02:15:50.202+0000] {logging_mixin.py:190} INFO - [2024-11-25T02:15:50.202+0000] {dag.py:4180} INFO - Setting next_dagrun for example_short_circuit_operator to None, run_after=None
[2024-11-25T02:15:50.224+0000] {processor.py:208} INFO - Processing /home/airflow/.local/lib/python3.12/site-packages/airflow/example_dags/example_short_circuit_operator.py took 0.090 seconds
[2024-11-25T02:16:20.871+0000] {processor.py:186} INFO - Started process (PID=2727) to work on /home/airflow/.local/lib/python3.12/site-packages/airflow/example_dags/example_short_circuit_operator.py
[2024-11-25T02:16:20.872+0000] {processor.py:914} INFO - Processing file /home/airflow/.local/lib/python3.12/site-packages/airflow/example_dags/example_short_circuit_operator.py for tasks to queue
[2024-11-25T02:16:20.878+0000] {logging_mixin.py:190} INFO - [2024-11-25T02:16:20.877+0000] {dagbag.py:588} INFO - Filling up the DagBag from /home/airflow/.local/lib/python3.12/site-packages/airflow/example_dags/example_short_circuit_operator.py
[2024-11-25T02:16:20.890+0000] {processor.py:925} INFO - DAG(s) 'example_short_circuit_operator' retrieved from /home/airflow/.local/lib/python3.12/site-packages/airflow/example_dags/example_short_circuit_operator.py
[2024-11-25T02:16:20.915+0000] {logging_mixin.py:190} INFO - [2024-11-25T02:16:20.915+0000] {dag.py:3239} INFO - Sync 1 DAGs
[2024-11-25T02:16:20.941+0000] {logging_mixin.py:190} INFO - [2024-11-25T02:16:20.940+0000] {dag.py:4180} INFO - Setting next_dagrun for example_short_circuit_operator to None, run_after=None
[2024-11-25T02:16:20.969+0000] {processor.py:208} INFO - Processing /home/airflow/.local/lib/python3.12/site-packages/airflow/example_dags/example_short_circuit_operator.py took 0.109 seconds
