[2024-11-25T01:55:26.708+0000] {processor.py:186} INFO - Started process (PID=112) to work on /home/airflow/.local/lib/python3.12/site-packages/airflow/example_dags/example_dynamic_task_mapping.py
[2024-11-25T01:55:26.719+0000] {processor.py:914} INFO - Processing file /home/airflow/.local/lib/python3.12/site-packages/airflow/example_dags/example_dynamic_task_mapping.py for tasks to queue
[2024-11-25T01:55:26.724+0000] {logging_mixin.py:190} INFO - [2024-11-25T01:55:26.723+0000] {dagbag.py:588} INFO - Filling up the DagBag from /home/airflow/.local/lib/python3.12/site-packages/airflow/example_dags/example_dynamic_task_mapping.py
[2024-11-25T01:55:26.816+0000] {processor.py:925} INFO - DAG(s) 'example_dynamic_task_mapping' retrieved from /home/airflow/.local/lib/python3.12/site-packages/airflow/example_dags/example_dynamic_task_mapping.py
[2024-11-25T01:55:27.043+0000] {logging_mixin.py:190} INFO - [2024-11-25T01:55:27.043+0000] {dag.py:3239} INFO - Sync 1 DAGs
[2024-11-25T01:55:27.190+0000] {logging_mixin.py:190} INFO - [2024-11-25T01:55:27.189+0000] {dag.py:4180} INFO - Setting next_dagrun for example_dynamic_task_mapping to None, run_after=None
[2024-11-25T01:55:27.253+0000] {processor.py:208} INFO - Processing /home/airflow/.local/lib/python3.12/site-packages/airflow/example_dags/example_dynamic_task_mapping.py took 0.562 seconds
[2024-11-25T01:55:58.152+0000] {processor.py:186} INFO - Started process (PID=177) to work on /home/airflow/.local/lib/python3.12/site-packages/airflow/example_dags/example_dynamic_task_mapping.py
[2024-11-25T01:55:58.153+0000] {processor.py:914} INFO - Processing file /home/airflow/.local/lib/python3.12/site-packages/airflow/example_dags/example_dynamic_task_mapping.py for tasks to queue
[2024-11-25T01:55:58.155+0000] {logging_mixin.py:190} INFO - [2024-11-25T01:55:58.154+0000] {dagbag.py:588} INFO - Filling up the DagBag from /home/airflow/.local/lib/python3.12/site-packages/airflow/example_dags/example_dynamic_task_mapping.py
[2024-11-25T01:55:58.163+0000] {processor.py:925} INFO - DAG(s) 'example_dynamic_task_mapping' retrieved from /home/airflow/.local/lib/python3.12/site-packages/airflow/example_dags/example_dynamic_task_mapping.py
[2024-11-25T01:55:58.179+0000] {logging_mixin.py:190} INFO - [2024-11-25T01:55:58.178+0000] {dag.py:3239} INFO - Sync 1 DAGs
[2024-11-25T01:55:58.192+0000] {logging_mixin.py:190} INFO - [2024-11-25T01:55:58.191+0000] {dag.py:4180} INFO - Setting next_dagrun for example_dynamic_task_mapping to None, run_after=None
[2024-11-25T01:55:58.208+0000] {processor.py:208} INFO - Processing /home/airflow/.local/lib/python3.12/site-packages/airflow/example_dags/example_dynamic_task_mapping.py took 0.061 seconds
[2024-11-25T01:56:28.904+0000] {processor.py:186} INFO - Started process (PID=241) to work on /home/airflow/.local/lib/python3.12/site-packages/airflow/example_dags/example_dynamic_task_mapping.py
[2024-11-25T01:56:28.905+0000] {processor.py:914} INFO - Processing file /home/airflow/.local/lib/python3.12/site-packages/airflow/example_dags/example_dynamic_task_mapping.py for tasks to queue
[2024-11-25T01:56:28.907+0000] {logging_mixin.py:190} INFO - [2024-11-25T01:56:28.907+0000] {dagbag.py:588} INFO - Filling up the DagBag from /home/airflow/.local/lib/python3.12/site-packages/airflow/example_dags/example_dynamic_task_mapping.py
[2024-11-25T01:56:28.917+0000] {processor.py:925} INFO - DAG(s) 'example_dynamic_task_mapping' retrieved from /home/airflow/.local/lib/python3.12/site-packages/airflow/example_dags/example_dynamic_task_mapping.py
[2024-11-25T01:56:28.939+0000] {logging_mixin.py:190} INFO - [2024-11-25T01:56:28.939+0000] {dag.py:3239} INFO - Sync 1 DAGs
[2024-11-25T01:56:28.967+0000] {logging_mixin.py:190} INFO - [2024-11-25T01:56:28.967+0000] {dag.py:4180} INFO - Setting next_dagrun for example_dynamic_task_mapping to None, run_after=None
[2024-11-25T01:56:28.987+0000] {processor.py:208} INFO - Processing /home/airflow/.local/lib/python3.12/site-packages/airflow/example_dags/example_dynamic_task_mapping.py took 0.090 seconds
[2024-11-25T01:57:02.675+0000] {processor.py:186} INFO - Started process (PID=311) to work on /home/airflow/.local/lib/python3.12/site-packages/airflow/example_dags/example_dynamic_task_mapping.py
[2024-11-25T01:57:02.677+0000] {processor.py:914} INFO - Processing file /home/airflow/.local/lib/python3.12/site-packages/airflow/example_dags/example_dynamic_task_mapping.py for tasks to queue
[2024-11-25T01:57:02.692+0000] {logging_mixin.py:190} INFO - [2024-11-25T01:57:02.691+0000] {dagbag.py:588} INFO - Filling up the DagBag from /home/airflow/.local/lib/python3.12/site-packages/airflow/example_dags/example_dynamic_task_mapping.py
[2024-11-25T01:57:02.730+0000] {processor.py:925} INFO - DAG(s) 'example_dynamic_task_mapping' retrieved from /home/airflow/.local/lib/python3.12/site-packages/airflow/example_dags/example_dynamic_task_mapping.py
[2024-11-25T01:57:02.776+0000] {logging_mixin.py:190} INFO - [2024-11-25T01:57:02.775+0000] {dag.py:3239} INFO - Sync 1 DAGs
[2024-11-25T01:57:02.813+0000] {logging_mixin.py:190} INFO - [2024-11-25T01:57:02.812+0000] {dag.py:4180} INFO - Setting next_dagrun for example_dynamic_task_mapping to None, run_after=None
[2024-11-25T01:57:02.870+0000] {processor.py:208} INFO - Processing /home/airflow/.local/lib/python3.12/site-packages/airflow/example_dags/example_dynamic_task_mapping.py took 0.212 seconds
[2024-11-25T01:57:33.880+0000] {processor.py:186} INFO - Started process (PID=375) to work on /home/airflow/.local/lib/python3.12/site-packages/airflow/example_dags/example_dynamic_task_mapping.py
[2024-11-25T01:57:33.881+0000] {processor.py:914} INFO - Processing file /home/airflow/.local/lib/python3.12/site-packages/airflow/example_dags/example_dynamic_task_mapping.py for tasks to queue
[2024-11-25T01:57:33.883+0000] {logging_mixin.py:190} INFO - [2024-11-25T01:57:33.883+0000] {dagbag.py:588} INFO - Filling up the DagBag from /home/airflow/.local/lib/python3.12/site-packages/airflow/example_dags/example_dynamic_task_mapping.py
[2024-11-25T01:57:33.895+0000] {processor.py:925} INFO - DAG(s) 'example_dynamic_task_mapping' retrieved from /home/airflow/.local/lib/python3.12/site-packages/airflow/example_dags/example_dynamic_task_mapping.py
[2024-11-25T01:57:33.917+0000] {logging_mixin.py:190} INFO - [2024-11-25T01:57:33.916+0000] {dag.py:3239} INFO - Sync 1 DAGs
[2024-11-25T01:57:33.943+0000] {logging_mixin.py:190} INFO - [2024-11-25T01:57:33.943+0000] {dag.py:4180} INFO - Setting next_dagrun for example_dynamic_task_mapping to None, run_after=None
[2024-11-25T01:57:33.976+0000] {processor.py:208} INFO - Processing /home/airflow/.local/lib/python3.12/site-packages/airflow/example_dags/example_dynamic_task_mapping.py took 0.102 seconds
[2024-11-25T01:58:04.539+0000] {processor.py:186} INFO - Started process (PID=439) to work on /home/airflow/.local/lib/python3.12/site-packages/airflow/example_dags/example_dynamic_task_mapping.py
[2024-11-25T01:58:04.540+0000] {processor.py:914} INFO - Processing file /home/airflow/.local/lib/python3.12/site-packages/airflow/example_dags/example_dynamic_task_mapping.py for tasks to queue
[2024-11-25T01:58:04.544+0000] {logging_mixin.py:190} INFO - [2024-11-25T01:58:04.544+0000] {dagbag.py:588} INFO - Filling up the DagBag from /home/airflow/.local/lib/python3.12/site-packages/airflow/example_dags/example_dynamic_task_mapping.py
[2024-11-25T01:58:04.558+0000] {processor.py:925} INFO - DAG(s) 'example_dynamic_task_mapping' retrieved from /home/airflow/.local/lib/python3.12/site-packages/airflow/example_dags/example_dynamic_task_mapping.py
[2024-11-25T01:58:04.584+0000] {logging_mixin.py:190} INFO - [2024-11-25T01:58:04.583+0000] {dag.py:3239} INFO - Sync 1 DAGs
[2024-11-25T01:58:04.604+0000] {logging_mixin.py:190} INFO - [2024-11-25T01:58:04.603+0000] {dag.py:4180} INFO - Setting next_dagrun for example_dynamic_task_mapping to None, run_after=None
[2024-11-25T01:58:04.642+0000] {processor.py:208} INFO - Processing /home/airflow/.local/lib/python3.12/site-packages/airflow/example_dags/example_dynamic_task_mapping.py took 0.111 seconds
[2024-11-25T01:58:34.728+0000] {processor.py:186} INFO - Started process (PID=503) to work on /home/airflow/.local/lib/python3.12/site-packages/airflow/example_dags/example_dynamic_task_mapping.py
[2024-11-25T01:58:34.729+0000] {processor.py:914} INFO - Processing file /home/airflow/.local/lib/python3.12/site-packages/airflow/example_dags/example_dynamic_task_mapping.py for tasks to queue
[2024-11-25T01:58:34.732+0000] {logging_mixin.py:190} INFO - [2024-11-25T01:58:34.732+0000] {dagbag.py:588} INFO - Filling up the DagBag from /home/airflow/.local/lib/python3.12/site-packages/airflow/example_dags/example_dynamic_task_mapping.py
[2024-11-25T01:58:34.742+0000] {processor.py:925} INFO - DAG(s) 'example_dynamic_task_mapping' retrieved from /home/airflow/.local/lib/python3.12/site-packages/airflow/example_dags/example_dynamic_task_mapping.py
[2024-11-25T01:58:34.764+0000] {logging_mixin.py:190} INFO - [2024-11-25T01:58:34.763+0000] {dag.py:3239} INFO - Sync 1 DAGs
[2024-11-25T01:58:34.780+0000] {logging_mixin.py:190} INFO - [2024-11-25T01:58:34.780+0000] {dag.py:4180} INFO - Setting next_dagrun for example_dynamic_task_mapping to None, run_after=None
[2024-11-25T01:58:34.804+0000] {processor.py:208} INFO - Processing /home/airflow/.local/lib/python3.12/site-packages/airflow/example_dags/example_dynamic_task_mapping.py took 0.082 seconds
[2024-11-25T01:59:05.494+0000] {processor.py:186} INFO - Started process (PID=567) to work on /home/airflow/.local/lib/python3.12/site-packages/airflow/example_dags/example_dynamic_task_mapping.py
[2024-11-25T01:59:05.495+0000] {processor.py:914} INFO - Processing file /home/airflow/.local/lib/python3.12/site-packages/airflow/example_dags/example_dynamic_task_mapping.py for tasks to queue
[2024-11-25T01:59:05.498+0000] {logging_mixin.py:190} INFO - [2024-11-25T01:59:05.498+0000] {dagbag.py:588} INFO - Filling up the DagBag from /home/airflow/.local/lib/python3.12/site-packages/airflow/example_dags/example_dynamic_task_mapping.py
[2024-11-25T01:59:05.509+0000] {processor.py:925} INFO - DAG(s) 'example_dynamic_task_mapping' retrieved from /home/airflow/.local/lib/python3.12/site-packages/airflow/example_dags/example_dynamic_task_mapping.py
[2024-11-25T01:59:05.534+0000] {logging_mixin.py:190} INFO - [2024-11-25T01:59:05.534+0000] {dag.py:3239} INFO - Sync 1 DAGs
[2024-11-25T01:59:05.555+0000] {logging_mixin.py:190} INFO - [2024-11-25T01:59:05.555+0000] {dag.py:4180} INFO - Setting next_dagrun for example_dynamic_task_mapping to None, run_after=None
[2024-11-25T01:59:05.577+0000] {processor.py:208} INFO - Processing /home/airflow/.local/lib/python3.12/site-packages/airflow/example_dags/example_dynamic_task_mapping.py took 0.089 seconds
[2024-11-25T01:59:36.520+0000] {processor.py:186} INFO - Started process (PID=631) to work on /home/airflow/.local/lib/python3.12/site-packages/airflow/example_dags/example_dynamic_task_mapping.py
[2024-11-25T01:59:36.521+0000] {processor.py:914} INFO - Processing file /home/airflow/.local/lib/python3.12/site-packages/airflow/example_dags/example_dynamic_task_mapping.py for tasks to queue
[2024-11-25T01:59:36.523+0000] {logging_mixin.py:190} INFO - [2024-11-25T01:59:36.523+0000] {dagbag.py:588} INFO - Filling up the DagBag from /home/airflow/.local/lib/python3.12/site-packages/airflow/example_dags/example_dynamic_task_mapping.py
[2024-11-25T01:59:36.532+0000] {processor.py:925} INFO - DAG(s) 'example_dynamic_task_mapping' retrieved from /home/airflow/.local/lib/python3.12/site-packages/airflow/example_dags/example_dynamic_task_mapping.py
[2024-11-25T01:59:36.552+0000] {logging_mixin.py:190} INFO - [2024-11-25T01:59:36.551+0000] {dag.py:3239} INFO - Sync 1 DAGs
[2024-11-25T01:59:36.566+0000] {logging_mixin.py:190} INFO - [2024-11-25T01:59:36.566+0000] {dag.py:4180} INFO - Setting next_dagrun for example_dynamic_task_mapping to None, run_after=None
[2024-11-25T01:59:36.583+0000] {processor.py:208} INFO - Processing /home/airflow/.local/lib/python3.12/site-packages/airflow/example_dags/example_dynamic_task_mapping.py took 0.070 seconds
[2024-11-25T02:00:06.846+0000] {processor.py:186} INFO - Started process (PID=695) to work on /home/airflow/.local/lib/python3.12/site-packages/airflow/example_dags/example_dynamic_task_mapping.py
[2024-11-25T02:00:06.847+0000] {processor.py:914} INFO - Processing file /home/airflow/.local/lib/python3.12/site-packages/airflow/example_dags/example_dynamic_task_mapping.py for tasks to queue
[2024-11-25T02:00:06.850+0000] {logging_mixin.py:190} INFO - [2024-11-25T02:00:06.850+0000] {dagbag.py:588} INFO - Filling up the DagBag from /home/airflow/.local/lib/python3.12/site-packages/airflow/example_dags/example_dynamic_task_mapping.py
[2024-11-25T02:00:06.860+0000] {processor.py:925} INFO - DAG(s) 'example_dynamic_task_mapping' retrieved from /home/airflow/.local/lib/python3.12/site-packages/airflow/example_dags/example_dynamic_task_mapping.py
[2024-11-25T02:00:06.884+0000] {logging_mixin.py:190} INFO - [2024-11-25T02:00:06.884+0000] {dag.py:3239} INFO - Sync 1 DAGs
[2024-11-25T02:00:06.912+0000] {logging_mixin.py:190} INFO - [2024-11-25T02:00:06.912+0000] {dag.py:4180} INFO - Setting next_dagrun for example_dynamic_task_mapping to None, run_after=None
[2024-11-25T02:00:06.930+0000] {processor.py:208} INFO - Processing /home/airflow/.local/lib/python3.12/site-packages/airflow/example_dags/example_dynamic_task_mapping.py took 0.091 seconds
[2024-11-25T02:00:37.000+0000] {processor.py:186} INFO - Started process (PID=763) to work on /home/airflow/.local/lib/python3.12/site-packages/airflow/example_dags/example_dynamic_task_mapping.py
[2024-11-25T02:00:37.001+0000] {processor.py:914} INFO - Processing file /home/airflow/.local/lib/python3.12/site-packages/airflow/example_dags/example_dynamic_task_mapping.py for tasks to queue
[2024-11-25T02:00:37.004+0000] {logging_mixin.py:190} INFO - [2024-11-25T02:00:37.004+0000] {dagbag.py:588} INFO - Filling up the DagBag from /home/airflow/.local/lib/python3.12/site-packages/airflow/example_dags/example_dynamic_task_mapping.py
[2024-11-25T02:00:37.013+0000] {processor.py:925} INFO - DAG(s) 'example_dynamic_task_mapping' retrieved from /home/airflow/.local/lib/python3.12/site-packages/airflow/example_dags/example_dynamic_task_mapping.py
[2024-11-25T02:00:37.035+0000] {logging_mixin.py:190} INFO - [2024-11-25T02:00:37.035+0000] {dag.py:3239} INFO - Sync 1 DAGs
[2024-11-25T02:00:37.051+0000] {logging_mixin.py:190} INFO - [2024-11-25T02:00:37.051+0000] {dag.py:4180} INFO - Setting next_dagrun for example_dynamic_task_mapping to None, run_after=None
[2024-11-25T02:00:37.073+0000] {processor.py:208} INFO - Processing /home/airflow/.local/lib/python3.12/site-packages/airflow/example_dags/example_dynamic_task_mapping.py took 0.079 seconds
[2024-11-25T02:01:07.644+0000] {processor.py:186} INFO - Started process (PID=826) to work on /home/airflow/.local/lib/python3.12/site-packages/airflow/example_dags/example_dynamic_task_mapping.py
[2024-11-25T02:01:07.645+0000] {processor.py:914} INFO - Processing file /home/airflow/.local/lib/python3.12/site-packages/airflow/example_dags/example_dynamic_task_mapping.py for tasks to queue
[2024-11-25T02:01:07.647+0000] {logging_mixin.py:190} INFO - [2024-11-25T02:01:07.647+0000] {dagbag.py:588} INFO - Filling up the DagBag from /home/airflow/.local/lib/python3.12/site-packages/airflow/example_dags/example_dynamic_task_mapping.py
[2024-11-25T02:01:07.655+0000] {processor.py:925} INFO - DAG(s) 'example_dynamic_task_mapping' retrieved from /home/airflow/.local/lib/python3.12/site-packages/airflow/example_dags/example_dynamic_task_mapping.py
[2024-11-25T02:01:07.673+0000] {logging_mixin.py:190} INFO - [2024-11-25T02:01:07.673+0000] {dag.py:3239} INFO - Sync 1 DAGs
[2024-11-25T02:01:07.687+0000] {logging_mixin.py:190} INFO - [2024-11-25T02:01:07.687+0000] {dag.py:4180} INFO - Setting next_dagrun for example_dynamic_task_mapping to None, run_after=None
[2024-11-25T02:01:07.707+0000] {processor.py:208} INFO - Processing /home/airflow/.local/lib/python3.12/site-packages/airflow/example_dags/example_dynamic_task_mapping.py took 0.069 seconds
[2024-11-25T02:01:37.990+0000] {processor.py:186} INFO - Started process (PID=890) to work on /home/airflow/.local/lib/python3.12/site-packages/airflow/example_dags/example_dynamic_task_mapping.py
[2024-11-25T02:01:37.991+0000] {processor.py:914} INFO - Processing file /home/airflow/.local/lib/python3.12/site-packages/airflow/example_dags/example_dynamic_task_mapping.py for tasks to queue
[2024-11-25T02:01:37.994+0000] {logging_mixin.py:190} INFO - [2024-11-25T02:01:37.994+0000] {dagbag.py:588} INFO - Filling up the DagBag from /home/airflow/.local/lib/python3.12/site-packages/airflow/example_dags/example_dynamic_task_mapping.py
[2024-11-25T02:01:38.001+0000] {processor.py:925} INFO - DAG(s) 'example_dynamic_task_mapping' retrieved from /home/airflow/.local/lib/python3.12/site-packages/airflow/example_dags/example_dynamic_task_mapping.py
[2024-11-25T02:01:38.021+0000] {logging_mixin.py:190} INFO - [2024-11-25T02:01:38.021+0000] {dag.py:3239} INFO - Sync 1 DAGs
[2024-11-25T02:01:38.035+0000] {logging_mixin.py:190} INFO - [2024-11-25T02:01:38.034+0000] {dag.py:4180} INFO - Setting next_dagrun for example_dynamic_task_mapping to None, run_after=None
[2024-11-25T02:01:38.052+0000] {processor.py:208} INFO - Processing /home/airflow/.local/lib/python3.12/site-packages/airflow/example_dags/example_dynamic_task_mapping.py took 0.068 seconds
[2024-11-25T02:02:08.762+0000] {processor.py:186} INFO - Started process (PID=954) to work on /home/airflow/.local/lib/python3.12/site-packages/airflow/example_dags/example_dynamic_task_mapping.py
[2024-11-25T02:02:08.763+0000] {processor.py:914} INFO - Processing file /home/airflow/.local/lib/python3.12/site-packages/airflow/example_dags/example_dynamic_task_mapping.py for tasks to queue
[2024-11-25T02:02:08.766+0000] {logging_mixin.py:190} INFO - [2024-11-25T02:02:08.766+0000] {dagbag.py:588} INFO - Filling up the DagBag from /home/airflow/.local/lib/python3.12/site-packages/airflow/example_dags/example_dynamic_task_mapping.py
[2024-11-25T02:02:08.776+0000] {processor.py:925} INFO - DAG(s) 'example_dynamic_task_mapping' retrieved from /home/airflow/.local/lib/python3.12/site-packages/airflow/example_dags/example_dynamic_task_mapping.py
[2024-11-25T02:02:08.793+0000] {logging_mixin.py:190} INFO - [2024-11-25T02:02:08.793+0000] {dag.py:3239} INFO - Sync 1 DAGs
[2024-11-25T02:02:08.806+0000] {logging_mixin.py:190} INFO - [2024-11-25T02:02:08.806+0000] {dag.py:4180} INFO - Setting next_dagrun for example_dynamic_task_mapping to None, run_after=None
[2024-11-25T02:02:08.823+0000] {processor.py:208} INFO - Processing /home/airflow/.local/lib/python3.12/site-packages/airflow/example_dags/example_dynamic_task_mapping.py took 0.068 seconds
[2024-11-25T02:02:38.898+0000] {processor.py:186} INFO - Started process (PID=1018) to work on /home/airflow/.local/lib/python3.12/site-packages/airflow/example_dags/example_dynamic_task_mapping.py
[2024-11-25T02:02:38.899+0000] {processor.py:914} INFO - Processing file /home/airflow/.local/lib/python3.12/site-packages/airflow/example_dags/example_dynamic_task_mapping.py for tasks to queue
[2024-11-25T02:02:38.903+0000] {logging_mixin.py:190} INFO - [2024-11-25T02:02:38.903+0000] {dagbag.py:588} INFO - Filling up the DagBag from /home/airflow/.local/lib/python3.12/site-packages/airflow/example_dags/example_dynamic_task_mapping.py
[2024-11-25T02:02:38.915+0000] {processor.py:925} INFO - DAG(s) 'example_dynamic_task_mapping' retrieved from /home/airflow/.local/lib/python3.12/site-packages/airflow/example_dags/example_dynamic_task_mapping.py
[2024-11-25T02:02:38.938+0000] {logging_mixin.py:190} INFO - [2024-11-25T02:02:38.938+0000] {dag.py:3239} INFO - Sync 1 DAGs
[2024-11-25T02:02:38.956+0000] {logging_mixin.py:190} INFO - [2024-11-25T02:02:38.956+0000] {dag.py:4180} INFO - Setting next_dagrun for example_dynamic_task_mapping to None, run_after=None
[2024-11-25T02:02:38.979+0000] {processor.py:208} INFO - Processing /home/airflow/.local/lib/python3.12/site-packages/airflow/example_dags/example_dynamic_task_mapping.py took 0.090 seconds
[2024-11-25T02:03:09.428+0000] {processor.py:186} INFO - Started process (PID=1083) to work on /home/airflow/.local/lib/python3.12/site-packages/airflow/example_dags/example_dynamic_task_mapping.py
[2024-11-25T02:03:09.429+0000] {processor.py:914} INFO - Processing file /home/airflow/.local/lib/python3.12/site-packages/airflow/example_dags/example_dynamic_task_mapping.py for tasks to queue
[2024-11-25T02:03:09.431+0000] {logging_mixin.py:190} INFO - [2024-11-25T02:03:09.431+0000] {dagbag.py:588} INFO - Filling up the DagBag from /home/airflow/.local/lib/python3.12/site-packages/airflow/example_dags/example_dynamic_task_mapping.py
[2024-11-25T02:03:09.441+0000] {processor.py:925} INFO - DAG(s) 'example_dynamic_task_mapping' retrieved from /home/airflow/.local/lib/python3.12/site-packages/airflow/example_dags/example_dynamic_task_mapping.py
[2024-11-25T02:03:09.462+0000] {logging_mixin.py:190} INFO - [2024-11-25T02:03:09.462+0000] {dag.py:3239} INFO - Sync 1 DAGs
[2024-11-25T02:03:09.479+0000] {logging_mixin.py:190} INFO - [2024-11-25T02:03:09.479+0000] {dag.py:4180} INFO - Setting next_dagrun for example_dynamic_task_mapping to None, run_after=None
[2024-11-25T02:03:09.505+0000] {processor.py:208} INFO - Processing /home/airflow/.local/lib/python3.12/site-packages/airflow/example_dags/example_dynamic_task_mapping.py took 0.083 seconds
[2024-11-25T02:03:39.731+0000] {processor.py:186} INFO - Started process (PID=1147) to work on /home/airflow/.local/lib/python3.12/site-packages/airflow/example_dags/example_dynamic_task_mapping.py
[2024-11-25T02:03:39.732+0000] {processor.py:914} INFO - Processing file /home/airflow/.local/lib/python3.12/site-packages/airflow/example_dags/example_dynamic_task_mapping.py for tasks to queue
[2024-11-25T02:03:39.735+0000] {logging_mixin.py:190} INFO - [2024-11-25T02:03:39.735+0000] {dagbag.py:588} INFO - Filling up the DagBag from /home/airflow/.local/lib/python3.12/site-packages/airflow/example_dags/example_dynamic_task_mapping.py
[2024-11-25T02:03:39.747+0000] {processor.py:925} INFO - DAG(s) 'example_dynamic_task_mapping' retrieved from /home/airflow/.local/lib/python3.12/site-packages/airflow/example_dags/example_dynamic_task_mapping.py
[2024-11-25T02:03:39.775+0000] {logging_mixin.py:190} INFO - [2024-11-25T02:03:39.774+0000] {dag.py:3239} INFO - Sync 1 DAGs
[2024-11-25T02:03:39.795+0000] {logging_mixin.py:190} INFO - [2024-11-25T02:03:39.794+0000] {dag.py:4180} INFO - Setting next_dagrun for example_dynamic_task_mapping to None, run_after=None
[2024-11-25T02:03:39.825+0000] {processor.py:208} INFO - Processing /home/airflow/.local/lib/python3.12/site-packages/airflow/example_dags/example_dynamic_task_mapping.py took 0.102 seconds
[2024-11-25T02:04:10.339+0000] {processor.py:186} INFO - Started process (PID=1211) to work on /home/airflow/.local/lib/python3.12/site-packages/airflow/example_dags/example_dynamic_task_mapping.py
[2024-11-25T02:04:10.340+0000] {processor.py:914} INFO - Processing file /home/airflow/.local/lib/python3.12/site-packages/airflow/example_dags/example_dynamic_task_mapping.py for tasks to queue
[2024-11-25T02:04:10.342+0000] {logging_mixin.py:190} INFO - [2024-11-25T02:04:10.342+0000] {dagbag.py:588} INFO - Filling up the DagBag from /home/airflow/.local/lib/python3.12/site-packages/airflow/example_dags/example_dynamic_task_mapping.py
[2024-11-25T02:04:10.350+0000] {processor.py:925} INFO - DAG(s) 'example_dynamic_task_mapping' retrieved from /home/airflow/.local/lib/python3.12/site-packages/airflow/example_dags/example_dynamic_task_mapping.py
[2024-11-25T02:04:10.367+0000] {logging_mixin.py:190} INFO - [2024-11-25T02:04:10.367+0000] {dag.py:3239} INFO - Sync 1 DAGs
[2024-11-25T02:04:10.384+0000] {logging_mixin.py:190} INFO - [2024-11-25T02:04:10.384+0000] {dag.py:4180} INFO - Setting next_dagrun for example_dynamic_task_mapping to None, run_after=None
[2024-11-25T02:04:10.401+0000] {processor.py:208} INFO - Processing /home/airflow/.local/lib/python3.12/site-packages/airflow/example_dags/example_dynamic_task_mapping.py took 0.067 seconds
[2024-11-25T02:04:40.884+0000] {processor.py:186} INFO - Started process (PID=1275) to work on /home/airflow/.local/lib/python3.12/site-packages/airflow/example_dags/example_dynamic_task_mapping.py
[2024-11-25T02:04:40.886+0000] {processor.py:914} INFO - Processing file /home/airflow/.local/lib/python3.12/site-packages/airflow/example_dags/example_dynamic_task_mapping.py for tasks to queue
[2024-11-25T02:04:40.888+0000] {logging_mixin.py:190} INFO - [2024-11-25T02:04:40.888+0000] {dagbag.py:588} INFO - Filling up the DagBag from /home/airflow/.local/lib/python3.12/site-packages/airflow/example_dags/example_dynamic_task_mapping.py
[2024-11-25T02:04:40.897+0000] {processor.py:925} INFO - DAG(s) 'example_dynamic_task_mapping' retrieved from /home/airflow/.local/lib/python3.12/site-packages/airflow/example_dags/example_dynamic_task_mapping.py
[2024-11-25T02:04:40.921+0000] {logging_mixin.py:190} INFO - [2024-11-25T02:04:40.921+0000] {dag.py:3239} INFO - Sync 1 DAGs
[2024-11-25T02:04:40.944+0000] {logging_mixin.py:190} INFO - [2024-11-25T02:04:40.944+0000] {dag.py:4180} INFO - Setting next_dagrun for example_dynamic_task_mapping to None, run_after=None
[2024-11-25T02:04:40.970+0000] {processor.py:208} INFO - Processing /home/airflow/.local/lib/python3.12/site-packages/airflow/example_dags/example_dynamic_task_mapping.py took 0.092 seconds
[2024-11-25T02:05:11.734+0000] {processor.py:186} INFO - Started process (PID=1339) to work on /home/airflow/.local/lib/python3.12/site-packages/airflow/example_dags/example_dynamic_task_mapping.py
[2024-11-25T02:05:11.735+0000] {processor.py:914} INFO - Processing file /home/airflow/.local/lib/python3.12/site-packages/airflow/example_dags/example_dynamic_task_mapping.py for tasks to queue
[2024-11-25T02:05:11.737+0000] {logging_mixin.py:190} INFO - [2024-11-25T02:05:11.737+0000] {dagbag.py:588} INFO - Filling up the DagBag from /home/airflow/.local/lib/python3.12/site-packages/airflow/example_dags/example_dynamic_task_mapping.py
[2024-11-25T02:05:11.745+0000] {processor.py:925} INFO - DAG(s) 'example_dynamic_task_mapping' retrieved from /home/airflow/.local/lib/python3.12/site-packages/airflow/example_dags/example_dynamic_task_mapping.py
[2024-11-25T02:05:11.767+0000] {logging_mixin.py:190} INFO - [2024-11-25T02:05:11.766+0000] {dag.py:3239} INFO - Sync 1 DAGs
[2024-11-25T02:05:11.782+0000] {logging_mixin.py:190} INFO - [2024-11-25T02:05:11.781+0000] {dag.py:4180} INFO - Setting next_dagrun for example_dynamic_task_mapping to None, run_after=None
[2024-11-25T02:05:11.800+0000] {processor.py:208} INFO - Processing /home/airflow/.local/lib/python3.12/site-packages/airflow/example_dags/example_dynamic_task_mapping.py took 0.071 seconds
[2024-11-25T02:05:42.702+0000] {processor.py:186} INFO - Started process (PID=1403) to work on /home/airflow/.local/lib/python3.12/site-packages/airflow/example_dags/example_dynamic_task_mapping.py
[2024-11-25T02:05:42.703+0000] {processor.py:914} INFO - Processing file /home/airflow/.local/lib/python3.12/site-packages/airflow/example_dags/example_dynamic_task_mapping.py for tasks to queue
[2024-11-25T02:05:42.706+0000] {logging_mixin.py:190} INFO - [2024-11-25T02:05:42.705+0000] {dagbag.py:588} INFO - Filling up the DagBag from /home/airflow/.local/lib/python3.12/site-packages/airflow/example_dags/example_dynamic_task_mapping.py
[2024-11-25T02:05:42.715+0000] {processor.py:925} INFO - DAG(s) 'example_dynamic_task_mapping' retrieved from /home/airflow/.local/lib/python3.12/site-packages/airflow/example_dags/example_dynamic_task_mapping.py
[2024-11-25T02:05:42.738+0000] {logging_mixin.py:190} INFO - [2024-11-25T02:05:42.738+0000] {dag.py:3239} INFO - Sync 1 DAGs
[2024-11-25T02:05:42.756+0000] {logging_mixin.py:190} INFO - [2024-11-25T02:05:42.756+0000] {dag.py:4180} INFO - Setting next_dagrun for example_dynamic_task_mapping to None, run_after=None
[2024-11-25T02:05:42.777+0000] {processor.py:208} INFO - Processing /home/airflow/.local/lib/python3.12/site-packages/airflow/example_dags/example_dynamic_task_mapping.py took 0.083 seconds
[2024-11-25T02:06:12.905+0000] {processor.py:186} INFO - Started process (PID=1467) to work on /home/airflow/.local/lib/python3.12/site-packages/airflow/example_dags/example_dynamic_task_mapping.py
[2024-11-25T02:06:12.906+0000] {processor.py:914} INFO - Processing file /home/airflow/.local/lib/python3.12/site-packages/airflow/example_dags/example_dynamic_task_mapping.py for tasks to queue
[2024-11-25T02:06:12.910+0000] {logging_mixin.py:190} INFO - [2024-11-25T02:06:12.909+0000] {dagbag.py:588} INFO - Filling up the DagBag from /home/airflow/.local/lib/python3.12/site-packages/airflow/example_dags/example_dynamic_task_mapping.py
[2024-11-25T02:06:12.922+0000] {processor.py:925} INFO - DAG(s) 'example_dynamic_task_mapping' retrieved from /home/airflow/.local/lib/python3.12/site-packages/airflow/example_dags/example_dynamic_task_mapping.py
[2024-11-25T02:06:12.943+0000] {logging_mixin.py:190} INFO - [2024-11-25T02:06:12.943+0000] {dag.py:3239} INFO - Sync 1 DAGs
[2024-11-25T02:06:12.959+0000] {logging_mixin.py:190} INFO - [2024-11-25T02:06:12.959+0000] {dag.py:4180} INFO - Setting next_dagrun for example_dynamic_task_mapping to None, run_after=None
[2024-11-25T02:06:12.983+0000] {processor.py:208} INFO - Processing /home/airflow/.local/lib/python3.12/site-packages/airflow/example_dags/example_dynamic_task_mapping.py took 0.086 seconds
[2024-11-25T02:06:43.591+0000] {processor.py:186} INFO - Started process (PID=1532) to work on /home/airflow/.local/lib/python3.12/site-packages/airflow/example_dags/example_dynamic_task_mapping.py
[2024-11-25T02:06:43.593+0000] {processor.py:914} INFO - Processing file /home/airflow/.local/lib/python3.12/site-packages/airflow/example_dags/example_dynamic_task_mapping.py for tasks to queue
[2024-11-25T02:06:43.595+0000] {logging_mixin.py:190} INFO - [2024-11-25T02:06:43.595+0000] {dagbag.py:588} INFO - Filling up the DagBag from /home/airflow/.local/lib/python3.12/site-packages/airflow/example_dags/example_dynamic_task_mapping.py
[2024-11-25T02:06:43.604+0000] {processor.py:925} INFO - DAG(s) 'example_dynamic_task_mapping' retrieved from /home/airflow/.local/lib/python3.12/site-packages/airflow/example_dags/example_dynamic_task_mapping.py
[2024-11-25T02:06:43.627+0000] {logging_mixin.py:190} INFO - [2024-11-25T02:06:43.627+0000] {dag.py:3239} INFO - Sync 1 DAGs
[2024-11-25T02:06:43.646+0000] {logging_mixin.py:190} INFO - [2024-11-25T02:06:43.646+0000] {dag.py:4180} INFO - Setting next_dagrun for example_dynamic_task_mapping to None, run_after=None
[2024-11-25T02:06:43.673+0000] {processor.py:208} INFO - Processing /home/airflow/.local/lib/python3.12/site-packages/airflow/example_dags/example_dynamic_task_mapping.py took 0.089 seconds
[2024-11-25T02:07:13.848+0000] {processor.py:186} INFO - Started process (PID=1596) to work on /home/airflow/.local/lib/python3.12/site-packages/airflow/example_dags/example_dynamic_task_mapping.py
[2024-11-25T02:07:13.854+0000] {processor.py:914} INFO - Processing file /home/airflow/.local/lib/python3.12/site-packages/airflow/example_dags/example_dynamic_task_mapping.py for tasks to queue
[2024-11-25T02:07:13.860+0000] {logging_mixin.py:190} INFO - [2024-11-25T02:07:13.859+0000] {dagbag.py:588} INFO - Filling up the DagBag from /home/airflow/.local/lib/python3.12/site-packages/airflow/example_dags/example_dynamic_task_mapping.py
[2024-11-25T02:07:13.883+0000] {processor.py:925} INFO - DAG(s) 'example_dynamic_task_mapping' retrieved from /home/airflow/.local/lib/python3.12/site-packages/airflow/example_dags/example_dynamic_task_mapping.py
[2024-11-25T02:07:13.933+0000] {logging_mixin.py:190} INFO - [2024-11-25T02:07:13.928+0000] {dag.py:3239} INFO - Sync 1 DAGs
[2024-11-25T02:07:13.984+0000] {logging_mixin.py:190} INFO - [2024-11-25T02:07:13.983+0000] {dag.py:4180} INFO - Setting next_dagrun for example_dynamic_task_mapping to None, run_after=None
[2024-11-25T02:07:14.042+0000] {processor.py:208} INFO - Processing /home/airflow/.local/lib/python3.12/site-packages/airflow/example_dags/example_dynamic_task_mapping.py took 0.205 seconds
[2024-11-25T02:07:44.511+0000] {processor.py:186} INFO - Started process (PID=1660) to work on /home/airflow/.local/lib/python3.12/site-packages/airflow/example_dags/example_dynamic_task_mapping.py
[2024-11-25T02:07:44.512+0000] {processor.py:914} INFO - Processing file /home/airflow/.local/lib/python3.12/site-packages/airflow/example_dags/example_dynamic_task_mapping.py for tasks to queue
[2024-11-25T02:07:44.515+0000] {logging_mixin.py:190} INFO - [2024-11-25T02:07:44.515+0000] {dagbag.py:588} INFO - Filling up the DagBag from /home/airflow/.local/lib/python3.12/site-packages/airflow/example_dags/example_dynamic_task_mapping.py
[2024-11-25T02:07:44.526+0000] {processor.py:925} INFO - DAG(s) 'example_dynamic_task_mapping' retrieved from /home/airflow/.local/lib/python3.12/site-packages/airflow/example_dags/example_dynamic_task_mapping.py
[2024-11-25T02:07:44.547+0000] {logging_mixin.py:190} INFO - [2024-11-25T02:07:44.547+0000] {dag.py:3239} INFO - Sync 1 DAGs
[2024-11-25T02:07:44.563+0000] {logging_mixin.py:190} INFO - [2024-11-25T02:07:44.563+0000] {dag.py:4180} INFO - Setting next_dagrun for example_dynamic_task_mapping to None, run_after=None
[2024-11-25T02:07:44.587+0000] {processor.py:208} INFO - Processing /home/airflow/.local/lib/python3.12/site-packages/airflow/example_dags/example_dynamic_task_mapping.py took 0.083 seconds
[2024-11-25T02:08:15.316+0000] {processor.py:186} INFO - Started process (PID=1724) to work on /home/airflow/.local/lib/python3.12/site-packages/airflow/example_dags/example_dynamic_task_mapping.py
[2024-11-25T02:08:15.317+0000] {processor.py:914} INFO - Processing file /home/airflow/.local/lib/python3.12/site-packages/airflow/example_dags/example_dynamic_task_mapping.py for tasks to queue
[2024-11-25T02:08:15.319+0000] {logging_mixin.py:190} INFO - [2024-11-25T02:08:15.319+0000] {dagbag.py:588} INFO - Filling up the DagBag from /home/airflow/.local/lib/python3.12/site-packages/airflow/example_dags/example_dynamic_task_mapping.py
[2024-11-25T02:08:15.328+0000] {processor.py:925} INFO - DAG(s) 'example_dynamic_task_mapping' retrieved from /home/airflow/.local/lib/python3.12/site-packages/airflow/example_dags/example_dynamic_task_mapping.py
[2024-11-25T02:08:15.349+0000] {logging_mixin.py:190} INFO - [2024-11-25T02:08:15.349+0000] {dag.py:3239} INFO - Sync 1 DAGs
[2024-11-25T02:08:15.365+0000] {logging_mixin.py:190} INFO - [2024-11-25T02:08:15.364+0000] {dag.py:4180} INFO - Setting next_dagrun for example_dynamic_task_mapping to None, run_after=None
[2024-11-25T02:08:15.386+0000] {processor.py:208} INFO - Processing /home/airflow/.local/lib/python3.12/site-packages/airflow/example_dags/example_dynamic_task_mapping.py took 0.078 seconds
[2024-11-25T02:08:46.079+0000] {processor.py:186} INFO - Started process (PID=1788) to work on /home/airflow/.local/lib/python3.12/site-packages/airflow/example_dags/example_dynamic_task_mapping.py
[2024-11-25T02:08:46.080+0000] {processor.py:914} INFO - Processing file /home/airflow/.local/lib/python3.12/site-packages/airflow/example_dags/example_dynamic_task_mapping.py for tasks to queue
[2024-11-25T02:08:46.084+0000] {logging_mixin.py:190} INFO - [2024-11-25T02:08:46.084+0000] {dagbag.py:588} INFO - Filling up the DagBag from /home/airflow/.local/lib/python3.12/site-packages/airflow/example_dags/example_dynamic_task_mapping.py
[2024-11-25T02:08:46.097+0000] {processor.py:925} INFO - DAG(s) 'example_dynamic_task_mapping' retrieved from /home/airflow/.local/lib/python3.12/site-packages/airflow/example_dags/example_dynamic_task_mapping.py
[2024-11-25T02:08:46.119+0000] {logging_mixin.py:190} INFO - [2024-11-25T02:08:46.119+0000] {dag.py:3239} INFO - Sync 1 DAGs
[2024-11-25T02:08:46.139+0000] {logging_mixin.py:190} INFO - [2024-11-25T02:08:46.139+0000] {dag.py:4180} INFO - Setting next_dagrun for example_dynamic_task_mapping to None, run_after=None
[2024-11-25T02:08:46.169+0000] {processor.py:208} INFO - Processing /home/airflow/.local/lib/python3.12/site-packages/airflow/example_dags/example_dynamic_task_mapping.py took 0.098 seconds
[2024-11-25T02:09:16.642+0000] {processor.py:186} INFO - Started process (PID=1852) to work on /home/airflow/.local/lib/python3.12/site-packages/airflow/example_dags/example_dynamic_task_mapping.py
[2024-11-25T02:09:16.643+0000] {processor.py:914} INFO - Processing file /home/airflow/.local/lib/python3.12/site-packages/airflow/example_dags/example_dynamic_task_mapping.py for tasks to queue
[2024-11-25T02:09:16.646+0000] {logging_mixin.py:190} INFO - [2024-11-25T02:09:16.645+0000] {dagbag.py:588} INFO - Filling up the DagBag from /home/airflow/.local/lib/python3.12/site-packages/airflow/example_dags/example_dynamic_task_mapping.py
[2024-11-25T02:09:16.657+0000] {processor.py:925} INFO - DAG(s) 'example_dynamic_task_mapping' retrieved from /home/airflow/.local/lib/python3.12/site-packages/airflow/example_dags/example_dynamic_task_mapping.py
[2024-11-25T02:09:16.677+0000] {logging_mixin.py:190} INFO - [2024-11-25T02:09:16.677+0000] {dag.py:3239} INFO - Sync 1 DAGs
[2024-11-25T02:09:16.698+0000] {logging_mixin.py:190} INFO - [2024-11-25T02:09:16.697+0000] {dag.py:4180} INFO - Setting next_dagrun for example_dynamic_task_mapping to None, run_after=None
[2024-11-25T02:09:16.715+0000] {processor.py:208} INFO - Processing /home/airflow/.local/lib/python3.12/site-packages/airflow/example_dags/example_dynamic_task_mapping.py took 0.079 seconds
[2024-11-25T02:09:46.881+0000] {processor.py:186} INFO - Started process (PID=1916) to work on /home/airflow/.local/lib/python3.12/site-packages/airflow/example_dags/example_dynamic_task_mapping.py
[2024-11-25T02:09:46.881+0000] {processor.py:914} INFO - Processing file /home/airflow/.local/lib/python3.12/site-packages/airflow/example_dags/example_dynamic_task_mapping.py for tasks to queue
[2024-11-25T02:09:46.884+0000] {logging_mixin.py:190} INFO - [2024-11-25T02:09:46.884+0000] {dagbag.py:588} INFO - Filling up the DagBag from /home/airflow/.local/lib/python3.12/site-packages/airflow/example_dags/example_dynamic_task_mapping.py
[2024-11-25T02:09:46.893+0000] {processor.py:925} INFO - DAG(s) 'example_dynamic_task_mapping' retrieved from /home/airflow/.local/lib/python3.12/site-packages/airflow/example_dags/example_dynamic_task_mapping.py
[2024-11-25T02:09:46.915+0000] {logging_mixin.py:190} INFO - [2024-11-25T02:09:46.914+0000] {dag.py:3239} INFO - Sync 1 DAGs
[2024-11-25T02:09:46.931+0000] {logging_mixin.py:190} INFO - [2024-11-25T02:09:46.931+0000] {dag.py:4180} INFO - Setting next_dagrun for example_dynamic_task_mapping to None, run_after=None
[2024-11-25T02:09:46.953+0000] {processor.py:208} INFO - Processing /home/airflow/.local/lib/python3.12/site-packages/airflow/example_dags/example_dynamic_task_mapping.py took 0.079 seconds
[2024-11-25T02:10:17.986+0000] {processor.py:186} INFO - Started process (PID=1980) to work on /home/airflow/.local/lib/python3.12/site-packages/airflow/example_dags/example_dynamic_task_mapping.py
[2024-11-25T02:10:17.987+0000] {processor.py:914} INFO - Processing file /home/airflow/.local/lib/python3.12/site-packages/airflow/example_dags/example_dynamic_task_mapping.py for tasks to queue
[2024-11-25T02:10:17.989+0000] {logging_mixin.py:190} INFO - [2024-11-25T02:10:17.989+0000] {dagbag.py:588} INFO - Filling up the DagBag from /home/airflow/.local/lib/python3.12/site-packages/airflow/example_dags/example_dynamic_task_mapping.py
[2024-11-25T02:10:17.997+0000] {processor.py:925} INFO - DAG(s) 'example_dynamic_task_mapping' retrieved from /home/airflow/.local/lib/python3.12/site-packages/airflow/example_dags/example_dynamic_task_mapping.py
[2024-11-25T02:10:18.020+0000] {logging_mixin.py:190} INFO - [2024-11-25T02:10:18.020+0000] {dag.py:3239} INFO - Sync 1 DAGs
[2024-11-25T02:10:18.035+0000] {logging_mixin.py:190} INFO - [2024-11-25T02:10:18.035+0000] {dag.py:4180} INFO - Setting next_dagrun for example_dynamic_task_mapping to None, run_after=None
[2024-11-25T02:10:18.056+0000] {processor.py:208} INFO - Processing /home/airflow/.local/lib/python3.12/site-packages/airflow/example_dags/example_dynamic_task_mapping.py took 0.075 seconds
[2024-11-25T02:10:48.408+0000] {processor.py:186} INFO - Started process (PID=2044) to work on /home/airflow/.local/lib/python3.12/site-packages/airflow/example_dags/example_dynamic_task_mapping.py
[2024-11-25T02:10:48.408+0000] {processor.py:914} INFO - Processing file /home/airflow/.local/lib/python3.12/site-packages/airflow/example_dags/example_dynamic_task_mapping.py for tasks to queue
[2024-11-25T02:10:48.411+0000] {logging_mixin.py:190} INFO - [2024-11-25T02:10:48.411+0000] {dagbag.py:588} INFO - Filling up the DagBag from /home/airflow/.local/lib/python3.12/site-packages/airflow/example_dags/example_dynamic_task_mapping.py
[2024-11-25T02:10:48.419+0000] {processor.py:925} INFO - DAG(s) 'example_dynamic_task_mapping' retrieved from /home/airflow/.local/lib/python3.12/site-packages/airflow/example_dags/example_dynamic_task_mapping.py
[2024-11-25T02:10:48.437+0000] {logging_mixin.py:190} INFO - [2024-11-25T02:10:48.436+0000] {dag.py:3239} INFO - Sync 1 DAGs
[2024-11-25T02:10:48.450+0000] {logging_mixin.py:190} INFO - [2024-11-25T02:10:48.450+0000] {dag.py:4180} INFO - Setting next_dagrun for example_dynamic_task_mapping to None, run_after=None
[2024-11-25T02:10:48.469+0000] {processor.py:208} INFO - Processing /home/airflow/.local/lib/python3.12/site-packages/airflow/example_dags/example_dynamic_task_mapping.py took 0.066 seconds
[2024-11-25T02:11:18.705+0000] {processor.py:186} INFO - Started process (PID=2109) to work on /home/airflow/.local/lib/python3.12/site-packages/airflow/example_dags/example_dynamic_task_mapping.py
[2024-11-25T02:11:18.707+0000] {processor.py:914} INFO - Processing file /home/airflow/.local/lib/python3.12/site-packages/airflow/example_dags/example_dynamic_task_mapping.py for tasks to queue
[2024-11-25T02:11:18.711+0000] {logging_mixin.py:190} INFO - [2024-11-25T02:11:18.710+0000] {dagbag.py:588} INFO - Filling up the DagBag from /home/airflow/.local/lib/python3.12/site-packages/airflow/example_dags/example_dynamic_task_mapping.py
[2024-11-25T02:11:18.727+0000] {processor.py:925} INFO - DAG(s) 'example_dynamic_task_mapping' retrieved from /home/airflow/.local/lib/python3.12/site-packages/airflow/example_dags/example_dynamic_task_mapping.py
[2024-11-25T02:11:18.764+0000] {logging_mixin.py:190} INFO - [2024-11-25T02:11:18.763+0000] {dag.py:3239} INFO - Sync 1 DAGs
[2024-11-25T02:11:18.787+0000] {logging_mixin.py:190} INFO - [2024-11-25T02:11:18.787+0000] {dag.py:4180} INFO - Setting next_dagrun for example_dynamic_task_mapping to None, run_after=None
[2024-11-25T02:11:18.815+0000] {processor.py:208} INFO - Processing /home/airflow/.local/lib/python3.12/site-packages/airflow/example_dags/example_dynamic_task_mapping.py took 0.119 seconds
[2024-11-25T02:11:49.589+0000] {processor.py:186} INFO - Started process (PID=2173) to work on /home/airflow/.local/lib/python3.12/site-packages/airflow/example_dags/example_dynamic_task_mapping.py
[2024-11-25T02:11:49.590+0000] {processor.py:914} INFO - Processing file /home/airflow/.local/lib/python3.12/site-packages/airflow/example_dags/example_dynamic_task_mapping.py for tasks to queue
[2024-11-25T02:11:49.592+0000] {logging_mixin.py:190} INFO - [2024-11-25T02:11:49.592+0000] {dagbag.py:588} INFO - Filling up the DagBag from /home/airflow/.local/lib/python3.12/site-packages/airflow/example_dags/example_dynamic_task_mapping.py
[2024-11-25T02:11:49.602+0000] {processor.py:925} INFO - DAG(s) 'example_dynamic_task_mapping' retrieved from /home/airflow/.local/lib/python3.12/site-packages/airflow/example_dags/example_dynamic_task_mapping.py
[2024-11-25T02:11:49.637+0000] {logging_mixin.py:190} INFO - [2024-11-25T02:11:49.637+0000] {dag.py:3239} INFO - Sync 1 DAGs
[2024-11-25T02:11:49.680+0000] {logging_mixin.py:190} INFO - [2024-11-25T02:11:49.679+0000] {dag.py:4180} INFO - Setting next_dagrun for example_dynamic_task_mapping to None, run_after=None
[2024-11-25T02:11:49.725+0000] {processor.py:208} INFO - Processing /home/airflow/.local/lib/python3.12/site-packages/airflow/example_dags/example_dynamic_task_mapping.py took 0.142 seconds
[2024-11-25T02:12:20.478+0000] {processor.py:186} INFO - Started process (PID=2236) to work on /home/airflow/.local/lib/python3.12/site-packages/airflow/example_dags/example_dynamic_task_mapping.py
[2024-11-25T02:12:20.480+0000] {processor.py:914} INFO - Processing file /home/airflow/.local/lib/python3.12/site-packages/airflow/example_dags/example_dynamic_task_mapping.py for tasks to queue
[2024-11-25T02:12:20.482+0000] {logging_mixin.py:190} INFO - [2024-11-25T02:12:20.482+0000] {dagbag.py:588} INFO - Filling up the DagBag from /home/airflow/.local/lib/python3.12/site-packages/airflow/example_dags/example_dynamic_task_mapping.py
[2024-11-25T02:12:20.494+0000] {processor.py:925} INFO - DAG(s) 'example_dynamic_task_mapping' retrieved from /home/airflow/.local/lib/python3.12/site-packages/airflow/example_dags/example_dynamic_task_mapping.py
[2024-11-25T02:12:20.515+0000] {logging_mixin.py:190} INFO - [2024-11-25T02:12:20.515+0000] {dag.py:3239} INFO - Sync 1 DAGs
[2024-11-25T02:12:20.532+0000] {logging_mixin.py:190} INFO - [2024-11-25T02:12:20.532+0000] {dag.py:4180} INFO - Setting next_dagrun for example_dynamic_task_mapping to None, run_after=None
[2024-11-25T02:12:20.553+0000] {processor.py:208} INFO - Processing /home/airflow/.local/lib/python3.12/site-packages/airflow/example_dags/example_dynamic_task_mapping.py took 0.080 seconds
[2024-11-25T02:12:51.598+0000] {processor.py:186} INFO - Started process (PID=2300) to work on /home/airflow/.local/lib/python3.12/site-packages/airflow/example_dags/example_dynamic_task_mapping.py
[2024-11-25T02:12:51.600+0000] {processor.py:914} INFO - Processing file /home/airflow/.local/lib/python3.12/site-packages/airflow/example_dags/example_dynamic_task_mapping.py for tasks to queue
[2024-11-25T02:12:51.603+0000] {logging_mixin.py:190} INFO - [2024-11-25T02:12:51.603+0000] {dagbag.py:588} INFO - Filling up the DagBag from /home/airflow/.local/lib/python3.12/site-packages/airflow/example_dags/example_dynamic_task_mapping.py
[2024-11-25T02:12:51.617+0000] {processor.py:925} INFO - DAG(s) 'example_dynamic_task_mapping' retrieved from /home/airflow/.local/lib/python3.12/site-packages/airflow/example_dags/example_dynamic_task_mapping.py
[2024-11-25T02:12:51.649+0000] {logging_mixin.py:190} INFO - [2024-11-25T02:12:51.648+0000] {dag.py:3239} INFO - Sync 1 DAGs
[2024-11-25T02:12:51.673+0000] {logging_mixin.py:190} INFO - [2024-11-25T02:12:51.672+0000] {dag.py:4180} INFO - Setting next_dagrun for example_dynamic_task_mapping to None, run_after=None
[2024-11-25T02:12:51.702+0000] {processor.py:208} INFO - Processing /home/airflow/.local/lib/python3.12/site-packages/airflow/example_dags/example_dynamic_task_mapping.py took 0.113 seconds
[2024-11-25T02:13:21.898+0000] {processor.py:186} INFO - Started process (PID=2364) to work on /home/airflow/.local/lib/python3.12/site-packages/airflow/example_dags/example_dynamic_task_mapping.py
[2024-11-25T02:13:21.899+0000] {processor.py:914} INFO - Processing file /home/airflow/.local/lib/python3.12/site-packages/airflow/example_dags/example_dynamic_task_mapping.py for tasks to queue
[2024-11-25T02:13:21.903+0000] {logging_mixin.py:190} INFO - [2024-11-25T02:13:21.902+0000] {dagbag.py:588} INFO - Filling up the DagBag from /home/airflow/.local/lib/python3.12/site-packages/airflow/example_dags/example_dynamic_task_mapping.py
[2024-11-25T02:13:21.916+0000] {processor.py:925} INFO - DAG(s) 'example_dynamic_task_mapping' retrieved from /home/airflow/.local/lib/python3.12/site-packages/airflow/example_dags/example_dynamic_task_mapping.py
[2024-11-25T02:13:21.951+0000] {logging_mixin.py:190} INFO - [2024-11-25T02:13:21.950+0000] {dag.py:3239} INFO - Sync 1 DAGs
[2024-11-25T02:13:21.973+0000] {logging_mixin.py:190} INFO - [2024-11-25T02:13:21.973+0000] {dag.py:4180} INFO - Setting next_dagrun for example_dynamic_task_mapping to None, run_after=None
[2024-11-25T02:13:21.997+0000] {processor.py:208} INFO - Processing /home/airflow/.local/lib/python3.12/site-packages/airflow/example_dags/example_dynamic_task_mapping.py took 0.108 seconds
[2024-11-25T02:13:52.522+0000] {processor.py:186} INFO - Started process (PID=2429) to work on /home/airflow/.local/lib/python3.12/site-packages/airflow/example_dags/example_dynamic_task_mapping.py
[2024-11-25T02:13:52.523+0000] {processor.py:914} INFO - Processing file /home/airflow/.local/lib/python3.12/site-packages/airflow/example_dags/example_dynamic_task_mapping.py for tasks to queue
[2024-11-25T02:13:52.526+0000] {logging_mixin.py:190} INFO - [2024-11-25T02:13:52.526+0000] {dagbag.py:588} INFO - Filling up the DagBag from /home/airflow/.local/lib/python3.12/site-packages/airflow/example_dags/example_dynamic_task_mapping.py
[2024-11-25T02:13:52.537+0000] {processor.py:925} INFO - DAG(s) 'example_dynamic_task_mapping' retrieved from /home/airflow/.local/lib/python3.12/site-packages/airflow/example_dags/example_dynamic_task_mapping.py
[2024-11-25T02:13:52.558+0000] {logging_mixin.py:190} INFO - [2024-11-25T02:13:52.558+0000] {dag.py:3239} INFO - Sync 1 DAGs
[2024-11-25T02:13:52.577+0000] {logging_mixin.py:190} INFO - [2024-11-25T02:13:52.576+0000] {dag.py:4180} INFO - Setting next_dagrun for example_dynamic_task_mapping to None, run_after=None
[2024-11-25T02:13:52.597+0000] {processor.py:208} INFO - Processing /home/airflow/.local/lib/python3.12/site-packages/airflow/example_dags/example_dynamic_task_mapping.py took 0.081 seconds
[2024-11-25T02:14:22.857+0000] {processor.py:186} INFO - Started process (PID=2492) to work on /home/airflow/.local/lib/python3.12/site-packages/airflow/example_dags/example_dynamic_task_mapping.py
[2024-11-25T02:14:22.858+0000] {processor.py:914} INFO - Processing file /home/airflow/.local/lib/python3.12/site-packages/airflow/example_dags/example_dynamic_task_mapping.py for tasks to queue
[2024-11-25T02:14:22.861+0000] {logging_mixin.py:190} INFO - [2024-11-25T02:14:22.860+0000] {dagbag.py:588} INFO - Filling up the DagBag from /home/airflow/.local/lib/python3.12/site-packages/airflow/example_dags/example_dynamic_task_mapping.py
[2024-11-25T02:14:22.870+0000] {processor.py:925} INFO - DAG(s) 'example_dynamic_task_mapping' retrieved from /home/airflow/.local/lib/python3.12/site-packages/airflow/example_dags/example_dynamic_task_mapping.py
[2024-11-25T02:14:22.889+0000] {logging_mixin.py:190} INFO - [2024-11-25T02:14:22.889+0000] {dag.py:3239} INFO - Sync 1 DAGs
[2024-11-25T02:14:22.907+0000] {logging_mixin.py:190} INFO - [2024-11-25T02:14:22.907+0000] {dag.py:4180} INFO - Setting next_dagrun for example_dynamic_task_mapping to None, run_after=None
[2024-11-25T02:14:22.928+0000] {processor.py:208} INFO - Processing /home/airflow/.local/lib/python3.12/site-packages/airflow/example_dags/example_dynamic_task_mapping.py took 0.077 seconds
[2024-11-25T02:14:53.493+0000] {processor.py:186} INFO - Started process (PID=2556) to work on /home/airflow/.local/lib/python3.12/site-packages/airflow/example_dags/example_dynamic_task_mapping.py
[2024-11-25T02:14:53.494+0000] {processor.py:914} INFO - Processing file /home/airflow/.local/lib/python3.12/site-packages/airflow/example_dags/example_dynamic_task_mapping.py for tasks to queue
[2024-11-25T02:14:53.497+0000] {logging_mixin.py:190} INFO - [2024-11-25T02:14:53.497+0000] {dagbag.py:588} INFO - Filling up the DagBag from /home/airflow/.local/lib/python3.12/site-packages/airflow/example_dags/example_dynamic_task_mapping.py
[2024-11-25T02:14:53.509+0000] {processor.py:925} INFO - DAG(s) 'example_dynamic_task_mapping' retrieved from /home/airflow/.local/lib/python3.12/site-packages/airflow/example_dags/example_dynamic_task_mapping.py
[2024-11-25T02:14:53.537+0000] {logging_mixin.py:190} INFO - [2024-11-25T02:14:53.536+0000] {dag.py:3239} INFO - Sync 1 DAGs
[2024-11-25T02:14:53.558+0000] {logging_mixin.py:190} INFO - [2024-11-25T02:14:53.558+0000] {dag.py:4180} INFO - Setting next_dagrun for example_dynamic_task_mapping to None, run_after=None
[2024-11-25T02:14:53.593+0000] {processor.py:208} INFO - Processing /home/airflow/.local/lib/python3.12/site-packages/airflow/example_dags/example_dynamic_task_mapping.py took 0.118 seconds
[2024-11-25T02:15:24.713+0000] {processor.py:186} INFO - Started process (PID=2621) to work on /home/airflow/.local/lib/python3.12/site-packages/airflow/example_dags/example_dynamic_task_mapping.py
[2024-11-25T02:15:24.715+0000] {processor.py:914} INFO - Processing file /home/airflow/.local/lib/python3.12/site-packages/airflow/example_dags/example_dynamic_task_mapping.py for tasks to queue
[2024-11-25T02:15:24.719+0000] {logging_mixin.py:190} INFO - [2024-11-25T02:15:24.718+0000] {dagbag.py:588} INFO - Filling up the DagBag from /home/airflow/.local/lib/python3.12/site-packages/airflow/example_dags/example_dynamic_task_mapping.py
[2024-11-25T02:15:24.728+0000] {processor.py:925} INFO - DAG(s) 'example_dynamic_task_mapping' retrieved from /home/airflow/.local/lib/python3.12/site-packages/airflow/example_dags/example_dynamic_task_mapping.py
[2024-11-25T02:15:24.749+0000] {logging_mixin.py:190} INFO - [2024-11-25T02:15:24.749+0000] {dag.py:3239} INFO - Sync 1 DAGs
[2024-11-25T02:15:24.764+0000] {logging_mixin.py:190} INFO - [2024-11-25T02:15:24.764+0000] {dag.py:4180} INFO - Setting next_dagrun for example_dynamic_task_mapping to None, run_after=None
[2024-11-25T02:15:24.783+0000] {processor.py:208} INFO - Processing /home/airflow/.local/lib/python3.12/site-packages/airflow/example_dags/example_dynamic_task_mapping.py took 0.078 seconds
[2024-11-25T02:15:55.131+0000] {processor.py:186} INFO - Started process (PID=2684) to work on /home/airflow/.local/lib/python3.12/site-packages/airflow/example_dags/example_dynamic_task_mapping.py
[2024-11-25T02:15:55.132+0000] {processor.py:914} INFO - Processing file /home/airflow/.local/lib/python3.12/site-packages/airflow/example_dags/example_dynamic_task_mapping.py for tasks to queue
[2024-11-25T02:15:55.135+0000] {logging_mixin.py:190} INFO - [2024-11-25T02:15:55.134+0000] {dagbag.py:588} INFO - Filling up the DagBag from /home/airflow/.local/lib/python3.12/site-packages/airflow/example_dags/example_dynamic_task_mapping.py
[2024-11-25T02:15:55.144+0000] {processor.py:925} INFO - DAG(s) 'example_dynamic_task_mapping' retrieved from /home/airflow/.local/lib/python3.12/site-packages/airflow/example_dags/example_dynamic_task_mapping.py
[2024-11-25T02:15:55.169+0000] {logging_mixin.py:190} INFO - [2024-11-25T02:15:55.168+0000] {dag.py:3239} INFO - Sync 1 DAGs
[2024-11-25T02:15:55.397+0000] {logging_mixin.py:190} INFO - [2024-11-25T02:15:55.397+0000] {dag.py:4180} INFO - Setting next_dagrun for example_dynamic_task_mapping to None, run_after=None
[2024-11-25T02:15:55.420+0000] {processor.py:208} INFO - Processing /home/airflow/.local/lib/python3.12/site-packages/airflow/example_dags/example_dynamic_task_mapping.py took 0.294 seconds
[2024-11-25T02:16:26.418+0000] {processor.py:186} INFO - Started process (PID=2748) to work on /home/airflow/.local/lib/python3.12/site-packages/airflow/example_dags/example_dynamic_task_mapping.py
[2024-11-25T02:16:26.419+0000] {processor.py:914} INFO - Processing file /home/airflow/.local/lib/python3.12/site-packages/airflow/example_dags/example_dynamic_task_mapping.py for tasks to queue
[2024-11-25T02:16:26.423+0000] {logging_mixin.py:190} INFO - [2024-11-25T02:16:26.423+0000] {dagbag.py:588} INFO - Filling up the DagBag from /home/airflow/.local/lib/python3.12/site-packages/airflow/example_dags/example_dynamic_task_mapping.py
[2024-11-25T02:16:26.432+0000] {processor.py:925} INFO - DAG(s) 'example_dynamic_task_mapping' retrieved from /home/airflow/.local/lib/python3.12/site-packages/airflow/example_dags/example_dynamic_task_mapping.py
[2024-11-25T02:16:26.463+0000] {logging_mixin.py:190} INFO - [2024-11-25T02:16:26.462+0000] {dag.py:3239} INFO - Sync 1 DAGs
[2024-11-25T02:16:26.482+0000] {logging_mixin.py:190} INFO - [2024-11-25T02:16:26.482+0000] {dag.py:4180} INFO - Setting next_dagrun for example_dynamic_task_mapping to None, run_after=None
[2024-11-25T02:16:26.502+0000] {processor.py:208} INFO - Processing /home/airflow/.local/lib/python3.12/site-packages/airflow/example_dags/example_dynamic_task_mapping.py took 0.091 seconds
