[2024-11-25T01:55:11.301+0000] {processor.py:186} INFO - Started process (PID=81) to work on /home/airflow/.local/lib/python3.12/site-packages/airflow/example_dags/example_branch_python_dop_operator_3.py
[2024-11-25T01:55:11.303+0000] {processor.py:914} INFO - Processing file /home/airflow/.local/lib/python3.12/site-packages/airflow/example_dags/example_branch_python_dop_operator_3.py for tasks to queue
[2024-11-25T01:55:11.308+0000] {logging_mixin.py:190} INFO - [2024-11-25T01:55:11.307+0000] {dagbag.py:588} INFO - Filling up the DagBag from /home/airflow/.local/lib/python3.12/site-packages/airflow/example_dags/example_branch_python_dop_operator_3.py
[2024-11-25T01:55:11.396+0000] {processor.py:925} INFO - DAG(s) 'example_branch_dop_operator_v3' retrieved from /home/airflow/.local/lib/python3.12/site-packages/airflow/example_dags/example_branch_python_dop_operator_3.py
[2024-11-25T01:55:11.621+0000] {logging_mixin.py:190} INFO - [2024-11-25T01:55:11.620+0000] {dag.py:3239} INFO - Sync 1 DAGs
[2024-11-25T01:55:11.790+0000] {logging_mixin.py:190} INFO - [2024-11-25T01:55:11.790+0000] {dag.py:4180} INFO - Setting next_dagrun for example_branch_dop_operator_v3 to 2024-11-25 01:54:00+00:00, run_after=2024-11-25 01:55:00+00:00
[2024-11-25T01:55:11.875+0000] {processor.py:208} INFO - Processing /home/airflow/.local/lib/python3.12/site-packages/airflow/example_dags/example_branch_python_dop_operator_3.py took 0.601 seconds
[2024-11-25T01:55:41.977+0000] {processor.py:186} INFO - Started process (PID=146) to work on /home/airflow/.local/lib/python3.12/site-packages/airflow/example_dags/example_branch_python_dop_operator_3.py
[2024-11-25T01:55:41.979+0000] {processor.py:914} INFO - Processing file /home/airflow/.local/lib/python3.12/site-packages/airflow/example_dags/example_branch_python_dop_operator_3.py for tasks to queue
[2024-11-25T01:55:41.983+0000] {logging_mixin.py:190} INFO - [2024-11-25T01:55:41.983+0000] {dagbag.py:588} INFO - Filling up the DagBag from /home/airflow/.local/lib/python3.12/site-packages/airflow/example_dags/example_branch_python_dop_operator_3.py
[2024-11-25T01:55:42.001+0000] {processor.py:925} INFO - DAG(s) 'example_branch_dop_operator_v3' retrieved from /home/airflow/.local/lib/python3.12/site-packages/airflow/example_dags/example_branch_python_dop_operator_3.py
[2024-11-25T01:55:42.032+0000] {logging_mixin.py:190} INFO - [2024-11-25T01:55:42.031+0000] {dag.py:3239} INFO - Sync 1 DAGs
[2024-11-25T01:55:42.078+0000] {logging_mixin.py:190} INFO - [2024-11-25T01:55:42.077+0000] {dag.py:4180} INFO - Setting next_dagrun for example_branch_dop_operator_v3 to 2024-11-25 01:54:00+00:00, run_after=2024-11-25 01:55:00+00:00
[2024-11-25T01:55:42.114+0000] {processor.py:208} INFO - Processing /home/airflow/.local/lib/python3.12/site-packages/airflow/example_dags/example_branch_python_dop_operator_3.py took 0.144 seconds
[2024-11-25T01:56:12.587+0000] {processor.py:186} INFO - Started process (PID=210) to work on /home/airflow/.local/lib/python3.12/site-packages/airflow/example_dags/example_branch_python_dop_operator_3.py
[2024-11-25T01:56:12.588+0000] {processor.py:914} INFO - Processing file /home/airflow/.local/lib/python3.12/site-packages/airflow/example_dags/example_branch_python_dop_operator_3.py for tasks to queue
[2024-11-25T01:56:12.590+0000] {logging_mixin.py:190} INFO - [2024-11-25T01:56:12.590+0000] {dagbag.py:588} INFO - Filling up the DagBag from /home/airflow/.local/lib/python3.12/site-packages/airflow/example_dags/example_branch_python_dop_operator_3.py
[2024-11-25T01:56:12.599+0000] {processor.py:925} INFO - DAG(s) 'example_branch_dop_operator_v3' retrieved from /home/airflow/.local/lib/python3.12/site-packages/airflow/example_dags/example_branch_python_dop_operator_3.py
[2024-11-25T01:56:12.616+0000] {logging_mixin.py:190} INFO - [2024-11-25T01:56:12.616+0000] {dag.py:3239} INFO - Sync 1 DAGs
[2024-11-25T01:56:12.639+0000] {logging_mixin.py:190} INFO - [2024-11-25T01:56:12.638+0000] {dag.py:4180} INFO - Setting next_dagrun for example_branch_dop_operator_v3 to 2024-11-25 01:55:00+00:00, run_after=2024-11-25 01:56:00+00:00
[2024-11-25T01:56:12.657+0000] {processor.py:208} INFO - Processing /home/airflow/.local/lib/python3.12/site-packages/airflow/example_dags/example_branch_python_dop_operator_3.py took 0.074 seconds
[2024-11-25T01:56:44.200+0000] {processor.py:186} INFO - Started process (PID=274) to work on /home/airflow/.local/lib/python3.12/site-packages/airflow/example_dags/example_branch_python_dop_operator_3.py
[2024-11-25T01:56:44.209+0000] {processor.py:914} INFO - Processing file /home/airflow/.local/lib/python3.12/site-packages/airflow/example_dags/example_branch_python_dop_operator_3.py for tasks to queue
[2024-11-25T01:56:44.217+0000] {logging_mixin.py:190} INFO - [2024-11-25T01:56:44.216+0000] {dagbag.py:588} INFO - Filling up the DagBag from /home/airflow/.local/lib/python3.12/site-packages/airflow/example_dags/example_branch_python_dop_operator_3.py
[2024-11-25T01:56:44.261+0000] {processor.py:925} INFO - DAG(s) 'example_branch_dop_operator_v3' retrieved from /home/airflow/.local/lib/python3.12/site-packages/airflow/example_dags/example_branch_python_dop_operator_3.py
[2024-11-25T01:56:44.353+0000] {logging_mixin.py:190} INFO - [2024-11-25T01:56:44.352+0000] {dag.py:3239} INFO - Sync 1 DAGs
[2024-11-25T01:56:44.484+0000] {logging_mixin.py:190} INFO - [2024-11-25T01:56:44.484+0000] {dag.py:4180} INFO - Setting next_dagrun for example_branch_dop_operator_v3 to 2024-11-25 01:55:00+00:00, run_after=2024-11-25 01:56:00+00:00
[2024-11-25T01:56:44.572+0000] {processor.py:208} INFO - Processing /home/airflow/.local/lib/python3.12/site-packages/airflow/example_dags/example_branch_python_dop_operator_3.py took 0.389 seconds
[2024-11-25T01:57:15.392+0000] {processor.py:186} INFO - Started process (PID=338) to work on /home/airflow/.local/lib/python3.12/site-packages/airflow/example_dags/example_branch_python_dop_operator_3.py
[2024-11-25T01:57:15.393+0000] {processor.py:914} INFO - Processing file /home/airflow/.local/lib/python3.12/site-packages/airflow/example_dags/example_branch_python_dop_operator_3.py for tasks to queue
[2024-11-25T01:57:15.396+0000] {logging_mixin.py:190} INFO - [2024-11-25T01:57:15.396+0000] {dagbag.py:588} INFO - Filling up the DagBag from /home/airflow/.local/lib/python3.12/site-packages/airflow/example_dags/example_branch_python_dop_operator_3.py
[2024-11-25T01:57:15.409+0000] {processor.py:925} INFO - DAG(s) 'example_branch_dop_operator_v3' retrieved from /home/airflow/.local/lib/python3.12/site-packages/airflow/example_dags/example_branch_python_dop_operator_3.py
[2024-11-25T01:57:15.432+0000] {logging_mixin.py:190} INFO - [2024-11-25T01:57:15.431+0000] {dag.py:3239} INFO - Sync 1 DAGs
[2024-11-25T01:57:15.465+0000] {logging_mixin.py:190} INFO - [2024-11-25T01:57:15.465+0000] {dag.py:4180} INFO - Setting next_dagrun for example_branch_dop_operator_v3 to 2024-11-25 01:56:00+00:00, run_after=2024-11-25 01:57:00+00:00
[2024-11-25T01:57:15.488+0000] {processor.py:208} INFO - Processing /home/airflow/.local/lib/python3.12/site-packages/airflow/example_dags/example_branch_python_dop_operator_3.py took 0.102 seconds
[2024-11-25T01:57:45.686+0000] {processor.py:186} INFO - Started process (PID=402) to work on /home/airflow/.local/lib/python3.12/site-packages/airflow/example_dags/example_branch_python_dop_operator_3.py
[2024-11-25T01:57:45.687+0000] {processor.py:914} INFO - Processing file /home/airflow/.local/lib/python3.12/site-packages/airflow/example_dags/example_branch_python_dop_operator_3.py for tasks to queue
[2024-11-25T01:57:45.689+0000] {logging_mixin.py:190} INFO - [2024-11-25T01:57:45.689+0000] {dagbag.py:588} INFO - Filling up the DagBag from /home/airflow/.local/lib/python3.12/site-packages/airflow/example_dags/example_branch_python_dop_operator_3.py
[2024-11-25T01:57:45.700+0000] {processor.py:925} INFO - DAG(s) 'example_branch_dop_operator_v3' retrieved from /home/airflow/.local/lib/python3.12/site-packages/airflow/example_dags/example_branch_python_dop_operator_3.py
[2024-11-25T01:57:45.718+0000] {logging_mixin.py:190} INFO - [2024-11-25T01:57:45.718+0000] {dag.py:3239} INFO - Sync 1 DAGs
[2024-11-25T01:57:45.745+0000] {logging_mixin.py:190} INFO - [2024-11-25T01:57:45.745+0000] {dag.py:4180} INFO - Setting next_dagrun for example_branch_dop_operator_v3 to 2024-11-25 01:56:00+00:00, run_after=2024-11-25 01:57:00+00:00
[2024-11-25T01:57:45.770+0000] {processor.py:208} INFO - Processing /home/airflow/.local/lib/python3.12/site-packages/airflow/example_dags/example_branch_python_dop_operator_3.py took 0.090 seconds
[2024-11-25T01:58:16.285+0000] {processor.py:186} INFO - Started process (PID=466) to work on /home/airflow/.local/lib/python3.12/site-packages/airflow/example_dags/example_branch_python_dop_operator_3.py
[2024-11-25T01:58:16.286+0000] {processor.py:914} INFO - Processing file /home/airflow/.local/lib/python3.12/site-packages/airflow/example_dags/example_branch_python_dop_operator_3.py for tasks to queue
[2024-11-25T01:58:16.288+0000] {logging_mixin.py:190} INFO - [2024-11-25T01:58:16.288+0000] {dagbag.py:588} INFO - Filling up the DagBag from /home/airflow/.local/lib/python3.12/site-packages/airflow/example_dags/example_branch_python_dop_operator_3.py
[2024-11-25T01:58:16.298+0000] {processor.py:925} INFO - DAG(s) 'example_branch_dop_operator_v3' retrieved from /home/airflow/.local/lib/python3.12/site-packages/airflow/example_dags/example_branch_python_dop_operator_3.py
[2024-11-25T01:58:16.316+0000] {logging_mixin.py:190} INFO - [2024-11-25T01:58:16.316+0000] {dag.py:3239} INFO - Sync 1 DAGs
[2024-11-25T01:58:16.345+0000] {logging_mixin.py:190} INFO - [2024-11-25T01:58:16.345+0000] {dag.py:4180} INFO - Setting next_dagrun for example_branch_dop_operator_v3 to 2024-11-25 01:57:00+00:00, run_after=2024-11-25 01:58:00+00:00
[2024-11-25T01:58:16.365+0000] {processor.py:208} INFO - Processing /home/airflow/.local/lib/python3.12/site-packages/airflow/example_dags/example_branch_python_dop_operator_3.py took 0.085 seconds
[2024-11-25T01:58:47.135+0000] {processor.py:186} INFO - Started process (PID=530) to work on /home/airflow/.local/lib/python3.12/site-packages/airflow/example_dags/example_branch_python_dop_operator_3.py
[2024-11-25T01:58:47.136+0000] {processor.py:914} INFO - Processing file /home/airflow/.local/lib/python3.12/site-packages/airflow/example_dags/example_branch_python_dop_operator_3.py for tasks to queue
[2024-11-25T01:58:47.138+0000] {logging_mixin.py:190} INFO - [2024-11-25T01:58:47.138+0000] {dagbag.py:588} INFO - Filling up the DagBag from /home/airflow/.local/lib/python3.12/site-packages/airflow/example_dags/example_branch_python_dop_operator_3.py
[2024-11-25T01:58:47.150+0000] {processor.py:925} INFO - DAG(s) 'example_branch_dop_operator_v3' retrieved from /home/airflow/.local/lib/python3.12/site-packages/airflow/example_dags/example_branch_python_dop_operator_3.py
[2024-11-25T01:58:47.172+0000] {logging_mixin.py:190} INFO - [2024-11-25T01:58:47.171+0000] {dag.py:3239} INFO - Sync 1 DAGs
[2024-11-25T01:58:47.205+0000] {logging_mixin.py:190} INFO - [2024-11-25T01:58:47.204+0000] {dag.py:4180} INFO - Setting next_dagrun for example_branch_dop_operator_v3 to 2024-11-25 01:57:00+00:00, run_after=2024-11-25 01:58:00+00:00
[2024-11-25T01:58:47.234+0000] {processor.py:208} INFO - Processing /home/airflow/.local/lib/python3.12/site-packages/airflow/example_dags/example_branch_python_dop_operator_3.py took 0.106 seconds
[2024-11-25T01:59:17.386+0000] {processor.py:186} INFO - Started process (PID=594) to work on /home/airflow/.local/lib/python3.12/site-packages/airflow/example_dags/example_branch_python_dop_operator_3.py
[2024-11-25T01:59:17.388+0000] {processor.py:914} INFO - Processing file /home/airflow/.local/lib/python3.12/site-packages/airflow/example_dags/example_branch_python_dop_operator_3.py for tasks to queue
[2024-11-25T01:59:17.391+0000] {logging_mixin.py:190} INFO - [2024-11-25T01:59:17.391+0000] {dagbag.py:588} INFO - Filling up the DagBag from /home/airflow/.local/lib/python3.12/site-packages/airflow/example_dags/example_branch_python_dop_operator_3.py
[2024-11-25T01:59:17.407+0000] {processor.py:925} INFO - DAG(s) 'example_branch_dop_operator_v3' retrieved from /home/airflow/.local/lib/python3.12/site-packages/airflow/example_dags/example_branch_python_dop_operator_3.py
[2024-11-25T01:59:17.432+0000] {logging_mixin.py:190} INFO - [2024-11-25T01:59:17.431+0000] {dag.py:3239} INFO - Sync 1 DAGs
[2024-11-25T01:59:17.462+0000] {logging_mixin.py:190} INFO - [2024-11-25T01:59:17.461+0000] {dag.py:4180} INFO - Setting next_dagrun for example_branch_dop_operator_v3 to 2024-11-25 01:58:00+00:00, run_after=2024-11-25 01:59:00+00:00
[2024-11-25T01:59:17.480+0000] {processor.py:208} INFO - Processing /home/airflow/.local/lib/python3.12/site-packages/airflow/example_dags/example_branch_python_dop_operator_3.py took 0.106 seconds
[2024-11-25T01:59:47.795+0000] {processor.py:186} INFO - Started process (PID=658) to work on /home/airflow/.local/lib/python3.12/site-packages/airflow/example_dags/example_branch_python_dop_operator_3.py
[2024-11-25T01:59:47.796+0000] {processor.py:914} INFO - Processing file /home/airflow/.local/lib/python3.12/site-packages/airflow/example_dags/example_branch_python_dop_operator_3.py for tasks to queue
[2024-11-25T01:59:47.798+0000] {logging_mixin.py:190} INFO - [2024-11-25T01:59:47.798+0000] {dagbag.py:588} INFO - Filling up the DagBag from /home/airflow/.local/lib/python3.12/site-packages/airflow/example_dags/example_branch_python_dop_operator_3.py
[2024-11-25T01:59:47.807+0000] {processor.py:925} INFO - DAG(s) 'example_branch_dop_operator_v3' retrieved from /home/airflow/.local/lib/python3.12/site-packages/airflow/example_dags/example_branch_python_dop_operator_3.py
[2024-11-25T01:59:47.825+0000] {logging_mixin.py:190} INFO - [2024-11-25T01:59:47.825+0000] {dag.py:3239} INFO - Sync 1 DAGs
[2024-11-25T01:59:47.849+0000] {logging_mixin.py:190} INFO - [2024-11-25T01:59:47.849+0000] {dag.py:4180} INFO - Setting next_dagrun for example_branch_dop_operator_v3 to 2024-11-25 01:58:00+00:00, run_after=2024-11-25 01:59:00+00:00
[2024-11-25T01:59:47.866+0000] {processor.py:208} INFO - Processing /home/airflow/.local/lib/python3.12/site-packages/airflow/example_dags/example_branch_python_dop_operator_3.py took 0.076 seconds
[2024-11-25T02:00:18.390+0000] {processor.py:186} INFO - Started process (PID=726) to work on /home/airflow/.local/lib/python3.12/site-packages/airflow/example_dags/example_branch_python_dop_operator_3.py
[2024-11-25T02:00:18.391+0000] {processor.py:914} INFO - Processing file /home/airflow/.local/lib/python3.12/site-packages/airflow/example_dags/example_branch_python_dop_operator_3.py for tasks to queue
[2024-11-25T02:00:18.393+0000] {logging_mixin.py:190} INFO - [2024-11-25T02:00:18.393+0000] {dagbag.py:588} INFO - Filling up the DagBag from /home/airflow/.local/lib/python3.12/site-packages/airflow/example_dags/example_branch_python_dop_operator_3.py
[2024-11-25T02:00:18.402+0000] {processor.py:925} INFO - DAG(s) 'example_branch_dop_operator_v3' retrieved from /home/airflow/.local/lib/python3.12/site-packages/airflow/example_dags/example_branch_python_dop_operator_3.py
[2024-11-25T02:00:18.420+0000] {logging_mixin.py:190} INFO - [2024-11-25T02:00:18.419+0000] {dag.py:3239} INFO - Sync 1 DAGs
[2024-11-25T02:00:18.447+0000] {logging_mixin.py:190} INFO - [2024-11-25T02:00:18.447+0000] {dag.py:4180} INFO - Setting next_dagrun for example_branch_dop_operator_v3 to 2024-11-25 01:59:00+00:00, run_after=2024-11-25 02:00:00+00:00
[2024-11-25T02:00:18.467+0000] {processor.py:208} INFO - Processing /home/airflow/.local/lib/python3.12/site-packages/airflow/example_dags/example_branch_python_dop_operator_3.py took 0.082 seconds
[2024-11-25T02:00:49.257+0000] {processor.py:186} INFO - Started process (PID=789) to work on /home/airflow/.local/lib/python3.12/site-packages/airflow/example_dags/example_branch_python_dop_operator_3.py
[2024-11-25T02:00:49.259+0000] {processor.py:914} INFO - Processing file /home/airflow/.local/lib/python3.12/site-packages/airflow/example_dags/example_branch_python_dop_operator_3.py for tasks to queue
[2024-11-25T02:00:49.262+0000] {logging_mixin.py:190} INFO - [2024-11-25T02:00:49.262+0000] {dagbag.py:588} INFO - Filling up the DagBag from /home/airflow/.local/lib/python3.12/site-packages/airflow/example_dags/example_branch_python_dop_operator_3.py
[2024-11-25T02:00:49.273+0000] {processor.py:925} INFO - DAG(s) 'example_branch_dop_operator_v3' retrieved from /home/airflow/.local/lib/python3.12/site-packages/airflow/example_dags/example_branch_python_dop_operator_3.py
[2024-11-25T02:00:49.294+0000] {logging_mixin.py:190} INFO - [2024-11-25T02:00:49.294+0000] {dag.py:3239} INFO - Sync 1 DAGs
[2024-11-25T02:00:49.320+0000] {logging_mixin.py:190} INFO - [2024-11-25T02:00:49.319+0000] {dag.py:4180} INFO - Setting next_dagrun for example_branch_dop_operator_v3 to 2024-11-25 01:59:00+00:00, run_after=2024-11-25 02:00:00+00:00
[2024-11-25T02:00:49.339+0000] {processor.py:208} INFO - Processing /home/airflow/.local/lib/python3.12/site-packages/airflow/example_dags/example_branch_python_dop_operator_3.py took 0.088 seconds
[2024-11-25T02:01:19.798+0000] {processor.py:186} INFO - Started process (PID=853) to work on /home/airflow/.local/lib/python3.12/site-packages/airflow/example_dags/example_branch_python_dop_operator_3.py
[2024-11-25T02:01:19.799+0000] {processor.py:914} INFO - Processing file /home/airflow/.local/lib/python3.12/site-packages/airflow/example_dags/example_branch_python_dop_operator_3.py for tasks to queue
[2024-11-25T02:01:19.801+0000] {logging_mixin.py:190} INFO - [2024-11-25T02:01:19.801+0000] {dagbag.py:588} INFO - Filling up the DagBag from /home/airflow/.local/lib/python3.12/site-packages/airflow/example_dags/example_branch_python_dop_operator_3.py
[2024-11-25T02:01:19.811+0000] {processor.py:925} INFO - DAG(s) 'example_branch_dop_operator_v3' retrieved from /home/airflow/.local/lib/python3.12/site-packages/airflow/example_dags/example_branch_python_dop_operator_3.py
[2024-11-25T02:01:19.829+0000] {logging_mixin.py:190} INFO - [2024-11-25T02:01:19.829+0000] {dag.py:3239} INFO - Sync 1 DAGs
[2024-11-25T02:01:19.854+0000] {logging_mixin.py:190} INFO - [2024-11-25T02:01:19.854+0000] {dag.py:4180} INFO - Setting next_dagrun for example_branch_dop_operator_v3 to 2024-11-25 02:00:00+00:00, run_after=2024-11-25 02:01:00+00:00
[2024-11-25T02:01:19.871+0000] {processor.py:208} INFO - Processing /home/airflow/.local/lib/python3.12/site-packages/airflow/example_dags/example_branch_python_dop_operator_3.py took 0.077 seconds
[2024-11-25T02:01:50.191+0000] {processor.py:186} INFO - Started process (PID=910) to work on /home/airflow/.local/lib/python3.12/site-packages/airflow/example_dags/example_branch_python_dop_operator_3.py
[2024-11-25T02:01:50.192+0000] {processor.py:914} INFO - Processing file /home/airflow/.local/lib/python3.12/site-packages/airflow/example_dags/example_branch_python_dop_operator_3.py for tasks to queue
[2024-11-25T02:01:50.195+0000] {logging_mixin.py:190} INFO - [2024-11-25T02:01:50.195+0000] {dagbag.py:588} INFO - Filling up the DagBag from /home/airflow/.local/lib/python3.12/site-packages/airflow/example_dags/example_branch_python_dop_operator_3.py
[2024-11-25T02:01:50.205+0000] {processor.py:925} INFO - DAG(s) 'example_branch_dop_operator_v3' retrieved from /home/airflow/.local/lib/python3.12/site-packages/airflow/example_dags/example_branch_python_dop_operator_3.py
[2024-11-25T02:01:50.224+0000] {logging_mixin.py:190} INFO - [2024-11-25T02:01:50.224+0000] {dag.py:3239} INFO - Sync 1 DAGs
[2024-11-25T02:01:50.251+0000] {logging_mixin.py:190} INFO - [2024-11-25T02:01:50.251+0000] {dag.py:4180} INFO - Setting next_dagrun for example_branch_dop_operator_v3 to 2024-11-25 02:00:00+00:00, run_after=2024-11-25 02:01:00+00:00
[2024-11-25T02:01:50.271+0000] {processor.py:208} INFO - Processing /home/airflow/.local/lib/python3.12/site-packages/airflow/example_dags/example_branch_python_dop_operator_3.py took 0.084 seconds
[2024-11-25T02:02:20.915+0000] {processor.py:186} INFO - Started process (PID=973) to work on /home/airflow/.local/lib/python3.12/site-packages/airflow/example_dags/example_branch_python_dop_operator_3.py
[2024-11-25T02:02:20.916+0000] {processor.py:914} INFO - Processing file /home/airflow/.local/lib/python3.12/site-packages/airflow/example_dags/example_branch_python_dop_operator_3.py for tasks to queue
[2024-11-25T02:02:20.918+0000] {logging_mixin.py:190} INFO - [2024-11-25T02:02:20.918+0000] {dagbag.py:588} INFO - Filling up the DagBag from /home/airflow/.local/lib/python3.12/site-packages/airflow/example_dags/example_branch_python_dop_operator_3.py
[2024-11-25T02:02:20.928+0000] {processor.py:925} INFO - DAG(s) 'example_branch_dop_operator_v3' retrieved from /home/airflow/.local/lib/python3.12/site-packages/airflow/example_dags/example_branch_python_dop_operator_3.py
[2024-11-25T02:02:20.947+0000] {logging_mixin.py:190} INFO - [2024-11-25T02:02:20.947+0000] {dag.py:3239} INFO - Sync 1 DAGs
[2024-11-25T02:02:20.975+0000] {logging_mixin.py:190} INFO - [2024-11-25T02:02:20.975+0000] {dag.py:4180} INFO - Setting next_dagrun for example_branch_dop_operator_v3 to 2024-11-25 02:01:00+00:00, run_after=2024-11-25 02:02:00+00:00
[2024-11-25T02:02:20.999+0000] {processor.py:208} INFO - Processing /home/airflow/.local/lib/python3.12/site-packages/airflow/example_dags/example_branch_python_dop_operator_3.py took 0.090 seconds
[2024-11-25T02:02:51.140+0000] {processor.py:186} INFO - Started process (PID=1037) to work on /home/airflow/.local/lib/python3.12/site-packages/airflow/example_dags/example_branch_python_dop_operator_3.py
[2024-11-25T02:02:51.141+0000] {processor.py:914} INFO - Processing file /home/airflow/.local/lib/python3.12/site-packages/airflow/example_dags/example_branch_python_dop_operator_3.py for tasks to queue
[2024-11-25T02:02:51.145+0000] {logging_mixin.py:190} INFO - [2024-11-25T02:02:51.145+0000] {dagbag.py:588} INFO - Filling up the DagBag from /home/airflow/.local/lib/python3.12/site-packages/airflow/example_dags/example_branch_python_dop_operator_3.py
[2024-11-25T02:02:51.158+0000] {processor.py:925} INFO - DAG(s) 'example_branch_dop_operator_v3' retrieved from /home/airflow/.local/lib/python3.12/site-packages/airflow/example_dags/example_branch_python_dop_operator_3.py
[2024-11-25T02:02:51.186+0000] {logging_mixin.py:190} INFO - [2024-11-25T02:02:51.186+0000] {dag.py:3239} INFO - Sync 1 DAGs
[2024-11-25T02:02:51.215+0000] {logging_mixin.py:190} INFO - [2024-11-25T02:02:51.215+0000] {dag.py:4180} INFO - Setting next_dagrun for example_branch_dop_operator_v3 to 2024-11-25 02:01:00+00:00, run_after=2024-11-25 02:02:00+00:00
[2024-11-25T02:02:51.235+0000] {processor.py:208} INFO - Processing /home/airflow/.local/lib/python3.12/site-packages/airflow/example_dags/example_branch_python_dop_operator_3.py took 0.101 seconds
[2024-11-25T02:03:21.542+0000] {processor.py:186} INFO - Started process (PID=1098) to work on /home/airflow/.local/lib/python3.12/site-packages/airflow/example_dags/example_branch_python_dop_operator_3.py
[2024-11-25T02:03:21.543+0000] {processor.py:914} INFO - Processing file /home/airflow/.local/lib/python3.12/site-packages/airflow/example_dags/example_branch_python_dop_operator_3.py for tasks to queue
[2024-11-25T02:03:21.545+0000] {logging_mixin.py:190} INFO - [2024-11-25T02:03:21.545+0000] {dagbag.py:588} INFO - Filling up the DagBag from /home/airflow/.local/lib/python3.12/site-packages/airflow/example_dags/example_branch_python_dop_operator_3.py
[2024-11-25T02:03:21.555+0000] {processor.py:925} INFO - DAG(s) 'example_branch_dop_operator_v3' retrieved from /home/airflow/.local/lib/python3.12/site-packages/airflow/example_dags/example_branch_python_dop_operator_3.py
[2024-11-25T02:03:21.575+0000] {logging_mixin.py:190} INFO - [2024-11-25T02:03:21.575+0000] {dag.py:3239} INFO - Sync 1 DAGs
[2024-11-25T02:03:21.601+0000] {logging_mixin.py:190} INFO - [2024-11-25T02:03:21.600+0000] {dag.py:4180} INFO - Setting next_dagrun for example_branch_dop_operator_v3 to 2024-11-25 02:02:00+00:00, run_after=2024-11-25 02:03:00+00:00
[2024-11-25T02:03:21.690+0000] {processor.py:208} INFO - Processing /home/airflow/.local/lib/python3.12/site-packages/airflow/example_dags/example_branch_python_dop_operator_3.py took 0.153 seconds
[2024-11-25T02:03:51.761+0000] {processor.py:186} INFO - Started process (PID=1162) to work on /home/airflow/.local/lib/python3.12/site-packages/airflow/example_dags/example_branch_python_dop_operator_3.py
[2024-11-25T02:03:51.762+0000] {processor.py:914} INFO - Processing file /home/airflow/.local/lib/python3.12/site-packages/airflow/example_dags/example_branch_python_dop_operator_3.py for tasks to queue
[2024-11-25T02:03:51.765+0000] {logging_mixin.py:190} INFO - [2024-11-25T02:03:51.764+0000] {dagbag.py:588} INFO - Filling up the DagBag from /home/airflow/.local/lib/python3.12/site-packages/airflow/example_dags/example_branch_python_dop_operator_3.py
[2024-11-25T02:03:51.775+0000] {processor.py:925} INFO - DAG(s) 'example_branch_dop_operator_v3' retrieved from /home/airflow/.local/lib/python3.12/site-packages/airflow/example_dags/example_branch_python_dop_operator_3.py
[2024-11-25T02:03:51.794+0000] {logging_mixin.py:190} INFO - [2024-11-25T02:03:51.794+0000] {dag.py:3239} INFO - Sync 1 DAGs
[2024-11-25T02:03:51.819+0000] {logging_mixin.py:190} INFO - [2024-11-25T02:03:51.819+0000] {dag.py:4180} INFO - Setting next_dagrun for example_branch_dop_operator_v3 to 2024-11-25 02:02:00+00:00, run_after=2024-11-25 02:03:00+00:00
[2024-11-25T02:03:51.839+0000] {processor.py:208} INFO - Processing /home/airflow/.local/lib/python3.12/site-packages/airflow/example_dags/example_branch_python_dop_operator_3.py took 0.083 seconds
[2024-11-25T02:04:22.291+0000] {processor.py:186} INFO - Started process (PID=1226) to work on /home/airflow/.local/lib/python3.12/site-packages/airflow/example_dags/example_branch_python_dop_operator_3.py
[2024-11-25T02:04:22.292+0000] {processor.py:914} INFO - Processing file /home/airflow/.local/lib/python3.12/site-packages/airflow/example_dags/example_branch_python_dop_operator_3.py for tasks to queue
[2024-11-25T02:04:22.296+0000] {logging_mixin.py:190} INFO - [2024-11-25T02:04:22.295+0000] {dagbag.py:588} INFO - Filling up the DagBag from /home/airflow/.local/lib/python3.12/site-packages/airflow/example_dags/example_branch_python_dop_operator_3.py
[2024-11-25T02:04:22.312+0000] {processor.py:925} INFO - DAG(s) 'example_branch_dop_operator_v3' retrieved from /home/airflow/.local/lib/python3.12/site-packages/airflow/example_dags/example_branch_python_dop_operator_3.py
[2024-11-25T02:04:22.344+0000] {logging_mixin.py:190} INFO - [2024-11-25T02:04:22.343+0000] {dag.py:3239} INFO - Sync 1 DAGs
[2024-11-25T02:04:22.393+0000] {logging_mixin.py:190} INFO - [2024-11-25T02:04:22.392+0000] {dag.py:4180} INFO - Setting next_dagrun for example_branch_dop_operator_v3 to 2024-11-25 02:03:00+00:00, run_after=2024-11-25 02:04:00+00:00
[2024-11-25T02:04:22.423+0000] {processor.py:208} INFO - Processing /home/airflow/.local/lib/python3.12/site-packages/airflow/example_dags/example_branch_python_dop_operator_3.py took 0.141 seconds
[2024-11-25T02:04:52.543+0000] {processor.py:186} INFO - Started process (PID=1290) to work on /home/airflow/.local/lib/python3.12/site-packages/airflow/example_dags/example_branch_python_dop_operator_3.py
[2024-11-25T02:04:52.544+0000] {processor.py:914} INFO - Processing file /home/airflow/.local/lib/python3.12/site-packages/airflow/example_dags/example_branch_python_dop_operator_3.py for tasks to queue
[2024-11-25T02:04:52.548+0000] {logging_mixin.py:190} INFO - [2024-11-25T02:04:52.548+0000] {dagbag.py:588} INFO - Filling up the DagBag from /home/airflow/.local/lib/python3.12/site-packages/airflow/example_dags/example_branch_python_dop_operator_3.py
[2024-11-25T02:04:52.564+0000] {processor.py:925} INFO - DAG(s) 'example_branch_dop_operator_v3' retrieved from /home/airflow/.local/lib/python3.12/site-packages/airflow/example_dags/example_branch_python_dop_operator_3.py
[2024-11-25T02:04:52.593+0000] {logging_mixin.py:190} INFO - [2024-11-25T02:04:52.593+0000] {dag.py:3239} INFO - Sync 1 DAGs
[2024-11-25T02:04:52.627+0000] {logging_mixin.py:190} INFO - [2024-11-25T02:04:52.627+0000] {dag.py:4180} INFO - Setting next_dagrun for example_branch_dop_operator_v3 to 2024-11-25 02:03:00+00:00, run_after=2024-11-25 02:04:00+00:00
[2024-11-25T02:04:52.653+0000] {processor.py:208} INFO - Processing /home/airflow/.local/lib/python3.12/site-packages/airflow/example_dags/example_branch_python_dop_operator_3.py took 0.119 seconds
[2024-11-25T02:05:23.222+0000] {processor.py:186} INFO - Started process (PID=1354) to work on /home/airflow/.local/lib/python3.12/site-packages/airflow/example_dags/example_branch_python_dop_operator_3.py
[2024-11-25T02:05:23.223+0000] {processor.py:914} INFO - Processing file /home/airflow/.local/lib/python3.12/site-packages/airflow/example_dags/example_branch_python_dop_operator_3.py for tasks to queue
[2024-11-25T02:05:23.225+0000] {logging_mixin.py:190} INFO - [2024-11-25T02:05:23.225+0000] {dagbag.py:588} INFO - Filling up the DagBag from /home/airflow/.local/lib/python3.12/site-packages/airflow/example_dags/example_branch_python_dop_operator_3.py
[2024-11-25T02:05:23.236+0000] {processor.py:925} INFO - DAG(s) 'example_branch_dop_operator_v3' retrieved from /home/airflow/.local/lib/python3.12/site-packages/airflow/example_dags/example_branch_python_dop_operator_3.py
[2024-11-25T02:05:23.254+0000] {logging_mixin.py:190} INFO - [2024-11-25T02:05:23.253+0000] {dag.py:3239} INFO - Sync 1 DAGs
[2024-11-25T02:05:23.282+0000] {logging_mixin.py:190} INFO - [2024-11-25T02:05:23.282+0000] {dag.py:4180} INFO - Setting next_dagrun for example_branch_dop_operator_v3 to 2024-11-25 02:04:00+00:00, run_after=2024-11-25 02:05:00+00:00
[2024-11-25T02:05:23.308+0000] {processor.py:208} INFO - Processing /home/airflow/.local/lib/python3.12/site-packages/airflow/example_dags/example_branch_python_dop_operator_3.py took 0.091 seconds
[2024-11-25T02:05:53.583+0000] {processor.py:186} INFO - Started process (PID=1418) to work on /home/airflow/.local/lib/python3.12/site-packages/airflow/example_dags/example_branch_python_dop_operator_3.py
[2024-11-25T02:05:53.584+0000] {processor.py:914} INFO - Processing file /home/airflow/.local/lib/python3.12/site-packages/airflow/example_dags/example_branch_python_dop_operator_3.py for tasks to queue
[2024-11-25T02:05:53.586+0000] {logging_mixin.py:190} INFO - [2024-11-25T02:05:53.586+0000] {dagbag.py:588} INFO - Filling up the DagBag from /home/airflow/.local/lib/python3.12/site-packages/airflow/example_dags/example_branch_python_dop_operator_3.py
[2024-11-25T02:05:53.596+0000] {processor.py:925} INFO - DAG(s) 'example_branch_dop_operator_v3' retrieved from /home/airflow/.local/lib/python3.12/site-packages/airflow/example_dags/example_branch_python_dop_operator_3.py
[2024-11-25T02:05:53.615+0000] {logging_mixin.py:190} INFO - [2024-11-25T02:05:53.615+0000] {dag.py:3239} INFO - Sync 1 DAGs
[2024-11-25T02:05:53.640+0000] {logging_mixin.py:190} INFO - [2024-11-25T02:05:53.640+0000] {dag.py:4180} INFO - Setting next_dagrun for example_branch_dop_operator_v3 to 2024-11-25 02:04:00+00:00, run_after=2024-11-25 02:05:00+00:00
[2024-11-25T02:05:53.664+0000] {processor.py:208} INFO - Processing /home/airflow/.local/lib/python3.12/site-packages/airflow/example_dags/example_branch_python_dop_operator_3.py took 0.086 seconds
[2024-11-25T02:06:24.114+0000] {processor.py:186} INFO - Started process (PID=1482) to work on /home/airflow/.local/lib/python3.12/site-packages/airflow/example_dags/example_branch_python_dop_operator_3.py
[2024-11-25T02:06:24.115+0000] {processor.py:914} INFO - Processing file /home/airflow/.local/lib/python3.12/site-packages/airflow/example_dags/example_branch_python_dop_operator_3.py for tasks to queue
[2024-11-25T02:06:24.119+0000] {logging_mixin.py:190} INFO - [2024-11-25T02:06:24.118+0000] {dagbag.py:588} INFO - Filling up the DagBag from /home/airflow/.local/lib/python3.12/site-packages/airflow/example_dags/example_branch_python_dop_operator_3.py
[2024-11-25T02:06:24.134+0000] {processor.py:925} INFO - DAG(s) 'example_branch_dop_operator_v3' retrieved from /home/airflow/.local/lib/python3.12/site-packages/airflow/example_dags/example_branch_python_dop_operator_3.py
[2024-11-25T02:06:24.162+0000] {logging_mixin.py:190} INFO - [2024-11-25T02:06:24.161+0000] {dag.py:3239} INFO - Sync 1 DAGs
[2024-11-25T02:06:24.202+0000] {logging_mixin.py:190} INFO - [2024-11-25T02:06:24.202+0000] {dag.py:4180} INFO - Setting next_dagrun for example_branch_dop_operator_v3 to 2024-11-25 02:05:00+00:00, run_after=2024-11-25 02:06:00+00:00
[2024-11-25T02:06:24.226+0000] {processor.py:208} INFO - Processing /home/airflow/.local/lib/python3.12/site-packages/airflow/example_dags/example_branch_python_dop_operator_3.py took 0.120 seconds
[2024-11-25T02:06:54.531+0000] {processor.py:186} INFO - Started process (PID=1547) to work on /home/airflow/.local/lib/python3.12/site-packages/airflow/example_dags/example_branch_python_dop_operator_3.py
[2024-11-25T02:06:54.532+0000] {processor.py:914} INFO - Processing file /home/airflow/.local/lib/python3.12/site-packages/airflow/example_dags/example_branch_python_dop_operator_3.py for tasks to queue
[2024-11-25T02:06:54.536+0000] {logging_mixin.py:190} INFO - [2024-11-25T02:06:54.535+0000] {dagbag.py:588} INFO - Filling up the DagBag from /home/airflow/.local/lib/python3.12/site-packages/airflow/example_dags/example_branch_python_dop_operator_3.py
[2024-11-25T02:06:54.550+0000] {processor.py:925} INFO - DAG(s) 'example_branch_dop_operator_v3' retrieved from /home/airflow/.local/lib/python3.12/site-packages/airflow/example_dags/example_branch_python_dop_operator_3.py
[2024-11-25T02:06:54.569+0000] {logging_mixin.py:190} INFO - [2024-11-25T02:06:54.569+0000] {dag.py:3239} INFO - Sync 1 DAGs
[2024-11-25T02:06:54.598+0000] {logging_mixin.py:190} INFO - [2024-11-25T02:06:54.598+0000] {dag.py:4180} INFO - Setting next_dagrun for example_branch_dop_operator_v3 to 2024-11-25 02:05:00+00:00, run_after=2024-11-25 02:06:00+00:00
[2024-11-25T02:06:54.617+0000] {processor.py:208} INFO - Processing /home/airflow/.local/lib/python3.12/site-packages/airflow/example_dags/example_branch_python_dop_operator_3.py took 0.093 seconds
[2024-11-25T02:07:24.833+0000] {processor.py:186} INFO - Started process (PID=1611) to work on /home/airflow/.local/lib/python3.12/site-packages/airflow/example_dags/example_branch_python_dop_operator_3.py
[2024-11-25T02:07:24.834+0000] {processor.py:914} INFO - Processing file /home/airflow/.local/lib/python3.12/site-packages/airflow/example_dags/example_branch_python_dop_operator_3.py for tasks to queue
[2024-11-25T02:07:24.836+0000] {logging_mixin.py:190} INFO - [2024-11-25T02:07:24.836+0000] {dagbag.py:588} INFO - Filling up the DagBag from /home/airflow/.local/lib/python3.12/site-packages/airflow/example_dags/example_branch_python_dop_operator_3.py
[2024-11-25T02:07:24.847+0000] {processor.py:925} INFO - DAG(s) 'example_branch_dop_operator_v3' retrieved from /home/airflow/.local/lib/python3.12/site-packages/airflow/example_dags/example_branch_python_dop_operator_3.py
[2024-11-25T02:07:24.868+0000] {logging_mixin.py:190} INFO - [2024-11-25T02:07:24.868+0000] {dag.py:3239} INFO - Sync 1 DAGs
[2024-11-25T02:07:24.897+0000] {logging_mixin.py:190} INFO - [2024-11-25T02:07:24.896+0000] {dag.py:4180} INFO - Setting next_dagrun for example_branch_dop_operator_v3 to 2024-11-25 02:06:00+00:00, run_after=2024-11-25 02:07:00+00:00
[2024-11-25T02:07:24.918+0000] {processor.py:208} INFO - Processing /home/airflow/.local/lib/python3.12/site-packages/airflow/example_dags/example_branch_python_dop_operator_3.py took 0.091 seconds
[2024-11-25T02:07:54.972+0000] {processor.py:186} INFO - Started process (PID=1675) to work on /home/airflow/.local/lib/python3.12/site-packages/airflow/example_dags/example_branch_python_dop_operator_3.py
[2024-11-25T02:07:54.973+0000] {processor.py:914} INFO - Processing file /home/airflow/.local/lib/python3.12/site-packages/airflow/example_dags/example_branch_python_dop_operator_3.py for tasks to queue
[2024-11-25T02:07:54.976+0000] {logging_mixin.py:190} INFO - [2024-11-25T02:07:54.976+0000] {dagbag.py:588} INFO - Filling up the DagBag from /home/airflow/.local/lib/python3.12/site-packages/airflow/example_dags/example_branch_python_dop_operator_3.py
[2024-11-25T02:07:54.988+0000] {processor.py:925} INFO - DAG(s) 'example_branch_dop_operator_v3' retrieved from /home/airflow/.local/lib/python3.12/site-packages/airflow/example_dags/example_branch_python_dop_operator_3.py
[2024-11-25T02:07:55.006+0000] {logging_mixin.py:190} INFO - [2024-11-25T02:07:55.006+0000] {dag.py:3239} INFO - Sync 1 DAGs
[2024-11-25T02:07:55.033+0000] {logging_mixin.py:190} INFO - [2024-11-25T02:07:55.033+0000] {dag.py:4180} INFO - Setting next_dagrun for example_branch_dop_operator_v3 to 2024-11-25 02:06:00+00:00, run_after=2024-11-25 02:07:00+00:00
[2024-11-25T02:07:55.052+0000] {processor.py:208} INFO - Processing /home/airflow/.local/lib/python3.12/site-packages/airflow/example_dags/example_branch_python_dop_operator_3.py took 0.086 seconds
[2024-11-25T02:08:26.214+0000] {processor.py:186} INFO - Started process (PID=1739) to work on /home/airflow/.local/lib/python3.12/site-packages/airflow/example_dags/example_branch_python_dop_operator_3.py
[2024-11-25T02:08:26.215+0000] {processor.py:914} INFO - Processing file /home/airflow/.local/lib/python3.12/site-packages/airflow/example_dags/example_branch_python_dop_operator_3.py for tasks to queue
[2024-11-25T02:08:26.220+0000] {logging_mixin.py:190} INFO - [2024-11-25T02:08:26.219+0000] {dagbag.py:588} INFO - Filling up the DagBag from /home/airflow/.local/lib/python3.12/site-packages/airflow/example_dags/example_branch_python_dop_operator_3.py
[2024-11-25T02:08:26.243+0000] {processor.py:925} INFO - DAG(s) 'example_branch_dop_operator_v3' retrieved from /home/airflow/.local/lib/python3.12/site-packages/airflow/example_dags/example_branch_python_dop_operator_3.py
[2024-11-25T02:08:26.290+0000] {logging_mixin.py:190} INFO - [2024-11-25T02:08:26.289+0000] {dag.py:3239} INFO - Sync 1 DAGs
[2024-11-25T02:08:26.359+0000] {logging_mixin.py:190} INFO - [2024-11-25T02:08:26.359+0000] {dag.py:4180} INFO - Setting next_dagrun for example_branch_dop_operator_v3 to 2024-11-25 02:07:00+00:00, run_after=2024-11-25 02:08:00+00:00
[2024-11-25T02:08:26.393+0000] {processor.py:208} INFO - Processing /home/airflow/.local/lib/python3.12/site-packages/airflow/example_dags/example_branch_python_dop_operator_3.py took 0.191 seconds
[2024-11-25T02:08:56.861+0000] {processor.py:186} INFO - Started process (PID=1801) to work on /home/airflow/.local/lib/python3.12/site-packages/airflow/example_dags/example_branch_python_dop_operator_3.py
[2024-11-25T02:08:56.862+0000] {processor.py:914} INFO - Processing file /home/airflow/.local/lib/python3.12/site-packages/airflow/example_dags/example_branch_python_dop_operator_3.py for tasks to queue
[2024-11-25T02:08:56.865+0000] {logging_mixin.py:190} INFO - [2024-11-25T02:08:56.864+0000] {dagbag.py:588} INFO - Filling up the DagBag from /home/airflow/.local/lib/python3.12/site-packages/airflow/example_dags/example_branch_python_dop_operator_3.py
[2024-11-25T02:08:56.876+0000] {processor.py:925} INFO - DAG(s) 'example_branch_dop_operator_v3' retrieved from /home/airflow/.local/lib/python3.12/site-packages/airflow/example_dags/example_branch_python_dop_operator_3.py
[2024-11-25T02:08:56.894+0000] {logging_mixin.py:190} INFO - [2024-11-25T02:08:56.894+0000] {dag.py:3239} INFO - Sync 1 DAGs
[2024-11-25T02:08:56.924+0000] {logging_mixin.py:190} INFO - [2024-11-25T02:08:56.924+0000] {dag.py:4180} INFO - Setting next_dagrun for example_branch_dop_operator_v3 to 2024-11-25 02:07:00+00:00, run_after=2024-11-25 02:08:00+00:00
[2024-11-25T02:08:56.950+0000] {processor.py:208} INFO - Processing /home/airflow/.local/lib/python3.12/site-packages/airflow/example_dags/example_branch_python_dop_operator_3.py took 0.095 seconds
[2024-11-25T02:09:27.462+0000] {processor.py:186} INFO - Started process (PID=1865) to work on /home/airflow/.local/lib/python3.12/site-packages/airflow/example_dags/example_branch_python_dop_operator_3.py
[2024-11-25T02:09:27.463+0000] {processor.py:914} INFO - Processing file /home/airflow/.local/lib/python3.12/site-packages/airflow/example_dags/example_branch_python_dop_operator_3.py for tasks to queue
[2024-11-25T02:09:27.465+0000] {logging_mixin.py:190} INFO - [2024-11-25T02:09:27.465+0000] {dagbag.py:588} INFO - Filling up the DagBag from /home/airflow/.local/lib/python3.12/site-packages/airflow/example_dags/example_branch_python_dop_operator_3.py
[2024-11-25T02:09:27.477+0000] {processor.py:925} INFO - DAG(s) 'example_branch_dop_operator_v3' retrieved from /home/airflow/.local/lib/python3.12/site-packages/airflow/example_dags/example_branch_python_dop_operator_3.py
[2024-11-25T02:09:27.496+0000] {logging_mixin.py:190} INFO - [2024-11-25T02:09:27.496+0000] {dag.py:3239} INFO - Sync 1 DAGs
[2024-11-25T02:09:27.525+0000] {logging_mixin.py:190} INFO - [2024-11-25T02:09:27.524+0000] {dag.py:4180} INFO - Setting next_dagrun for example_branch_dop_operator_v3 to 2024-11-25 02:08:00+00:00, run_after=2024-11-25 02:09:00+00:00
[2024-11-25T02:09:27.544+0000] {processor.py:208} INFO - Processing /home/airflow/.local/lib/python3.12/site-packages/airflow/example_dags/example_branch_python_dop_operator_3.py took 0.088 seconds
[2024-11-25T02:09:57.709+0000] {processor.py:186} INFO - Started process (PID=1929) to work on /home/airflow/.local/lib/python3.12/site-packages/airflow/example_dags/example_branch_python_dop_operator_3.py
[2024-11-25T02:09:57.710+0000] {processor.py:914} INFO - Processing file /home/airflow/.local/lib/python3.12/site-packages/airflow/example_dags/example_branch_python_dop_operator_3.py for tasks to queue
[2024-11-25T02:09:57.713+0000] {logging_mixin.py:190} INFO - [2024-11-25T02:09:57.713+0000] {dagbag.py:588} INFO - Filling up the DagBag from /home/airflow/.local/lib/python3.12/site-packages/airflow/example_dags/example_branch_python_dop_operator_3.py
[2024-11-25T02:09:57.725+0000] {processor.py:925} INFO - DAG(s) 'example_branch_dop_operator_v3' retrieved from /home/airflow/.local/lib/python3.12/site-packages/airflow/example_dags/example_branch_python_dop_operator_3.py
[2024-11-25T02:09:57.753+0000] {logging_mixin.py:190} INFO - [2024-11-25T02:09:57.752+0000] {dag.py:3239} INFO - Sync 1 DAGs
[2024-11-25T02:09:57.783+0000] {logging_mixin.py:190} INFO - [2024-11-25T02:09:57.783+0000] {dag.py:4180} INFO - Setting next_dagrun for example_branch_dop_operator_v3 to 2024-11-25 02:08:00+00:00, run_after=2024-11-25 02:09:00+00:00
[2024-11-25T02:09:57.803+0000] {processor.py:208} INFO - Processing /home/airflow/.local/lib/python3.12/site-packages/airflow/example_dags/example_branch_python_dop_operator_3.py took 0.102 seconds
[2024-11-25T02:10:28.806+0000] {processor.py:186} INFO - Started process (PID=1993) to work on /home/airflow/.local/lib/python3.12/site-packages/airflow/example_dags/example_branch_python_dop_operator_3.py
[2024-11-25T02:10:28.807+0000] {processor.py:914} INFO - Processing file /home/airflow/.local/lib/python3.12/site-packages/airflow/example_dags/example_branch_python_dop_operator_3.py for tasks to queue
[2024-11-25T02:10:28.811+0000] {logging_mixin.py:190} INFO - [2024-11-25T02:10:28.810+0000] {dagbag.py:588} INFO - Filling up the DagBag from /home/airflow/.local/lib/python3.12/site-packages/airflow/example_dags/example_branch_python_dop_operator_3.py
[2024-11-25T02:10:28.824+0000] {processor.py:925} INFO - DAG(s) 'example_branch_dop_operator_v3' retrieved from /home/airflow/.local/lib/python3.12/site-packages/airflow/example_dags/example_branch_python_dop_operator_3.py
[2024-11-25T02:10:28.849+0000] {logging_mixin.py:190} INFO - [2024-11-25T02:10:28.849+0000] {dag.py:3239} INFO - Sync 1 DAGs
[2024-11-25T02:10:28.885+0000] {logging_mixin.py:190} INFO - [2024-11-25T02:10:28.885+0000] {dag.py:4180} INFO - Setting next_dagrun for example_branch_dop_operator_v3 to 2024-11-25 02:09:00+00:00, run_after=2024-11-25 02:10:00+00:00
[2024-11-25T02:10:28.921+0000] {processor.py:208} INFO - Processing /home/airflow/.local/lib/python3.12/site-packages/airflow/example_dags/example_branch_python_dop_operator_3.py took 0.123 seconds
[2024-11-25T02:10:59.195+0000] {processor.py:186} INFO - Started process (PID=2057) to work on /home/airflow/.local/lib/python3.12/site-packages/airflow/example_dags/example_branch_python_dop_operator_3.py
[2024-11-25T02:10:59.196+0000] {processor.py:914} INFO - Processing file /home/airflow/.local/lib/python3.12/site-packages/airflow/example_dags/example_branch_python_dop_operator_3.py for tasks to queue
[2024-11-25T02:10:59.199+0000] {logging_mixin.py:190} INFO - [2024-11-25T02:10:59.198+0000] {dagbag.py:588} INFO - Filling up the DagBag from /home/airflow/.local/lib/python3.12/site-packages/airflow/example_dags/example_branch_python_dop_operator_3.py
[2024-11-25T02:10:59.211+0000] {processor.py:925} INFO - DAG(s) 'example_branch_dop_operator_v3' retrieved from /home/airflow/.local/lib/python3.12/site-packages/airflow/example_dags/example_branch_python_dop_operator_3.py
[2024-11-25T02:10:59.232+0000] {logging_mixin.py:190} INFO - [2024-11-25T02:10:59.231+0000] {dag.py:3239} INFO - Sync 1 DAGs
[2024-11-25T02:10:59.264+0000] {logging_mixin.py:190} INFO - [2024-11-25T02:10:59.264+0000] {dag.py:4180} INFO - Setting next_dagrun for example_branch_dop_operator_v3 to 2024-11-25 02:09:00+00:00, run_after=2024-11-25 02:10:00+00:00
[2024-11-25T02:10:59.284+0000] {processor.py:208} INFO - Processing /home/airflow/.local/lib/python3.12/site-packages/airflow/example_dags/example_branch_python_dop_operator_3.py took 0.096 seconds
[2024-11-25T02:11:29.944+0000] {processor.py:186} INFO - Started process (PID=2122) to work on /home/airflow/.local/lib/python3.12/site-packages/airflow/example_dags/example_branch_python_dop_operator_3.py
[2024-11-25T02:11:29.945+0000] {processor.py:914} INFO - Processing file /home/airflow/.local/lib/python3.12/site-packages/airflow/example_dags/example_branch_python_dop_operator_3.py for tasks to queue
[2024-11-25T02:11:29.948+0000] {logging_mixin.py:190} INFO - [2024-11-25T02:11:29.948+0000] {dagbag.py:588} INFO - Filling up the DagBag from /home/airflow/.local/lib/python3.12/site-packages/airflow/example_dags/example_branch_python_dop_operator_3.py
[2024-11-25T02:11:29.959+0000] {processor.py:925} INFO - DAG(s) 'example_branch_dop_operator_v3' retrieved from /home/airflow/.local/lib/python3.12/site-packages/airflow/example_dags/example_branch_python_dop_operator_3.py
[2024-11-25T02:11:29.979+0000] {logging_mixin.py:190} INFO - [2024-11-25T02:11:29.978+0000] {dag.py:3239} INFO - Sync 1 DAGs
[2024-11-25T02:11:30.004+0000] {logging_mixin.py:190} INFO - [2024-11-25T02:11:30.004+0000] {dag.py:4180} INFO - Setting next_dagrun for example_branch_dop_operator_v3 to 2024-11-25 02:10:00+00:00, run_after=2024-11-25 02:11:00+00:00
[2024-11-25T02:11:30.025+0000] {processor.py:208} INFO - Processing /home/airflow/.local/lib/python3.12/site-packages/airflow/example_dags/example_branch_python_dop_operator_3.py took 0.088 seconds
[2024-11-25T02:12:01.038+0000] {processor.py:186} INFO - Started process (PID=2186) to work on /home/airflow/.local/lib/python3.12/site-packages/airflow/example_dags/example_branch_python_dop_operator_3.py
[2024-11-25T02:12:01.040+0000] {processor.py:914} INFO - Processing file /home/airflow/.local/lib/python3.12/site-packages/airflow/example_dags/example_branch_python_dop_operator_3.py for tasks to queue
[2024-11-25T02:12:01.042+0000] {logging_mixin.py:190} INFO - [2024-11-25T02:12:01.042+0000] {dagbag.py:588} INFO - Filling up the DagBag from /home/airflow/.local/lib/python3.12/site-packages/airflow/example_dags/example_branch_python_dop_operator_3.py
[2024-11-25T02:12:01.055+0000] {processor.py:925} INFO - DAG(s) 'example_branch_dop_operator_v3' retrieved from /home/airflow/.local/lib/python3.12/site-packages/airflow/example_dags/example_branch_python_dop_operator_3.py
[2024-11-25T02:12:01.075+0000] {logging_mixin.py:190} INFO - [2024-11-25T02:12:01.075+0000] {dag.py:3239} INFO - Sync 1 DAGs
[2024-11-25T02:12:01.111+0000] {logging_mixin.py:190} INFO - [2024-11-25T02:12:01.111+0000] {dag.py:4180} INFO - Setting next_dagrun for example_branch_dop_operator_v3 to 2024-11-25 02:11:00+00:00, run_after=2024-11-25 02:12:00+00:00
[2024-11-25T02:12:01.148+0000] {processor.py:208} INFO - Processing /home/airflow/.local/lib/python3.12/site-packages/airflow/example_dags/example_branch_python_dop_operator_3.py took 0.116 seconds
[2024-11-25T02:12:31.406+0000] {processor.py:186} INFO - Started process (PID=2250) to work on /home/airflow/.local/lib/python3.12/site-packages/airflow/example_dags/example_branch_python_dop_operator_3.py
[2024-11-25T02:12:31.408+0000] {processor.py:914} INFO - Processing file /home/airflow/.local/lib/python3.12/site-packages/airflow/example_dags/example_branch_python_dop_operator_3.py for tasks to queue
[2024-11-25T02:12:31.410+0000] {logging_mixin.py:190} INFO - [2024-11-25T02:12:31.409+0000] {dagbag.py:588} INFO - Filling up the DagBag from /home/airflow/.local/lib/python3.12/site-packages/airflow/example_dags/example_branch_python_dop_operator_3.py
[2024-11-25T02:12:31.422+0000] {processor.py:925} INFO - DAG(s) 'example_branch_dop_operator_v3' retrieved from /home/airflow/.local/lib/python3.12/site-packages/airflow/example_dags/example_branch_python_dop_operator_3.py
[2024-11-25T02:12:31.442+0000] {logging_mixin.py:190} INFO - [2024-11-25T02:12:31.442+0000] {dag.py:3239} INFO - Sync 1 DAGs
[2024-11-25T02:12:31.488+0000] {logging_mixin.py:190} INFO - [2024-11-25T02:12:31.488+0000] {dag.py:4180} INFO - Setting next_dagrun for example_branch_dop_operator_v3 to 2024-11-25 02:11:00+00:00, run_after=2024-11-25 02:12:00+00:00
[2024-11-25T02:12:31.514+0000] {processor.py:208} INFO - Processing /home/airflow/.local/lib/python3.12/site-packages/airflow/example_dags/example_branch_python_dop_operator_3.py took 0.115 seconds
[2024-11-25T02:13:01.640+0000] {processor.py:186} INFO - Started process (PID=2314) to work on /home/airflow/.local/lib/python3.12/site-packages/airflow/example_dags/example_branch_python_dop_operator_3.py
[2024-11-25T02:13:01.642+0000] {processor.py:914} INFO - Processing file /home/airflow/.local/lib/python3.12/site-packages/airflow/example_dags/example_branch_python_dop_operator_3.py for tasks to queue
[2024-11-25T02:13:01.646+0000] {logging_mixin.py:190} INFO - [2024-11-25T02:13:01.645+0000] {dagbag.py:588} INFO - Filling up the DagBag from /home/airflow/.local/lib/python3.12/site-packages/airflow/example_dags/example_branch_python_dop_operator_3.py
[2024-11-25T02:13:01.676+0000] {processor.py:925} INFO - DAG(s) 'example_branch_dop_operator_v3' retrieved from /home/airflow/.local/lib/python3.12/site-packages/airflow/example_dags/example_branch_python_dop_operator_3.py
[2024-11-25T02:13:01.714+0000] {logging_mixin.py:190} INFO - [2024-11-25T02:13:01.713+0000] {dag.py:3239} INFO - Sync 1 DAGs
[2024-11-25T02:13:01.777+0000] {logging_mixin.py:190} INFO - [2024-11-25T02:13:01.777+0000] {dag.py:4180} INFO - Setting next_dagrun for example_branch_dop_operator_v3 to 2024-11-25 02:12:00+00:00, run_after=2024-11-25 02:13:00+00:00
[2024-11-25T02:13:01.820+0000] {processor.py:208} INFO - Processing /home/airflow/.local/lib/python3.12/site-packages/airflow/example_dags/example_branch_python_dop_operator_3.py took 0.190 seconds
[2024-11-25T02:13:32.100+0000] {processor.py:186} INFO - Started process (PID=2378) to work on /home/airflow/.local/lib/python3.12/site-packages/airflow/example_dags/example_branch_python_dop_operator_3.py
[2024-11-25T02:13:32.102+0000] {processor.py:914} INFO - Processing file /home/airflow/.local/lib/python3.12/site-packages/airflow/example_dags/example_branch_python_dop_operator_3.py for tasks to queue
[2024-11-25T02:13:32.105+0000] {logging_mixin.py:190} INFO - [2024-11-25T02:13:32.104+0000] {dagbag.py:588} INFO - Filling up the DagBag from /home/airflow/.local/lib/python3.12/site-packages/airflow/example_dags/example_branch_python_dop_operator_3.py
[2024-11-25T02:13:32.116+0000] {processor.py:925} INFO - DAG(s) 'example_branch_dop_operator_v3' retrieved from /home/airflow/.local/lib/python3.12/site-packages/airflow/example_dags/example_branch_python_dop_operator_3.py
[2024-11-25T02:13:32.137+0000] {logging_mixin.py:190} INFO - [2024-11-25T02:13:32.137+0000] {dag.py:3239} INFO - Sync 1 DAGs
[2024-11-25T02:13:32.172+0000] {logging_mixin.py:190} INFO - [2024-11-25T02:13:32.172+0000] {dag.py:4180} INFO - Setting next_dagrun for example_branch_dop_operator_v3 to 2024-11-25 02:12:00+00:00, run_after=2024-11-25 02:13:00+00:00
[2024-11-25T02:13:32.450+0000] {processor.py:208} INFO - Processing /home/airflow/.local/lib/python3.12/site-packages/airflow/example_dags/example_branch_python_dop_operator_3.py took 0.356 seconds
[2024-11-25T02:14:02.884+0000] {processor.py:186} INFO - Started process (PID=2443) to work on /home/airflow/.local/lib/python3.12/site-packages/airflow/example_dags/example_branch_python_dop_operator_3.py
[2024-11-25T02:14:02.885+0000] {processor.py:914} INFO - Processing file /home/airflow/.local/lib/python3.12/site-packages/airflow/example_dags/example_branch_python_dop_operator_3.py for tasks to queue
[2024-11-25T02:14:02.888+0000] {logging_mixin.py:190} INFO - [2024-11-25T02:14:02.888+0000] {dagbag.py:588} INFO - Filling up the DagBag from /home/airflow/.local/lib/python3.12/site-packages/airflow/example_dags/example_branch_python_dop_operator_3.py
[2024-11-25T02:14:02.900+0000] {processor.py:925} INFO - DAG(s) 'example_branch_dop_operator_v3' retrieved from /home/airflow/.local/lib/python3.12/site-packages/airflow/example_dags/example_branch_python_dop_operator_3.py
[2024-11-25T02:14:02.923+0000] {logging_mixin.py:190} INFO - [2024-11-25T02:14:02.922+0000] {dag.py:3239} INFO - Sync 1 DAGs
[2024-11-25T02:14:02.967+0000] {logging_mixin.py:190} INFO - [2024-11-25T02:14:02.966+0000] {dag.py:4180} INFO - Setting next_dagrun for example_branch_dop_operator_v3 to 2024-11-25 02:13:00+00:00, run_after=2024-11-25 02:14:00+00:00
[2024-11-25T02:14:03.185+0000] {processor.py:208} INFO - Processing /home/airflow/.local/lib/python3.12/site-packages/airflow/example_dags/example_branch_python_dop_operator_3.py took 0.308 seconds
[2024-11-25T02:14:33.969+0000] {processor.py:186} INFO - Started process (PID=2507) to work on /home/airflow/.local/lib/python3.12/site-packages/airflow/example_dags/example_branch_python_dop_operator_3.py
[2024-11-25T02:14:33.970+0000] {processor.py:914} INFO - Processing file /home/airflow/.local/lib/python3.12/site-packages/airflow/example_dags/example_branch_python_dop_operator_3.py for tasks to queue
[2024-11-25T02:14:33.973+0000] {logging_mixin.py:190} INFO - [2024-11-25T02:14:33.973+0000] {dagbag.py:588} INFO - Filling up the DagBag from /home/airflow/.local/lib/python3.12/site-packages/airflow/example_dags/example_branch_python_dop_operator_3.py
[2024-11-25T02:14:33.990+0000] {processor.py:925} INFO - DAG(s) 'example_branch_dop_operator_v3' retrieved from /home/airflow/.local/lib/python3.12/site-packages/airflow/example_dags/example_branch_python_dop_operator_3.py
[2024-11-25T02:14:34.021+0000] {logging_mixin.py:190} INFO - [2024-11-25T02:14:34.020+0000] {dag.py:3239} INFO - Sync 1 DAGs
[2024-11-25T02:14:34.060+0000] {logging_mixin.py:190} INFO - [2024-11-25T02:14:34.060+0000] {dag.py:4180} INFO - Setting next_dagrun for example_branch_dop_operator_v3 to 2024-11-25 02:13:00+00:00, run_after=2024-11-25 02:14:00+00:00
[2024-11-25T02:14:34.089+0000] {processor.py:208} INFO - Processing /home/airflow/.local/lib/python3.12/site-packages/airflow/example_dags/example_branch_python_dop_operator_3.py took 0.128 seconds
[2024-11-25T02:15:04.613+0000] {processor.py:186} INFO - Started process (PID=2578) to work on /home/airflow/.local/lib/python3.12/site-packages/airflow/example_dags/example_branch_python_dop_operator_3.py
[2024-11-25T02:15:04.614+0000] {processor.py:914} INFO - Processing file /home/airflow/.local/lib/python3.12/site-packages/airflow/example_dags/example_branch_python_dop_operator_3.py for tasks to queue
[2024-11-25T02:15:04.616+0000] {logging_mixin.py:190} INFO - [2024-11-25T02:15:04.616+0000] {dagbag.py:588} INFO - Filling up the DagBag from /home/airflow/.local/lib/python3.12/site-packages/airflow/example_dags/example_branch_python_dop_operator_3.py
[2024-11-25T02:15:04.628+0000] {processor.py:925} INFO - DAG(s) 'example_branch_dop_operator_v3' retrieved from /home/airflow/.local/lib/python3.12/site-packages/airflow/example_dags/example_branch_python_dop_operator_3.py
[2024-11-25T02:15:04.648+0000] {logging_mixin.py:190} INFO - [2024-11-25T02:15:04.648+0000] {dag.py:3239} INFO - Sync 1 DAGs
[2024-11-25T02:15:04.680+0000] {logging_mixin.py:190} INFO - [2024-11-25T02:15:04.679+0000] {dag.py:4180} INFO - Setting next_dagrun for example_branch_dop_operator_v3 to 2024-11-25 02:14:00+00:00, run_after=2024-11-25 02:15:00+00:00
[2024-11-25T02:15:04.700+0000] {processor.py:208} INFO - Processing /home/airflow/.local/lib/python3.12/site-packages/airflow/example_dags/example_branch_python_dop_operator_3.py took 0.094 seconds
[2024-11-25T02:15:35.408+0000] {processor.py:186} INFO - Started process (PID=2642) to work on /home/airflow/.local/lib/python3.12/site-packages/airflow/example_dags/example_branch_python_dop_operator_3.py
[2024-11-25T02:15:35.409+0000] {processor.py:914} INFO - Processing file /home/airflow/.local/lib/python3.12/site-packages/airflow/example_dags/example_branch_python_dop_operator_3.py for tasks to queue
[2024-11-25T02:15:35.411+0000] {logging_mixin.py:190} INFO - [2024-11-25T02:15:35.411+0000] {dagbag.py:588} INFO - Filling up the DagBag from /home/airflow/.local/lib/python3.12/site-packages/airflow/example_dags/example_branch_python_dop_operator_3.py
[2024-11-25T02:15:35.421+0000] {processor.py:925} INFO - DAG(s) 'example_branch_dop_operator_v3' retrieved from /home/airflow/.local/lib/python3.12/site-packages/airflow/example_dags/example_branch_python_dop_operator_3.py
[2024-11-25T02:15:35.441+0000] {logging_mixin.py:190} INFO - [2024-11-25T02:15:35.440+0000] {dag.py:3239} INFO - Sync 1 DAGs
[2024-11-25T02:15:35.477+0000] {logging_mixin.py:190} INFO - [2024-11-25T02:15:35.476+0000] {dag.py:4180} INFO - Setting next_dagrun for example_branch_dop_operator_v3 to 2024-11-25 02:14:00+00:00, run_after=2024-11-25 02:15:00+00:00
[2024-11-25T02:15:35.503+0000] {processor.py:208} INFO - Processing /home/airflow/.local/lib/python3.12/site-packages/airflow/example_dags/example_branch_python_dop_operator_3.py took 0.102 seconds
[2024-11-25T02:16:05.576+0000] {processor.py:186} INFO - Started process (PID=2705) to work on /home/airflow/.local/lib/python3.12/site-packages/airflow/example_dags/example_branch_python_dop_operator_3.py
[2024-11-25T02:16:05.577+0000] {processor.py:914} INFO - Processing file /home/airflow/.local/lib/python3.12/site-packages/airflow/example_dags/example_branch_python_dop_operator_3.py for tasks to queue
[2024-11-25T02:16:05.579+0000] {logging_mixin.py:190} INFO - [2024-11-25T02:16:05.579+0000] {dagbag.py:588} INFO - Filling up the DagBag from /home/airflow/.local/lib/python3.12/site-packages/airflow/example_dags/example_branch_python_dop_operator_3.py
[2024-11-25T02:16:05.589+0000] {processor.py:925} INFO - DAG(s) 'example_branch_dop_operator_v3' retrieved from /home/airflow/.local/lib/python3.12/site-packages/airflow/example_dags/example_branch_python_dop_operator_3.py
[2024-11-25T02:16:05.609+0000] {logging_mixin.py:190} INFO - [2024-11-25T02:16:05.608+0000] {dag.py:3239} INFO - Sync 1 DAGs
[2024-11-25T02:16:05.826+0000] {logging_mixin.py:190} INFO - [2024-11-25T02:16:05.826+0000] {dag.py:4180} INFO - Setting next_dagrun for example_branch_dop_operator_v3 to 2024-11-25 02:15:00+00:00, run_after=2024-11-25 02:16:00+00:00
[2024-11-25T02:16:05.842+0000] {processor.py:208} INFO - Processing /home/airflow/.local/lib/python3.12/site-packages/airflow/example_dags/example_branch_python_dop_operator_3.py took 0.271 seconds
[2024-11-25T02:16:36.143+0000] {processor.py:186} INFO - Started process (PID=2769) to work on /home/airflow/.local/lib/python3.12/site-packages/airflow/example_dags/example_branch_python_dop_operator_3.py
[2024-11-25T02:16:36.144+0000] {processor.py:914} INFO - Processing file /home/airflow/.local/lib/python3.12/site-packages/airflow/example_dags/example_branch_python_dop_operator_3.py for tasks to queue
[2024-11-25T02:16:36.148+0000] {logging_mixin.py:190} INFO - [2024-11-25T02:16:36.147+0000] {dagbag.py:588} INFO - Filling up the DagBag from /home/airflow/.local/lib/python3.12/site-packages/airflow/example_dags/example_branch_python_dop_operator_3.py
[2024-11-25T02:16:36.161+0000] {processor.py:925} INFO - DAG(s) 'example_branch_dop_operator_v3' retrieved from /home/airflow/.local/lib/python3.12/site-packages/airflow/example_dags/example_branch_python_dop_operator_3.py
[2024-11-25T02:16:36.186+0000] {logging_mixin.py:190} INFO - [2024-11-25T02:16:36.185+0000] {dag.py:3239} INFO - Sync 1 DAGs
[2024-11-25T02:16:36.217+0000] {logging_mixin.py:190} INFO - [2024-11-25T02:16:36.216+0000] {dag.py:4180} INFO - Setting next_dagrun for example_branch_dop_operator_v3 to 2024-11-25 02:15:00+00:00, run_after=2024-11-25 02:16:00+00:00
[2024-11-25T02:16:36.247+0000] {processor.py:208} INFO - Processing /home/airflow/.local/lib/python3.12/site-packages/airflow/example_dags/example_branch_python_dop_operator_3.py took 0.110 seconds
