[2024-11-25T01:55:30.644+0000] {processor.py:186} INFO - Started process (PID=128) to work on /home/airflow/.local/lib/python3.12/site-packages/airflow/example_dags/example_external_task_marker_dag.py
[2024-11-25T01:55:30.645+0000] {processor.py:914} INFO - Processing file /home/airflow/.local/lib/python3.12/site-packages/airflow/example_dags/example_external_task_marker_dag.py for tasks to queue
[2024-11-25T01:55:30.649+0000] {logging_mixin.py:190} INFO - [2024-11-25T01:55:30.649+0000] {dagbag.py:588} INFO - Filling up the DagBag from /home/airflow/.local/lib/python3.12/site-packages/airflow/example_dags/example_external_task_marker_dag.py
[2024-11-25T01:55:30.695+0000] {processor.py:925} INFO - DAG(s) 'example_external_task_marker_child', 'example_external_task_marker_parent' retrieved from /home/airflow/.local/lib/python3.12/site-packages/airflow/example_dags/example_external_task_marker_dag.py
[2024-11-25T01:55:30.771+0000] {logging_mixin.py:190} INFO - [2024-11-25T01:55:30.771+0000] {dag.py:3239} INFO - Sync 2 DAGs
[2024-11-25T01:55:30.835+0000] {logging_mixin.py:190} INFO - [2024-11-25T01:55:30.834+0000] {dag.py:4180} INFO - Setting next_dagrun for example_external_task_marker_child to None, run_after=None
[2024-11-25T01:55:30.852+0000] {logging_mixin.py:190} INFO - [2024-11-25T01:55:30.852+0000] {dag.py:4180} INFO - Setting next_dagrun for example_external_task_marker_parent to None, run_after=None
[2024-11-25T01:55:30.920+0000] {processor.py:208} INFO - Processing /home/airflow/.local/lib/python3.12/site-packages/airflow/example_dags/example_external_task_marker_dag.py took 0.294 seconds
[2024-11-25T01:56:01.115+0000] {processor.py:186} INFO - Started process (PID=191) to work on /home/airflow/.local/lib/python3.12/site-packages/airflow/example_dags/example_external_task_marker_dag.py
[2024-11-25T01:56:01.116+0000] {processor.py:914} INFO - Processing file /home/airflow/.local/lib/python3.12/site-packages/airflow/example_dags/example_external_task_marker_dag.py for tasks to queue
[2024-11-25T01:56:01.119+0000] {logging_mixin.py:190} INFO - [2024-11-25T01:56:01.119+0000] {dagbag.py:588} INFO - Filling up the DagBag from /home/airflow/.local/lib/python3.12/site-packages/airflow/example_dags/example_external_task_marker_dag.py
[2024-11-25T01:56:01.127+0000] {processor.py:925} INFO - DAG(s) 'example_external_task_marker_child', 'example_external_task_marker_parent' retrieved from /home/airflow/.local/lib/python3.12/site-packages/airflow/example_dags/example_external_task_marker_dag.py
[2024-11-25T01:56:01.149+0000] {logging_mixin.py:190} INFO - [2024-11-25T01:56:01.149+0000] {dag.py:3239} INFO - Sync 2 DAGs
[2024-11-25T01:56:01.163+0000] {logging_mixin.py:190} INFO - [2024-11-25T01:56:01.163+0000] {dag.py:4180} INFO - Setting next_dagrun for example_external_task_marker_child to None, run_after=None
[2024-11-25T01:56:01.167+0000] {logging_mixin.py:190} INFO - [2024-11-25T01:56:01.167+0000] {dag.py:4180} INFO - Setting next_dagrun for example_external_task_marker_parent to None, run_after=None
[2024-11-25T01:56:01.182+0000] {processor.py:208} INFO - Processing /home/airflow/.local/lib/python3.12/site-packages/airflow/example_dags/example_external_task_marker_dag.py took 0.073 seconds
[2024-11-25T01:56:31.299+0000] {processor.py:186} INFO - Started process (PID=254) to work on /home/airflow/.local/lib/python3.12/site-packages/airflow/example_dags/example_external_task_marker_dag.py
[2024-11-25T01:56:31.300+0000] {processor.py:914} INFO - Processing file /home/airflow/.local/lib/python3.12/site-packages/airflow/example_dags/example_external_task_marker_dag.py for tasks to queue
[2024-11-25T01:56:31.303+0000] {logging_mixin.py:190} INFO - [2024-11-25T01:56:31.303+0000] {dagbag.py:588} INFO - Filling up the DagBag from /home/airflow/.local/lib/python3.12/site-packages/airflow/example_dags/example_external_task_marker_dag.py
[2024-11-25T01:56:31.313+0000] {processor.py:925} INFO - DAG(s) 'example_external_task_marker_parent', 'example_external_task_marker_child' retrieved from /home/airflow/.local/lib/python3.12/site-packages/airflow/example_dags/example_external_task_marker_dag.py
[2024-11-25T01:56:31.345+0000] {logging_mixin.py:190} INFO - [2024-11-25T01:56:31.344+0000] {dag.py:3239} INFO - Sync 2 DAGs
[2024-11-25T01:56:31.369+0000] {logging_mixin.py:190} INFO - [2024-11-25T01:56:31.368+0000] {dag.py:4180} INFO - Setting next_dagrun for example_external_task_marker_child to None, run_after=None
[2024-11-25T01:56:31.374+0000] {logging_mixin.py:190} INFO - [2024-11-25T01:56:31.374+0000] {dag.py:4180} INFO - Setting next_dagrun for example_external_task_marker_parent to None, run_after=None
[2024-11-25T01:56:31.394+0000] {processor.py:208} INFO - Processing /home/airflow/.local/lib/python3.12/site-packages/airflow/example_dags/example_external_task_marker_dag.py took 0.103 seconds
[2024-11-25T01:57:05.372+0000] {processor.py:186} INFO - Started process (PID=318) to work on /home/airflow/.local/lib/python3.12/site-packages/airflow/example_dags/example_external_task_marker_dag.py
[2024-11-25T01:57:05.383+0000] {processor.py:914} INFO - Processing file /home/airflow/.local/lib/python3.12/site-packages/airflow/example_dags/example_external_task_marker_dag.py for tasks to queue
[2024-11-25T01:57:05.388+0000] {logging_mixin.py:190} INFO - [2024-11-25T01:57:05.387+0000] {dagbag.py:588} INFO - Filling up the DagBag from /home/airflow/.local/lib/python3.12/site-packages/airflow/example_dags/example_external_task_marker_dag.py
[2024-11-25T01:57:05.425+0000] {processor.py:925} INFO - DAG(s) 'example_external_task_marker_child', 'example_external_task_marker_parent' retrieved from /home/airflow/.local/lib/python3.12/site-packages/airflow/example_dags/example_external_task_marker_dag.py
[2024-11-25T01:57:05.500+0000] {logging_mixin.py:190} INFO - [2024-11-25T01:57:05.500+0000] {dag.py:3239} INFO - Sync 2 DAGs
[2024-11-25T01:57:05.559+0000] {logging_mixin.py:190} INFO - [2024-11-25T01:57:05.559+0000] {dag.py:4180} INFO - Setting next_dagrun for example_external_task_marker_child to None, run_after=None
[2024-11-25T01:57:05.573+0000] {logging_mixin.py:190} INFO - [2024-11-25T01:57:05.569+0000] {dag.py:4180} INFO - Setting next_dagrun for example_external_task_marker_parent to None, run_after=None
[2024-11-25T01:57:05.631+0000] {processor.py:208} INFO - Processing /home/airflow/.local/lib/python3.12/site-packages/airflow/example_dags/example_external_task_marker_dag.py took 0.270 seconds
[2024-11-25T01:57:36.191+0000] {processor.py:186} INFO - Started process (PID=381) to work on /home/airflow/.local/lib/python3.12/site-packages/airflow/example_dags/example_external_task_marker_dag.py
[2024-11-25T01:57:36.192+0000] {processor.py:914} INFO - Processing file /home/airflow/.local/lib/python3.12/site-packages/airflow/example_dags/example_external_task_marker_dag.py for tasks to queue
[2024-11-25T01:57:36.197+0000] {logging_mixin.py:190} INFO - [2024-11-25T01:57:36.196+0000] {dagbag.py:588} INFO - Filling up the DagBag from /home/airflow/.local/lib/python3.12/site-packages/airflow/example_dags/example_external_task_marker_dag.py
[2024-11-25T01:57:36.208+0000] {processor.py:925} INFO - DAG(s) 'example_external_task_marker_child', 'example_external_task_marker_parent' retrieved from /home/airflow/.local/lib/python3.12/site-packages/airflow/example_dags/example_external_task_marker_dag.py
[2024-11-25T01:57:36.236+0000] {logging_mixin.py:190} INFO - [2024-11-25T01:57:36.236+0000] {dag.py:3239} INFO - Sync 2 DAGs
[2024-11-25T01:57:36.255+0000] {logging_mixin.py:190} INFO - [2024-11-25T01:57:36.255+0000] {dag.py:4180} INFO - Setting next_dagrun for example_external_task_marker_child to None, run_after=None
[2024-11-25T01:57:36.260+0000] {logging_mixin.py:190} INFO - [2024-11-25T01:57:36.260+0000] {dag.py:4180} INFO - Setting next_dagrun for example_external_task_marker_parent to None, run_after=None
[2024-11-25T01:57:36.282+0000] {processor.py:208} INFO - Processing /home/airflow/.local/lib/python3.12/site-packages/airflow/example_dags/example_external_task_marker_dag.py took 0.100 seconds
[2024-11-25T01:58:06.839+0000] {processor.py:186} INFO - Started process (PID=445) to work on /home/airflow/.local/lib/python3.12/site-packages/airflow/example_dags/example_external_task_marker_dag.py
[2024-11-25T01:58:06.840+0000] {processor.py:914} INFO - Processing file /home/airflow/.local/lib/python3.12/site-packages/airflow/example_dags/example_external_task_marker_dag.py for tasks to queue
[2024-11-25T01:58:06.844+0000] {logging_mixin.py:190} INFO - [2024-11-25T01:58:06.844+0000] {dagbag.py:588} INFO - Filling up the DagBag from /home/airflow/.local/lib/python3.12/site-packages/airflow/example_dags/example_external_task_marker_dag.py
[2024-11-25T01:58:06.857+0000] {processor.py:925} INFO - DAG(s) 'example_external_task_marker_parent', 'example_external_task_marker_child' retrieved from /home/airflow/.local/lib/python3.12/site-packages/airflow/example_dags/example_external_task_marker_dag.py
[2024-11-25T01:58:06.900+0000] {logging_mixin.py:190} INFO - [2024-11-25T01:58:06.900+0000] {dag.py:3239} INFO - Sync 2 DAGs
[2024-11-25T01:58:06.933+0000] {logging_mixin.py:190} INFO - [2024-11-25T01:58:06.933+0000] {dag.py:4180} INFO - Setting next_dagrun for example_external_task_marker_child to None, run_after=None
[2024-11-25T01:58:06.942+0000] {logging_mixin.py:190} INFO - [2024-11-25T01:58:06.942+0000] {dag.py:4180} INFO - Setting next_dagrun for example_external_task_marker_parent to None, run_after=None
[2024-11-25T01:58:06.967+0000] {processor.py:208} INFO - Processing /home/airflow/.local/lib/python3.12/site-packages/airflow/example_dags/example_external_task_marker_dag.py took 0.134 seconds
[2024-11-25T01:58:37.117+0000] {processor.py:186} INFO - Started process (PID=509) to work on /home/airflow/.local/lib/python3.12/site-packages/airflow/example_dags/example_external_task_marker_dag.py
[2024-11-25T01:58:37.118+0000] {processor.py:914} INFO - Processing file /home/airflow/.local/lib/python3.12/site-packages/airflow/example_dags/example_external_task_marker_dag.py for tasks to queue
[2024-11-25T01:58:37.122+0000] {logging_mixin.py:190} INFO - [2024-11-25T01:58:37.121+0000] {dagbag.py:588} INFO - Filling up the DagBag from /home/airflow/.local/lib/python3.12/site-packages/airflow/example_dags/example_external_task_marker_dag.py
[2024-11-25T01:58:37.135+0000] {processor.py:925} INFO - DAG(s) 'example_external_task_marker_parent', 'example_external_task_marker_child' retrieved from /home/airflow/.local/lib/python3.12/site-packages/airflow/example_dags/example_external_task_marker_dag.py
[2024-11-25T01:58:37.161+0000] {logging_mixin.py:190} INFO - [2024-11-25T01:58:37.161+0000] {dag.py:3239} INFO - Sync 2 DAGs
[2024-11-25T01:58:37.178+0000] {logging_mixin.py:190} INFO - [2024-11-25T01:58:37.178+0000] {dag.py:4180} INFO - Setting next_dagrun for example_external_task_marker_child to None, run_after=None
[2024-11-25T01:58:37.183+0000] {logging_mixin.py:190} INFO - [2024-11-25T01:58:37.183+0000] {dag.py:4180} INFO - Setting next_dagrun for example_external_task_marker_parent to None, run_after=None
[2024-11-25T01:58:37.204+0000] {processor.py:208} INFO - Processing /home/airflow/.local/lib/python3.12/site-packages/airflow/example_dags/example_external_task_marker_dag.py took 0.094 seconds
[2024-11-25T01:59:07.790+0000] {processor.py:186} INFO - Started process (PID=573) to work on /home/airflow/.local/lib/python3.12/site-packages/airflow/example_dags/example_external_task_marker_dag.py
[2024-11-25T01:59:07.791+0000] {processor.py:914} INFO - Processing file /home/airflow/.local/lib/python3.12/site-packages/airflow/example_dags/example_external_task_marker_dag.py for tasks to queue
[2024-11-25T01:59:07.795+0000] {logging_mixin.py:190} INFO - [2024-11-25T01:59:07.794+0000] {dagbag.py:588} INFO - Filling up the DagBag from /home/airflow/.local/lib/python3.12/site-packages/airflow/example_dags/example_external_task_marker_dag.py
[2024-11-25T01:59:07.804+0000] {processor.py:925} INFO - DAG(s) 'example_external_task_marker_parent', 'example_external_task_marker_child' retrieved from /home/airflow/.local/lib/python3.12/site-packages/airflow/example_dags/example_external_task_marker_dag.py
[2024-11-25T01:59:07.832+0000] {logging_mixin.py:190} INFO - [2024-11-25T01:59:07.831+0000] {dag.py:3239} INFO - Sync 2 DAGs
[2024-11-25T01:59:07.858+0000] {logging_mixin.py:190} INFO - [2024-11-25T01:59:07.858+0000] {dag.py:4180} INFO - Setting next_dagrun for example_external_task_marker_child to None, run_after=None
[2024-11-25T01:59:07.864+0000] {logging_mixin.py:190} INFO - [2024-11-25T01:59:07.863+0000] {dag.py:4180} INFO - Setting next_dagrun for example_external_task_marker_parent to None, run_after=None
[2024-11-25T01:59:07.892+0000] {processor.py:208} INFO - Processing /home/airflow/.local/lib/python3.12/site-packages/airflow/example_dags/example_external_task_marker_dag.py took 0.111 seconds
[2024-11-25T01:59:38.861+0000] {processor.py:186} INFO - Started process (PID=637) to work on /home/airflow/.local/lib/python3.12/site-packages/airflow/example_dags/example_external_task_marker_dag.py
[2024-11-25T01:59:38.863+0000] {processor.py:914} INFO - Processing file /home/airflow/.local/lib/python3.12/site-packages/airflow/example_dags/example_external_task_marker_dag.py for tasks to queue
[2024-11-25T01:59:38.870+0000] {logging_mixin.py:190} INFO - [2024-11-25T01:59:38.869+0000] {dagbag.py:588} INFO - Filling up the DagBag from /home/airflow/.local/lib/python3.12/site-packages/airflow/example_dags/example_external_task_marker_dag.py
[2024-11-25T01:59:38.885+0000] {processor.py:925} INFO - DAG(s) 'example_external_task_marker_parent', 'example_external_task_marker_child' retrieved from /home/airflow/.local/lib/python3.12/site-packages/airflow/example_dags/example_external_task_marker_dag.py
[2024-11-25T01:59:38.964+0000] {logging_mixin.py:190} INFO - [2024-11-25T01:59:38.963+0000] {dag.py:3239} INFO - Sync 2 DAGs
[2024-11-25T01:59:39.006+0000] {logging_mixin.py:190} INFO - [2024-11-25T01:59:39.005+0000] {dag.py:4180} INFO - Setting next_dagrun for example_external_task_marker_child to None, run_after=None
[2024-11-25T01:59:39.023+0000] {logging_mixin.py:190} INFO - [2024-11-25T01:59:39.022+0000] {dag.py:4180} INFO - Setting next_dagrun for example_external_task_marker_parent to None, run_after=None
[2024-11-25T01:59:39.072+0000] {processor.py:208} INFO - Processing /home/airflow/.local/lib/python3.12/site-packages/airflow/example_dags/example_external_task_marker_dag.py took 0.222 seconds
[2024-11-25T02:00:09.192+0000] {processor.py:186} INFO - Started process (PID=701) to work on /home/airflow/.local/lib/python3.12/site-packages/airflow/example_dags/example_external_task_marker_dag.py
[2024-11-25T02:00:09.193+0000] {processor.py:914} INFO - Processing file /home/airflow/.local/lib/python3.12/site-packages/airflow/example_dags/example_external_task_marker_dag.py for tasks to queue
[2024-11-25T02:00:09.196+0000] {logging_mixin.py:190} INFO - [2024-11-25T02:00:09.195+0000] {dagbag.py:588} INFO - Filling up the DagBag from /home/airflow/.local/lib/python3.12/site-packages/airflow/example_dags/example_external_task_marker_dag.py
[2024-11-25T02:00:09.205+0000] {processor.py:925} INFO - DAG(s) 'example_external_task_marker_child', 'example_external_task_marker_parent' retrieved from /home/airflow/.local/lib/python3.12/site-packages/airflow/example_dags/example_external_task_marker_dag.py
[2024-11-25T02:00:09.234+0000] {logging_mixin.py:190} INFO - [2024-11-25T02:00:09.234+0000] {dag.py:3239} INFO - Sync 2 DAGs
[2024-11-25T02:00:09.252+0000] {logging_mixin.py:190} INFO - [2024-11-25T02:00:09.251+0000] {dag.py:4180} INFO - Setting next_dagrun for example_external_task_marker_child to None, run_after=None
[2024-11-25T02:00:09.256+0000] {logging_mixin.py:190} INFO - [2024-11-25T02:00:09.256+0000] {dag.py:4180} INFO - Setting next_dagrun for example_external_task_marker_parent to None, run_after=None
[2024-11-25T02:00:09.272+0000] {processor.py:208} INFO - Processing /home/airflow/.local/lib/python3.12/site-packages/airflow/example_dags/example_external_task_marker_dag.py took 0.086 seconds
[2024-11-25T02:00:39.497+0000] {processor.py:186} INFO - Started process (PID=769) to work on /home/airflow/.local/lib/python3.12/site-packages/airflow/example_dags/example_external_task_marker_dag.py
[2024-11-25T02:00:39.498+0000] {processor.py:914} INFO - Processing file /home/airflow/.local/lib/python3.12/site-packages/airflow/example_dags/example_external_task_marker_dag.py for tasks to queue
[2024-11-25T02:00:39.501+0000] {logging_mixin.py:190} INFO - [2024-11-25T02:00:39.500+0000] {dagbag.py:588} INFO - Filling up the DagBag from /home/airflow/.local/lib/python3.12/site-packages/airflow/example_dags/example_external_task_marker_dag.py
[2024-11-25T02:00:39.508+0000] {processor.py:925} INFO - DAG(s) 'example_external_task_marker_parent', 'example_external_task_marker_child' retrieved from /home/airflow/.local/lib/python3.12/site-packages/airflow/example_dags/example_external_task_marker_dag.py
[2024-11-25T02:00:39.529+0000] {logging_mixin.py:190} INFO - [2024-11-25T02:00:39.529+0000] {dag.py:3239} INFO - Sync 2 DAGs
[2024-11-25T02:00:39.548+0000] {logging_mixin.py:190} INFO - [2024-11-25T02:00:39.548+0000] {dag.py:4180} INFO - Setting next_dagrun for example_external_task_marker_child to None, run_after=None
[2024-11-25T02:00:39.553+0000] {logging_mixin.py:190} INFO - [2024-11-25T02:00:39.553+0000] {dag.py:4180} INFO - Setting next_dagrun for example_external_task_marker_parent to None, run_after=None
[2024-11-25T02:00:39.573+0000] {processor.py:208} INFO - Processing /home/airflow/.local/lib/python3.12/site-packages/airflow/example_dags/example_external_task_marker_dag.py took 0.081 seconds
[2024-11-25T02:01:09.729+0000] {processor.py:186} INFO - Started process (PID=833) to work on /home/airflow/.local/lib/python3.12/site-packages/airflow/example_dags/example_external_task_marker_dag.py
[2024-11-25T02:01:09.730+0000] {processor.py:914} INFO - Processing file /home/airflow/.local/lib/python3.12/site-packages/airflow/example_dags/example_external_task_marker_dag.py for tasks to queue
[2024-11-25T02:01:09.733+0000] {logging_mixin.py:190} INFO - [2024-11-25T02:01:09.732+0000] {dagbag.py:588} INFO - Filling up the DagBag from /home/airflow/.local/lib/python3.12/site-packages/airflow/example_dags/example_external_task_marker_dag.py
[2024-11-25T02:01:09.740+0000] {processor.py:925} INFO - DAG(s) 'example_external_task_marker_child', 'example_external_task_marker_parent' retrieved from /home/airflow/.local/lib/python3.12/site-packages/airflow/example_dags/example_external_task_marker_dag.py
[2024-11-25T02:01:09.759+0000] {logging_mixin.py:190} INFO - [2024-11-25T02:01:09.759+0000] {dag.py:3239} INFO - Sync 2 DAGs
[2024-11-25T02:01:09.773+0000] {logging_mixin.py:190} INFO - [2024-11-25T02:01:09.773+0000] {dag.py:4180} INFO - Setting next_dagrun for example_external_task_marker_child to None, run_after=None
[2024-11-25T02:01:09.777+0000] {logging_mixin.py:190} INFO - [2024-11-25T02:01:09.777+0000] {dag.py:4180} INFO - Setting next_dagrun for example_external_task_marker_parent to None, run_after=None
[2024-11-25T02:01:09.799+0000] {processor.py:208} INFO - Processing /home/airflow/.local/lib/python3.12/site-packages/airflow/example_dags/example_external_task_marker_dag.py took 0.074 seconds
[2024-11-25T02:01:39.905+0000] {processor.py:186} INFO - Started process (PID=897) to work on /home/airflow/.local/lib/python3.12/site-packages/airflow/example_dags/example_external_task_marker_dag.py
[2024-11-25T02:01:39.906+0000] {processor.py:914} INFO - Processing file /home/airflow/.local/lib/python3.12/site-packages/airflow/example_dags/example_external_task_marker_dag.py for tasks to queue
[2024-11-25T02:01:39.908+0000] {logging_mixin.py:190} INFO - [2024-11-25T02:01:39.908+0000] {dagbag.py:588} INFO - Filling up the DagBag from /home/airflow/.local/lib/python3.12/site-packages/airflow/example_dags/example_external_task_marker_dag.py
[2024-11-25T02:01:39.917+0000] {processor.py:925} INFO - DAG(s) 'example_external_task_marker_parent', 'example_external_task_marker_child' retrieved from /home/airflow/.local/lib/python3.12/site-packages/airflow/example_dags/example_external_task_marker_dag.py
[2024-11-25T02:01:39.943+0000] {logging_mixin.py:190} INFO - [2024-11-25T02:01:39.942+0000] {dag.py:3239} INFO - Sync 2 DAGs
[2024-11-25T02:01:39.966+0000] {logging_mixin.py:190} INFO - [2024-11-25T02:01:39.965+0000] {dag.py:4180} INFO - Setting next_dagrun for example_external_task_marker_child to None, run_after=None
[2024-11-25T02:01:39.971+0000] {logging_mixin.py:190} INFO - [2024-11-25T02:01:39.971+0000] {dag.py:4180} INFO - Setting next_dagrun for example_external_task_marker_parent to None, run_after=None
[2024-11-25T02:01:39.995+0000] {processor.py:208} INFO - Processing /home/airflow/.local/lib/python3.12/site-packages/airflow/example_dags/example_external_task_marker_dag.py took 0.095 seconds
[2024-11-25T02:02:10.621+0000] {processor.py:186} INFO - Started process (PID=961) to work on /home/airflow/.local/lib/python3.12/site-packages/airflow/example_dags/example_external_task_marker_dag.py
[2024-11-25T02:02:10.622+0000] {processor.py:914} INFO - Processing file /home/airflow/.local/lib/python3.12/site-packages/airflow/example_dags/example_external_task_marker_dag.py for tasks to queue
[2024-11-25T02:02:10.624+0000] {logging_mixin.py:190} INFO - [2024-11-25T02:02:10.624+0000] {dagbag.py:588} INFO - Filling up the DagBag from /home/airflow/.local/lib/python3.12/site-packages/airflow/example_dags/example_external_task_marker_dag.py
[2024-11-25T02:02:10.631+0000] {processor.py:925} INFO - DAG(s) 'example_external_task_marker_child', 'example_external_task_marker_parent' retrieved from /home/airflow/.local/lib/python3.12/site-packages/airflow/example_dags/example_external_task_marker_dag.py
[2024-11-25T02:02:10.652+0000] {logging_mixin.py:190} INFO - [2024-11-25T02:02:10.652+0000] {dag.py:3239} INFO - Sync 2 DAGs
[2024-11-25T02:02:10.667+0000] {logging_mixin.py:190} INFO - [2024-11-25T02:02:10.666+0000] {dag.py:4180} INFO - Setting next_dagrun for example_external_task_marker_child to None, run_after=None
[2024-11-25T02:02:10.670+0000] {logging_mixin.py:190} INFO - [2024-11-25T02:02:10.670+0000] {dag.py:4180} INFO - Setting next_dagrun for example_external_task_marker_parent to None, run_after=None
[2024-11-25T02:02:10.686+0000] {processor.py:208} INFO - Processing /home/airflow/.local/lib/python3.12/site-packages/airflow/example_dags/example_external_task_marker_dag.py took 0.071 seconds
[2024-11-25T02:02:41.286+0000] {processor.py:186} INFO - Started process (PID=1025) to work on /home/airflow/.local/lib/python3.12/site-packages/airflow/example_dags/example_external_task_marker_dag.py
[2024-11-25T02:02:41.287+0000] {processor.py:914} INFO - Processing file /home/airflow/.local/lib/python3.12/site-packages/airflow/example_dags/example_external_task_marker_dag.py for tasks to queue
[2024-11-25T02:02:41.291+0000] {logging_mixin.py:190} INFO - [2024-11-25T02:02:41.290+0000] {dagbag.py:588} INFO - Filling up the DagBag from /home/airflow/.local/lib/python3.12/site-packages/airflow/example_dags/example_external_task_marker_dag.py
[2024-11-25T02:02:41.303+0000] {processor.py:925} INFO - DAG(s) 'example_external_task_marker_child', 'example_external_task_marker_parent' retrieved from /home/airflow/.local/lib/python3.12/site-packages/airflow/example_dags/example_external_task_marker_dag.py
[2024-11-25T02:02:41.335+0000] {logging_mixin.py:190} INFO - [2024-11-25T02:02:41.334+0000] {dag.py:3239} INFO - Sync 2 DAGs
[2024-11-25T02:02:41.359+0000] {logging_mixin.py:190} INFO - [2024-11-25T02:02:41.358+0000] {dag.py:4180} INFO - Setting next_dagrun for example_external_task_marker_child to None, run_after=None
[2024-11-25T02:02:41.365+0000] {logging_mixin.py:190} INFO - [2024-11-25T02:02:41.365+0000] {dag.py:4180} INFO - Setting next_dagrun for example_external_task_marker_parent to None, run_after=None
[2024-11-25T02:02:41.386+0000] {processor.py:208} INFO - Processing /home/airflow/.local/lib/python3.12/site-packages/airflow/example_dags/example_external_task_marker_dag.py took 0.107 seconds
[2024-11-25T02:03:11.689+0000] {processor.py:186} INFO - Started process (PID=1089) to work on /home/airflow/.local/lib/python3.12/site-packages/airflow/example_dags/example_external_task_marker_dag.py
[2024-11-25T02:03:11.690+0000] {processor.py:914} INFO - Processing file /home/airflow/.local/lib/python3.12/site-packages/airflow/example_dags/example_external_task_marker_dag.py for tasks to queue
[2024-11-25T02:03:11.693+0000] {logging_mixin.py:190} INFO - [2024-11-25T02:03:11.693+0000] {dagbag.py:588} INFO - Filling up the DagBag from /home/airflow/.local/lib/python3.12/site-packages/airflow/example_dags/example_external_task_marker_dag.py
[2024-11-25T02:03:11.702+0000] {processor.py:925} INFO - DAG(s) 'example_external_task_marker_parent', 'example_external_task_marker_child' retrieved from /home/airflow/.local/lib/python3.12/site-packages/airflow/example_dags/example_external_task_marker_dag.py
[2024-11-25T02:03:11.727+0000] {logging_mixin.py:190} INFO - [2024-11-25T02:03:11.726+0000] {dag.py:3239} INFO - Sync 2 DAGs
[2024-11-25T02:03:11.741+0000] {logging_mixin.py:190} INFO - [2024-11-25T02:03:11.740+0000] {dag.py:4180} INFO - Setting next_dagrun for example_external_task_marker_child to None, run_after=None
[2024-11-25T02:03:11.744+0000] {logging_mixin.py:190} INFO - [2024-11-25T02:03:11.744+0000] {dag.py:4180} INFO - Setting next_dagrun for example_external_task_marker_parent to None, run_after=None
[2024-11-25T02:03:11.771+0000] {processor.py:208} INFO - Processing /home/airflow/.local/lib/python3.12/site-packages/airflow/example_dags/example_external_task_marker_dag.py took 0.090 seconds
[2024-11-25T02:03:42.021+0000] {processor.py:186} INFO - Started process (PID=1153) to work on /home/airflow/.local/lib/python3.12/site-packages/airflow/example_dags/example_external_task_marker_dag.py
[2024-11-25T02:03:42.023+0000] {processor.py:914} INFO - Processing file /home/airflow/.local/lib/python3.12/site-packages/airflow/example_dags/example_external_task_marker_dag.py for tasks to queue
[2024-11-25T02:03:42.029+0000] {logging_mixin.py:190} INFO - [2024-11-25T02:03:42.029+0000] {dagbag.py:588} INFO - Filling up the DagBag from /home/airflow/.local/lib/python3.12/site-packages/airflow/example_dags/example_external_task_marker_dag.py
[2024-11-25T02:03:42.039+0000] {processor.py:925} INFO - DAG(s) 'example_external_task_marker_child', 'example_external_task_marker_parent' retrieved from /home/airflow/.local/lib/python3.12/site-packages/airflow/example_dags/example_external_task_marker_dag.py
[2024-11-25T02:03:42.065+0000] {logging_mixin.py:190} INFO - [2024-11-25T02:03:42.065+0000] {dag.py:3239} INFO - Sync 2 DAGs
[2024-11-25T02:03:42.081+0000] {logging_mixin.py:190} INFO - [2024-11-25T02:03:42.080+0000] {dag.py:4180} INFO - Setting next_dagrun for example_external_task_marker_child to None, run_after=None
[2024-11-25T02:03:42.085+0000] {logging_mixin.py:190} INFO - [2024-11-25T02:03:42.084+0000] {dag.py:4180} INFO - Setting next_dagrun for example_external_task_marker_parent to None, run_after=None
[2024-11-25T02:03:42.102+0000] {processor.py:208} INFO - Processing /home/airflow/.local/lib/python3.12/site-packages/airflow/example_dags/example_external_task_marker_dag.py took 0.088 seconds
[2024-11-25T02:04:12.603+0000] {processor.py:186} INFO - Started process (PID=1217) to work on /home/airflow/.local/lib/python3.12/site-packages/airflow/example_dags/example_external_task_marker_dag.py
[2024-11-25T02:04:12.604+0000] {processor.py:914} INFO - Processing file /home/airflow/.local/lib/python3.12/site-packages/airflow/example_dags/example_external_task_marker_dag.py for tasks to queue
[2024-11-25T02:04:12.607+0000] {logging_mixin.py:190} INFO - [2024-11-25T02:04:12.607+0000] {dagbag.py:588} INFO - Filling up the DagBag from /home/airflow/.local/lib/python3.12/site-packages/airflow/example_dags/example_external_task_marker_dag.py
[2024-11-25T02:04:12.616+0000] {processor.py:925} INFO - DAG(s) 'example_external_task_marker_child', 'example_external_task_marker_parent' retrieved from /home/airflow/.local/lib/python3.12/site-packages/airflow/example_dags/example_external_task_marker_dag.py
[2024-11-25T02:04:12.641+0000] {logging_mixin.py:190} INFO - [2024-11-25T02:04:12.640+0000] {dag.py:3239} INFO - Sync 2 DAGs
[2024-11-25T02:04:12.662+0000] {logging_mixin.py:190} INFO - [2024-11-25T02:04:12.661+0000] {dag.py:4180} INFO - Setting next_dagrun for example_external_task_marker_child to None, run_after=None
[2024-11-25T02:04:12.668+0000] {logging_mixin.py:190} INFO - [2024-11-25T02:04:12.667+0000] {dag.py:4180} INFO - Setting next_dagrun for example_external_task_marker_parent to None, run_after=None
[2024-11-25T02:04:12.691+0000] {processor.py:208} INFO - Processing /home/airflow/.local/lib/python3.12/site-packages/airflow/example_dags/example_external_task_marker_dag.py took 0.094 seconds
[2024-11-25T02:04:43.177+0000] {processor.py:186} INFO - Started process (PID=1281) to work on /home/airflow/.local/lib/python3.12/site-packages/airflow/example_dags/example_external_task_marker_dag.py
[2024-11-25T02:04:43.179+0000] {processor.py:914} INFO - Processing file /home/airflow/.local/lib/python3.12/site-packages/airflow/example_dags/example_external_task_marker_dag.py for tasks to queue
[2024-11-25T02:04:43.183+0000] {logging_mixin.py:190} INFO - [2024-11-25T02:04:43.182+0000] {dagbag.py:588} INFO - Filling up the DagBag from /home/airflow/.local/lib/python3.12/site-packages/airflow/example_dags/example_external_task_marker_dag.py
[2024-11-25T02:04:43.193+0000] {processor.py:925} INFO - DAG(s) 'example_external_task_marker_parent', 'example_external_task_marker_child' retrieved from /home/airflow/.local/lib/python3.12/site-packages/airflow/example_dags/example_external_task_marker_dag.py
[2024-11-25T02:04:43.222+0000] {logging_mixin.py:190} INFO - [2024-11-25T02:04:43.221+0000] {dag.py:3239} INFO - Sync 2 DAGs
[2024-11-25T02:04:43.243+0000] {logging_mixin.py:190} INFO - [2024-11-25T02:04:43.242+0000] {dag.py:4180} INFO - Setting next_dagrun for example_external_task_marker_child to None, run_after=None
[2024-11-25T02:04:43.247+0000] {logging_mixin.py:190} INFO - [2024-11-25T02:04:43.247+0000] {dag.py:4180} INFO - Setting next_dagrun for example_external_task_marker_parent to None, run_after=None
[2024-11-25T02:04:43.264+0000] {processor.py:208} INFO - Processing /home/airflow/.local/lib/python3.12/site-packages/airflow/example_dags/example_external_task_marker_dag.py took 0.095 seconds
[2024-11-25T02:05:13.966+0000] {processor.py:186} INFO - Started process (PID=1345) to work on /home/airflow/.local/lib/python3.12/site-packages/airflow/example_dags/example_external_task_marker_dag.py
[2024-11-25T02:05:13.967+0000] {processor.py:914} INFO - Processing file /home/airflow/.local/lib/python3.12/site-packages/airflow/example_dags/example_external_task_marker_dag.py for tasks to queue
[2024-11-25T02:05:13.971+0000] {logging_mixin.py:190} INFO - [2024-11-25T02:05:13.971+0000] {dagbag.py:588} INFO - Filling up the DagBag from /home/airflow/.local/lib/python3.12/site-packages/airflow/example_dags/example_external_task_marker_dag.py
[2024-11-25T02:05:13.979+0000] {processor.py:925} INFO - DAG(s) 'example_external_task_marker_parent', 'example_external_task_marker_child' retrieved from /home/airflow/.local/lib/python3.12/site-packages/airflow/example_dags/example_external_task_marker_dag.py
[2024-11-25T02:05:14.001+0000] {logging_mixin.py:190} INFO - [2024-11-25T02:05:14.001+0000] {dag.py:3239} INFO - Sync 2 DAGs
[2024-11-25T02:05:14.015+0000] {logging_mixin.py:190} INFO - [2024-11-25T02:05:14.015+0000] {dag.py:4180} INFO - Setting next_dagrun for example_external_task_marker_child to None, run_after=None
[2024-11-25T02:05:14.019+0000] {logging_mixin.py:190} INFO - [2024-11-25T02:05:14.019+0000] {dag.py:4180} INFO - Setting next_dagrun for example_external_task_marker_parent to None, run_after=None
[2024-11-25T02:05:14.039+0000] {processor.py:208} INFO - Processing /home/airflow/.local/lib/python3.12/site-packages/airflow/example_dags/example_external_task_marker_dag.py took 0.082 seconds
[2024-11-25T02:05:44.963+0000] {processor.py:186} INFO - Started process (PID=1409) to work on /home/airflow/.local/lib/python3.12/site-packages/airflow/example_dags/example_external_task_marker_dag.py
[2024-11-25T02:05:44.964+0000] {processor.py:914} INFO - Processing file /home/airflow/.local/lib/python3.12/site-packages/airflow/example_dags/example_external_task_marker_dag.py for tasks to queue
[2024-11-25T02:05:44.967+0000] {logging_mixin.py:190} INFO - [2024-11-25T02:05:44.966+0000] {dagbag.py:588} INFO - Filling up the DagBag from /home/airflow/.local/lib/python3.12/site-packages/airflow/example_dags/example_external_task_marker_dag.py
[2024-11-25T02:05:44.975+0000] {processor.py:925} INFO - DAG(s) 'example_external_task_marker_parent', 'example_external_task_marker_child' retrieved from /home/airflow/.local/lib/python3.12/site-packages/airflow/example_dags/example_external_task_marker_dag.py
[2024-11-25T02:05:44.994+0000] {logging_mixin.py:190} INFO - [2024-11-25T02:05:44.994+0000] {dag.py:3239} INFO - Sync 2 DAGs
[2024-11-25T02:05:45.009+0000] {logging_mixin.py:190} INFO - [2024-11-25T02:05:45.008+0000] {dag.py:4180} INFO - Setting next_dagrun for example_external_task_marker_child to None, run_after=None
[2024-11-25T02:05:45.013+0000] {logging_mixin.py:190} INFO - [2024-11-25T02:05:45.013+0000] {dag.py:4180} INFO - Setting next_dagrun for example_external_task_marker_parent to None, run_after=None
[2024-11-25T02:05:45.034+0000] {processor.py:208} INFO - Processing /home/airflow/.local/lib/python3.12/site-packages/airflow/example_dags/example_external_task_marker_dag.py took 0.076 seconds
[2024-11-25T02:06:15.186+0000] {processor.py:186} INFO - Started process (PID=1473) to work on /home/airflow/.local/lib/python3.12/site-packages/airflow/example_dags/example_external_task_marker_dag.py
[2024-11-25T02:06:15.187+0000] {processor.py:914} INFO - Processing file /home/airflow/.local/lib/python3.12/site-packages/airflow/example_dags/example_external_task_marker_dag.py for tasks to queue
[2024-11-25T02:06:15.189+0000] {logging_mixin.py:190} INFO - [2024-11-25T02:06:15.189+0000] {dagbag.py:588} INFO - Filling up the DagBag from /home/airflow/.local/lib/python3.12/site-packages/airflow/example_dags/example_external_task_marker_dag.py
[2024-11-25T02:06:15.197+0000] {processor.py:925} INFO - DAG(s) 'example_external_task_marker_parent', 'example_external_task_marker_child' retrieved from /home/airflow/.local/lib/python3.12/site-packages/airflow/example_dags/example_external_task_marker_dag.py
[2024-11-25T02:06:15.220+0000] {logging_mixin.py:190} INFO - [2024-11-25T02:06:15.220+0000] {dag.py:3239} INFO - Sync 2 DAGs
[2024-11-25T02:06:15.234+0000] {logging_mixin.py:190} INFO - [2024-11-25T02:06:15.234+0000] {dag.py:4180} INFO - Setting next_dagrun for example_external_task_marker_child to None, run_after=None
[2024-11-25T02:06:15.238+0000] {logging_mixin.py:190} INFO - [2024-11-25T02:06:15.238+0000] {dag.py:4180} INFO - Setting next_dagrun for example_external_task_marker_parent to None, run_after=None
[2024-11-25T02:06:15.255+0000] {processor.py:208} INFO - Processing /home/airflow/.local/lib/python3.12/site-packages/airflow/example_dags/example_external_task_marker_dag.py took 0.074 seconds
[2024-11-25T02:06:45.866+0000] {processor.py:186} INFO - Started process (PID=1538) to work on /home/airflow/.local/lib/python3.12/site-packages/airflow/example_dags/example_external_task_marker_dag.py
[2024-11-25T02:06:45.867+0000] {processor.py:914} INFO - Processing file /home/airflow/.local/lib/python3.12/site-packages/airflow/example_dags/example_external_task_marker_dag.py for tasks to queue
[2024-11-25T02:06:45.869+0000] {logging_mixin.py:190} INFO - [2024-11-25T02:06:45.869+0000] {dagbag.py:588} INFO - Filling up the DagBag from /home/airflow/.local/lib/python3.12/site-packages/airflow/example_dags/example_external_task_marker_dag.py
[2024-11-25T02:06:45.877+0000] {processor.py:925} INFO - DAG(s) 'example_external_task_marker_parent', 'example_external_task_marker_child' retrieved from /home/airflow/.local/lib/python3.12/site-packages/airflow/example_dags/example_external_task_marker_dag.py
[2024-11-25T02:06:45.899+0000] {logging_mixin.py:190} INFO - [2024-11-25T02:06:45.899+0000] {dag.py:3239} INFO - Sync 2 DAGs
[2024-11-25T02:06:45.914+0000] {logging_mixin.py:190} INFO - [2024-11-25T02:06:45.914+0000] {dag.py:4180} INFO - Setting next_dagrun for example_external_task_marker_child to None, run_after=None
[2024-11-25T02:06:45.918+0000] {logging_mixin.py:190} INFO - [2024-11-25T02:06:45.918+0000] {dag.py:4180} INFO - Setting next_dagrun for example_external_task_marker_parent to None, run_after=None
[2024-11-25T02:06:45.936+0000] {processor.py:208} INFO - Processing /home/airflow/.local/lib/python3.12/site-packages/airflow/example_dags/example_external_task_marker_dag.py took 0.075 seconds
[2024-11-25T02:07:16.363+0000] {processor.py:186} INFO - Started process (PID=1602) to work on /home/airflow/.local/lib/python3.12/site-packages/airflow/example_dags/example_external_task_marker_dag.py
[2024-11-25T02:07:16.364+0000] {processor.py:914} INFO - Processing file /home/airflow/.local/lib/python3.12/site-packages/airflow/example_dags/example_external_task_marker_dag.py for tasks to queue
[2024-11-25T02:07:16.376+0000] {logging_mixin.py:190} INFO - [2024-11-25T02:07:16.375+0000] {dagbag.py:588} INFO - Filling up the DagBag from /home/airflow/.local/lib/python3.12/site-packages/airflow/example_dags/example_external_task_marker_dag.py
[2024-11-25T02:07:16.400+0000] {processor.py:925} INFO - DAG(s) 'example_external_task_marker_child', 'example_external_task_marker_parent' retrieved from /home/airflow/.local/lib/python3.12/site-packages/airflow/example_dags/example_external_task_marker_dag.py
[2024-11-25T02:07:16.437+0000] {logging_mixin.py:190} INFO - [2024-11-25T02:07:16.437+0000] {dag.py:3239} INFO - Sync 2 DAGs
[2024-11-25T02:07:16.483+0000] {logging_mixin.py:190} INFO - [2024-11-25T02:07:16.482+0000] {dag.py:4180} INFO - Setting next_dagrun for example_external_task_marker_child to None, run_after=None
[2024-11-25T02:07:16.491+0000] {logging_mixin.py:190} INFO - [2024-11-25T02:07:16.491+0000] {dag.py:4180} INFO - Setting next_dagrun for example_external_task_marker_parent to None, run_after=None
[2024-11-25T02:07:16.526+0000] {processor.py:208} INFO - Processing /home/airflow/.local/lib/python3.12/site-packages/airflow/example_dags/example_external_task_marker_dag.py took 0.173 seconds
[2024-11-25T02:07:46.832+0000] {processor.py:186} INFO - Started process (PID=1666) to work on /home/airflow/.local/lib/python3.12/site-packages/airflow/example_dags/example_external_task_marker_dag.py
[2024-11-25T02:07:46.833+0000] {processor.py:914} INFO - Processing file /home/airflow/.local/lib/python3.12/site-packages/airflow/example_dags/example_external_task_marker_dag.py for tasks to queue
[2024-11-25T02:07:46.836+0000] {logging_mixin.py:190} INFO - [2024-11-25T02:07:46.835+0000] {dagbag.py:588} INFO - Filling up the DagBag from /home/airflow/.local/lib/python3.12/site-packages/airflow/example_dags/example_external_task_marker_dag.py
[2024-11-25T02:07:46.843+0000] {processor.py:925} INFO - DAG(s) 'example_external_task_marker_parent', 'example_external_task_marker_child' retrieved from /home/airflow/.local/lib/python3.12/site-packages/airflow/example_dags/example_external_task_marker_dag.py
[2024-11-25T02:07:46.866+0000] {logging_mixin.py:190} INFO - [2024-11-25T02:07:46.866+0000] {dag.py:3239} INFO - Sync 2 DAGs
[2024-11-25T02:07:46.882+0000] {logging_mixin.py:190} INFO - [2024-11-25T02:07:46.882+0000] {dag.py:4180} INFO - Setting next_dagrun for example_external_task_marker_child to None, run_after=None
[2024-11-25T02:07:46.888+0000] {logging_mixin.py:190} INFO - [2024-11-25T02:07:46.888+0000] {dag.py:4180} INFO - Setting next_dagrun for example_external_task_marker_parent to None, run_after=None
[2024-11-25T02:07:46.921+0000] {processor.py:208} INFO - Processing /home/airflow/.local/lib/python3.12/site-packages/airflow/example_dags/example_external_task_marker_dag.py took 0.094 seconds
[2024-11-25T02:08:17.617+0000] {processor.py:186} INFO - Started process (PID=1730) to work on /home/airflow/.local/lib/python3.12/site-packages/airflow/example_dags/example_external_task_marker_dag.py
[2024-11-25T02:08:17.618+0000] {processor.py:914} INFO - Processing file /home/airflow/.local/lib/python3.12/site-packages/airflow/example_dags/example_external_task_marker_dag.py for tasks to queue
[2024-11-25T02:08:17.621+0000] {logging_mixin.py:190} INFO - [2024-11-25T02:08:17.620+0000] {dagbag.py:588} INFO - Filling up the DagBag from /home/airflow/.local/lib/python3.12/site-packages/airflow/example_dags/example_external_task_marker_dag.py
[2024-11-25T02:08:17.628+0000] {processor.py:925} INFO - DAG(s) 'example_external_task_marker_parent', 'example_external_task_marker_child' retrieved from /home/airflow/.local/lib/python3.12/site-packages/airflow/example_dags/example_external_task_marker_dag.py
[2024-11-25T02:08:17.649+0000] {logging_mixin.py:190} INFO - [2024-11-25T02:08:17.648+0000] {dag.py:3239} INFO - Sync 2 DAGs
[2024-11-25T02:08:17.662+0000] {logging_mixin.py:190} INFO - [2024-11-25T02:08:17.662+0000] {dag.py:4180} INFO - Setting next_dagrun for example_external_task_marker_child to None, run_after=None
[2024-11-25T02:08:17.666+0000] {logging_mixin.py:190} INFO - [2024-11-25T02:08:17.666+0000] {dag.py:4180} INFO - Setting next_dagrun for example_external_task_marker_parent to None, run_after=None
[2024-11-25T02:08:17.682+0000] {processor.py:208} INFO - Processing /home/airflow/.local/lib/python3.12/site-packages/airflow/example_dags/example_external_task_marker_dag.py took 0.070 seconds
[2024-11-25T02:08:48.492+0000] {processor.py:186} INFO - Started process (PID=1794) to work on /home/airflow/.local/lib/python3.12/site-packages/airflow/example_dags/example_external_task_marker_dag.py
[2024-11-25T02:08:48.494+0000] {processor.py:914} INFO - Processing file /home/airflow/.local/lib/python3.12/site-packages/airflow/example_dags/example_external_task_marker_dag.py for tasks to queue
[2024-11-25T02:08:48.499+0000] {logging_mixin.py:190} INFO - [2024-11-25T02:08:48.498+0000] {dagbag.py:588} INFO - Filling up the DagBag from /home/airflow/.local/lib/python3.12/site-packages/airflow/example_dags/example_external_task_marker_dag.py
[2024-11-25T02:08:48.515+0000] {processor.py:925} INFO - DAG(s) 'example_external_task_marker_parent', 'example_external_task_marker_child' retrieved from /home/airflow/.local/lib/python3.12/site-packages/airflow/example_dags/example_external_task_marker_dag.py
[2024-11-25T02:08:48.560+0000] {logging_mixin.py:190} INFO - [2024-11-25T02:08:48.559+0000] {dag.py:3239} INFO - Sync 2 DAGs
[2024-11-25T02:08:48.599+0000] {logging_mixin.py:190} INFO - [2024-11-25T02:08:48.598+0000] {dag.py:4180} INFO - Setting next_dagrun for example_external_task_marker_child to None, run_after=None
[2024-11-25T02:08:48.608+0000] {logging_mixin.py:190} INFO - [2024-11-25T02:08:48.607+0000] {dag.py:4180} INFO - Setting next_dagrun for example_external_task_marker_parent to None, run_after=None
[2024-11-25T02:08:48.654+0000] {processor.py:208} INFO - Processing /home/airflow/.local/lib/python3.12/site-packages/airflow/example_dags/example_external_task_marker_dag.py took 0.173 seconds
[2024-11-25T02:09:18.926+0000] {processor.py:186} INFO - Started process (PID=1858) to work on /home/airflow/.local/lib/python3.12/site-packages/airflow/example_dags/example_external_task_marker_dag.py
[2024-11-25T02:09:18.927+0000] {processor.py:914} INFO - Processing file /home/airflow/.local/lib/python3.12/site-packages/airflow/example_dags/example_external_task_marker_dag.py for tasks to queue
[2024-11-25T02:09:18.930+0000] {logging_mixin.py:190} INFO - [2024-11-25T02:09:18.930+0000] {dagbag.py:588} INFO - Filling up the DagBag from /home/airflow/.local/lib/python3.12/site-packages/airflow/example_dags/example_external_task_marker_dag.py
[2024-11-25T02:09:18.939+0000] {processor.py:925} INFO - DAG(s) 'example_external_task_marker_child', 'example_external_task_marker_parent' retrieved from /home/airflow/.local/lib/python3.12/site-packages/airflow/example_dags/example_external_task_marker_dag.py
[2024-11-25T02:09:18.967+0000] {logging_mixin.py:190} INFO - [2024-11-25T02:09:18.967+0000] {dag.py:3239} INFO - Sync 2 DAGs
[2024-11-25T02:09:18.983+0000] {logging_mixin.py:190} INFO - [2024-11-25T02:09:18.982+0000] {dag.py:4180} INFO - Setting next_dagrun for example_external_task_marker_child to None, run_after=None
[2024-11-25T02:09:18.987+0000] {logging_mixin.py:190} INFO - [2024-11-25T02:09:18.987+0000] {dag.py:4180} INFO - Setting next_dagrun for example_external_task_marker_parent to None, run_after=None
[2024-11-25T02:09:19.008+0000] {processor.py:208} INFO - Processing /home/airflow/.local/lib/python3.12/site-packages/airflow/example_dags/example_external_task_marker_dag.py took 0.088 seconds
[2024-11-25T02:09:49.262+0000] {processor.py:186} INFO - Started process (PID=1922) to work on /home/airflow/.local/lib/python3.12/site-packages/airflow/example_dags/example_external_task_marker_dag.py
[2024-11-25T02:09:49.263+0000] {processor.py:914} INFO - Processing file /home/airflow/.local/lib/python3.12/site-packages/airflow/example_dags/example_external_task_marker_dag.py for tasks to queue
[2024-11-25T02:09:49.267+0000] {logging_mixin.py:190} INFO - [2024-11-25T02:09:49.266+0000] {dagbag.py:588} INFO - Filling up the DagBag from /home/airflow/.local/lib/python3.12/site-packages/airflow/example_dags/example_external_task_marker_dag.py
[2024-11-25T02:09:49.278+0000] {processor.py:925} INFO - DAG(s) 'example_external_task_marker_child', 'example_external_task_marker_parent' retrieved from /home/airflow/.local/lib/python3.12/site-packages/airflow/example_dags/example_external_task_marker_dag.py
[2024-11-25T02:09:49.305+0000] {logging_mixin.py:190} INFO - [2024-11-25T02:09:49.305+0000] {dag.py:3239} INFO - Sync 2 DAGs
[2024-11-25T02:09:49.325+0000] {logging_mixin.py:190} INFO - [2024-11-25T02:09:49.324+0000] {dag.py:4180} INFO - Setting next_dagrun for example_external_task_marker_child to None, run_after=None
[2024-11-25T02:09:49.334+0000] {logging_mixin.py:190} INFO - [2024-11-25T02:09:49.334+0000] {dag.py:4180} INFO - Setting next_dagrun for example_external_task_marker_parent to None, run_after=None
[2024-11-25T02:09:49.374+0000] {processor.py:208} INFO - Processing /home/airflow/.local/lib/python3.12/site-packages/airflow/example_dags/example_external_task_marker_dag.py took 0.121 seconds
[2024-11-25T02:10:20.302+0000] {processor.py:186} INFO - Started process (PID=1986) to work on /home/airflow/.local/lib/python3.12/site-packages/airflow/example_dags/example_external_task_marker_dag.py
[2024-11-25T02:10:20.303+0000] {processor.py:914} INFO - Processing file /home/airflow/.local/lib/python3.12/site-packages/airflow/example_dags/example_external_task_marker_dag.py for tasks to queue
[2024-11-25T02:10:20.305+0000] {logging_mixin.py:190} INFO - [2024-11-25T02:10:20.305+0000] {dagbag.py:588} INFO - Filling up the DagBag from /home/airflow/.local/lib/python3.12/site-packages/airflow/example_dags/example_external_task_marker_dag.py
[2024-11-25T02:10:20.313+0000] {processor.py:925} INFO - DAG(s) 'example_external_task_marker_child', 'example_external_task_marker_parent' retrieved from /home/airflow/.local/lib/python3.12/site-packages/airflow/example_dags/example_external_task_marker_dag.py
[2024-11-25T02:10:20.335+0000] {logging_mixin.py:190} INFO - [2024-11-25T02:10:20.334+0000] {dag.py:3239} INFO - Sync 2 DAGs
[2024-11-25T02:10:20.350+0000] {logging_mixin.py:190} INFO - [2024-11-25T02:10:20.349+0000] {dag.py:4180} INFO - Setting next_dagrun for example_external_task_marker_child to None, run_after=None
[2024-11-25T02:10:20.354+0000] {logging_mixin.py:190} INFO - [2024-11-25T02:10:20.353+0000] {dag.py:4180} INFO - Setting next_dagrun for example_external_task_marker_parent to None, run_after=None
[2024-11-25T02:10:20.373+0000] {processor.py:208} INFO - Processing /home/airflow/.local/lib/python3.12/site-packages/airflow/example_dags/example_external_task_marker_dag.py took 0.077 seconds
[2024-11-25T02:10:50.708+0000] {processor.py:186} INFO - Started process (PID=2050) to work on /home/airflow/.local/lib/python3.12/site-packages/airflow/example_dags/example_external_task_marker_dag.py
[2024-11-25T02:10:50.709+0000] {processor.py:914} INFO - Processing file /home/airflow/.local/lib/python3.12/site-packages/airflow/example_dags/example_external_task_marker_dag.py for tasks to queue
[2024-11-25T02:10:50.711+0000] {logging_mixin.py:190} INFO - [2024-11-25T02:10:50.711+0000] {dagbag.py:588} INFO - Filling up the DagBag from /home/airflow/.local/lib/python3.12/site-packages/airflow/example_dags/example_external_task_marker_dag.py
[2024-11-25T02:10:50.719+0000] {processor.py:925} INFO - DAG(s) 'example_external_task_marker_child', 'example_external_task_marker_parent' retrieved from /home/airflow/.local/lib/python3.12/site-packages/airflow/example_dags/example_external_task_marker_dag.py
[2024-11-25T02:10:50.747+0000] {logging_mixin.py:190} INFO - [2024-11-25T02:10:50.746+0000] {dag.py:3239} INFO - Sync 2 DAGs
[2024-11-25T02:10:50.762+0000] {logging_mixin.py:190} INFO - [2024-11-25T02:10:50.762+0000] {dag.py:4180} INFO - Setting next_dagrun for example_external_task_marker_child to None, run_after=None
[2024-11-25T02:10:50.766+0000] {logging_mixin.py:190} INFO - [2024-11-25T02:10:50.766+0000] {dag.py:4180} INFO - Setting next_dagrun for example_external_task_marker_parent to None, run_after=None
[2024-11-25T02:10:50.794+0000] {processor.py:208} INFO - Processing /home/airflow/.local/lib/python3.12/site-packages/airflow/example_dags/example_external_task_marker_dag.py took 0.091 seconds
[2024-11-25T02:11:21.238+0000] {processor.py:186} INFO - Started process (PID=2115) to work on /home/airflow/.local/lib/python3.12/site-packages/airflow/example_dags/example_external_task_marker_dag.py
[2024-11-25T02:11:21.239+0000] {processor.py:914} INFO - Processing file /home/airflow/.local/lib/python3.12/site-packages/airflow/example_dags/example_external_task_marker_dag.py for tasks to queue
[2024-11-25T02:11:21.243+0000] {logging_mixin.py:190} INFO - [2024-11-25T02:11:21.242+0000] {dagbag.py:588} INFO - Filling up the DagBag from /home/airflow/.local/lib/python3.12/site-packages/airflow/example_dags/example_external_task_marker_dag.py
[2024-11-25T02:11:21.252+0000] {processor.py:925} INFO - DAG(s) 'example_external_task_marker_parent', 'example_external_task_marker_child' retrieved from /home/airflow/.local/lib/python3.12/site-packages/airflow/example_dags/example_external_task_marker_dag.py
[2024-11-25T02:11:21.279+0000] {logging_mixin.py:190} INFO - [2024-11-25T02:11:21.279+0000] {dag.py:3239} INFO - Sync 2 DAGs
[2024-11-25T02:11:21.299+0000] {logging_mixin.py:190} INFO - [2024-11-25T02:11:21.299+0000] {dag.py:4180} INFO - Setting next_dagrun for example_external_task_marker_child to None, run_after=None
[2024-11-25T02:11:21.305+0000] {logging_mixin.py:190} INFO - [2024-11-25T02:11:21.304+0000] {dag.py:4180} INFO - Setting next_dagrun for example_external_task_marker_parent to None, run_after=None
[2024-11-25T02:11:21.351+0000] {processor.py:208} INFO - Processing /home/airflow/.local/lib/python3.12/site-packages/airflow/example_dags/example_external_task_marker_dag.py took 0.126 seconds
[2024-11-25T02:11:52.055+0000] {processor.py:186} INFO - Started process (PID=2179) to work on /home/airflow/.local/lib/python3.12/site-packages/airflow/example_dags/example_external_task_marker_dag.py
[2024-11-25T02:11:52.056+0000] {processor.py:914} INFO - Processing file /home/airflow/.local/lib/python3.12/site-packages/airflow/example_dags/example_external_task_marker_dag.py for tasks to queue
[2024-11-25T02:11:52.060+0000] {logging_mixin.py:190} INFO - [2024-11-25T02:11:52.059+0000] {dagbag.py:588} INFO - Filling up the DagBag from /home/airflow/.local/lib/python3.12/site-packages/airflow/example_dags/example_external_task_marker_dag.py
[2024-11-25T02:11:52.072+0000] {processor.py:925} INFO - DAG(s) 'example_external_task_marker_parent', 'example_external_task_marker_child' retrieved from /home/airflow/.local/lib/python3.12/site-packages/airflow/example_dags/example_external_task_marker_dag.py
[2024-11-25T02:11:52.098+0000] {logging_mixin.py:190} INFO - [2024-11-25T02:11:52.098+0000] {dag.py:3239} INFO - Sync 2 DAGs
[2024-11-25T02:11:52.115+0000] {logging_mixin.py:190} INFO - [2024-11-25T02:11:52.115+0000] {dag.py:4180} INFO - Setting next_dagrun for example_external_task_marker_child to None, run_after=None
[2024-11-25T02:11:52.120+0000] {logging_mixin.py:190} INFO - [2024-11-25T02:11:52.120+0000] {dag.py:4180} INFO - Setting next_dagrun for example_external_task_marker_parent to None, run_after=None
[2024-11-25T02:11:52.139+0000] {processor.py:208} INFO - Processing /home/airflow/.local/lib/python3.12/site-packages/airflow/example_dags/example_external_task_marker_dag.py took 0.092 seconds
[2024-11-25T02:12:22.825+0000] {processor.py:186} INFO - Started process (PID=2243) to work on /home/airflow/.local/lib/python3.12/site-packages/airflow/example_dags/example_external_task_marker_dag.py
[2024-11-25T02:12:22.826+0000] {processor.py:914} INFO - Processing file /home/airflow/.local/lib/python3.12/site-packages/airflow/example_dags/example_external_task_marker_dag.py for tasks to queue
[2024-11-25T02:12:22.829+0000] {logging_mixin.py:190} INFO - [2024-11-25T02:12:22.829+0000] {dagbag.py:588} INFO - Filling up the DagBag from /home/airflow/.local/lib/python3.12/site-packages/airflow/example_dags/example_external_task_marker_dag.py
[2024-11-25T02:12:22.838+0000] {processor.py:925} INFO - DAG(s) 'example_external_task_marker_parent', 'example_external_task_marker_child' retrieved from /home/airflow/.local/lib/python3.12/site-packages/airflow/example_dags/example_external_task_marker_dag.py
[2024-11-25T02:12:22.860+0000] {logging_mixin.py:190} INFO - [2024-11-25T02:12:22.860+0000] {dag.py:3239} INFO - Sync 2 DAGs
[2024-11-25T02:12:22.882+0000] {logging_mixin.py:190} INFO - [2024-11-25T02:12:22.882+0000] {dag.py:4180} INFO - Setting next_dagrun for example_external_task_marker_child to None, run_after=None
[2024-11-25T02:12:22.887+0000] {logging_mixin.py:190} INFO - [2024-11-25T02:12:22.886+0000] {dag.py:4180} INFO - Setting next_dagrun for example_external_task_marker_parent to None, run_after=None
[2024-11-25T02:12:22.904+0000] {processor.py:208} INFO - Processing /home/airflow/.local/lib/python3.12/site-packages/airflow/example_dags/example_external_task_marker_dag.py took 0.084 seconds
[2024-11-25T02:12:53.082+0000] {processor.py:186} INFO - Started process (PID=2307) to work on /home/airflow/.local/lib/python3.12/site-packages/airflow/example_dags/example_external_task_marker_dag.py
[2024-11-25T02:12:53.084+0000] {processor.py:914} INFO - Processing file /home/airflow/.local/lib/python3.12/site-packages/airflow/example_dags/example_external_task_marker_dag.py for tasks to queue
[2024-11-25T02:12:53.087+0000] {logging_mixin.py:190} INFO - [2024-11-25T02:12:53.087+0000] {dagbag.py:588} INFO - Filling up the DagBag from /home/airflow/.local/lib/python3.12/site-packages/airflow/example_dags/example_external_task_marker_dag.py
[2024-11-25T02:12:53.097+0000] {processor.py:925} INFO - DAG(s) 'example_external_task_marker_parent', 'example_external_task_marker_child' retrieved from /home/airflow/.local/lib/python3.12/site-packages/airflow/example_dags/example_external_task_marker_dag.py
[2024-11-25T02:12:53.123+0000] {logging_mixin.py:190} INFO - [2024-11-25T02:12:53.122+0000] {dag.py:3239} INFO - Sync 2 DAGs
[2024-11-25T02:12:53.142+0000] {logging_mixin.py:190} INFO - [2024-11-25T02:12:53.142+0000] {dag.py:4180} INFO - Setting next_dagrun for example_external_task_marker_child to None, run_after=None
[2024-11-25T02:12:53.148+0000] {logging_mixin.py:190} INFO - [2024-11-25T02:12:53.148+0000] {dag.py:4180} INFO - Setting next_dagrun for example_external_task_marker_parent to None, run_after=None
[2024-11-25T02:12:53.173+0000] {processor.py:208} INFO - Processing /home/airflow/.local/lib/python3.12/site-packages/airflow/example_dags/example_external_task_marker_dag.py took 0.105 seconds
[2024-11-25T02:13:23.261+0000] {processor.py:186} INFO - Started process (PID=2370) to work on /home/airflow/.local/lib/python3.12/site-packages/airflow/example_dags/example_external_task_marker_dag.py
[2024-11-25T02:13:23.262+0000] {processor.py:914} INFO - Processing file /home/airflow/.local/lib/python3.12/site-packages/airflow/example_dags/example_external_task_marker_dag.py for tasks to queue
[2024-11-25T02:13:23.265+0000] {logging_mixin.py:190} INFO - [2024-11-25T02:13:23.265+0000] {dagbag.py:588} INFO - Filling up the DagBag from /home/airflow/.local/lib/python3.12/site-packages/airflow/example_dags/example_external_task_marker_dag.py
[2024-11-25T02:13:23.280+0000] {processor.py:925} INFO - DAG(s) 'example_external_task_marker_child', 'example_external_task_marker_parent' retrieved from /home/airflow/.local/lib/python3.12/site-packages/airflow/example_dags/example_external_task_marker_dag.py
[2024-11-25T02:13:23.308+0000] {logging_mixin.py:190} INFO - [2024-11-25T02:13:23.308+0000] {dag.py:3239} INFO - Sync 2 DAGs
[2024-11-25T02:13:23.326+0000] {logging_mixin.py:190} INFO - [2024-11-25T02:13:23.325+0000] {dag.py:4180} INFO - Setting next_dagrun for example_external_task_marker_child to None, run_after=None
[2024-11-25T02:13:23.330+0000] {logging_mixin.py:190} INFO - [2024-11-25T02:13:23.330+0000] {dag.py:4180} INFO - Setting next_dagrun for example_external_task_marker_parent to None, run_after=None
[2024-11-25T02:13:23.356+0000] {processor.py:208} INFO - Processing /home/airflow/.local/lib/python3.12/site-packages/airflow/example_dags/example_external_task_marker_dag.py took 0.100 seconds
[2024-11-25T02:13:54.000+0000] {processor.py:186} INFO - Started process (PID=2435) to work on /home/airflow/.local/lib/python3.12/site-packages/airflow/example_dags/example_external_task_marker_dag.py
[2024-11-25T02:13:54.002+0000] {processor.py:914} INFO - Processing file /home/airflow/.local/lib/python3.12/site-packages/airflow/example_dags/example_external_task_marker_dag.py for tasks to queue
[2024-11-25T02:13:54.005+0000] {logging_mixin.py:190} INFO - [2024-11-25T02:13:54.005+0000] {dagbag.py:588} INFO - Filling up the DagBag from /home/airflow/.local/lib/python3.12/site-packages/airflow/example_dags/example_external_task_marker_dag.py
[2024-11-25T02:13:54.018+0000] {processor.py:925} INFO - DAG(s) 'example_external_task_marker_child', 'example_external_task_marker_parent' retrieved from /home/airflow/.local/lib/python3.12/site-packages/airflow/example_dags/example_external_task_marker_dag.py
[2024-11-25T02:13:54.046+0000] {logging_mixin.py:190} INFO - [2024-11-25T02:13:54.046+0000] {dag.py:3239} INFO - Sync 2 DAGs
[2024-11-25T02:13:54.065+0000] {logging_mixin.py:190} INFO - [2024-11-25T02:13:54.064+0000] {dag.py:4180} INFO - Setting next_dagrun for example_external_task_marker_child to None, run_after=None
[2024-11-25T02:13:54.069+0000] {logging_mixin.py:190} INFO - [2024-11-25T02:13:54.069+0000] {dag.py:4180} INFO - Setting next_dagrun for example_external_task_marker_parent to None, run_after=None
[2024-11-25T02:13:54.094+0000] {processor.py:208} INFO - Processing /home/airflow/.local/lib/python3.12/site-packages/airflow/example_dags/example_external_task_marker_dag.py took 0.100 seconds
[2024-11-25T02:14:24.368+0000] {processor.py:186} INFO - Started process (PID=2499) to work on /home/airflow/.local/lib/python3.12/site-packages/airflow/example_dags/example_external_task_marker_dag.py
[2024-11-25T02:14:24.368+0000] {processor.py:914} INFO - Processing file /home/airflow/.local/lib/python3.12/site-packages/airflow/example_dags/example_external_task_marker_dag.py for tasks to queue
[2024-11-25T02:14:24.370+0000] {logging_mixin.py:190} INFO - [2024-11-25T02:14:24.370+0000] {dagbag.py:588} INFO - Filling up the DagBag from /home/airflow/.local/lib/python3.12/site-packages/airflow/example_dags/example_external_task_marker_dag.py
[2024-11-25T02:14:24.378+0000] {processor.py:925} INFO - DAG(s) 'example_external_task_marker_parent', 'example_external_task_marker_child' retrieved from /home/airflow/.local/lib/python3.12/site-packages/airflow/example_dags/example_external_task_marker_dag.py
[2024-11-25T02:14:24.398+0000] {logging_mixin.py:190} INFO - [2024-11-25T02:14:24.398+0000] {dag.py:3239} INFO - Sync 2 DAGs
[2024-11-25T02:14:24.413+0000] {logging_mixin.py:190} INFO - [2024-11-25T02:14:24.413+0000] {dag.py:4180} INFO - Setting next_dagrun for example_external_task_marker_child to None, run_after=None
[2024-11-25T02:14:24.417+0000] {logging_mixin.py:190} INFO - [2024-11-25T02:14:24.417+0000] {dag.py:4180} INFO - Setting next_dagrun for example_external_task_marker_parent to None, run_after=None
[2024-11-25T02:14:24.432+0000] {processor.py:208} INFO - Processing /home/airflow/.local/lib/python3.12/site-packages/airflow/example_dags/example_external_task_marker_dag.py took 0.069 seconds
[2024-11-25T02:14:54.956+0000] {processor.py:186} INFO - Started process (PID=2563) to work on /home/airflow/.local/lib/python3.12/site-packages/airflow/example_dags/example_external_task_marker_dag.py
[2024-11-25T02:14:54.957+0000] {processor.py:914} INFO - Processing file /home/airflow/.local/lib/python3.12/site-packages/airflow/example_dags/example_external_task_marker_dag.py for tasks to queue
[2024-11-25T02:14:54.960+0000] {logging_mixin.py:190} INFO - [2024-11-25T02:14:54.960+0000] {dagbag.py:588} INFO - Filling up the DagBag from /home/airflow/.local/lib/python3.12/site-packages/airflow/example_dags/example_external_task_marker_dag.py
[2024-11-25T02:14:54.971+0000] {processor.py:925} INFO - DAG(s) 'example_external_task_marker_parent', 'example_external_task_marker_child' retrieved from /home/airflow/.local/lib/python3.12/site-packages/airflow/example_dags/example_external_task_marker_dag.py
[2024-11-25T02:14:55.008+0000] {logging_mixin.py:190} INFO - [2024-11-25T02:14:55.007+0000] {dag.py:3239} INFO - Sync 2 DAGs
[2024-11-25T02:14:55.029+0000] {logging_mixin.py:190} INFO - [2024-11-25T02:14:55.029+0000] {dag.py:4180} INFO - Setting next_dagrun for example_external_task_marker_child to None, run_after=None
[2024-11-25T02:14:55.034+0000] {logging_mixin.py:190} INFO - [2024-11-25T02:14:55.034+0000] {dag.py:4180} INFO - Setting next_dagrun for example_external_task_marker_parent to None, run_after=None
[2024-11-25T02:14:55.053+0000] {processor.py:208} INFO - Processing /home/airflow/.local/lib/python3.12/site-packages/airflow/example_dags/example_external_task_marker_dag.py took 0.105 seconds
[2024-11-25T02:15:25.581+0000] {processor.py:186} INFO - Started process (PID=2628) to work on /home/airflow/.local/lib/python3.12/site-packages/airflow/example_dags/example_external_task_marker_dag.py
[2024-11-25T02:15:25.582+0000] {processor.py:914} INFO - Processing file /home/airflow/.local/lib/python3.12/site-packages/airflow/example_dags/example_external_task_marker_dag.py for tasks to queue
[2024-11-25T02:15:25.587+0000] {logging_mixin.py:190} INFO - [2024-11-25T02:15:25.586+0000] {dagbag.py:588} INFO - Filling up the DagBag from /home/airflow/.local/lib/python3.12/site-packages/airflow/example_dags/example_external_task_marker_dag.py
[2024-11-25T02:15:25.602+0000] {processor.py:925} INFO - DAG(s) 'example_external_task_marker_parent', 'example_external_task_marker_child' retrieved from /home/airflow/.local/lib/python3.12/site-packages/airflow/example_dags/example_external_task_marker_dag.py
[2024-11-25T02:15:25.642+0000] {logging_mixin.py:190} INFO - [2024-11-25T02:15:25.641+0000] {dag.py:3239} INFO - Sync 2 DAGs
[2024-11-25T02:15:25.673+0000] {logging_mixin.py:190} INFO - [2024-11-25T02:15:25.673+0000] {dag.py:4180} INFO - Setting next_dagrun for example_external_task_marker_child to None, run_after=None
[2024-11-25T02:15:25.680+0000] {logging_mixin.py:190} INFO - [2024-11-25T02:15:25.680+0000] {dag.py:4180} INFO - Setting next_dagrun for example_external_task_marker_parent to None, run_after=None
[2024-11-25T02:15:25.707+0000] {processor.py:208} INFO - Processing /home/airflow/.local/lib/python3.12/site-packages/airflow/example_dags/example_external_task_marker_dag.py took 0.137 seconds
[2024-11-25T02:15:57.187+0000] {processor.py:186} INFO - Started process (PID=2692) to work on /home/airflow/.local/lib/python3.12/site-packages/airflow/example_dags/example_external_task_marker_dag.py
[2024-11-25T02:15:57.188+0000] {processor.py:914} INFO - Processing file /home/airflow/.local/lib/python3.12/site-packages/airflow/example_dags/example_external_task_marker_dag.py for tasks to queue
[2024-11-25T02:15:57.191+0000] {logging_mixin.py:190} INFO - [2024-11-25T02:15:57.190+0000] {dagbag.py:588} INFO - Filling up the DagBag from /home/airflow/.local/lib/python3.12/site-packages/airflow/example_dags/example_external_task_marker_dag.py
[2024-11-25T02:15:57.200+0000] {processor.py:925} INFO - DAG(s) 'example_external_task_marker_child', 'example_external_task_marker_parent' retrieved from /home/airflow/.local/lib/python3.12/site-packages/airflow/example_dags/example_external_task_marker_dag.py
[2024-11-25T02:15:57.223+0000] {logging_mixin.py:190} INFO - [2024-11-25T02:15:57.223+0000] {dag.py:3239} INFO - Sync 2 DAGs
[2024-11-25T02:15:57.425+0000] {logging_mixin.py:190} INFO - [2024-11-25T02:15:57.425+0000] {dag.py:4180} INFO - Setting next_dagrun for example_external_task_marker_child to None, run_after=None
[2024-11-25T02:15:57.428+0000] {logging_mixin.py:190} INFO - [2024-11-25T02:15:57.428+0000] {dag.py:4180} INFO - Setting next_dagrun for example_external_task_marker_parent to None, run_after=None
[2024-11-25T02:15:57.444+0000] {processor.py:208} INFO - Processing /home/airflow/.local/lib/python3.12/site-packages/airflow/example_dags/example_external_task_marker_dag.py took 0.264 seconds
[2024-11-25T02:16:27.804+0000] {processor.py:186} INFO - Started process (PID=2756) to work on /home/airflow/.local/lib/python3.12/site-packages/airflow/example_dags/example_external_task_marker_dag.py
[2024-11-25T02:16:27.805+0000] {processor.py:914} INFO - Processing file /home/airflow/.local/lib/python3.12/site-packages/airflow/example_dags/example_external_task_marker_dag.py for tasks to queue
[2024-11-25T02:16:27.809+0000] {logging_mixin.py:190} INFO - [2024-11-25T02:16:27.809+0000] {dagbag.py:588} INFO - Filling up the DagBag from /home/airflow/.local/lib/python3.12/site-packages/airflow/example_dags/example_external_task_marker_dag.py
[2024-11-25T02:16:27.821+0000] {processor.py:925} INFO - DAG(s) 'example_external_task_marker_parent', 'example_external_task_marker_child' retrieved from /home/airflow/.local/lib/python3.12/site-packages/airflow/example_dags/example_external_task_marker_dag.py
[2024-11-25T02:16:27.842+0000] {logging_mixin.py:190} INFO - [2024-11-25T02:16:27.842+0000] {dag.py:3239} INFO - Sync 2 DAGs
[2024-11-25T02:16:27.859+0000] {logging_mixin.py:190} INFO - [2024-11-25T02:16:27.858+0000] {dag.py:4180} INFO - Setting next_dagrun for example_external_task_marker_child to None, run_after=None
[2024-11-25T02:16:27.864+0000] {logging_mixin.py:190} INFO - [2024-11-25T02:16:27.864+0000] {dag.py:4180} INFO - Setting next_dagrun for example_external_task_marker_parent to None, run_after=None
[2024-11-25T02:16:27.889+0000] {processor.py:208} INFO - Processing /home/airflow/.local/lib/python3.12/site-packages/airflow/example_dags/example_external_task_marker_dag.py took 0.094 seconds
