[2024-11-25T01:55:09.903+0000] {processor.py:186} INFO - Started process (PID=79) to work on /home/airflow/.local/lib/python3.12/site-packages/airflow/example_dags/example_complex.py
[2024-11-25T01:55:09.905+0000] {processor.py:914} INFO - Processing file /home/airflow/.local/lib/python3.12/site-packages/airflow/example_dags/example_complex.py for tasks to queue
[2024-11-25T01:55:09.913+0000] {logging_mixin.py:190} INFO - [2024-11-25T01:55:09.913+0000] {dagbag.py:588} INFO - Filling up the DagBag from /home/airflow/.local/lib/python3.12/site-packages/airflow/example_dags/example_complex.py
[2024-11-25T01:55:09.962+0000] {processor.py:925} INFO - DAG(s) 'example_complex' retrieved from /home/airflow/.local/lib/python3.12/site-packages/airflow/example_dags/example_complex.py
[2024-11-25T01:55:10.184+0000] {logging_mixin.py:190} INFO - [2024-11-25T01:55:10.183+0000] {dag.py:3239} INFO - Sync 1 DAGs
[2024-11-25T01:55:10.270+0000] {logging_mixin.py:190} INFO - [2024-11-25T01:55:10.269+0000] {dag.py:4180} INFO - Setting next_dagrun for example_complex to None, run_after=None
[2024-11-25T01:55:10.356+0000] {processor.py:208} INFO - Processing /home/airflow/.local/lib/python3.12/site-packages/airflow/example_dags/example_complex.py took 0.465 seconds
[2024-11-25T01:55:41.305+0000] {processor.py:186} INFO - Started process (PID=144) to work on /home/airflow/.local/lib/python3.12/site-packages/airflow/example_dags/example_complex.py
[2024-11-25T01:55:41.309+0000] {processor.py:914} INFO - Processing file /home/airflow/.local/lib/python3.12/site-packages/airflow/example_dags/example_complex.py for tasks to queue
[2024-11-25T01:55:41.322+0000] {logging_mixin.py:190} INFO - [2024-11-25T01:55:41.320+0000] {dagbag.py:588} INFO - Filling up the DagBag from /home/airflow/.local/lib/python3.12/site-packages/airflow/example_dags/example_complex.py
[2024-11-25T01:55:41.370+0000] {processor.py:925} INFO - DAG(s) 'example_complex' retrieved from /home/airflow/.local/lib/python3.12/site-packages/airflow/example_dags/example_complex.py
[2024-11-25T01:55:41.477+0000] {logging_mixin.py:190} INFO - [2024-11-25T01:55:41.475+0000] {dag.py:3239} INFO - Sync 1 DAGs
[2024-11-25T01:55:41.579+0000] {logging_mixin.py:190} INFO - [2024-11-25T01:55:41.579+0000] {dag.py:4180} INFO - Setting next_dagrun for example_complex to None, run_after=None
[2024-11-25T01:55:41.629+0000] {processor.py:208} INFO - Processing /home/airflow/.local/lib/python3.12/site-packages/airflow/example_dags/example_complex.py took 0.353 seconds
[2024-11-25T01:56:12.483+0000] {processor.py:186} INFO - Started process (PID=208) to work on /home/airflow/.local/lib/python3.12/site-packages/airflow/example_dags/example_complex.py
[2024-11-25T01:56:12.484+0000] {processor.py:914} INFO - Processing file /home/airflow/.local/lib/python3.12/site-packages/airflow/example_dags/example_complex.py for tasks to queue
[2024-11-25T01:56:12.486+0000] {logging_mixin.py:190} INFO - [2024-11-25T01:56:12.486+0000] {dagbag.py:588} INFO - Filling up the DagBag from /home/airflow/.local/lib/python3.12/site-packages/airflow/example_dags/example_complex.py
[2024-11-25T01:56:12.497+0000] {processor.py:925} INFO - DAG(s) 'example_complex' retrieved from /home/airflow/.local/lib/python3.12/site-packages/airflow/example_dags/example_complex.py
[2024-11-25T01:56:12.525+0000] {logging_mixin.py:190} INFO - [2024-11-25T01:56:12.525+0000] {dag.py:3239} INFO - Sync 1 DAGs
[2024-11-25T01:56:12.539+0000] {logging_mixin.py:190} INFO - [2024-11-25T01:56:12.539+0000] {dag.py:4180} INFO - Setting next_dagrun for example_complex to None, run_after=None
[2024-11-25T01:56:12.559+0000] {processor.py:208} INFO - Processing /home/airflow/.local/lib/python3.12/site-packages/airflow/example_dags/example_complex.py took 0.081 seconds
[2024-11-25T01:56:43.592+0000] {processor.py:186} INFO - Started process (PID=272) to work on /home/airflow/.local/lib/python3.12/site-packages/airflow/example_dags/example_complex.py
[2024-11-25T01:56:43.598+0000] {processor.py:914} INFO - Processing file /home/airflow/.local/lib/python3.12/site-packages/airflow/example_dags/example_complex.py for tasks to queue
[2024-11-25T01:56:43.604+0000] {logging_mixin.py:190} INFO - [2024-11-25T01:56:43.603+0000] {dagbag.py:588} INFO - Filling up the DagBag from /home/airflow/.local/lib/python3.12/site-packages/airflow/example_dags/example_complex.py
[2024-11-25T01:56:43.683+0000] {processor.py:925} INFO - DAG(s) 'example_complex' retrieved from /home/airflow/.local/lib/python3.12/site-packages/airflow/example_dags/example_complex.py
[2024-11-25T01:56:43.867+0000] {logging_mixin.py:190} INFO - [2024-11-25T01:56:43.866+0000] {dag.py:3239} INFO - Sync 1 DAGs
[2024-11-25T01:56:43.937+0000] {logging_mixin.py:190} INFO - [2024-11-25T01:56:43.936+0000] {dag.py:4180} INFO - Setting next_dagrun for example_complex to None, run_after=None
[2024-11-25T01:56:44.066+0000] {processor.py:208} INFO - Processing /home/airflow/.local/lib/python3.12/site-packages/airflow/example_dags/example_complex.py took 0.491 seconds
[2024-11-25T01:57:14.195+0000] {processor.py:186} INFO - Started process (PID=336) to work on /home/airflow/.local/lib/python3.12/site-packages/airflow/example_dags/example_complex.py
[2024-11-25T01:57:14.196+0000] {processor.py:914} INFO - Processing file /home/airflow/.local/lib/python3.12/site-packages/airflow/example_dags/example_complex.py for tasks to queue
[2024-11-25T01:57:14.201+0000] {logging_mixin.py:190} INFO - [2024-11-25T01:57:14.200+0000] {dagbag.py:588} INFO - Filling up the DagBag from /home/airflow/.local/lib/python3.12/site-packages/airflow/example_dags/example_complex.py
[2024-11-25T01:57:14.231+0000] {processor.py:925} INFO - DAG(s) 'example_complex' retrieved from /home/airflow/.local/lib/python3.12/site-packages/airflow/example_dags/example_complex.py
[2024-11-25T01:57:14.287+0000] {logging_mixin.py:190} INFO - [2024-11-25T01:57:14.286+0000] {dag.py:3239} INFO - Sync 1 DAGs
[2024-11-25T01:57:14.320+0000] {logging_mixin.py:190} INFO - [2024-11-25T01:57:14.320+0000] {dag.py:4180} INFO - Setting next_dagrun for example_complex to None, run_after=None
[2024-11-25T01:57:14.342+0000] {processor.py:208} INFO - Processing /home/airflow/.local/lib/python3.12/site-packages/airflow/example_dags/example_complex.py took 0.158 seconds
[2024-11-25T01:57:44.519+0000] {processor.py:186} INFO - Started process (PID=400) to work on /home/airflow/.local/lib/python3.12/site-packages/airflow/example_dags/example_complex.py
[2024-11-25T01:57:44.520+0000] {processor.py:914} INFO - Processing file /home/airflow/.local/lib/python3.12/site-packages/airflow/example_dags/example_complex.py for tasks to queue
[2024-11-25T01:57:44.524+0000] {logging_mixin.py:190} INFO - [2024-11-25T01:57:44.523+0000] {dagbag.py:588} INFO - Filling up the DagBag from /home/airflow/.local/lib/python3.12/site-packages/airflow/example_dags/example_complex.py
[2024-11-25T01:57:44.542+0000] {processor.py:925} INFO - DAG(s) 'example_complex' retrieved from /home/airflow/.local/lib/python3.12/site-packages/airflow/example_dags/example_complex.py
[2024-11-25T01:57:44.595+0000] {logging_mixin.py:190} INFO - [2024-11-25T01:57:44.595+0000] {dag.py:3239} INFO - Sync 1 DAGs
[2024-11-25T01:57:44.614+0000] {logging_mixin.py:190} INFO - [2024-11-25T01:57:44.614+0000] {dag.py:4180} INFO - Setting next_dagrun for example_complex to None, run_after=None
[2024-11-25T01:57:44.637+0000] {processor.py:208} INFO - Processing /home/airflow/.local/lib/python3.12/site-packages/airflow/example_dags/example_complex.py took 0.124 seconds
[2024-11-25T01:58:15.067+0000] {processor.py:186} INFO - Started process (PID=464) to work on /home/airflow/.local/lib/python3.12/site-packages/airflow/example_dags/example_complex.py
[2024-11-25T01:58:15.068+0000] {processor.py:914} INFO - Processing file /home/airflow/.local/lib/python3.12/site-packages/airflow/example_dags/example_complex.py for tasks to queue
[2024-11-25T01:58:15.071+0000] {logging_mixin.py:190} INFO - [2024-11-25T01:58:15.070+0000] {dagbag.py:588} INFO - Filling up the DagBag from /home/airflow/.local/lib/python3.12/site-packages/airflow/example_dags/example_complex.py
[2024-11-25T01:58:15.083+0000] {processor.py:925} INFO - DAG(s) 'example_complex' retrieved from /home/airflow/.local/lib/python3.12/site-packages/airflow/example_dags/example_complex.py
[2024-11-25T01:58:15.120+0000] {logging_mixin.py:190} INFO - [2024-11-25T01:58:15.120+0000] {dag.py:3239} INFO - Sync 1 DAGs
[2024-11-25T01:58:15.141+0000] {logging_mixin.py:190} INFO - [2024-11-25T01:58:15.141+0000] {dag.py:4180} INFO - Setting next_dagrun for example_complex to None, run_after=None
[2024-11-25T01:58:15.166+0000] {processor.py:208} INFO - Processing /home/airflow/.local/lib/python3.12/site-packages/airflow/example_dags/example_complex.py took 0.104 seconds
[2024-11-25T01:58:45.814+0000] {processor.py:186} INFO - Started process (PID=528) to work on /home/airflow/.local/lib/python3.12/site-packages/airflow/example_dags/example_complex.py
[2024-11-25T01:58:45.815+0000] {processor.py:914} INFO - Processing file /home/airflow/.local/lib/python3.12/site-packages/airflow/example_dags/example_complex.py for tasks to queue
[2024-11-25T01:58:45.818+0000] {logging_mixin.py:190} INFO - [2024-11-25T01:58:45.817+0000] {dagbag.py:588} INFO - Filling up the DagBag from /home/airflow/.local/lib/python3.12/site-packages/airflow/example_dags/example_complex.py
[2024-11-25T01:58:45.837+0000] {processor.py:925} INFO - DAG(s) 'example_complex' retrieved from /home/airflow/.local/lib/python3.12/site-packages/airflow/example_dags/example_complex.py
[2024-11-25T01:58:45.891+0000] {logging_mixin.py:190} INFO - [2024-11-25T01:58:45.891+0000] {dag.py:3239} INFO - Sync 1 DAGs
[2024-11-25T01:58:45.917+0000] {logging_mixin.py:190} INFO - [2024-11-25T01:58:45.916+0000] {dag.py:4180} INFO - Setting next_dagrun for example_complex to None, run_after=None
[2024-11-25T01:58:45.948+0000] {processor.py:208} INFO - Processing /home/airflow/.local/lib/python3.12/site-packages/airflow/example_dags/example_complex.py took 0.142 seconds
[2024-11-25T01:59:16.193+0000] {processor.py:186} INFO - Started process (PID=592) to work on /home/airflow/.local/lib/python3.12/site-packages/airflow/example_dags/example_complex.py
[2024-11-25T01:59:16.194+0000] {processor.py:914} INFO - Processing file /home/airflow/.local/lib/python3.12/site-packages/airflow/example_dags/example_complex.py for tasks to queue
[2024-11-25T01:59:16.196+0000] {logging_mixin.py:190} INFO - [2024-11-25T01:59:16.196+0000] {dagbag.py:588} INFO - Filling up the DagBag from /home/airflow/.local/lib/python3.12/site-packages/airflow/example_dags/example_complex.py
[2024-11-25T01:59:16.210+0000] {processor.py:925} INFO - DAG(s) 'example_complex' retrieved from /home/airflow/.local/lib/python3.12/site-packages/airflow/example_dags/example_complex.py
[2024-11-25T01:59:16.254+0000] {logging_mixin.py:190} INFO - [2024-11-25T01:59:16.254+0000] {dag.py:3239} INFO - Sync 1 DAGs
[2024-11-25T01:59:16.270+0000] {logging_mixin.py:190} INFO - [2024-11-25T01:59:16.270+0000] {dag.py:4180} INFO - Setting next_dagrun for example_complex to None, run_after=None
[2024-11-25T01:59:16.289+0000] {processor.py:208} INFO - Processing /home/airflow/.local/lib/python3.12/site-packages/airflow/example_dags/example_complex.py took 0.103 seconds
[2024-11-25T01:59:46.553+0000] {processor.py:186} INFO - Started process (PID=655) to work on /home/airflow/.local/lib/python3.12/site-packages/airflow/example_dags/example_complex.py
[2024-11-25T01:59:46.554+0000] {processor.py:914} INFO - Processing file /home/airflow/.local/lib/python3.12/site-packages/airflow/example_dags/example_complex.py for tasks to queue
[2024-11-25T01:59:46.558+0000] {logging_mixin.py:190} INFO - [2024-11-25T01:59:46.557+0000] {dagbag.py:588} INFO - Filling up the DagBag from /home/airflow/.local/lib/python3.12/site-packages/airflow/example_dags/example_complex.py
[2024-11-25T01:59:46.572+0000] {processor.py:925} INFO - DAG(s) 'example_complex' retrieved from /home/airflow/.local/lib/python3.12/site-packages/airflow/example_dags/example_complex.py
[2024-11-25T01:59:46.613+0000] {logging_mixin.py:190} INFO - [2024-11-25T01:59:46.613+0000] {dag.py:3239} INFO - Sync 1 DAGs
[2024-11-25T01:59:46.628+0000] {logging_mixin.py:190} INFO - [2024-11-25T01:59:46.627+0000] {dag.py:4180} INFO - Setting next_dagrun for example_complex to None, run_after=None
[2024-11-25T01:59:46.646+0000] {processor.py:208} INFO - Processing /home/airflow/.local/lib/python3.12/site-packages/airflow/example_dags/example_complex.py took 0.102 seconds
[2024-11-25T02:00:17.349+0000] {processor.py:186} INFO - Started process (PID=717) to work on /home/airflow/.local/lib/python3.12/site-packages/airflow/example_dags/example_complex.py
[2024-11-25T02:00:17.350+0000] {processor.py:914} INFO - Processing file /home/airflow/.local/lib/python3.12/site-packages/airflow/example_dags/example_complex.py for tasks to queue
[2024-11-25T02:00:17.353+0000] {logging_mixin.py:190} INFO - [2024-11-25T02:00:17.352+0000] {dagbag.py:588} INFO - Filling up the DagBag from /home/airflow/.local/lib/python3.12/site-packages/airflow/example_dags/example_complex.py
[2024-11-25T02:00:17.373+0000] {processor.py:925} INFO - DAG(s) 'example_complex' retrieved from /home/airflow/.local/lib/python3.12/site-packages/airflow/example_dags/example_complex.py
[2024-11-25T02:00:17.420+0000] {logging_mixin.py:190} INFO - [2024-11-25T02:00:17.420+0000] {dag.py:3239} INFO - Sync 1 DAGs
[2024-11-25T02:00:17.438+0000] {logging_mixin.py:190} INFO - [2024-11-25T02:00:17.438+0000] {dag.py:4180} INFO - Setting next_dagrun for example_complex to None, run_after=None
[2024-11-25T02:00:17.461+0000] {processor.py:208} INFO - Processing /home/airflow/.local/lib/python3.12/site-packages/airflow/example_dags/example_complex.py took 0.120 seconds
[2024-11-25T02:00:47.790+0000] {processor.py:186} INFO - Started process (PID=781) to work on /home/airflow/.local/lib/python3.12/site-packages/airflow/example_dags/example_complex.py
[2024-11-25T02:00:47.791+0000] {processor.py:914} INFO - Processing file /home/airflow/.local/lib/python3.12/site-packages/airflow/example_dags/example_complex.py for tasks to queue
[2024-11-25T02:00:47.793+0000] {logging_mixin.py:190} INFO - [2024-11-25T02:00:47.793+0000] {dagbag.py:588} INFO - Filling up the DagBag from /home/airflow/.local/lib/python3.12/site-packages/airflow/example_dags/example_complex.py
[2024-11-25T02:00:47.805+0000] {processor.py:925} INFO - DAG(s) 'example_complex' retrieved from /home/airflow/.local/lib/python3.12/site-packages/airflow/example_dags/example_complex.py
[2024-11-25T02:00:47.835+0000] {logging_mixin.py:190} INFO - [2024-11-25T02:00:47.835+0000] {dag.py:3239} INFO - Sync 1 DAGs
[2024-11-25T02:00:47.848+0000] {logging_mixin.py:190} INFO - [2024-11-25T02:00:47.848+0000] {dag.py:4180} INFO - Setting next_dagrun for example_complex to None, run_after=None
[2024-11-25T02:00:47.868+0000] {processor.py:208} INFO - Processing /home/airflow/.local/lib/python3.12/site-packages/airflow/example_dags/example_complex.py took 0.083 seconds
[2024-11-25T02:01:18.739+0000] {processor.py:186} INFO - Started process (PID=844) to work on /home/airflow/.local/lib/python3.12/site-packages/airflow/example_dags/example_complex.py
[2024-11-25T02:01:18.740+0000] {processor.py:914} INFO - Processing file /home/airflow/.local/lib/python3.12/site-packages/airflow/example_dags/example_complex.py for tasks to queue
[2024-11-25T02:01:18.742+0000] {logging_mixin.py:190} INFO - [2024-11-25T02:01:18.742+0000] {dagbag.py:588} INFO - Filling up the DagBag from /home/airflow/.local/lib/python3.12/site-packages/airflow/example_dags/example_complex.py
[2024-11-25T02:01:18.753+0000] {processor.py:925} INFO - DAG(s) 'example_complex' retrieved from /home/airflow/.local/lib/python3.12/site-packages/airflow/example_dags/example_complex.py
[2024-11-25T02:01:18.784+0000] {logging_mixin.py:190} INFO - [2024-11-25T02:01:18.783+0000] {dag.py:3239} INFO - Sync 1 DAGs
[2024-11-25T02:01:18.797+0000] {logging_mixin.py:190} INFO - [2024-11-25T02:01:18.797+0000] {dag.py:4180} INFO - Setting next_dagrun for example_complex to None, run_after=None
[2024-11-25T02:01:18.814+0000] {processor.py:208} INFO - Processing /home/airflow/.local/lib/python3.12/site-packages/airflow/example_dags/example_complex.py took 0.081 seconds
[2024-11-25T02:01:49.334+0000] {processor.py:186} INFO - Started process (PID=907) to work on /home/airflow/.local/lib/python3.12/site-packages/airflow/example_dags/example_complex.py
[2024-11-25T02:01:49.335+0000] {processor.py:914} INFO - Processing file /home/airflow/.local/lib/python3.12/site-packages/airflow/example_dags/example_complex.py for tasks to queue
[2024-11-25T02:01:49.337+0000] {logging_mixin.py:190} INFO - [2024-11-25T02:01:49.337+0000] {dagbag.py:588} INFO - Filling up the DagBag from /home/airflow/.local/lib/python3.12/site-packages/airflow/example_dags/example_complex.py
[2024-11-25T02:01:49.350+0000] {processor.py:925} INFO - DAG(s) 'example_complex' retrieved from /home/airflow/.local/lib/python3.12/site-packages/airflow/example_dags/example_complex.py
[2024-11-25T02:01:49.387+0000] {logging_mixin.py:190} INFO - [2024-11-25T02:01:49.387+0000] {dag.py:3239} INFO - Sync 1 DAGs
[2024-11-25T02:01:49.404+0000] {logging_mixin.py:190} INFO - [2024-11-25T02:01:49.404+0000] {dag.py:4180} INFO - Setting next_dagrun for example_complex to None, run_after=None
[2024-11-25T02:01:49.425+0000] {processor.py:208} INFO - Processing /home/airflow/.local/lib/python3.12/site-packages/airflow/example_dags/example_complex.py took 0.096 seconds
[2024-11-25T02:02:19.752+0000] {processor.py:186} INFO - Started process (PID=971) to work on /home/airflow/.local/lib/python3.12/site-packages/airflow/example_dags/example_complex.py
[2024-11-25T02:02:19.753+0000] {processor.py:914} INFO - Processing file /home/airflow/.local/lib/python3.12/site-packages/airflow/example_dags/example_complex.py for tasks to queue
[2024-11-25T02:02:19.756+0000] {logging_mixin.py:190} INFO - [2024-11-25T02:02:19.756+0000] {dagbag.py:588} INFO - Filling up the DagBag from /home/airflow/.local/lib/python3.12/site-packages/airflow/example_dags/example_complex.py
[2024-11-25T02:02:19.771+0000] {processor.py:925} INFO - DAG(s) 'example_complex' retrieved from /home/airflow/.local/lib/python3.12/site-packages/airflow/example_dags/example_complex.py
[2024-11-25T02:02:19.809+0000] {logging_mixin.py:190} INFO - [2024-11-25T02:02:19.809+0000] {dag.py:3239} INFO - Sync 1 DAGs
[2024-11-25T02:02:19.826+0000] {logging_mixin.py:190} INFO - [2024-11-25T02:02:19.826+0000] {dag.py:4180} INFO - Setting next_dagrun for example_complex to None, run_after=None
[2024-11-25T02:02:19.849+0000] {processor.py:208} INFO - Processing /home/airflow/.local/lib/python3.12/site-packages/airflow/example_dags/example_complex.py took 0.104 seconds
[2024-11-25T02:02:50.077+0000] {processor.py:186} INFO - Started process (PID=1030) to work on /home/airflow/.local/lib/python3.12/site-packages/airflow/example_dags/example_complex.py
[2024-11-25T02:02:50.078+0000] {processor.py:914} INFO - Processing file /home/airflow/.local/lib/python3.12/site-packages/airflow/example_dags/example_complex.py for tasks to queue
[2024-11-25T02:02:50.094+0000] {logging_mixin.py:190} INFO - [2024-11-25T02:02:50.093+0000] {dagbag.py:588} INFO - Filling up the DagBag from /home/airflow/.local/lib/python3.12/site-packages/airflow/example_dags/example_complex.py
[2024-11-25T02:02:50.137+0000] {processor.py:925} INFO - DAG(s) 'example_complex' retrieved from /home/airflow/.local/lib/python3.12/site-packages/airflow/example_dags/example_complex.py
[2024-11-25T02:02:50.207+0000] {logging_mixin.py:190} INFO - [2024-11-25T02:02:50.206+0000] {dag.py:3239} INFO - Sync 1 DAGs
[2024-11-25T02:02:50.229+0000] {logging_mixin.py:190} INFO - [2024-11-25T02:02:50.228+0000] {dag.py:4180} INFO - Setting next_dagrun for example_complex to None, run_after=None
[2024-11-25T02:02:50.257+0000] {processor.py:208} INFO - Processing /home/airflow/.local/lib/python3.12/site-packages/airflow/example_dags/example_complex.py took 0.198 seconds
[2024-11-25T02:03:20.421+0000] {processor.py:186} INFO - Started process (PID=1095) to work on /home/airflow/.local/lib/python3.12/site-packages/airflow/example_dags/example_complex.py
[2024-11-25T02:03:20.422+0000] {processor.py:914} INFO - Processing file /home/airflow/.local/lib/python3.12/site-packages/airflow/example_dags/example_complex.py for tasks to queue
[2024-11-25T02:03:20.424+0000] {logging_mixin.py:190} INFO - [2024-11-25T02:03:20.424+0000] {dagbag.py:588} INFO - Filling up the DagBag from /home/airflow/.local/lib/python3.12/site-packages/airflow/example_dags/example_complex.py
[2024-11-25T02:03:20.436+0000] {processor.py:925} INFO - DAG(s) 'example_complex' retrieved from /home/airflow/.local/lib/python3.12/site-packages/airflow/example_dags/example_complex.py
[2024-11-25T02:03:20.466+0000] {logging_mixin.py:190} INFO - [2024-11-25T02:03:20.466+0000] {dag.py:3239} INFO - Sync 1 DAGs
[2024-11-25T02:03:20.483+0000] {logging_mixin.py:190} INFO - [2024-11-25T02:03:20.483+0000] {dag.py:4180} INFO - Setting next_dagrun for example_complex to None, run_after=None
[2024-11-25T02:03:20.504+0000] {processor.py:208} INFO - Processing /home/airflow/.local/lib/python3.12/site-packages/airflow/example_dags/example_complex.py took 0.088 seconds
[2024-11-25T02:03:50.644+0000] {processor.py:186} INFO - Started process (PID=1160) to work on /home/airflow/.local/lib/python3.12/site-packages/airflow/example_dags/example_complex.py
[2024-11-25T02:03:50.645+0000] {processor.py:914} INFO - Processing file /home/airflow/.local/lib/python3.12/site-packages/airflow/example_dags/example_complex.py for tasks to queue
[2024-11-25T02:03:50.647+0000] {logging_mixin.py:190} INFO - [2024-11-25T02:03:50.647+0000] {dagbag.py:588} INFO - Filling up the DagBag from /home/airflow/.local/lib/python3.12/site-packages/airflow/example_dags/example_complex.py
[2024-11-25T02:03:50.660+0000] {processor.py:925} INFO - DAG(s) 'example_complex' retrieved from /home/airflow/.local/lib/python3.12/site-packages/airflow/example_dags/example_complex.py
[2024-11-25T02:03:50.690+0000] {logging_mixin.py:190} INFO - [2024-11-25T02:03:50.690+0000] {dag.py:3239} INFO - Sync 1 DAGs
[2024-11-25T02:03:50.703+0000] {logging_mixin.py:190} INFO - [2024-11-25T02:03:50.703+0000] {dag.py:4180} INFO - Setting next_dagrun for example_complex to None, run_after=None
[2024-11-25T02:03:50.721+0000] {processor.py:208} INFO - Processing /home/airflow/.local/lib/python3.12/site-packages/airflow/example_dags/example_complex.py took 0.083 seconds
[2024-11-25T02:04:21.066+0000] {processor.py:186} INFO - Started process (PID=1223) to work on /home/airflow/.local/lib/python3.12/site-packages/airflow/example_dags/example_complex.py
[2024-11-25T02:04:21.067+0000] {processor.py:914} INFO - Processing file /home/airflow/.local/lib/python3.12/site-packages/airflow/example_dags/example_complex.py for tasks to queue
[2024-11-25T02:04:21.070+0000] {logging_mixin.py:190} INFO - [2024-11-25T02:04:21.070+0000] {dagbag.py:588} INFO - Filling up the DagBag from /home/airflow/.local/lib/python3.12/site-packages/airflow/example_dags/example_complex.py
[2024-11-25T02:04:21.090+0000] {processor.py:925} INFO - DAG(s) 'example_complex' retrieved from /home/airflow/.local/lib/python3.12/site-packages/airflow/example_dags/example_complex.py
[2024-11-25T02:04:21.138+0000] {logging_mixin.py:190} INFO - [2024-11-25T02:04:21.137+0000] {dag.py:3239} INFO - Sync 1 DAGs
[2024-11-25T02:04:21.160+0000] {logging_mixin.py:190} INFO - [2024-11-25T02:04:21.160+0000] {dag.py:4180} INFO - Setting next_dagrun for example_complex to None, run_after=None
[2024-11-25T02:04:21.183+0000] {processor.py:208} INFO - Processing /home/airflow/.local/lib/python3.12/site-packages/airflow/example_dags/example_complex.py took 0.125 seconds
[2024-11-25T02:04:51.316+0000] {processor.py:186} INFO - Started process (PID=1287) to work on /home/airflow/.local/lib/python3.12/site-packages/airflow/example_dags/example_complex.py
[2024-11-25T02:04:51.317+0000] {processor.py:914} INFO - Processing file /home/airflow/.local/lib/python3.12/site-packages/airflow/example_dags/example_complex.py for tasks to queue
[2024-11-25T02:04:51.319+0000] {logging_mixin.py:190} INFO - [2024-11-25T02:04:51.319+0000] {dagbag.py:588} INFO - Filling up the DagBag from /home/airflow/.local/lib/python3.12/site-packages/airflow/example_dags/example_complex.py
[2024-11-25T02:04:51.331+0000] {processor.py:925} INFO - DAG(s) 'example_complex' retrieved from /home/airflow/.local/lib/python3.12/site-packages/airflow/example_dags/example_complex.py
[2024-11-25T02:04:51.358+0000] {logging_mixin.py:190} INFO - [2024-11-25T02:04:51.358+0000] {dag.py:3239} INFO - Sync 1 DAGs
[2024-11-25T02:04:51.372+0000] {logging_mixin.py:190} INFO - [2024-11-25T02:04:51.372+0000] {dag.py:4180} INFO - Setting next_dagrun for example_complex to None, run_after=None
[2024-11-25T02:04:51.391+0000] {processor.py:208} INFO - Processing /home/airflow/.local/lib/python3.12/site-packages/airflow/example_dags/example_complex.py took 0.081 seconds
[2024-11-25T02:05:22.044+0000] {processor.py:186} INFO - Started process (PID=1351) to work on /home/airflow/.local/lib/python3.12/site-packages/airflow/example_dags/example_complex.py
[2024-11-25T02:05:22.044+0000] {processor.py:914} INFO - Processing file /home/airflow/.local/lib/python3.12/site-packages/airflow/example_dags/example_complex.py for tasks to queue
[2024-11-25T02:05:22.047+0000] {logging_mixin.py:190} INFO - [2024-11-25T02:05:22.046+0000] {dagbag.py:588} INFO - Filling up the DagBag from /home/airflow/.local/lib/python3.12/site-packages/airflow/example_dags/example_complex.py
[2024-11-25T02:05:22.059+0000] {processor.py:925} INFO - DAG(s) 'example_complex' retrieved from /home/airflow/.local/lib/python3.12/site-packages/airflow/example_dags/example_complex.py
[2024-11-25T02:05:22.088+0000] {logging_mixin.py:190} INFO - [2024-11-25T02:05:22.088+0000] {dag.py:3239} INFO - Sync 1 DAGs
[2024-11-25T02:05:22.103+0000] {logging_mixin.py:190} INFO - [2024-11-25T02:05:22.103+0000] {dag.py:4180} INFO - Setting next_dagrun for example_complex to None, run_after=None
[2024-11-25T02:05:22.120+0000] {processor.py:208} INFO - Processing /home/airflow/.local/lib/python3.12/site-packages/airflow/example_dags/example_complex.py took 0.081 seconds
[2024-11-25T02:05:52.361+0000] {processor.py:186} INFO - Started process (PID=1415) to work on /home/airflow/.local/lib/python3.12/site-packages/airflow/example_dags/example_complex.py
[2024-11-25T02:05:52.362+0000] {processor.py:914} INFO - Processing file /home/airflow/.local/lib/python3.12/site-packages/airflow/example_dags/example_complex.py for tasks to queue
[2024-11-25T02:05:52.365+0000] {logging_mixin.py:190} INFO - [2024-11-25T02:05:52.365+0000] {dagbag.py:588} INFO - Filling up the DagBag from /home/airflow/.local/lib/python3.12/site-packages/airflow/example_dags/example_complex.py
[2024-11-25T02:05:52.380+0000] {processor.py:925} INFO - DAG(s) 'example_complex' retrieved from /home/airflow/.local/lib/python3.12/site-packages/airflow/example_dags/example_complex.py
[2024-11-25T02:05:52.420+0000] {logging_mixin.py:190} INFO - [2024-11-25T02:05:52.419+0000] {dag.py:3239} INFO - Sync 1 DAGs
[2024-11-25T02:05:52.440+0000] {logging_mixin.py:190} INFO - [2024-11-25T02:05:52.440+0000] {dag.py:4180} INFO - Setting next_dagrun for example_complex to None, run_after=None
[2024-11-25T02:05:52.462+0000] {processor.py:208} INFO - Processing /home/airflow/.local/lib/python3.12/site-packages/airflow/example_dags/example_complex.py took 0.108 seconds
[2024-11-25T02:06:22.728+0000] {processor.py:186} INFO - Started process (PID=1479) to work on /home/airflow/.local/lib/python3.12/site-packages/airflow/example_dags/example_complex.py
[2024-11-25T02:06:22.730+0000] {processor.py:914} INFO - Processing file /home/airflow/.local/lib/python3.12/site-packages/airflow/example_dags/example_complex.py for tasks to queue
[2024-11-25T02:06:22.735+0000] {logging_mixin.py:190} INFO - [2024-11-25T02:06:22.734+0000] {dagbag.py:588} INFO - Filling up the DagBag from /home/airflow/.local/lib/python3.12/site-packages/airflow/example_dags/example_complex.py
[2024-11-25T02:06:22.755+0000] {processor.py:925} INFO - DAG(s) 'example_complex' retrieved from /home/airflow/.local/lib/python3.12/site-packages/airflow/example_dags/example_complex.py
[2024-11-25T02:06:22.833+0000] {logging_mixin.py:190} INFO - [2024-11-25T02:06:22.833+0000] {dag.py:3239} INFO - Sync 1 DAGs
[2024-11-25T02:06:22.882+0000] {logging_mixin.py:190} INFO - [2024-11-25T02:06:22.881+0000] {dag.py:4180} INFO - Setting next_dagrun for example_complex to None, run_after=None
[2024-11-25T02:06:22.943+0000] {processor.py:208} INFO - Processing /home/airflow/.local/lib/python3.12/site-packages/airflow/example_dags/example_complex.py took 0.224 seconds
[2024-11-25T02:06:53.210+0000] {processor.py:186} INFO - Started process (PID=1544) to work on /home/airflow/.local/lib/python3.12/site-packages/airflow/example_dags/example_complex.py
[2024-11-25T02:06:53.211+0000] {processor.py:914} INFO - Processing file /home/airflow/.local/lib/python3.12/site-packages/airflow/example_dags/example_complex.py for tasks to queue
[2024-11-25T02:06:53.215+0000] {logging_mixin.py:190} INFO - [2024-11-25T02:06:53.214+0000] {dagbag.py:588} INFO - Filling up the DagBag from /home/airflow/.local/lib/python3.12/site-packages/airflow/example_dags/example_complex.py
[2024-11-25T02:06:53.235+0000] {processor.py:925} INFO - DAG(s) 'example_complex' retrieved from /home/airflow/.local/lib/python3.12/site-packages/airflow/example_dags/example_complex.py
[2024-11-25T02:06:53.301+0000] {logging_mixin.py:190} INFO - [2024-11-25T02:06:53.300+0000] {dag.py:3239} INFO - Sync 1 DAGs
[2024-11-25T02:06:53.333+0000] {logging_mixin.py:190} INFO - [2024-11-25T02:06:53.333+0000] {dag.py:4180} INFO - Setting next_dagrun for example_complex to None, run_after=None
[2024-11-25T02:06:53.370+0000] {processor.py:208} INFO - Processing /home/airflow/.local/lib/python3.12/site-packages/airflow/example_dags/example_complex.py took 0.169 seconds
[2024-11-25T02:07:23.621+0000] {processor.py:186} INFO - Started process (PID=1608) to work on /home/airflow/.local/lib/python3.12/site-packages/airflow/example_dags/example_complex.py
[2024-11-25T02:07:23.622+0000] {processor.py:914} INFO - Processing file /home/airflow/.local/lib/python3.12/site-packages/airflow/example_dags/example_complex.py for tasks to queue
[2024-11-25T02:07:23.626+0000] {logging_mixin.py:190} INFO - [2024-11-25T02:07:23.626+0000] {dagbag.py:588} INFO - Filling up the DagBag from /home/airflow/.local/lib/python3.12/site-packages/airflow/example_dags/example_complex.py
[2024-11-25T02:07:23.648+0000] {processor.py:925} INFO - DAG(s) 'example_complex' retrieved from /home/airflow/.local/lib/python3.12/site-packages/airflow/example_dags/example_complex.py
[2024-11-25T02:07:23.687+0000] {logging_mixin.py:190} INFO - [2024-11-25T02:07:23.686+0000] {dag.py:3239} INFO - Sync 1 DAGs
[2024-11-25T02:07:23.710+0000] {logging_mixin.py:190} INFO - [2024-11-25T02:07:23.710+0000] {dag.py:4180} INFO - Setting next_dagrun for example_complex to None, run_after=None
[2024-11-25T02:07:23.735+0000] {processor.py:208} INFO - Processing /home/airflow/.local/lib/python3.12/site-packages/airflow/example_dags/example_complex.py took 0.122 seconds
[2024-11-25T02:07:54.310+0000] {processor.py:186} INFO - Started process (PID=1672) to work on /home/airflow/.local/lib/python3.12/site-packages/airflow/example_dags/example_complex.py
[2024-11-25T02:07:54.311+0000] {processor.py:914} INFO - Processing file /home/airflow/.local/lib/python3.12/site-packages/airflow/example_dags/example_complex.py for tasks to queue
[2024-11-25T02:07:54.314+0000] {logging_mixin.py:190} INFO - [2024-11-25T02:07:54.313+0000] {dagbag.py:588} INFO - Filling up the DagBag from /home/airflow/.local/lib/python3.12/site-packages/airflow/example_dags/example_complex.py
[2024-11-25T02:07:54.326+0000] {processor.py:925} INFO - DAG(s) 'example_complex' retrieved from /home/airflow/.local/lib/python3.12/site-packages/airflow/example_dags/example_complex.py
[2024-11-25T02:07:54.360+0000] {logging_mixin.py:190} INFO - [2024-11-25T02:07:54.360+0000] {dag.py:3239} INFO - Sync 1 DAGs
[2024-11-25T02:07:54.379+0000] {logging_mixin.py:190} INFO - [2024-11-25T02:07:54.379+0000] {dag.py:4180} INFO - Setting next_dagrun for example_complex to None, run_after=None
[2024-11-25T02:07:54.399+0000] {processor.py:208} INFO - Processing /home/airflow/.local/lib/python3.12/site-packages/airflow/example_dags/example_complex.py took 0.094 seconds
[2024-11-25T02:08:25.583+0000] {processor.py:186} INFO - Started process (PID=1735) to work on /home/airflow/.local/lib/python3.12/site-packages/airflow/example_dags/example_complex.py
[2024-11-25T02:08:25.592+0000] {processor.py:914} INFO - Processing file /home/airflow/.local/lib/python3.12/site-packages/airflow/example_dags/example_complex.py for tasks to queue
[2024-11-25T02:08:25.598+0000] {logging_mixin.py:190} INFO - [2024-11-25T02:08:25.597+0000] {dagbag.py:588} INFO - Filling up the DagBag from /home/airflow/.local/lib/python3.12/site-packages/airflow/example_dags/example_complex.py
[2024-11-25T02:08:25.659+0000] {processor.py:925} INFO - DAG(s) 'example_complex' retrieved from /home/airflow/.local/lib/python3.12/site-packages/airflow/example_dags/example_complex.py
[2024-11-25T02:08:25.764+0000] {logging_mixin.py:190} INFO - [2024-11-25T02:08:25.755+0000] {dag.py:3239} INFO - Sync 1 DAGs
[2024-11-25T02:08:25.803+0000] {logging_mixin.py:190} INFO - [2024-11-25T02:08:25.803+0000] {dag.py:4180} INFO - Setting next_dagrun for example_complex to None, run_after=None
[2024-11-25T02:08:25.865+0000] {processor.py:208} INFO - Processing /home/airflow/.local/lib/python3.12/site-packages/airflow/example_dags/example_complex.py took 0.303 seconds
[2024-11-25T02:08:56.669+0000] {processor.py:186} INFO - Started process (PID=1799) to work on /home/airflow/.local/lib/python3.12/site-packages/airflow/example_dags/example_complex.py
[2024-11-25T02:08:56.671+0000] {processor.py:914} INFO - Processing file /home/airflow/.local/lib/python3.12/site-packages/airflow/example_dags/example_complex.py for tasks to queue
[2024-11-25T02:08:56.675+0000] {logging_mixin.py:190} INFO - [2024-11-25T02:08:56.674+0000] {dagbag.py:588} INFO - Filling up the DagBag from /home/airflow/.local/lib/python3.12/site-packages/airflow/example_dags/example_complex.py
[2024-11-25T02:08:56.693+0000] {processor.py:925} INFO - DAG(s) 'example_complex' retrieved from /home/airflow/.local/lib/python3.12/site-packages/airflow/example_dags/example_complex.py
[2024-11-25T02:08:56.734+0000] {logging_mixin.py:190} INFO - [2024-11-25T02:08:56.733+0000] {dag.py:3239} INFO - Sync 1 DAGs
[2024-11-25T02:08:56.753+0000] {logging_mixin.py:190} INFO - [2024-11-25T02:08:56.753+0000] {dag.py:4180} INFO - Setting next_dagrun for example_complex to None, run_after=None
[2024-11-25T02:08:56.772+0000] {processor.py:208} INFO - Processing /home/airflow/.local/lib/python3.12/site-packages/airflow/example_dags/example_complex.py took 0.127 seconds
[2024-11-25T02:09:27.259+0000] {processor.py:186} INFO - Started process (PID=1863) to work on /home/airflow/.local/lib/python3.12/site-packages/airflow/example_dags/example_complex.py
[2024-11-25T02:09:27.261+0000] {processor.py:914} INFO - Processing file /home/airflow/.local/lib/python3.12/site-packages/airflow/example_dags/example_complex.py for tasks to queue
[2024-11-25T02:09:27.264+0000] {logging_mixin.py:190} INFO - [2024-11-25T02:09:27.264+0000] {dagbag.py:588} INFO - Filling up the DagBag from /home/airflow/.local/lib/python3.12/site-packages/airflow/example_dags/example_complex.py
[2024-11-25T02:09:27.280+0000] {processor.py:925} INFO - DAG(s) 'example_complex' retrieved from /home/airflow/.local/lib/python3.12/site-packages/airflow/example_dags/example_complex.py
[2024-11-25T02:09:27.326+0000] {logging_mixin.py:190} INFO - [2024-11-25T02:09:27.326+0000] {dag.py:3239} INFO - Sync 1 DAGs
[2024-11-25T02:09:27.365+0000] {logging_mixin.py:190} INFO - [2024-11-25T02:09:27.365+0000] {dag.py:4180} INFO - Setting next_dagrun for example_complex to None, run_after=None
[2024-11-25T02:09:27.391+0000] {processor.py:208} INFO - Processing /home/airflow/.local/lib/python3.12/site-packages/airflow/example_dags/example_complex.py took 0.142 seconds
[2024-11-25T02:09:57.526+0000] {processor.py:186} INFO - Started process (PID=1927) to work on /home/airflow/.local/lib/python3.12/site-packages/airflow/example_dags/example_complex.py
[2024-11-25T02:09:57.527+0000] {processor.py:914} INFO - Processing file /home/airflow/.local/lib/python3.12/site-packages/airflow/example_dags/example_complex.py for tasks to queue
[2024-11-25T02:09:57.531+0000] {logging_mixin.py:190} INFO - [2024-11-25T02:09:57.530+0000] {dagbag.py:588} INFO - Filling up the DagBag from /home/airflow/.local/lib/python3.12/site-packages/airflow/example_dags/example_complex.py
[2024-11-25T02:09:57.544+0000] {processor.py:925} INFO - DAG(s) 'example_complex' retrieved from /home/airflow/.local/lib/python3.12/site-packages/airflow/example_dags/example_complex.py
[2024-11-25T02:09:57.579+0000] {logging_mixin.py:190} INFO - [2024-11-25T02:09:57.579+0000] {dag.py:3239} INFO - Sync 1 DAGs
[2024-11-25T02:09:57.597+0000] {logging_mixin.py:190} INFO - [2024-11-25T02:09:57.596+0000] {dag.py:4180} INFO - Setting next_dagrun for example_complex to None, run_after=None
[2024-11-25T02:09:57.618+0000] {processor.py:208} INFO - Processing /home/airflow/.local/lib/python3.12/site-packages/airflow/example_dags/example_complex.py took 0.098 seconds
[2024-11-25T02:10:28.594+0000] {processor.py:186} INFO - Started process (PID=1991) to work on /home/airflow/.local/lib/python3.12/site-packages/airflow/example_dags/example_complex.py
[2024-11-25T02:10:28.595+0000] {processor.py:914} INFO - Processing file /home/airflow/.local/lib/python3.12/site-packages/airflow/example_dags/example_complex.py for tasks to queue
[2024-11-25T02:10:28.598+0000] {logging_mixin.py:190} INFO - [2024-11-25T02:10:28.598+0000] {dagbag.py:588} INFO - Filling up the DagBag from /home/airflow/.local/lib/python3.12/site-packages/airflow/example_dags/example_complex.py
[2024-11-25T02:10:28.618+0000] {processor.py:925} INFO - DAG(s) 'example_complex' retrieved from /home/airflow/.local/lib/python3.12/site-packages/airflow/example_dags/example_complex.py
[2024-11-25T02:10:28.657+0000] {logging_mixin.py:190} INFO - [2024-11-25T02:10:28.657+0000] {dag.py:3239} INFO - Sync 1 DAGs
[2024-11-25T02:10:28.680+0000] {logging_mixin.py:190} INFO - [2024-11-25T02:10:28.680+0000] {dag.py:4180} INFO - Setting next_dagrun for example_complex to None, run_after=None
[2024-11-25T02:10:28.706+0000] {processor.py:208} INFO - Processing /home/airflow/.local/lib/python3.12/site-packages/airflow/example_dags/example_complex.py took 0.119 seconds
[2024-11-25T02:10:59.018+0000] {processor.py:186} INFO - Started process (PID=2055) to work on /home/airflow/.local/lib/python3.12/site-packages/airflow/example_dags/example_complex.py
[2024-11-25T02:10:59.019+0000] {processor.py:914} INFO - Processing file /home/airflow/.local/lib/python3.12/site-packages/airflow/example_dags/example_complex.py for tasks to queue
[2024-11-25T02:10:59.021+0000] {logging_mixin.py:190} INFO - [2024-11-25T02:10:59.021+0000] {dagbag.py:588} INFO - Filling up the DagBag from /home/airflow/.local/lib/python3.12/site-packages/airflow/example_dags/example_complex.py
[2024-11-25T02:10:59.033+0000] {processor.py:925} INFO - DAG(s) 'example_complex' retrieved from /home/airflow/.local/lib/python3.12/site-packages/airflow/example_dags/example_complex.py
[2024-11-25T02:10:59.066+0000] {logging_mixin.py:190} INFO - [2024-11-25T02:10:59.066+0000] {dag.py:3239} INFO - Sync 1 DAGs
[2024-11-25T02:10:59.083+0000] {logging_mixin.py:190} INFO - [2024-11-25T02:10:59.083+0000] {dag.py:4180} INFO - Setting next_dagrun for example_complex to None, run_after=None
[2024-11-25T02:10:59.104+0000] {processor.py:208} INFO - Processing /home/airflow/.local/lib/python3.12/site-packages/airflow/example_dags/example_complex.py took 0.092 seconds
[2024-11-25T02:11:29.642+0000] {processor.py:186} INFO - Started process (PID=2120) to work on /home/airflow/.local/lib/python3.12/site-packages/airflow/example_dags/example_complex.py
[2024-11-25T02:11:29.643+0000] {processor.py:914} INFO - Processing file /home/airflow/.local/lib/python3.12/site-packages/airflow/example_dags/example_complex.py for tasks to queue
[2024-11-25T02:11:29.646+0000] {logging_mixin.py:190} INFO - [2024-11-25T02:11:29.646+0000] {dagbag.py:588} INFO - Filling up the DagBag from /home/airflow/.local/lib/python3.12/site-packages/airflow/example_dags/example_complex.py
[2024-11-25T02:11:29.660+0000] {processor.py:925} INFO - DAG(s) 'example_complex' retrieved from /home/airflow/.local/lib/python3.12/site-packages/airflow/example_dags/example_complex.py
[2024-11-25T02:11:29.702+0000] {logging_mixin.py:190} INFO - [2024-11-25T02:11:29.702+0000] {dag.py:3239} INFO - Sync 1 DAGs
[2024-11-25T02:11:29.726+0000] {logging_mixin.py:190} INFO - [2024-11-25T02:11:29.725+0000] {dag.py:4180} INFO - Setting next_dagrun for example_complex to None, run_after=None
[2024-11-25T02:11:29.760+0000] {processor.py:208} INFO - Processing /home/airflow/.local/lib/python3.12/site-packages/airflow/example_dags/example_complex.py took 0.125 seconds
[2024-11-25T02:12:00.370+0000] {processor.py:186} INFO - Started process (PID=2184) to work on /home/airflow/.local/lib/python3.12/site-packages/airflow/example_dags/example_complex.py
[2024-11-25T02:12:00.371+0000] {processor.py:914} INFO - Processing file /home/airflow/.local/lib/python3.12/site-packages/airflow/example_dags/example_complex.py for tasks to queue
[2024-11-25T02:12:00.374+0000] {logging_mixin.py:190} INFO - [2024-11-25T02:12:00.373+0000] {dagbag.py:588} INFO - Filling up the DagBag from /home/airflow/.local/lib/python3.12/site-packages/airflow/example_dags/example_complex.py
[2024-11-25T02:12:00.387+0000] {processor.py:925} INFO - DAG(s) 'example_complex' retrieved from /home/airflow/.local/lib/python3.12/site-packages/airflow/example_dags/example_complex.py
[2024-11-25T02:12:00.437+0000] {logging_mixin.py:190} INFO - [2024-11-25T02:12:00.436+0000] {dag.py:3239} INFO - Sync 1 DAGs
[2024-11-25T02:12:00.462+0000] {logging_mixin.py:190} INFO - [2024-11-25T02:12:00.462+0000] {dag.py:4180} INFO - Setting next_dagrun for example_complex to None, run_after=None
[2024-11-25T02:12:00.497+0000] {processor.py:208} INFO - Processing /home/airflow/.local/lib/python3.12/site-packages/airflow/example_dags/example_complex.py took 0.134 seconds
[2024-11-25T02:12:31.213+0000] {processor.py:186} INFO - Started process (PID=2248) to work on /home/airflow/.local/lib/python3.12/site-packages/airflow/example_dags/example_complex.py
[2024-11-25T02:12:31.215+0000] {processor.py:914} INFO - Processing file /home/airflow/.local/lib/python3.12/site-packages/airflow/example_dags/example_complex.py for tasks to queue
[2024-11-25T02:12:31.217+0000] {logging_mixin.py:190} INFO - [2024-11-25T02:12:31.217+0000] {dagbag.py:588} INFO - Filling up the DagBag from /home/airflow/.local/lib/python3.12/site-packages/airflow/example_dags/example_complex.py
[2024-11-25T02:12:31.230+0000] {processor.py:925} INFO - DAG(s) 'example_complex' retrieved from /home/airflow/.local/lib/python3.12/site-packages/airflow/example_dags/example_complex.py
[2024-11-25T02:12:31.272+0000] {logging_mixin.py:190} INFO - [2024-11-25T02:12:31.272+0000] {dag.py:3239} INFO - Sync 1 DAGs
[2024-11-25T02:12:31.291+0000] {logging_mixin.py:190} INFO - [2024-11-25T02:12:31.291+0000] {dag.py:4180} INFO - Setting next_dagrun for example_complex to None, run_after=None
[2024-11-25T02:12:31.317+0000] {processor.py:208} INFO - Processing /home/airflow/.local/lib/python3.12/site-packages/airflow/example_dags/example_complex.py took 0.112 seconds
[2024-11-25T02:13:01.405+0000] {processor.py:186} INFO - Started process (PID=2311) to work on /home/airflow/.local/lib/python3.12/site-packages/airflow/example_dags/example_complex.py
[2024-11-25T02:13:01.405+0000] {processor.py:914} INFO - Processing file /home/airflow/.local/lib/python3.12/site-packages/airflow/example_dags/example_complex.py for tasks to queue
[2024-11-25T02:13:01.408+0000] {logging_mixin.py:190} INFO - [2024-11-25T02:13:01.407+0000] {dagbag.py:588} INFO - Filling up the DagBag from /home/airflow/.local/lib/python3.12/site-packages/airflow/example_dags/example_complex.py
[2024-11-25T02:13:01.419+0000] {processor.py:925} INFO - DAG(s) 'example_complex' retrieved from /home/airflow/.local/lib/python3.12/site-packages/airflow/example_dags/example_complex.py
[2024-11-25T02:13:01.446+0000] {logging_mixin.py:190} INFO - [2024-11-25T02:13:01.446+0000] {dag.py:3239} INFO - Sync 1 DAGs
[2024-11-25T02:13:01.461+0000] {logging_mixin.py:190} INFO - [2024-11-25T02:13:01.461+0000] {dag.py:4180} INFO - Setting next_dagrun for example_complex to None, run_after=None
[2024-11-25T02:13:01.479+0000] {processor.py:208} INFO - Processing /home/airflow/.local/lib/python3.12/site-packages/airflow/example_dags/example_complex.py took 0.079 seconds
[2024-11-25T02:13:31.584+0000] {processor.py:186} INFO - Started process (PID=2375) to work on /home/airflow/.local/lib/python3.12/site-packages/airflow/example_dags/example_complex.py
[2024-11-25T02:13:31.585+0000] {processor.py:914} INFO - Processing file /home/airflow/.local/lib/python3.12/site-packages/airflow/example_dags/example_complex.py for tasks to queue
[2024-11-25T02:13:31.589+0000] {logging_mixin.py:190} INFO - [2024-11-25T02:13:31.588+0000] {dagbag.py:588} INFO - Filling up the DagBag from /home/airflow/.local/lib/python3.12/site-packages/airflow/example_dags/example_complex.py
[2024-11-25T02:13:31.605+0000] {processor.py:925} INFO - DAG(s) 'example_complex' retrieved from /home/airflow/.local/lib/python3.12/site-packages/airflow/example_dags/example_complex.py
[2024-11-25T02:13:31.656+0000] {logging_mixin.py:190} INFO - [2024-11-25T02:13:31.656+0000] {dag.py:3239} INFO - Sync 1 DAGs
[2024-11-25T02:13:31.684+0000] {logging_mixin.py:190} INFO - [2024-11-25T02:13:31.684+0000] {dag.py:4180} INFO - Setting next_dagrun for example_complex to None, run_after=None
[2024-11-25T02:13:31.955+0000] {processor.py:208} INFO - Processing /home/airflow/.local/lib/python3.12/site-packages/airflow/example_dags/example_complex.py took 0.378 seconds
[2024-11-25T02:14:02.336+0000] {processor.py:186} INFO - Started process (PID=2441) to work on /home/airflow/.local/lib/python3.12/site-packages/airflow/example_dags/example_complex.py
[2024-11-25T02:14:02.337+0000] {processor.py:914} INFO - Processing file /home/airflow/.local/lib/python3.12/site-packages/airflow/example_dags/example_complex.py for tasks to queue
[2024-11-25T02:14:02.340+0000] {logging_mixin.py:190} INFO - [2024-11-25T02:14:02.339+0000] {dagbag.py:588} INFO - Filling up the DagBag from /home/airflow/.local/lib/python3.12/site-packages/airflow/example_dags/example_complex.py
[2024-11-25T02:14:02.352+0000] {processor.py:925} INFO - DAG(s) 'example_complex' retrieved from /home/airflow/.local/lib/python3.12/site-packages/airflow/example_dags/example_complex.py
[2024-11-25T02:14:02.390+0000] {logging_mixin.py:190} INFO - [2024-11-25T02:14:02.390+0000] {dag.py:3239} INFO - Sync 1 DAGs
[2024-11-25T02:14:02.418+0000] {logging_mixin.py:190} INFO - [2024-11-25T02:14:02.416+0000] {dag.py:4180} INFO - Setting next_dagrun for example_complex to None, run_after=None
[2024-11-25T02:14:02.508+0000] {processor.py:208} INFO - Processing /home/airflow/.local/lib/python3.12/site-packages/airflow/example_dags/example_complex.py took 0.178 seconds
[2024-11-25T02:14:32.688+0000] {processor.py:186} INFO - Started process (PID=2504) to work on /home/airflow/.local/lib/python3.12/site-packages/airflow/example_dags/example_complex.py
[2024-11-25T02:14:32.689+0000] {processor.py:914} INFO - Processing file /home/airflow/.local/lib/python3.12/site-packages/airflow/example_dags/example_complex.py for tasks to queue
[2024-11-25T02:14:32.691+0000] {logging_mixin.py:190} INFO - [2024-11-25T02:14:32.691+0000] {dagbag.py:588} INFO - Filling up the DagBag from /home/airflow/.local/lib/python3.12/site-packages/airflow/example_dags/example_complex.py
[2024-11-25T02:14:32.703+0000] {processor.py:925} INFO - DAG(s) 'example_complex' retrieved from /home/airflow/.local/lib/python3.12/site-packages/airflow/example_dags/example_complex.py
[2024-11-25T02:14:32.735+0000] {logging_mixin.py:190} INFO - [2024-11-25T02:14:32.735+0000] {dag.py:3239} INFO - Sync 1 DAGs
[2024-11-25T02:14:32.748+0000] {logging_mixin.py:190} INFO - [2024-11-25T02:14:32.748+0000] {dag.py:4180} INFO - Setting next_dagrun for example_complex to None, run_after=None
[2024-11-25T02:14:32.767+0000] {processor.py:208} INFO - Processing /home/airflow/.local/lib/python3.12/site-packages/airflow/example_dags/example_complex.py took 0.084 seconds
[2024-11-25T02:15:03.470+0000] {processor.py:186} INFO - Started process (PID=2568) to work on /home/airflow/.local/lib/python3.12/site-packages/airflow/example_dags/example_complex.py
[2024-11-25T02:15:03.471+0000] {processor.py:914} INFO - Processing file /home/airflow/.local/lib/python3.12/site-packages/airflow/example_dags/example_complex.py for tasks to queue
[2024-11-25T02:15:03.474+0000] {logging_mixin.py:190} INFO - [2024-11-25T02:15:03.473+0000] {dagbag.py:588} INFO - Filling up the DagBag from /home/airflow/.local/lib/python3.12/site-packages/airflow/example_dags/example_complex.py
[2024-11-25T02:15:03.487+0000] {processor.py:925} INFO - DAG(s) 'example_complex' retrieved from /home/airflow/.local/lib/python3.12/site-packages/airflow/example_dags/example_complex.py
[2024-11-25T02:15:03.522+0000] {logging_mixin.py:190} INFO - [2024-11-25T02:15:03.521+0000] {dag.py:3239} INFO - Sync 1 DAGs
[2024-11-25T02:15:03.537+0000] {logging_mixin.py:190} INFO - [2024-11-25T02:15:03.537+0000] {dag.py:4180} INFO - Setting next_dagrun for example_complex to None, run_after=None
[2024-11-25T02:15:03.566+0000] {processor.py:208} INFO - Processing /home/airflow/.local/lib/python3.12/site-packages/airflow/example_dags/example_complex.py took 0.102 seconds
[2024-11-25T02:15:34.167+0000] {processor.py:186} INFO - Started process (PID=2633) to work on /home/airflow/.local/lib/python3.12/site-packages/airflow/example_dags/example_complex.py
[2024-11-25T02:15:34.168+0000] {processor.py:914} INFO - Processing file /home/airflow/.local/lib/python3.12/site-packages/airflow/example_dags/example_complex.py for tasks to queue
[2024-11-25T02:15:34.170+0000] {logging_mixin.py:190} INFO - [2024-11-25T02:15:34.170+0000] {dagbag.py:588} INFO - Filling up the DagBag from /home/airflow/.local/lib/python3.12/site-packages/airflow/example_dags/example_complex.py
[2024-11-25T02:15:34.183+0000] {processor.py:925} INFO - DAG(s) 'example_complex' retrieved from /home/airflow/.local/lib/python3.12/site-packages/airflow/example_dags/example_complex.py
[2024-11-25T02:15:34.225+0000] {logging_mixin.py:190} INFO - [2024-11-25T02:15:34.223+0000] {dag.py:3239} INFO - Sync 1 DAGs
[2024-11-25T02:15:34.256+0000] {logging_mixin.py:190} INFO - [2024-11-25T02:15:34.256+0000] {dag.py:4180} INFO - Setting next_dagrun for example_complex to None, run_after=None
[2024-11-25T02:15:34.286+0000] {processor.py:208} INFO - Processing /home/airflow/.local/lib/python3.12/site-packages/airflow/example_dags/example_complex.py took 0.125 seconds
[2024-11-25T02:16:04.564+0000] {processor.py:186} INFO - Started process (PID=2697) to work on /home/airflow/.local/lib/python3.12/site-packages/airflow/example_dags/example_complex.py
[2024-11-25T02:16:04.564+0000] {processor.py:914} INFO - Processing file /home/airflow/.local/lib/python3.12/site-packages/airflow/example_dags/example_complex.py for tasks to queue
[2024-11-25T02:16:04.567+0000] {logging_mixin.py:190} INFO - [2024-11-25T02:16:04.566+0000] {dagbag.py:588} INFO - Filling up the DagBag from /home/airflow/.local/lib/python3.12/site-packages/airflow/example_dags/example_complex.py
[2024-11-25T02:16:04.577+0000] {processor.py:925} INFO - DAG(s) 'example_complex' retrieved from /home/airflow/.local/lib/python3.12/site-packages/airflow/example_dags/example_complex.py
[2024-11-25T02:16:04.759+0000] {logging_mixin.py:190} INFO - [2024-11-25T02:16:04.759+0000] {dag.py:3239} INFO - Sync 1 DAGs
[2024-11-25T02:16:04.771+0000] {logging_mixin.py:190} INFO - [2024-11-25T02:16:04.770+0000] {dag.py:4180} INFO - Setting next_dagrun for example_complex to None, run_after=None
[2024-11-25T02:16:04.787+0000] {processor.py:208} INFO - Processing /home/airflow/.local/lib/python3.12/site-packages/airflow/example_dags/example_complex.py took 0.229 seconds
[2024-11-25T02:16:35.126+0000] {processor.py:186} INFO - Started process (PID=2767) to work on /home/airflow/.local/lib/python3.12/site-packages/airflow/example_dags/example_complex.py
[2024-11-25T02:16:35.127+0000] {processor.py:914} INFO - Processing file /home/airflow/.local/lib/python3.12/site-packages/airflow/example_dags/example_complex.py for tasks to queue
[2024-11-25T02:16:35.129+0000] {logging_mixin.py:190} INFO - [2024-11-25T02:16:35.128+0000] {dagbag.py:588} INFO - Filling up the DagBag from /home/airflow/.local/lib/python3.12/site-packages/airflow/example_dags/example_complex.py
[2024-11-25T02:16:35.141+0000] {processor.py:925} INFO - DAG(s) 'example_complex' retrieved from /home/airflow/.local/lib/python3.12/site-packages/airflow/example_dags/example_complex.py
[2024-11-25T02:16:35.169+0000] {logging_mixin.py:190} INFO - [2024-11-25T02:16:35.169+0000] {dag.py:3239} INFO - Sync 1 DAGs
[2024-11-25T02:16:35.182+0000] {logging_mixin.py:190} INFO - [2024-11-25T02:16:35.182+0000] {dag.py:4180} INFO - Setting next_dagrun for example_complex to None, run_after=None
[2024-11-25T02:16:35.203+0000] {processor.py:208} INFO - Processing /home/airflow/.local/lib/python3.12/site-packages/airflow/example_dags/example_complex.py took 0.082 seconds
