[2024-11-25T01:55:16.846+0000] {processor.py:186} INFO - Started process (PID=84) to work on /home/airflow/.local/lib/python3.12/site-packages/airflow/example_dags/example_workday_timetable.py
[2024-11-25T01:55:16.848+0000] {processor.py:914} INFO - Processing file /home/airflow/.local/lib/python3.12/site-packages/airflow/example_dags/example_workday_timetable.py for tasks to queue
[2024-11-25T01:55:16.863+0000] {logging_mixin.py:190} INFO - [2024-11-25T01:55:16.863+0000] {dagbag.py:588} INFO - Filling up the DagBag from /home/airflow/.local/lib/python3.12/site-packages/airflow/example_dags/example_workday_timetable.py
[2024-11-25T01:55:16.894+0000] {processor.py:925} INFO - DAG(s) 'example_workday_timetable' retrieved from /home/airflow/.local/lib/python3.12/site-packages/airflow/example_dags/example_workday_timetable.py
[2024-11-25T01:55:17.193+0000] {logging_mixin.py:190} INFO - [2024-11-25T01:55:17.192+0000] {dag.py:3239} INFO - Sync 1 DAGs
[2024-11-25T01:55:17.965+0000] {logging_mixin.py:190} INFO - [2024-11-25T01:55:17.965+0000] {dag.py:4180} INFO - Setting next_dagrun for example_workday_timetable to 2021-01-04 00:00:00+00:00, run_after=2021-01-05 00:00:00+00:00
[2024-11-25T01:55:18.040+0000] {processor.py:208} INFO - Processing /home/airflow/.local/lib/python3.12/site-packages/airflow/example_dags/example_workday_timetable.py took 1.215 seconds
[2024-11-25T01:55:48.137+0000] {processor.py:186} INFO - Started process (PID=150) to work on /home/airflow/.local/lib/python3.12/site-packages/airflow/example_dags/example_workday_timetable.py
[2024-11-25T01:55:48.138+0000] {processor.py:914} INFO - Processing file /home/airflow/.local/lib/python3.12/site-packages/airflow/example_dags/example_workday_timetable.py for tasks to queue
[2024-11-25T01:55:48.140+0000] {logging_mixin.py:190} INFO - [2024-11-25T01:55:48.140+0000] {dagbag.py:588} INFO - Filling up the DagBag from /home/airflow/.local/lib/python3.12/site-packages/airflow/example_dags/example_workday_timetable.py
[2024-11-25T01:55:48.146+0000] {processor.py:925} INFO - DAG(s) 'example_workday_timetable' retrieved from /home/airflow/.local/lib/python3.12/site-packages/airflow/example_dags/example_workday_timetable.py
[2024-11-25T01:55:48.164+0000] {logging_mixin.py:190} INFO - [2024-11-25T01:55:48.164+0000] {dag.py:3239} INFO - Sync 1 DAGs
[2024-11-25T01:55:48.231+0000] {logging_mixin.py:190} INFO - [2024-11-25T01:55:48.231+0000] {dag.py:4180} INFO - Setting next_dagrun for example_workday_timetable to 2021-01-04 00:00:00+00:00, run_after=2021-01-05 00:00:00+00:00
[2024-11-25T01:55:48.247+0000] {processor.py:208} INFO - Processing /home/airflow/.local/lib/python3.12/site-packages/airflow/example_dags/example_workday_timetable.py took 0.116 seconds
[2024-11-25T01:56:18.508+0000] {processor.py:186} INFO - Started process (PID=213) to work on /home/airflow/.local/lib/python3.12/site-packages/airflow/example_dags/example_workday_timetable.py
[2024-11-25T01:56:18.510+0000] {processor.py:914} INFO - Processing file /home/airflow/.local/lib/python3.12/site-packages/airflow/example_dags/example_workday_timetable.py for tasks to queue
[2024-11-25T01:56:18.520+0000] {logging_mixin.py:190} INFO - [2024-11-25T01:56:18.519+0000] {dagbag.py:588} INFO - Filling up the DagBag from /home/airflow/.local/lib/python3.12/site-packages/airflow/example_dags/example_workday_timetable.py
[2024-11-25T01:56:18.533+0000] {processor.py:925} INFO - DAG(s) 'example_workday_timetable' retrieved from /home/airflow/.local/lib/python3.12/site-packages/airflow/example_dags/example_workday_timetable.py
[2024-11-25T01:56:18.569+0000] {logging_mixin.py:190} INFO - [2024-11-25T01:56:18.568+0000] {dag.py:3239} INFO - Sync 1 DAGs
[2024-11-25T01:56:18.776+0000] {logging_mixin.py:190} INFO - [2024-11-25T01:56:18.774+0000] {dag.py:4180} INFO - Setting next_dagrun for example_workday_timetable to 2021-01-04 00:00:00+00:00, run_after=2021-01-05 00:00:00+00:00
[2024-11-25T01:56:18.950+0000] {processor.py:208} INFO - Processing /home/airflow/.local/lib/python3.12/site-packages/airflow/example_dags/example_workday_timetable.py took 0.454 seconds
[2024-11-25T01:56:49.662+0000] {processor.py:186} INFO - Started process (PID=277) to work on /home/airflow/.local/lib/python3.12/site-packages/airflow/example_dags/example_workday_timetable.py
[2024-11-25T01:56:49.666+0000] {processor.py:914} INFO - Processing file /home/airflow/.local/lib/python3.12/site-packages/airflow/example_dags/example_workday_timetable.py for tasks to queue
[2024-11-25T01:56:49.670+0000] {logging_mixin.py:190} INFO - [2024-11-25T01:56:49.670+0000] {dagbag.py:588} INFO - Filling up the DagBag from /home/airflow/.local/lib/python3.12/site-packages/airflow/example_dags/example_workday_timetable.py
[2024-11-25T01:56:49.689+0000] {processor.py:925} INFO - DAG(s) 'example_workday_timetable' retrieved from /home/airflow/.local/lib/python3.12/site-packages/airflow/example_dags/example_workday_timetable.py
[2024-11-25T01:56:49.749+0000] {logging_mixin.py:190} INFO - [2024-11-25T01:56:49.748+0000] {dag.py:3239} INFO - Sync 1 DAGs
[2024-11-25T01:56:50.037+0000] {logging_mixin.py:190} INFO - [2024-11-25T01:56:50.036+0000] {dag.py:4180} INFO - Setting next_dagrun for example_workday_timetable to 2021-01-04 00:00:00+00:00, run_after=2021-01-05 00:00:00+00:00
[2024-11-25T01:56:50.102+0000] {processor.py:208} INFO - Processing /home/airflow/.local/lib/python3.12/site-packages/airflow/example_dags/example_workday_timetable.py took 0.457 seconds
[2024-11-25T01:57:20.677+0000] {processor.py:186} INFO - Started process (PID=341) to work on /home/airflow/.local/lib/python3.12/site-packages/airflow/example_dags/example_workday_timetable.py
[2024-11-25T01:57:20.678+0000] {processor.py:914} INFO - Processing file /home/airflow/.local/lib/python3.12/site-packages/airflow/example_dags/example_workday_timetable.py for tasks to queue
[2024-11-25T01:57:20.680+0000] {logging_mixin.py:190} INFO - [2024-11-25T01:57:20.680+0000] {dagbag.py:588} INFO - Filling up the DagBag from /home/airflow/.local/lib/python3.12/site-packages/airflow/example_dags/example_workday_timetable.py
[2024-11-25T01:57:20.686+0000] {processor.py:925} INFO - DAG(s) 'example_workday_timetable' retrieved from /home/airflow/.local/lib/python3.12/site-packages/airflow/example_dags/example_workday_timetable.py
[2024-11-25T01:57:20.702+0000] {logging_mixin.py:190} INFO - [2024-11-25T01:57:20.702+0000] {dag.py:3239} INFO - Sync 1 DAGs
[2024-11-25T01:57:20.763+0000] {logging_mixin.py:190} INFO - [2024-11-25T01:57:20.762+0000] {dag.py:4180} INFO - Setting next_dagrun for example_workday_timetable to 2021-01-04 00:00:00+00:00, run_after=2021-01-05 00:00:00+00:00
[2024-11-25T01:57:20.780+0000] {processor.py:208} INFO - Processing /home/airflow/.local/lib/python3.12/site-packages/airflow/example_dags/example_workday_timetable.py took 0.109 seconds
[2024-11-25T01:57:50.901+0000] {processor.py:186} INFO - Started process (PID=405) to work on /home/airflow/.local/lib/python3.12/site-packages/airflow/example_dags/example_workday_timetable.py
[2024-11-25T01:57:50.902+0000] {processor.py:914} INFO - Processing file /home/airflow/.local/lib/python3.12/site-packages/airflow/example_dags/example_workday_timetable.py for tasks to queue
[2024-11-25T01:57:50.905+0000] {logging_mixin.py:190} INFO - [2024-11-25T01:57:50.905+0000] {dagbag.py:588} INFO - Filling up the DagBag from /home/airflow/.local/lib/python3.12/site-packages/airflow/example_dags/example_workday_timetable.py
[2024-11-25T01:57:50.916+0000] {processor.py:925} INFO - DAG(s) 'example_workday_timetable' retrieved from /home/airflow/.local/lib/python3.12/site-packages/airflow/example_dags/example_workday_timetable.py
[2024-11-25T01:57:50.938+0000] {logging_mixin.py:190} INFO - [2024-11-25T01:57:50.937+0000] {dag.py:3239} INFO - Sync 1 DAGs
[2024-11-25T01:57:51.028+0000] {logging_mixin.py:190} INFO - [2024-11-25T01:57:51.027+0000] {dag.py:4180} INFO - Setting next_dagrun for example_workday_timetable to 2021-01-04 00:00:00+00:00, run_after=2021-01-05 00:00:00+00:00
[2024-11-25T01:57:51.052+0000] {processor.py:208} INFO - Processing /home/airflow/.local/lib/python3.12/site-packages/airflow/example_dags/example_workday_timetable.py took 0.157 seconds
[2024-11-25T01:58:21.515+0000] {processor.py:186} INFO - Started process (PID=469) to work on /home/airflow/.local/lib/python3.12/site-packages/airflow/example_dags/example_workday_timetable.py
[2024-11-25T01:58:21.516+0000] {processor.py:914} INFO - Processing file /home/airflow/.local/lib/python3.12/site-packages/airflow/example_dags/example_workday_timetable.py for tasks to queue
[2024-11-25T01:58:21.519+0000] {logging_mixin.py:190} INFO - [2024-11-25T01:58:21.518+0000] {dagbag.py:588} INFO - Filling up the DagBag from /home/airflow/.local/lib/python3.12/site-packages/airflow/example_dags/example_workday_timetable.py
[2024-11-25T01:58:21.524+0000] {processor.py:925} INFO - DAG(s) 'example_workday_timetable' retrieved from /home/airflow/.local/lib/python3.12/site-packages/airflow/example_dags/example_workday_timetable.py
[2024-11-25T01:58:21.540+0000] {logging_mixin.py:190} INFO - [2024-11-25T01:58:21.539+0000] {dag.py:3239} INFO - Sync 1 DAGs
[2024-11-25T01:58:21.598+0000] {logging_mixin.py:190} INFO - [2024-11-25T01:58:21.598+0000] {dag.py:4180} INFO - Setting next_dagrun for example_workday_timetable to 2021-01-04 00:00:00+00:00, run_after=2021-01-05 00:00:00+00:00
[2024-11-25T01:58:21.615+0000] {processor.py:208} INFO - Processing /home/airflow/.local/lib/python3.12/site-packages/airflow/example_dags/example_workday_timetable.py took 0.105 seconds
[2024-11-25T01:58:52.347+0000] {processor.py:186} INFO - Started process (PID=533) to work on /home/airflow/.local/lib/python3.12/site-packages/airflow/example_dags/example_workday_timetable.py
[2024-11-25T01:58:52.348+0000] {processor.py:914} INFO - Processing file /home/airflow/.local/lib/python3.12/site-packages/airflow/example_dags/example_workday_timetable.py for tasks to queue
[2024-11-25T01:58:52.350+0000] {logging_mixin.py:190} INFO - [2024-11-25T01:58:52.349+0000] {dagbag.py:588} INFO - Filling up the DagBag from /home/airflow/.local/lib/python3.12/site-packages/airflow/example_dags/example_workday_timetable.py
[2024-11-25T01:58:52.355+0000] {processor.py:925} INFO - DAG(s) 'example_workday_timetable' retrieved from /home/airflow/.local/lib/python3.12/site-packages/airflow/example_dags/example_workday_timetable.py
[2024-11-25T01:58:52.371+0000] {logging_mixin.py:190} INFO - [2024-11-25T01:58:52.371+0000] {dag.py:3239} INFO - Sync 1 DAGs
[2024-11-25T01:58:52.440+0000] {logging_mixin.py:190} INFO - [2024-11-25T01:58:52.440+0000] {dag.py:4180} INFO - Setting next_dagrun for example_workday_timetable to 2021-01-04 00:00:00+00:00, run_after=2021-01-05 00:00:00+00:00
[2024-11-25T01:58:52.463+0000] {processor.py:208} INFO - Processing /home/airflow/.local/lib/python3.12/site-packages/airflow/example_dags/example_workday_timetable.py took 0.121 seconds
[2024-11-25T01:59:22.603+0000] {processor.py:186} INFO - Started process (PID=597) to work on /home/airflow/.local/lib/python3.12/site-packages/airflow/example_dags/example_workday_timetable.py
[2024-11-25T01:59:22.604+0000] {processor.py:914} INFO - Processing file /home/airflow/.local/lib/python3.12/site-packages/airflow/example_dags/example_workday_timetable.py for tasks to queue
[2024-11-25T01:59:22.606+0000] {logging_mixin.py:190} INFO - [2024-11-25T01:59:22.606+0000] {dagbag.py:588} INFO - Filling up the DagBag from /home/airflow/.local/lib/python3.12/site-packages/airflow/example_dags/example_workday_timetable.py
[2024-11-25T01:59:22.611+0000] {processor.py:925} INFO - DAG(s) 'example_workday_timetable' retrieved from /home/airflow/.local/lib/python3.12/site-packages/airflow/example_dags/example_workday_timetable.py
[2024-11-25T01:59:22.628+0000] {logging_mixin.py:190} INFO - [2024-11-25T01:59:22.628+0000] {dag.py:3239} INFO - Sync 1 DAGs
[2024-11-25T01:59:22.686+0000] {logging_mixin.py:190} INFO - [2024-11-25T01:59:22.686+0000] {dag.py:4180} INFO - Setting next_dagrun for example_workday_timetable to 2021-01-04 00:00:00+00:00, run_after=2021-01-05 00:00:00+00:00
[2024-11-25T01:59:22.704+0000] {processor.py:208} INFO - Processing /home/airflow/.local/lib/python3.12/site-packages/airflow/example_dags/example_workday_timetable.py took 0.106 seconds
[2024-11-25T01:59:52.987+0000] {processor.py:186} INFO - Started process (PID=661) to work on /home/airflow/.local/lib/python3.12/site-packages/airflow/example_dags/example_workday_timetable.py
[2024-11-25T01:59:52.989+0000] {processor.py:914} INFO - Processing file /home/airflow/.local/lib/python3.12/site-packages/airflow/example_dags/example_workday_timetable.py for tasks to queue
[2024-11-25T01:59:52.991+0000] {logging_mixin.py:190} INFO - [2024-11-25T01:59:52.991+0000] {dagbag.py:588} INFO - Filling up the DagBag from /home/airflow/.local/lib/python3.12/site-packages/airflow/example_dags/example_workday_timetable.py
[2024-11-25T01:59:52.999+0000] {processor.py:925} INFO - DAG(s) 'example_workday_timetable' retrieved from /home/airflow/.local/lib/python3.12/site-packages/airflow/example_dags/example_workday_timetable.py
[2024-11-25T01:59:53.023+0000] {logging_mixin.py:190} INFO - [2024-11-25T01:59:53.023+0000] {dag.py:3239} INFO - Sync 1 DAGs
[2024-11-25T01:59:53.097+0000] {logging_mixin.py:190} INFO - [2024-11-25T01:59:53.097+0000] {dag.py:4180} INFO - Setting next_dagrun for example_workday_timetable to 2021-01-04 00:00:00+00:00, run_after=2021-01-05 00:00:00+00:00
[2024-11-25T01:59:53.118+0000] {processor.py:208} INFO - Processing /home/airflow/.local/lib/python3.12/site-packages/airflow/example_dags/example_workday_timetable.py took 0.138 seconds
[2024-11-25T02:00:23.525+0000] {processor.py:186} INFO - Started process (PID=729) to work on /home/airflow/.local/lib/python3.12/site-packages/airflow/example_dags/example_workday_timetable.py
[2024-11-25T02:00:23.526+0000] {processor.py:914} INFO - Processing file /home/airflow/.local/lib/python3.12/site-packages/airflow/example_dags/example_workday_timetable.py for tasks to queue
[2024-11-25T02:00:23.528+0000] {logging_mixin.py:190} INFO - [2024-11-25T02:00:23.527+0000] {dagbag.py:588} INFO - Filling up the DagBag from /home/airflow/.local/lib/python3.12/site-packages/airflow/example_dags/example_workday_timetable.py
[2024-11-25T02:00:23.533+0000] {processor.py:925} INFO - DAG(s) 'example_workday_timetable' retrieved from /home/airflow/.local/lib/python3.12/site-packages/airflow/example_dags/example_workday_timetable.py
[2024-11-25T02:00:23.548+0000] {logging_mixin.py:190} INFO - [2024-11-25T02:00:23.548+0000] {dag.py:3239} INFO - Sync 1 DAGs
[2024-11-25T02:00:23.604+0000] {logging_mixin.py:190} INFO - [2024-11-25T02:00:23.604+0000] {dag.py:4180} INFO - Setting next_dagrun for example_workday_timetable to 2021-01-04 00:00:00+00:00, run_after=2021-01-05 00:00:00+00:00
[2024-11-25T02:00:23.620+0000] {processor.py:208} INFO - Processing /home/airflow/.local/lib/python3.12/site-packages/airflow/example_dags/example_workday_timetable.py took 0.100 seconds
[2024-11-25T02:00:54.035+0000] {processor.py:186} INFO - Started process (PID=793) to work on /home/airflow/.local/lib/python3.12/site-packages/airflow/example_dags/example_workday_timetable.py
[2024-11-25T02:00:54.036+0000] {processor.py:914} INFO - Processing file /home/airflow/.local/lib/python3.12/site-packages/airflow/example_dags/example_workday_timetable.py for tasks to queue
[2024-11-25T02:00:54.038+0000] {logging_mixin.py:190} INFO - [2024-11-25T02:00:54.037+0000] {dagbag.py:588} INFO - Filling up the DagBag from /home/airflow/.local/lib/python3.12/site-packages/airflow/example_dags/example_workday_timetable.py
[2024-11-25T02:00:54.043+0000] {processor.py:925} INFO - DAG(s) 'example_workday_timetable' retrieved from /home/airflow/.local/lib/python3.12/site-packages/airflow/example_dags/example_workday_timetable.py
[2024-11-25T02:00:54.059+0000] {logging_mixin.py:190} INFO - [2024-11-25T02:00:54.059+0000] {dag.py:3239} INFO - Sync 1 DAGs
[2024-11-25T02:00:54.113+0000] {logging_mixin.py:190} INFO - [2024-11-25T02:00:54.113+0000] {dag.py:4180} INFO - Setting next_dagrun for example_workday_timetable to 2021-01-04 00:00:00+00:00, run_after=2021-01-05 00:00:00+00:00
[2024-11-25T02:00:54.144+0000] {processor.py:208} INFO - Processing /home/airflow/.local/lib/python3.12/site-packages/airflow/example_dags/example_workday_timetable.py took 0.114 seconds
[2024-11-25T02:01:24.617+0000] {processor.py:186} INFO - Started process (PID=857) to work on /home/airflow/.local/lib/python3.12/site-packages/airflow/example_dags/example_workday_timetable.py
[2024-11-25T02:01:24.617+0000] {processor.py:914} INFO - Processing file /home/airflow/.local/lib/python3.12/site-packages/airflow/example_dags/example_workday_timetable.py for tasks to queue
[2024-11-25T02:01:24.619+0000] {logging_mixin.py:190} INFO - [2024-11-25T02:01:24.619+0000] {dagbag.py:588} INFO - Filling up the DagBag from /home/airflow/.local/lib/python3.12/site-packages/airflow/example_dags/example_workday_timetable.py
[2024-11-25T02:01:24.625+0000] {processor.py:925} INFO - DAG(s) 'example_workday_timetable' retrieved from /home/airflow/.local/lib/python3.12/site-packages/airflow/example_dags/example_workday_timetable.py
[2024-11-25T02:01:24.640+0000] {logging_mixin.py:190} INFO - [2024-11-25T02:01:24.640+0000] {dag.py:3239} INFO - Sync 1 DAGs
[2024-11-25T02:01:24.695+0000] {logging_mixin.py:190} INFO - [2024-11-25T02:01:24.694+0000] {dag.py:4180} INFO - Setting next_dagrun for example_workday_timetable to 2021-01-04 00:00:00+00:00, run_after=2021-01-05 00:00:00+00:00
[2024-11-25T02:01:24.717+0000] {processor.py:208} INFO - Processing /home/airflow/.local/lib/python3.12/site-packages/airflow/example_dags/example_workday_timetable.py took 0.105 seconds
[2024-11-25T02:01:55.075+0000] {processor.py:186} INFO - Started process (PID=921) to work on /home/airflow/.local/lib/python3.12/site-packages/airflow/example_dags/example_workday_timetable.py
[2024-11-25T02:01:55.076+0000] {processor.py:914} INFO - Processing file /home/airflow/.local/lib/python3.12/site-packages/airflow/example_dags/example_workday_timetable.py for tasks to queue
[2024-11-25T02:01:55.078+0000] {logging_mixin.py:190} INFO - [2024-11-25T02:01:55.078+0000] {dagbag.py:588} INFO - Filling up the DagBag from /home/airflow/.local/lib/python3.12/site-packages/airflow/example_dags/example_workday_timetable.py
[2024-11-25T02:01:55.084+0000] {processor.py:925} INFO - DAG(s) 'example_workday_timetable' retrieved from /home/airflow/.local/lib/python3.12/site-packages/airflow/example_dags/example_workday_timetable.py
[2024-11-25T02:01:55.099+0000] {logging_mixin.py:190} INFO - [2024-11-25T02:01:55.099+0000] {dag.py:3239} INFO - Sync 1 DAGs
[2024-11-25T02:01:55.156+0000] {logging_mixin.py:190} INFO - [2024-11-25T02:01:55.156+0000] {dag.py:4180} INFO - Setting next_dagrun for example_workday_timetable to 2021-01-04 00:00:00+00:00, run_after=2021-01-05 00:00:00+00:00
[2024-11-25T02:01:55.172+0000] {processor.py:208} INFO - Processing /home/airflow/.local/lib/python3.12/site-packages/airflow/example_dags/example_workday_timetable.py took 0.101 seconds
[2024-11-25T02:02:25.286+0000] {processor.py:186} INFO - Started process (PID=985) to work on /home/airflow/.local/lib/python3.12/site-packages/airflow/example_dags/example_workday_timetable.py
[2024-11-25T02:02:25.287+0000] {processor.py:914} INFO - Processing file /home/airflow/.local/lib/python3.12/site-packages/airflow/example_dags/example_workday_timetable.py for tasks to queue
[2024-11-25T02:02:25.290+0000] {logging_mixin.py:190} INFO - [2024-11-25T02:02:25.289+0000] {dagbag.py:588} INFO - Filling up the DagBag from /home/airflow/.local/lib/python3.12/site-packages/airflow/example_dags/example_workday_timetable.py
[2024-11-25T02:02:25.297+0000] {processor.py:925} INFO - DAG(s) 'example_workday_timetable' retrieved from /home/airflow/.local/lib/python3.12/site-packages/airflow/example_dags/example_workday_timetable.py
[2024-11-25T02:02:25.315+0000] {logging_mixin.py:190} INFO - [2024-11-25T02:02:25.314+0000] {dag.py:3239} INFO - Sync 1 DAGs
[2024-11-25T02:02:25.386+0000] {logging_mixin.py:190} INFO - [2024-11-25T02:02:25.385+0000] {dag.py:4180} INFO - Setting next_dagrun for example_workday_timetable to 2021-01-04 00:00:00+00:00, run_after=2021-01-05 00:00:00+00:00
[2024-11-25T02:02:25.402+0000] {processor.py:208} INFO - Processing /home/airflow/.local/lib/python3.12/site-packages/airflow/example_dags/example_workday_timetable.py took 0.124 seconds
[2024-11-25T02:02:55.564+0000] {processor.py:186} INFO - Started process (PID=1049) to work on /home/airflow/.local/lib/python3.12/site-packages/airflow/example_dags/example_workday_timetable.py
[2024-11-25T02:02:55.565+0000] {processor.py:914} INFO - Processing file /home/airflow/.local/lib/python3.12/site-packages/airflow/example_dags/example_workday_timetable.py for tasks to queue
[2024-11-25T02:02:55.567+0000] {logging_mixin.py:190} INFO - [2024-11-25T02:02:55.567+0000] {dagbag.py:588} INFO - Filling up the DagBag from /home/airflow/.local/lib/python3.12/site-packages/airflow/example_dags/example_workday_timetable.py
[2024-11-25T02:02:55.572+0000] {processor.py:925} INFO - DAG(s) 'example_workday_timetable' retrieved from /home/airflow/.local/lib/python3.12/site-packages/airflow/example_dags/example_workday_timetable.py
[2024-11-25T02:02:55.588+0000] {logging_mixin.py:190} INFO - [2024-11-25T02:02:55.588+0000] {dag.py:3239} INFO - Sync 1 DAGs
[2024-11-25T02:02:55.644+0000] {logging_mixin.py:190} INFO - [2024-11-25T02:02:55.644+0000] {dag.py:4180} INFO - Setting next_dagrun for example_workday_timetable to 2021-01-04 00:00:00+00:00, run_after=2021-01-05 00:00:00+00:00
[2024-11-25T02:02:55.660+0000] {processor.py:208} INFO - Processing /home/airflow/.local/lib/python3.12/site-packages/airflow/example_dags/example_workday_timetable.py took 0.100 seconds
[2024-11-25T02:03:26.109+0000] {processor.py:186} INFO - Started process (PID=1114) to work on /home/airflow/.local/lib/python3.12/site-packages/airflow/example_dags/example_workday_timetable.py
[2024-11-25T02:03:26.110+0000] {processor.py:914} INFO - Processing file /home/airflow/.local/lib/python3.12/site-packages/airflow/example_dags/example_workday_timetable.py for tasks to queue
[2024-11-25T02:03:26.112+0000] {logging_mixin.py:190} INFO - [2024-11-25T02:03:26.112+0000] {dagbag.py:588} INFO - Filling up the DagBag from /home/airflow/.local/lib/python3.12/site-packages/airflow/example_dags/example_workday_timetable.py
[2024-11-25T02:03:26.117+0000] {processor.py:925} INFO - DAG(s) 'example_workday_timetable' retrieved from /home/airflow/.local/lib/python3.12/site-packages/airflow/example_dags/example_workday_timetable.py
[2024-11-25T02:03:26.135+0000] {logging_mixin.py:190} INFO - [2024-11-25T02:03:26.134+0000] {dag.py:3239} INFO - Sync 1 DAGs
[2024-11-25T02:03:26.192+0000] {logging_mixin.py:190} INFO - [2024-11-25T02:03:26.192+0000] {dag.py:4180} INFO - Setting next_dagrun for example_workday_timetable to 2021-01-04 00:00:00+00:00, run_after=2021-01-05 00:00:00+00:00
[2024-11-25T02:03:26.209+0000] {processor.py:208} INFO - Processing /home/airflow/.local/lib/python3.12/site-packages/airflow/example_dags/example_workday_timetable.py took 0.105 seconds
[2024-11-25T02:03:56.609+0000] {processor.py:186} INFO - Started process (PID=1178) to work on /home/airflow/.local/lib/python3.12/site-packages/airflow/example_dags/example_workday_timetable.py
[2024-11-25T02:03:56.610+0000] {processor.py:914} INFO - Processing file /home/airflow/.local/lib/python3.12/site-packages/airflow/example_dags/example_workday_timetable.py for tasks to queue
[2024-11-25T02:03:56.613+0000] {logging_mixin.py:190} INFO - [2024-11-25T02:03:56.612+0000] {dagbag.py:588} INFO - Filling up the DagBag from /home/airflow/.local/lib/python3.12/site-packages/airflow/example_dags/example_workday_timetable.py
[2024-11-25T02:03:56.621+0000] {processor.py:925} INFO - DAG(s) 'example_workday_timetable' retrieved from /home/airflow/.local/lib/python3.12/site-packages/airflow/example_dags/example_workday_timetable.py
[2024-11-25T02:03:56.643+0000] {logging_mixin.py:190} INFO - [2024-11-25T02:03:56.642+0000] {dag.py:3239} INFO - Sync 1 DAGs
[2024-11-25T02:03:56.788+0000] {logging_mixin.py:190} INFO - [2024-11-25T02:03:56.787+0000] {dag.py:4180} INFO - Setting next_dagrun for example_workday_timetable to 2021-01-04 00:00:00+00:00, run_after=2021-01-05 00:00:00+00:00
[2024-11-25T02:03:56.813+0000] {processor.py:208} INFO - Processing /home/airflow/.local/lib/python3.12/site-packages/airflow/example_dags/example_workday_timetable.py took 0.212 seconds
[2024-11-25T02:04:27.153+0000] {processor.py:186} INFO - Started process (PID=1240) to work on /home/airflow/.local/lib/python3.12/site-packages/airflow/example_dags/example_workday_timetable.py
[2024-11-25T02:04:27.154+0000] {processor.py:914} INFO - Processing file /home/airflow/.local/lib/python3.12/site-packages/airflow/example_dags/example_workday_timetable.py for tasks to queue
[2024-11-25T02:04:27.157+0000] {logging_mixin.py:190} INFO - [2024-11-25T02:04:27.157+0000] {dagbag.py:588} INFO - Filling up the DagBag from /home/airflow/.local/lib/python3.12/site-packages/airflow/example_dags/example_workday_timetable.py
[2024-11-25T02:04:27.163+0000] {processor.py:925} INFO - DAG(s) 'example_workday_timetable' retrieved from /home/airflow/.local/lib/python3.12/site-packages/airflow/example_dags/example_workday_timetable.py
[2024-11-25T02:04:27.185+0000] {logging_mixin.py:190} INFO - [2024-11-25T02:04:27.184+0000] {dag.py:3239} INFO - Sync 1 DAGs
[2024-11-25T02:04:27.272+0000] {logging_mixin.py:190} INFO - [2024-11-25T02:04:27.272+0000] {dag.py:4180} INFO - Setting next_dagrun for example_workday_timetable to 2021-01-04 00:00:00+00:00, run_after=2021-01-05 00:00:00+00:00
[2024-11-25T02:04:27.298+0000] {processor.py:208} INFO - Processing /home/airflow/.local/lib/python3.12/site-packages/airflow/example_dags/example_workday_timetable.py took 0.150 seconds
[2024-11-25T02:04:57.516+0000] {processor.py:186} INFO - Started process (PID=1304) to work on /home/airflow/.local/lib/python3.12/site-packages/airflow/example_dags/example_workday_timetable.py
[2024-11-25T02:04:57.517+0000] {processor.py:914} INFO - Processing file /home/airflow/.local/lib/python3.12/site-packages/airflow/example_dags/example_workday_timetable.py for tasks to queue
[2024-11-25T02:04:57.520+0000] {logging_mixin.py:190} INFO - [2024-11-25T02:04:57.519+0000] {dagbag.py:588} INFO - Filling up the DagBag from /home/airflow/.local/lib/python3.12/site-packages/airflow/example_dags/example_workday_timetable.py
[2024-11-25T02:04:57.526+0000] {processor.py:925} INFO - DAG(s) 'example_workday_timetable' retrieved from /home/airflow/.local/lib/python3.12/site-packages/airflow/example_dags/example_workday_timetable.py
[2024-11-25T02:04:57.545+0000] {logging_mixin.py:190} INFO - [2024-11-25T02:04:57.544+0000] {dag.py:3239} INFO - Sync 1 DAGs
[2024-11-25T02:04:57.607+0000] {logging_mixin.py:190} INFO - [2024-11-25T02:04:57.607+0000] {dag.py:4180} INFO - Setting next_dagrun for example_workday_timetable to 2021-01-04 00:00:00+00:00, run_after=2021-01-05 00:00:00+00:00
[2024-11-25T02:04:57.627+0000] {processor.py:208} INFO - Processing /home/airflow/.local/lib/python3.12/site-packages/airflow/example_dags/example_workday_timetable.py took 0.117 seconds
[2024-11-25T02:05:27.865+0000] {processor.py:186} INFO - Started process (PID=1368) to work on /home/airflow/.local/lib/python3.12/site-packages/airflow/example_dags/example_workday_timetable.py
[2024-11-25T02:05:27.867+0000] {processor.py:914} INFO - Processing file /home/airflow/.local/lib/python3.12/site-packages/airflow/example_dags/example_workday_timetable.py for tasks to queue
[2024-11-25T02:05:27.871+0000] {logging_mixin.py:190} INFO - [2024-11-25T02:05:27.870+0000] {dagbag.py:588} INFO - Filling up the DagBag from /home/airflow/.local/lib/python3.12/site-packages/airflow/example_dags/example_workday_timetable.py
[2024-11-25T02:05:27.879+0000] {processor.py:925} INFO - DAG(s) 'example_workday_timetable' retrieved from /home/airflow/.local/lib/python3.12/site-packages/airflow/example_dags/example_workday_timetable.py
[2024-11-25T02:05:27.902+0000] {logging_mixin.py:190} INFO - [2024-11-25T02:05:27.902+0000] {dag.py:3239} INFO - Sync 1 DAGs
[2024-11-25T02:05:27.980+0000] {logging_mixin.py:190} INFO - [2024-11-25T02:05:27.979+0000] {dag.py:4180} INFO - Setting next_dagrun for example_workday_timetable to 2021-01-04 00:00:00+00:00, run_after=2021-01-05 00:00:00+00:00
[2024-11-25T02:05:28.003+0000] {processor.py:208} INFO - Processing /home/airflow/.local/lib/python3.12/site-packages/airflow/example_dags/example_workday_timetable.py took 0.147 seconds
[2024-11-25T02:05:58.232+0000] {processor.py:186} INFO - Started process (PID=1430) to work on /home/airflow/.local/lib/python3.12/site-packages/airflow/example_dags/example_workday_timetable.py
[2024-11-25T02:05:58.233+0000] {processor.py:914} INFO - Processing file /home/airflow/.local/lib/python3.12/site-packages/airflow/example_dags/example_workday_timetable.py for tasks to queue
[2024-11-25T02:05:58.235+0000] {logging_mixin.py:190} INFO - [2024-11-25T02:05:58.235+0000] {dagbag.py:588} INFO - Filling up the DagBag from /home/airflow/.local/lib/python3.12/site-packages/airflow/example_dags/example_workday_timetable.py
[2024-11-25T02:05:58.240+0000] {processor.py:925} INFO - DAG(s) 'example_workday_timetable' retrieved from /home/airflow/.local/lib/python3.12/site-packages/airflow/example_dags/example_workday_timetable.py
[2024-11-25T02:05:58.258+0000] {logging_mixin.py:190} INFO - [2024-11-25T02:05:58.257+0000] {dag.py:3239} INFO - Sync 1 DAGs
[2024-11-25T02:05:58.316+0000] {logging_mixin.py:190} INFO - [2024-11-25T02:05:58.316+0000] {dag.py:4180} INFO - Setting next_dagrun for example_workday_timetable to 2021-01-04 00:00:00+00:00, run_after=2021-01-05 00:00:00+00:00
[2024-11-25T02:05:58.335+0000] {processor.py:208} INFO - Processing /home/airflow/.local/lib/python3.12/site-packages/airflow/example_dags/example_workday_timetable.py took 0.108 seconds
[2024-11-25T02:06:28.939+0000] {processor.py:186} INFO - Started process (PID=1494) to work on /home/airflow/.local/lib/python3.12/site-packages/airflow/example_dags/example_workday_timetable.py
[2024-11-25T02:06:28.940+0000] {processor.py:914} INFO - Processing file /home/airflow/.local/lib/python3.12/site-packages/airflow/example_dags/example_workday_timetable.py for tasks to queue
[2024-11-25T02:06:28.943+0000] {logging_mixin.py:190} INFO - [2024-11-25T02:06:28.942+0000] {dagbag.py:588} INFO - Filling up the DagBag from /home/airflow/.local/lib/python3.12/site-packages/airflow/example_dags/example_workday_timetable.py
[2024-11-25T02:06:28.950+0000] {processor.py:925} INFO - DAG(s) 'example_workday_timetable' retrieved from /home/airflow/.local/lib/python3.12/site-packages/airflow/example_dags/example_workday_timetable.py
[2024-11-25T02:06:28.975+0000] {logging_mixin.py:190} INFO - [2024-11-25T02:06:28.975+0000] {dag.py:3239} INFO - Sync 1 DAGs
[2024-11-25T02:06:29.068+0000] {logging_mixin.py:190} INFO - [2024-11-25T02:06:29.067+0000] {dag.py:4180} INFO - Setting next_dagrun for example_workday_timetable to 2021-01-04 00:00:00+00:00, run_after=2021-01-05 00:00:00+00:00
[2024-11-25T02:06:29.093+0000] {processor.py:208} INFO - Processing /home/airflow/.local/lib/python3.12/site-packages/airflow/example_dags/example_workday_timetable.py took 0.162 seconds
[2024-11-25T02:06:59.162+0000] {processor.py:186} INFO - Started process (PID=1559) to work on /home/airflow/.local/lib/python3.12/site-packages/airflow/example_dags/example_workday_timetable.py
[2024-11-25T02:06:59.164+0000] {processor.py:914} INFO - Processing file /home/airflow/.local/lib/python3.12/site-packages/airflow/example_dags/example_workday_timetable.py for tasks to queue
[2024-11-25T02:06:59.166+0000] {logging_mixin.py:190} INFO - [2024-11-25T02:06:59.166+0000] {dagbag.py:588} INFO - Filling up the DagBag from /home/airflow/.local/lib/python3.12/site-packages/airflow/example_dags/example_workday_timetable.py
[2024-11-25T02:06:59.172+0000] {processor.py:925} INFO - DAG(s) 'example_workday_timetable' retrieved from /home/airflow/.local/lib/python3.12/site-packages/airflow/example_dags/example_workday_timetable.py
[2024-11-25T02:06:59.190+0000] {logging_mixin.py:190} INFO - [2024-11-25T02:06:59.190+0000] {dag.py:3239} INFO - Sync 1 DAGs
[2024-11-25T02:06:59.246+0000] {logging_mixin.py:190} INFO - [2024-11-25T02:06:59.245+0000] {dag.py:4180} INFO - Setting next_dagrun for example_workday_timetable to 2021-01-04 00:00:00+00:00, run_after=2021-01-05 00:00:00+00:00
[2024-11-25T02:06:59.269+0000] {processor.py:208} INFO - Processing /home/airflow/.local/lib/python3.12/site-packages/airflow/example_dags/example_workday_timetable.py took 0.112 seconds
[2024-11-25T02:07:29.559+0000] {processor.py:186} INFO - Started process (PID=1623) to work on /home/airflow/.local/lib/python3.12/site-packages/airflow/example_dags/example_workday_timetable.py
[2024-11-25T02:07:29.560+0000] {processor.py:914} INFO - Processing file /home/airflow/.local/lib/python3.12/site-packages/airflow/example_dags/example_workday_timetable.py for tasks to queue
[2024-11-25T02:07:29.563+0000] {logging_mixin.py:190} INFO - [2024-11-25T02:07:29.563+0000] {dagbag.py:588} INFO - Filling up the DagBag from /home/airflow/.local/lib/python3.12/site-packages/airflow/example_dags/example_workday_timetable.py
[2024-11-25T02:07:29.569+0000] {processor.py:925} INFO - DAG(s) 'example_workday_timetable' retrieved from /home/airflow/.local/lib/python3.12/site-packages/airflow/example_dags/example_workday_timetable.py
[2024-11-25T02:07:29.587+0000] {logging_mixin.py:190} INFO - [2024-11-25T02:07:29.587+0000] {dag.py:3239} INFO - Sync 1 DAGs
[2024-11-25T02:07:29.649+0000] {logging_mixin.py:190} INFO - [2024-11-25T02:07:29.648+0000] {dag.py:4180} INFO - Setting next_dagrun for example_workday_timetable to 2021-01-04 00:00:00+00:00, run_after=2021-01-05 00:00:00+00:00
[2024-11-25T02:07:29.667+0000] {processor.py:208} INFO - Processing /home/airflow/.local/lib/python3.12/site-packages/airflow/example_dags/example_workday_timetable.py took 0.116 seconds
[2024-11-25T02:08:00.544+0000] {processor.py:186} INFO - Started process (PID=1687) to work on /home/airflow/.local/lib/python3.12/site-packages/airflow/example_dags/example_workday_timetable.py
[2024-11-25T02:08:00.545+0000] {processor.py:914} INFO - Processing file /home/airflow/.local/lib/python3.12/site-packages/airflow/example_dags/example_workday_timetable.py for tasks to queue
[2024-11-25T02:08:00.547+0000] {logging_mixin.py:190} INFO - [2024-11-25T02:08:00.547+0000] {dagbag.py:588} INFO - Filling up the DagBag from /home/airflow/.local/lib/python3.12/site-packages/airflow/example_dags/example_workday_timetable.py
[2024-11-25T02:08:00.552+0000] {processor.py:925} INFO - DAG(s) 'example_workday_timetable' retrieved from /home/airflow/.local/lib/python3.12/site-packages/airflow/example_dags/example_workday_timetable.py
[2024-11-25T02:08:00.568+0000] {logging_mixin.py:190} INFO - [2024-11-25T02:08:00.567+0000] {dag.py:3239} INFO - Sync 1 DAGs
[2024-11-25T02:08:00.635+0000] {logging_mixin.py:190} INFO - [2024-11-25T02:08:00.635+0000] {dag.py:4180} INFO - Setting next_dagrun for example_workday_timetable to 2021-01-04 00:00:00+00:00, run_after=2021-01-05 00:00:00+00:00
[2024-11-25T02:08:00.663+0000] {processor.py:208} INFO - Processing /home/airflow/.local/lib/python3.12/site-packages/airflow/example_dags/example_workday_timetable.py took 0.124 seconds
[2024-11-25T02:08:31.536+0000] {processor.py:186} INFO - Started process (PID=1751) to work on /home/airflow/.local/lib/python3.12/site-packages/airflow/example_dags/example_workday_timetable.py
[2024-11-25T02:08:31.538+0000] {processor.py:914} INFO - Processing file /home/airflow/.local/lib/python3.12/site-packages/airflow/example_dags/example_workday_timetable.py for tasks to queue
[2024-11-25T02:08:31.541+0000] {logging_mixin.py:190} INFO - [2024-11-25T02:08:31.541+0000] {dagbag.py:588} INFO - Filling up the DagBag from /home/airflow/.local/lib/python3.12/site-packages/airflow/example_dags/example_workday_timetable.py
[2024-11-25T02:08:31.549+0000] {processor.py:925} INFO - DAG(s) 'example_workday_timetable' retrieved from /home/airflow/.local/lib/python3.12/site-packages/airflow/example_dags/example_workday_timetable.py
[2024-11-25T02:08:31.571+0000] {logging_mixin.py:190} INFO - [2024-11-25T02:08:31.571+0000] {dag.py:3239} INFO - Sync 1 DAGs
[2024-11-25T02:08:31.706+0000] {logging_mixin.py:190} INFO - [2024-11-25T02:08:31.705+0000] {dag.py:4180} INFO - Setting next_dagrun for example_workday_timetable to 2021-01-04 00:00:00+00:00, run_after=2021-01-05 00:00:00+00:00
[2024-11-25T02:08:31.731+0000] {processor.py:208} INFO - Processing /home/airflow/.local/lib/python3.12/site-packages/airflow/example_dags/example_workday_timetable.py took 0.201 seconds
[2024-11-25T02:09:01.823+0000] {processor.py:186} INFO - Started process (PID=1816) to work on /home/airflow/.local/lib/python3.12/site-packages/airflow/example_dags/example_workday_timetable.py
[2024-11-25T02:09:01.825+0000] {processor.py:914} INFO - Processing file /home/airflow/.local/lib/python3.12/site-packages/airflow/example_dags/example_workday_timetable.py for tasks to queue
[2024-11-25T02:09:01.828+0000] {logging_mixin.py:190} INFO - [2024-11-25T02:09:01.827+0000] {dagbag.py:588} INFO - Filling up the DagBag from /home/airflow/.local/lib/python3.12/site-packages/airflow/example_dags/example_workday_timetable.py
[2024-11-25T02:09:01.837+0000] {processor.py:925} INFO - DAG(s) 'example_workday_timetable' retrieved from /home/airflow/.local/lib/python3.12/site-packages/airflow/example_dags/example_workday_timetable.py
[2024-11-25T02:09:01.860+0000] {logging_mixin.py:190} INFO - [2024-11-25T02:09:01.860+0000] {dag.py:3239} INFO - Sync 1 DAGs
[2024-11-25T02:09:01.953+0000] {logging_mixin.py:190} INFO - [2024-11-25T02:09:01.953+0000] {dag.py:4180} INFO - Setting next_dagrun for example_workday_timetable to 2021-01-04 00:00:00+00:00, run_after=2021-01-05 00:00:00+00:00
[2024-11-25T02:09:01.973+0000] {processor.py:208} INFO - Processing /home/airflow/.local/lib/python3.12/site-packages/airflow/example_dags/example_workday_timetable.py took 0.158 seconds
[2024-11-25T02:09:32.043+0000] {processor.py:186} INFO - Started process (PID=1879) to work on /home/airflow/.local/lib/python3.12/site-packages/airflow/example_dags/example_workday_timetable.py
[2024-11-25T02:09:32.044+0000] {processor.py:914} INFO - Processing file /home/airflow/.local/lib/python3.12/site-packages/airflow/example_dags/example_workday_timetable.py for tasks to queue
[2024-11-25T02:09:32.046+0000] {logging_mixin.py:190} INFO - [2024-11-25T02:09:32.046+0000] {dagbag.py:588} INFO - Filling up the DagBag from /home/airflow/.local/lib/python3.12/site-packages/airflow/example_dags/example_workday_timetable.py
[2024-11-25T02:09:32.052+0000] {processor.py:925} INFO - DAG(s) 'example_workday_timetable' retrieved from /home/airflow/.local/lib/python3.12/site-packages/airflow/example_dags/example_workday_timetable.py
[2024-11-25T02:09:32.070+0000] {logging_mixin.py:190} INFO - [2024-11-25T02:09:32.069+0000] {dag.py:3239} INFO - Sync 1 DAGs
[2024-11-25T02:09:32.133+0000] {logging_mixin.py:190} INFO - [2024-11-25T02:09:32.133+0000] {dag.py:4180} INFO - Setting next_dagrun for example_workday_timetable to 2021-01-04 00:00:00+00:00, run_after=2021-01-05 00:00:00+00:00
[2024-11-25T02:09:32.149+0000] {processor.py:208} INFO - Processing /home/airflow/.local/lib/python3.12/site-packages/airflow/example_dags/example_workday_timetable.py took 0.111 seconds
[2024-11-25T02:10:02.763+0000] {processor.py:186} INFO - Started process (PID=1943) to work on /home/airflow/.local/lib/python3.12/site-packages/airflow/example_dags/example_workday_timetable.py
[2024-11-25T02:10:02.777+0000] {processor.py:914} INFO - Processing file /home/airflow/.local/lib/python3.12/site-packages/airflow/example_dags/example_workday_timetable.py for tasks to queue
[2024-11-25T02:10:02.797+0000] {logging_mixin.py:190} INFO - [2024-11-25T02:10:02.797+0000] {dagbag.py:588} INFO - Filling up the DagBag from /home/airflow/.local/lib/python3.12/site-packages/airflow/example_dags/example_workday_timetable.py
[2024-11-25T02:10:02.874+0000] {processor.py:925} INFO - DAG(s) 'example_workday_timetable' retrieved from /home/airflow/.local/lib/python3.12/site-packages/airflow/example_dags/example_workday_timetable.py
[2024-11-25T02:10:03.083+0000] {logging_mixin.py:190} INFO - [2024-11-25T02:10:03.083+0000] {dag.py:3239} INFO - Sync 1 DAGs
[2024-11-25T02:10:03.769+0000] {logging_mixin.py:190} INFO - [2024-11-25T02:10:03.768+0000] {dag.py:4180} INFO - Setting next_dagrun for example_workday_timetable to 2021-01-04 00:00:00+00:00, run_after=2021-01-05 00:00:00+00:00
[2024-11-25T02:10:03.819+0000] {processor.py:208} INFO - Processing /home/airflow/.local/lib/python3.12/site-packages/airflow/example_dags/example_workday_timetable.py took 1.111 seconds
[2024-11-25T02:10:34.687+0000] {processor.py:186} INFO - Started process (PID=2013) to work on /home/airflow/.local/lib/python3.12/site-packages/airflow/example_dags/example_workday_timetable.py
[2024-11-25T02:10:34.690+0000] {processor.py:914} INFO - Processing file /home/airflow/.local/lib/python3.12/site-packages/airflow/example_dags/example_workday_timetable.py for tasks to queue
[2024-11-25T02:10:34.694+0000] {logging_mixin.py:190} INFO - [2024-11-25T02:10:34.694+0000] {dagbag.py:588} INFO - Filling up the DagBag from /home/airflow/.local/lib/python3.12/site-packages/airflow/example_dags/example_workday_timetable.py
[2024-11-25T02:10:34.704+0000] {processor.py:925} INFO - DAG(s) 'example_workday_timetable' retrieved from /home/airflow/.local/lib/python3.12/site-packages/airflow/example_dags/example_workday_timetable.py
[2024-11-25T02:10:34.736+0000] {logging_mixin.py:190} INFO - [2024-11-25T02:10:34.735+0000] {dag.py:3239} INFO - Sync 1 DAGs
[2024-11-25T02:10:34.841+0000] {logging_mixin.py:190} INFO - [2024-11-25T02:10:34.841+0000] {dag.py:4180} INFO - Setting next_dagrun for example_workday_timetable to 2021-01-04 00:00:00+00:00, run_after=2021-01-05 00:00:00+00:00
[2024-11-25T02:10:34.871+0000] {processor.py:208} INFO - Processing /home/airflow/.local/lib/python3.12/site-packages/airflow/example_dags/example_workday_timetable.py took 0.192 seconds
[2024-11-25T02:11:05.199+0000] {processor.py:186} INFO - Started process (PID=2078) to work on /home/airflow/.local/lib/python3.12/site-packages/airflow/example_dags/example_workday_timetable.py
[2024-11-25T02:11:05.201+0000] {processor.py:914} INFO - Processing file /home/airflow/.local/lib/python3.12/site-packages/airflow/example_dags/example_workday_timetable.py for tasks to queue
[2024-11-25T02:11:05.210+0000] {logging_mixin.py:190} INFO - [2024-11-25T02:11:05.208+0000] {dagbag.py:588} INFO - Filling up the DagBag from /home/airflow/.local/lib/python3.12/site-packages/airflow/example_dags/example_workday_timetable.py
[2024-11-25T02:11:05.229+0000] {processor.py:925} INFO - DAG(s) 'example_workday_timetable' retrieved from /home/airflow/.local/lib/python3.12/site-packages/airflow/example_dags/example_workday_timetable.py
[2024-11-25T02:11:05.284+0000] {logging_mixin.py:190} INFO - [2024-11-25T02:11:05.283+0000] {dag.py:3239} INFO - Sync 1 DAGs
[2024-11-25T02:11:05.396+0000] {logging_mixin.py:190} INFO - [2024-11-25T02:11:05.396+0000] {dag.py:4180} INFO - Setting next_dagrun for example_workday_timetable to 2021-01-04 00:00:00+00:00, run_after=2021-01-05 00:00:00+00:00
[2024-11-25T02:11:05.418+0000] {processor.py:208} INFO - Processing /home/airflow/.local/lib/python3.12/site-packages/airflow/example_dags/example_workday_timetable.py took 0.234 seconds
[2024-11-25T02:11:35.874+0000] {processor.py:186} INFO - Started process (PID=2141) to work on /home/airflow/.local/lib/python3.12/site-packages/airflow/example_dags/example_workday_timetable.py
[2024-11-25T02:11:35.875+0000] {processor.py:914} INFO - Processing file /home/airflow/.local/lib/python3.12/site-packages/airflow/example_dags/example_workday_timetable.py for tasks to queue
[2024-11-25T02:11:35.878+0000] {logging_mixin.py:190} INFO - [2024-11-25T02:11:35.877+0000] {dagbag.py:588} INFO - Filling up the DagBag from /home/airflow/.local/lib/python3.12/site-packages/airflow/example_dags/example_workday_timetable.py
[2024-11-25T02:11:35.883+0000] {processor.py:925} INFO - DAG(s) 'example_workday_timetable' retrieved from /home/airflow/.local/lib/python3.12/site-packages/airflow/example_dags/example_workday_timetable.py
[2024-11-25T02:11:35.902+0000] {logging_mixin.py:190} INFO - [2024-11-25T02:11:35.901+0000] {dag.py:3239} INFO - Sync 1 DAGs
[2024-11-25T02:11:35.965+0000] {logging_mixin.py:190} INFO - [2024-11-25T02:11:35.965+0000] {dag.py:4180} INFO - Setting next_dagrun for example_workday_timetable to 2021-01-04 00:00:00+00:00, run_after=2021-01-05 00:00:00+00:00
[2024-11-25T02:11:35.991+0000] {processor.py:208} INFO - Processing /home/airflow/.local/lib/python3.12/site-packages/airflow/example_dags/example_workday_timetable.py took 0.126 seconds
[2024-11-25T02:12:06.086+0000] {processor.py:186} INFO - Started process (PID=2205) to work on /home/airflow/.local/lib/python3.12/site-packages/airflow/example_dags/example_workday_timetable.py
[2024-11-25T02:12:06.094+0000] {processor.py:914} INFO - Processing file /home/airflow/.local/lib/python3.12/site-packages/airflow/example_dags/example_workday_timetable.py for tasks to queue
[2024-11-25T02:12:06.102+0000] {logging_mixin.py:190} INFO - [2024-11-25T02:12:06.100+0000] {dagbag.py:588} INFO - Filling up the DagBag from /home/airflow/.local/lib/python3.12/site-packages/airflow/example_dags/example_workday_timetable.py
[2024-11-25T02:12:06.129+0000] {processor.py:925} INFO - DAG(s) 'example_workday_timetable' retrieved from /home/airflow/.local/lib/python3.12/site-packages/airflow/example_dags/example_workday_timetable.py
[2024-11-25T02:12:06.190+0000] {logging_mixin.py:190} INFO - [2024-11-25T02:12:06.190+0000] {dag.py:3239} INFO - Sync 1 DAGs
[2024-11-25T02:12:06.290+0000] {logging_mixin.py:190} INFO - [2024-11-25T02:12:06.289+0000] {dag.py:4180} INFO - Setting next_dagrun for example_workday_timetable to 2021-01-04 00:00:00+00:00, run_after=2021-01-05 00:00:00+00:00
[2024-11-25T02:12:06.310+0000] {processor.py:208} INFO - Processing /home/airflow/.local/lib/python3.12/site-packages/airflow/example_dags/example_workday_timetable.py took 0.240 seconds
[2024-11-25T02:12:36.360+0000] {processor.py:186} INFO - Started process (PID=2269) to work on /home/airflow/.local/lib/python3.12/site-packages/airflow/example_dags/example_workday_timetable.py
[2024-11-25T02:12:36.361+0000] {processor.py:914} INFO - Processing file /home/airflow/.local/lib/python3.12/site-packages/airflow/example_dags/example_workday_timetable.py for tasks to queue
[2024-11-25T02:12:36.365+0000] {logging_mixin.py:190} INFO - [2024-11-25T02:12:36.365+0000] {dagbag.py:588} INFO - Filling up the DagBag from /home/airflow/.local/lib/python3.12/site-packages/airflow/example_dags/example_workday_timetable.py
[2024-11-25T02:12:36.375+0000] {processor.py:925} INFO - DAG(s) 'example_workday_timetable' retrieved from /home/airflow/.local/lib/python3.12/site-packages/airflow/example_dags/example_workday_timetable.py
[2024-11-25T02:12:36.398+0000] {logging_mixin.py:190} INFO - [2024-11-25T02:12:36.398+0000] {dag.py:3239} INFO - Sync 1 DAGs
[2024-11-25T02:12:36.459+0000] {logging_mixin.py:190} INFO - [2024-11-25T02:12:36.459+0000] {dag.py:4180} INFO - Setting next_dagrun for example_workday_timetable to 2021-01-04 00:00:00+00:00, run_after=2021-01-05 00:00:00+00:00
[2024-11-25T02:12:36.487+0000] {processor.py:208} INFO - Processing /home/airflow/.local/lib/python3.12/site-packages/airflow/example_dags/example_workday_timetable.py took 0.135 seconds
[2024-11-25T02:13:06.547+0000] {processor.py:186} INFO - Started process (PID=2333) to work on /home/airflow/.local/lib/python3.12/site-packages/airflow/example_dags/example_workday_timetable.py
[2024-11-25T02:13:06.548+0000] {processor.py:914} INFO - Processing file /home/airflow/.local/lib/python3.12/site-packages/airflow/example_dags/example_workday_timetable.py for tasks to queue
[2024-11-25T02:13:06.553+0000] {logging_mixin.py:190} INFO - [2024-11-25T02:13:06.552+0000] {dagbag.py:588} INFO - Filling up the DagBag from /home/airflow/.local/lib/python3.12/site-packages/airflow/example_dags/example_workday_timetable.py
[2024-11-25T02:13:06.561+0000] {processor.py:925} INFO - DAG(s) 'example_workday_timetable' retrieved from /home/airflow/.local/lib/python3.12/site-packages/airflow/example_dags/example_workday_timetable.py
[2024-11-25T02:13:06.596+0000] {logging_mixin.py:190} INFO - [2024-11-25T02:13:06.595+0000] {dag.py:3239} INFO - Sync 1 DAGs
[2024-11-25T02:13:06.723+0000] {logging_mixin.py:190} INFO - [2024-11-25T02:13:06.722+0000] {dag.py:4180} INFO - Setting next_dagrun for example_workday_timetable to 2021-01-04 00:00:00+00:00, run_after=2021-01-05 00:00:00+00:00
[2024-11-25T02:13:06.744+0000] {processor.py:208} INFO - Processing /home/airflow/.local/lib/python3.12/site-packages/airflow/example_dags/example_workday_timetable.py took 0.205 seconds
[2024-11-25T02:13:37.433+0000] {processor.py:186} INFO - Started process (PID=2398) to work on /home/airflow/.local/lib/python3.12/site-packages/airflow/example_dags/example_workday_timetable.py
[2024-11-25T02:13:37.434+0000] {processor.py:914} INFO - Processing file /home/airflow/.local/lib/python3.12/site-packages/airflow/example_dags/example_workday_timetable.py for tasks to queue
[2024-11-25T02:13:37.437+0000] {logging_mixin.py:190} INFO - [2024-11-25T02:13:37.436+0000] {dagbag.py:588} INFO - Filling up the DagBag from /home/airflow/.local/lib/python3.12/site-packages/airflow/example_dags/example_workday_timetable.py
[2024-11-25T02:13:37.442+0000] {processor.py:925} INFO - DAG(s) 'example_workday_timetable' retrieved from /home/airflow/.local/lib/python3.12/site-packages/airflow/example_dags/example_workday_timetable.py
[2024-11-25T02:13:37.461+0000] {logging_mixin.py:190} INFO - [2024-11-25T02:13:37.461+0000] {dag.py:3239} INFO - Sync 1 DAGs
[2024-11-25T02:13:37.536+0000] {logging_mixin.py:190} INFO - [2024-11-25T02:13:37.535+0000] {dag.py:4180} INFO - Setting next_dagrun for example_workday_timetable to 2021-01-04 00:00:00+00:00, run_after=2021-01-05 00:00:00+00:00
[2024-11-25T02:13:37.561+0000] {processor.py:208} INFO - Processing /home/airflow/.local/lib/python3.12/site-packages/airflow/example_dags/example_workday_timetable.py took 0.133 seconds
[2024-11-25T02:14:07.780+0000] {processor.py:186} INFO - Started process (PID=2462) to work on /home/airflow/.local/lib/python3.12/site-packages/airflow/example_dags/example_workday_timetable.py
[2024-11-25T02:14:07.781+0000] {processor.py:914} INFO - Processing file /home/airflow/.local/lib/python3.12/site-packages/airflow/example_dags/example_workday_timetable.py for tasks to queue
[2024-11-25T02:14:07.785+0000] {logging_mixin.py:190} INFO - [2024-11-25T02:14:07.785+0000] {dagbag.py:588} INFO - Filling up the DagBag from /home/airflow/.local/lib/python3.12/site-packages/airflow/example_dags/example_workday_timetable.py
[2024-11-25T02:14:07.794+0000] {processor.py:925} INFO - DAG(s) 'example_workday_timetable' retrieved from /home/airflow/.local/lib/python3.12/site-packages/airflow/example_dags/example_workday_timetable.py
[2024-11-25T02:14:07.825+0000] {logging_mixin.py:190} INFO - [2024-11-25T02:14:07.825+0000] {dag.py:3239} INFO - Sync 1 DAGs
[2024-11-25T02:14:08.229+0000] {logging_mixin.py:190} INFO - [2024-11-25T02:14:08.218+0000] {dag.py:4180} INFO - Setting next_dagrun for example_workday_timetable to 2021-01-04 00:00:00+00:00, run_after=2021-01-05 00:00:00+00:00
[2024-11-25T02:14:08.336+0000] {processor.py:208} INFO - Processing /home/airflow/.local/lib/python3.12/site-packages/airflow/example_dags/example_workday_timetable.py took 0.568 seconds
[2024-11-25T02:14:38.435+0000] {processor.py:186} INFO - Started process (PID=2527) to work on /home/airflow/.local/lib/python3.12/site-packages/airflow/example_dags/example_workday_timetable.py
[2024-11-25T02:14:38.436+0000] {processor.py:914} INFO - Processing file /home/airflow/.local/lib/python3.12/site-packages/airflow/example_dags/example_workday_timetable.py for tasks to queue
[2024-11-25T02:14:38.441+0000] {logging_mixin.py:190} INFO - [2024-11-25T02:14:38.440+0000] {dagbag.py:588} INFO - Filling up the DagBag from /home/airflow/.local/lib/python3.12/site-packages/airflow/example_dags/example_workday_timetable.py
[2024-11-25T02:14:38.450+0000] {processor.py:925} INFO - DAG(s) 'example_workday_timetable' retrieved from /home/airflow/.local/lib/python3.12/site-packages/airflow/example_dags/example_workday_timetable.py
[2024-11-25T02:14:38.473+0000] {logging_mixin.py:190} INFO - [2024-11-25T02:14:38.473+0000] {dag.py:3239} INFO - Sync 1 DAGs
[2024-11-25T02:14:38.595+0000] {logging_mixin.py:190} INFO - [2024-11-25T02:14:38.594+0000] {dag.py:4180} INFO - Setting next_dagrun for example_workday_timetable to 2021-01-04 00:00:00+00:00, run_after=2021-01-05 00:00:00+00:00
[2024-11-25T02:14:38.829+0000] {processor.py:208} INFO - Processing /home/airflow/.local/lib/python3.12/site-packages/airflow/example_dags/example_workday_timetable.py took 0.402 seconds
[2024-11-25T02:15:09.610+0000] {processor.py:186} INFO - Started process (PID=2592) to work on /home/airflow/.local/lib/python3.12/site-packages/airflow/example_dags/example_workday_timetable.py
[2024-11-25T02:15:09.612+0000] {processor.py:914} INFO - Processing file /home/airflow/.local/lib/python3.12/site-packages/airflow/example_dags/example_workday_timetable.py for tasks to queue
[2024-11-25T02:15:09.614+0000] {logging_mixin.py:190} INFO - [2024-11-25T02:15:09.614+0000] {dagbag.py:588} INFO - Filling up the DagBag from /home/airflow/.local/lib/python3.12/site-packages/airflow/example_dags/example_workday_timetable.py
[2024-11-25T02:15:09.621+0000] {processor.py:925} INFO - DAG(s) 'example_workday_timetable' retrieved from /home/airflow/.local/lib/python3.12/site-packages/airflow/example_dags/example_workday_timetable.py
[2024-11-25T02:15:09.640+0000] {logging_mixin.py:190} INFO - [2024-11-25T02:15:09.640+0000] {dag.py:3239} INFO - Sync 1 DAGs
[2024-11-25T02:15:09.721+0000] {logging_mixin.py:190} INFO - [2024-11-25T02:15:09.721+0000] {dag.py:4180} INFO - Setting next_dagrun for example_workday_timetable to 2021-01-04 00:00:00+00:00, run_after=2021-01-05 00:00:00+00:00
[2024-11-25T02:15:09.743+0000] {processor.py:208} INFO - Processing /home/airflow/.local/lib/python3.12/site-packages/airflow/example_dags/example_workday_timetable.py took 0.138 seconds
[2024-11-25T02:15:40.381+0000] {processor.py:186} INFO - Started process (PID=2656) to work on /home/airflow/.local/lib/python3.12/site-packages/airflow/example_dags/example_workday_timetable.py
[2024-11-25T02:15:40.382+0000] {processor.py:914} INFO - Processing file /home/airflow/.local/lib/python3.12/site-packages/airflow/example_dags/example_workday_timetable.py for tasks to queue
[2024-11-25T02:15:40.386+0000] {logging_mixin.py:190} INFO - [2024-11-25T02:15:40.385+0000] {dagbag.py:588} INFO - Filling up the DagBag from /home/airflow/.local/lib/python3.12/site-packages/airflow/example_dags/example_workday_timetable.py
[2024-11-25T02:15:40.396+0000] {processor.py:925} INFO - DAG(s) 'example_workday_timetable' retrieved from /home/airflow/.local/lib/python3.12/site-packages/airflow/example_dags/example_workday_timetable.py
[2024-11-25T02:15:40.430+0000] {logging_mixin.py:190} INFO - [2024-11-25T02:15:40.429+0000] {dag.py:3239} INFO - Sync 1 DAGs
[2024-11-25T02:15:40.554+0000] {logging_mixin.py:190} INFO - [2024-11-25T02:15:40.554+0000] {dag.py:4180} INFO - Setting next_dagrun for example_workday_timetable to 2021-01-04 00:00:00+00:00, run_after=2021-01-05 00:00:00+00:00
[2024-11-25T02:15:40.572+0000] {processor.py:208} INFO - Processing /home/airflow/.local/lib/python3.12/site-packages/airflow/example_dags/example_workday_timetable.py took 0.201 seconds
[2024-11-25T02:16:10.751+0000] {processor.py:186} INFO - Started process (PID=2720) to work on /home/airflow/.local/lib/python3.12/site-packages/airflow/example_dags/example_workday_timetable.py
[2024-11-25T02:16:10.752+0000] {processor.py:914} INFO - Processing file /home/airflow/.local/lib/python3.12/site-packages/airflow/example_dags/example_workday_timetable.py for tasks to queue
[2024-11-25T02:16:10.934+0000] {logging_mixin.py:190} INFO - [2024-11-25T02:16:10.934+0000] {dagbag.py:588} INFO - Filling up the DagBag from /home/airflow/.local/lib/python3.12/site-packages/airflow/example_dags/example_workday_timetable.py
[2024-11-25T02:16:10.938+0000] {processor.py:925} INFO - DAG(s) 'example_workday_timetable' retrieved from /home/airflow/.local/lib/python3.12/site-packages/airflow/example_dags/example_workday_timetable.py
[2024-11-25T02:16:10.952+0000] {logging_mixin.py:190} INFO - [2024-11-25T02:16:10.951+0000] {dag.py:3239} INFO - Sync 1 DAGs
[2024-11-25T02:16:11.014+0000] {logging_mixin.py:190} INFO - [2024-11-25T02:16:11.014+0000] {dag.py:4180} INFO - Setting next_dagrun for example_workday_timetable to 2021-01-04 00:00:00+00:00, run_after=2021-01-05 00:00:00+00:00
[2024-11-25T02:16:11.033+0000] {processor.py:208} INFO - Processing /home/airflow/.local/lib/python3.12/site-packages/airflow/example_dags/example_workday_timetable.py took 0.288 seconds
[2024-11-25T02:16:41.887+0000] {processor.py:186} INFO - Started process (PID=2784) to work on /home/airflow/.local/lib/python3.12/site-packages/airflow/example_dags/example_workday_timetable.py
[2024-11-25T02:16:41.888+0000] {processor.py:914} INFO - Processing file /home/airflow/.local/lib/python3.12/site-packages/airflow/example_dags/example_workday_timetable.py for tasks to queue
[2024-11-25T02:16:41.891+0000] {logging_mixin.py:190} INFO - [2024-11-25T02:16:41.890+0000] {dagbag.py:588} INFO - Filling up the DagBag from /home/airflow/.local/lib/python3.12/site-packages/airflow/example_dags/example_workday_timetable.py
[2024-11-25T02:16:41.896+0000] {processor.py:925} INFO - DAG(s) 'example_workday_timetable' retrieved from /home/airflow/.local/lib/python3.12/site-packages/airflow/example_dags/example_workday_timetable.py
[2024-11-25T02:16:41.915+0000] {logging_mixin.py:190} INFO - [2024-11-25T02:16:41.915+0000] {dag.py:3239} INFO - Sync 1 DAGs
[2024-11-25T02:16:41.981+0000] {logging_mixin.py:190} INFO - [2024-11-25T02:16:41.980+0000] {dag.py:4180} INFO - Setting next_dagrun for example_workday_timetable to 2021-01-04 00:00:00+00:00, run_after=2021-01-05 00:00:00+00:00
[2024-11-25T02:16:42.002+0000] {processor.py:208} INFO - Processing /home/airflow/.local/lib/python3.12/site-packages/airflow/example_dags/example_workday_timetable.py took 0.120 seconds
