[2024-11-25T01:55:32.424+0000] {processor.py:186} INFO - Started process (PID=134) to work on /home/airflow/.local/lib/python3.12/site-packages/airflow/example_dags/example_inlet_event_extra.py
[2024-11-25T01:55:32.426+0000] {processor.py:914} INFO - Processing file /home/airflow/.local/lib/python3.12/site-packages/airflow/example_dags/example_inlet_event_extra.py for tasks to queue
[2024-11-25T01:55:32.437+0000] {logging_mixin.py:190} INFO - [2024-11-25T01:55:32.436+0000] {dagbag.py:588} INFO - Filling up the DagBag from /home/airflow/.local/lib/python3.12/site-packages/airflow/example_dags/example_inlet_event_extra.py
[2024-11-25T01:55:33.919+0000] {processor.py:925} INFO - DAG(s) 'read_dataset_event_from_classic', 'read_dataset_event' retrieved from /home/airflow/.local/lib/python3.12/site-packages/airflow/example_dags/example_inlet_event_extra.py
[2024-11-25T01:55:33.963+0000] {logging_mixin.py:190} INFO - [2024-11-25T01:55:33.963+0000] {dag.py:3239} INFO - Sync 2 DAGs
[2024-11-25T01:55:34.012+0000] {logging_mixin.py:190} INFO - [2024-11-25T01:55:34.012+0000] {dag.py:4180} INFO - Setting next_dagrun for read_dataset_event to 2024-11-24 00:00:00+00:00, run_after=2024-11-25 00:00:00+00:00
[2024-11-25T01:55:34.020+0000] {logging_mixin.py:190} INFO - [2024-11-25T01:55:34.019+0000] {dag.py:4180} INFO - Setting next_dagrun for read_dataset_event_from_classic to 2024-11-24 00:00:00+00:00, run_after=2024-11-25 00:00:00+00:00
[2024-11-25T01:55:34.046+0000] {processor.py:208} INFO - Processing /home/airflow/.local/lib/python3.12/site-packages/airflow/example_dags/example_inlet_event_extra.py took 1.636 seconds
[2024-11-25T01:56:04.625+0000] {processor.py:186} INFO - Started process (PID=201) to work on /home/airflow/.local/lib/python3.12/site-packages/airflow/example_dags/example_inlet_event_extra.py
[2024-11-25T01:56:04.626+0000] {processor.py:914} INFO - Processing file /home/airflow/.local/lib/python3.12/site-packages/airflow/example_dags/example_inlet_event_extra.py for tasks to queue
[2024-11-25T01:56:04.628+0000] {logging_mixin.py:190} INFO - [2024-11-25T01:56:04.627+0000] {dagbag.py:588} INFO - Filling up the DagBag from /home/airflow/.local/lib/python3.12/site-packages/airflow/example_dags/example_inlet_event_extra.py
[2024-11-25T01:56:05.172+0000] {processor.py:925} INFO - DAG(s) 'read_dataset_event_from_classic', 'read_dataset_event' retrieved from /home/airflow/.local/lib/python3.12/site-packages/airflow/example_dags/example_inlet_event_extra.py
[2024-11-25T01:56:05.193+0000] {logging_mixin.py:190} INFO - [2024-11-25T01:56:05.193+0000] {dag.py:3239} INFO - Sync 2 DAGs
[2024-11-25T01:56:05.219+0000] {logging_mixin.py:190} INFO - [2024-11-25T01:56:05.218+0000] {dag.py:4180} INFO - Setting next_dagrun for read_dataset_event to 2024-11-24 00:00:00+00:00, run_after=2024-11-25 00:00:00+00:00
[2024-11-25T01:56:05.224+0000] {logging_mixin.py:190} INFO - [2024-11-25T01:56:05.224+0000] {dag.py:4180} INFO - Setting next_dagrun for read_dataset_event_from_classic to 2024-11-24 00:00:00+00:00, run_after=2024-11-25 00:00:00+00:00
[2024-11-25T01:56:05.240+0000] {processor.py:208} INFO - Processing /home/airflow/.local/lib/python3.12/site-packages/airflow/example_dags/example_inlet_event_extra.py took 0.621 seconds
[2024-11-25T01:56:35.453+0000] {processor.py:186} INFO - Started process (PID=269) to work on /home/airflow/.local/lib/python3.12/site-packages/airflow/example_dags/example_inlet_event_extra.py
[2024-11-25T01:56:35.455+0000] {processor.py:914} INFO - Processing file /home/airflow/.local/lib/python3.12/site-packages/airflow/example_dags/example_inlet_event_extra.py for tasks to queue
[2024-11-25T01:56:35.462+0000] {logging_mixin.py:190} INFO - [2024-11-25T01:56:35.461+0000] {dagbag.py:588} INFO - Filling up the DagBag from /home/airflow/.local/lib/python3.12/site-packages/airflow/example_dags/example_inlet_event_extra.py
[2024-11-25T01:56:37.780+0000] {processor.py:925} INFO - DAG(s) 'read_dataset_event', 'read_dataset_event_from_classic' retrieved from /home/airflow/.local/lib/python3.12/site-packages/airflow/example_dags/example_inlet_event_extra.py
[2024-11-25T01:56:37.879+0000] {logging_mixin.py:190} INFO - [2024-11-25T01:56:37.878+0000] {dag.py:3239} INFO - Sync 2 DAGs
[2024-11-25T01:56:38.264+0000] {logging_mixin.py:190} INFO - [2024-11-25T01:56:38.263+0000] {dag.py:4180} INFO - Setting next_dagrun for read_dataset_event to 2024-11-24 00:00:00+00:00, run_after=2024-11-25 00:00:00+00:00
[2024-11-25T01:56:38.395+0000] {logging_mixin.py:190} INFO - [2024-11-25T01:56:38.394+0000] {dag.py:4180} INFO - Setting next_dagrun for read_dataset_event_from_classic to 2024-11-24 00:00:00+00:00, run_after=2024-11-25 00:00:00+00:00
[2024-11-25T01:56:39.325+0000] {processor.py:208} INFO - Processing /home/airflow/.local/lib/python3.12/site-packages/airflow/example_dags/example_inlet_event_extra.py took 3.881 seconds
[2024-11-25T01:57:10.232+0000] {processor.py:186} INFO - Started process (PID=333) to work on /home/airflow/.local/lib/python3.12/site-packages/airflow/example_dags/example_inlet_event_extra.py
[2024-11-25T01:57:10.233+0000] {processor.py:914} INFO - Processing file /home/airflow/.local/lib/python3.12/site-packages/airflow/example_dags/example_inlet_event_extra.py for tasks to queue
[2024-11-25T01:57:10.236+0000] {logging_mixin.py:190} INFO - [2024-11-25T01:57:10.235+0000] {dagbag.py:588} INFO - Filling up the DagBag from /home/airflow/.local/lib/python3.12/site-packages/airflow/example_dags/example_inlet_event_extra.py
[2024-11-25T01:57:10.917+0000] {processor.py:925} INFO - DAG(s) 'read_dataset_event', 'read_dataset_event_from_classic' retrieved from /home/airflow/.local/lib/python3.12/site-packages/airflow/example_dags/example_inlet_event_extra.py
[2024-11-25T01:57:10.935+0000] {logging_mixin.py:190} INFO - [2024-11-25T01:57:10.935+0000] {dag.py:3239} INFO - Sync 2 DAGs
[2024-11-25T01:57:10.959+0000] {logging_mixin.py:190} INFO - [2024-11-25T01:57:10.959+0000] {dag.py:4180} INFO - Setting next_dagrun for read_dataset_event to 2024-11-24 00:00:00+00:00, run_after=2024-11-25 00:00:00+00:00
[2024-11-25T01:57:10.965+0000] {logging_mixin.py:190} INFO - [2024-11-25T01:57:10.964+0000] {dag.py:4180} INFO - Setting next_dagrun for read_dataset_event_from_classic to 2024-11-24 00:00:00+00:00, run_after=2024-11-25 00:00:00+00:00
[2024-11-25T01:57:10.980+0000] {processor.py:208} INFO - Processing /home/airflow/.local/lib/python3.12/site-packages/airflow/example_dags/example_inlet_event_extra.py took 0.754 seconds
[2024-11-25T01:57:41.371+0000] {processor.py:186} INFO - Started process (PID=397) to work on /home/airflow/.local/lib/python3.12/site-packages/airflow/example_dags/example_inlet_event_extra.py
[2024-11-25T01:57:41.372+0000] {processor.py:914} INFO - Processing file /home/airflow/.local/lib/python3.12/site-packages/airflow/example_dags/example_inlet_event_extra.py for tasks to queue
[2024-11-25T01:57:41.374+0000] {logging_mixin.py:190} INFO - [2024-11-25T01:57:41.374+0000] {dagbag.py:588} INFO - Filling up the DagBag from /home/airflow/.local/lib/python3.12/site-packages/airflow/example_dags/example_inlet_event_extra.py
[2024-11-25T01:57:42.057+0000] {processor.py:925} INFO - DAG(s) 'read_dataset_event', 'read_dataset_event_from_classic' retrieved from /home/airflow/.local/lib/python3.12/site-packages/airflow/example_dags/example_inlet_event_extra.py
[2024-11-25T01:57:42.088+0000] {logging_mixin.py:190} INFO - [2024-11-25T01:57:42.088+0000] {dag.py:3239} INFO - Sync 2 DAGs
[2024-11-25T01:57:42.120+0000] {logging_mixin.py:190} INFO - [2024-11-25T01:57:42.120+0000] {dag.py:4180} INFO - Setting next_dagrun for read_dataset_event to 2024-11-24 00:00:00+00:00, run_after=2024-11-25 00:00:00+00:00
[2024-11-25T01:57:42.127+0000] {logging_mixin.py:190} INFO - [2024-11-25T01:57:42.126+0000] {dag.py:4180} INFO - Setting next_dagrun for read_dataset_event_from_classic to 2024-11-24 00:00:00+00:00, run_after=2024-11-25 00:00:00+00:00
[2024-11-25T01:57:42.149+0000] {processor.py:208} INFO - Processing /home/airflow/.local/lib/python3.12/site-packages/airflow/example_dags/example_inlet_event_extra.py took 0.783 seconds
[2024-11-25T01:58:13.154+0000] {processor.py:186} INFO - Started process (PID=454) to work on /home/airflow/.local/lib/python3.12/site-packages/airflow/example_dags/example_inlet_event_extra.py
[2024-11-25T01:58:13.155+0000] {processor.py:914} INFO - Processing file /home/airflow/.local/lib/python3.12/site-packages/airflow/example_dags/example_inlet_event_extra.py for tasks to queue
[2024-11-25T01:58:13.159+0000] {logging_mixin.py:190} INFO - [2024-11-25T01:58:13.159+0000] {dagbag.py:588} INFO - Filling up the DagBag from /home/airflow/.local/lib/python3.12/site-packages/airflow/example_dags/example_inlet_event_extra.py
[2024-11-25T01:58:14.012+0000] {processor.py:925} INFO - DAG(s) 'read_dataset_event_from_classic', 'read_dataset_event' retrieved from /home/airflow/.local/lib/python3.12/site-packages/airflow/example_dags/example_inlet_event_extra.py
[2024-11-25T01:58:14.050+0000] {logging_mixin.py:190} INFO - [2024-11-25T01:58:14.049+0000] {dag.py:3239} INFO - Sync 2 DAGs
[2024-11-25T01:58:14.083+0000] {logging_mixin.py:190} INFO - [2024-11-25T01:58:14.083+0000] {dag.py:4180} INFO - Setting next_dagrun for read_dataset_event to 2024-11-24 00:00:00+00:00, run_after=2024-11-25 00:00:00+00:00
[2024-11-25T01:58:14.090+0000] {logging_mixin.py:190} INFO - [2024-11-25T01:58:14.090+0000] {dag.py:4180} INFO - Setting next_dagrun for read_dataset_event_from_classic to 2024-11-24 00:00:00+00:00, run_after=2024-11-25 00:00:00+00:00
[2024-11-25T01:58:14.109+0000] {processor.py:208} INFO - Processing /home/airflow/.local/lib/python3.12/site-packages/airflow/example_dags/example_inlet_event_extra.py took 0.962 seconds
[2024-11-25T01:58:44.244+0000] {processor.py:186} INFO - Started process (PID=520) to work on /home/airflow/.local/lib/python3.12/site-packages/airflow/example_dags/example_inlet_event_extra.py
[2024-11-25T01:58:44.245+0000] {processor.py:914} INFO - Processing file /home/airflow/.local/lib/python3.12/site-packages/airflow/example_dags/example_inlet_event_extra.py for tasks to queue
[2024-11-25T01:58:44.249+0000] {logging_mixin.py:190} INFO - [2024-11-25T01:58:44.248+0000] {dagbag.py:588} INFO - Filling up the DagBag from /home/airflow/.local/lib/python3.12/site-packages/airflow/example_dags/example_inlet_event_extra.py
[2024-11-25T01:58:44.993+0000] {processor.py:925} INFO - DAG(s) 'read_dataset_event', 'read_dataset_event_from_classic' retrieved from /home/airflow/.local/lib/python3.12/site-packages/airflow/example_dags/example_inlet_event_extra.py
[2024-11-25T01:58:45.012+0000] {logging_mixin.py:190} INFO - [2024-11-25T01:58:45.012+0000] {dag.py:3239} INFO - Sync 2 DAGs
[2024-11-25T01:58:45.045+0000] {logging_mixin.py:190} INFO - [2024-11-25T01:58:45.045+0000] {dag.py:4180} INFO - Setting next_dagrun for read_dataset_event to 2024-11-24 00:00:00+00:00, run_after=2024-11-25 00:00:00+00:00
[2024-11-25T01:58:45.051+0000] {logging_mixin.py:190} INFO - [2024-11-25T01:58:45.051+0000] {dag.py:4180} INFO - Setting next_dagrun for read_dataset_event_from_classic to 2024-11-24 00:00:00+00:00, run_after=2024-11-25 00:00:00+00:00
[2024-11-25T01:58:45.069+0000] {processor.py:208} INFO - Processing /home/airflow/.local/lib/python3.12/site-packages/airflow/example_dags/example_inlet_event_extra.py took 0.833 seconds
[2024-11-25T01:59:15.527+0000] {processor.py:186} INFO - Started process (PID=590) to work on /home/airflow/.local/lib/python3.12/site-packages/airflow/example_dags/example_inlet_event_extra.py
[2024-11-25T01:59:15.528+0000] {processor.py:914} INFO - Processing file /home/airflow/.local/lib/python3.12/site-packages/airflow/example_dags/example_inlet_event_extra.py for tasks to queue
[2024-11-25T01:59:15.530+0000] {logging_mixin.py:190} INFO - [2024-11-25T01:59:15.530+0000] {dagbag.py:588} INFO - Filling up the DagBag from /home/airflow/.local/lib/python3.12/site-packages/airflow/example_dags/example_inlet_event_extra.py
[2024-11-25T01:59:16.070+0000] {processor.py:925} INFO - DAG(s) 'read_dataset_event', 'read_dataset_event_from_classic' retrieved from /home/airflow/.local/lib/python3.12/site-packages/airflow/example_dags/example_inlet_event_extra.py
[2024-11-25T01:59:16.089+0000] {logging_mixin.py:190} INFO - [2024-11-25T01:59:16.089+0000] {dag.py:3239} INFO - Sync 2 DAGs
[2024-11-25T01:59:16.116+0000] {logging_mixin.py:190} INFO - [2024-11-25T01:59:16.115+0000] {dag.py:4180} INFO - Setting next_dagrun for read_dataset_event to 2024-11-24 00:00:00+00:00, run_after=2024-11-25 00:00:00+00:00
[2024-11-25T01:59:16.121+0000] {logging_mixin.py:190} INFO - [2024-11-25T01:59:16.121+0000] {dag.py:4180} INFO - Setting next_dagrun for read_dataset_event_from_classic to 2024-11-24 00:00:00+00:00, run_after=2024-11-25 00:00:00+00:00
[2024-11-25T01:59:16.140+0000] {processor.py:208} INFO - Processing /home/airflow/.local/lib/python3.12/site-packages/airflow/example_dags/example_inlet_event_extra.py took 0.618 seconds
[2024-11-25T01:59:46.721+0000] {processor.py:186} INFO - Started process (PID=657) to work on /home/airflow/.local/lib/python3.12/site-packages/airflow/example_dags/example_inlet_event_extra.py
[2024-11-25T01:59:46.722+0000] {processor.py:914} INFO - Processing file /home/airflow/.local/lib/python3.12/site-packages/airflow/example_dags/example_inlet_event_extra.py for tasks to queue
[2024-11-25T01:59:46.724+0000] {logging_mixin.py:190} INFO - [2024-11-25T01:59:46.724+0000] {dagbag.py:588} INFO - Filling up the DagBag from /home/airflow/.local/lib/python3.12/site-packages/airflow/example_dags/example_inlet_event_extra.py
[2024-11-25T01:59:47.394+0000] {processor.py:925} INFO - DAG(s) 'read_dataset_event_from_classic', 'read_dataset_event' retrieved from /home/airflow/.local/lib/python3.12/site-packages/airflow/example_dags/example_inlet_event_extra.py
[2024-11-25T01:59:47.414+0000] {logging_mixin.py:190} INFO - [2024-11-25T01:59:47.414+0000] {dag.py:3239} INFO - Sync 2 DAGs
[2024-11-25T01:59:47.440+0000] {logging_mixin.py:190} INFO - [2024-11-25T01:59:47.440+0000] {dag.py:4180} INFO - Setting next_dagrun for read_dataset_event to 2024-11-24 00:00:00+00:00, run_after=2024-11-25 00:00:00+00:00
[2024-11-25T01:59:47.445+0000] {logging_mixin.py:190} INFO - [2024-11-25T01:59:47.445+0000] {dag.py:4180} INFO - Setting next_dagrun for read_dataset_event_from_classic to 2024-11-24 00:00:00+00:00, run_after=2024-11-25 00:00:00+00:00
[2024-11-25T01:59:47.460+0000] {processor.py:208} INFO - Processing /home/airflow/.local/lib/python3.12/site-packages/airflow/example_dags/example_inlet_event_extra.py took 0.746 seconds
[2024-11-25T02:00:17.737+0000] {processor.py:186} INFO - Started process (PID=725) to work on /home/airflow/.local/lib/python3.12/site-packages/airflow/example_dags/example_inlet_event_extra.py
[2024-11-25T02:00:17.738+0000] {processor.py:914} INFO - Processing file /home/airflow/.local/lib/python3.12/site-packages/airflow/example_dags/example_inlet_event_extra.py for tasks to queue
[2024-11-25T02:00:17.740+0000] {logging_mixin.py:190} INFO - [2024-11-25T02:00:17.740+0000] {dagbag.py:588} INFO - Filling up the DagBag from /home/airflow/.local/lib/python3.12/site-packages/airflow/example_dags/example_inlet_event_extra.py
[2024-11-25T02:00:18.283+0000] {processor.py:925} INFO - DAG(s) 'read_dataset_event_from_classic', 'read_dataset_event' retrieved from /home/airflow/.local/lib/python3.12/site-packages/airflow/example_dags/example_inlet_event_extra.py
[2024-11-25T02:00:18.304+0000] {logging_mixin.py:190} INFO - [2024-11-25T02:00:18.303+0000] {dag.py:3239} INFO - Sync 2 DAGs
[2024-11-25T02:00:18.332+0000] {logging_mixin.py:190} INFO - [2024-11-25T02:00:18.332+0000] {dag.py:4180} INFO - Setting next_dagrun for read_dataset_event to 2024-11-24 00:00:00+00:00, run_after=2024-11-25 00:00:00+00:00
[2024-11-25T02:00:18.338+0000] {logging_mixin.py:190} INFO - [2024-11-25T02:00:18.337+0000] {dag.py:4180} INFO - Setting next_dagrun for read_dataset_event_from_classic to 2024-11-24 00:00:00+00:00, run_after=2024-11-25 00:00:00+00:00
[2024-11-25T02:00:18.354+0000] {processor.py:208} INFO - Processing /home/airflow/.local/lib/python3.12/site-packages/airflow/example_dags/example_inlet_event_extra.py took 0.622 seconds
[2024-11-25T02:00:49.261+0000] {processor.py:186} INFO - Started process (PID=790) to work on /home/airflow/.local/lib/python3.12/site-packages/airflow/example_dags/example_inlet_event_extra.py
[2024-11-25T02:00:49.262+0000] {processor.py:914} INFO - Processing file /home/airflow/.local/lib/python3.12/site-packages/airflow/example_dags/example_inlet_event_extra.py for tasks to queue
[2024-11-25T02:00:49.265+0000] {logging_mixin.py:190} INFO - [2024-11-25T02:00:49.265+0000] {dagbag.py:588} INFO - Filling up the DagBag from /home/airflow/.local/lib/python3.12/site-packages/airflow/example_dags/example_inlet_event_extra.py
[2024-11-25T02:00:49.846+0000] {processor.py:925} INFO - DAG(s) 'read_dataset_event_from_classic', 'read_dataset_event' retrieved from /home/airflow/.local/lib/python3.12/site-packages/airflow/example_dags/example_inlet_event_extra.py
[2024-11-25T02:00:49.863+0000] {logging_mixin.py:190} INFO - [2024-11-25T02:00:49.862+0000] {dag.py:3239} INFO - Sync 2 DAGs
[2024-11-25T02:00:49.884+0000] {logging_mixin.py:190} INFO - [2024-11-25T02:00:49.884+0000] {dag.py:4180} INFO - Setting next_dagrun for read_dataset_event to 2024-11-24 00:00:00+00:00, run_after=2024-11-25 00:00:00+00:00
[2024-11-25T02:00:49.889+0000] {logging_mixin.py:190} INFO - [2024-11-25T02:00:49.889+0000] {dag.py:4180} INFO - Setting next_dagrun for read_dataset_event_from_classic to 2024-11-24 00:00:00+00:00, run_after=2024-11-25 00:00:00+00:00
[2024-11-25T02:00:49.911+0000] {processor.py:208} INFO - Processing /home/airflow/.local/lib/python3.12/site-packages/airflow/example_dags/example_inlet_event_extra.py took 0.659 seconds
[2024-11-25T02:01:20.848+0000] {processor.py:186} INFO - Started process (PID=854) to work on /home/airflow/.local/lib/python3.12/site-packages/airflow/example_dags/example_inlet_event_extra.py
[2024-11-25T02:01:20.849+0000] {processor.py:914} INFO - Processing file /home/airflow/.local/lib/python3.12/site-packages/airflow/example_dags/example_inlet_event_extra.py for tasks to queue
[2024-11-25T02:01:20.851+0000] {logging_mixin.py:190} INFO - [2024-11-25T02:01:20.851+0000] {dagbag.py:588} INFO - Filling up the DagBag from /home/airflow/.local/lib/python3.12/site-packages/airflow/example_dags/example_inlet_event_extra.py
[2024-11-25T02:01:21.367+0000] {processor.py:925} INFO - DAG(s) 'read_dataset_event_from_classic', 'read_dataset_event' retrieved from /home/airflow/.local/lib/python3.12/site-packages/airflow/example_dags/example_inlet_event_extra.py
[2024-11-25T02:01:21.384+0000] {logging_mixin.py:190} INFO - [2024-11-25T02:01:21.383+0000] {dag.py:3239} INFO - Sync 2 DAGs
[2024-11-25T02:01:21.405+0000] {logging_mixin.py:190} INFO - [2024-11-25T02:01:21.405+0000] {dag.py:4180} INFO - Setting next_dagrun for read_dataset_event to 2024-11-24 00:00:00+00:00, run_after=2024-11-25 00:00:00+00:00
[2024-11-25T02:01:21.410+0000] {logging_mixin.py:190} INFO - [2024-11-25T02:01:21.409+0000] {dag.py:4180} INFO - Setting next_dagrun for read_dataset_event_from_classic to 2024-11-24 00:00:00+00:00, run_after=2024-11-25 00:00:00+00:00
[2024-11-25T02:01:21.434+0000] {processor.py:208} INFO - Processing /home/airflow/.local/lib/python3.12/site-packages/airflow/example_dags/example_inlet_event_extra.py took 0.591 seconds
[2024-11-25T02:01:51.702+0000] {processor.py:186} INFO - Started process (PID=918) to work on /home/airflow/.local/lib/python3.12/site-packages/airflow/example_dags/example_inlet_event_extra.py
[2024-11-25T02:01:51.703+0000] {processor.py:914} INFO - Processing file /home/airflow/.local/lib/python3.12/site-packages/airflow/example_dags/example_inlet_event_extra.py for tasks to queue
[2024-11-25T02:01:51.705+0000] {logging_mixin.py:190} INFO - [2024-11-25T02:01:51.704+0000] {dagbag.py:588} INFO - Filling up the DagBag from /home/airflow/.local/lib/python3.12/site-packages/airflow/example_dags/example_inlet_event_extra.py
[2024-11-25T02:01:52.278+0000] {processor.py:925} INFO - DAG(s) 'read_dataset_event', 'read_dataset_event_from_classic' retrieved from /home/airflow/.local/lib/python3.12/site-packages/airflow/example_dags/example_inlet_event_extra.py
[2024-11-25T02:01:52.300+0000] {logging_mixin.py:190} INFO - [2024-11-25T02:01:52.300+0000] {dag.py:3239} INFO - Sync 2 DAGs
[2024-11-25T02:01:52.325+0000] {logging_mixin.py:190} INFO - [2024-11-25T02:01:52.325+0000] {dag.py:4180} INFO - Setting next_dagrun for read_dataset_event to 2024-11-24 00:00:00+00:00, run_after=2024-11-25 00:00:00+00:00
[2024-11-25T02:01:52.330+0000] {logging_mixin.py:190} INFO - [2024-11-25T02:01:52.330+0000] {dag.py:4180} INFO - Setting next_dagrun for read_dataset_event_from_classic to 2024-11-24 00:00:00+00:00, run_after=2024-11-25 00:00:00+00:00
[2024-11-25T02:01:52.346+0000] {processor.py:208} INFO - Processing /home/airflow/.local/lib/python3.12/site-packages/airflow/example_dags/example_inlet_event_extra.py took 0.649 seconds
[2024-11-25T02:02:22.663+0000] {processor.py:186} INFO - Started process (PID=982) to work on /home/airflow/.local/lib/python3.12/site-packages/airflow/example_dags/example_inlet_event_extra.py
[2024-11-25T02:02:22.664+0000] {processor.py:914} INFO - Processing file /home/airflow/.local/lib/python3.12/site-packages/airflow/example_dags/example_inlet_event_extra.py for tasks to queue
[2024-11-25T02:02:22.666+0000] {logging_mixin.py:190} INFO - [2024-11-25T02:02:22.665+0000] {dagbag.py:588} INFO - Filling up the DagBag from /home/airflow/.local/lib/python3.12/site-packages/airflow/example_dags/example_inlet_event_extra.py
[2024-11-25T02:02:23.173+0000] {processor.py:925} INFO - DAG(s) 'read_dataset_event', 'read_dataset_event_from_classic' retrieved from /home/airflow/.local/lib/python3.12/site-packages/airflow/example_dags/example_inlet_event_extra.py
[2024-11-25T02:02:23.192+0000] {logging_mixin.py:190} INFO - [2024-11-25T02:02:23.191+0000] {dag.py:3239} INFO - Sync 2 DAGs
[2024-11-25T02:02:23.211+0000] {logging_mixin.py:190} INFO - [2024-11-25T02:02:23.211+0000] {dag.py:4180} INFO - Setting next_dagrun for read_dataset_event to 2024-11-24 00:00:00+00:00, run_after=2024-11-25 00:00:00+00:00
[2024-11-25T02:02:23.216+0000] {logging_mixin.py:190} INFO - [2024-11-25T02:02:23.216+0000] {dag.py:4180} INFO - Setting next_dagrun for read_dataset_event_from_classic to 2024-11-24 00:00:00+00:00, run_after=2024-11-25 00:00:00+00:00
[2024-11-25T02:02:23.233+0000] {processor.py:208} INFO - Processing /home/airflow/.local/lib/python3.12/site-packages/airflow/example_dags/example_inlet_event_extra.py took 0.576 seconds
[2024-11-25T02:02:53.426+0000] {processor.py:186} INFO - Started process (PID=1047) to work on /home/airflow/.local/lib/python3.12/site-packages/airflow/example_dags/example_inlet_event_extra.py
[2024-11-25T02:02:53.427+0000] {processor.py:914} INFO - Processing file /home/airflow/.local/lib/python3.12/site-packages/airflow/example_dags/example_inlet_event_extra.py for tasks to queue
[2024-11-25T02:02:53.428+0000] {logging_mixin.py:190} INFO - [2024-11-25T02:02:53.428+0000] {dagbag.py:588} INFO - Filling up the DagBag from /home/airflow/.local/lib/python3.12/site-packages/airflow/example_dags/example_inlet_event_extra.py
[2024-11-25T02:02:54.076+0000] {processor.py:925} INFO - DAG(s) 'read_dataset_event_from_classic', 'read_dataset_event' retrieved from /home/airflow/.local/lib/python3.12/site-packages/airflow/example_dags/example_inlet_event_extra.py
[2024-11-25T02:02:54.093+0000] {logging_mixin.py:190} INFO - [2024-11-25T02:02:54.093+0000] {dag.py:3239} INFO - Sync 2 DAGs
[2024-11-25T02:02:54.114+0000] {logging_mixin.py:190} INFO - [2024-11-25T02:02:54.113+0000] {dag.py:4180} INFO - Setting next_dagrun for read_dataset_event to 2024-11-24 00:00:00+00:00, run_after=2024-11-25 00:00:00+00:00
[2024-11-25T02:02:54.118+0000] {logging_mixin.py:190} INFO - [2024-11-25T02:02:54.118+0000] {dag.py:4180} INFO - Setting next_dagrun for read_dataset_event_from_classic to 2024-11-24 00:00:00+00:00, run_after=2024-11-25 00:00:00+00:00
[2024-11-25T02:02:54.132+0000] {processor.py:208} INFO - Processing /home/airflow/.local/lib/python3.12/site-packages/airflow/example_dags/example_inlet_event_extra.py took 0.711 seconds
[2024-11-25T02:03:24.364+0000] {processor.py:186} INFO - Started process (PID=1112) to work on /home/airflow/.local/lib/python3.12/site-packages/airflow/example_dags/example_inlet_event_extra.py
[2024-11-25T02:03:24.365+0000] {processor.py:914} INFO - Processing file /home/airflow/.local/lib/python3.12/site-packages/airflow/example_dags/example_inlet_event_extra.py for tasks to queue
[2024-11-25T02:03:24.367+0000] {logging_mixin.py:190} INFO - [2024-11-25T02:03:24.367+0000] {dagbag.py:588} INFO - Filling up the DagBag from /home/airflow/.local/lib/python3.12/site-packages/airflow/example_dags/example_inlet_event_extra.py
[2024-11-25T02:03:24.999+0000] {processor.py:925} INFO - DAG(s) 'read_dataset_event', 'read_dataset_event_from_classic' retrieved from /home/airflow/.local/lib/python3.12/site-packages/airflow/example_dags/example_inlet_event_extra.py
[2024-11-25T02:03:25.019+0000] {logging_mixin.py:190} INFO - [2024-11-25T02:03:25.019+0000] {dag.py:3239} INFO - Sync 2 DAGs
[2024-11-25T02:03:25.043+0000] {logging_mixin.py:190} INFO - [2024-11-25T02:03:25.042+0000] {dag.py:4180} INFO - Setting next_dagrun for read_dataset_event to 2024-11-24 00:00:00+00:00, run_after=2024-11-25 00:00:00+00:00
[2024-11-25T02:03:25.048+0000] {logging_mixin.py:190} INFO - [2024-11-25T02:03:25.048+0000] {dag.py:4180} INFO - Setting next_dagrun for read_dataset_event_from_classic to 2024-11-24 00:00:00+00:00, run_after=2024-11-25 00:00:00+00:00
[2024-11-25T02:03:25.065+0000] {processor.py:208} INFO - Processing /home/airflow/.local/lib/python3.12/site-packages/airflow/example_dags/example_inlet_event_extra.py took 0.707 seconds
[2024-11-25T02:03:55.889+0000] {processor.py:186} INFO - Started process (PID=1177) to work on /home/airflow/.local/lib/python3.12/site-packages/airflow/example_dags/example_inlet_event_extra.py
[2024-11-25T02:03:55.890+0000] {processor.py:914} INFO - Processing file /home/airflow/.local/lib/python3.12/site-packages/airflow/example_dags/example_inlet_event_extra.py for tasks to queue
[2024-11-25T02:03:55.892+0000] {logging_mixin.py:190} INFO - [2024-11-25T02:03:55.892+0000] {dagbag.py:588} INFO - Filling up the DagBag from /home/airflow/.local/lib/python3.12/site-packages/airflow/example_dags/example_inlet_event_extra.py
[2024-11-25T02:03:56.619+0000] {processor.py:925} INFO - DAG(s) 'read_dataset_event_from_classic', 'read_dataset_event' retrieved from /home/airflow/.local/lib/python3.12/site-packages/airflow/example_dags/example_inlet_event_extra.py
[2024-11-25T02:03:56.641+0000] {logging_mixin.py:190} INFO - [2024-11-25T02:03:56.641+0000] {dag.py:3239} INFO - Sync 2 DAGs
[2024-11-25T02:03:56.735+0000] {logging_mixin.py:190} INFO - [2024-11-25T02:03:56.735+0000] {dag.py:4180} INFO - Setting next_dagrun for read_dataset_event to 2024-11-24 00:00:00+00:00, run_after=2024-11-25 00:00:00+00:00
[2024-11-25T02:03:56.747+0000] {logging_mixin.py:190} INFO - [2024-11-25T02:03:56.746+0000] {dag.py:4180} INFO - Setting next_dagrun for read_dataset_event_from_classic to 2024-11-24 00:00:00+00:00, run_after=2024-11-25 00:00:00+00:00
[2024-11-25T02:03:56.771+0000] {processor.py:208} INFO - Processing /home/airflow/.local/lib/python3.12/site-packages/airflow/example_dags/example_inlet_event_extra.py took 0.889 seconds
[2024-11-25T02:04:27.339+0000] {processor.py:186} INFO - Started process (PID=1242) to work on /home/airflow/.local/lib/python3.12/site-packages/airflow/example_dags/example_inlet_event_extra.py
[2024-11-25T02:04:27.341+0000] {processor.py:914} INFO - Processing file /home/airflow/.local/lib/python3.12/site-packages/airflow/example_dags/example_inlet_event_extra.py for tasks to queue
[2024-11-25T02:04:27.345+0000] {logging_mixin.py:190} INFO - [2024-11-25T02:04:27.344+0000] {dagbag.py:588} INFO - Filling up the DagBag from /home/airflow/.local/lib/python3.12/site-packages/airflow/example_dags/example_inlet_event_extra.py
[2024-11-25T02:04:27.982+0000] {processor.py:925} INFO - DAG(s) 'read_dataset_event_from_classic', 'read_dataset_event' retrieved from /home/airflow/.local/lib/python3.12/site-packages/airflow/example_dags/example_inlet_event_extra.py
[2024-11-25T02:04:28.000+0000] {logging_mixin.py:190} INFO - [2024-11-25T02:04:28.000+0000] {dag.py:3239} INFO - Sync 2 DAGs
[2024-11-25T02:04:28.024+0000] {logging_mixin.py:190} INFO - [2024-11-25T02:04:28.024+0000] {dag.py:4180} INFO - Setting next_dagrun for read_dataset_event to 2024-11-24 00:00:00+00:00, run_after=2024-11-25 00:00:00+00:00
[2024-11-25T02:04:28.030+0000] {logging_mixin.py:190} INFO - [2024-11-25T02:04:28.030+0000] {dag.py:4180} INFO - Setting next_dagrun for read_dataset_event_from_classic to 2024-11-24 00:00:00+00:00, run_after=2024-11-25 00:00:00+00:00
[2024-11-25T02:04:28.050+0000] {processor.py:208} INFO - Processing /home/airflow/.local/lib/python3.12/site-packages/airflow/example_dags/example_inlet_event_extra.py took 0.723 seconds
[2024-11-25T02:04:58.610+0000] {processor.py:186} INFO - Started process (PID=1307) to work on /home/airflow/.local/lib/python3.12/site-packages/airflow/example_dags/example_inlet_event_extra.py
[2024-11-25T02:04:58.611+0000] {processor.py:914} INFO - Processing file /home/airflow/.local/lib/python3.12/site-packages/airflow/example_dags/example_inlet_event_extra.py for tasks to queue
[2024-11-25T02:04:58.614+0000] {logging_mixin.py:190} INFO - [2024-11-25T02:04:58.613+0000] {dagbag.py:588} INFO - Filling up the DagBag from /home/airflow/.local/lib/python3.12/site-packages/airflow/example_dags/example_inlet_event_extra.py
[2024-11-25T02:04:59.181+0000] {processor.py:925} INFO - DAG(s) 'read_dataset_event_from_classic', 'read_dataset_event' retrieved from /home/airflow/.local/lib/python3.12/site-packages/airflow/example_dags/example_inlet_event_extra.py
[2024-11-25T02:04:59.199+0000] {logging_mixin.py:190} INFO - [2024-11-25T02:04:59.199+0000] {dag.py:3239} INFO - Sync 2 DAGs
[2024-11-25T02:04:59.221+0000] {logging_mixin.py:190} INFO - [2024-11-25T02:04:59.221+0000] {dag.py:4180} INFO - Setting next_dagrun for read_dataset_event to 2024-11-24 00:00:00+00:00, run_after=2024-11-25 00:00:00+00:00
[2024-11-25T02:04:59.227+0000] {logging_mixin.py:190} INFO - [2024-11-25T02:04:59.226+0000] {dag.py:4180} INFO - Setting next_dagrun for read_dataset_event_from_classic to 2024-11-24 00:00:00+00:00, run_after=2024-11-25 00:00:00+00:00
[2024-11-25T02:04:59.241+0000] {processor.py:208} INFO - Processing /home/airflow/.local/lib/python3.12/site-packages/airflow/example_dags/example_inlet_event_extra.py took 0.636 seconds
[2024-11-25T02:05:30.085+0000] {processor.py:186} INFO - Started process (PID=1371) to work on /home/airflow/.local/lib/python3.12/site-packages/airflow/example_dags/example_inlet_event_extra.py
[2024-11-25T02:05:30.086+0000] {processor.py:914} INFO - Processing file /home/airflow/.local/lib/python3.12/site-packages/airflow/example_dags/example_inlet_event_extra.py for tasks to queue
[2024-11-25T02:05:30.090+0000] {logging_mixin.py:190} INFO - [2024-11-25T02:05:30.089+0000] {dagbag.py:588} INFO - Filling up the DagBag from /home/airflow/.local/lib/python3.12/site-packages/airflow/example_dags/example_inlet_event_extra.py
[2024-11-25T02:05:31.081+0000] {processor.py:925} INFO - DAG(s) 'read_dataset_event_from_classic', 'read_dataset_event' retrieved from /home/airflow/.local/lib/python3.12/site-packages/airflow/example_dags/example_inlet_event_extra.py
[2024-11-25T02:05:31.103+0000] {logging_mixin.py:190} INFO - [2024-11-25T02:05:31.103+0000] {dag.py:3239} INFO - Sync 2 DAGs
[2024-11-25T02:05:31.175+0000] {logging_mixin.py:190} INFO - [2024-11-25T02:05:31.175+0000] {dag.py:4180} INFO - Setting next_dagrun for read_dataset_event to 2024-11-24 00:00:00+00:00, run_after=2024-11-25 00:00:00+00:00
[2024-11-25T02:05:31.184+0000] {logging_mixin.py:190} INFO - [2024-11-25T02:05:31.184+0000] {dag.py:4180} INFO - Setting next_dagrun for read_dataset_event_from_classic to 2024-11-24 00:00:00+00:00, run_after=2024-11-25 00:00:00+00:00
[2024-11-25T02:05:31.205+0000] {processor.py:208} INFO - Processing /home/airflow/.local/lib/python3.12/site-packages/airflow/example_dags/example_inlet_event_extra.py took 1.136 seconds
[2024-11-25T02:06:01.489+0000] {processor.py:186} INFO - Started process (PID=1441) to work on /home/airflow/.local/lib/python3.12/site-packages/airflow/example_dags/example_inlet_event_extra.py
[2024-11-25T02:06:01.490+0000] {processor.py:914} INFO - Processing file /home/airflow/.local/lib/python3.12/site-packages/airflow/example_dags/example_inlet_event_extra.py for tasks to queue
[2024-11-25T02:06:01.493+0000] {logging_mixin.py:190} INFO - [2024-11-25T02:06:01.492+0000] {dagbag.py:588} INFO - Filling up the DagBag from /home/airflow/.local/lib/python3.12/site-packages/airflow/example_dags/example_inlet_event_extra.py
[2024-11-25T02:06:02.399+0000] {processor.py:925} INFO - DAG(s) 'read_dataset_event', 'read_dataset_event_from_classic' retrieved from /home/airflow/.local/lib/python3.12/site-packages/airflow/example_dags/example_inlet_event_extra.py
[2024-11-25T02:06:02.463+0000] {logging_mixin.py:190} INFO - [2024-11-25T02:06:02.463+0000] {dag.py:3239} INFO - Sync 2 DAGs
[2024-11-25T02:06:02.611+0000] {logging_mixin.py:190} INFO - [2024-11-25T02:06:02.610+0000] {dag.py:4180} INFO - Setting next_dagrun for read_dataset_event to 2024-11-24 00:00:00+00:00, run_after=2024-11-25 00:00:00+00:00
[2024-11-25T02:06:02.628+0000] {logging_mixin.py:190} INFO - [2024-11-25T02:06:02.627+0000] {dag.py:4180} INFO - Setting next_dagrun for read_dataset_event_from_classic to 2024-11-24 00:00:00+00:00, run_after=2024-11-25 00:00:00+00:00
[2024-11-25T02:06:03.969+0000] {processor.py:208} INFO - Processing /home/airflow/.local/lib/python3.12/site-packages/airflow/example_dags/example_inlet_event_extra.py took 2.485 seconds
[2024-11-25T02:06:34.104+0000] {processor.py:186} INFO - Started process (PID=1506) to work on /home/airflow/.local/lib/python3.12/site-packages/airflow/example_dags/example_inlet_event_extra.py
[2024-11-25T02:06:34.105+0000] {processor.py:914} INFO - Processing file /home/airflow/.local/lib/python3.12/site-packages/airflow/example_dags/example_inlet_event_extra.py for tasks to queue
[2024-11-25T02:06:34.111+0000] {logging_mixin.py:190} INFO - [2024-11-25T02:06:34.110+0000] {dagbag.py:588} INFO - Filling up the DagBag from /home/airflow/.local/lib/python3.12/site-packages/airflow/example_dags/example_inlet_event_extra.py
[2024-11-25T02:06:34.990+0000] {processor.py:925} INFO - DAG(s) 'read_dataset_event_from_classic', 'read_dataset_event' retrieved from /home/airflow/.local/lib/python3.12/site-packages/airflow/example_dags/example_inlet_event_extra.py
[2024-11-25T02:06:35.034+0000] {logging_mixin.py:190} INFO - [2024-11-25T02:06:35.033+0000] {dag.py:3239} INFO - Sync 2 DAGs
[2024-11-25T02:06:35.089+0000] {logging_mixin.py:190} INFO - [2024-11-25T02:06:35.088+0000] {dag.py:4180} INFO - Setting next_dagrun for read_dataset_event to 2024-11-24 00:00:00+00:00, run_after=2024-11-25 00:00:00+00:00
[2024-11-25T02:06:35.109+0000] {logging_mixin.py:190} INFO - [2024-11-25T02:06:35.109+0000] {dag.py:4180} INFO - Setting next_dagrun for read_dataset_event_from_classic to 2024-11-24 00:00:00+00:00, run_after=2024-11-25 00:00:00+00:00
[2024-11-25T02:06:35.156+0000] {processor.py:208} INFO - Processing /home/airflow/.local/lib/python3.12/site-packages/airflow/example_dags/example_inlet_event_extra.py took 1.062 seconds
[2024-11-25T02:07:05.361+0000] {processor.py:186} INFO - Started process (PID=1570) to work on /home/airflow/.local/lib/python3.12/site-packages/airflow/example_dags/example_inlet_event_extra.py
[2024-11-25T02:07:05.362+0000] {processor.py:914} INFO - Processing file /home/airflow/.local/lib/python3.12/site-packages/airflow/example_dags/example_inlet_event_extra.py for tasks to queue
[2024-11-25T02:07:05.365+0000] {logging_mixin.py:190} INFO - [2024-11-25T02:07:05.364+0000] {dagbag.py:588} INFO - Filling up the DagBag from /home/airflow/.local/lib/python3.12/site-packages/airflow/example_dags/example_inlet_event_extra.py
[2024-11-25T02:07:06.281+0000] {processor.py:925} INFO - DAG(s) 'read_dataset_event_from_classic', 'read_dataset_event' retrieved from /home/airflow/.local/lib/python3.12/site-packages/airflow/example_dags/example_inlet_event_extra.py
[2024-11-25T02:07:06.313+0000] {logging_mixin.py:190} INFO - [2024-11-25T02:07:06.313+0000] {dag.py:3239} INFO - Sync 2 DAGs
[2024-11-25T02:07:06.367+0000] {logging_mixin.py:190} INFO - [2024-11-25T02:07:06.367+0000] {dag.py:4180} INFO - Setting next_dagrun for read_dataset_event to 2024-11-24 00:00:00+00:00, run_after=2024-11-25 00:00:00+00:00
[2024-11-25T02:07:06.376+0000] {logging_mixin.py:190} INFO - [2024-11-25T02:07:06.376+0000] {dag.py:4180} INFO - Setting next_dagrun for read_dataset_event_from_classic to 2024-11-24 00:00:00+00:00, run_after=2024-11-25 00:00:00+00:00
[2024-11-25T02:07:06.413+0000] {processor.py:208} INFO - Processing /home/airflow/.local/lib/python3.12/site-packages/airflow/example_dags/example_inlet_event_extra.py took 1.057 seconds
[2024-11-25T02:07:37.518+0000] {processor.py:186} INFO - Started process (PID=1636) to work on /home/airflow/.local/lib/python3.12/site-packages/airflow/example_dags/example_inlet_event_extra.py
[2024-11-25T02:07:37.519+0000] {processor.py:914} INFO - Processing file /home/airflow/.local/lib/python3.12/site-packages/airflow/example_dags/example_inlet_event_extra.py for tasks to queue
[2024-11-25T02:07:37.521+0000] {logging_mixin.py:190} INFO - [2024-11-25T02:07:37.521+0000] {dagbag.py:588} INFO - Filling up the DagBag from /home/airflow/.local/lib/python3.12/site-packages/airflow/example_dags/example_inlet_event_extra.py
[2024-11-25T02:07:38.102+0000] {processor.py:925} INFO - DAG(s) 'read_dataset_event', 'read_dataset_event_from_classic' retrieved from /home/airflow/.local/lib/python3.12/site-packages/airflow/example_dags/example_inlet_event_extra.py
[2024-11-25T02:07:38.122+0000] {logging_mixin.py:190} INFO - [2024-11-25T02:07:38.122+0000] {dag.py:3239} INFO - Sync 2 DAGs
[2024-11-25T02:07:38.147+0000] {logging_mixin.py:190} INFO - [2024-11-25T02:07:38.147+0000] {dag.py:4180} INFO - Setting next_dagrun for read_dataset_event to 2024-11-24 00:00:00+00:00, run_after=2024-11-25 00:00:00+00:00
[2024-11-25T02:07:38.153+0000] {logging_mixin.py:190} INFO - [2024-11-25T02:07:38.153+0000] {dag.py:4180} INFO - Setting next_dagrun for read_dataset_event_from_classic to 2024-11-24 00:00:00+00:00, run_after=2024-11-25 00:00:00+00:00
[2024-11-25T02:07:38.170+0000] {processor.py:208} INFO - Processing /home/airflow/.local/lib/python3.12/site-packages/airflow/example_dags/example_inlet_event_extra.py took 0.657 seconds
[2024-11-25T02:08:08.965+0000] {processor.py:186} INFO - Started process (PID=1706) to work on /home/airflow/.local/lib/python3.12/site-packages/airflow/example_dags/example_inlet_event_extra.py
[2024-11-25T02:08:08.966+0000] {processor.py:914} INFO - Processing file /home/airflow/.local/lib/python3.12/site-packages/airflow/example_dags/example_inlet_event_extra.py for tasks to queue
[2024-11-25T02:08:08.968+0000] {logging_mixin.py:190} INFO - [2024-11-25T02:08:08.968+0000] {dagbag.py:588} INFO - Filling up the DagBag from /home/airflow/.local/lib/python3.12/site-packages/airflow/example_dags/example_inlet_event_extra.py
[2024-11-25T02:08:09.593+0000] {processor.py:925} INFO - DAG(s) 'read_dataset_event', 'read_dataset_event_from_classic' retrieved from /home/airflow/.local/lib/python3.12/site-packages/airflow/example_dags/example_inlet_event_extra.py
[2024-11-25T02:08:09.615+0000] {logging_mixin.py:190} INFO - [2024-11-25T02:08:09.615+0000] {dag.py:3239} INFO - Sync 2 DAGs
[2024-11-25T02:08:09.645+0000] {logging_mixin.py:190} INFO - [2024-11-25T02:08:09.645+0000] {dag.py:4180} INFO - Setting next_dagrun for read_dataset_event to 2024-11-24 00:00:00+00:00, run_after=2024-11-25 00:00:00+00:00
[2024-11-25T02:08:09.650+0000] {logging_mixin.py:190} INFO - [2024-11-25T02:08:09.650+0000] {dag.py:4180} INFO - Setting next_dagrun for read_dataset_event_from_classic to 2024-11-24 00:00:00+00:00, run_after=2024-11-25 00:00:00+00:00
[2024-11-25T02:08:09.667+0000] {processor.py:208} INFO - Processing /home/airflow/.local/lib/python3.12/site-packages/airflow/example_dags/example_inlet_event_extra.py took 0.708 seconds
[2024-11-25T02:08:40.421+0000] {processor.py:186} INFO - Started process (PID=1774) to work on /home/airflow/.local/lib/python3.12/site-packages/airflow/example_dags/example_inlet_event_extra.py
[2024-11-25T02:08:40.422+0000] {processor.py:914} INFO - Processing file /home/airflow/.local/lib/python3.12/site-packages/airflow/example_dags/example_inlet_event_extra.py for tasks to queue
[2024-11-25T02:08:40.424+0000] {logging_mixin.py:190} INFO - [2024-11-25T02:08:40.424+0000] {dagbag.py:588} INFO - Filling up the DagBag from /home/airflow/.local/lib/python3.12/site-packages/airflow/example_dags/example_inlet_event_extra.py
[2024-11-25T02:08:41.046+0000] {processor.py:925} INFO - DAG(s) 'read_dataset_event_from_classic', 'read_dataset_event' retrieved from /home/airflow/.local/lib/python3.12/site-packages/airflow/example_dags/example_inlet_event_extra.py
[2024-11-25T02:08:41.065+0000] {logging_mixin.py:190} INFO - [2024-11-25T02:08:41.065+0000] {dag.py:3239} INFO - Sync 2 DAGs
[2024-11-25T02:08:41.089+0000] {logging_mixin.py:190} INFO - [2024-11-25T02:08:41.088+0000] {dag.py:4180} INFO - Setting next_dagrun for read_dataset_event to 2024-11-24 00:00:00+00:00, run_after=2024-11-25 00:00:00+00:00
[2024-11-25T02:08:41.094+0000] {logging_mixin.py:190} INFO - [2024-11-25T02:08:41.093+0000] {dag.py:4180} INFO - Setting next_dagrun for read_dataset_event_from_classic to 2024-11-24 00:00:00+00:00, run_after=2024-11-25 00:00:00+00:00
[2024-11-25T02:08:41.108+0000] {processor.py:208} INFO - Processing /home/airflow/.local/lib/python3.12/site-packages/airflow/example_dags/example_inlet_event_extra.py took 0.692 seconds
[2024-11-25T02:09:11.969+0000] {processor.py:186} INFO - Started process (PID=1840) to work on /home/airflow/.local/lib/python3.12/site-packages/airflow/example_dags/example_inlet_event_extra.py
[2024-11-25T02:09:11.970+0000] {processor.py:914} INFO - Processing file /home/airflow/.local/lib/python3.12/site-packages/airflow/example_dags/example_inlet_event_extra.py for tasks to queue
[2024-11-25T02:09:11.974+0000] {logging_mixin.py:190} INFO - [2024-11-25T02:09:11.973+0000] {dagbag.py:588} INFO - Filling up the DagBag from /home/airflow/.local/lib/python3.12/site-packages/airflow/example_dags/example_inlet_event_extra.py
[2024-11-25T02:09:12.486+0000] {processor.py:925} INFO - DAG(s) 'read_dataset_event', 'read_dataset_event_from_classic' retrieved from /home/airflow/.local/lib/python3.12/site-packages/airflow/example_dags/example_inlet_event_extra.py
[2024-11-25T02:09:12.506+0000] {logging_mixin.py:190} INFO - [2024-11-25T02:09:12.505+0000] {dag.py:3239} INFO - Sync 2 DAGs
[2024-11-25T02:09:12.529+0000] {logging_mixin.py:190} INFO - [2024-11-25T02:09:12.528+0000] {dag.py:4180} INFO - Setting next_dagrun for read_dataset_event to 2024-11-24 00:00:00+00:00, run_after=2024-11-25 00:00:00+00:00
[2024-11-25T02:09:12.534+0000] {logging_mixin.py:190} INFO - [2024-11-25T02:09:12.534+0000] {dag.py:4180} INFO - Setting next_dagrun for read_dataset_event_from_classic to 2024-11-24 00:00:00+00:00, run_after=2024-11-25 00:00:00+00:00
[2024-11-25T02:09:12.548+0000] {processor.py:208} INFO - Processing /home/airflow/.local/lib/python3.12/site-packages/airflow/example_dags/example_inlet_event_extra.py took 0.586 seconds
[2024-11-25T02:09:42.691+0000] {processor.py:186} INFO - Started process (PID=1904) to work on /home/airflow/.local/lib/python3.12/site-packages/airflow/example_dags/example_inlet_event_extra.py
[2024-11-25T02:09:42.693+0000] {processor.py:914} INFO - Processing file /home/airflow/.local/lib/python3.12/site-packages/airflow/example_dags/example_inlet_event_extra.py for tasks to queue
[2024-11-25T02:09:42.696+0000] {logging_mixin.py:190} INFO - [2024-11-25T02:09:42.695+0000] {dagbag.py:588} INFO - Filling up the DagBag from /home/airflow/.local/lib/python3.12/site-packages/airflow/example_dags/example_inlet_event_extra.py
[2024-11-25T02:09:43.216+0000] {processor.py:925} INFO - DAG(s) 'read_dataset_event', 'read_dataset_event_from_classic' retrieved from /home/airflow/.local/lib/python3.12/site-packages/airflow/example_dags/example_inlet_event_extra.py
[2024-11-25T02:09:43.234+0000] {logging_mixin.py:190} INFO - [2024-11-25T02:09:43.234+0000] {dag.py:3239} INFO - Sync 2 DAGs
[2024-11-25T02:09:43.258+0000] {logging_mixin.py:190} INFO - [2024-11-25T02:09:43.257+0000] {dag.py:4180} INFO - Setting next_dagrun for read_dataset_event to 2024-11-24 00:00:00+00:00, run_after=2024-11-25 00:00:00+00:00
[2024-11-25T02:09:43.262+0000] {logging_mixin.py:190} INFO - [2024-11-25T02:09:43.262+0000] {dag.py:4180} INFO - Setting next_dagrun for read_dataset_event_from_classic to 2024-11-24 00:00:00+00:00, run_after=2024-11-25 00:00:00+00:00
[2024-11-25T02:09:43.276+0000] {processor.py:208} INFO - Processing /home/airflow/.local/lib/python3.12/site-packages/airflow/example_dags/example_inlet_event_extra.py took 0.593 seconds
[2024-11-25T02:10:13.874+0000] {processor.py:186} INFO - Started process (PID=1968) to work on /home/airflow/.local/lib/python3.12/site-packages/airflow/example_dags/example_inlet_event_extra.py
[2024-11-25T02:10:13.875+0000] {processor.py:914} INFO - Processing file /home/airflow/.local/lib/python3.12/site-packages/airflow/example_dags/example_inlet_event_extra.py for tasks to queue
[2024-11-25T02:10:13.878+0000] {logging_mixin.py:190} INFO - [2024-11-25T02:10:13.877+0000] {dagbag.py:588} INFO - Filling up the DagBag from /home/airflow/.local/lib/python3.12/site-packages/airflow/example_dags/example_inlet_event_extra.py
[2024-11-25T02:10:14.382+0000] {processor.py:925} INFO - DAG(s) 'read_dataset_event', 'read_dataset_event_from_classic' retrieved from /home/airflow/.local/lib/python3.12/site-packages/airflow/example_dags/example_inlet_event_extra.py
[2024-11-25T02:10:14.402+0000] {logging_mixin.py:190} INFO - [2024-11-25T02:10:14.401+0000] {dag.py:3239} INFO - Sync 2 DAGs
[2024-11-25T02:10:14.435+0000] {logging_mixin.py:190} INFO - [2024-11-25T02:10:14.435+0000] {dag.py:4180} INFO - Setting next_dagrun for read_dataset_event to 2024-11-24 00:00:00+00:00, run_after=2024-11-25 00:00:00+00:00
[2024-11-25T02:10:14.442+0000] {logging_mixin.py:190} INFO - [2024-11-25T02:10:14.442+0000] {dag.py:4180} INFO - Setting next_dagrun for read_dataset_event_from_classic to 2024-11-24 00:00:00+00:00, run_after=2024-11-25 00:00:00+00:00
[2024-11-25T02:10:14.462+0000] {processor.py:208} INFO - Processing /home/airflow/.local/lib/python3.12/site-packages/airflow/example_dags/example_inlet_event_extra.py took 0.593 seconds
[2024-11-25T02:10:45.270+0000] {processor.py:186} INFO - Started process (PID=2034) to work on /home/airflow/.local/lib/python3.12/site-packages/airflow/example_dags/example_inlet_event_extra.py
[2024-11-25T02:10:45.271+0000] {processor.py:914} INFO - Processing file /home/airflow/.local/lib/python3.12/site-packages/airflow/example_dags/example_inlet_event_extra.py for tasks to queue
[2024-11-25T02:10:45.274+0000] {logging_mixin.py:190} INFO - [2024-11-25T02:10:45.273+0000] {dagbag.py:588} INFO - Filling up the DagBag from /home/airflow/.local/lib/python3.12/site-packages/airflow/example_dags/example_inlet_event_extra.py
[2024-11-25T02:10:46.672+0000] {processor.py:925} INFO - DAG(s) 'read_dataset_event_from_classic', 'read_dataset_event' retrieved from /home/airflow/.local/lib/python3.12/site-packages/airflow/example_dags/example_inlet_event_extra.py
[2024-11-25T02:10:46.713+0000] {logging_mixin.py:190} INFO - [2024-11-25T02:10:46.713+0000] {dag.py:3239} INFO - Sync 2 DAGs
[2024-11-25T02:10:46.862+0000] {logging_mixin.py:190} INFO - [2024-11-25T02:10:46.862+0000] {dag.py:4180} INFO - Setting next_dagrun for read_dataset_event to 2024-11-24 00:00:00+00:00, run_after=2024-11-25 00:00:00+00:00
[2024-11-25T02:10:46.889+0000] {logging_mixin.py:190} INFO - [2024-11-25T02:10:46.888+0000] {dag.py:4180} INFO - Setting next_dagrun for read_dataset_event_from_classic to 2024-11-24 00:00:00+00:00, run_after=2024-11-25 00:00:00+00:00
[2024-11-25T02:10:46.988+0000] {processor.py:208} INFO - Processing /home/airflow/.local/lib/python3.12/site-packages/airflow/example_dags/example_inlet_event_extra.py took 1.725 seconds
[2024-11-25T02:11:17.685+0000] {processor.py:186} INFO - Started process (PID=2105) to work on /home/airflow/.local/lib/python3.12/site-packages/airflow/example_dags/example_inlet_event_extra.py
[2024-11-25T02:11:17.687+0000] {processor.py:914} INFO - Processing file /home/airflow/.local/lib/python3.12/site-packages/airflow/example_dags/example_inlet_event_extra.py for tasks to queue
[2024-11-25T02:11:17.690+0000] {logging_mixin.py:190} INFO - [2024-11-25T02:11:17.690+0000] {dagbag.py:588} INFO - Filling up the DagBag from /home/airflow/.local/lib/python3.12/site-packages/airflow/example_dags/example_inlet_event_extra.py
[2024-11-25T02:11:18.393+0000] {processor.py:925} INFO - DAG(s) 'read_dataset_event', 'read_dataset_event_from_classic' retrieved from /home/airflow/.local/lib/python3.12/site-packages/airflow/example_dags/example_inlet_event_extra.py
[2024-11-25T02:11:18.413+0000] {logging_mixin.py:190} INFO - [2024-11-25T02:11:18.413+0000] {dag.py:3239} INFO - Sync 2 DAGs
[2024-11-25T02:11:18.436+0000] {logging_mixin.py:190} INFO - [2024-11-25T02:11:18.436+0000] {dag.py:4180} INFO - Setting next_dagrun for read_dataset_event to 2024-11-24 00:00:00+00:00, run_after=2024-11-25 00:00:00+00:00
[2024-11-25T02:11:18.442+0000] {logging_mixin.py:190} INFO - [2024-11-25T02:11:18.441+0000] {dag.py:4180} INFO - Setting next_dagrun for read_dataset_event_from_classic to 2024-11-24 00:00:00+00:00, run_after=2024-11-25 00:00:00+00:00
[2024-11-25T02:11:18.466+0000] {processor.py:208} INFO - Processing /home/airflow/.local/lib/python3.12/site-packages/airflow/example_dags/example_inlet_event_extra.py took 0.789 seconds
[2024-11-25T02:11:48.609+0000] {processor.py:186} INFO - Started process (PID=2169) to work on /home/airflow/.local/lib/python3.12/site-packages/airflow/example_dags/example_inlet_event_extra.py
[2024-11-25T02:11:48.612+0000] {processor.py:914} INFO - Processing file /home/airflow/.local/lib/python3.12/site-packages/airflow/example_dags/example_inlet_event_extra.py for tasks to queue
[2024-11-25T02:11:48.615+0000] {logging_mixin.py:190} INFO - [2024-11-25T02:11:48.615+0000] {dagbag.py:588} INFO - Filling up the DagBag from /home/airflow/.local/lib/python3.12/site-packages/airflow/example_dags/example_inlet_event_extra.py
[2024-11-25T02:11:49.334+0000] {processor.py:925} INFO - DAG(s) 'read_dataset_event_from_classic', 'read_dataset_event' retrieved from /home/airflow/.local/lib/python3.12/site-packages/airflow/example_dags/example_inlet_event_extra.py
[2024-11-25T02:11:49.361+0000] {logging_mixin.py:190} INFO - [2024-11-25T02:11:49.361+0000] {dag.py:3239} INFO - Sync 2 DAGs
[2024-11-25T02:11:49.390+0000] {logging_mixin.py:190} INFO - [2024-11-25T02:11:49.390+0000] {dag.py:4180} INFO - Setting next_dagrun for read_dataset_event to 2024-11-24 00:00:00+00:00, run_after=2024-11-25 00:00:00+00:00
[2024-11-25T02:11:49.395+0000] {logging_mixin.py:190} INFO - [2024-11-25T02:11:49.395+0000] {dag.py:4180} INFO - Setting next_dagrun for read_dataset_event_from_classic to 2024-11-24 00:00:00+00:00, run_after=2024-11-25 00:00:00+00:00
[2024-11-25T02:11:49.411+0000] {processor.py:208} INFO - Processing /home/airflow/.local/lib/python3.12/site-packages/airflow/example_dags/example_inlet_event_extra.py took 0.809 seconds
[2024-11-25T02:12:20.686+0000] {processor.py:186} INFO - Started process (PID=2239) to work on /home/airflow/.local/lib/python3.12/site-packages/airflow/example_dags/example_inlet_event_extra.py
[2024-11-25T02:12:20.687+0000] {processor.py:914} INFO - Processing file /home/airflow/.local/lib/python3.12/site-packages/airflow/example_dags/example_inlet_event_extra.py for tasks to queue
[2024-11-25T02:12:20.690+0000] {logging_mixin.py:190} INFO - [2024-11-25T02:12:20.690+0000] {dagbag.py:588} INFO - Filling up the DagBag from /home/airflow/.local/lib/python3.12/site-packages/airflow/example_dags/example_inlet_event_extra.py
[2024-11-25T02:12:21.532+0000] {processor.py:925} INFO - DAG(s) 'read_dataset_event', 'read_dataset_event_from_classic' retrieved from /home/airflow/.local/lib/python3.12/site-packages/airflow/example_dags/example_inlet_event_extra.py
[2024-11-25T02:12:21.553+0000] {logging_mixin.py:190} INFO - [2024-11-25T02:12:21.553+0000] {dag.py:3239} INFO - Sync 2 DAGs
[2024-11-25T02:12:21.578+0000] {logging_mixin.py:190} INFO - [2024-11-25T02:12:21.578+0000] {dag.py:4180} INFO - Setting next_dagrun for read_dataset_event to 2024-11-24 00:00:00+00:00, run_after=2024-11-25 00:00:00+00:00
[2024-11-25T02:12:21.584+0000] {logging_mixin.py:190} INFO - [2024-11-25T02:12:21.584+0000] {dag.py:4180} INFO - Setting next_dagrun for read_dataset_event_from_classic to 2024-11-24 00:00:00+00:00, run_after=2024-11-25 00:00:00+00:00
[2024-11-25T02:12:21.605+0000] {processor.py:208} INFO - Processing /home/airflow/.local/lib/python3.12/site-packages/airflow/example_dags/example_inlet_event_extra.py took 0.925 seconds
[2024-11-25T02:12:51.981+0000] {processor.py:186} INFO - Started process (PID=2305) to work on /home/airflow/.local/lib/python3.12/site-packages/airflow/example_dags/example_inlet_event_extra.py
[2024-11-25T02:12:51.982+0000] {processor.py:914} INFO - Processing file /home/airflow/.local/lib/python3.12/site-packages/airflow/example_dags/example_inlet_event_extra.py for tasks to queue
[2024-11-25T02:12:51.985+0000] {logging_mixin.py:190} INFO - [2024-11-25T02:12:51.984+0000] {dagbag.py:588} INFO - Filling up the DagBag from /home/airflow/.local/lib/python3.12/site-packages/airflow/example_dags/example_inlet_event_extra.py
[2024-11-25T02:12:52.603+0000] {processor.py:925} INFO - DAG(s) 'read_dataset_event', 'read_dataset_event_from_classic' retrieved from /home/airflow/.local/lib/python3.12/site-packages/airflow/example_dags/example_inlet_event_extra.py
[2024-11-25T02:12:52.620+0000] {logging_mixin.py:190} INFO - [2024-11-25T02:12:52.620+0000] {dag.py:3239} INFO - Sync 2 DAGs
[2024-11-25T02:12:52.641+0000] {logging_mixin.py:190} INFO - [2024-11-25T02:12:52.641+0000] {dag.py:4180} INFO - Setting next_dagrun for read_dataset_event to 2024-11-24 00:00:00+00:00, run_after=2024-11-25 00:00:00+00:00
[2024-11-25T02:12:52.646+0000] {logging_mixin.py:190} INFO - [2024-11-25T02:12:52.646+0000] {dag.py:4180} INFO - Setting next_dagrun for read_dataset_event_from_classic to 2024-11-24 00:00:00+00:00, run_after=2024-11-25 00:00:00+00:00
[2024-11-25T02:12:52.665+0000] {processor.py:208} INFO - Processing /home/airflow/.local/lib/python3.12/site-packages/airflow/example_dags/example_inlet_event_extra.py took 0.690 seconds
[2024-11-25T02:13:23.388+0000] {processor.py:186} INFO - Started process (PID=2371) to work on /home/airflow/.local/lib/python3.12/site-packages/airflow/example_dags/example_inlet_event_extra.py
[2024-11-25T02:13:23.390+0000] {processor.py:914} INFO - Processing file /home/airflow/.local/lib/python3.12/site-packages/airflow/example_dags/example_inlet_event_extra.py for tasks to queue
[2024-11-25T02:13:23.392+0000] {logging_mixin.py:190} INFO - [2024-11-25T02:13:23.392+0000] {dagbag.py:588} INFO - Filling up the DagBag from /home/airflow/.local/lib/python3.12/site-packages/airflow/example_dags/example_inlet_event_extra.py
[2024-11-25T02:13:24.366+0000] {processor.py:925} INFO - DAG(s) 'read_dataset_event_from_classic', 'read_dataset_event' retrieved from /home/airflow/.local/lib/python3.12/site-packages/airflow/example_dags/example_inlet_event_extra.py
[2024-11-25T02:13:24.394+0000] {logging_mixin.py:190} INFO - [2024-11-25T02:13:24.393+0000] {dag.py:3239} INFO - Sync 2 DAGs
[2024-11-25T02:13:24.428+0000] {logging_mixin.py:190} INFO - [2024-11-25T02:13:24.427+0000] {dag.py:4180} INFO - Setting next_dagrun for read_dataset_event to 2024-11-24 00:00:00+00:00, run_after=2024-11-25 00:00:00+00:00
[2024-11-25T02:13:24.437+0000] {logging_mixin.py:190} INFO - [2024-11-25T02:13:24.437+0000] {dag.py:4180} INFO - Setting next_dagrun for read_dataset_event_from_classic to 2024-11-24 00:00:00+00:00, run_after=2024-11-25 00:00:00+00:00
[2024-11-25T02:13:24.468+0000] {processor.py:208} INFO - Processing /home/airflow/.local/lib/python3.12/site-packages/airflow/example_dags/example_inlet_event_extra.py took 1.085 seconds
[2024-11-25T02:13:55.123+0000] {processor.py:186} INFO - Started process (PID=2436) to work on /home/airflow/.local/lib/python3.12/site-packages/airflow/example_dags/example_inlet_event_extra.py
[2024-11-25T02:13:55.124+0000] {processor.py:914} INFO - Processing file /home/airflow/.local/lib/python3.12/site-packages/airflow/example_dags/example_inlet_event_extra.py for tasks to queue
[2024-11-25T02:13:55.127+0000] {logging_mixin.py:190} INFO - [2024-11-25T02:13:55.127+0000] {dagbag.py:588} INFO - Filling up the DagBag from /home/airflow/.local/lib/python3.12/site-packages/airflow/example_dags/example_inlet_event_extra.py
[2024-11-25T02:13:55.646+0000] {processor.py:925} INFO - DAG(s) 'read_dataset_event', 'read_dataset_event_from_classic' retrieved from /home/airflow/.local/lib/python3.12/site-packages/airflow/example_dags/example_inlet_event_extra.py
[2024-11-25T02:13:55.663+0000] {logging_mixin.py:190} INFO - [2024-11-25T02:13:55.663+0000] {dag.py:3239} INFO - Sync 2 DAGs
[2024-11-25T02:13:55.692+0000] {logging_mixin.py:190} INFO - [2024-11-25T02:13:55.691+0000] {dag.py:4180} INFO - Setting next_dagrun for read_dataset_event to 2024-11-24 00:00:00+00:00, run_after=2024-11-25 00:00:00+00:00
[2024-11-25T02:13:55.697+0000] {logging_mixin.py:190} INFO - [2024-11-25T02:13:55.697+0000] {dag.py:4180} INFO - Setting next_dagrun for read_dataset_event_from_classic to 2024-11-24 00:00:00+00:00, run_after=2024-11-25 00:00:00+00:00
[2024-11-25T02:13:55.711+0000] {processor.py:208} INFO - Processing /home/airflow/.local/lib/python3.12/site-packages/airflow/example_dags/example_inlet_event_extra.py took 0.594 seconds
[2024-11-25T02:14:26.390+0000] {processor.py:186} INFO - Started process (PID=2500) to work on /home/airflow/.local/lib/python3.12/site-packages/airflow/example_dags/example_inlet_event_extra.py
[2024-11-25T02:14:26.391+0000] {processor.py:914} INFO - Processing file /home/airflow/.local/lib/python3.12/site-packages/airflow/example_dags/example_inlet_event_extra.py for tasks to queue
[2024-11-25T02:14:26.394+0000] {logging_mixin.py:190} INFO - [2024-11-25T02:14:26.394+0000] {dagbag.py:588} INFO - Filling up the DagBag from /home/airflow/.local/lib/python3.12/site-packages/airflow/example_dags/example_inlet_event_extra.py
[2024-11-25T02:14:26.989+0000] {processor.py:925} INFO - DAG(s) 'read_dataset_event_from_classic', 'read_dataset_event' retrieved from /home/airflow/.local/lib/python3.12/site-packages/airflow/example_dags/example_inlet_event_extra.py
[2024-11-25T02:14:27.006+0000] {logging_mixin.py:190} INFO - [2024-11-25T02:14:27.006+0000] {dag.py:3239} INFO - Sync 2 DAGs
[2024-11-25T02:14:27.030+0000] {logging_mixin.py:190} INFO - [2024-11-25T02:14:27.029+0000] {dag.py:4180} INFO - Setting next_dagrun for read_dataset_event to 2024-11-24 00:00:00+00:00, run_after=2024-11-25 00:00:00+00:00
[2024-11-25T02:14:27.036+0000] {logging_mixin.py:190} INFO - [2024-11-25T02:14:27.035+0000] {dag.py:4180} INFO - Setting next_dagrun for read_dataset_event_from_classic to 2024-11-24 00:00:00+00:00, run_after=2024-11-25 00:00:00+00:00
[2024-11-25T02:14:27.073+0000] {processor.py:208} INFO - Processing /home/airflow/.local/lib/python3.12/site-packages/airflow/example_dags/example_inlet_event_extra.py took 0.688 seconds
[2024-11-25T02:14:58.085+0000] {processor.py:186} INFO - Started process (PID=2564) to work on /home/airflow/.local/lib/python3.12/site-packages/airflow/example_dags/example_inlet_event_extra.py
[2024-11-25T02:14:58.086+0000] {processor.py:914} INFO - Processing file /home/airflow/.local/lib/python3.12/site-packages/airflow/example_dags/example_inlet_event_extra.py for tasks to queue
[2024-11-25T02:14:58.089+0000] {logging_mixin.py:190} INFO - [2024-11-25T02:14:58.089+0000] {dagbag.py:588} INFO - Filling up the DagBag from /home/airflow/.local/lib/python3.12/site-packages/airflow/example_dags/example_inlet_event_extra.py
[2024-11-25T02:14:58.986+0000] {processor.py:925} INFO - DAG(s) 'read_dataset_event_from_classic', 'read_dataset_event' retrieved from /home/airflow/.local/lib/python3.12/site-packages/airflow/example_dags/example_inlet_event_extra.py
[2024-11-25T02:14:59.025+0000] {logging_mixin.py:190} INFO - [2024-11-25T02:14:59.024+0000] {dag.py:3239} INFO - Sync 2 DAGs
[2024-11-25T02:14:59.053+0000] {logging_mixin.py:190} INFO - [2024-11-25T02:14:59.053+0000] {dag.py:4180} INFO - Setting next_dagrun for read_dataset_event to 2024-11-24 00:00:00+00:00, run_after=2024-11-25 00:00:00+00:00
[2024-11-25T02:14:59.059+0000] {logging_mixin.py:190} INFO - [2024-11-25T02:14:59.059+0000] {dag.py:4180} INFO - Setting next_dagrun for read_dataset_event_from_classic to 2024-11-24 00:00:00+00:00, run_after=2024-11-25 00:00:00+00:00
[2024-11-25T02:14:59.079+0000] {processor.py:208} INFO - Processing /home/airflow/.local/lib/python3.12/site-packages/airflow/example_dags/example_inlet_event_extra.py took 1.001 seconds
[2024-11-25T02:15:29.363+0000] {processor.py:186} INFO - Started process (PID=2630) to work on /home/airflow/.local/lib/python3.12/site-packages/airflow/example_dags/example_inlet_event_extra.py
[2024-11-25T02:15:29.364+0000] {processor.py:914} INFO - Processing file /home/airflow/.local/lib/python3.12/site-packages/airflow/example_dags/example_inlet_event_extra.py for tasks to queue
[2024-11-25T02:15:29.366+0000] {logging_mixin.py:190} INFO - [2024-11-25T02:15:29.366+0000] {dagbag.py:588} INFO - Filling up the DagBag from /home/airflow/.local/lib/python3.12/site-packages/airflow/example_dags/example_inlet_event_extra.py
[2024-11-25T02:15:29.984+0000] {processor.py:925} INFO - DAG(s) 'read_dataset_event_from_classic', 'read_dataset_event' retrieved from /home/airflow/.local/lib/python3.12/site-packages/airflow/example_dags/example_inlet_event_extra.py
[2024-11-25T02:15:30.006+0000] {logging_mixin.py:190} INFO - [2024-11-25T02:15:30.006+0000] {dag.py:3239} INFO - Sync 2 DAGs
[2024-11-25T02:15:30.042+0000] {logging_mixin.py:190} INFO - [2024-11-25T02:15:30.042+0000] {dag.py:4180} INFO - Setting next_dagrun for read_dataset_event to 2024-11-24 00:00:00+00:00, run_after=2024-11-25 00:00:00+00:00
[2024-11-25T02:15:30.049+0000] {logging_mixin.py:190} INFO - [2024-11-25T02:15:30.049+0000] {dag.py:4180} INFO - Setting next_dagrun for read_dataset_event_from_classic to 2024-11-24 00:00:00+00:00, run_after=2024-11-25 00:00:00+00:00
[2024-11-25T02:15:30.066+0000] {processor.py:208} INFO - Processing /home/airflow/.local/lib/python3.12/site-packages/airflow/example_dags/example_inlet_event_extra.py took 0.709 seconds
[2024-11-25T02:16:00.768+0000] {processor.py:186} INFO - Started process (PID=2695) to work on /home/airflow/.local/lib/python3.12/site-packages/airflow/example_dags/example_inlet_event_extra.py
[2024-11-25T02:16:00.769+0000] {processor.py:914} INFO - Processing file /home/airflow/.local/lib/python3.12/site-packages/airflow/example_dags/example_inlet_event_extra.py for tasks to queue
[2024-11-25T02:16:00.771+0000] {logging_mixin.py:190} INFO - [2024-11-25T02:16:00.771+0000] {dagbag.py:588} INFO - Filling up the DagBag from /home/airflow/.local/lib/python3.12/site-packages/airflow/example_dags/example_inlet_event_extra.py
[2024-11-25T02:16:01.399+0000] {processor.py:925} INFO - DAG(s) 'read_dataset_event', 'read_dataset_event_from_classic' retrieved from /home/airflow/.local/lib/python3.12/site-packages/airflow/example_dags/example_inlet_event_extra.py
[2024-11-25T02:16:01.418+0000] {logging_mixin.py:190} INFO - [2024-11-25T02:16:01.417+0000] {dag.py:3239} INFO - Sync 2 DAGs
[2024-11-25T02:16:01.442+0000] {logging_mixin.py:190} INFO - [2024-11-25T02:16:01.441+0000] {dag.py:4180} INFO - Setting next_dagrun for read_dataset_event to 2024-11-24 00:00:00+00:00, run_after=2024-11-25 00:00:00+00:00
[2024-11-25T02:16:01.447+0000] {logging_mixin.py:190} INFO - [2024-11-25T02:16:01.447+0000] {dag.py:4180} INFO - Setting next_dagrun for read_dataset_event_from_classic to 2024-11-24 00:00:00+00:00, run_after=2024-11-25 00:00:00+00:00
[2024-11-25T02:16:01.473+0000] {processor.py:208} INFO - Processing /home/airflow/.local/lib/python3.12/site-packages/airflow/example_dags/example_inlet_event_extra.py took 0.710 seconds
[2024-11-25T02:16:32.004+0000] {processor.py:186} INFO - Started process (PID=2759) to work on /home/airflow/.local/lib/python3.12/site-packages/airflow/example_dags/example_inlet_event_extra.py
[2024-11-25T02:16:32.005+0000] {processor.py:914} INFO - Processing file /home/airflow/.local/lib/python3.12/site-packages/airflow/example_dags/example_inlet_event_extra.py for tasks to queue
[2024-11-25T02:16:32.007+0000] {logging_mixin.py:190} INFO - [2024-11-25T02:16:32.007+0000] {dagbag.py:588} INFO - Filling up the DagBag from /home/airflow/.local/lib/python3.12/site-packages/airflow/example_dags/example_inlet_event_extra.py
[2024-11-25T02:16:32.399+0000] {processor.py:925} INFO - DAG(s) 'read_dataset_event_from_classic', 'read_dataset_event' retrieved from /home/airflow/.local/lib/python3.12/site-packages/airflow/example_dags/example_inlet_event_extra.py
[2024-11-25T02:16:32.420+0000] {logging_mixin.py:190} INFO - [2024-11-25T02:16:32.420+0000] {dag.py:3239} INFO - Sync 2 DAGs
[2024-11-25T02:16:32.447+0000] {logging_mixin.py:190} INFO - [2024-11-25T02:16:32.446+0000] {dag.py:4180} INFO - Setting next_dagrun for read_dataset_event to 2024-11-24 00:00:00+00:00, run_after=2024-11-25 00:00:00+00:00
[2024-11-25T02:16:32.452+0000] {logging_mixin.py:190} INFO - [2024-11-25T02:16:32.452+0000] {dag.py:4180} INFO - Setting next_dagrun for read_dataset_event_from_classic to 2024-11-24 00:00:00+00:00, run_after=2024-11-25 00:00:00+00:00
[2024-11-25T02:16:32.471+0000] {processor.py:208} INFO - Processing /home/airflow/.local/lib/python3.12/site-packages/airflow/example_dags/example_inlet_event_extra.py took 0.473 seconds
