[2024-11-25T01:55:31.001+0000] {processor.py:186} INFO - Started process (PID=129) to work on /home/airflow/.local/lib/python3.12/site-packages/airflow/example_dags/example_xcom.py
[2024-11-25T01:55:31.003+0000] {processor.py:914} INFO - Processing file /home/airflow/.local/lib/python3.12/site-packages/airflow/example_dags/example_xcom.py for tasks to queue
[2024-11-25T01:55:31.016+0000] {logging_mixin.py:190} INFO - [2024-11-25T01:55:31.015+0000] {dagbag.py:588} INFO - Filling up the DagBag from /home/airflow/.local/lib/python3.12/site-packages/airflow/example_dags/example_xcom.py
[2024-11-25T01:55:31.063+0000] {processor.py:925} INFO - DAG(s) 'example_xcom' retrieved from /home/airflow/.local/lib/python3.12/site-packages/airflow/example_dags/example_xcom.py
[2024-11-25T01:55:31.131+0000] {logging_mixin.py:190} INFO - [2024-11-25T01:55:31.131+0000] {dag.py:3239} INFO - Sync 1 DAGs
[2024-11-25T01:55:31.222+0000] {logging_mixin.py:190} INFO - [2024-11-25T01:55:31.222+0000] {dag.py:4180} INFO - Setting next_dagrun for example_xcom to 2021-01-01 00:00:00+00:00, run_after=2021-01-01 00:00:00+00:00
[2024-11-25T01:55:31.299+0000] {processor.py:208} INFO - Processing /home/airflow/.local/lib/python3.12/site-packages/airflow/example_dags/example_xcom.py took 0.317 seconds
[2024-11-25T01:56:01.670+0000] {processor.py:186} INFO - Started process (PID=192) to work on /home/airflow/.local/lib/python3.12/site-packages/airflow/example_dags/example_xcom.py
[2024-11-25T01:56:01.671+0000] {processor.py:914} INFO - Processing file /home/airflow/.local/lib/python3.12/site-packages/airflow/example_dags/example_xcom.py for tasks to queue
[2024-11-25T01:56:01.674+0000] {logging_mixin.py:190} INFO - [2024-11-25T01:56:01.674+0000] {dagbag.py:588} INFO - Filling up the DagBag from /home/airflow/.local/lib/python3.12/site-packages/airflow/example_dags/example_xcom.py
[2024-11-25T01:56:01.684+0000] {processor.py:925} INFO - DAG(s) 'example_xcom' retrieved from /home/airflow/.local/lib/python3.12/site-packages/airflow/example_dags/example_xcom.py
[2024-11-25T01:56:01.705+0000] {logging_mixin.py:190} INFO - [2024-11-25T01:56:01.705+0000] {dag.py:3239} INFO - Sync 1 DAGs
[2024-11-25T01:56:01.731+0000] {logging_mixin.py:190} INFO - [2024-11-25T01:56:01.731+0000] {dag.py:4180} INFO - Setting next_dagrun for example_xcom to 2021-01-01 00:00:00+00:00, run_after=2021-01-01 00:00:00+00:00
[2024-11-25T01:56:01.759+0000] {processor.py:208} INFO - Processing /home/airflow/.local/lib/python3.12/site-packages/airflow/example_dags/example_xcom.py took 0.094 seconds
[2024-11-25T01:56:32.308+0000] {processor.py:186} INFO - Started process (PID=256) to work on /home/airflow/.local/lib/python3.12/site-packages/airflow/example_dags/example_xcom.py
[2024-11-25T01:56:32.309+0000] {processor.py:914} INFO - Processing file /home/airflow/.local/lib/python3.12/site-packages/airflow/example_dags/example_xcom.py for tasks to queue
[2024-11-25T01:56:32.311+0000] {logging_mixin.py:190} INFO - [2024-11-25T01:56:32.311+0000] {dagbag.py:588} INFO - Filling up the DagBag from /home/airflow/.local/lib/python3.12/site-packages/airflow/example_dags/example_xcom.py
[2024-11-25T01:56:32.320+0000] {processor.py:925} INFO - DAG(s) 'example_xcom' retrieved from /home/airflow/.local/lib/python3.12/site-packages/airflow/example_dags/example_xcom.py
[2024-11-25T01:56:32.341+0000] {logging_mixin.py:190} INFO - [2024-11-25T01:56:32.341+0000] {dag.py:3239} INFO - Sync 1 DAGs
[2024-11-25T01:56:32.366+0000] {logging_mixin.py:190} INFO - [2024-11-25T01:56:32.365+0000] {dag.py:4180} INFO - Setting next_dagrun for example_xcom to 2021-01-01 00:00:00+00:00, run_after=2021-01-01 00:00:00+00:00
[2024-11-25T01:56:32.393+0000] {processor.py:208} INFO - Processing /home/airflow/.local/lib/python3.12/site-packages/airflow/example_dags/example_xcom.py took 0.091 seconds
[2024-11-25T01:57:05.695+0000] {processor.py:186} INFO - Started process (PID=319) to work on /home/airflow/.local/lib/python3.12/site-packages/airflow/example_dags/example_xcom.py
[2024-11-25T01:57:05.697+0000] {processor.py:914} INFO - Processing file /home/airflow/.local/lib/python3.12/site-packages/airflow/example_dags/example_xcom.py for tasks to queue
[2024-11-25T01:57:05.702+0000] {logging_mixin.py:190} INFO - [2024-11-25T01:57:05.701+0000] {dagbag.py:588} INFO - Filling up the DagBag from /home/airflow/.local/lib/python3.12/site-packages/airflow/example_dags/example_xcom.py
[2024-11-25T01:57:05.722+0000] {processor.py:925} INFO - DAG(s) 'example_xcom' retrieved from /home/airflow/.local/lib/python3.12/site-packages/airflow/example_dags/example_xcom.py
[2024-11-25T01:57:05.848+0000] {logging_mixin.py:190} INFO - [2024-11-25T01:57:05.847+0000] {dag.py:3239} INFO - Sync 1 DAGs
[2024-11-25T01:57:06.073+0000] {logging_mixin.py:190} INFO - [2024-11-25T01:57:06.072+0000] {dag.py:4180} INFO - Setting next_dagrun for example_xcom to 2021-01-01 00:00:00+00:00, run_after=2021-01-01 00:00:00+00:00
[2024-11-25T01:57:06.144+0000] {processor.py:208} INFO - Processing /home/airflow/.local/lib/python3.12/site-packages/airflow/example_dags/example_xcom.py took 0.461 seconds
[2024-11-25T01:57:36.325+0000] {processor.py:186} INFO - Started process (PID=382) to work on /home/airflow/.local/lib/python3.12/site-packages/airflow/example_dags/example_xcom.py
[2024-11-25T01:57:36.326+0000] {processor.py:914} INFO - Processing file /home/airflow/.local/lib/python3.12/site-packages/airflow/example_dags/example_xcom.py for tasks to queue
[2024-11-25T01:57:36.330+0000] {logging_mixin.py:190} INFO - [2024-11-25T01:57:36.329+0000] {dagbag.py:588} INFO - Filling up the DagBag from /home/airflow/.local/lib/python3.12/site-packages/airflow/example_dags/example_xcom.py
[2024-11-25T01:57:36.341+0000] {processor.py:925} INFO - DAG(s) 'example_xcom' retrieved from /home/airflow/.local/lib/python3.12/site-packages/airflow/example_dags/example_xcom.py
[2024-11-25T01:57:36.369+0000] {logging_mixin.py:190} INFO - [2024-11-25T01:57:36.368+0000] {dag.py:3239} INFO - Sync 1 DAGs
[2024-11-25T01:57:36.403+0000] {logging_mixin.py:190} INFO - [2024-11-25T01:57:36.402+0000] {dag.py:4180} INFO - Setting next_dagrun for example_xcom to 2021-01-01 00:00:00+00:00, run_after=2021-01-01 00:00:00+00:00
[2024-11-25T01:57:36.429+0000] {processor.py:208} INFO - Processing /home/airflow/.local/lib/python3.12/site-packages/airflow/example_dags/example_xcom.py took 0.111 seconds
[2024-11-25T01:58:06.999+0000] {processor.py:186} INFO - Started process (PID=446) to work on /home/airflow/.local/lib/python3.12/site-packages/airflow/example_dags/example_xcom.py
[2024-11-25T01:58:07.001+0000] {processor.py:914} INFO - Processing file /home/airflow/.local/lib/python3.12/site-packages/airflow/example_dags/example_xcom.py for tasks to queue
[2024-11-25T01:58:07.008+0000] {logging_mixin.py:190} INFO - [2024-11-25T01:58:07.008+0000] {dagbag.py:588} INFO - Filling up the DagBag from /home/airflow/.local/lib/python3.12/site-packages/airflow/example_dags/example_xcom.py
[2024-11-25T01:58:07.028+0000] {processor.py:925} INFO - DAG(s) 'example_xcom' retrieved from /home/airflow/.local/lib/python3.12/site-packages/airflow/example_dags/example_xcom.py
[2024-11-25T01:58:07.059+0000] {logging_mixin.py:190} INFO - [2024-11-25T01:58:07.058+0000] {dag.py:3239} INFO - Sync 1 DAGs
[2024-11-25T01:58:07.096+0000] {logging_mixin.py:190} INFO - [2024-11-25T01:58:07.096+0000] {dag.py:4180} INFO - Setting next_dagrun for example_xcom to 2021-01-01 00:00:00+00:00, run_after=2021-01-01 00:00:00+00:00
[2024-11-25T01:58:07.129+0000] {processor.py:208} INFO - Processing /home/airflow/.local/lib/python3.12/site-packages/airflow/example_dags/example_xcom.py took 0.139 seconds
[2024-11-25T01:58:37.248+0000] {processor.py:186} INFO - Started process (PID=510) to work on /home/airflow/.local/lib/python3.12/site-packages/airflow/example_dags/example_xcom.py
[2024-11-25T01:58:37.249+0000] {processor.py:914} INFO - Processing file /home/airflow/.local/lib/python3.12/site-packages/airflow/example_dags/example_xcom.py for tasks to queue
[2024-11-25T01:58:37.252+0000] {logging_mixin.py:190} INFO - [2024-11-25T01:58:37.252+0000] {dagbag.py:588} INFO - Filling up the DagBag from /home/airflow/.local/lib/python3.12/site-packages/airflow/example_dags/example_xcom.py
[2024-11-25T01:58:37.262+0000] {processor.py:925} INFO - DAG(s) 'example_xcom' retrieved from /home/airflow/.local/lib/python3.12/site-packages/airflow/example_dags/example_xcom.py
[2024-11-25T01:58:37.291+0000] {logging_mixin.py:190} INFO - [2024-11-25T01:58:37.290+0000] {dag.py:3239} INFO - Sync 1 DAGs
[2024-11-25T01:58:37.319+0000] {logging_mixin.py:190} INFO - [2024-11-25T01:58:37.319+0000] {dag.py:4180} INFO - Setting next_dagrun for example_xcom to 2021-01-01 00:00:00+00:00, run_after=2021-01-01 00:00:00+00:00
[2024-11-25T01:58:37.337+0000] {processor.py:208} INFO - Processing /home/airflow/.local/lib/python3.12/site-packages/airflow/example_dags/example_xcom.py took 0.095 seconds
[2024-11-25T01:59:07.928+0000] {processor.py:186} INFO - Started process (PID=574) to work on /home/airflow/.local/lib/python3.12/site-packages/airflow/example_dags/example_xcom.py
[2024-11-25T01:59:07.929+0000] {processor.py:914} INFO - Processing file /home/airflow/.local/lib/python3.12/site-packages/airflow/example_dags/example_xcom.py for tasks to queue
[2024-11-25T01:59:07.932+0000] {logging_mixin.py:190} INFO - [2024-11-25T01:59:07.932+0000] {dagbag.py:588} INFO - Filling up the DagBag from /home/airflow/.local/lib/python3.12/site-packages/airflow/example_dags/example_xcom.py
[2024-11-25T01:59:07.941+0000] {processor.py:925} INFO - DAG(s) 'example_xcom' retrieved from /home/airflow/.local/lib/python3.12/site-packages/airflow/example_dags/example_xcom.py
[2024-11-25T01:59:07.960+0000] {logging_mixin.py:190} INFO - [2024-11-25T01:59:07.960+0000] {dag.py:3239} INFO - Sync 1 DAGs
[2024-11-25T01:59:07.988+0000] {logging_mixin.py:190} INFO - [2024-11-25T01:59:07.988+0000] {dag.py:4180} INFO - Setting next_dagrun for example_xcom to 2021-01-01 00:00:00+00:00, run_after=2021-01-01 00:00:00+00:00
[2024-11-25T01:59:08.004+0000] {processor.py:208} INFO - Processing /home/airflow/.local/lib/python3.12/site-packages/airflow/example_dags/example_xcom.py took 0.082 seconds
[2024-11-25T01:59:39.115+0000] {processor.py:186} INFO - Started process (PID=638) to work on /home/airflow/.local/lib/python3.12/site-packages/airflow/example_dags/example_xcom.py
[2024-11-25T01:59:39.121+0000] {processor.py:914} INFO - Processing file /home/airflow/.local/lib/python3.12/site-packages/airflow/example_dags/example_xcom.py for tasks to queue
[2024-11-25T01:59:39.135+0000] {logging_mixin.py:190} INFO - [2024-11-25T01:59:39.133+0000] {dagbag.py:588} INFO - Filling up the DagBag from /home/airflow/.local/lib/python3.12/site-packages/airflow/example_dags/example_xcom.py
[2024-11-25T01:59:39.169+0000] {processor.py:925} INFO - DAG(s) 'example_xcom' retrieved from /home/airflow/.local/lib/python3.12/site-packages/airflow/example_dags/example_xcom.py
[2024-11-25T01:59:39.228+0000] {logging_mixin.py:190} INFO - [2024-11-25T01:59:39.227+0000] {dag.py:3239} INFO - Sync 1 DAGs
[2024-11-25T01:59:39.282+0000] {logging_mixin.py:190} INFO - [2024-11-25T01:59:39.282+0000] {dag.py:4180} INFO - Setting next_dagrun for example_xcom to 2021-01-01 00:00:00+00:00, run_after=2021-01-01 00:00:00+00:00
[2024-11-25T01:59:39.313+0000] {processor.py:208} INFO - Processing /home/airflow/.local/lib/python3.12/site-packages/airflow/example_dags/example_xcom.py took 0.214 seconds
[2024-11-25T02:00:10.201+0000] {processor.py:186} INFO - Started process (PID=702) to work on /home/airflow/.local/lib/python3.12/site-packages/airflow/example_dags/example_xcom.py
[2024-11-25T02:00:10.202+0000] {processor.py:914} INFO - Processing file /home/airflow/.local/lib/python3.12/site-packages/airflow/example_dags/example_xcom.py for tasks to queue
[2024-11-25T02:00:10.204+0000] {logging_mixin.py:190} INFO - [2024-11-25T02:00:10.204+0000] {dagbag.py:588} INFO - Filling up the DagBag from /home/airflow/.local/lib/python3.12/site-packages/airflow/example_dags/example_xcom.py
[2024-11-25T02:00:10.213+0000] {processor.py:925} INFO - DAG(s) 'example_xcom' retrieved from /home/airflow/.local/lib/python3.12/site-packages/airflow/example_dags/example_xcom.py
[2024-11-25T02:00:10.234+0000] {logging_mixin.py:190} INFO - [2024-11-25T02:00:10.234+0000] {dag.py:3239} INFO - Sync 1 DAGs
[2024-11-25T02:00:10.257+0000] {logging_mixin.py:190} INFO - [2024-11-25T02:00:10.257+0000] {dag.py:4180} INFO - Setting next_dagrun for example_xcom to 2021-01-01 00:00:00+00:00, run_after=2021-01-01 00:00:00+00:00
[2024-11-25T02:00:10.278+0000] {processor.py:208} INFO - Processing /home/airflow/.local/lib/python3.12/site-packages/airflow/example_dags/example_xcom.py took 0.083 seconds
[2024-11-25T02:00:40.615+0000] {processor.py:186} INFO - Started process (PID=770) to work on /home/airflow/.local/lib/python3.12/site-packages/airflow/example_dags/example_xcom.py
[2024-11-25T02:00:40.615+0000] {processor.py:914} INFO - Processing file /home/airflow/.local/lib/python3.12/site-packages/airflow/example_dags/example_xcom.py for tasks to queue
[2024-11-25T02:00:40.618+0000] {logging_mixin.py:190} INFO - [2024-11-25T02:00:40.618+0000] {dagbag.py:588} INFO - Filling up the DagBag from /home/airflow/.local/lib/python3.12/site-packages/airflow/example_dags/example_xcom.py
[2024-11-25T02:00:40.628+0000] {processor.py:925} INFO - DAG(s) 'example_xcom' retrieved from /home/airflow/.local/lib/python3.12/site-packages/airflow/example_dags/example_xcom.py
[2024-11-25T02:00:40.648+0000] {logging_mixin.py:190} INFO - [2024-11-25T02:00:40.648+0000] {dag.py:3239} INFO - Sync 1 DAGs
[2024-11-25T02:00:40.672+0000] {logging_mixin.py:190} INFO - [2024-11-25T02:00:40.672+0000] {dag.py:4180} INFO - Setting next_dagrun for example_xcom to 2021-01-01 00:00:00+00:00, run_after=2021-01-01 00:00:00+00:00
[2024-11-25T02:00:40.691+0000] {processor.py:208} INFO - Processing /home/airflow/.local/lib/python3.12/site-packages/airflow/example_dags/example_xcom.py took 0.082 seconds
[2024-11-25T02:01:10.755+0000] {processor.py:186} INFO - Started process (PID=834) to work on /home/airflow/.local/lib/python3.12/site-packages/airflow/example_dags/example_xcom.py
[2024-11-25T02:01:10.756+0000] {processor.py:914} INFO - Processing file /home/airflow/.local/lib/python3.12/site-packages/airflow/example_dags/example_xcom.py for tasks to queue
[2024-11-25T02:01:10.759+0000] {logging_mixin.py:190} INFO - [2024-11-25T02:01:10.759+0000] {dagbag.py:588} INFO - Filling up the DagBag from /home/airflow/.local/lib/python3.12/site-packages/airflow/example_dags/example_xcom.py
[2024-11-25T02:01:10.767+0000] {processor.py:925} INFO - DAG(s) 'example_xcom' retrieved from /home/airflow/.local/lib/python3.12/site-packages/airflow/example_dags/example_xcom.py
[2024-11-25T02:01:10.787+0000] {logging_mixin.py:190} INFO - [2024-11-25T02:01:10.787+0000] {dag.py:3239} INFO - Sync 1 DAGs
[2024-11-25T02:01:10.809+0000] {logging_mixin.py:190} INFO - [2024-11-25T02:01:10.809+0000] {dag.py:4180} INFO - Setting next_dagrun for example_xcom to 2021-01-01 00:00:00+00:00, run_after=2021-01-01 00:00:00+00:00
[2024-11-25T02:01:10.829+0000] {processor.py:208} INFO - Processing /home/airflow/.local/lib/python3.12/site-packages/airflow/example_dags/example_xcom.py took 0.078 seconds
[2024-11-25T02:01:41.032+0000] {processor.py:186} INFO - Started process (PID=898) to work on /home/airflow/.local/lib/python3.12/site-packages/airflow/example_dags/example_xcom.py
[2024-11-25T02:01:41.033+0000] {processor.py:914} INFO - Processing file /home/airflow/.local/lib/python3.12/site-packages/airflow/example_dags/example_xcom.py for tasks to queue
[2024-11-25T02:01:41.036+0000] {logging_mixin.py:190} INFO - [2024-11-25T02:01:41.035+0000] {dagbag.py:588} INFO - Filling up the DagBag from /home/airflow/.local/lib/python3.12/site-packages/airflow/example_dags/example_xcom.py
[2024-11-25T02:01:41.047+0000] {processor.py:925} INFO - DAG(s) 'example_xcom' retrieved from /home/airflow/.local/lib/python3.12/site-packages/airflow/example_dags/example_xcom.py
[2024-11-25T02:01:41.065+0000] {logging_mixin.py:190} INFO - [2024-11-25T02:01:41.065+0000] {dag.py:3239} INFO - Sync 1 DAGs
[2024-11-25T02:01:41.092+0000] {logging_mixin.py:190} INFO - [2024-11-25T02:01:41.092+0000] {dag.py:4180} INFO - Setting next_dagrun for example_xcom to 2021-01-01 00:00:00+00:00, run_after=2021-01-01 00:00:00+00:00
[2024-11-25T02:01:41.116+0000] {processor.py:208} INFO - Processing /home/airflow/.local/lib/python3.12/site-packages/airflow/example_dags/example_xcom.py took 0.091 seconds
[2024-11-25T02:02:11.724+0000] {processor.py:186} INFO - Started process (PID=962) to work on /home/airflow/.local/lib/python3.12/site-packages/airflow/example_dags/example_xcom.py
[2024-11-25T02:02:11.725+0000] {processor.py:914} INFO - Processing file /home/airflow/.local/lib/python3.12/site-packages/airflow/example_dags/example_xcom.py for tasks to queue
[2024-11-25T02:02:11.727+0000] {logging_mixin.py:190} INFO - [2024-11-25T02:02:11.727+0000] {dagbag.py:588} INFO - Filling up the DagBag from /home/airflow/.local/lib/python3.12/site-packages/airflow/example_dags/example_xcom.py
[2024-11-25T02:02:11.736+0000] {processor.py:925} INFO - DAG(s) 'example_xcom' retrieved from /home/airflow/.local/lib/python3.12/site-packages/airflow/example_dags/example_xcom.py
[2024-11-25T02:02:11.754+0000] {logging_mixin.py:190} INFO - [2024-11-25T02:02:11.753+0000] {dag.py:3239} INFO - Sync 1 DAGs
[2024-11-25T02:02:11.774+0000] {logging_mixin.py:190} INFO - [2024-11-25T02:02:11.774+0000] {dag.py:4180} INFO - Setting next_dagrun for example_xcom to 2021-01-01 00:00:00+00:00, run_after=2021-01-01 00:00:00+00:00
[2024-11-25T02:02:11.795+0000] {processor.py:208} INFO - Processing /home/airflow/.local/lib/python3.12/site-packages/airflow/example_dags/example_xcom.py took 0.077 seconds
[2024-11-25T02:02:42.305+0000] {processor.py:186} INFO - Started process (PID=1026) to work on /home/airflow/.local/lib/python3.12/site-packages/airflow/example_dags/example_xcom.py
[2024-11-25T02:02:42.307+0000] {processor.py:914} INFO - Processing file /home/airflow/.local/lib/python3.12/site-packages/airflow/example_dags/example_xcom.py for tasks to queue
[2024-11-25T02:02:42.310+0000] {logging_mixin.py:190} INFO - [2024-11-25T02:02:42.309+0000] {dagbag.py:588} INFO - Filling up the DagBag from /home/airflow/.local/lib/python3.12/site-packages/airflow/example_dags/example_xcom.py
[2024-11-25T02:02:42.325+0000] {processor.py:925} INFO - DAG(s) 'example_xcom' retrieved from /home/airflow/.local/lib/python3.12/site-packages/airflow/example_dags/example_xcom.py
[2024-11-25T02:02:42.626+0000] {logging_mixin.py:190} INFO - [2024-11-25T02:02:42.626+0000] {dag.py:3239} INFO - Sync 1 DAGs
[2024-11-25T02:02:42.712+0000] {logging_mixin.py:190} INFO - [2024-11-25T02:02:42.712+0000] {dag.py:4180} INFO - Setting next_dagrun for example_xcom to 2021-01-01 00:00:00+00:00, run_after=2021-01-01 00:00:00+00:00
[2024-11-25T02:02:42.731+0000] {processor.py:208} INFO - Processing /home/airflow/.local/lib/python3.12/site-packages/airflow/example_dags/example_xcom.py took 0.433 seconds
[2024-11-25T02:03:12.822+0000] {processor.py:186} INFO - Started process (PID=1091) to work on /home/airflow/.local/lib/python3.12/site-packages/airflow/example_dags/example_xcom.py
[2024-11-25T02:03:12.824+0000] {processor.py:914} INFO - Processing file /home/airflow/.local/lib/python3.12/site-packages/airflow/example_dags/example_xcom.py for tasks to queue
[2024-11-25T02:03:12.827+0000] {logging_mixin.py:190} INFO - [2024-11-25T02:03:12.826+0000] {dagbag.py:588} INFO - Filling up the DagBag from /home/airflow/.local/lib/python3.12/site-packages/airflow/example_dags/example_xcom.py
[2024-11-25T02:03:12.840+0000] {processor.py:925} INFO - DAG(s) 'example_xcom' retrieved from /home/airflow/.local/lib/python3.12/site-packages/airflow/example_dags/example_xcom.py
[2024-11-25T02:03:12.869+0000] {logging_mixin.py:190} INFO - [2024-11-25T02:03:12.868+0000] {dag.py:3239} INFO - Sync 1 DAGs
[2024-11-25T02:03:12.896+0000] {logging_mixin.py:190} INFO - [2024-11-25T02:03:12.896+0000] {dag.py:4180} INFO - Setting next_dagrun for example_xcom to 2021-01-01 00:00:00+00:00, run_after=2021-01-01 00:00:00+00:00
[2024-11-25T02:03:12.917+0000] {processor.py:208} INFO - Processing /home/airflow/.local/lib/python3.12/site-packages/airflow/example_dags/example_xcom.py took 0.102 seconds
[2024-11-25T02:03:43.196+0000] {processor.py:186} INFO - Started process (PID=1154) to work on /home/airflow/.local/lib/python3.12/site-packages/airflow/example_dags/example_xcom.py
[2024-11-25T02:03:43.198+0000] {processor.py:914} INFO - Processing file /home/airflow/.local/lib/python3.12/site-packages/airflow/example_dags/example_xcom.py for tasks to queue
[2024-11-25T02:03:43.204+0000] {logging_mixin.py:190} INFO - [2024-11-25T02:03:43.204+0000] {dagbag.py:588} INFO - Filling up the DagBag from /home/airflow/.local/lib/python3.12/site-packages/airflow/example_dags/example_xcom.py
[2024-11-25T02:03:43.218+0000] {processor.py:925} INFO - DAG(s) 'example_xcom' retrieved from /home/airflow/.local/lib/python3.12/site-packages/airflow/example_dags/example_xcom.py
[2024-11-25T02:03:43.246+0000] {logging_mixin.py:190} INFO - [2024-11-25T02:03:43.246+0000] {dag.py:3239} INFO - Sync 1 DAGs
[2024-11-25T02:03:43.284+0000] {logging_mixin.py:190} INFO - [2024-11-25T02:03:43.284+0000] {dag.py:4180} INFO - Setting next_dagrun for example_xcom to 2021-01-01 00:00:00+00:00, run_after=2021-01-01 00:00:00+00:00
[2024-11-25T02:03:43.323+0000] {processor.py:208} INFO - Processing /home/airflow/.local/lib/python3.12/site-packages/airflow/example_dags/example_xcom.py took 0.140 seconds
[2024-11-25T02:04:13.727+0000] {processor.py:186} INFO - Started process (PID=1218) to work on /home/airflow/.local/lib/python3.12/site-packages/airflow/example_dags/example_xcom.py
[2024-11-25T02:04:13.728+0000] {processor.py:914} INFO - Processing file /home/airflow/.local/lib/python3.12/site-packages/airflow/example_dags/example_xcom.py for tasks to queue
[2024-11-25T02:04:13.731+0000] {logging_mixin.py:190} INFO - [2024-11-25T02:04:13.731+0000] {dagbag.py:588} INFO - Filling up the DagBag from /home/airflow/.local/lib/python3.12/site-packages/airflow/example_dags/example_xcom.py
[2024-11-25T02:04:13.740+0000] {processor.py:925} INFO - DAG(s) 'example_xcom' retrieved from /home/airflow/.local/lib/python3.12/site-packages/airflow/example_dags/example_xcom.py
[2024-11-25T02:04:13.759+0000] {logging_mixin.py:190} INFO - [2024-11-25T02:04:13.758+0000] {dag.py:3239} INFO - Sync 1 DAGs
[2024-11-25T02:04:13.780+0000] {logging_mixin.py:190} INFO - [2024-11-25T02:04:13.779+0000] {dag.py:4180} INFO - Setting next_dagrun for example_xcom to 2021-01-01 00:00:00+00:00, run_after=2021-01-01 00:00:00+00:00
[2024-11-25T02:04:13.796+0000] {processor.py:208} INFO - Processing /home/airflow/.local/lib/python3.12/site-packages/airflow/example_dags/example_xcom.py took 0.075 seconds
[2024-11-25T02:04:44.304+0000] {processor.py:186} INFO - Started process (PID=1282) to work on /home/airflow/.local/lib/python3.12/site-packages/airflow/example_dags/example_xcom.py
[2024-11-25T02:04:44.305+0000] {processor.py:914} INFO - Processing file /home/airflow/.local/lib/python3.12/site-packages/airflow/example_dags/example_xcom.py for tasks to queue
[2024-11-25T02:04:44.309+0000] {logging_mixin.py:190} INFO - [2024-11-25T02:04:44.309+0000] {dagbag.py:588} INFO - Filling up the DagBag from /home/airflow/.local/lib/python3.12/site-packages/airflow/example_dags/example_xcom.py
[2024-11-25T02:04:44.323+0000] {processor.py:925} INFO - DAG(s) 'example_xcom' retrieved from /home/airflow/.local/lib/python3.12/site-packages/airflow/example_dags/example_xcom.py
[2024-11-25T02:04:44.353+0000] {logging_mixin.py:190} INFO - [2024-11-25T02:04:44.353+0000] {dag.py:3239} INFO - Sync 1 DAGs
[2024-11-25T02:04:44.401+0000] {logging_mixin.py:190} INFO - [2024-11-25T02:04:44.401+0000] {dag.py:4180} INFO - Setting next_dagrun for example_xcom to 2021-01-01 00:00:00+00:00, run_after=2021-01-01 00:00:00+00:00
[2024-11-25T02:04:44.431+0000] {processor.py:208} INFO - Processing /home/airflow/.local/lib/python3.12/site-packages/airflow/example_dags/example_xcom.py took 0.136 seconds
[2024-11-25T02:05:15.027+0000] {processor.py:186} INFO - Started process (PID=1346) to work on /home/airflow/.local/lib/python3.12/site-packages/airflow/example_dags/example_xcom.py
[2024-11-25T02:05:15.028+0000] {processor.py:914} INFO - Processing file /home/airflow/.local/lib/python3.12/site-packages/airflow/example_dags/example_xcom.py for tasks to queue
[2024-11-25T02:05:15.031+0000] {logging_mixin.py:190} INFO - [2024-11-25T02:05:15.031+0000] {dagbag.py:588} INFO - Filling up the DagBag from /home/airflow/.local/lib/python3.12/site-packages/airflow/example_dags/example_xcom.py
[2024-11-25T02:05:15.043+0000] {processor.py:925} INFO - DAG(s) 'example_xcom' retrieved from /home/airflow/.local/lib/python3.12/site-packages/airflow/example_dags/example_xcom.py
[2024-11-25T02:05:15.082+0000] {logging_mixin.py:190} INFO - [2024-11-25T02:05:15.081+0000] {dag.py:3239} INFO - Sync 1 DAGs
[2024-11-25T02:05:15.143+0000] {logging_mixin.py:190} INFO - [2024-11-25T02:05:15.143+0000] {dag.py:4180} INFO - Setting next_dagrun for example_xcom to 2021-01-01 00:00:00+00:00, run_after=2021-01-01 00:00:00+00:00
[2024-11-25T02:05:15.176+0000] {processor.py:208} INFO - Processing /home/airflow/.local/lib/python3.12/site-packages/airflow/example_dags/example_xcom.py took 0.155 seconds
[2024-11-25T02:05:46.091+0000] {processor.py:186} INFO - Started process (PID=1410) to work on /home/airflow/.local/lib/python3.12/site-packages/airflow/example_dags/example_xcom.py
[2024-11-25T02:05:46.092+0000] {processor.py:914} INFO - Processing file /home/airflow/.local/lib/python3.12/site-packages/airflow/example_dags/example_xcom.py for tasks to queue
[2024-11-25T02:05:46.094+0000] {logging_mixin.py:190} INFO - [2024-11-25T02:05:46.094+0000] {dagbag.py:588} INFO - Filling up the DagBag from /home/airflow/.local/lib/python3.12/site-packages/airflow/example_dags/example_xcom.py
[2024-11-25T02:05:46.102+0000] {processor.py:925} INFO - DAG(s) 'example_xcom' retrieved from /home/airflow/.local/lib/python3.12/site-packages/airflow/example_dags/example_xcom.py
[2024-11-25T02:05:46.122+0000] {logging_mixin.py:190} INFO - [2024-11-25T02:05:46.122+0000] {dag.py:3239} INFO - Sync 1 DAGs
[2024-11-25T02:05:46.143+0000] {logging_mixin.py:190} INFO - [2024-11-25T02:05:46.143+0000] {dag.py:4180} INFO - Setting next_dagrun for example_xcom to 2021-01-01 00:00:00+00:00, run_after=2021-01-01 00:00:00+00:00
[2024-11-25T02:05:46.162+0000] {processor.py:208} INFO - Processing /home/airflow/.local/lib/python3.12/site-packages/airflow/example_dags/example_xcom.py took 0.076 seconds
[2024-11-25T02:06:16.293+0000] {processor.py:186} INFO - Started process (PID=1474) to work on /home/airflow/.local/lib/python3.12/site-packages/airflow/example_dags/example_xcom.py
[2024-11-25T02:06:16.294+0000] {processor.py:914} INFO - Processing file /home/airflow/.local/lib/python3.12/site-packages/airflow/example_dags/example_xcom.py for tasks to queue
[2024-11-25T02:06:16.298+0000] {logging_mixin.py:190} INFO - [2024-11-25T02:06:16.297+0000] {dagbag.py:588} INFO - Filling up the DagBag from /home/airflow/.local/lib/python3.12/site-packages/airflow/example_dags/example_xcom.py
[2024-11-25T02:06:16.310+0000] {processor.py:925} INFO - DAG(s) 'example_xcom' retrieved from /home/airflow/.local/lib/python3.12/site-packages/airflow/example_dags/example_xcom.py
[2024-11-25T02:06:16.338+0000] {logging_mixin.py:190} INFO - [2024-11-25T02:06:16.338+0000] {dag.py:3239} INFO - Sync 1 DAGs
[2024-11-25T02:06:16.367+0000] {logging_mixin.py:190} INFO - [2024-11-25T02:06:16.367+0000] {dag.py:4180} INFO - Setting next_dagrun for example_xcom to 2021-01-01 00:00:00+00:00, run_after=2021-01-01 00:00:00+00:00
[2024-11-25T02:06:16.391+0000] {processor.py:208} INFO - Processing /home/airflow/.local/lib/python3.12/site-packages/airflow/example_dags/example_xcom.py took 0.105 seconds
[2024-11-25T02:06:50.357+0000] {processor.py:186} INFO - Started process (PID=1539) to work on /home/airflow/.local/lib/python3.12/site-packages/airflow/example_dags/example_xcom.py
[2024-11-25T02:06:50.358+0000] {processor.py:914} INFO - Processing file /home/airflow/.local/lib/python3.12/site-packages/airflow/example_dags/example_xcom.py for tasks to queue
[2024-11-25T02:06:50.360+0000] {logging_mixin.py:190} INFO - [2024-11-25T02:06:50.360+0000] {dagbag.py:588} INFO - Filling up the DagBag from /home/airflow/.local/lib/python3.12/site-packages/airflow/example_dags/example_xcom.py
[2024-11-25T02:06:50.371+0000] {processor.py:925} INFO - DAG(s) 'example_xcom' retrieved from /home/airflow/.local/lib/python3.12/site-packages/airflow/example_dags/example_xcom.py
[2024-11-25T02:06:50.396+0000] {logging_mixin.py:190} INFO - [2024-11-25T02:06:50.396+0000] {dag.py:3239} INFO - Sync 1 DAGs
[2024-11-25T02:06:50.424+0000] {logging_mixin.py:190} INFO - [2024-11-25T02:06:50.423+0000] {dag.py:4180} INFO - Setting next_dagrun for example_xcom to 2021-01-01 00:00:00+00:00, run_after=2021-01-01 00:00:00+00:00
[2024-11-25T02:06:50.446+0000] {processor.py:208} INFO - Processing /home/airflow/.local/lib/python3.12/site-packages/airflow/example_dags/example_xcom.py took 0.095 seconds
[2024-11-25T02:07:20.604+0000] {processor.py:186} INFO - Started process (PID=1603) to work on /home/airflow/.local/lib/python3.12/site-packages/airflow/example_dags/example_xcom.py
[2024-11-25T02:07:20.605+0000] {processor.py:914} INFO - Processing file /home/airflow/.local/lib/python3.12/site-packages/airflow/example_dags/example_xcom.py for tasks to queue
[2024-11-25T02:07:20.608+0000] {logging_mixin.py:190} INFO - [2024-11-25T02:07:20.607+0000] {dagbag.py:588} INFO - Filling up the DagBag from /home/airflow/.local/lib/python3.12/site-packages/airflow/example_dags/example_xcom.py
[2024-11-25T02:07:20.620+0000] {processor.py:925} INFO - DAG(s) 'example_xcom' retrieved from /home/airflow/.local/lib/python3.12/site-packages/airflow/example_dags/example_xcom.py
[2024-11-25T02:07:20.646+0000] {logging_mixin.py:190} INFO - [2024-11-25T02:07:20.646+0000] {dag.py:3239} INFO - Sync 1 DAGs
[2024-11-25T02:07:20.677+0000] {logging_mixin.py:190} INFO - [2024-11-25T02:07:20.677+0000] {dag.py:4180} INFO - Setting next_dagrun for example_xcom to 2021-01-01 00:00:00+00:00, run_after=2021-01-01 00:00:00+00:00
[2024-11-25T02:07:20.696+0000] {processor.py:208} INFO - Processing /home/airflow/.local/lib/python3.12/site-packages/airflow/example_dags/example_xcom.py took 0.099 seconds
[2024-11-25T02:07:50.969+0000] {processor.py:186} INFO - Started process (PID=1667) to work on /home/airflow/.local/lib/python3.12/site-packages/airflow/example_dags/example_xcom.py
[2024-11-25T02:07:50.970+0000] {processor.py:914} INFO - Processing file /home/airflow/.local/lib/python3.12/site-packages/airflow/example_dags/example_xcom.py for tasks to queue
[2024-11-25T02:07:50.972+0000] {logging_mixin.py:190} INFO - [2024-11-25T02:07:50.972+0000] {dagbag.py:588} INFO - Filling up the DagBag from /home/airflow/.local/lib/python3.12/site-packages/airflow/example_dags/example_xcom.py
[2024-11-25T02:07:50.982+0000] {processor.py:925} INFO - DAG(s) 'example_xcom' retrieved from /home/airflow/.local/lib/python3.12/site-packages/airflow/example_dags/example_xcom.py
[2024-11-25T02:07:51.003+0000] {logging_mixin.py:190} INFO - [2024-11-25T02:07:51.003+0000] {dag.py:3239} INFO - Sync 1 DAGs
[2024-11-25T02:07:51.030+0000] {logging_mixin.py:190} INFO - [2024-11-25T02:07:51.030+0000] {dag.py:4180} INFO - Setting next_dagrun for example_xcom to 2021-01-01 00:00:00+00:00, run_after=2021-01-01 00:00:00+00:00
[2024-11-25T02:07:51.056+0000] {processor.py:208} INFO - Processing /home/airflow/.local/lib/python3.12/site-packages/airflow/example_dags/example_xcom.py took 0.093 seconds
[2024-11-25T02:08:21.745+0000] {processor.py:186} INFO - Started process (PID=1731) to work on /home/airflow/.local/lib/python3.12/site-packages/airflow/example_dags/example_xcom.py
[2024-11-25T02:08:21.747+0000] {processor.py:914} INFO - Processing file /home/airflow/.local/lib/python3.12/site-packages/airflow/example_dags/example_xcom.py for tasks to queue
[2024-11-25T02:08:21.750+0000] {logging_mixin.py:190} INFO - [2024-11-25T02:08:21.750+0000] {dagbag.py:588} INFO - Filling up the DagBag from /home/airflow/.local/lib/python3.12/site-packages/airflow/example_dags/example_xcom.py
[2024-11-25T02:08:21.765+0000] {processor.py:925} INFO - DAG(s) 'example_xcom' retrieved from /home/airflow/.local/lib/python3.12/site-packages/airflow/example_dags/example_xcom.py
[2024-11-25T02:08:21.801+0000] {logging_mixin.py:190} INFO - [2024-11-25T02:08:21.800+0000] {dag.py:3239} INFO - Sync 1 DAGs
[2024-11-25T02:08:21.828+0000] {logging_mixin.py:190} INFO - [2024-11-25T02:08:21.828+0000] {dag.py:4180} INFO - Setting next_dagrun for example_xcom to 2021-01-01 00:00:00+00:00, run_after=2021-01-01 00:00:00+00:00
[2024-11-25T02:08:21.846+0000] {processor.py:208} INFO - Processing /home/airflow/.local/lib/python3.12/site-packages/airflow/example_dags/example_xcom.py took 0.112 seconds
[2024-11-25T02:08:52.555+0000] {processor.py:186} INFO - Started process (PID=1795) to work on /home/airflow/.local/lib/python3.12/site-packages/airflow/example_dags/example_xcom.py
[2024-11-25T02:08:52.557+0000] {processor.py:914} INFO - Processing file /home/airflow/.local/lib/python3.12/site-packages/airflow/example_dags/example_xcom.py for tasks to queue
[2024-11-25T02:08:52.562+0000] {logging_mixin.py:190} INFO - [2024-11-25T02:08:52.561+0000] {dagbag.py:588} INFO - Filling up the DagBag from /home/airflow/.local/lib/python3.12/site-packages/airflow/example_dags/example_xcom.py
[2024-11-25T02:08:52.577+0000] {processor.py:925} INFO - DAG(s) 'example_xcom' retrieved from /home/airflow/.local/lib/python3.12/site-packages/airflow/example_dags/example_xcom.py
[2024-11-25T02:08:52.601+0000] {logging_mixin.py:190} INFO - [2024-11-25T02:08:52.600+0000] {dag.py:3239} INFO - Sync 1 DAGs
[2024-11-25T02:08:52.627+0000] {logging_mixin.py:190} INFO - [2024-11-25T02:08:52.627+0000] {dag.py:4180} INFO - Setting next_dagrun for example_xcom to 2021-01-01 00:00:00+00:00, run_after=2021-01-01 00:00:00+00:00
[2024-11-25T02:08:52.651+0000] {processor.py:208} INFO - Processing /home/airflow/.local/lib/python3.12/site-packages/airflow/example_dags/example_xcom.py took 0.109 seconds
[2024-11-25T02:09:23.083+0000] {processor.py:186} INFO - Started process (PID=1859) to work on /home/airflow/.local/lib/python3.12/site-packages/airflow/example_dags/example_xcom.py
[2024-11-25T02:09:23.084+0000] {processor.py:914} INFO - Processing file /home/airflow/.local/lib/python3.12/site-packages/airflow/example_dags/example_xcom.py for tasks to queue
[2024-11-25T02:09:23.086+0000] {logging_mixin.py:190} INFO - [2024-11-25T02:09:23.086+0000] {dagbag.py:588} INFO - Filling up the DagBag from /home/airflow/.local/lib/python3.12/site-packages/airflow/example_dags/example_xcom.py
[2024-11-25T02:09:23.096+0000] {processor.py:925} INFO - DAG(s) 'example_xcom' retrieved from /home/airflow/.local/lib/python3.12/site-packages/airflow/example_dags/example_xcom.py
[2024-11-25T02:09:23.117+0000] {logging_mixin.py:190} INFO - [2024-11-25T02:09:23.117+0000] {dag.py:3239} INFO - Sync 1 DAGs
[2024-11-25T02:09:23.149+0000] {logging_mixin.py:190} INFO - [2024-11-25T02:09:23.149+0000] {dag.py:4180} INFO - Setting next_dagrun for example_xcom to 2021-01-01 00:00:00+00:00, run_after=2021-01-01 00:00:00+00:00
[2024-11-25T02:09:23.181+0000] {processor.py:208} INFO - Processing /home/airflow/.local/lib/python3.12/site-packages/airflow/example_dags/example_xcom.py took 0.106 seconds
[2024-11-25T02:09:53.447+0000] {processor.py:186} INFO - Started process (PID=1923) to work on /home/airflow/.local/lib/python3.12/site-packages/airflow/example_dags/example_xcom.py
[2024-11-25T02:09:53.454+0000] {processor.py:914} INFO - Processing file /home/airflow/.local/lib/python3.12/site-packages/airflow/example_dags/example_xcom.py for tasks to queue
[2024-11-25T02:09:53.457+0000] {logging_mixin.py:190} INFO - [2024-11-25T02:09:53.457+0000] {dagbag.py:588} INFO - Filling up the DagBag from /home/airflow/.local/lib/python3.12/site-packages/airflow/example_dags/example_xcom.py
[2024-11-25T02:09:53.474+0000] {processor.py:925} INFO - DAG(s) 'example_xcom' retrieved from /home/airflow/.local/lib/python3.12/site-packages/airflow/example_dags/example_xcom.py
[2024-11-25T02:09:53.503+0000] {logging_mixin.py:190} INFO - [2024-11-25T02:09:53.502+0000] {dag.py:3239} INFO - Sync 1 DAGs
[2024-11-25T02:09:53.529+0000] {logging_mixin.py:190} INFO - [2024-11-25T02:09:53.529+0000] {dag.py:4180} INFO - Setting next_dagrun for example_xcom to 2021-01-01 00:00:00+00:00, run_after=2021-01-01 00:00:00+00:00
[2024-11-25T02:09:53.549+0000] {processor.py:208} INFO - Processing /home/airflow/.local/lib/python3.12/site-packages/airflow/example_dags/example_xcom.py took 0.107 seconds
[2024-11-25T02:10:24.439+0000] {processor.py:186} INFO - Started process (PID=1987) to work on /home/airflow/.local/lib/python3.12/site-packages/airflow/example_dags/example_xcom.py
[2024-11-25T02:10:24.440+0000] {processor.py:914} INFO - Processing file /home/airflow/.local/lib/python3.12/site-packages/airflow/example_dags/example_xcom.py for tasks to queue
[2024-11-25T02:10:24.442+0000] {logging_mixin.py:190} INFO - [2024-11-25T02:10:24.442+0000] {dagbag.py:588} INFO - Filling up the DagBag from /home/airflow/.local/lib/python3.12/site-packages/airflow/example_dags/example_xcom.py
[2024-11-25T02:10:24.451+0000] {processor.py:925} INFO - DAG(s) 'example_xcom' retrieved from /home/airflow/.local/lib/python3.12/site-packages/airflow/example_dags/example_xcom.py
[2024-11-25T02:10:24.469+0000] {logging_mixin.py:190} INFO - [2024-11-25T02:10:24.469+0000] {dag.py:3239} INFO - Sync 1 DAGs
[2024-11-25T02:10:24.491+0000] {logging_mixin.py:190} INFO - [2024-11-25T02:10:24.491+0000] {dag.py:4180} INFO - Setting next_dagrun for example_xcom to 2021-01-01 00:00:00+00:00, run_after=2021-01-01 00:00:00+00:00
[2024-11-25T02:10:24.509+0000] {processor.py:208} INFO - Processing /home/airflow/.local/lib/python3.12/site-packages/airflow/example_dags/example_xcom.py took 0.075 seconds
[2024-11-25T02:10:54.877+0000] {processor.py:186} INFO - Started process (PID=2051) to work on /home/airflow/.local/lib/python3.12/site-packages/airflow/example_dags/example_xcom.py
[2024-11-25T02:10:54.878+0000] {processor.py:914} INFO - Processing file /home/airflow/.local/lib/python3.12/site-packages/airflow/example_dags/example_xcom.py for tasks to queue
[2024-11-25T02:10:54.880+0000] {logging_mixin.py:190} INFO - [2024-11-25T02:10:54.880+0000] {dagbag.py:588} INFO - Filling up the DagBag from /home/airflow/.local/lib/python3.12/site-packages/airflow/example_dags/example_xcom.py
[2024-11-25T02:10:54.889+0000] {processor.py:925} INFO - DAG(s) 'example_xcom' retrieved from /home/airflow/.local/lib/python3.12/site-packages/airflow/example_dags/example_xcom.py
[2024-11-25T02:10:54.907+0000] {logging_mixin.py:190} INFO - [2024-11-25T02:10:54.907+0000] {dag.py:3239} INFO - Sync 1 DAGs
[2024-11-25T02:10:54.928+0000] {logging_mixin.py:190} INFO - [2024-11-25T02:10:54.927+0000] {dag.py:4180} INFO - Setting next_dagrun for example_xcom to 2021-01-01 00:00:00+00:00, run_after=2021-01-01 00:00:00+00:00
[2024-11-25T02:10:54.947+0000] {processor.py:208} INFO - Processing /home/airflow/.local/lib/python3.12/site-packages/airflow/example_dags/example_xcom.py took 0.074 seconds
[2024-11-25T02:11:25.429+0000] {processor.py:186} INFO - Started process (PID=2116) to work on /home/airflow/.local/lib/python3.12/site-packages/airflow/example_dags/example_xcom.py
[2024-11-25T02:11:25.430+0000] {processor.py:914} INFO - Processing file /home/airflow/.local/lib/python3.12/site-packages/airflow/example_dags/example_xcom.py for tasks to queue
[2024-11-25T02:11:25.433+0000] {logging_mixin.py:190} INFO - [2024-11-25T02:11:25.432+0000] {dagbag.py:588} INFO - Filling up the DagBag from /home/airflow/.local/lib/python3.12/site-packages/airflow/example_dags/example_xcom.py
[2024-11-25T02:11:25.445+0000] {processor.py:925} INFO - DAG(s) 'example_xcom' retrieved from /home/airflow/.local/lib/python3.12/site-packages/airflow/example_dags/example_xcom.py
[2024-11-25T02:11:25.484+0000] {logging_mixin.py:190} INFO - [2024-11-25T02:11:25.483+0000] {dag.py:3239} INFO - Sync 1 DAGs
[2024-11-25T02:11:25.527+0000] {logging_mixin.py:190} INFO - [2024-11-25T02:11:25.526+0000] {dag.py:4180} INFO - Setting next_dagrun for example_xcom to 2021-01-01 00:00:00+00:00, run_after=2021-01-01 00:00:00+00:00
[2024-11-25T02:11:25.554+0000] {processor.py:208} INFO - Processing /home/airflow/.local/lib/python3.12/site-packages/airflow/example_dags/example_xcom.py took 0.131 seconds
[2024-11-25T02:11:56.199+0000] {processor.py:186} INFO - Started process (PID=2180) to work on /home/airflow/.local/lib/python3.12/site-packages/airflow/example_dags/example_xcom.py
[2024-11-25T02:11:56.200+0000] {processor.py:914} INFO - Processing file /home/airflow/.local/lib/python3.12/site-packages/airflow/example_dags/example_xcom.py for tasks to queue
[2024-11-25T02:11:56.203+0000] {logging_mixin.py:190} INFO - [2024-11-25T02:11:56.202+0000] {dagbag.py:588} INFO - Filling up the DagBag from /home/airflow/.local/lib/python3.12/site-packages/airflow/example_dags/example_xcom.py
[2024-11-25T02:11:56.214+0000] {processor.py:925} INFO - DAG(s) 'example_xcom' retrieved from /home/airflow/.local/lib/python3.12/site-packages/airflow/example_dags/example_xcom.py
[2024-11-25T02:11:56.238+0000] {logging_mixin.py:190} INFO - [2024-11-25T02:11:56.238+0000] {dag.py:3239} INFO - Sync 1 DAGs
[2024-11-25T02:11:56.264+0000] {logging_mixin.py:190} INFO - [2024-11-25T02:11:56.264+0000] {dag.py:4180} INFO - Setting next_dagrun for example_xcom to 2021-01-01 00:00:00+00:00, run_after=2021-01-01 00:00:00+00:00
[2024-11-25T02:11:56.283+0000] {processor.py:208} INFO - Processing /home/airflow/.local/lib/python3.12/site-packages/airflow/example_dags/example_xcom.py took 0.092 seconds
[2024-11-25T02:12:27.014+0000] {processor.py:186} INFO - Started process (PID=2244) to work on /home/airflow/.local/lib/python3.12/site-packages/airflow/example_dags/example_xcom.py
[2024-11-25T02:12:27.015+0000] {processor.py:914} INFO - Processing file /home/airflow/.local/lib/python3.12/site-packages/airflow/example_dags/example_xcom.py for tasks to queue
[2024-11-25T02:12:27.019+0000] {logging_mixin.py:190} INFO - [2024-11-25T02:12:27.019+0000] {dagbag.py:588} INFO - Filling up the DagBag from /home/airflow/.local/lib/python3.12/site-packages/airflow/example_dags/example_xcom.py
[2024-11-25T02:12:27.032+0000] {processor.py:925} INFO - DAG(s) 'example_xcom' retrieved from /home/airflow/.local/lib/python3.12/site-packages/airflow/example_dags/example_xcom.py
[2024-11-25T02:12:27.056+0000] {logging_mixin.py:190} INFO - [2024-11-25T02:12:27.056+0000] {dag.py:3239} INFO - Sync 1 DAGs
[2024-11-25T02:12:27.088+0000] {logging_mixin.py:190} INFO - [2024-11-25T02:12:27.088+0000] {dag.py:4180} INFO - Setting next_dagrun for example_xcom to 2021-01-01 00:00:00+00:00, run_after=2021-01-01 00:00:00+00:00
[2024-11-25T02:12:27.111+0000] {processor.py:208} INFO - Processing /home/airflow/.local/lib/python3.12/site-packages/airflow/example_dags/example_xcom.py took 0.106 seconds
[2024-11-25T02:12:57.259+0000] {processor.py:186} INFO - Started process (PID=2308) to work on /home/airflow/.local/lib/python3.12/site-packages/airflow/example_dags/example_xcom.py
[2024-11-25T02:12:57.260+0000] {processor.py:914} INFO - Processing file /home/airflow/.local/lib/python3.12/site-packages/airflow/example_dags/example_xcom.py for tasks to queue
[2024-11-25T02:12:57.263+0000] {logging_mixin.py:190} INFO - [2024-11-25T02:12:57.262+0000] {dagbag.py:588} INFO - Filling up the DagBag from /home/airflow/.local/lib/python3.12/site-packages/airflow/example_dags/example_xcom.py
[2024-11-25T02:12:57.274+0000] {processor.py:925} INFO - DAG(s) 'example_xcom' retrieved from /home/airflow/.local/lib/python3.12/site-packages/airflow/example_dags/example_xcom.py
[2024-11-25T02:12:57.294+0000] {logging_mixin.py:190} INFO - [2024-11-25T02:12:57.294+0000] {dag.py:3239} INFO - Sync 1 DAGs
[2024-11-25T02:12:57.317+0000] {logging_mixin.py:190} INFO - [2024-11-25T02:12:57.317+0000] {dag.py:4180} INFO - Setting next_dagrun for example_xcom to 2021-01-01 00:00:00+00:00, run_after=2021-01-01 00:00:00+00:00
[2024-11-25T02:12:57.334+0000] {processor.py:208} INFO - Processing /home/airflow/.local/lib/python3.12/site-packages/airflow/example_dags/example_xcom.py took 0.083 seconds
[2024-11-25T02:13:27.428+0000] {processor.py:186} INFO - Started process (PID=2372) to work on /home/airflow/.local/lib/python3.12/site-packages/airflow/example_dags/example_xcom.py
[2024-11-25T02:13:27.429+0000] {processor.py:914} INFO - Processing file /home/airflow/.local/lib/python3.12/site-packages/airflow/example_dags/example_xcom.py for tasks to queue
[2024-11-25T02:13:27.433+0000] {logging_mixin.py:190} INFO - [2024-11-25T02:13:27.432+0000] {dagbag.py:588} INFO - Filling up the DagBag from /home/airflow/.local/lib/python3.12/site-packages/airflow/example_dags/example_xcom.py
[2024-11-25T02:13:27.452+0000] {processor.py:925} INFO - DAG(s) 'example_xcom' retrieved from /home/airflow/.local/lib/python3.12/site-packages/airflow/example_dags/example_xcom.py
[2024-11-25T02:13:27.495+0000] {logging_mixin.py:190} INFO - [2024-11-25T02:13:27.494+0000] {dag.py:3239} INFO - Sync 1 DAGs
[2024-11-25T02:13:27.548+0000] {logging_mixin.py:190} INFO - [2024-11-25T02:13:27.548+0000] {dag.py:4180} INFO - Setting next_dagrun for example_xcom to 2021-01-01 00:00:00+00:00, run_after=2021-01-01 00:00:00+00:00
[2024-11-25T02:13:27.822+0000] {processor.py:208} INFO - Processing /home/airflow/.local/lib/python3.12/site-packages/airflow/example_dags/example_xcom.py took 0.406 seconds
[2024-11-25T02:13:58.167+0000] {processor.py:186} INFO - Started process (PID=2437) to work on /home/airflow/.local/lib/python3.12/site-packages/airflow/example_dags/example_xcom.py
[2024-11-25T02:13:58.169+0000] {processor.py:914} INFO - Processing file /home/airflow/.local/lib/python3.12/site-packages/airflow/example_dags/example_xcom.py for tasks to queue
[2024-11-25T02:13:58.172+0000] {logging_mixin.py:190} INFO - [2024-11-25T02:13:58.171+0000] {dagbag.py:588} INFO - Filling up the DagBag from /home/airflow/.local/lib/python3.12/site-packages/airflow/example_dags/example_xcom.py
[2024-11-25T02:13:58.194+0000] {processor.py:925} INFO - DAG(s) 'example_xcom' retrieved from /home/airflow/.local/lib/python3.12/site-packages/airflow/example_dags/example_xcom.py
[2024-11-25T02:13:58.217+0000] {logging_mixin.py:190} INFO - [2024-11-25T02:13:58.216+0000] {dag.py:3239} INFO - Sync 1 DAGs
[2024-11-25T02:13:58.244+0000] {logging_mixin.py:190} INFO - [2024-11-25T02:13:58.243+0000] {dag.py:4180} INFO - Setting next_dagrun for example_xcom to 2021-01-01 00:00:00+00:00, run_after=2021-01-01 00:00:00+00:00
[2024-11-25T02:13:58.265+0000] {processor.py:208} INFO - Processing /home/airflow/.local/lib/python3.12/site-packages/airflow/example_dags/example_xcom.py took 0.106 seconds
[2024-11-25T02:14:28.508+0000] {processor.py:186} INFO - Started process (PID=2501) to work on /home/airflow/.local/lib/python3.12/site-packages/airflow/example_dags/example_xcom.py
[2024-11-25T02:14:28.509+0000] {processor.py:914} INFO - Processing file /home/airflow/.local/lib/python3.12/site-packages/airflow/example_dags/example_xcom.py for tasks to queue
[2024-11-25T02:14:28.512+0000] {logging_mixin.py:190} INFO - [2024-11-25T02:14:28.511+0000] {dagbag.py:588} INFO - Filling up the DagBag from /home/airflow/.local/lib/python3.12/site-packages/airflow/example_dags/example_xcom.py
[2024-11-25T02:14:28.528+0000] {processor.py:925} INFO - DAG(s) 'example_xcom' retrieved from /home/airflow/.local/lib/python3.12/site-packages/airflow/example_dags/example_xcom.py
[2024-11-25T02:14:28.570+0000] {logging_mixin.py:190} INFO - [2024-11-25T02:14:28.569+0000] {dag.py:3239} INFO - Sync 1 DAGs
[2024-11-25T02:14:28.602+0000] {logging_mixin.py:190} INFO - [2024-11-25T02:14:28.602+0000] {dag.py:4180} INFO - Setting next_dagrun for example_xcom to 2021-01-01 00:00:00+00:00, run_after=2021-01-01 00:00:00+00:00
[2024-11-25T02:14:28.623+0000] {processor.py:208} INFO - Processing /home/airflow/.local/lib/python3.12/site-packages/airflow/example_dags/example_xcom.py took 0.123 seconds
[2024-11-25T02:14:59.090+0000] {processor.py:186} INFO - Started process (PID=2565) to work on /home/airflow/.local/lib/python3.12/site-packages/airflow/example_dags/example_xcom.py
[2024-11-25T02:14:59.091+0000] {processor.py:914} INFO - Processing file /home/airflow/.local/lib/python3.12/site-packages/airflow/example_dags/example_xcom.py for tasks to queue
[2024-11-25T02:14:59.095+0000] {logging_mixin.py:190} INFO - [2024-11-25T02:14:59.094+0000] {dagbag.py:588} INFO - Filling up the DagBag from /home/airflow/.local/lib/python3.12/site-packages/airflow/example_dags/example_xcom.py
[2024-11-25T02:14:59.110+0000] {processor.py:925} INFO - DAG(s) 'example_xcom' retrieved from /home/airflow/.local/lib/python3.12/site-packages/airflow/example_dags/example_xcom.py
[2024-11-25T02:14:59.136+0000] {logging_mixin.py:190} INFO - [2024-11-25T02:14:59.135+0000] {dag.py:3239} INFO - Sync 1 DAGs
[2024-11-25T02:14:59.170+0000] {logging_mixin.py:190} INFO - [2024-11-25T02:14:59.170+0000] {dag.py:4180} INFO - Setting next_dagrun for example_xcom to 2021-01-01 00:00:00+00:00, run_after=2021-01-01 00:00:00+00:00
[2024-11-25T02:14:59.228+0000] {processor.py:208} INFO - Processing /home/airflow/.local/lib/python3.12/site-packages/airflow/example_dags/example_xcom.py took 0.146 seconds
[2024-11-25T02:15:29.362+0000] {processor.py:186} INFO - Started process (PID=2629) to work on /home/airflow/.local/lib/python3.12/site-packages/airflow/example_dags/example_xcom.py
[2024-11-25T02:15:29.363+0000] {processor.py:914} INFO - Processing file /home/airflow/.local/lib/python3.12/site-packages/airflow/example_dags/example_xcom.py for tasks to queue
[2024-11-25T02:15:29.365+0000] {logging_mixin.py:190} INFO - [2024-11-25T02:15:29.365+0000] {dagbag.py:588} INFO - Filling up the DagBag from /home/airflow/.local/lib/python3.12/site-packages/airflow/example_dags/example_xcom.py
[2024-11-25T02:15:29.376+0000] {processor.py:925} INFO - DAG(s) 'example_xcom' retrieved from /home/airflow/.local/lib/python3.12/site-packages/airflow/example_dags/example_xcom.py
[2024-11-25T02:15:29.398+0000] {logging_mixin.py:190} INFO - [2024-11-25T02:15:29.397+0000] {dag.py:3239} INFO - Sync 1 DAGs
[2024-11-25T02:15:29.422+0000] {logging_mixin.py:190} INFO - [2024-11-25T02:15:29.422+0000] {dag.py:4180} INFO - Setting next_dagrun for example_xcom to 2021-01-01 00:00:00+00:00, run_after=2021-01-01 00:00:00+00:00
[2024-11-25T02:15:29.452+0000] {processor.py:208} INFO - Processing /home/airflow/.local/lib/python3.12/site-packages/airflow/example_dags/example_xcom.py took 0.096 seconds
[2024-11-25T02:15:59.495+0000] {processor.py:186} INFO - Started process (PID=2693) to work on /home/airflow/.local/lib/python3.12/site-packages/airflow/example_dags/example_xcom.py
[2024-11-25T02:15:59.495+0000] {processor.py:914} INFO - Processing file /home/airflow/.local/lib/python3.12/site-packages/airflow/example_dags/example_xcom.py for tasks to queue
[2024-11-25T02:15:59.498+0000] {logging_mixin.py:190} INFO - [2024-11-25T02:15:59.497+0000] {dagbag.py:588} INFO - Filling up the DagBag from /home/airflow/.local/lib/python3.12/site-packages/airflow/example_dags/example_xcom.py
[2024-11-25T02:15:59.506+0000] {processor.py:925} INFO - DAG(s) 'example_xcom' retrieved from /home/airflow/.local/lib/python3.12/site-packages/airflow/example_dags/example_xcom.py
[2024-11-25T02:15:59.529+0000] {logging_mixin.py:190} INFO - [2024-11-25T02:15:59.529+0000] {dag.py:3239} INFO - Sync 1 DAGs
[2024-11-25T02:15:59.706+0000] {logging_mixin.py:190} INFO - [2024-11-25T02:15:59.706+0000] {dag.py:4180} INFO - Setting next_dagrun for example_xcom to 2021-01-01 00:00:00+00:00, run_after=2021-01-01 00:00:00+00:00
[2024-11-25T02:15:59.721+0000] {processor.py:208} INFO - Processing /home/airflow/.local/lib/python3.12/site-packages/airflow/example_dags/example_xcom.py took 0.232 seconds
[2024-11-25T02:16:29.858+0000] {processor.py:186} INFO - Started process (PID=2757) to work on /home/airflow/.local/lib/python3.12/site-packages/airflow/example_dags/example_xcom.py
[2024-11-25T02:16:29.859+0000] {processor.py:914} INFO - Processing file /home/airflow/.local/lib/python3.12/site-packages/airflow/example_dags/example_xcom.py for tasks to queue
[2024-11-25T02:16:29.863+0000] {logging_mixin.py:190} INFO - [2024-11-25T02:16:29.862+0000] {dagbag.py:588} INFO - Filling up the DagBag from /home/airflow/.local/lib/python3.12/site-packages/airflow/example_dags/example_xcom.py
[2024-11-25T02:16:29.880+0000] {processor.py:925} INFO - DAG(s) 'example_xcom' retrieved from /home/airflow/.local/lib/python3.12/site-packages/airflow/example_dags/example_xcom.py
[2024-11-25T02:16:29.903+0000] {logging_mixin.py:190} INFO - [2024-11-25T02:16:29.903+0000] {dag.py:3239} INFO - Sync 1 DAGs
[2024-11-25T02:16:29.929+0000] {logging_mixin.py:190} INFO - [2024-11-25T02:16:29.929+0000] {dag.py:4180} INFO - Setting next_dagrun for example_xcom to 2021-01-01 00:00:00+00:00, run_after=2021-01-01 00:00:00+00:00
[2024-11-25T02:16:29.947+0000] {processor.py:208} INFO - Processing /home/airflow/.local/lib/python3.12/site-packages/airflow/example_dags/example_xcom.py took 0.096 seconds
