[2024-11-25T01:55:23.790+0000] {processor.py:186} INFO - Started process (PID=105) to work on /home/airflow/.local/lib/python3.12/site-packages/airflow/example_dags/example_display_name.py
[2024-11-25T01:55:23.792+0000] {processor.py:914} INFO - Processing file /home/airflow/.local/lib/python3.12/site-packages/airflow/example_dags/example_display_name.py for tasks to queue
[2024-11-25T01:55:23.801+0000] {logging_mixin.py:190} INFO - [2024-11-25T01:55:23.800+0000] {dagbag.py:588} INFO - Filling up the DagBag from /home/airflow/.local/lib/python3.12/site-packages/airflow/example_dags/example_display_name.py
[2024-11-25T01:55:23.828+0000] {processor.py:925} INFO - DAG(s) 'example_display_name' retrieved from /home/airflow/.local/lib/python3.12/site-packages/airflow/example_dags/example_display_name.py
[2024-11-25T01:55:23.883+0000] {logging_mixin.py:190} INFO - [2024-11-25T01:55:23.882+0000] {dag.py:3239} INFO - Sync 1 DAGs
[2024-11-25T01:55:23.914+0000] {logging_mixin.py:190} INFO - [2024-11-25T01:55:23.914+0000] {dag.py:4180} INFO - Setting next_dagrun for example_display_name to None, run_after=None
[2024-11-25T01:55:23.945+0000] {processor.py:208} INFO - Processing /home/airflow/.local/lib/python3.12/site-packages/airflow/example_dags/example_display_name.py took 0.166 seconds
[2024-11-25T01:55:54.804+0000] {processor.py:186} INFO - Started process (PID=171) to work on /home/airflow/.local/lib/python3.12/site-packages/airflow/example_dags/example_display_name.py
[2024-11-25T01:55:54.805+0000] {processor.py:914} INFO - Processing file /home/airflow/.local/lib/python3.12/site-packages/airflow/example_dags/example_display_name.py for tasks to queue
[2024-11-25T01:55:54.807+0000] {logging_mixin.py:190} INFO - [2024-11-25T01:55:54.807+0000] {dagbag.py:588} INFO - Filling up the DagBag from /home/airflow/.local/lib/python3.12/site-packages/airflow/example_dags/example_display_name.py
[2024-11-25T01:55:54.815+0000] {processor.py:925} INFO - DAG(s) 'example_display_name' retrieved from /home/airflow/.local/lib/python3.12/site-packages/airflow/example_dags/example_display_name.py
[2024-11-25T01:55:54.834+0000] {logging_mixin.py:190} INFO - [2024-11-25T01:55:54.834+0000] {dag.py:3239} INFO - Sync 1 DAGs
[2024-11-25T01:55:54.849+0000] {logging_mixin.py:190} INFO - [2024-11-25T01:55:54.849+0000] {dag.py:4180} INFO - Setting next_dagrun for example_display_name to None, run_after=None
[2024-11-25T01:55:54.867+0000] {processor.py:208} INFO - Processing /home/airflow/.local/lib/python3.12/site-packages/airflow/example_dags/example_display_name.py took 0.069 seconds
[2024-11-25T01:56:25.374+0000] {processor.py:186} INFO - Started process (PID=235) to work on /home/airflow/.local/lib/python3.12/site-packages/airflow/example_dags/example_display_name.py
[2024-11-25T01:56:25.375+0000] {processor.py:914} INFO - Processing file /home/airflow/.local/lib/python3.12/site-packages/airflow/example_dags/example_display_name.py for tasks to queue
[2024-11-25T01:56:25.380+0000] {logging_mixin.py:190} INFO - [2024-11-25T01:56:25.380+0000] {dagbag.py:588} INFO - Filling up the DagBag from /home/airflow/.local/lib/python3.12/site-packages/airflow/example_dags/example_display_name.py
[2024-11-25T01:56:25.393+0000] {processor.py:925} INFO - DAG(s) 'example_display_name' retrieved from /home/airflow/.local/lib/python3.12/site-packages/airflow/example_dags/example_display_name.py
[2024-11-25T01:56:25.428+0000] {logging_mixin.py:190} INFO - [2024-11-25T01:56:25.428+0000] {dag.py:3239} INFO - Sync 1 DAGs
[2024-11-25T01:56:25.461+0000] {logging_mixin.py:190} INFO - [2024-11-25T01:56:25.460+0000] {dag.py:4180} INFO - Setting next_dagrun for example_display_name to None, run_after=None
[2024-11-25T01:56:25.506+0000] {processor.py:208} INFO - Processing /home/airflow/.local/lib/python3.12/site-packages/airflow/example_dags/example_display_name.py took 0.139 seconds
[2024-11-25T01:57:01.519+0000] {processor.py:186} INFO - Started process (PID=305) to work on /home/airflow/.local/lib/python3.12/site-packages/airflow/example_dags/example_display_name.py
[2024-11-25T01:57:01.532+0000] {processor.py:914} INFO - Processing file /home/airflow/.local/lib/python3.12/site-packages/airflow/example_dags/example_display_name.py for tasks to queue
[2024-11-25T01:57:01.547+0000] {logging_mixin.py:190} INFO - [2024-11-25T01:57:01.547+0000] {dagbag.py:588} INFO - Filling up the DagBag from /home/airflow/.local/lib/python3.12/site-packages/airflow/example_dags/example_display_name.py
[2024-11-25T01:57:01.574+0000] {processor.py:925} INFO - DAG(s) 'example_display_name' retrieved from /home/airflow/.local/lib/python3.12/site-packages/airflow/example_dags/example_display_name.py
[2024-11-25T01:57:01.635+0000] {logging_mixin.py:190} INFO - [2024-11-25T01:57:01.635+0000] {dag.py:3239} INFO - Sync 1 DAGs
[2024-11-25T01:57:01.689+0000] {logging_mixin.py:190} INFO - [2024-11-25T01:57:01.689+0000] {dag.py:4180} INFO - Setting next_dagrun for example_display_name to None, run_after=None
[2024-11-25T01:57:01.727+0000] {processor.py:208} INFO - Processing /home/airflow/.local/lib/python3.12/site-packages/airflow/example_dags/example_display_name.py took 0.225 seconds
[2024-11-25T01:57:32.481+0000] {processor.py:186} INFO - Started process (PID=369) to work on /home/airflow/.local/lib/python3.12/site-packages/airflow/example_dags/example_display_name.py
[2024-11-25T01:57:32.482+0000] {processor.py:914} INFO - Processing file /home/airflow/.local/lib/python3.12/site-packages/airflow/example_dags/example_display_name.py for tasks to queue
[2024-11-25T01:57:32.485+0000] {logging_mixin.py:190} INFO - [2024-11-25T01:57:32.485+0000] {dagbag.py:588} INFO - Filling up the DagBag from /home/airflow/.local/lib/python3.12/site-packages/airflow/example_dags/example_display_name.py
[2024-11-25T01:57:32.494+0000] {processor.py:925} INFO - DAG(s) 'example_display_name' retrieved from /home/airflow/.local/lib/python3.12/site-packages/airflow/example_dags/example_display_name.py
[2024-11-25T01:57:32.517+0000] {logging_mixin.py:190} INFO - [2024-11-25T01:57:32.517+0000] {dag.py:3239} INFO - Sync 1 DAGs
[2024-11-25T01:57:32.534+0000] {logging_mixin.py:190} INFO - [2024-11-25T01:57:32.534+0000] {dag.py:4180} INFO - Setting next_dagrun for example_display_name to None, run_after=None
[2024-11-25T01:57:32.558+0000] {processor.py:208} INFO - Processing /home/airflow/.local/lib/python3.12/site-packages/airflow/example_dags/example_display_name.py took 0.084 seconds
[2024-11-25T01:58:03.064+0000] {processor.py:186} INFO - Started process (PID=433) to work on /home/airflow/.local/lib/python3.12/site-packages/airflow/example_dags/example_display_name.py
[2024-11-25T01:58:03.065+0000] {processor.py:914} INFO - Processing file /home/airflow/.local/lib/python3.12/site-packages/airflow/example_dags/example_display_name.py for tasks to queue
[2024-11-25T01:58:03.067+0000] {logging_mixin.py:190} INFO - [2024-11-25T01:58:03.067+0000] {dagbag.py:588} INFO - Filling up the DagBag from /home/airflow/.local/lib/python3.12/site-packages/airflow/example_dags/example_display_name.py
[2024-11-25T01:58:03.074+0000] {processor.py:925} INFO - DAG(s) 'example_display_name' retrieved from /home/airflow/.local/lib/python3.12/site-packages/airflow/example_dags/example_display_name.py
[2024-11-25T01:58:03.092+0000] {logging_mixin.py:190} INFO - [2024-11-25T01:58:03.091+0000] {dag.py:3239} INFO - Sync 1 DAGs
[2024-11-25T01:58:03.109+0000] {logging_mixin.py:190} INFO - [2024-11-25T01:58:03.109+0000] {dag.py:4180} INFO - Setting next_dagrun for example_display_name to None, run_after=None
[2024-11-25T01:58:03.132+0000] {processor.py:208} INFO - Processing /home/airflow/.local/lib/python3.12/site-packages/airflow/example_dags/example_display_name.py took 0.074 seconds
[2024-11-25T01:58:33.290+0000] {processor.py:186} INFO - Started process (PID=497) to work on /home/airflow/.local/lib/python3.12/site-packages/airflow/example_dags/example_display_name.py
[2024-11-25T01:58:33.291+0000] {processor.py:914} INFO - Processing file /home/airflow/.local/lib/python3.12/site-packages/airflow/example_dags/example_display_name.py for tasks to queue
[2024-11-25T01:58:33.294+0000] {logging_mixin.py:190} INFO - [2024-11-25T01:58:33.294+0000] {dagbag.py:588} INFO - Filling up the DagBag from /home/airflow/.local/lib/python3.12/site-packages/airflow/example_dags/example_display_name.py
[2024-11-25T01:58:33.304+0000] {processor.py:925} INFO - DAG(s) 'example_display_name' retrieved from /home/airflow/.local/lib/python3.12/site-packages/airflow/example_dags/example_display_name.py
[2024-11-25T01:58:33.320+0000] {logging_mixin.py:190} INFO - [2024-11-25T01:58:33.320+0000] {dag.py:3239} INFO - Sync 1 DAGs
[2024-11-25T01:58:33.333+0000] {logging_mixin.py:190} INFO - [2024-11-25T01:58:33.333+0000] {dag.py:4180} INFO - Setting next_dagrun for example_display_name to None, run_after=None
[2024-11-25T01:58:33.350+0000] {processor.py:208} INFO - Processing /home/airflow/.local/lib/python3.12/site-packages/airflow/example_dags/example_display_name.py took 0.065 seconds
[2024-11-25T01:59:03.895+0000] {processor.py:186} INFO - Started process (PID=561) to work on /home/airflow/.local/lib/python3.12/site-packages/airflow/example_dags/example_display_name.py
[2024-11-25T01:59:03.897+0000] {processor.py:914} INFO - Processing file /home/airflow/.local/lib/python3.12/site-packages/airflow/example_dags/example_display_name.py for tasks to queue
[2024-11-25T01:59:03.902+0000] {logging_mixin.py:190} INFO - [2024-11-25T01:59:03.901+0000] {dagbag.py:588} INFO - Filling up the DagBag from /home/airflow/.local/lib/python3.12/site-packages/airflow/example_dags/example_display_name.py
[2024-11-25T01:59:03.913+0000] {processor.py:925} INFO - DAG(s) 'example_display_name' retrieved from /home/airflow/.local/lib/python3.12/site-packages/airflow/example_dags/example_display_name.py
[2024-11-25T01:59:03.932+0000] {logging_mixin.py:190} INFO - [2024-11-25T01:59:03.932+0000] {dag.py:3239} INFO - Sync 1 DAGs
[2024-11-25T01:59:03.948+0000] {logging_mixin.py:190} INFO - [2024-11-25T01:59:03.948+0000] {dag.py:4180} INFO - Setting next_dagrun for example_display_name to None, run_after=None
[2024-11-25T01:59:03.973+0000] {processor.py:208} INFO - Processing /home/airflow/.local/lib/python3.12/site-packages/airflow/example_dags/example_display_name.py took 0.088 seconds
[2024-11-25T01:59:34.915+0000] {processor.py:186} INFO - Started process (PID=625) to work on /home/airflow/.local/lib/python3.12/site-packages/airflow/example_dags/example_display_name.py
[2024-11-25T01:59:34.917+0000] {processor.py:914} INFO - Processing file /home/airflow/.local/lib/python3.12/site-packages/airflow/example_dags/example_display_name.py for tasks to queue
[2024-11-25T01:59:34.919+0000] {logging_mixin.py:190} INFO - [2024-11-25T01:59:34.919+0000] {dagbag.py:588} INFO - Filling up the DagBag from /home/airflow/.local/lib/python3.12/site-packages/airflow/example_dags/example_display_name.py
[2024-11-25T01:59:34.928+0000] {processor.py:925} INFO - DAG(s) 'example_display_name' retrieved from /home/airflow/.local/lib/python3.12/site-packages/airflow/example_dags/example_display_name.py
[2024-11-25T01:59:34.949+0000] {logging_mixin.py:190} INFO - [2024-11-25T01:59:34.949+0000] {dag.py:3239} INFO - Sync 1 DAGs
[2024-11-25T01:59:34.965+0000] {logging_mixin.py:190} INFO - [2024-11-25T01:59:34.965+0000] {dag.py:4180} INFO - Setting next_dagrun for example_display_name to None, run_after=None
[2024-11-25T01:59:34.988+0000] {processor.py:208} INFO - Processing /home/airflow/.local/lib/python3.12/site-packages/airflow/example_dags/example_display_name.py took 0.079 seconds
[2024-11-25T02:00:05.150+0000] {processor.py:186} INFO - Started process (PID=688) to work on /home/airflow/.local/lib/python3.12/site-packages/airflow/example_dags/example_display_name.py
[2024-11-25T02:00:05.152+0000] {processor.py:914} INFO - Processing file /home/airflow/.local/lib/python3.12/site-packages/airflow/example_dags/example_display_name.py for tasks to queue
[2024-11-25T02:00:05.155+0000] {logging_mixin.py:190} INFO - [2024-11-25T02:00:05.154+0000] {dagbag.py:588} INFO - Filling up the DagBag from /home/airflow/.local/lib/python3.12/site-packages/airflow/example_dags/example_display_name.py
[2024-11-25T02:00:05.162+0000] {processor.py:925} INFO - DAG(s) 'example_display_name' retrieved from /home/airflow/.local/lib/python3.12/site-packages/airflow/example_dags/example_display_name.py
[2024-11-25T02:00:05.180+0000] {logging_mixin.py:190} INFO - [2024-11-25T02:00:05.180+0000] {dag.py:3239} INFO - Sync 1 DAGs
[2024-11-25T02:00:05.193+0000] {logging_mixin.py:190} INFO - [2024-11-25T02:00:05.192+0000] {dag.py:4180} INFO - Setting next_dagrun for example_display_name to None, run_after=None
[2024-11-25T02:00:05.209+0000] {processor.py:208} INFO - Processing /home/airflow/.local/lib/python3.12/site-packages/airflow/example_dags/example_display_name.py took 0.065 seconds
[2024-11-25T02:00:35.656+0000] {processor.py:186} INFO - Started process (PID=756) to work on /home/airflow/.local/lib/python3.12/site-packages/airflow/example_dags/example_display_name.py
[2024-11-25T02:00:35.657+0000] {processor.py:914} INFO - Processing file /home/airflow/.local/lib/python3.12/site-packages/airflow/example_dags/example_display_name.py for tasks to queue
[2024-11-25T02:00:35.659+0000] {logging_mixin.py:190} INFO - [2024-11-25T02:00:35.658+0000] {dagbag.py:588} INFO - Filling up the DagBag from /home/airflow/.local/lib/python3.12/site-packages/airflow/example_dags/example_display_name.py
[2024-11-25T02:00:35.666+0000] {processor.py:925} INFO - DAG(s) 'example_display_name' retrieved from /home/airflow/.local/lib/python3.12/site-packages/airflow/example_dags/example_display_name.py
[2024-11-25T02:00:35.682+0000] {logging_mixin.py:190} INFO - [2024-11-25T02:00:35.682+0000] {dag.py:3239} INFO - Sync 1 DAGs
[2024-11-25T02:00:35.696+0000] {logging_mixin.py:190} INFO - [2024-11-25T02:00:35.696+0000] {dag.py:4180} INFO - Setting next_dagrun for example_display_name to None, run_after=None
[2024-11-25T02:00:35.713+0000] {processor.py:208} INFO - Processing /home/airflow/.local/lib/python3.12/site-packages/airflow/example_dags/example_display_name.py took 0.063 seconds
[2024-11-25T02:01:06.272+0000] {processor.py:186} INFO - Started process (PID=820) to work on /home/airflow/.local/lib/python3.12/site-packages/airflow/example_dags/example_display_name.py
[2024-11-25T02:01:06.273+0000] {processor.py:914} INFO - Processing file /home/airflow/.local/lib/python3.12/site-packages/airflow/example_dags/example_display_name.py for tasks to queue
[2024-11-25T02:01:06.275+0000] {logging_mixin.py:190} INFO - [2024-11-25T02:01:06.275+0000] {dagbag.py:588} INFO - Filling up the DagBag from /home/airflow/.local/lib/python3.12/site-packages/airflow/example_dags/example_display_name.py
[2024-11-25T02:01:06.282+0000] {processor.py:925} INFO - DAG(s) 'example_display_name' retrieved from /home/airflow/.local/lib/python3.12/site-packages/airflow/example_dags/example_display_name.py
[2024-11-25T02:01:06.300+0000] {logging_mixin.py:190} INFO - [2024-11-25T02:01:06.300+0000] {dag.py:3239} INFO - Sync 1 DAGs
[2024-11-25T02:01:06.315+0000] {logging_mixin.py:190} INFO - [2024-11-25T02:01:06.315+0000] {dag.py:4180} INFO - Setting next_dagrun for example_display_name to None, run_after=None
[2024-11-25T02:01:06.334+0000] {processor.py:208} INFO - Processing /home/airflow/.local/lib/python3.12/site-packages/airflow/example_dags/example_display_name.py took 0.068 seconds
[2024-11-25T02:01:36.675+0000] {processor.py:186} INFO - Started process (PID=884) to work on /home/airflow/.local/lib/python3.12/site-packages/airflow/example_dags/example_display_name.py
[2024-11-25T02:01:36.676+0000] {processor.py:914} INFO - Processing file /home/airflow/.local/lib/python3.12/site-packages/airflow/example_dags/example_display_name.py for tasks to queue
[2024-11-25T02:01:36.678+0000] {logging_mixin.py:190} INFO - [2024-11-25T02:01:36.678+0000] {dagbag.py:588} INFO - Filling up the DagBag from /home/airflow/.local/lib/python3.12/site-packages/airflow/example_dags/example_display_name.py
[2024-11-25T02:01:36.686+0000] {processor.py:925} INFO - DAG(s) 'example_display_name' retrieved from /home/airflow/.local/lib/python3.12/site-packages/airflow/example_dags/example_display_name.py
[2024-11-25T02:01:36.705+0000] {logging_mixin.py:190} INFO - [2024-11-25T02:01:36.705+0000] {dag.py:3239} INFO - Sync 1 DAGs
[2024-11-25T02:01:36.720+0000] {logging_mixin.py:190} INFO - [2024-11-25T02:01:36.720+0000] {dag.py:4180} INFO - Setting next_dagrun for example_display_name to None, run_after=None
[2024-11-25T02:01:36.738+0000] {processor.py:208} INFO - Processing /home/airflow/.local/lib/python3.12/site-packages/airflow/example_dags/example_display_name.py took 0.068 seconds
[2024-11-25T02:02:07.149+0000] {processor.py:186} INFO - Started process (PID=948) to work on /home/airflow/.local/lib/python3.12/site-packages/airflow/example_dags/example_display_name.py
[2024-11-25T02:02:07.150+0000] {processor.py:914} INFO - Processing file /home/airflow/.local/lib/python3.12/site-packages/airflow/example_dags/example_display_name.py for tasks to queue
[2024-11-25T02:02:07.152+0000] {logging_mixin.py:190} INFO - [2024-11-25T02:02:07.152+0000] {dagbag.py:588} INFO - Filling up the DagBag from /home/airflow/.local/lib/python3.12/site-packages/airflow/example_dags/example_display_name.py
[2024-11-25T02:02:07.163+0000] {processor.py:925} INFO - DAG(s) 'example_display_name' retrieved from /home/airflow/.local/lib/python3.12/site-packages/airflow/example_dags/example_display_name.py
[2024-11-25T02:02:07.186+0000] {logging_mixin.py:190} INFO - [2024-11-25T02:02:07.186+0000] {dag.py:3239} INFO - Sync 1 DAGs
[2024-11-25T02:02:07.209+0000] {logging_mixin.py:190} INFO - [2024-11-25T02:02:07.209+0000] {dag.py:4180} INFO - Setting next_dagrun for example_display_name to None, run_after=None
[2024-11-25T02:02:07.233+0000] {processor.py:208} INFO - Processing /home/airflow/.local/lib/python3.12/site-packages/airflow/example_dags/example_display_name.py took 0.092 seconds
[2024-11-25T02:02:37.387+0000] {processor.py:186} INFO - Started process (PID=1012) to work on /home/airflow/.local/lib/python3.12/site-packages/airflow/example_dags/example_display_name.py
[2024-11-25T02:02:37.388+0000] {processor.py:914} INFO - Processing file /home/airflow/.local/lib/python3.12/site-packages/airflow/example_dags/example_display_name.py for tasks to queue
[2024-11-25T02:02:37.391+0000] {logging_mixin.py:190} INFO - [2024-11-25T02:02:37.391+0000] {dagbag.py:588} INFO - Filling up the DagBag from /home/airflow/.local/lib/python3.12/site-packages/airflow/example_dags/example_display_name.py
[2024-11-25T02:02:37.400+0000] {processor.py:925} INFO - DAG(s) 'example_display_name' retrieved from /home/airflow/.local/lib/python3.12/site-packages/airflow/example_dags/example_display_name.py
[2024-11-25T02:02:37.421+0000] {logging_mixin.py:190} INFO - [2024-11-25T02:02:37.421+0000] {dag.py:3239} INFO - Sync 1 DAGs
[2024-11-25T02:02:37.440+0000] {logging_mixin.py:190} INFO - [2024-11-25T02:02:37.439+0000] {dag.py:4180} INFO - Setting next_dagrun for example_display_name to None, run_after=None
[2024-11-25T02:02:37.462+0000] {processor.py:208} INFO - Processing /home/airflow/.local/lib/python3.12/site-packages/airflow/example_dags/example_display_name.py took 0.082 seconds
[2024-11-25T02:03:08.046+0000] {processor.py:186} INFO - Started process (PID=1077) to work on /home/airflow/.local/lib/python3.12/site-packages/airflow/example_dags/example_display_name.py
[2024-11-25T02:03:08.047+0000] {processor.py:914} INFO - Processing file /home/airflow/.local/lib/python3.12/site-packages/airflow/example_dags/example_display_name.py for tasks to queue
[2024-11-25T02:03:08.049+0000] {logging_mixin.py:190} INFO - [2024-11-25T02:03:08.049+0000] {dagbag.py:588} INFO - Filling up the DagBag from /home/airflow/.local/lib/python3.12/site-packages/airflow/example_dags/example_display_name.py
[2024-11-25T02:03:08.056+0000] {processor.py:925} INFO - DAG(s) 'example_display_name' retrieved from /home/airflow/.local/lib/python3.12/site-packages/airflow/example_dags/example_display_name.py
[2024-11-25T02:03:08.076+0000] {logging_mixin.py:190} INFO - [2024-11-25T02:03:08.076+0000] {dag.py:3239} INFO - Sync 1 DAGs
[2024-11-25T02:03:08.097+0000] {logging_mixin.py:190} INFO - [2024-11-25T02:03:08.097+0000] {dag.py:4180} INFO - Setting next_dagrun for example_display_name to None, run_after=None
[2024-11-25T02:03:08.115+0000] {processor.py:208} INFO - Processing /home/airflow/.local/lib/python3.12/site-packages/airflow/example_dags/example_display_name.py took 0.075 seconds
[2024-11-25T02:03:38.339+0000] {processor.py:186} INFO - Started process (PID=1141) to work on /home/airflow/.local/lib/python3.12/site-packages/airflow/example_dags/example_display_name.py
[2024-11-25T02:03:38.340+0000] {processor.py:914} INFO - Processing file /home/airflow/.local/lib/python3.12/site-packages/airflow/example_dags/example_display_name.py for tasks to queue
[2024-11-25T02:03:38.343+0000] {logging_mixin.py:190} INFO - [2024-11-25T02:03:38.342+0000] {dagbag.py:588} INFO - Filling up the DagBag from /home/airflow/.local/lib/python3.12/site-packages/airflow/example_dags/example_display_name.py
[2024-11-25T02:03:38.352+0000] {processor.py:925} INFO - DAG(s) 'example_display_name' retrieved from /home/airflow/.local/lib/python3.12/site-packages/airflow/example_dags/example_display_name.py
[2024-11-25T02:03:38.371+0000] {logging_mixin.py:190} INFO - [2024-11-25T02:03:38.371+0000] {dag.py:3239} INFO - Sync 1 DAGs
[2024-11-25T02:03:38.388+0000] {logging_mixin.py:190} INFO - [2024-11-25T02:03:38.388+0000] {dag.py:4180} INFO - Setting next_dagrun for example_display_name to None, run_after=None
[2024-11-25T02:03:38.409+0000] {processor.py:208} INFO - Processing /home/airflow/.local/lib/python3.12/site-packages/airflow/example_dags/example_display_name.py took 0.077 seconds
[2024-11-25T02:04:08.999+0000] {processor.py:186} INFO - Started process (PID=1205) to work on /home/airflow/.local/lib/python3.12/site-packages/airflow/example_dags/example_display_name.py
[2024-11-25T02:04:08.999+0000] {processor.py:914} INFO - Processing file /home/airflow/.local/lib/python3.12/site-packages/airflow/example_dags/example_display_name.py for tasks to queue
[2024-11-25T02:04:09.002+0000] {logging_mixin.py:190} INFO - [2024-11-25T02:04:09.001+0000] {dagbag.py:588} INFO - Filling up the DagBag from /home/airflow/.local/lib/python3.12/site-packages/airflow/example_dags/example_display_name.py
[2024-11-25T02:04:09.009+0000] {processor.py:925} INFO - DAG(s) 'example_display_name' retrieved from /home/airflow/.local/lib/python3.12/site-packages/airflow/example_dags/example_display_name.py
[2024-11-25T02:04:09.027+0000] {logging_mixin.py:190} INFO - [2024-11-25T02:04:09.027+0000] {dag.py:3239} INFO - Sync 1 DAGs
[2024-11-25T02:04:09.041+0000] {logging_mixin.py:190} INFO - [2024-11-25T02:04:09.041+0000] {dag.py:4180} INFO - Setting next_dagrun for example_display_name to None, run_after=None
[2024-11-25T02:04:09.061+0000] {processor.py:208} INFO - Processing /home/airflow/.local/lib/python3.12/site-packages/airflow/example_dags/example_display_name.py took 0.068 seconds
[2024-11-25T02:04:39.327+0000] {processor.py:186} INFO - Started process (PID=1269) to work on /home/airflow/.local/lib/python3.12/site-packages/airflow/example_dags/example_display_name.py
[2024-11-25T02:04:39.328+0000] {processor.py:914} INFO - Processing file /home/airflow/.local/lib/python3.12/site-packages/airflow/example_dags/example_display_name.py for tasks to queue
[2024-11-25T02:04:39.330+0000] {logging_mixin.py:190} INFO - [2024-11-25T02:04:39.330+0000] {dagbag.py:588} INFO - Filling up the DagBag from /home/airflow/.local/lib/python3.12/site-packages/airflow/example_dags/example_display_name.py
[2024-11-25T02:04:39.338+0000] {processor.py:925} INFO - DAG(s) 'example_display_name' retrieved from /home/airflow/.local/lib/python3.12/site-packages/airflow/example_dags/example_display_name.py
[2024-11-25T02:04:39.357+0000] {logging_mixin.py:190} INFO - [2024-11-25T02:04:39.357+0000] {dag.py:3239} INFO - Sync 1 DAGs
[2024-11-25T02:04:39.374+0000] {logging_mixin.py:190} INFO - [2024-11-25T02:04:39.374+0000] {dag.py:4180} INFO - Setting next_dagrun for example_display_name to None, run_after=None
[2024-11-25T02:04:39.394+0000] {processor.py:208} INFO - Processing /home/airflow/.local/lib/python3.12/site-packages/airflow/example_dags/example_display_name.py took 0.072 seconds
[2024-11-25T02:05:09.438+0000] {processor.py:186} INFO - Started process (PID=1333) to work on /home/airflow/.local/lib/python3.12/site-packages/airflow/example_dags/example_display_name.py
[2024-11-25T02:05:09.439+0000] {processor.py:914} INFO - Processing file /home/airflow/.local/lib/python3.12/site-packages/airflow/example_dags/example_display_name.py for tasks to queue
[2024-11-25T02:05:09.441+0000] {logging_mixin.py:190} INFO - [2024-11-25T02:05:09.441+0000] {dagbag.py:588} INFO - Filling up the DagBag from /home/airflow/.local/lib/python3.12/site-packages/airflow/example_dags/example_display_name.py
[2024-11-25T02:05:09.449+0000] {processor.py:925} INFO - DAG(s) 'example_display_name' retrieved from /home/airflow/.local/lib/python3.12/site-packages/airflow/example_dags/example_display_name.py
[2024-11-25T02:05:09.465+0000] {logging_mixin.py:190} INFO - [2024-11-25T02:05:09.465+0000] {dag.py:3239} INFO - Sync 1 DAGs
[2024-11-25T02:05:09.478+0000] {logging_mixin.py:190} INFO - [2024-11-25T02:05:09.478+0000] {dag.py:4180} INFO - Setting next_dagrun for example_display_name to None, run_after=None
[2024-11-25T02:05:09.496+0000] {processor.py:208} INFO - Processing /home/airflow/.local/lib/python3.12/site-packages/airflow/example_dags/example_display_name.py took 0.062 seconds
[2024-11-25T02:05:40.380+0000] {processor.py:186} INFO - Started process (PID=1397) to work on /home/airflow/.local/lib/python3.12/site-packages/airflow/example_dags/example_display_name.py
[2024-11-25T02:05:40.381+0000] {processor.py:914} INFO - Processing file /home/airflow/.local/lib/python3.12/site-packages/airflow/example_dags/example_display_name.py for tasks to queue
[2024-11-25T02:05:40.383+0000] {logging_mixin.py:190} INFO - [2024-11-25T02:05:40.383+0000] {dagbag.py:588} INFO - Filling up the DagBag from /home/airflow/.local/lib/python3.12/site-packages/airflow/example_dags/example_display_name.py
[2024-11-25T02:05:40.391+0000] {processor.py:925} INFO - DAG(s) 'example_display_name' retrieved from /home/airflow/.local/lib/python3.12/site-packages/airflow/example_dags/example_display_name.py
[2024-11-25T02:05:40.409+0000] {logging_mixin.py:190} INFO - [2024-11-25T02:05:40.408+0000] {dag.py:3239} INFO - Sync 1 DAGs
[2024-11-25T02:05:40.423+0000] {logging_mixin.py:190} INFO - [2024-11-25T02:05:40.423+0000] {dag.py:4180} INFO - Setting next_dagrun for example_display_name to None, run_after=None
[2024-11-25T02:05:40.443+0000] {processor.py:208} INFO - Processing /home/airflow/.local/lib/python3.12/site-packages/airflow/example_dags/example_display_name.py took 0.069 seconds
[2024-11-25T02:06:10.491+0000] {processor.py:186} INFO - Started process (PID=1461) to work on /home/airflow/.local/lib/python3.12/site-packages/airflow/example_dags/example_display_name.py
[2024-11-25T02:06:10.492+0000] {processor.py:914} INFO - Processing file /home/airflow/.local/lib/python3.12/site-packages/airflow/example_dags/example_display_name.py for tasks to queue
[2024-11-25T02:06:10.494+0000] {logging_mixin.py:190} INFO - [2024-11-25T02:06:10.493+0000] {dagbag.py:588} INFO - Filling up the DagBag from /home/airflow/.local/lib/python3.12/site-packages/airflow/example_dags/example_display_name.py
[2024-11-25T02:06:10.502+0000] {processor.py:925} INFO - DAG(s) 'example_display_name' retrieved from /home/airflow/.local/lib/python3.12/site-packages/airflow/example_dags/example_display_name.py
[2024-11-25T02:06:10.523+0000] {logging_mixin.py:190} INFO - [2024-11-25T02:06:10.523+0000] {dag.py:3239} INFO - Sync 1 DAGs
[2024-11-25T02:06:10.540+0000] {logging_mixin.py:190} INFO - [2024-11-25T02:06:10.540+0000] {dag.py:4180} INFO - Setting next_dagrun for example_display_name to None, run_after=None
[2024-11-25T02:06:10.560+0000] {processor.py:208} INFO - Processing /home/airflow/.local/lib/python3.12/site-packages/airflow/example_dags/example_display_name.py took 0.075 seconds
[2024-11-25T02:06:41.249+0000] {processor.py:186} INFO - Started process (PID=1526) to work on /home/airflow/.local/lib/python3.12/site-packages/airflow/example_dags/example_display_name.py
[2024-11-25T02:06:41.250+0000] {processor.py:914} INFO - Processing file /home/airflow/.local/lib/python3.12/site-packages/airflow/example_dags/example_display_name.py for tasks to queue
[2024-11-25T02:06:41.253+0000] {logging_mixin.py:190} INFO - [2024-11-25T02:06:41.253+0000] {dagbag.py:588} INFO - Filling up the DagBag from /home/airflow/.local/lib/python3.12/site-packages/airflow/example_dags/example_display_name.py
[2024-11-25T02:06:41.262+0000] {processor.py:925} INFO - DAG(s) 'example_display_name' retrieved from /home/airflow/.local/lib/python3.12/site-packages/airflow/example_dags/example_display_name.py
[2024-11-25T02:06:41.281+0000] {logging_mixin.py:190} INFO - [2024-11-25T02:06:41.281+0000] {dag.py:3239} INFO - Sync 1 DAGs
[2024-11-25T02:06:41.297+0000] {logging_mixin.py:190} INFO - [2024-11-25T02:06:41.297+0000] {dag.py:4180} INFO - Setting next_dagrun for example_display_name to None, run_after=None
[2024-11-25T02:06:41.317+0000] {processor.py:208} INFO - Processing /home/airflow/.local/lib/python3.12/site-packages/airflow/example_dags/example_display_name.py took 0.077 seconds
[2024-11-25T02:07:12.048+0000] {processor.py:186} INFO - Started process (PID=1590) to work on /home/airflow/.local/lib/python3.12/site-packages/airflow/example_dags/example_display_name.py
[2024-11-25T02:07:12.049+0000] {processor.py:914} INFO - Processing file /home/airflow/.local/lib/python3.12/site-packages/airflow/example_dags/example_display_name.py for tasks to queue
[2024-11-25T02:07:12.052+0000] {logging_mixin.py:190} INFO - [2024-11-25T02:07:12.052+0000] {dagbag.py:588} INFO - Filling up the DagBag from /home/airflow/.local/lib/python3.12/site-packages/airflow/example_dags/example_display_name.py
[2024-11-25T02:07:12.060+0000] {processor.py:925} INFO - DAG(s) 'example_display_name' retrieved from /home/airflow/.local/lib/python3.12/site-packages/airflow/example_dags/example_display_name.py
[2024-11-25T02:07:12.078+0000] {logging_mixin.py:190} INFO - [2024-11-25T02:07:12.077+0000] {dag.py:3239} INFO - Sync 1 DAGs
[2024-11-25T02:07:12.091+0000] {logging_mixin.py:190} INFO - [2024-11-25T02:07:12.091+0000] {dag.py:4180} INFO - Setting next_dagrun for example_display_name to None, run_after=None
[2024-11-25T02:07:12.111+0000] {processor.py:208} INFO - Processing /home/airflow/.local/lib/python3.12/site-packages/airflow/example_dags/example_display_name.py took 0.068 seconds
[2024-11-25T02:07:42.187+0000] {processor.py:186} INFO - Started process (PID=1654) to work on /home/airflow/.local/lib/python3.12/site-packages/airflow/example_dags/example_display_name.py
[2024-11-25T02:07:42.188+0000] {processor.py:914} INFO - Processing file /home/airflow/.local/lib/python3.12/site-packages/airflow/example_dags/example_display_name.py for tasks to queue
[2024-11-25T02:07:42.190+0000] {logging_mixin.py:190} INFO - [2024-11-25T02:07:42.190+0000] {dagbag.py:588} INFO - Filling up the DagBag from /home/airflow/.local/lib/python3.12/site-packages/airflow/example_dags/example_display_name.py
[2024-11-25T02:07:42.197+0000] {processor.py:925} INFO - DAG(s) 'example_display_name' retrieved from /home/airflow/.local/lib/python3.12/site-packages/airflow/example_dags/example_display_name.py
[2024-11-25T02:07:42.215+0000] {logging_mixin.py:190} INFO - [2024-11-25T02:07:42.214+0000] {dag.py:3239} INFO - Sync 1 DAGs
[2024-11-25T02:07:42.231+0000] {logging_mixin.py:190} INFO - [2024-11-25T02:07:42.230+0000] {dag.py:4180} INFO - Setting next_dagrun for example_display_name to None, run_after=None
[2024-11-25T02:07:42.254+0000] {processor.py:208} INFO - Processing /home/airflow/.local/lib/python3.12/site-packages/airflow/example_dags/example_display_name.py took 0.073 seconds
[2024-11-25T02:08:13.046+0000] {processor.py:186} INFO - Started process (PID=1718) to work on /home/airflow/.local/lib/python3.12/site-packages/airflow/example_dags/example_display_name.py
[2024-11-25T02:08:13.047+0000] {processor.py:914} INFO - Processing file /home/airflow/.local/lib/python3.12/site-packages/airflow/example_dags/example_display_name.py for tasks to queue
[2024-11-25T02:08:13.049+0000] {logging_mixin.py:190} INFO - [2024-11-25T02:08:13.049+0000] {dagbag.py:588} INFO - Filling up the DagBag from /home/airflow/.local/lib/python3.12/site-packages/airflow/example_dags/example_display_name.py
[2024-11-25T02:08:13.057+0000] {processor.py:925} INFO - DAG(s) 'example_display_name' retrieved from /home/airflow/.local/lib/python3.12/site-packages/airflow/example_dags/example_display_name.py
[2024-11-25T02:08:13.095+0000] {logging_mixin.py:190} INFO - [2024-11-25T02:08:13.094+0000] {dag.py:3239} INFO - Sync 1 DAGs
[2024-11-25T02:08:13.122+0000] {logging_mixin.py:190} INFO - [2024-11-25T02:08:13.122+0000] {dag.py:4180} INFO - Setting next_dagrun for example_display_name to None, run_after=None
[2024-11-25T02:08:13.157+0000] {processor.py:208} INFO - Processing /home/airflow/.local/lib/python3.12/site-packages/airflow/example_dags/example_display_name.py took 0.117 seconds
[2024-11-25T02:08:44.505+0000] {processor.py:186} INFO - Started process (PID=1782) to work on /home/airflow/.local/lib/python3.12/site-packages/airflow/example_dags/example_display_name.py
[2024-11-25T02:08:44.507+0000] {processor.py:914} INFO - Processing file /home/airflow/.local/lib/python3.12/site-packages/airflow/example_dags/example_display_name.py for tasks to queue
[2024-11-25T02:08:44.515+0000] {logging_mixin.py:190} INFO - [2024-11-25T02:08:44.513+0000] {dagbag.py:588} INFO - Filling up the DagBag from /home/airflow/.local/lib/python3.12/site-packages/airflow/example_dags/example_display_name.py
[2024-11-25T02:08:44.535+0000] {processor.py:925} INFO - DAG(s) 'example_display_name' retrieved from /home/airflow/.local/lib/python3.12/site-packages/airflow/example_dags/example_display_name.py
[2024-11-25T02:08:44.592+0000] {logging_mixin.py:190} INFO - [2024-11-25T02:08:44.592+0000] {dag.py:3239} INFO - Sync 1 DAGs
[2024-11-25T02:08:44.638+0000] {logging_mixin.py:190} INFO - [2024-11-25T02:08:44.638+0000] {dag.py:4180} INFO - Setting next_dagrun for example_display_name to None, run_after=None
[2024-11-25T02:08:44.680+0000] {processor.py:208} INFO - Processing /home/airflow/.local/lib/python3.12/site-packages/airflow/example_dags/example_display_name.py took 0.185 seconds
[2024-11-25T02:09:15.161+0000] {processor.py:186} INFO - Started process (PID=1846) to work on /home/airflow/.local/lib/python3.12/site-packages/airflow/example_dags/example_display_name.py
[2024-11-25T02:09:15.162+0000] {processor.py:914} INFO - Processing file /home/airflow/.local/lib/python3.12/site-packages/airflow/example_dags/example_display_name.py for tasks to queue
[2024-11-25T02:09:15.164+0000] {logging_mixin.py:190} INFO - [2024-11-25T02:09:15.164+0000] {dagbag.py:588} INFO - Filling up the DagBag from /home/airflow/.local/lib/python3.12/site-packages/airflow/example_dags/example_display_name.py
[2024-11-25T02:09:15.172+0000] {processor.py:925} INFO - DAG(s) 'example_display_name' retrieved from /home/airflow/.local/lib/python3.12/site-packages/airflow/example_dags/example_display_name.py
[2024-11-25T02:09:15.196+0000] {logging_mixin.py:190} INFO - [2024-11-25T02:09:15.195+0000] {dag.py:3239} INFO - Sync 1 DAGs
[2024-11-25T02:09:15.209+0000] {logging_mixin.py:190} INFO - [2024-11-25T02:09:15.209+0000] {dag.py:4180} INFO - Setting next_dagrun for example_display_name to None, run_after=None
[2024-11-25T02:09:15.228+0000] {processor.py:208} INFO - Processing /home/airflow/.local/lib/python3.12/site-packages/airflow/example_dags/example_display_name.py took 0.072 seconds
[2024-11-25T02:09:45.531+0000] {processor.py:186} INFO - Started process (PID=1910) to work on /home/airflow/.local/lib/python3.12/site-packages/airflow/example_dags/example_display_name.py
[2024-11-25T02:09:45.532+0000] {processor.py:914} INFO - Processing file /home/airflow/.local/lib/python3.12/site-packages/airflow/example_dags/example_display_name.py for tasks to queue
[2024-11-25T02:09:45.535+0000] {logging_mixin.py:190} INFO - [2024-11-25T02:09:45.534+0000] {dagbag.py:588} INFO - Filling up the DagBag from /home/airflow/.local/lib/python3.12/site-packages/airflow/example_dags/example_display_name.py
[2024-11-25T02:09:45.543+0000] {processor.py:925} INFO - DAG(s) 'example_display_name' retrieved from /home/airflow/.local/lib/python3.12/site-packages/airflow/example_dags/example_display_name.py
[2024-11-25T02:09:45.566+0000] {logging_mixin.py:190} INFO - [2024-11-25T02:09:45.566+0000] {dag.py:3239} INFO - Sync 1 DAGs
[2024-11-25T02:09:45.584+0000] {logging_mixin.py:190} INFO - [2024-11-25T02:09:45.584+0000] {dag.py:4180} INFO - Setting next_dagrun for example_display_name to None, run_after=None
[2024-11-25T02:09:45.601+0000] {processor.py:208} INFO - Processing /home/airflow/.local/lib/python3.12/site-packages/airflow/example_dags/example_display_name.py took 0.076 seconds
[2024-11-25T02:10:15.631+0000] {processor.py:186} INFO - Started process (PID=1974) to work on /home/airflow/.local/lib/python3.12/site-packages/airflow/example_dags/example_display_name.py
[2024-11-25T02:10:15.632+0000] {processor.py:914} INFO - Processing file /home/airflow/.local/lib/python3.12/site-packages/airflow/example_dags/example_display_name.py for tasks to queue
[2024-11-25T02:10:15.634+0000] {logging_mixin.py:190} INFO - [2024-11-25T02:10:15.634+0000] {dagbag.py:588} INFO - Filling up the DagBag from /home/airflow/.local/lib/python3.12/site-packages/airflow/example_dags/example_display_name.py
[2024-11-25T02:10:15.642+0000] {processor.py:925} INFO - DAG(s) 'example_display_name' retrieved from /home/airflow/.local/lib/python3.12/site-packages/airflow/example_dags/example_display_name.py
[2024-11-25T02:10:15.662+0000] {logging_mixin.py:190} INFO - [2024-11-25T02:10:15.662+0000] {dag.py:3239} INFO - Sync 1 DAGs
[2024-11-25T02:10:15.678+0000] {logging_mixin.py:190} INFO - [2024-11-25T02:10:15.678+0000] {dag.py:4180} INFO - Setting next_dagrun for example_display_name to None, run_after=None
[2024-11-25T02:10:15.697+0000] {processor.py:208} INFO - Processing /home/airflow/.local/lib/python3.12/site-packages/airflow/example_dags/example_display_name.py took 0.071 seconds
[2024-11-25T02:10:47.046+0000] {processor.py:186} INFO - Started process (PID=2038) to work on /home/airflow/.local/lib/python3.12/site-packages/airflow/example_dags/example_display_name.py
[2024-11-25T02:10:47.048+0000] {processor.py:914} INFO - Processing file /home/airflow/.local/lib/python3.12/site-packages/airflow/example_dags/example_display_name.py for tasks to queue
[2024-11-25T02:10:47.053+0000] {logging_mixin.py:190} INFO - [2024-11-25T02:10:47.052+0000] {dagbag.py:588} INFO - Filling up the DagBag from /home/airflow/.local/lib/python3.12/site-packages/airflow/example_dags/example_display_name.py
[2024-11-25T02:10:47.071+0000] {processor.py:925} INFO - DAG(s) 'example_display_name' retrieved from /home/airflow/.local/lib/python3.12/site-packages/airflow/example_dags/example_display_name.py
[2024-11-25T02:10:47.098+0000] {logging_mixin.py:190} INFO - [2024-11-25T02:10:47.098+0000] {dag.py:3239} INFO - Sync 1 DAGs
[2024-11-25T02:10:47.117+0000] {logging_mixin.py:190} INFO - [2024-11-25T02:10:47.117+0000] {dag.py:4180} INFO - Setting next_dagrun for example_display_name to None, run_after=None
[2024-11-25T02:10:47.136+0000] {processor.py:208} INFO - Processing /home/airflow/.local/lib/python3.12/site-packages/airflow/example_dags/example_display_name.py took 0.099 seconds
[2024-11-25T02:11:17.414+0000] {processor.py:186} INFO - Started process (PID=2102) to work on /home/airflow/.local/lib/python3.12/site-packages/airflow/example_dags/example_display_name.py
[2024-11-25T02:11:17.415+0000] {processor.py:914} INFO - Processing file /home/airflow/.local/lib/python3.12/site-packages/airflow/example_dags/example_display_name.py for tasks to queue
[2024-11-25T02:11:17.419+0000] {logging_mixin.py:190} INFO - [2024-11-25T02:11:17.419+0000] {dagbag.py:588} INFO - Filling up the DagBag from /home/airflow/.local/lib/python3.12/site-packages/airflow/example_dags/example_display_name.py
[2024-11-25T02:11:17.430+0000] {processor.py:925} INFO - DAG(s) 'example_display_name' retrieved from /home/airflow/.local/lib/python3.12/site-packages/airflow/example_dags/example_display_name.py
[2024-11-25T02:11:17.454+0000] {logging_mixin.py:190} INFO - [2024-11-25T02:11:17.454+0000] {dag.py:3239} INFO - Sync 1 DAGs
[2024-11-25T02:11:17.476+0000] {logging_mixin.py:190} INFO - [2024-11-25T02:11:17.475+0000] {dag.py:4180} INFO - Setting next_dagrun for example_display_name to None, run_after=None
[2024-11-25T02:11:17.505+0000] {processor.py:208} INFO - Processing /home/airflow/.local/lib/python3.12/site-packages/airflow/example_dags/example_display_name.py took 0.098 seconds
[2024-11-25T02:11:48.252+0000] {processor.py:186} INFO - Started process (PID=2166) to work on /home/airflow/.local/lib/python3.12/site-packages/airflow/example_dags/example_display_name.py
[2024-11-25T02:11:48.253+0000] {processor.py:914} INFO - Processing file /home/airflow/.local/lib/python3.12/site-packages/airflow/example_dags/example_display_name.py for tasks to queue
[2024-11-25T02:11:48.256+0000] {logging_mixin.py:190} INFO - [2024-11-25T02:11:48.255+0000] {dagbag.py:588} INFO - Filling up the DagBag from /home/airflow/.local/lib/python3.12/site-packages/airflow/example_dags/example_display_name.py
[2024-11-25T02:11:48.264+0000] {processor.py:925} INFO - DAG(s) 'example_display_name' retrieved from /home/airflow/.local/lib/python3.12/site-packages/airflow/example_dags/example_display_name.py
[2024-11-25T02:11:48.284+0000] {logging_mixin.py:190} INFO - [2024-11-25T02:11:48.283+0000] {dag.py:3239} INFO - Sync 1 DAGs
[2024-11-25T02:11:48.298+0000] {logging_mixin.py:190} INFO - [2024-11-25T02:11:48.297+0000] {dag.py:4180} INFO - Setting next_dagrun for example_display_name to None, run_after=None
[2024-11-25T02:11:48.315+0000] {processor.py:208} INFO - Processing /home/airflow/.local/lib/python3.12/site-packages/airflow/example_dags/example_display_name.py took 0.070 seconds
[2024-11-25T02:12:18.706+0000] {processor.py:186} INFO - Started process (PID=2230) to work on /home/airflow/.local/lib/python3.12/site-packages/airflow/example_dags/example_display_name.py
[2024-11-25T02:12:18.707+0000] {processor.py:914} INFO - Processing file /home/airflow/.local/lib/python3.12/site-packages/airflow/example_dags/example_display_name.py for tasks to queue
[2024-11-25T02:12:18.710+0000] {logging_mixin.py:190} INFO - [2024-11-25T02:12:18.710+0000] {dagbag.py:588} INFO - Filling up the DagBag from /home/airflow/.local/lib/python3.12/site-packages/airflow/example_dags/example_display_name.py
[2024-11-25T02:12:18.721+0000] {processor.py:925} INFO - DAG(s) 'example_display_name' retrieved from /home/airflow/.local/lib/python3.12/site-packages/airflow/example_dags/example_display_name.py
[2024-11-25T02:12:18.747+0000] {logging_mixin.py:190} INFO - [2024-11-25T02:12:18.747+0000] {dag.py:3239} INFO - Sync 1 DAGs
[2024-11-25T02:12:18.771+0000] {logging_mixin.py:190} INFO - [2024-11-25T02:12:18.770+0000] {dag.py:4180} INFO - Setting next_dagrun for example_display_name to None, run_after=None
[2024-11-25T02:12:18.802+0000] {processor.py:208} INFO - Processing /home/airflow/.local/lib/python3.12/site-packages/airflow/example_dags/example_display_name.py took 0.106 seconds
[2024-11-25T02:12:49.010+0000] {processor.py:186} INFO - Started process (PID=2293) to work on /home/airflow/.local/lib/python3.12/site-packages/airflow/example_dags/example_display_name.py
[2024-11-25T02:12:49.012+0000] {processor.py:914} INFO - Processing file /home/airflow/.local/lib/python3.12/site-packages/airflow/example_dags/example_display_name.py for tasks to queue
[2024-11-25T02:12:49.016+0000] {logging_mixin.py:190} INFO - [2024-11-25T02:12:49.015+0000] {dagbag.py:588} INFO - Filling up the DagBag from /home/airflow/.local/lib/python3.12/site-packages/airflow/example_dags/example_display_name.py
[2024-11-25T02:12:49.028+0000] {processor.py:925} INFO - DAG(s) 'example_display_name' retrieved from /home/airflow/.local/lib/python3.12/site-packages/airflow/example_dags/example_display_name.py
[2024-11-25T02:12:49.063+0000] {logging_mixin.py:190} INFO - [2024-11-25T02:12:49.063+0000] {dag.py:3239} INFO - Sync 1 DAGs
[2024-11-25T02:12:49.082+0000] {logging_mixin.py:190} INFO - [2024-11-25T02:12:49.081+0000] {dag.py:4180} INFO - Setting next_dagrun for example_display_name to None, run_after=None
[2024-11-25T02:12:49.102+0000] {processor.py:208} INFO - Processing /home/airflow/.local/lib/python3.12/site-packages/airflow/example_dags/example_display_name.py took 0.103 seconds
[2024-11-25T02:13:19.489+0000] {processor.py:186} INFO - Started process (PID=2357) to work on /home/airflow/.local/lib/python3.12/site-packages/airflow/example_dags/example_display_name.py
[2024-11-25T02:13:19.490+0000] {processor.py:914} INFO - Processing file /home/airflow/.local/lib/python3.12/site-packages/airflow/example_dags/example_display_name.py for tasks to queue
[2024-11-25T02:13:19.492+0000] {logging_mixin.py:190} INFO - [2024-11-25T02:13:19.492+0000] {dagbag.py:588} INFO - Filling up the DagBag from /home/airflow/.local/lib/python3.12/site-packages/airflow/example_dags/example_display_name.py
[2024-11-25T02:13:19.500+0000] {processor.py:925} INFO - DAG(s) 'example_display_name' retrieved from /home/airflow/.local/lib/python3.12/site-packages/airflow/example_dags/example_display_name.py
[2024-11-25T02:13:19.531+0000] {logging_mixin.py:190} INFO - [2024-11-25T02:13:19.530+0000] {dag.py:3239} INFO - Sync 1 DAGs
[2024-11-25T02:13:19.548+0000] {logging_mixin.py:190} INFO - [2024-11-25T02:13:19.548+0000] {dag.py:4180} INFO - Setting next_dagrun for example_display_name to None, run_after=None
[2024-11-25T02:13:19.569+0000] {processor.py:208} INFO - Processing /home/airflow/.local/lib/python3.12/site-packages/airflow/example_dags/example_display_name.py took 0.086 seconds
[2024-11-25T02:13:49.874+0000] {processor.py:186} INFO - Started process (PID=2422) to work on /home/airflow/.local/lib/python3.12/site-packages/airflow/example_dags/example_display_name.py
[2024-11-25T02:13:49.875+0000] {processor.py:914} INFO - Processing file /home/airflow/.local/lib/python3.12/site-packages/airflow/example_dags/example_display_name.py for tasks to queue
[2024-11-25T02:13:49.877+0000] {logging_mixin.py:190} INFO - [2024-11-25T02:13:49.877+0000] {dagbag.py:588} INFO - Filling up the DagBag from /home/airflow/.local/lib/python3.12/site-packages/airflow/example_dags/example_display_name.py
[2024-11-25T02:13:49.891+0000] {processor.py:925} INFO - DAG(s) 'example_display_name' retrieved from /home/airflow/.local/lib/python3.12/site-packages/airflow/example_dags/example_display_name.py
[2024-11-25T02:13:49.914+0000] {logging_mixin.py:190} INFO - [2024-11-25T02:13:49.914+0000] {dag.py:3239} INFO - Sync 1 DAGs
[2024-11-25T02:13:49.931+0000] {logging_mixin.py:190} INFO - [2024-11-25T02:13:49.931+0000] {dag.py:4180} INFO - Setting next_dagrun for example_display_name to None, run_after=None
[2024-11-25T02:13:49.953+0000] {processor.py:208} INFO - Processing /home/airflow/.local/lib/python3.12/site-packages/airflow/example_dags/example_display_name.py took 0.084 seconds
[2024-11-25T02:14:20.512+0000] {processor.py:186} INFO - Started process (PID=2486) to work on /home/airflow/.local/lib/python3.12/site-packages/airflow/example_dags/example_display_name.py
[2024-11-25T02:14:20.514+0000] {processor.py:914} INFO - Processing file /home/airflow/.local/lib/python3.12/site-packages/airflow/example_dags/example_display_name.py for tasks to queue
[2024-11-25T02:14:20.516+0000] {logging_mixin.py:190} INFO - [2024-11-25T02:14:20.516+0000] {dagbag.py:588} INFO - Filling up the DagBag from /home/airflow/.local/lib/python3.12/site-packages/airflow/example_dags/example_display_name.py
[2024-11-25T02:14:20.526+0000] {processor.py:925} INFO - DAG(s) 'example_display_name' retrieved from /home/airflow/.local/lib/python3.12/site-packages/airflow/example_dags/example_display_name.py
[2024-11-25T02:14:20.553+0000] {logging_mixin.py:190} INFO - [2024-11-25T02:14:20.553+0000] {dag.py:3239} INFO - Sync 1 DAGs
[2024-11-25T02:14:20.569+0000] {logging_mixin.py:190} INFO - [2024-11-25T02:14:20.569+0000] {dag.py:4180} INFO - Setting next_dagrun for example_display_name to None, run_after=None
[2024-11-25T02:14:20.587+0000] {processor.py:208} INFO - Processing /home/airflow/.local/lib/python3.12/site-packages/airflow/example_dags/example_display_name.py took 0.081 seconds
[2024-11-25T02:14:52.029+0000] {processor.py:186} INFO - Started process (PID=2548) to work on /home/airflow/.local/lib/python3.12/site-packages/airflow/example_dags/example_display_name.py
[2024-11-25T02:14:52.031+0000] {processor.py:914} INFO - Processing file /home/airflow/.local/lib/python3.12/site-packages/airflow/example_dags/example_display_name.py for tasks to queue
[2024-11-25T02:14:52.035+0000] {logging_mixin.py:190} INFO - [2024-11-25T02:14:52.034+0000] {dagbag.py:588} INFO - Filling up the DagBag from /home/airflow/.local/lib/python3.12/site-packages/airflow/example_dags/example_display_name.py
[2024-11-25T02:14:52.046+0000] {processor.py:925} INFO - DAG(s) 'example_display_name' retrieved from /home/airflow/.local/lib/python3.12/site-packages/airflow/example_dags/example_display_name.py
[2024-11-25T02:14:52.073+0000] {logging_mixin.py:190} INFO - [2024-11-25T02:14:52.072+0000] {dag.py:3239} INFO - Sync 1 DAGs
[2024-11-25T02:14:52.094+0000] {logging_mixin.py:190} INFO - [2024-11-25T02:14:52.094+0000] {dag.py:4180} INFO - Setting next_dagrun for example_display_name to None, run_after=None
[2024-11-25T02:14:52.121+0000] {processor.py:208} INFO - Processing /home/airflow/.local/lib/python3.12/site-packages/airflow/example_dags/example_display_name.py took 0.102 seconds
[2024-11-25T02:15:23.220+0000] {processor.py:186} INFO - Started process (PID=2613) to work on /home/airflow/.local/lib/python3.12/site-packages/airflow/example_dags/example_display_name.py
[2024-11-25T02:15:23.221+0000] {processor.py:914} INFO - Processing file /home/airflow/.local/lib/python3.12/site-packages/airflow/example_dags/example_display_name.py for tasks to queue
[2024-11-25T02:15:23.224+0000] {logging_mixin.py:190} INFO - [2024-11-25T02:15:23.224+0000] {dagbag.py:588} INFO - Filling up the DagBag from /home/airflow/.local/lib/python3.12/site-packages/airflow/example_dags/example_display_name.py
[2024-11-25T02:15:23.232+0000] {processor.py:925} INFO - DAG(s) 'example_display_name' retrieved from /home/airflow/.local/lib/python3.12/site-packages/airflow/example_dags/example_display_name.py
[2024-11-25T02:15:23.250+0000] {logging_mixin.py:190} INFO - [2024-11-25T02:15:23.250+0000] {dag.py:3239} INFO - Sync 1 DAGs
[2024-11-25T02:15:23.490+0000] {logging_mixin.py:190} INFO - [2024-11-25T02:15:23.490+0000] {dag.py:4180} INFO - Setting next_dagrun for example_display_name to None, run_after=None
[2024-11-25T02:15:23.506+0000] {processor.py:208} INFO - Processing /home/airflow/.local/lib/python3.12/site-packages/airflow/example_dags/example_display_name.py took 0.291 seconds
[2024-11-25T02:15:53.890+0000] {processor.py:186} INFO - Started process (PID=2677) to work on /home/airflow/.local/lib/python3.12/site-packages/airflow/example_dags/example_display_name.py
[2024-11-25T02:15:53.891+0000] {processor.py:914} INFO - Processing file /home/airflow/.local/lib/python3.12/site-packages/airflow/example_dags/example_display_name.py for tasks to queue
[2024-11-25T02:15:53.893+0000] {logging_mixin.py:190} INFO - [2024-11-25T02:15:53.893+0000] {dagbag.py:588} INFO - Filling up the DagBag from /home/airflow/.local/lib/python3.12/site-packages/airflow/example_dags/example_display_name.py
[2024-11-25T02:15:53.901+0000] {processor.py:925} INFO - DAG(s) 'example_display_name' retrieved from /home/airflow/.local/lib/python3.12/site-packages/airflow/example_dags/example_display_name.py
[2024-11-25T02:15:53.920+0000] {logging_mixin.py:190} INFO - [2024-11-25T02:15:53.920+0000] {dag.py:3239} INFO - Sync 1 DAGs
[2024-11-25T02:15:53.933+0000] {logging_mixin.py:190} INFO - [2024-11-25T02:15:53.933+0000] {dag.py:4180} INFO - Setting next_dagrun for example_display_name to None, run_after=None
[2024-11-25T02:15:54.174+0000] {processor.py:208} INFO - Processing /home/airflow/.local/lib/python3.12/site-packages/airflow/example_dags/example_display_name.py took 0.289 seconds
[2024-11-25T02:16:25.068+0000] {processor.py:186} INFO - Started process (PID=2741) to work on /home/airflow/.local/lib/python3.12/site-packages/airflow/example_dags/example_display_name.py
[2024-11-25T02:16:25.069+0000] {processor.py:914} INFO - Processing file /home/airflow/.local/lib/python3.12/site-packages/airflow/example_dags/example_display_name.py for tasks to queue
[2024-11-25T02:16:25.072+0000] {logging_mixin.py:190} INFO - [2024-11-25T02:16:25.071+0000] {dagbag.py:588} INFO - Filling up the DagBag from /home/airflow/.local/lib/python3.12/site-packages/airflow/example_dags/example_display_name.py
[2024-11-25T02:16:25.078+0000] {processor.py:925} INFO - DAG(s) 'example_display_name' retrieved from /home/airflow/.local/lib/python3.12/site-packages/airflow/example_dags/example_display_name.py
[2024-11-25T02:16:25.096+0000] {logging_mixin.py:190} INFO - [2024-11-25T02:16:25.096+0000] {dag.py:3239} INFO - Sync 1 DAGs
[2024-11-25T02:16:25.111+0000] {logging_mixin.py:190} INFO - [2024-11-25T02:16:25.111+0000] {dag.py:4180} INFO - Setting next_dagrun for example_display_name to None, run_after=None
[2024-11-25T02:16:25.133+0000] {processor.py:208} INFO - Processing /home/airflow/.local/lib/python3.12/site-packages/airflow/example_dags/example_display_name.py took 0.069 seconds
