[2024-11-25T01:55:19.203+0000] {processor.py:186} INFO - Started process (PID=90) to work on /home/airflow/.local/lib/python3.12/site-packages/airflow/example_dags/example_kubernetes_executor.py
[2024-11-25T01:55:19.208+0000] {processor.py:914} INFO - Processing file /home/airflow/.local/lib/python3.12/site-packages/airflow/example_dags/example_kubernetes_executor.py for tasks to queue
[2024-11-25T01:55:19.237+0000] {logging_mixin.py:190} INFO - [2024-11-25T01:55:19.235+0000] {dagbag.py:588} INFO - Filling up the DagBag from /home/airflow/.local/lib/python3.12/site-packages/airflow/example_dags/example_kubernetes_executor.py
[2024-11-25T01:55:19.340+0000] {processor.py:925} INFO - DAG(s) 'example_kubernetes_executor' retrieved from /home/airflow/.local/lib/python3.12/site-packages/airflow/example_dags/example_kubernetes_executor.py
[2024-11-25T01:55:19.721+0000] {logging_mixin.py:190} INFO - [2024-11-25T01:55:19.721+0000] {dag.py:3239} INFO - Sync 1 DAGs
[2024-11-25T01:55:19.830+0000] {logging_mixin.py:190} INFO - [2024-11-25T01:55:19.829+0000] {dag.py:4180} INFO - Setting next_dagrun for example_kubernetes_executor to None, run_after=None
[2024-11-25T01:55:20.095+0000] {processor.py:208} INFO - Processing /home/airflow/.local/lib/python3.12/site-packages/airflow/example_dags/example_kubernetes_executor.py took 0.944 seconds
[2024-11-25T01:55:50.984+0000] {processor.py:186} INFO - Started process (PID=156) to work on /home/airflow/.local/lib/python3.12/site-packages/airflow/example_dags/example_kubernetes_executor.py
[2024-11-25T01:55:50.985+0000] {processor.py:914} INFO - Processing file /home/airflow/.local/lib/python3.12/site-packages/airflow/example_dags/example_kubernetes_executor.py for tasks to queue
[2024-11-25T01:55:50.987+0000] {logging_mixin.py:190} INFO - [2024-11-25T01:55:50.987+0000] {dagbag.py:588} INFO - Filling up the DagBag from /home/airflow/.local/lib/python3.12/site-packages/airflow/example_dags/example_kubernetes_executor.py
[2024-11-25T01:55:51.001+0000] {processor.py:925} INFO - DAG(s) 'example_kubernetes_executor' retrieved from /home/airflow/.local/lib/python3.12/site-packages/airflow/example_dags/example_kubernetes_executor.py
[2024-11-25T01:55:51.035+0000] {logging_mixin.py:190} INFO - [2024-11-25T01:55:51.035+0000] {dag.py:3239} INFO - Sync 1 DAGs
[2024-11-25T01:55:51.049+0000] {logging_mixin.py:190} INFO - [2024-11-25T01:55:51.049+0000] {dag.py:4180} INFO - Setting next_dagrun for example_kubernetes_executor to None, run_after=None
[2024-11-25T01:55:51.070+0000] {processor.py:208} INFO - Processing /home/airflow/.local/lib/python3.12/site-packages/airflow/example_dags/example_kubernetes_executor.py took 0.091 seconds
[2024-11-25T01:56:23.655+0000] {processor.py:186} INFO - Started process (PID=220) to work on /home/airflow/.local/lib/python3.12/site-packages/airflow/example_dags/example_kubernetes_executor.py
[2024-11-25T01:56:23.657+0000] {processor.py:914} INFO - Processing file /home/airflow/.local/lib/python3.12/site-packages/airflow/example_dags/example_kubernetes_executor.py for tasks to queue
[2024-11-25T01:56:23.660+0000] {logging_mixin.py:190} INFO - [2024-11-25T01:56:23.660+0000] {dagbag.py:588} INFO - Filling up the DagBag from /home/airflow/.local/lib/python3.12/site-packages/airflow/example_dags/example_kubernetes_executor.py
[2024-11-25T01:56:23.684+0000] {processor.py:925} INFO - DAG(s) 'example_kubernetes_executor' retrieved from /home/airflow/.local/lib/python3.12/site-packages/airflow/example_dags/example_kubernetes_executor.py
[2024-11-25T01:56:23.753+0000] {logging_mixin.py:190} INFO - [2024-11-25T01:56:23.753+0000] {dag.py:3239} INFO - Sync 1 DAGs
[2024-11-25T01:56:23.787+0000] {logging_mixin.py:190} INFO - [2024-11-25T01:56:23.787+0000] {dag.py:4180} INFO - Setting next_dagrun for example_kubernetes_executor to None, run_after=None
[2024-11-25T01:56:23.839+0000] {processor.py:208} INFO - Processing /home/airflow/.local/lib/python3.12/site-packages/airflow/example_dags/example_kubernetes_executor.py took 0.198 seconds
[2024-11-25T01:56:54.548+0000] {processor.py:186} INFO - Started process (PID=283) to work on /home/airflow/.local/lib/python3.12/site-packages/airflow/example_dags/example_kubernetes_executor.py
[2024-11-25T01:56:54.550+0000] {processor.py:914} INFO - Processing file /home/airflow/.local/lib/python3.12/site-packages/airflow/example_dags/example_kubernetes_executor.py for tasks to queue
[2024-11-25T01:56:54.592+0000] {logging_mixin.py:190} INFO - [2024-11-25T01:56:54.592+0000] {dagbag.py:588} INFO - Filling up the DagBag from /home/airflow/.local/lib/python3.12/site-packages/airflow/example_dags/example_kubernetes_executor.py
[2024-11-25T01:56:54.645+0000] {processor.py:925} INFO - DAG(s) 'example_kubernetes_executor' retrieved from /home/airflow/.local/lib/python3.12/site-packages/airflow/example_dags/example_kubernetes_executor.py
[2024-11-25T01:56:54.760+0000] {logging_mixin.py:190} INFO - [2024-11-25T01:56:54.759+0000] {dag.py:3239} INFO - Sync 1 DAGs
[2024-11-25T01:56:54.823+0000] {logging_mixin.py:190} INFO - [2024-11-25T01:56:54.822+0000] {dag.py:4180} INFO - Setting next_dagrun for example_kubernetes_executor to None, run_after=None
[2024-11-25T01:56:54.984+0000] {processor.py:208} INFO - Processing /home/airflow/.local/lib/python3.12/site-packages/airflow/example_dags/example_kubernetes_executor.py took 0.457 seconds
[2024-11-25T01:57:25.945+0000] {processor.py:186} INFO - Started process (PID=347) to work on /home/airflow/.local/lib/python3.12/site-packages/airflow/example_dags/example_kubernetes_executor.py
[2024-11-25T01:57:25.953+0000] {processor.py:914} INFO - Processing file /home/airflow/.local/lib/python3.12/site-packages/airflow/example_dags/example_kubernetes_executor.py for tasks to queue
[2024-11-25T01:57:25.955+0000] {logging_mixin.py:190} INFO - [2024-11-25T01:57:25.955+0000] {dagbag.py:588} INFO - Filling up the DagBag from /home/airflow/.local/lib/python3.12/site-packages/airflow/example_dags/example_kubernetes_executor.py
[2024-11-25T01:57:25.970+0000] {processor.py:925} INFO - DAG(s) 'example_kubernetes_executor' retrieved from /home/airflow/.local/lib/python3.12/site-packages/airflow/example_dags/example_kubernetes_executor.py
[2024-11-25T01:57:26.009+0000] {logging_mixin.py:190} INFO - [2024-11-25T01:57:26.009+0000] {dag.py:3239} INFO - Sync 1 DAGs
[2024-11-25T01:57:26.028+0000] {logging_mixin.py:190} INFO - [2024-11-25T01:57:26.028+0000] {dag.py:4180} INFO - Setting next_dagrun for example_kubernetes_executor to None, run_after=None
[2024-11-25T01:57:26.050+0000] {processor.py:208} INFO - Processing /home/airflow/.local/lib/python3.12/site-packages/airflow/example_dags/example_kubernetes_executor.py took 0.114 seconds
[2024-11-25T01:57:56.298+0000] {processor.py:186} INFO - Started process (PID=411) to work on /home/airflow/.local/lib/python3.12/site-packages/airflow/example_dags/example_kubernetes_executor.py
[2024-11-25T01:57:56.299+0000] {processor.py:914} INFO - Processing file /home/airflow/.local/lib/python3.12/site-packages/airflow/example_dags/example_kubernetes_executor.py for tasks to queue
[2024-11-25T01:57:56.301+0000] {logging_mixin.py:190} INFO - [2024-11-25T01:57:56.301+0000] {dagbag.py:588} INFO - Filling up the DagBag from /home/airflow/.local/lib/python3.12/site-packages/airflow/example_dags/example_kubernetes_executor.py
[2024-11-25T01:57:56.314+0000] {processor.py:925} INFO - DAG(s) 'example_kubernetes_executor' retrieved from /home/airflow/.local/lib/python3.12/site-packages/airflow/example_dags/example_kubernetes_executor.py
[2024-11-25T01:57:56.346+0000] {logging_mixin.py:190} INFO - [2024-11-25T01:57:56.345+0000] {dag.py:3239} INFO - Sync 1 DAGs
[2024-11-25T01:57:56.360+0000] {logging_mixin.py:190} INFO - [2024-11-25T01:57:56.359+0000] {dag.py:4180} INFO - Setting next_dagrun for example_kubernetes_executor to None, run_after=None
[2024-11-25T01:57:56.382+0000] {processor.py:208} INFO - Processing /home/airflow/.local/lib/python3.12/site-packages/airflow/example_dags/example_kubernetes_executor.py took 0.089 seconds
[2024-11-25T01:58:26.837+0000] {processor.py:186} INFO - Started process (PID=475) to work on /home/airflow/.local/lib/python3.12/site-packages/airflow/example_dags/example_kubernetes_executor.py
[2024-11-25T01:58:26.838+0000] {processor.py:914} INFO - Processing file /home/airflow/.local/lib/python3.12/site-packages/airflow/example_dags/example_kubernetes_executor.py for tasks to queue
[2024-11-25T01:58:26.841+0000] {logging_mixin.py:190} INFO - [2024-11-25T01:58:26.840+0000] {dagbag.py:588} INFO - Filling up the DagBag from /home/airflow/.local/lib/python3.12/site-packages/airflow/example_dags/example_kubernetes_executor.py
[2024-11-25T01:58:26.856+0000] {processor.py:925} INFO - DAG(s) 'example_kubernetes_executor' retrieved from /home/airflow/.local/lib/python3.12/site-packages/airflow/example_dags/example_kubernetes_executor.py
[2024-11-25T01:58:26.894+0000] {logging_mixin.py:190} INFO - [2024-11-25T01:58:26.894+0000] {dag.py:3239} INFO - Sync 1 DAGs
[2024-11-25T01:58:26.913+0000] {logging_mixin.py:190} INFO - [2024-11-25T01:58:26.913+0000] {dag.py:4180} INFO - Setting next_dagrun for example_kubernetes_executor to None, run_after=None
[2024-11-25T01:58:26.938+0000] {processor.py:208} INFO - Processing /home/airflow/.local/lib/python3.12/site-packages/airflow/example_dags/example_kubernetes_executor.py took 0.107 seconds
[2024-11-25T01:58:57.640+0000] {processor.py:186} INFO - Started process (PID=539) to work on /home/airflow/.local/lib/python3.12/site-packages/airflow/example_dags/example_kubernetes_executor.py
[2024-11-25T01:58:57.640+0000] {processor.py:914} INFO - Processing file /home/airflow/.local/lib/python3.12/site-packages/airflow/example_dags/example_kubernetes_executor.py for tasks to queue
[2024-11-25T01:58:57.643+0000] {logging_mixin.py:190} INFO - [2024-11-25T01:58:57.642+0000] {dagbag.py:588} INFO - Filling up the DagBag from /home/airflow/.local/lib/python3.12/site-packages/airflow/example_dags/example_kubernetes_executor.py
[2024-11-25T01:58:57.656+0000] {processor.py:925} INFO - DAG(s) 'example_kubernetes_executor' retrieved from /home/airflow/.local/lib/python3.12/site-packages/airflow/example_dags/example_kubernetes_executor.py
[2024-11-25T01:58:57.689+0000] {logging_mixin.py:190} INFO - [2024-11-25T01:58:57.689+0000] {dag.py:3239} INFO - Sync 1 DAGs
[2024-11-25T01:58:57.706+0000] {logging_mixin.py:190} INFO - [2024-11-25T01:58:57.706+0000] {dag.py:4180} INFO - Setting next_dagrun for example_kubernetes_executor to None, run_after=None
[2024-11-25T01:58:57.728+0000] {processor.py:208} INFO - Processing /home/airflow/.local/lib/python3.12/site-packages/airflow/example_dags/example_kubernetes_executor.py took 0.093 seconds
[2024-11-25T01:59:27.906+0000] {processor.py:186} INFO - Started process (PID=603) to work on /home/airflow/.local/lib/python3.12/site-packages/airflow/example_dags/example_kubernetes_executor.py
[2024-11-25T01:59:27.907+0000] {processor.py:914} INFO - Processing file /home/airflow/.local/lib/python3.12/site-packages/airflow/example_dags/example_kubernetes_executor.py for tasks to queue
[2024-11-25T01:59:27.909+0000] {logging_mixin.py:190} INFO - [2024-11-25T01:59:27.909+0000] {dagbag.py:588} INFO - Filling up the DagBag from /home/airflow/.local/lib/python3.12/site-packages/airflow/example_dags/example_kubernetes_executor.py
[2024-11-25T01:59:27.924+0000] {processor.py:925} INFO - DAG(s) 'example_kubernetes_executor' retrieved from /home/airflow/.local/lib/python3.12/site-packages/airflow/example_dags/example_kubernetes_executor.py
[2024-11-25T01:59:27.959+0000] {logging_mixin.py:190} INFO - [2024-11-25T01:59:27.958+0000] {dag.py:3239} INFO - Sync 1 DAGs
[2024-11-25T01:59:27.980+0000] {logging_mixin.py:190} INFO - [2024-11-25T01:59:27.980+0000] {dag.py:4180} INFO - Setting next_dagrun for example_kubernetes_executor to None, run_after=None
[2024-11-25T01:59:28.000+0000] {processor.py:208} INFO - Processing /home/airflow/.local/lib/python3.12/site-packages/airflow/example_dags/example_kubernetes_executor.py took 0.102 seconds
[2024-11-25T01:59:58.327+0000] {processor.py:186} INFO - Started process (PID=667) to work on /home/airflow/.local/lib/python3.12/site-packages/airflow/example_dags/example_kubernetes_executor.py
[2024-11-25T01:59:58.328+0000] {processor.py:914} INFO - Processing file /home/airflow/.local/lib/python3.12/site-packages/airflow/example_dags/example_kubernetes_executor.py for tasks to queue
[2024-11-25T01:59:58.330+0000] {logging_mixin.py:190} INFO - [2024-11-25T01:59:58.330+0000] {dagbag.py:588} INFO - Filling up the DagBag from /home/airflow/.local/lib/python3.12/site-packages/airflow/example_dags/example_kubernetes_executor.py
[2024-11-25T01:59:58.345+0000] {processor.py:925} INFO - DAG(s) 'example_kubernetes_executor' retrieved from /home/airflow/.local/lib/python3.12/site-packages/airflow/example_dags/example_kubernetes_executor.py
[2024-11-25T01:59:58.378+0000] {logging_mixin.py:190} INFO - [2024-11-25T01:59:58.378+0000] {dag.py:3239} INFO - Sync 1 DAGs
[2024-11-25T01:59:58.392+0000] {logging_mixin.py:190} INFO - [2024-11-25T01:59:58.392+0000] {dag.py:4180} INFO - Setting next_dagrun for example_kubernetes_executor to None, run_after=None
[2024-11-25T01:59:58.409+0000] {processor.py:208} INFO - Processing /home/airflow/.local/lib/python3.12/site-packages/airflow/example_dags/example_kubernetes_executor.py took 0.087 seconds
[2024-11-25T02:00:28.864+0000] {processor.py:186} INFO - Started process (PID=735) to work on /home/airflow/.local/lib/python3.12/site-packages/airflow/example_dags/example_kubernetes_executor.py
[2024-11-25T02:00:28.865+0000] {processor.py:914} INFO - Processing file /home/airflow/.local/lib/python3.12/site-packages/airflow/example_dags/example_kubernetes_executor.py for tasks to queue
[2024-11-25T02:00:28.867+0000] {logging_mixin.py:190} INFO - [2024-11-25T02:00:28.867+0000] {dagbag.py:588} INFO - Filling up the DagBag from /home/airflow/.local/lib/python3.12/site-packages/airflow/example_dags/example_kubernetes_executor.py
[2024-11-25T02:00:28.881+0000] {processor.py:925} INFO - DAG(s) 'example_kubernetes_executor' retrieved from /home/airflow/.local/lib/python3.12/site-packages/airflow/example_dags/example_kubernetes_executor.py
[2024-11-25T02:00:28.912+0000] {logging_mixin.py:190} INFO - [2024-11-25T02:00:28.911+0000] {dag.py:3239} INFO - Sync 1 DAGs
[2024-11-25T02:00:28.934+0000] {logging_mixin.py:190} INFO - [2024-11-25T02:00:28.933+0000] {dag.py:4180} INFO - Setting next_dagrun for example_kubernetes_executor to None, run_after=None
[2024-11-25T02:00:28.951+0000] {processor.py:208} INFO - Processing /home/airflow/.local/lib/python3.12/site-packages/airflow/example_dags/example_kubernetes_executor.py took 0.092 seconds
[2024-11-25T02:00:59.397+0000] {processor.py:186} INFO - Started process (PID=799) to work on /home/airflow/.local/lib/python3.12/site-packages/airflow/example_dags/example_kubernetes_executor.py
[2024-11-25T02:00:59.399+0000] {processor.py:914} INFO - Processing file /home/airflow/.local/lib/python3.12/site-packages/airflow/example_dags/example_kubernetes_executor.py for tasks to queue
[2024-11-25T02:00:59.403+0000] {logging_mixin.py:190} INFO - [2024-11-25T02:00:59.402+0000] {dagbag.py:588} INFO - Filling up the DagBag from /home/airflow/.local/lib/python3.12/site-packages/airflow/example_dags/example_kubernetes_executor.py
[2024-11-25T02:00:59.431+0000] {processor.py:925} INFO - DAG(s) 'example_kubernetes_executor' retrieved from /home/airflow/.local/lib/python3.12/site-packages/airflow/example_dags/example_kubernetes_executor.py
[2024-11-25T02:00:59.497+0000] {logging_mixin.py:190} INFO - [2024-11-25T02:00:59.497+0000] {dag.py:3239} INFO - Sync 1 DAGs
[2024-11-25T02:00:59.525+0000] {logging_mixin.py:190} INFO - [2024-11-25T02:00:59.525+0000] {dag.py:4180} INFO - Setting next_dagrun for example_kubernetes_executor to None, run_after=None
[2024-11-25T02:00:59.565+0000] {processor.py:208} INFO - Processing /home/airflow/.local/lib/python3.12/site-packages/airflow/example_dags/example_kubernetes_executor.py took 0.185 seconds
[2024-11-25T02:01:29.828+0000] {processor.py:186} INFO - Started process (PID=863) to work on /home/airflow/.local/lib/python3.12/site-packages/airflow/example_dags/example_kubernetes_executor.py
[2024-11-25T02:01:29.829+0000] {processor.py:914} INFO - Processing file /home/airflow/.local/lib/python3.12/site-packages/airflow/example_dags/example_kubernetes_executor.py for tasks to queue
[2024-11-25T02:01:29.832+0000] {logging_mixin.py:190} INFO - [2024-11-25T02:01:29.831+0000] {dagbag.py:588} INFO - Filling up the DagBag from /home/airflow/.local/lib/python3.12/site-packages/airflow/example_dags/example_kubernetes_executor.py
[2024-11-25T02:01:29.850+0000] {processor.py:925} INFO - DAG(s) 'example_kubernetes_executor' retrieved from /home/airflow/.local/lib/python3.12/site-packages/airflow/example_dags/example_kubernetes_executor.py
[2024-11-25T02:01:29.886+0000] {logging_mixin.py:190} INFO - [2024-11-25T02:01:29.885+0000] {dag.py:3239} INFO - Sync 1 DAGs
[2024-11-25T02:01:29.905+0000] {logging_mixin.py:190} INFO - [2024-11-25T02:01:29.904+0000] {dag.py:4180} INFO - Setting next_dagrun for example_kubernetes_executor to None, run_after=None
[2024-11-25T02:01:29.925+0000] {processor.py:208} INFO - Processing /home/airflow/.local/lib/python3.12/site-packages/airflow/example_dags/example_kubernetes_executor.py took 0.103 seconds
[2024-11-25T02:02:00.235+0000] {processor.py:186} INFO - Started process (PID=933) to work on /home/airflow/.local/lib/python3.12/site-packages/airflow/example_dags/example_kubernetes_executor.py
[2024-11-25T02:02:00.236+0000] {processor.py:914} INFO - Processing file /home/airflow/.local/lib/python3.12/site-packages/airflow/example_dags/example_kubernetes_executor.py for tasks to queue
[2024-11-25T02:02:00.238+0000] {logging_mixin.py:190} INFO - [2024-11-25T02:02:00.237+0000] {dagbag.py:588} INFO - Filling up the DagBag from /home/airflow/.local/lib/python3.12/site-packages/airflow/example_dags/example_kubernetes_executor.py
[2024-11-25T02:02:00.251+0000] {processor.py:925} INFO - DAG(s) 'example_kubernetes_executor' retrieved from /home/airflow/.local/lib/python3.12/site-packages/airflow/example_dags/example_kubernetes_executor.py
[2024-11-25T02:02:00.282+0000] {logging_mixin.py:190} INFO - [2024-11-25T02:02:00.282+0000] {dag.py:3239} INFO - Sync 1 DAGs
[2024-11-25T02:02:00.296+0000] {logging_mixin.py:190} INFO - [2024-11-25T02:02:00.295+0000] {dag.py:4180} INFO - Setting next_dagrun for example_kubernetes_executor to None, run_after=None
[2024-11-25T02:02:00.314+0000] {processor.py:208} INFO - Processing /home/airflow/.local/lib/python3.12/site-packages/airflow/example_dags/example_kubernetes_executor.py took 0.085 seconds
[2024-11-25T02:02:30.508+0000] {processor.py:186} INFO - Started process (PID=997) to work on /home/airflow/.local/lib/python3.12/site-packages/airflow/example_dags/example_kubernetes_executor.py
[2024-11-25T02:02:30.509+0000] {processor.py:914} INFO - Processing file /home/airflow/.local/lib/python3.12/site-packages/airflow/example_dags/example_kubernetes_executor.py for tasks to queue
[2024-11-25T02:02:30.511+0000] {logging_mixin.py:190} INFO - [2024-11-25T02:02:30.511+0000] {dagbag.py:588} INFO - Filling up the DagBag from /home/airflow/.local/lib/python3.12/site-packages/airflow/example_dags/example_kubernetes_executor.py
[2024-11-25T02:02:30.526+0000] {processor.py:925} INFO - DAG(s) 'example_kubernetes_executor' retrieved from /home/airflow/.local/lib/python3.12/site-packages/airflow/example_dags/example_kubernetes_executor.py
[2024-11-25T02:02:30.560+0000] {logging_mixin.py:190} INFO - [2024-11-25T02:02:30.560+0000] {dag.py:3239} INFO - Sync 1 DAGs
[2024-11-25T02:02:30.576+0000] {logging_mixin.py:190} INFO - [2024-11-25T02:02:30.576+0000] {dag.py:4180} INFO - Setting next_dagrun for example_kubernetes_executor to None, run_after=None
[2024-11-25T02:02:30.595+0000] {processor.py:208} INFO - Processing /home/airflow/.local/lib/python3.12/site-packages/airflow/example_dags/example_kubernetes_executor.py took 0.093 seconds
[2024-11-25T02:03:00.985+0000] {processor.py:186} INFO - Started process (PID=1062) to work on /home/airflow/.local/lib/python3.12/site-packages/airflow/example_dags/example_kubernetes_executor.py
[2024-11-25T02:03:00.986+0000] {processor.py:914} INFO - Processing file /home/airflow/.local/lib/python3.12/site-packages/airflow/example_dags/example_kubernetes_executor.py for tasks to queue
[2024-11-25T02:03:00.988+0000] {logging_mixin.py:190} INFO - [2024-11-25T02:03:00.988+0000] {dagbag.py:588} INFO - Filling up the DagBag from /home/airflow/.local/lib/python3.12/site-packages/airflow/example_dags/example_kubernetes_executor.py
[2024-11-25T02:03:01.002+0000] {processor.py:925} INFO - DAG(s) 'example_kubernetes_executor' retrieved from /home/airflow/.local/lib/python3.12/site-packages/airflow/example_dags/example_kubernetes_executor.py
[2024-11-25T02:03:01.036+0000] {logging_mixin.py:190} INFO - [2024-11-25T02:03:01.035+0000] {dag.py:3239} INFO - Sync 1 DAGs
[2024-11-25T02:03:01.079+0000] {logging_mixin.py:190} INFO - [2024-11-25T02:03:01.078+0000] {dag.py:4180} INFO - Setting next_dagrun for example_kubernetes_executor to None, run_after=None
[2024-11-25T02:03:01.125+0000] {processor.py:208} INFO - Processing /home/airflow/.local/lib/python3.12/site-packages/airflow/example_dags/example_kubernetes_executor.py took 0.146 seconds
[2024-11-25T02:03:31.408+0000] {processor.py:186} INFO - Started process (PID=1126) to work on /home/airflow/.local/lib/python3.12/site-packages/airflow/example_dags/example_kubernetes_executor.py
[2024-11-25T02:03:31.409+0000] {processor.py:914} INFO - Processing file /home/airflow/.local/lib/python3.12/site-packages/airflow/example_dags/example_kubernetes_executor.py for tasks to queue
[2024-11-25T02:03:31.411+0000] {logging_mixin.py:190} INFO - [2024-11-25T02:03:31.411+0000] {dagbag.py:588} INFO - Filling up the DagBag from /home/airflow/.local/lib/python3.12/site-packages/airflow/example_dags/example_kubernetes_executor.py
[2024-11-25T02:03:31.428+0000] {processor.py:925} INFO - DAG(s) 'example_kubernetes_executor' retrieved from /home/airflow/.local/lib/python3.12/site-packages/airflow/example_dags/example_kubernetes_executor.py
[2024-11-25T02:03:31.470+0000] {logging_mixin.py:190} INFO - [2024-11-25T02:03:31.470+0000] {dag.py:3239} INFO - Sync 1 DAGs
[2024-11-25T02:03:31.485+0000] {logging_mixin.py:190} INFO - [2024-11-25T02:03:31.485+0000] {dag.py:4180} INFO - Setting next_dagrun for example_kubernetes_executor to None, run_after=None
[2024-11-25T02:03:31.508+0000] {processor.py:208} INFO - Processing /home/airflow/.local/lib/python3.12/site-packages/airflow/example_dags/example_kubernetes_executor.py took 0.106 seconds
[2024-11-25T02:04:02.038+0000] {processor.py:186} INFO - Started process (PID=1190) to work on /home/airflow/.local/lib/python3.12/site-packages/airflow/example_dags/example_kubernetes_executor.py
[2024-11-25T02:04:02.039+0000] {processor.py:914} INFO - Processing file /home/airflow/.local/lib/python3.12/site-packages/airflow/example_dags/example_kubernetes_executor.py for tasks to queue
[2024-11-25T02:04:02.042+0000] {logging_mixin.py:190} INFO - [2024-11-25T02:04:02.042+0000] {dagbag.py:588} INFO - Filling up the DagBag from /home/airflow/.local/lib/python3.12/site-packages/airflow/example_dags/example_kubernetes_executor.py
[2024-11-25T02:04:02.059+0000] {processor.py:925} INFO - DAG(s) 'example_kubernetes_executor' retrieved from /home/airflow/.local/lib/python3.12/site-packages/airflow/example_dags/example_kubernetes_executor.py
[2024-11-25T02:04:02.100+0000] {logging_mixin.py:190} INFO - [2024-11-25T02:04:02.099+0000] {dag.py:3239} INFO - Sync 1 DAGs
[2024-11-25T02:04:02.120+0000] {logging_mixin.py:190} INFO - [2024-11-25T02:04:02.119+0000] {dag.py:4180} INFO - Setting next_dagrun for example_kubernetes_executor to None, run_after=None
[2024-11-25T02:04:02.141+0000] {processor.py:208} INFO - Processing /home/airflow/.local/lib/python3.12/site-packages/airflow/example_dags/example_kubernetes_executor.py took 0.109 seconds
[2024-11-25T02:04:32.245+0000] {processor.py:186} INFO - Started process (PID=1254) to work on /home/airflow/.local/lib/python3.12/site-packages/airflow/example_dags/example_kubernetes_executor.py
[2024-11-25T02:04:32.246+0000] {processor.py:914} INFO - Processing file /home/airflow/.local/lib/python3.12/site-packages/airflow/example_dags/example_kubernetes_executor.py for tasks to queue
[2024-11-25T02:04:32.248+0000] {logging_mixin.py:190} INFO - [2024-11-25T02:04:32.248+0000] {dagbag.py:588} INFO - Filling up the DagBag from /home/airflow/.local/lib/python3.12/site-packages/airflow/example_dags/example_kubernetes_executor.py
[2024-11-25T02:04:32.262+0000] {processor.py:925} INFO - DAG(s) 'example_kubernetes_executor' retrieved from /home/airflow/.local/lib/python3.12/site-packages/airflow/example_dags/example_kubernetes_executor.py
[2024-11-25T02:04:32.301+0000] {logging_mixin.py:190} INFO - [2024-11-25T02:04:32.301+0000] {dag.py:3239} INFO - Sync 1 DAGs
[2024-11-25T02:04:32.324+0000] {logging_mixin.py:190} INFO - [2024-11-25T02:04:32.324+0000] {dag.py:4180} INFO - Setting next_dagrun for example_kubernetes_executor to None, run_after=None
[2024-11-25T02:04:32.352+0000] {processor.py:208} INFO - Processing /home/airflow/.local/lib/python3.12/site-packages/airflow/example_dags/example_kubernetes_executor.py took 0.112 seconds
[2024-11-25T02:05:02.411+0000] {processor.py:186} INFO - Started process (PID=1318) to work on /home/airflow/.local/lib/python3.12/site-packages/airflow/example_dags/example_kubernetes_executor.py
[2024-11-25T02:05:02.412+0000] {processor.py:914} INFO - Processing file /home/airflow/.local/lib/python3.12/site-packages/airflow/example_dags/example_kubernetes_executor.py for tasks to queue
[2024-11-25T02:05:02.414+0000] {logging_mixin.py:190} INFO - [2024-11-25T02:05:02.414+0000] {dagbag.py:588} INFO - Filling up the DagBag from /home/airflow/.local/lib/python3.12/site-packages/airflow/example_dags/example_kubernetes_executor.py
[2024-11-25T02:05:02.430+0000] {processor.py:925} INFO - DAG(s) 'example_kubernetes_executor' retrieved from /home/airflow/.local/lib/python3.12/site-packages/airflow/example_dags/example_kubernetes_executor.py
[2024-11-25T02:05:02.469+0000] {logging_mixin.py:190} INFO - [2024-11-25T02:05:02.469+0000] {dag.py:3239} INFO - Sync 1 DAGs
[2024-11-25T02:05:02.492+0000] {logging_mixin.py:190} INFO - [2024-11-25T02:05:02.492+0000] {dag.py:4180} INFO - Setting next_dagrun for example_kubernetes_executor to None, run_after=None
[2024-11-25T02:05:02.516+0000] {processor.py:208} INFO - Processing /home/airflow/.local/lib/python3.12/site-packages/airflow/example_dags/example_kubernetes_executor.py took 0.111 seconds
[2024-11-25T02:05:33.397+0000] {processor.py:186} INFO - Started process (PID=1382) to work on /home/airflow/.local/lib/python3.12/site-packages/airflow/example_dags/example_kubernetes_executor.py
[2024-11-25T02:05:33.399+0000] {processor.py:914} INFO - Processing file /home/airflow/.local/lib/python3.12/site-packages/airflow/example_dags/example_kubernetes_executor.py for tasks to queue
[2024-11-25T02:05:33.402+0000] {logging_mixin.py:190} INFO - [2024-11-25T02:05:33.402+0000] {dagbag.py:588} INFO - Filling up the DagBag from /home/airflow/.local/lib/python3.12/site-packages/airflow/example_dags/example_kubernetes_executor.py
[2024-11-25T02:05:33.420+0000] {processor.py:925} INFO - DAG(s) 'example_kubernetes_executor' retrieved from /home/airflow/.local/lib/python3.12/site-packages/airflow/example_dags/example_kubernetes_executor.py
[2024-11-25T02:05:33.456+0000] {logging_mixin.py:190} INFO - [2024-11-25T02:05:33.456+0000] {dag.py:3239} INFO - Sync 1 DAGs
[2024-11-25T02:05:33.473+0000] {logging_mixin.py:190} INFO - [2024-11-25T02:05:33.473+0000] {dag.py:4180} INFO - Setting next_dagrun for example_kubernetes_executor to None, run_after=None
[2024-11-25T02:05:33.490+0000] {processor.py:208} INFO - Processing /home/airflow/.local/lib/python3.12/site-packages/airflow/example_dags/example_kubernetes_executor.py took 0.100 seconds
[2024-11-25T02:06:04.336+0000] {processor.py:186} INFO - Started process (PID=1446) to work on /home/airflow/.local/lib/python3.12/site-packages/airflow/example_dags/example_kubernetes_executor.py
[2024-11-25T02:06:04.337+0000] {processor.py:914} INFO - Processing file /home/airflow/.local/lib/python3.12/site-packages/airflow/example_dags/example_kubernetes_executor.py for tasks to queue
[2024-11-25T02:06:04.340+0000] {logging_mixin.py:190} INFO - [2024-11-25T02:06:04.340+0000] {dagbag.py:588} INFO - Filling up the DagBag from /home/airflow/.local/lib/python3.12/site-packages/airflow/example_dags/example_kubernetes_executor.py
[2024-11-25T02:06:04.377+0000] {processor.py:925} INFO - DAG(s) 'example_kubernetes_executor' retrieved from /home/airflow/.local/lib/python3.12/site-packages/airflow/example_dags/example_kubernetes_executor.py
[2024-11-25T02:06:04.555+0000] {logging_mixin.py:190} INFO - [2024-11-25T02:06:04.555+0000] {dag.py:3239} INFO - Sync 1 DAGs
[2024-11-25T02:06:04.578+0000] {logging_mixin.py:190} INFO - [2024-11-25T02:06:04.578+0000] {dag.py:4180} INFO - Setting next_dagrun for example_kubernetes_executor to None, run_after=None
[2024-11-25T02:06:04.604+0000] {processor.py:208} INFO - Processing /home/airflow/.local/lib/python3.12/site-packages/airflow/example_dags/example_kubernetes_executor.py took 0.276 seconds
[2024-11-25T02:06:35.734+0000] {processor.py:186} INFO - Started process (PID=1511) to work on /home/airflow/.local/lib/python3.12/site-packages/airflow/example_dags/example_kubernetes_executor.py
[2024-11-25T02:06:35.736+0000] {processor.py:914} INFO - Processing file /home/airflow/.local/lib/python3.12/site-packages/airflow/example_dags/example_kubernetes_executor.py for tasks to queue
[2024-11-25T02:06:35.740+0000] {logging_mixin.py:190} INFO - [2024-11-25T02:06:35.739+0000] {dagbag.py:588} INFO - Filling up the DagBag from /home/airflow/.local/lib/python3.12/site-packages/airflow/example_dags/example_kubernetes_executor.py
[2024-11-25T02:06:35.760+0000] {processor.py:925} INFO - DAG(s) 'example_kubernetes_executor' retrieved from /home/airflow/.local/lib/python3.12/site-packages/airflow/example_dags/example_kubernetes_executor.py
[2024-11-25T02:06:35.807+0000] {logging_mixin.py:190} INFO - [2024-11-25T02:06:35.807+0000] {dag.py:3239} INFO - Sync 1 DAGs
[2024-11-25T02:06:35.833+0000] {logging_mixin.py:190} INFO - [2024-11-25T02:06:35.833+0000] {dag.py:4180} INFO - Setting next_dagrun for example_kubernetes_executor to None, run_after=None
[2024-11-25T02:06:35.863+0000] {processor.py:208} INFO - Processing /home/airflow/.local/lib/python3.12/site-packages/airflow/example_dags/example_kubernetes_executor.py took 0.137 seconds
[2024-11-25T02:07:06.755+0000] {processor.py:186} INFO - Started process (PID=1575) to work on /home/airflow/.local/lib/python3.12/site-packages/airflow/example_dags/example_kubernetes_executor.py
[2024-11-25T02:07:06.756+0000] {processor.py:914} INFO - Processing file /home/airflow/.local/lib/python3.12/site-packages/airflow/example_dags/example_kubernetes_executor.py for tasks to queue
[2024-11-25T02:07:06.758+0000] {logging_mixin.py:190} INFO - [2024-11-25T02:07:06.758+0000] {dagbag.py:588} INFO - Filling up the DagBag from /home/airflow/.local/lib/python3.12/site-packages/airflow/example_dags/example_kubernetes_executor.py
[2024-11-25T02:07:06.778+0000] {processor.py:925} INFO - DAG(s) 'example_kubernetes_executor' retrieved from /home/airflow/.local/lib/python3.12/site-packages/airflow/example_dags/example_kubernetes_executor.py
[2024-11-25T02:07:06.817+0000] {logging_mixin.py:190} INFO - [2024-11-25T02:07:06.817+0000] {dag.py:3239} INFO - Sync 1 DAGs
[2024-11-25T02:07:06.834+0000] {logging_mixin.py:190} INFO - [2024-11-25T02:07:06.834+0000] {dag.py:4180} INFO - Setting next_dagrun for example_kubernetes_executor to None, run_after=None
[2024-11-25T02:07:06.856+0000] {processor.py:208} INFO - Processing /home/airflow/.local/lib/python3.12/site-packages/airflow/example_dags/example_kubernetes_executor.py took 0.107 seconds
[2024-11-25T02:07:38.093+0000] {processor.py:186} INFO - Started process (PID=1639) to work on /home/airflow/.local/lib/python3.12/site-packages/airflow/example_dags/example_kubernetes_executor.py
[2024-11-25T02:07:38.094+0000] {processor.py:914} INFO - Processing file /home/airflow/.local/lib/python3.12/site-packages/airflow/example_dags/example_kubernetes_executor.py for tasks to queue
[2024-11-25T02:07:38.096+0000] {logging_mixin.py:190} INFO - [2024-11-25T02:07:38.096+0000] {dagbag.py:588} INFO - Filling up the DagBag from /home/airflow/.local/lib/python3.12/site-packages/airflow/example_dags/example_kubernetes_executor.py
[2024-11-25T02:07:38.109+0000] {processor.py:925} INFO - DAG(s) 'example_kubernetes_executor' retrieved from /home/airflow/.local/lib/python3.12/site-packages/airflow/example_dags/example_kubernetes_executor.py
[2024-11-25T02:07:38.143+0000] {logging_mixin.py:190} INFO - [2024-11-25T02:07:38.143+0000] {dag.py:3239} INFO - Sync 1 DAGs
[2024-11-25T02:07:38.159+0000] {logging_mixin.py:190} INFO - [2024-11-25T02:07:38.159+0000] {dag.py:4180} INFO - Setting next_dagrun for example_kubernetes_executor to None, run_after=None
[2024-11-25T02:07:38.179+0000] {processor.py:208} INFO - Processing /home/airflow/.local/lib/python3.12/site-packages/airflow/example_dags/example_kubernetes_executor.py took 0.092 seconds
[2024-11-25T02:08:08.725+0000] {processor.py:186} INFO - Started process (PID=1702) to work on /home/airflow/.local/lib/python3.12/site-packages/airflow/example_dags/example_kubernetes_executor.py
[2024-11-25T02:08:08.726+0000] {processor.py:914} INFO - Processing file /home/airflow/.local/lib/python3.12/site-packages/airflow/example_dags/example_kubernetes_executor.py for tasks to queue
[2024-11-25T02:08:08.729+0000] {logging_mixin.py:190} INFO - [2024-11-25T02:08:08.728+0000] {dagbag.py:588} INFO - Filling up the DagBag from /home/airflow/.local/lib/python3.12/site-packages/airflow/example_dags/example_kubernetes_executor.py
[2024-11-25T02:08:08.748+0000] {processor.py:925} INFO - DAG(s) 'example_kubernetes_executor' retrieved from /home/airflow/.local/lib/python3.12/site-packages/airflow/example_dags/example_kubernetes_executor.py
[2024-11-25T02:08:08.782+0000] {logging_mixin.py:190} INFO - [2024-11-25T02:08:08.782+0000] {dag.py:3239} INFO - Sync 1 DAGs
[2024-11-25T02:08:08.799+0000] {logging_mixin.py:190} INFO - [2024-11-25T02:08:08.798+0000] {dag.py:4180} INFO - Setting next_dagrun for example_kubernetes_executor to None, run_after=None
[2024-11-25T02:08:08.821+0000] {processor.py:208} INFO - Processing /home/airflow/.local/lib/python3.12/site-packages/airflow/example_dags/example_kubernetes_executor.py took 0.101 seconds
[2024-11-25T02:08:39.237+0000] {processor.py:186} INFO - Started process (PID=1766) to work on /home/airflow/.local/lib/python3.12/site-packages/airflow/example_dags/example_kubernetes_executor.py
[2024-11-25T02:08:39.242+0000] {processor.py:914} INFO - Processing file /home/airflow/.local/lib/python3.12/site-packages/airflow/example_dags/example_kubernetes_executor.py for tasks to queue
[2024-11-25T02:08:39.246+0000] {logging_mixin.py:190} INFO - [2024-11-25T02:08:39.245+0000] {dagbag.py:588} INFO - Filling up the DagBag from /home/airflow/.local/lib/python3.12/site-packages/airflow/example_dags/example_kubernetes_executor.py
[2024-11-25T02:08:39.286+0000] {processor.py:925} INFO - DAG(s) 'example_kubernetes_executor' retrieved from /home/airflow/.local/lib/python3.12/site-packages/airflow/example_dags/example_kubernetes_executor.py
[2024-11-25T02:08:39.370+0000] {logging_mixin.py:190} INFO - [2024-11-25T02:08:39.369+0000] {dag.py:3239} INFO - Sync 1 DAGs
[2024-11-25T02:08:39.415+0000] {logging_mixin.py:190} INFO - [2024-11-25T02:08:39.414+0000] {dag.py:4180} INFO - Setting next_dagrun for example_kubernetes_executor to None, run_after=None
[2024-11-25T02:08:39.458+0000] {processor.py:208} INFO - Processing /home/airflow/.local/lib/python3.12/site-packages/airflow/example_dags/example_kubernetes_executor.py took 0.233 seconds
[2024-11-25T02:09:10.465+0000] {processor.py:186} INFO - Started process (PID=1829) to work on /home/airflow/.local/lib/python3.12/site-packages/airflow/example_dags/example_kubernetes_executor.py
[2024-11-25T02:09:10.467+0000] {processor.py:914} INFO - Processing file /home/airflow/.local/lib/python3.12/site-packages/airflow/example_dags/example_kubernetes_executor.py for tasks to queue
[2024-11-25T02:09:10.470+0000] {logging_mixin.py:190} INFO - [2024-11-25T02:09:10.470+0000] {dagbag.py:588} INFO - Filling up the DagBag from /home/airflow/.local/lib/python3.12/site-packages/airflow/example_dags/example_kubernetes_executor.py
[2024-11-25T02:09:10.491+0000] {processor.py:925} INFO - DAG(s) 'example_kubernetes_executor' retrieved from /home/airflow/.local/lib/python3.12/site-packages/airflow/example_dags/example_kubernetes_executor.py
[2024-11-25T02:09:10.541+0000] {logging_mixin.py:190} INFO - [2024-11-25T02:09:10.540+0000] {dag.py:3239} INFO - Sync 1 DAGs
[2024-11-25T02:09:10.566+0000] {logging_mixin.py:190} INFO - [2024-11-25T02:09:10.566+0000] {dag.py:4180} INFO - Setting next_dagrun for example_kubernetes_executor to None, run_after=None
[2024-11-25T02:09:10.593+0000] {processor.py:208} INFO - Processing /home/airflow/.local/lib/python3.12/site-packages/airflow/example_dags/example_kubernetes_executor.py took 0.137 seconds
[2024-11-25T02:09:41.476+0000] {processor.py:186} INFO - Started process (PID=1893) to work on /home/airflow/.local/lib/python3.12/site-packages/airflow/example_dags/example_kubernetes_executor.py
[2024-11-25T02:09:41.477+0000] {processor.py:914} INFO - Processing file /home/airflow/.local/lib/python3.12/site-packages/airflow/example_dags/example_kubernetes_executor.py for tasks to queue
[2024-11-25T02:09:41.481+0000] {logging_mixin.py:190} INFO - [2024-11-25T02:09:41.480+0000] {dagbag.py:588} INFO - Filling up the DagBag from /home/airflow/.local/lib/python3.12/site-packages/airflow/example_dags/example_kubernetes_executor.py
[2024-11-25T02:09:41.497+0000] {processor.py:925} INFO - DAG(s) 'example_kubernetes_executor' retrieved from /home/airflow/.local/lib/python3.12/site-packages/airflow/example_dags/example_kubernetes_executor.py
[2024-11-25T02:09:41.537+0000] {logging_mixin.py:190} INFO - [2024-11-25T02:09:41.537+0000] {dag.py:3239} INFO - Sync 1 DAGs
[2024-11-25T02:09:41.555+0000] {logging_mixin.py:190} INFO - [2024-11-25T02:09:41.554+0000] {dag.py:4180} INFO - Setting next_dagrun for example_kubernetes_executor to None, run_after=None
[2024-11-25T02:09:41.576+0000] {processor.py:208} INFO - Processing /home/airflow/.local/lib/python3.12/site-packages/airflow/example_dags/example_kubernetes_executor.py took 0.108 seconds
[2024-11-25T02:10:12.068+0000] {processor.py:186} INFO - Started process (PID=1957) to work on /home/airflow/.local/lib/python3.12/site-packages/airflow/example_dags/example_kubernetes_executor.py
[2024-11-25T02:10:12.070+0000] {processor.py:914} INFO - Processing file /home/airflow/.local/lib/python3.12/site-packages/airflow/example_dags/example_kubernetes_executor.py for tasks to queue
[2024-11-25T02:10:12.073+0000] {logging_mixin.py:190} INFO - [2024-11-25T02:10:12.073+0000] {dagbag.py:588} INFO - Filling up the DagBag from /home/airflow/.local/lib/python3.12/site-packages/airflow/example_dags/example_kubernetes_executor.py
[2024-11-25T02:10:12.268+0000] {processor.py:925} INFO - DAG(s) 'example_kubernetes_executor' retrieved from /home/airflow/.local/lib/python3.12/site-packages/airflow/example_dags/example_kubernetes_executor.py
[2024-11-25T02:10:12.391+0000] {logging_mixin.py:190} INFO - [2024-11-25T02:10:12.391+0000] {dag.py:3239} INFO - Sync 1 DAGs
[2024-11-25T02:10:12.412+0000] {logging_mixin.py:190} INFO - [2024-11-25T02:10:12.412+0000] {dag.py:4180} INFO - Setting next_dagrun for example_kubernetes_executor to None, run_after=None
[2024-11-25T02:10:12.442+0000] {processor.py:208} INFO - Processing /home/airflow/.local/lib/python3.12/site-packages/airflow/example_dags/example_kubernetes_executor.py took 0.419 seconds
[2024-11-25T02:10:43.329+0000] {processor.py:186} INFO - Started process (PID=2021) to work on /home/airflow/.local/lib/python3.12/site-packages/airflow/example_dags/example_kubernetes_executor.py
[2024-11-25T02:10:43.331+0000] {processor.py:914} INFO - Processing file /home/airflow/.local/lib/python3.12/site-packages/airflow/example_dags/example_kubernetes_executor.py for tasks to queue
[2024-11-25T02:10:43.335+0000] {logging_mixin.py:190} INFO - [2024-11-25T02:10:43.334+0000] {dagbag.py:588} INFO - Filling up the DagBag from /home/airflow/.local/lib/python3.12/site-packages/airflow/example_dags/example_kubernetes_executor.py
[2024-11-25T02:10:43.364+0000] {processor.py:925} INFO - DAG(s) 'example_kubernetes_executor' retrieved from /home/airflow/.local/lib/python3.12/site-packages/airflow/example_dags/example_kubernetes_executor.py
[2024-11-25T02:10:43.665+0000] {logging_mixin.py:190} INFO - [2024-11-25T02:10:43.665+0000] {dag.py:3239} INFO - Sync 1 DAGs
[2024-11-25T02:10:43.746+0000] {logging_mixin.py:190} INFO - [2024-11-25T02:10:43.746+0000] {dag.py:4180} INFO - Setting next_dagrun for example_kubernetes_executor to None, run_after=None
[2024-11-25T02:10:43.819+0000] {processor.py:208} INFO - Processing /home/airflow/.local/lib/python3.12/site-packages/airflow/example_dags/example_kubernetes_executor.py took 0.501 seconds
[2024-11-25T02:11:14.385+0000] {processor.py:186} INFO - Started process (PID=2086) to work on /home/airflow/.local/lib/python3.12/site-packages/airflow/example_dags/example_kubernetes_executor.py
[2024-11-25T02:11:14.386+0000] {processor.py:914} INFO - Processing file /home/airflow/.local/lib/python3.12/site-packages/airflow/example_dags/example_kubernetes_executor.py for tasks to queue
[2024-11-25T02:11:14.388+0000] {logging_mixin.py:190} INFO - [2024-11-25T02:11:14.388+0000] {dagbag.py:588} INFO - Filling up the DagBag from /home/airflow/.local/lib/python3.12/site-packages/airflow/example_dags/example_kubernetes_executor.py
[2024-11-25T02:11:14.402+0000] {processor.py:925} INFO - DAG(s) 'example_kubernetes_executor' retrieved from /home/airflow/.local/lib/python3.12/site-packages/airflow/example_dags/example_kubernetes_executor.py
[2024-11-25T02:11:14.437+0000] {logging_mixin.py:190} INFO - [2024-11-25T02:11:14.437+0000] {dag.py:3239} INFO - Sync 1 DAGs
[2024-11-25T02:11:14.453+0000] {logging_mixin.py:190} INFO - [2024-11-25T02:11:14.452+0000] {dag.py:4180} INFO - Setting next_dagrun for example_kubernetes_executor to None, run_after=None
[2024-11-25T02:11:14.474+0000] {processor.py:208} INFO - Processing /home/airflow/.local/lib/python3.12/site-packages/airflow/example_dags/example_kubernetes_executor.py took 0.094 seconds
[2024-11-25T02:11:44.901+0000] {processor.py:186} INFO - Started process (PID=2150) to work on /home/airflow/.local/lib/python3.12/site-packages/airflow/example_dags/example_kubernetes_executor.py
[2024-11-25T02:11:44.904+0000] {processor.py:914} INFO - Processing file /home/airflow/.local/lib/python3.12/site-packages/airflow/example_dags/example_kubernetes_executor.py for tasks to queue
[2024-11-25T02:11:44.913+0000] {logging_mixin.py:190} INFO - [2024-11-25T02:11:44.908+0000] {dagbag.py:588} INFO - Filling up the DagBag from /home/airflow/.local/lib/python3.12/site-packages/airflow/example_dags/example_kubernetes_executor.py
[2024-11-25T02:11:44.967+0000] {processor.py:925} INFO - DAG(s) 'example_kubernetes_executor' retrieved from /home/airflow/.local/lib/python3.12/site-packages/airflow/example_dags/example_kubernetes_executor.py
[2024-11-25T02:11:45.124+0000] {logging_mixin.py:190} INFO - [2024-11-25T02:11:45.123+0000] {dag.py:3239} INFO - Sync 1 DAGs
[2024-11-25T02:11:45.161+0000] {logging_mixin.py:190} INFO - [2024-11-25T02:11:45.161+0000] {dag.py:4180} INFO - Setting next_dagrun for example_kubernetes_executor to None, run_after=None
[2024-11-25T02:11:45.189+0000] {processor.py:208} INFO - Processing /home/airflow/.local/lib/python3.12/site-packages/airflow/example_dags/example_kubernetes_executor.py took 0.308 seconds
[2024-11-25T02:12:15.447+0000] {processor.py:186} INFO - Started process (PID=2214) to work on /home/airflow/.local/lib/python3.12/site-packages/airflow/example_dags/example_kubernetes_executor.py
[2024-11-25T02:12:15.449+0000] {processor.py:914} INFO - Processing file /home/airflow/.local/lib/python3.12/site-packages/airflow/example_dags/example_kubernetes_executor.py for tasks to queue
[2024-11-25T02:12:15.452+0000] {logging_mixin.py:190} INFO - [2024-11-25T02:12:15.452+0000] {dagbag.py:588} INFO - Filling up the DagBag from /home/airflow/.local/lib/python3.12/site-packages/airflow/example_dags/example_kubernetes_executor.py
[2024-11-25T02:12:15.470+0000] {processor.py:925} INFO - DAG(s) 'example_kubernetes_executor' retrieved from /home/airflow/.local/lib/python3.12/site-packages/airflow/example_dags/example_kubernetes_executor.py
[2024-11-25T02:12:15.515+0000] {logging_mixin.py:190} INFO - [2024-11-25T02:12:15.514+0000] {dag.py:3239} INFO - Sync 1 DAGs
[2024-11-25T02:12:15.534+0000] {logging_mixin.py:190} INFO - [2024-11-25T02:12:15.534+0000] {dag.py:4180} INFO - Setting next_dagrun for example_kubernetes_executor to None, run_after=None
[2024-11-25T02:12:15.585+0000] {processor.py:208} INFO - Processing /home/airflow/.local/lib/python3.12/site-packages/airflow/example_dags/example_kubernetes_executor.py took 0.144 seconds
[2024-11-25T02:12:45.827+0000] {processor.py:186} INFO - Started process (PID=2278) to work on /home/airflow/.local/lib/python3.12/site-packages/airflow/example_dags/example_kubernetes_executor.py
[2024-11-25T02:12:45.828+0000] {processor.py:914} INFO - Processing file /home/airflow/.local/lib/python3.12/site-packages/airflow/example_dags/example_kubernetes_executor.py for tasks to queue
[2024-11-25T02:12:45.830+0000] {logging_mixin.py:190} INFO - [2024-11-25T02:12:45.830+0000] {dagbag.py:588} INFO - Filling up the DagBag from /home/airflow/.local/lib/python3.12/site-packages/airflow/example_dags/example_kubernetes_executor.py
[2024-11-25T02:12:45.845+0000] {processor.py:925} INFO - DAG(s) 'example_kubernetes_executor' retrieved from /home/airflow/.local/lib/python3.12/site-packages/airflow/example_dags/example_kubernetes_executor.py
[2024-11-25T02:12:45.877+0000] {logging_mixin.py:190} INFO - [2024-11-25T02:12:45.877+0000] {dag.py:3239} INFO - Sync 1 DAGs
[2024-11-25T02:12:45.891+0000] {logging_mixin.py:190} INFO - [2024-11-25T02:12:45.891+0000] {dag.py:4180} INFO - Setting next_dagrun for example_kubernetes_executor to None, run_after=None
[2024-11-25T02:12:45.910+0000] {processor.py:208} INFO - Processing /home/airflow/.local/lib/python3.12/site-packages/airflow/example_dags/example_kubernetes_executor.py took 0.089 seconds
[2024-11-25T02:13:16.044+0000] {processor.py:186} INFO - Started process (PID=2342) to work on /home/airflow/.local/lib/python3.12/site-packages/airflow/example_dags/example_kubernetes_executor.py
[2024-11-25T02:13:16.045+0000] {processor.py:914} INFO - Processing file /home/airflow/.local/lib/python3.12/site-packages/airflow/example_dags/example_kubernetes_executor.py for tasks to queue
[2024-11-25T02:13:16.048+0000] {logging_mixin.py:190} INFO - [2024-11-25T02:13:16.048+0000] {dagbag.py:588} INFO - Filling up the DagBag from /home/airflow/.local/lib/python3.12/site-packages/airflow/example_dags/example_kubernetes_executor.py
[2024-11-25T02:13:16.064+0000] {processor.py:925} INFO - DAG(s) 'example_kubernetes_executor' retrieved from /home/airflow/.local/lib/python3.12/site-packages/airflow/example_dags/example_kubernetes_executor.py
[2024-11-25T02:13:16.121+0000] {logging_mixin.py:190} INFO - [2024-11-25T02:13:16.120+0000] {dag.py:3239} INFO - Sync 1 DAGs
[2024-11-25T02:13:16.140+0000] {logging_mixin.py:190} INFO - [2024-11-25T02:13:16.139+0000] {dag.py:4180} INFO - Setting next_dagrun for example_kubernetes_executor to None, run_after=None
[2024-11-25T02:13:16.175+0000] {processor.py:208} INFO - Processing /home/airflow/.local/lib/python3.12/site-packages/airflow/example_dags/example_kubernetes_executor.py took 0.138 seconds
[2024-11-25T02:13:46.611+0000] {processor.py:186} INFO - Started process (PID=2405) to work on /home/airflow/.local/lib/python3.12/site-packages/airflow/example_dags/example_kubernetes_executor.py
[2024-11-25T02:13:46.613+0000] {processor.py:914} INFO - Processing file /home/airflow/.local/lib/python3.12/site-packages/airflow/example_dags/example_kubernetes_executor.py for tasks to queue
[2024-11-25T02:13:46.631+0000] {logging_mixin.py:190} INFO - [2024-11-25T02:13:46.621+0000] {dagbag.py:588} INFO - Filling up the DagBag from /home/airflow/.local/lib/python3.12/site-packages/airflow/example_dags/example_kubernetes_executor.py
[2024-11-25T02:13:46.693+0000] {processor.py:925} INFO - DAG(s) 'example_kubernetes_executor' retrieved from /home/airflow/.local/lib/python3.12/site-packages/airflow/example_dags/example_kubernetes_executor.py
[2024-11-25T02:13:46.741+0000] {logging_mixin.py:190} INFO - [2024-11-25T02:13:46.741+0000] {dag.py:3239} INFO - Sync 1 DAGs
[2024-11-25T02:13:46.762+0000] {logging_mixin.py:190} INFO - [2024-11-25T02:13:46.762+0000] {dag.py:4180} INFO - Setting next_dagrun for example_kubernetes_executor to None, run_after=None
[2024-11-25T02:13:46.799+0000] {processor.py:208} INFO - Processing /home/airflow/.local/lib/python3.12/site-packages/airflow/example_dags/example_kubernetes_executor.py took 0.209 seconds
[2024-11-25T02:14:17.479+0000] {processor.py:186} INFO - Started process (PID=2469) to work on /home/airflow/.local/lib/python3.12/site-packages/airflow/example_dags/example_kubernetes_executor.py
[2024-11-25T02:14:17.482+0000] {processor.py:914} INFO - Processing file /home/airflow/.local/lib/python3.12/site-packages/airflow/example_dags/example_kubernetes_executor.py for tasks to queue
[2024-11-25T02:14:17.489+0000] {logging_mixin.py:190} INFO - [2024-11-25T02:14:17.488+0000] {dagbag.py:588} INFO - Filling up the DagBag from /home/airflow/.local/lib/python3.12/site-packages/airflow/example_dags/example_kubernetes_executor.py
[2024-11-25T02:14:17.527+0000] {processor.py:925} INFO - DAG(s) 'example_kubernetes_executor' retrieved from /home/airflow/.local/lib/python3.12/site-packages/airflow/example_dags/example_kubernetes_executor.py
[2024-11-25T02:14:17.567+0000] {logging_mixin.py:190} INFO - [2024-11-25T02:14:17.567+0000] {dag.py:3239} INFO - Sync 1 DAGs
[2024-11-25T02:14:17.583+0000] {logging_mixin.py:190} INFO - [2024-11-25T02:14:17.583+0000] {dag.py:4180} INFO - Setting next_dagrun for example_kubernetes_executor to None, run_after=None
[2024-11-25T02:14:17.608+0000] {processor.py:208} INFO - Processing /home/airflow/.local/lib/python3.12/site-packages/airflow/example_dags/example_kubernetes_executor.py took 0.146 seconds
[2024-11-25T02:14:48.138+0000] {processor.py:186} INFO - Started process (PID=2533) to work on /home/airflow/.local/lib/python3.12/site-packages/airflow/example_dags/example_kubernetes_executor.py
[2024-11-25T02:14:48.145+0000] {processor.py:914} INFO - Processing file /home/airflow/.local/lib/python3.12/site-packages/airflow/example_dags/example_kubernetes_executor.py for tasks to queue
[2024-11-25T02:14:48.150+0000] {logging_mixin.py:190} INFO - [2024-11-25T02:14:48.149+0000] {dagbag.py:588} INFO - Filling up the DagBag from /home/airflow/.local/lib/python3.12/site-packages/airflow/example_dags/example_kubernetes_executor.py
[2024-11-25T02:14:48.203+0000] {processor.py:925} INFO - DAG(s) 'example_kubernetes_executor' retrieved from /home/airflow/.local/lib/python3.12/site-packages/airflow/example_dags/example_kubernetes_executor.py
[2024-11-25T02:14:48.643+0000] {logging_mixin.py:190} INFO - [2024-11-25T02:14:48.643+0000] {dag.py:3239} INFO - Sync 1 DAGs
[2024-11-25T02:14:48.665+0000] {logging_mixin.py:190} INFO - [2024-11-25T02:14:48.665+0000] {dag.py:4180} INFO - Setting next_dagrun for example_kubernetes_executor to None, run_after=None
[2024-11-25T02:14:48.711+0000] {processor.py:208} INFO - Processing /home/airflow/.local/lib/python3.12/site-packages/airflow/example_dags/example_kubernetes_executor.py took 0.587 seconds
[2024-11-25T02:15:19.068+0000] {processor.py:186} INFO - Started process (PID=2598) to work on /home/airflow/.local/lib/python3.12/site-packages/airflow/example_dags/example_kubernetes_executor.py
[2024-11-25T02:15:19.070+0000] {processor.py:914} INFO - Processing file /home/airflow/.local/lib/python3.12/site-packages/airflow/example_dags/example_kubernetes_executor.py for tasks to queue
[2024-11-25T02:15:19.078+0000] {logging_mixin.py:190} INFO - [2024-11-25T02:15:19.077+0000] {dagbag.py:588} INFO - Filling up the DagBag from /home/airflow/.local/lib/python3.12/site-packages/airflow/example_dags/example_kubernetes_executor.py
[2024-11-25T02:15:19.104+0000] {processor.py:925} INFO - DAG(s) 'example_kubernetes_executor' retrieved from /home/airflow/.local/lib/python3.12/site-packages/airflow/example_dags/example_kubernetes_executor.py
[2024-11-25T02:15:19.171+0000] {logging_mixin.py:190} INFO - [2024-11-25T02:15:19.171+0000] {dag.py:3239} INFO - Sync 1 DAGs
[2024-11-25T02:15:19.409+0000] {logging_mixin.py:190} INFO - [2024-11-25T02:15:19.409+0000] {dag.py:4180} INFO - Setting next_dagrun for example_kubernetes_executor to None, run_after=None
[2024-11-25T02:15:19.429+0000] {processor.py:208} INFO - Processing /home/airflow/.local/lib/python3.12/site-packages/airflow/example_dags/example_kubernetes_executor.py took 0.370 seconds
[2024-11-25T02:15:49.794+0000] {processor.py:186} INFO - Started process (PID=2662) to work on /home/airflow/.local/lib/python3.12/site-packages/airflow/example_dags/example_kubernetes_executor.py
[2024-11-25T02:15:49.795+0000] {processor.py:914} INFO - Processing file /home/airflow/.local/lib/python3.12/site-packages/airflow/example_dags/example_kubernetes_executor.py for tasks to queue
[2024-11-25T02:15:49.797+0000] {logging_mixin.py:190} INFO - [2024-11-25T02:15:49.797+0000] {dagbag.py:588} INFO - Filling up the DagBag from /home/airflow/.local/lib/python3.12/site-packages/airflow/example_dags/example_kubernetes_executor.py
[2024-11-25T02:15:49.826+0000] {processor.py:925} INFO - DAG(s) 'example_kubernetes_executor' retrieved from /home/airflow/.local/lib/python3.12/site-packages/airflow/example_dags/example_kubernetes_executor.py
[2024-11-25T02:15:49.864+0000] {logging_mixin.py:190} INFO - [2024-11-25T02:15:49.864+0000] {dag.py:3239} INFO - Sync 1 DAGs
[2024-11-25T02:15:49.883+0000] {logging_mixin.py:190} INFO - [2024-11-25T02:15:49.883+0000] {dag.py:4180} INFO - Setting next_dagrun for example_kubernetes_executor to None, run_after=None
[2024-11-25T02:15:50.105+0000] {processor.py:208} INFO - Processing /home/airflow/.local/lib/python3.12/site-packages/airflow/example_dags/example_kubernetes_executor.py took 0.319 seconds
[2024-11-25T02:16:20.726+0000] {processor.py:186} INFO - Started process (PID=2726) to work on /home/airflow/.local/lib/python3.12/site-packages/airflow/example_dags/example_kubernetes_executor.py
[2024-11-25T02:16:20.728+0000] {processor.py:914} INFO - Processing file /home/airflow/.local/lib/python3.12/site-packages/airflow/example_dags/example_kubernetes_executor.py for tasks to queue
[2024-11-25T02:16:20.731+0000] {logging_mixin.py:190} INFO - [2024-11-25T02:16:20.731+0000] {dagbag.py:588} INFO - Filling up the DagBag from /home/airflow/.local/lib/python3.12/site-packages/airflow/example_dags/example_kubernetes_executor.py
[2024-11-25T02:16:20.749+0000] {processor.py:925} INFO - DAG(s) 'example_kubernetes_executor' retrieved from /home/airflow/.local/lib/python3.12/site-packages/airflow/example_dags/example_kubernetes_executor.py
[2024-11-25T02:16:20.786+0000] {logging_mixin.py:190} INFO - [2024-11-25T02:16:20.785+0000] {dag.py:3239} INFO - Sync 1 DAGs
[2024-11-25T02:16:20.801+0000] {logging_mixin.py:190} INFO - [2024-11-25T02:16:20.801+0000] {dag.py:4180} INFO - Setting next_dagrun for example_kubernetes_executor to None, run_after=None
[2024-11-25T02:16:20.828+0000] {processor.py:208} INFO - Processing /home/airflow/.local/lib/python3.12/site-packages/airflow/example_dags/example_kubernetes_executor.py took 0.107 seconds
