[2024-11-25T01:55:21.312+0000] {processor.py:186} INFO - Started process (PID=95) to work on /home/airflow/.local/lib/python3.12/site-packages/airflow/example_dags/example_dag_decorator.py
[2024-11-25T01:55:21.314+0000] {processor.py:914} INFO - Processing file /home/airflow/.local/lib/python3.12/site-packages/airflow/example_dags/example_dag_decorator.py for tasks to queue
[2024-11-25T01:55:21.317+0000] {logging_mixin.py:190} INFO - [2024-11-25T01:55:21.317+0000] {dagbag.py:588} INFO - Filling up the DagBag from /home/airflow/.local/lib/python3.12/site-packages/airflow/example_dags/example_dag_decorator.py
[2024-11-25T01:55:21.384+0000] {processor.py:925} INFO - DAG(s) 'example_dag_decorator' retrieved from /home/airflow/.local/lib/python3.12/site-packages/airflow/example_dags/example_dag_decorator.py
[2024-11-25T01:55:22.159+0000] {logging_mixin.py:190} INFO - [2024-11-25T01:55:22.158+0000] {dag.py:3239} INFO - Sync 1 DAGs
[2024-11-25T01:55:22.215+0000] {logging_mixin.py:190} INFO - [2024-11-25T01:55:22.215+0000] {dag.py:4180} INFO - Setting next_dagrun for example_dag_decorator to None, run_after=None
[2024-11-25T01:55:22.288+0000] {processor.py:208} INFO - Processing /home/airflow/.local/lib/python3.12/site-packages/airflow/example_dags/example_dag_decorator.py took 0.991 seconds
[2024-11-25T01:55:53.249+0000] {processor.py:186} INFO - Started process (PID=161) to work on /home/airflow/.local/lib/python3.12/site-packages/airflow/example_dags/example_dag_decorator.py
[2024-11-25T01:55:53.251+0000] {processor.py:914} INFO - Processing file /home/airflow/.local/lib/python3.12/site-packages/airflow/example_dags/example_dag_decorator.py for tasks to queue
[2024-11-25T01:55:53.253+0000] {logging_mixin.py:190} INFO - [2024-11-25T01:55:53.252+0000] {dagbag.py:588} INFO - Filling up the DagBag from /home/airflow/.local/lib/python3.12/site-packages/airflow/example_dags/example_dag_decorator.py
[2024-11-25T01:55:53.265+0000] {processor.py:925} INFO - DAG(s) 'example_dag_decorator' retrieved from /home/airflow/.local/lib/python3.12/site-packages/airflow/example_dags/example_dag_decorator.py
[2024-11-25T01:55:53.371+0000] {logging_mixin.py:190} INFO - [2024-11-25T01:55:53.371+0000] {dag.py:3239} INFO - Sync 1 DAGs
[2024-11-25T01:55:53.384+0000] {logging_mixin.py:190} INFO - [2024-11-25T01:55:53.384+0000] {dag.py:4180} INFO - Setting next_dagrun for example_dag_decorator to None, run_after=None
[2024-11-25T01:55:53.402+0000] {processor.py:208} INFO - Processing /home/airflow/.local/lib/python3.12/site-packages/airflow/example_dags/example_dag_decorator.py took 0.159 seconds
[2024-11-25T01:56:24.380+0000] {processor.py:186} INFO - Started process (PID=225) to work on /home/airflow/.local/lib/python3.12/site-packages/airflow/example_dags/example_dag_decorator.py
[2024-11-25T01:56:24.381+0000] {processor.py:914} INFO - Processing file /home/airflow/.local/lib/python3.12/site-packages/airflow/example_dags/example_dag_decorator.py for tasks to queue
[2024-11-25T01:56:24.384+0000] {logging_mixin.py:190} INFO - [2024-11-25T01:56:24.384+0000] {dagbag.py:588} INFO - Filling up the DagBag from /home/airflow/.local/lib/python3.12/site-packages/airflow/example_dags/example_dag_decorator.py
[2024-11-25T01:56:24.401+0000] {processor.py:925} INFO - DAG(s) 'example_dag_decorator' retrieved from /home/airflow/.local/lib/python3.12/site-packages/airflow/example_dags/example_dag_decorator.py
[2024-11-25T01:56:24.563+0000] {logging_mixin.py:190} INFO - [2024-11-25T01:56:24.562+0000] {dag.py:3239} INFO - Sync 1 DAGs
[2024-11-25T01:56:24.577+0000] {logging_mixin.py:190} INFO - [2024-11-25T01:56:24.577+0000] {dag.py:4180} INFO - Setting next_dagrun for example_dag_decorator to None, run_after=None
[2024-11-25T01:56:24.597+0000] {processor.py:208} INFO - Processing /home/airflow/.local/lib/python3.12/site-packages/airflow/example_dags/example_dag_decorator.py took 0.226 seconds
[2024-11-25T01:56:58.040+0000] {processor.py:186} INFO - Started process (PID=289) to work on /home/airflow/.local/lib/python3.12/site-packages/airflow/example_dags/example_dag_decorator.py
[2024-11-25T01:56:58.049+0000] {processor.py:914} INFO - Processing file /home/airflow/.local/lib/python3.12/site-packages/airflow/example_dags/example_dag_decorator.py for tasks to queue
[2024-11-25T01:56:58.061+0000] {logging_mixin.py:190} INFO - [2024-11-25T01:56:58.060+0000] {dagbag.py:588} INFO - Filling up the DagBag from /home/airflow/.local/lib/python3.12/site-packages/airflow/example_dags/example_dag_decorator.py
[2024-11-25T01:56:58.134+0000] {processor.py:925} INFO - DAG(s) 'example_dag_decorator' retrieved from /home/airflow/.local/lib/python3.12/site-packages/airflow/example_dags/example_dag_decorator.py
[2024-11-25T01:56:58.224+0000] {logging_mixin.py:190} INFO - [2024-11-25T01:56:58.224+0000] {dag.py:3239} INFO - Sync 1 DAGs
[2024-11-25T01:56:58.280+0000] {logging_mixin.py:190} INFO - [2024-11-25T01:56:58.280+0000] {dag.py:4180} INFO - Setting next_dagrun for example_dag_decorator to None, run_after=None
[2024-11-25T01:56:58.383+0000] {processor.py:208} INFO - Processing /home/airflow/.local/lib/python3.12/site-packages/airflow/example_dags/example_dag_decorator.py took 0.368 seconds
[2024-11-25T01:57:29.232+0000] {processor.py:186} INFO - Started process (PID=353) to work on /home/airflow/.local/lib/python3.12/site-packages/airflow/example_dags/example_dag_decorator.py
[2024-11-25T01:57:29.233+0000] {processor.py:914} INFO - Processing file /home/airflow/.local/lib/python3.12/site-packages/airflow/example_dags/example_dag_decorator.py for tasks to queue
[2024-11-25T01:57:29.235+0000] {logging_mixin.py:190} INFO - [2024-11-25T01:57:29.235+0000] {dagbag.py:588} INFO - Filling up the DagBag from /home/airflow/.local/lib/python3.12/site-packages/airflow/example_dags/example_dag_decorator.py
[2024-11-25T01:57:29.246+0000] {processor.py:925} INFO - DAG(s) 'example_dag_decorator' retrieved from /home/airflow/.local/lib/python3.12/site-packages/airflow/example_dags/example_dag_decorator.py
[2024-11-25T01:57:29.385+0000] {logging_mixin.py:190} INFO - [2024-11-25T01:57:29.384+0000] {dag.py:3239} INFO - Sync 1 DAGs
[2024-11-25T01:57:29.400+0000] {logging_mixin.py:190} INFO - [2024-11-25T01:57:29.400+0000] {dag.py:4180} INFO - Setting next_dagrun for example_dag_decorator to None, run_after=None
[2024-11-25T01:57:29.425+0000] {processor.py:208} INFO - Processing /home/airflow/.local/lib/python3.12/site-packages/airflow/example_dags/example_dag_decorator.py took 0.198 seconds
[2024-11-25T01:57:59.651+0000] {processor.py:186} INFO - Started process (PID=416) to work on /home/airflow/.local/lib/python3.12/site-packages/airflow/example_dags/example_dag_decorator.py
[2024-11-25T01:57:59.652+0000] {processor.py:914} INFO - Processing file /home/airflow/.local/lib/python3.12/site-packages/airflow/example_dags/example_dag_decorator.py for tasks to queue
[2024-11-25T01:57:59.655+0000] {logging_mixin.py:190} INFO - [2024-11-25T01:57:59.655+0000] {dagbag.py:588} INFO - Filling up the DagBag from /home/airflow/.local/lib/python3.12/site-packages/airflow/example_dags/example_dag_decorator.py
[2024-11-25T01:57:59.670+0000] {processor.py:925} INFO - DAG(s) 'example_dag_decorator' retrieved from /home/airflow/.local/lib/python3.12/site-packages/airflow/example_dags/example_dag_decorator.py
[2024-11-25T01:57:59.795+0000] {logging_mixin.py:190} INFO - [2024-11-25T01:57:59.795+0000] {dag.py:3239} INFO - Sync 1 DAGs
[2024-11-25T01:57:59.811+0000] {logging_mixin.py:190} INFO - [2024-11-25T01:57:59.811+0000] {dag.py:4180} INFO - Setting next_dagrun for example_dag_decorator to None, run_after=None
[2024-11-25T01:57:59.841+0000] {processor.py:208} INFO - Processing /home/airflow/.local/lib/python3.12/site-packages/airflow/example_dags/example_dag_decorator.py took 0.196 seconds
[2024-11-25T01:58:30.227+0000] {processor.py:186} INFO - Started process (PID=486) to work on /home/airflow/.local/lib/python3.12/site-packages/airflow/example_dags/example_dag_decorator.py
[2024-11-25T01:58:30.228+0000] {processor.py:914} INFO - Processing file /home/airflow/.local/lib/python3.12/site-packages/airflow/example_dags/example_dag_decorator.py for tasks to queue
[2024-11-25T01:58:30.230+0000] {logging_mixin.py:190} INFO - [2024-11-25T01:58:30.230+0000] {dagbag.py:588} INFO - Filling up the DagBag from /home/airflow/.local/lib/python3.12/site-packages/airflow/example_dags/example_dag_decorator.py
[2024-11-25T01:58:30.241+0000] {processor.py:925} INFO - DAG(s) 'example_dag_decorator' retrieved from /home/airflow/.local/lib/python3.12/site-packages/airflow/example_dags/example_dag_decorator.py
[2024-11-25T01:58:30.263+0000] {logging_mixin.py:190} INFO - [2024-11-25T01:58:30.263+0000] {dag.py:3239} INFO - Sync 1 DAGs
[2024-11-25T01:58:30.279+0000] {logging_mixin.py:190} INFO - [2024-11-25T01:58:30.278+0000] {dag.py:4180} INFO - Setting next_dagrun for example_dag_decorator to None, run_after=None
[2024-11-25T01:58:30.296+0000] {processor.py:208} INFO - Processing /home/airflow/.local/lib/python3.12/site-packages/airflow/example_dags/example_dag_decorator.py took 0.074 seconds
[2024-11-25T01:59:00.984+0000] {processor.py:186} INFO - Started process (PID=550) to work on /home/airflow/.local/lib/python3.12/site-packages/airflow/example_dags/example_dag_decorator.py
[2024-11-25T01:59:00.986+0000] {processor.py:914} INFO - Processing file /home/airflow/.local/lib/python3.12/site-packages/airflow/example_dags/example_dag_decorator.py for tasks to queue
[2024-11-25T01:59:00.989+0000] {logging_mixin.py:190} INFO - [2024-11-25T01:59:00.989+0000] {dagbag.py:588} INFO - Filling up the DagBag from /home/airflow/.local/lib/python3.12/site-packages/airflow/example_dags/example_dag_decorator.py
[2024-11-25T01:59:01.002+0000] {processor.py:925} INFO - DAG(s) 'example_dag_decorator' retrieved from /home/airflow/.local/lib/python3.12/site-packages/airflow/example_dags/example_dag_decorator.py
[2024-11-25T01:59:01.133+0000] {logging_mixin.py:190} INFO - [2024-11-25T01:59:01.133+0000] {dag.py:3239} INFO - Sync 1 DAGs
[2024-11-25T01:59:01.147+0000] {logging_mixin.py:190} INFO - [2024-11-25T01:59:01.147+0000] {dag.py:4180} INFO - Setting next_dagrun for example_dag_decorator to None, run_after=None
[2024-11-25T01:59:01.166+0000] {processor.py:208} INFO - Processing /home/airflow/.local/lib/python3.12/site-packages/airflow/example_dags/example_dag_decorator.py took 0.189 seconds
[2024-11-25T01:59:31.299+0000] {processor.py:186} INFO - Started process (PID=615) to work on /home/airflow/.local/lib/python3.12/site-packages/airflow/example_dags/example_dag_decorator.py
[2024-11-25T01:59:31.300+0000] {processor.py:914} INFO - Processing file /home/airflow/.local/lib/python3.12/site-packages/airflow/example_dags/example_dag_decorator.py for tasks to queue
[2024-11-25T01:59:31.302+0000] {logging_mixin.py:190} INFO - [2024-11-25T01:59:31.302+0000] {dagbag.py:588} INFO - Filling up the DagBag from /home/airflow/.local/lib/python3.12/site-packages/airflow/example_dags/example_dag_decorator.py
[2024-11-25T01:59:31.314+0000] {processor.py:925} INFO - DAG(s) 'example_dag_decorator' retrieved from /home/airflow/.local/lib/python3.12/site-packages/airflow/example_dags/example_dag_decorator.py
[2024-11-25T01:59:31.440+0000] {logging_mixin.py:190} INFO - [2024-11-25T01:59:31.439+0000] {dag.py:3239} INFO - Sync 1 DAGs
[2024-11-25T01:59:31.455+0000] {logging_mixin.py:190} INFO - [2024-11-25T01:59:31.454+0000] {dag.py:4180} INFO - Setting next_dagrun for example_dag_decorator to None, run_after=None
[2024-11-25T01:59:31.475+0000] {processor.py:208} INFO - Processing /home/airflow/.local/lib/python3.12/site-packages/airflow/example_dags/example_dag_decorator.py took 0.180 seconds
[2024-11-25T02:00:01.595+0000] {processor.py:186} INFO - Started process (PID=678) to work on /home/airflow/.local/lib/python3.12/site-packages/airflow/example_dags/example_dag_decorator.py
[2024-11-25T02:00:01.596+0000] {processor.py:914} INFO - Processing file /home/airflow/.local/lib/python3.12/site-packages/airflow/example_dags/example_dag_decorator.py for tasks to queue
[2024-11-25T02:00:01.598+0000] {logging_mixin.py:190} INFO - [2024-11-25T02:00:01.598+0000] {dagbag.py:588} INFO - Filling up the DagBag from /home/airflow/.local/lib/python3.12/site-packages/airflow/example_dags/example_dag_decorator.py
[2024-11-25T02:00:01.610+0000] {processor.py:925} INFO - DAG(s) 'example_dag_decorator' retrieved from /home/airflow/.local/lib/python3.12/site-packages/airflow/example_dags/example_dag_decorator.py
[2024-11-25T02:00:01.719+0000] {logging_mixin.py:190} INFO - [2024-11-25T02:00:01.719+0000] {dag.py:3239} INFO - Sync 1 DAGs
[2024-11-25T02:00:01.731+0000] {logging_mixin.py:190} INFO - [2024-11-25T02:00:01.731+0000] {dag.py:4180} INFO - Setting next_dagrun for example_dag_decorator to None, run_after=None
[2024-11-25T02:00:01.750+0000] {processor.py:208} INFO - Processing /home/airflow/.local/lib/python3.12/site-packages/airflow/example_dags/example_dag_decorator.py took 0.161 seconds
[2024-11-25T02:00:32.153+0000] {processor.py:186} INFO - Started process (PID=746) to work on /home/airflow/.local/lib/python3.12/site-packages/airflow/example_dags/example_dag_decorator.py
[2024-11-25T02:00:32.155+0000] {processor.py:914} INFO - Processing file /home/airflow/.local/lib/python3.12/site-packages/airflow/example_dags/example_dag_decorator.py for tasks to queue
[2024-11-25T02:00:32.158+0000] {logging_mixin.py:190} INFO - [2024-11-25T02:00:32.158+0000] {dagbag.py:588} INFO - Filling up the DagBag from /home/airflow/.local/lib/python3.12/site-packages/airflow/example_dags/example_dag_decorator.py
[2024-11-25T02:00:32.173+0000] {processor.py:925} INFO - DAG(s) 'example_dag_decorator' retrieved from /home/airflow/.local/lib/python3.12/site-packages/airflow/example_dags/example_dag_decorator.py
[2024-11-25T02:00:32.201+0000] {logging_mixin.py:190} INFO - [2024-11-25T02:00:32.201+0000] {dag.py:3239} INFO - Sync 1 DAGs
[2024-11-25T02:00:32.222+0000] {logging_mixin.py:190} INFO - [2024-11-25T02:00:32.222+0000] {dag.py:4180} INFO - Setting next_dagrun for example_dag_decorator to None, run_after=None
[2024-11-25T02:00:32.245+0000] {processor.py:208} INFO - Processing /home/airflow/.local/lib/python3.12/site-packages/airflow/example_dags/example_dag_decorator.py took 0.099 seconds
[2024-11-25T02:01:02.796+0000] {processor.py:186} INFO - Started process (PID=810) to work on /home/airflow/.local/lib/python3.12/site-packages/airflow/example_dags/example_dag_decorator.py
[2024-11-25T02:01:02.797+0000] {processor.py:914} INFO - Processing file /home/airflow/.local/lib/python3.12/site-packages/airflow/example_dags/example_dag_decorator.py for tasks to queue
[2024-11-25T02:01:02.799+0000] {logging_mixin.py:190} INFO - [2024-11-25T02:01:02.799+0000] {dagbag.py:588} INFO - Filling up the DagBag from /home/airflow/.local/lib/python3.12/site-packages/airflow/example_dags/example_dag_decorator.py
[2024-11-25T02:01:02.810+0000] {processor.py:925} INFO - DAG(s) 'example_dag_decorator' retrieved from /home/airflow/.local/lib/python3.12/site-packages/airflow/example_dags/example_dag_decorator.py
[2024-11-25T02:01:02.834+0000] {logging_mixin.py:190} INFO - [2024-11-25T02:01:02.833+0000] {dag.py:3239} INFO - Sync 1 DAGs
[2024-11-25T02:01:02.847+0000] {logging_mixin.py:190} INFO - [2024-11-25T02:01:02.847+0000] {dag.py:4180} INFO - Setting next_dagrun for example_dag_decorator to None, run_after=None
[2024-11-25T02:01:02.866+0000] {processor.py:208} INFO - Processing /home/airflow/.local/lib/python3.12/site-packages/airflow/example_dags/example_dag_decorator.py took 0.075 seconds
[2024-11-25T02:01:33.154+0000] {processor.py:186} INFO - Started process (PID=874) to work on /home/airflow/.local/lib/python3.12/site-packages/airflow/example_dags/example_dag_decorator.py
[2024-11-25T02:01:33.155+0000] {processor.py:914} INFO - Processing file /home/airflow/.local/lib/python3.12/site-packages/airflow/example_dags/example_dag_decorator.py for tasks to queue
[2024-11-25T02:01:33.160+0000] {logging_mixin.py:190} INFO - [2024-11-25T02:01:33.159+0000] {dagbag.py:588} INFO - Filling up the DagBag from /home/airflow/.local/lib/python3.12/site-packages/airflow/example_dags/example_dag_decorator.py
[2024-11-25T02:01:33.181+0000] {processor.py:925} INFO - DAG(s) 'example_dag_decorator' retrieved from /home/airflow/.local/lib/python3.12/site-packages/airflow/example_dags/example_dag_decorator.py
[2024-11-25T02:01:33.213+0000] {logging_mixin.py:190} INFO - [2024-11-25T02:01:33.212+0000] {dag.py:3239} INFO - Sync 1 DAGs
[2024-11-25T02:01:33.239+0000] {logging_mixin.py:190} INFO - [2024-11-25T02:01:33.239+0000] {dag.py:4180} INFO - Setting next_dagrun for example_dag_decorator to None, run_after=None
[2024-11-25T02:01:33.267+0000] {processor.py:208} INFO - Processing /home/airflow/.local/lib/python3.12/site-packages/airflow/example_dags/example_dag_decorator.py took 0.120 seconds
[2024-11-25T02:02:03.536+0000] {processor.py:186} INFO - Started process (PID=938) to work on /home/airflow/.local/lib/python3.12/site-packages/airflow/example_dags/example_dag_decorator.py
[2024-11-25T02:02:03.537+0000] {processor.py:914} INFO - Processing file /home/airflow/.local/lib/python3.12/site-packages/airflow/example_dags/example_dag_decorator.py for tasks to queue
[2024-11-25T02:02:03.539+0000] {logging_mixin.py:190} INFO - [2024-11-25T02:02:03.538+0000] {dagbag.py:588} INFO - Filling up the DagBag from /home/airflow/.local/lib/python3.12/site-packages/airflow/example_dags/example_dag_decorator.py
[2024-11-25T02:02:03.551+0000] {processor.py:925} INFO - DAG(s) 'example_dag_decorator' retrieved from /home/airflow/.local/lib/python3.12/site-packages/airflow/example_dags/example_dag_decorator.py
[2024-11-25T02:02:03.661+0000] {logging_mixin.py:190} INFO - [2024-11-25T02:02:03.661+0000] {dag.py:3239} INFO - Sync 1 DAGs
[2024-11-25T02:02:03.673+0000] {logging_mixin.py:190} INFO - [2024-11-25T02:02:03.673+0000] {dag.py:4180} INFO - Setting next_dagrun for example_dag_decorator to None, run_after=None
[2024-11-25T02:02:03.692+0000] {processor.py:208} INFO - Processing /home/airflow/.local/lib/python3.12/site-packages/airflow/example_dags/example_dag_decorator.py took 0.162 seconds
[2024-11-25T02:02:33.769+0000] {processor.py:186} INFO - Started process (PID=1002) to work on /home/airflow/.local/lib/python3.12/site-packages/airflow/example_dags/example_dag_decorator.py
[2024-11-25T02:02:33.770+0000] {processor.py:914} INFO - Processing file /home/airflow/.local/lib/python3.12/site-packages/airflow/example_dags/example_dag_decorator.py for tasks to queue
[2024-11-25T02:02:33.773+0000] {logging_mixin.py:190} INFO - [2024-11-25T02:02:33.772+0000] {dagbag.py:588} INFO - Filling up the DagBag from /home/airflow/.local/lib/python3.12/site-packages/airflow/example_dags/example_dag_decorator.py
[2024-11-25T02:02:33.784+0000] {processor.py:925} INFO - DAG(s) 'example_dag_decorator' retrieved from /home/airflow/.local/lib/python3.12/site-packages/airflow/example_dags/example_dag_decorator.py
[2024-11-25T02:02:33.889+0000] {logging_mixin.py:190} INFO - [2024-11-25T02:02:33.889+0000] {dag.py:3239} INFO - Sync 1 DAGs
[2024-11-25T02:02:33.904+0000] {logging_mixin.py:190} INFO - [2024-11-25T02:02:33.903+0000] {dag.py:4180} INFO - Setting next_dagrun for example_dag_decorator to None, run_after=None
[2024-11-25T02:02:33.925+0000] {processor.py:208} INFO - Processing /home/airflow/.local/lib/python3.12/site-packages/airflow/example_dags/example_dag_decorator.py took 0.160 seconds
[2024-11-25T02:03:04.415+0000] {processor.py:186} INFO - Started process (PID=1067) to work on /home/airflow/.local/lib/python3.12/site-packages/airflow/example_dags/example_dag_decorator.py
[2024-11-25T02:03:04.416+0000] {processor.py:914} INFO - Processing file /home/airflow/.local/lib/python3.12/site-packages/airflow/example_dags/example_dag_decorator.py for tasks to queue
[2024-11-25T02:03:04.419+0000] {logging_mixin.py:190} INFO - [2024-11-25T02:03:04.419+0000] {dagbag.py:588} INFO - Filling up the DagBag from /home/airflow/.local/lib/python3.12/site-packages/airflow/example_dags/example_dag_decorator.py
[2024-11-25T02:03:04.440+0000] {processor.py:925} INFO - DAG(s) 'example_dag_decorator' retrieved from /home/airflow/.local/lib/python3.12/site-packages/airflow/example_dags/example_dag_decorator.py
[2024-11-25T02:03:04.630+0000] {logging_mixin.py:190} INFO - [2024-11-25T02:03:04.630+0000] {dag.py:3239} INFO - Sync 1 DAGs
[2024-11-25T02:03:04.647+0000] {logging_mixin.py:190} INFO - [2024-11-25T02:03:04.647+0000] {dag.py:4180} INFO - Setting next_dagrun for example_dag_decorator to None, run_after=None
[2024-11-25T02:03:04.669+0000] {processor.py:208} INFO - Processing /home/airflow/.local/lib/python3.12/site-packages/airflow/example_dags/example_dag_decorator.py took 0.260 seconds
[2024-11-25T02:03:34.727+0000] {processor.py:186} INFO - Started process (PID=1131) to work on /home/airflow/.local/lib/python3.12/site-packages/airflow/example_dags/example_dag_decorator.py
[2024-11-25T02:03:34.728+0000] {processor.py:914} INFO - Processing file /home/airflow/.local/lib/python3.12/site-packages/airflow/example_dags/example_dag_decorator.py for tasks to queue
[2024-11-25T02:03:34.732+0000] {logging_mixin.py:190} INFO - [2024-11-25T02:03:34.731+0000] {dagbag.py:588} INFO - Filling up the DagBag from /home/airflow/.local/lib/python3.12/site-packages/airflow/example_dags/example_dag_decorator.py
[2024-11-25T02:03:34.746+0000] {processor.py:925} INFO - DAG(s) 'example_dag_decorator' retrieved from /home/airflow/.local/lib/python3.12/site-packages/airflow/example_dags/example_dag_decorator.py
[2024-11-25T02:03:34.888+0000] {logging_mixin.py:190} INFO - [2024-11-25T02:03:34.888+0000] {dag.py:3239} INFO - Sync 1 DAGs
[2024-11-25T02:03:34.901+0000] {logging_mixin.py:190} INFO - [2024-11-25T02:03:34.900+0000] {dag.py:4180} INFO - Setting next_dagrun for example_dag_decorator to None, run_after=None
[2024-11-25T02:03:34.922+0000] {processor.py:208} INFO - Processing /home/airflow/.local/lib/python3.12/site-packages/airflow/example_dags/example_dag_decorator.py took 0.202 seconds
[2024-11-25T02:04:05.322+0000] {processor.py:186} INFO - Started process (PID=1195) to work on /home/airflow/.local/lib/python3.12/site-packages/airflow/example_dags/example_dag_decorator.py
[2024-11-25T02:04:05.323+0000] {processor.py:914} INFO - Processing file /home/airflow/.local/lib/python3.12/site-packages/airflow/example_dags/example_dag_decorator.py for tasks to queue
[2024-11-25T02:04:05.325+0000] {logging_mixin.py:190} INFO - [2024-11-25T02:04:05.325+0000] {dagbag.py:588} INFO - Filling up the DagBag from /home/airflow/.local/lib/python3.12/site-packages/airflow/example_dags/example_dag_decorator.py
[2024-11-25T02:04:05.336+0000] {processor.py:925} INFO - DAG(s) 'example_dag_decorator' retrieved from /home/airflow/.local/lib/python3.12/site-packages/airflow/example_dags/example_dag_decorator.py
[2024-11-25T02:04:05.532+0000] {logging_mixin.py:190} INFO - [2024-11-25T02:04:05.532+0000] {dag.py:3239} INFO - Sync 1 DAGs
[2024-11-25T02:04:05.549+0000] {logging_mixin.py:190} INFO - [2024-11-25T02:04:05.549+0000] {dag.py:4180} INFO - Setting next_dagrun for example_dag_decorator to None, run_after=None
[2024-11-25T02:04:05.596+0000] {processor.py:208} INFO - Processing /home/airflow/.local/lib/python3.12/site-packages/airflow/example_dags/example_dag_decorator.py took 0.279 seconds
[2024-11-25T02:04:35.672+0000] {processor.py:186} INFO - Started process (PID=1260) to work on /home/airflow/.local/lib/python3.12/site-packages/airflow/example_dags/example_dag_decorator.py
[2024-11-25T02:04:35.674+0000] {processor.py:914} INFO - Processing file /home/airflow/.local/lib/python3.12/site-packages/airflow/example_dags/example_dag_decorator.py for tasks to queue
[2024-11-25T02:04:35.677+0000] {logging_mixin.py:190} INFO - [2024-11-25T02:04:35.677+0000] {dagbag.py:588} INFO - Filling up the DagBag from /home/airflow/.local/lib/python3.12/site-packages/airflow/example_dags/example_dag_decorator.py
[2024-11-25T02:04:35.699+0000] {processor.py:925} INFO - DAG(s) 'example_dag_decorator' retrieved from /home/airflow/.local/lib/python3.12/site-packages/airflow/example_dags/example_dag_decorator.py
[2024-11-25T02:04:35.852+0000] {logging_mixin.py:190} INFO - [2024-11-25T02:04:35.852+0000] {dag.py:3239} INFO - Sync 1 DAGs
[2024-11-25T02:04:35.870+0000] {logging_mixin.py:190} INFO - [2024-11-25T02:04:35.870+0000] {dag.py:4180} INFO - Setting next_dagrun for example_dag_decorator to None, run_after=None
[2024-11-25T02:04:35.891+0000] {processor.py:208} INFO - Processing /home/airflow/.local/lib/python3.12/site-packages/airflow/example_dags/example_dag_decorator.py took 0.228 seconds
[2024-11-25T02:05:05.951+0000] {processor.py:186} INFO - Started process (PID=1324) to work on /home/airflow/.local/lib/python3.12/site-packages/airflow/example_dags/example_dag_decorator.py
[2024-11-25T02:05:05.952+0000] {processor.py:914} INFO - Processing file /home/airflow/.local/lib/python3.12/site-packages/airflow/example_dags/example_dag_decorator.py for tasks to queue
[2024-11-25T02:05:05.955+0000] {logging_mixin.py:190} INFO - [2024-11-25T02:05:05.955+0000] {dagbag.py:588} INFO - Filling up the DagBag from /home/airflow/.local/lib/python3.12/site-packages/airflow/example_dags/example_dag_decorator.py
[2024-11-25T02:05:05.971+0000] {processor.py:925} INFO - DAG(s) 'example_dag_decorator' retrieved from /home/airflow/.local/lib/python3.12/site-packages/airflow/example_dags/example_dag_decorator.py
[2024-11-25T02:05:05.995+0000] {logging_mixin.py:190} INFO - [2024-11-25T02:05:05.994+0000] {dag.py:3239} INFO - Sync 1 DAGs
[2024-11-25T02:05:06.011+0000] {logging_mixin.py:190} INFO - [2024-11-25T02:05:06.011+0000] {dag.py:4180} INFO - Setting next_dagrun for example_dag_decorator to None, run_after=None
[2024-11-25T02:05:06.030+0000] {processor.py:208} INFO - Processing /home/airflow/.local/lib/python3.12/site-packages/airflow/example_dags/example_dag_decorator.py took 0.085 seconds
[2024-11-25T02:05:36.684+0000] {processor.py:186} INFO - Started process (PID=1387) to work on /home/airflow/.local/lib/python3.12/site-packages/airflow/example_dags/example_dag_decorator.py
[2024-11-25T02:05:36.685+0000] {processor.py:914} INFO - Processing file /home/airflow/.local/lib/python3.12/site-packages/airflow/example_dags/example_dag_decorator.py for tasks to queue
[2024-11-25T02:05:36.687+0000] {logging_mixin.py:190} INFO - [2024-11-25T02:05:36.686+0000] {dagbag.py:588} INFO - Filling up the DagBag from /home/airflow/.local/lib/python3.12/site-packages/airflow/example_dags/example_dag_decorator.py
[2024-11-25T02:05:36.698+0000] {processor.py:925} INFO - DAG(s) 'example_dag_decorator' retrieved from /home/airflow/.local/lib/python3.12/site-packages/airflow/example_dags/example_dag_decorator.py
[2024-11-25T02:05:36.719+0000] {logging_mixin.py:190} INFO - [2024-11-25T02:05:36.719+0000] {dag.py:3239} INFO - Sync 1 DAGs
[2024-11-25T02:05:36.734+0000] {logging_mixin.py:190} INFO - [2024-11-25T02:05:36.734+0000] {dag.py:4180} INFO - Setting next_dagrun for example_dag_decorator to None, run_after=None
[2024-11-25T02:05:36.752+0000] {processor.py:208} INFO - Processing /home/airflow/.local/lib/python3.12/site-packages/airflow/example_dags/example_dag_decorator.py took 0.073 seconds
[2024-11-25T02:06:06.938+0000] {processor.py:186} INFO - Started process (PID=1451) to work on /home/airflow/.local/lib/python3.12/site-packages/airflow/example_dags/example_dag_decorator.py
[2024-11-25T02:06:06.939+0000] {processor.py:914} INFO - Processing file /home/airflow/.local/lib/python3.12/site-packages/airflow/example_dags/example_dag_decorator.py for tasks to queue
[2024-11-25T02:06:06.942+0000] {logging_mixin.py:190} INFO - [2024-11-25T02:06:06.942+0000] {dagbag.py:588} INFO - Filling up the DagBag from /home/airflow/.local/lib/python3.12/site-packages/airflow/example_dags/example_dag_decorator.py
[2024-11-25T02:06:06.956+0000] {processor.py:925} INFO - DAG(s) 'example_dag_decorator' retrieved from /home/airflow/.local/lib/python3.12/site-packages/airflow/example_dags/example_dag_decorator.py
[2024-11-25T02:06:06.981+0000] {logging_mixin.py:190} INFO - [2024-11-25T02:06:06.981+0000] {dag.py:3239} INFO - Sync 1 DAGs
[2024-11-25T02:06:06.996+0000] {logging_mixin.py:190} INFO - [2024-11-25T02:06:06.996+0000] {dag.py:4180} INFO - Setting next_dagrun for example_dag_decorator to None, run_after=None
[2024-11-25T02:06:07.014+0000] {processor.py:208} INFO - Processing /home/airflow/.local/lib/python3.12/site-packages/airflow/example_dags/example_dag_decorator.py took 0.082 seconds
[2024-11-25T02:06:37.211+0000] {processor.py:186} INFO - Started process (PID=1516) to work on /home/airflow/.local/lib/python3.12/site-packages/airflow/example_dags/example_dag_decorator.py
[2024-11-25T02:06:37.213+0000] {processor.py:914} INFO - Processing file /home/airflow/.local/lib/python3.12/site-packages/airflow/example_dags/example_dag_decorator.py for tasks to queue
[2024-11-25T02:06:37.218+0000] {logging_mixin.py:190} INFO - [2024-11-25T02:06:37.217+0000] {dagbag.py:588} INFO - Filling up the DagBag from /home/airflow/.local/lib/python3.12/site-packages/airflow/example_dags/example_dag_decorator.py
[2024-11-25T02:06:37.268+0000] {processor.py:925} INFO - DAG(s) 'example_dag_decorator' retrieved from /home/airflow/.local/lib/python3.12/site-packages/airflow/example_dags/example_dag_decorator.py
[2024-11-25T02:06:37.366+0000] {logging_mixin.py:190} INFO - [2024-11-25T02:06:37.365+0000] {dag.py:3239} INFO - Sync 1 DAGs
[2024-11-25T02:06:37.411+0000] {logging_mixin.py:190} INFO - [2024-11-25T02:06:37.410+0000] {dag.py:4180} INFO - Setting next_dagrun for example_dag_decorator to None, run_after=None
[2024-11-25T02:06:37.446+0000] {processor.py:208} INFO - Processing /home/airflow/.local/lib/python3.12/site-packages/airflow/example_dags/example_dag_decorator.py took 0.254 seconds
[2024-11-25T02:07:08.183+0000] {processor.py:186} INFO - Started process (PID=1580) to work on /home/airflow/.local/lib/python3.12/site-packages/airflow/example_dags/example_dag_decorator.py
[2024-11-25T02:07:08.185+0000] {processor.py:914} INFO - Processing file /home/airflow/.local/lib/python3.12/site-packages/airflow/example_dags/example_dag_decorator.py for tasks to queue
[2024-11-25T02:07:08.188+0000] {logging_mixin.py:190} INFO - [2024-11-25T02:07:08.188+0000] {dagbag.py:588} INFO - Filling up the DagBag from /home/airflow/.local/lib/python3.12/site-packages/airflow/example_dags/example_dag_decorator.py
[2024-11-25T02:07:08.206+0000] {processor.py:925} INFO - DAG(s) 'example_dag_decorator' retrieved from /home/airflow/.local/lib/python3.12/site-packages/airflow/example_dags/example_dag_decorator.py
[2024-11-25T02:07:08.381+0000] {logging_mixin.py:190} INFO - [2024-11-25T02:07:08.381+0000] {dag.py:3239} INFO - Sync 1 DAGs
[2024-11-25T02:07:08.398+0000] {logging_mixin.py:190} INFO - [2024-11-25T02:07:08.398+0000] {dag.py:4180} INFO - Setting next_dagrun for example_dag_decorator to None, run_after=None
[2024-11-25T02:07:08.425+0000] {processor.py:208} INFO - Processing /home/airflow/.local/lib/python3.12/site-packages/airflow/example_dags/example_dag_decorator.py took 0.249 seconds
[2024-11-25T02:07:38.490+0000] {processor.py:186} INFO - Started process (PID=1644) to work on /home/airflow/.local/lib/python3.12/site-packages/airflow/example_dags/example_dag_decorator.py
[2024-11-25T02:07:38.491+0000] {processor.py:914} INFO - Processing file /home/airflow/.local/lib/python3.12/site-packages/airflow/example_dags/example_dag_decorator.py for tasks to queue
[2024-11-25T02:07:38.494+0000] {logging_mixin.py:190} INFO - [2024-11-25T02:07:38.494+0000] {dagbag.py:588} INFO - Filling up the DagBag from /home/airflow/.local/lib/python3.12/site-packages/airflow/example_dags/example_dag_decorator.py
[2024-11-25T02:07:38.514+0000] {processor.py:925} INFO - DAG(s) 'example_dag_decorator' retrieved from /home/airflow/.local/lib/python3.12/site-packages/airflow/example_dags/example_dag_decorator.py
[2024-11-25T02:07:38.664+0000] {logging_mixin.py:190} INFO - [2024-11-25T02:07:38.664+0000] {dag.py:3239} INFO - Sync 1 DAGs
[2024-11-25T02:07:38.677+0000] {logging_mixin.py:190} INFO - [2024-11-25T02:07:38.677+0000] {dag.py:4180} INFO - Setting next_dagrun for example_dag_decorator to None, run_after=None
[2024-11-25T02:07:38.696+0000] {processor.py:208} INFO - Processing /home/airflow/.local/lib/python3.12/site-packages/airflow/example_dags/example_dag_decorator.py took 0.215 seconds
[2024-11-25T02:08:09.165+0000] {processor.py:186} INFO - Started process (PID=1708) to work on /home/airflow/.local/lib/python3.12/site-packages/airflow/example_dags/example_dag_decorator.py
[2024-11-25T02:08:09.166+0000] {processor.py:914} INFO - Processing file /home/airflow/.local/lib/python3.12/site-packages/airflow/example_dags/example_dag_decorator.py for tasks to queue
[2024-11-25T02:08:09.169+0000] {logging_mixin.py:190} INFO - [2024-11-25T02:08:09.168+0000] {dagbag.py:588} INFO - Filling up the DagBag from /home/airflow/.local/lib/python3.12/site-packages/airflow/example_dags/example_dag_decorator.py
[2024-11-25T02:08:09.184+0000] {processor.py:925} INFO - DAG(s) 'example_dag_decorator' retrieved from /home/airflow/.local/lib/python3.12/site-packages/airflow/example_dags/example_dag_decorator.py
[2024-11-25T02:08:09.296+0000] {logging_mixin.py:190} INFO - [2024-11-25T02:08:09.295+0000] {dag.py:3239} INFO - Sync 1 DAGs
[2024-11-25T02:08:09.308+0000] {logging_mixin.py:190} INFO - [2024-11-25T02:08:09.308+0000] {dag.py:4180} INFO - Setting next_dagrun for example_dag_decorator to None, run_after=None
[2024-11-25T02:08:09.326+0000] {processor.py:208} INFO - Processing /home/airflow/.local/lib/python3.12/site-packages/airflow/example_dags/example_dag_decorator.py took 0.170 seconds
[2024-11-25T02:08:40.176+0000] {processor.py:186} INFO - Started process (PID=1771) to work on /home/airflow/.local/lib/python3.12/site-packages/airflow/example_dags/example_dag_decorator.py
[2024-11-25T02:08:40.177+0000] {processor.py:914} INFO - Processing file /home/airflow/.local/lib/python3.12/site-packages/airflow/example_dags/example_dag_decorator.py for tasks to queue
[2024-11-25T02:08:40.180+0000] {logging_mixin.py:190} INFO - [2024-11-25T02:08:40.180+0000] {dagbag.py:588} INFO - Filling up the DagBag from /home/airflow/.local/lib/python3.12/site-packages/airflow/example_dags/example_dag_decorator.py
[2024-11-25T02:08:40.196+0000] {processor.py:925} INFO - DAG(s) 'example_dag_decorator' retrieved from /home/airflow/.local/lib/python3.12/site-packages/airflow/example_dags/example_dag_decorator.py
[2024-11-25T02:08:40.223+0000] {logging_mixin.py:190} INFO - [2024-11-25T02:08:40.223+0000] {dag.py:3239} INFO - Sync 1 DAGs
[2024-11-25T02:08:40.239+0000] {logging_mixin.py:190} INFO - [2024-11-25T02:08:40.239+0000] {dag.py:4180} INFO - Setting next_dagrun for example_dag_decorator to None, run_after=None
[2024-11-25T02:08:40.260+0000] {processor.py:208} INFO - Processing /home/airflow/.local/lib/python3.12/site-packages/airflow/example_dags/example_dag_decorator.py took 0.091 seconds
[2024-11-25T02:09:10.805+0000] {processor.py:186} INFO - Started process (PID=1834) to work on /home/airflow/.local/lib/python3.12/site-packages/airflow/example_dags/example_dag_decorator.py
[2024-11-25T02:09:10.806+0000] {processor.py:914} INFO - Processing file /home/airflow/.local/lib/python3.12/site-packages/airflow/example_dags/example_dag_decorator.py for tasks to queue
[2024-11-25T02:09:10.809+0000] {logging_mixin.py:190} INFO - [2024-11-25T02:09:10.809+0000] {dagbag.py:588} INFO - Filling up the DagBag from /home/airflow/.local/lib/python3.12/site-packages/airflow/example_dags/example_dag_decorator.py
[2024-11-25T02:09:10.826+0000] {processor.py:925} INFO - DAG(s) 'example_dag_decorator' retrieved from /home/airflow/.local/lib/python3.12/site-packages/airflow/example_dags/example_dag_decorator.py
[2024-11-25T02:09:10.958+0000] {logging_mixin.py:190} INFO - [2024-11-25T02:09:10.958+0000] {dag.py:3239} INFO - Sync 1 DAGs
[2024-11-25T02:09:10.972+0000] {logging_mixin.py:190} INFO - [2024-11-25T02:09:10.972+0000] {dag.py:4180} INFO - Setting next_dagrun for example_dag_decorator to None, run_after=None
[2024-11-25T02:09:10.993+0000] {processor.py:208} INFO - Processing /home/airflow/.local/lib/python3.12/site-packages/airflow/example_dags/example_dag_decorator.py took 0.196 seconds
[2024-11-25T02:09:41.733+0000] {processor.py:186} INFO - Started process (PID=1898) to work on /home/airflow/.local/lib/python3.12/site-packages/airflow/example_dags/example_dag_decorator.py
[2024-11-25T02:09:41.734+0000] {processor.py:914} INFO - Processing file /home/airflow/.local/lib/python3.12/site-packages/airflow/example_dags/example_dag_decorator.py for tasks to queue
[2024-11-25T02:09:41.736+0000] {logging_mixin.py:190} INFO - [2024-11-25T02:09:41.735+0000] {dagbag.py:588} INFO - Filling up the DagBag from /home/airflow/.local/lib/python3.12/site-packages/airflow/example_dags/example_dag_decorator.py
[2024-11-25T02:09:41.747+0000] {processor.py:925} INFO - DAG(s) 'example_dag_decorator' retrieved from /home/airflow/.local/lib/python3.12/site-packages/airflow/example_dags/example_dag_decorator.py
[2024-11-25T02:09:41.772+0000] {logging_mixin.py:190} INFO - [2024-11-25T02:09:41.772+0000] {dag.py:3239} INFO - Sync 1 DAGs
[2024-11-25T02:09:41.792+0000] {logging_mixin.py:190} INFO - [2024-11-25T02:09:41.792+0000] {dag.py:4180} INFO - Setting next_dagrun for example_dag_decorator to None, run_after=None
[2024-11-25T02:09:41.812+0000] {processor.py:208} INFO - Processing /home/airflow/.local/lib/python3.12/site-packages/airflow/example_dags/example_dag_decorator.py took 0.084 seconds
[2024-11-25T02:10:12.650+0000] {processor.py:186} INFO - Started process (PID=1962) to work on /home/airflow/.local/lib/python3.12/site-packages/airflow/example_dags/example_dag_decorator.py
[2024-11-25T02:10:12.651+0000] {processor.py:914} INFO - Processing file /home/airflow/.local/lib/python3.12/site-packages/airflow/example_dags/example_dag_decorator.py for tasks to queue
[2024-11-25T02:10:12.654+0000] {logging_mixin.py:190} INFO - [2024-11-25T02:10:12.653+0000] {dagbag.py:588} INFO - Filling up the DagBag from /home/airflow/.local/lib/python3.12/site-packages/airflow/example_dags/example_dag_decorator.py
[2024-11-25T02:10:12.667+0000] {processor.py:925} INFO - DAG(s) 'example_dag_decorator' retrieved from /home/airflow/.local/lib/python3.12/site-packages/airflow/example_dags/example_dag_decorator.py
[2024-11-25T02:10:12.803+0000] {logging_mixin.py:190} INFO - [2024-11-25T02:10:12.803+0000] {dag.py:3239} INFO - Sync 1 DAGs
[2024-11-25T02:10:12.817+0000] {logging_mixin.py:190} INFO - [2024-11-25T02:10:12.816+0000] {dag.py:4180} INFO - Setting next_dagrun for example_dag_decorator to None, run_after=None
[2024-11-25T02:10:12.838+0000] {processor.py:208} INFO - Processing /home/airflow/.local/lib/python3.12/site-packages/airflow/example_dags/example_dag_decorator.py took 0.194 seconds
[2024-11-25T02:10:44.230+0000] {processor.py:186} INFO - Started process (PID=2026) to work on /home/airflow/.local/lib/python3.12/site-packages/airflow/example_dags/example_dag_decorator.py
[2024-11-25T02:10:44.232+0000] {processor.py:914} INFO - Processing file /home/airflow/.local/lib/python3.12/site-packages/airflow/example_dags/example_dag_decorator.py for tasks to queue
[2024-11-25T02:10:44.236+0000] {logging_mixin.py:190} INFO - [2024-11-25T02:10:44.235+0000] {dagbag.py:588} INFO - Filling up the DagBag from /home/airflow/.local/lib/python3.12/site-packages/airflow/example_dags/example_dag_decorator.py
[2024-11-25T02:10:44.256+0000] {processor.py:925} INFO - DAG(s) 'example_dag_decorator' retrieved from /home/airflow/.local/lib/python3.12/site-packages/airflow/example_dags/example_dag_decorator.py
[2024-11-25T02:10:44.423+0000] {logging_mixin.py:190} INFO - [2024-11-25T02:10:44.423+0000] {dag.py:3239} INFO - Sync 1 DAGs
[2024-11-25T02:10:44.806+0000] {logging_mixin.py:190} INFO - [2024-11-25T02:10:44.806+0000] {dag.py:4180} INFO - Setting next_dagrun for example_dag_decorator to None, run_after=None
[2024-11-25T02:10:44.837+0000] {processor.py:208} INFO - Processing /home/airflow/.local/lib/python3.12/site-packages/airflow/example_dags/example_dag_decorator.py took 0.616 seconds
[2024-11-25T02:11:14.901+0000] {processor.py:186} INFO - Started process (PID=2093) to work on /home/airflow/.local/lib/python3.12/site-packages/airflow/example_dags/example_dag_decorator.py
[2024-11-25T02:11:14.902+0000] {processor.py:914} INFO - Processing file /home/airflow/.local/lib/python3.12/site-packages/airflow/example_dags/example_dag_decorator.py for tasks to queue
[2024-11-25T02:11:14.905+0000] {logging_mixin.py:190} INFO - [2024-11-25T02:11:14.905+0000] {dagbag.py:588} INFO - Filling up the DagBag from /home/airflow/.local/lib/python3.12/site-packages/airflow/example_dags/example_dag_decorator.py
[2024-11-25T02:11:14.918+0000] {processor.py:925} INFO - DAG(s) 'example_dag_decorator' retrieved from /home/airflow/.local/lib/python3.12/site-packages/airflow/example_dags/example_dag_decorator.py
[2024-11-25T02:11:15.037+0000] {logging_mixin.py:190} INFO - [2024-11-25T02:11:15.037+0000] {dag.py:3239} INFO - Sync 1 DAGs
[2024-11-25T02:11:15.227+0000] {logging_mixin.py:190} INFO - [2024-11-25T02:11:15.227+0000] {dag.py:4180} INFO - Setting next_dagrun for example_dag_decorator to None, run_after=None
[2024-11-25T02:11:15.245+0000] {processor.py:208} INFO - Processing /home/airflow/.local/lib/python3.12/site-packages/airflow/example_dags/example_dag_decorator.py took 0.350 seconds
[2024-11-25T02:11:45.582+0000] {processor.py:186} INFO - Started process (PID=2155) to work on /home/airflow/.local/lib/python3.12/site-packages/airflow/example_dags/example_dag_decorator.py
[2024-11-25T02:11:45.584+0000] {processor.py:914} INFO - Processing file /home/airflow/.local/lib/python3.12/site-packages/airflow/example_dags/example_dag_decorator.py for tasks to queue
[2024-11-25T02:11:45.588+0000] {logging_mixin.py:190} INFO - [2024-11-25T02:11:45.588+0000] {dagbag.py:588} INFO - Filling up the DagBag from /home/airflow/.local/lib/python3.12/site-packages/airflow/example_dags/example_dag_decorator.py
[2024-11-25T02:11:45.638+0000] {processor.py:925} INFO - DAG(s) 'example_dag_decorator' retrieved from /home/airflow/.local/lib/python3.12/site-packages/airflow/example_dags/example_dag_decorator.py
[2024-11-25T02:11:45.714+0000] {logging_mixin.py:190} INFO - [2024-11-25T02:11:45.705+0000] {dag.py:3239} INFO - Sync 1 DAGs
[2024-11-25T02:11:45.760+0000] {logging_mixin.py:190} INFO - [2024-11-25T02:11:45.760+0000] {dag.py:4180} INFO - Setting next_dagrun for example_dag_decorator to None, run_after=None
[2024-11-25T02:11:45.803+0000] {processor.py:208} INFO - Processing /home/airflow/.local/lib/python3.12/site-packages/airflow/example_dags/example_dag_decorator.py took 0.238 seconds
[2024-11-25T02:12:15.955+0000] {processor.py:186} INFO - Started process (PID=2219) to work on /home/airflow/.local/lib/python3.12/site-packages/airflow/example_dags/example_dag_decorator.py
[2024-11-25T02:12:15.957+0000] {processor.py:914} INFO - Processing file /home/airflow/.local/lib/python3.12/site-packages/airflow/example_dags/example_dag_decorator.py for tasks to queue
[2024-11-25T02:12:15.961+0000] {logging_mixin.py:190} INFO - [2024-11-25T02:12:15.960+0000] {dagbag.py:588} INFO - Filling up the DagBag from /home/airflow/.local/lib/python3.12/site-packages/airflow/example_dags/example_dag_decorator.py
[2024-11-25T02:12:15.985+0000] {processor.py:925} INFO - DAG(s) 'example_dag_decorator' retrieved from /home/airflow/.local/lib/python3.12/site-packages/airflow/example_dags/example_dag_decorator.py
[2024-11-25T02:12:16.257+0000] {logging_mixin.py:190} INFO - [2024-11-25T02:12:16.257+0000] {dag.py:3239} INFO - Sync 1 DAGs
[2024-11-25T02:12:16.280+0000] {logging_mixin.py:190} INFO - [2024-11-25T02:12:16.280+0000] {dag.py:4180} INFO - Setting next_dagrun for example_dag_decorator to None, run_after=None
[2024-11-25T02:12:16.323+0000] {processor.py:208} INFO - Processing /home/airflow/.local/lib/python3.12/site-packages/airflow/example_dags/example_dag_decorator.py took 0.380 seconds
[2024-11-25T02:12:47.043+0000] {processor.py:186} INFO - Started process (PID=2283) to work on /home/airflow/.local/lib/python3.12/site-packages/airflow/example_dags/example_dag_decorator.py
[2024-11-25T02:12:47.044+0000] {processor.py:914} INFO - Processing file /home/airflow/.local/lib/python3.12/site-packages/airflow/example_dags/example_dag_decorator.py for tasks to queue
[2024-11-25T02:12:47.047+0000] {logging_mixin.py:190} INFO - [2024-11-25T02:12:47.047+0000] {dagbag.py:588} INFO - Filling up the DagBag from /home/airflow/.local/lib/python3.12/site-packages/airflow/example_dags/example_dag_decorator.py
[2024-11-25T02:12:47.061+0000] {processor.py:925} INFO - DAG(s) 'example_dag_decorator' retrieved from /home/airflow/.local/lib/python3.12/site-packages/airflow/example_dags/example_dag_decorator.py
[2024-11-25T02:12:47.412+0000] {logging_mixin.py:190} INFO - [2024-11-25T02:12:47.411+0000] {dag.py:3239} INFO - Sync 1 DAGs
[2024-11-25T02:12:47.425+0000] {logging_mixin.py:190} INFO - [2024-11-25T02:12:47.425+0000] {dag.py:4180} INFO - Setting next_dagrun for example_dag_decorator to None, run_after=None
[2024-11-25T02:12:47.449+0000] {processor.py:208} INFO - Processing /home/airflow/.local/lib/python3.12/site-packages/airflow/example_dags/example_dag_decorator.py took 0.412 seconds
[2024-11-25T02:13:17.612+0000] {processor.py:186} INFO - Started process (PID=2347) to work on /home/airflow/.local/lib/python3.12/site-packages/airflow/example_dags/example_dag_decorator.py
[2024-11-25T02:13:17.613+0000] {processor.py:914} INFO - Processing file /home/airflow/.local/lib/python3.12/site-packages/airflow/example_dags/example_dag_decorator.py for tasks to queue
[2024-11-25T02:13:17.616+0000] {logging_mixin.py:190} INFO - [2024-11-25T02:13:17.615+0000] {dagbag.py:588} INFO - Filling up the DagBag from /home/airflow/.local/lib/python3.12/site-packages/airflow/example_dags/example_dag_decorator.py
[2024-11-25T02:13:17.629+0000] {processor.py:925} INFO - DAG(s) 'example_dag_decorator' retrieved from /home/airflow/.local/lib/python3.12/site-packages/airflow/example_dags/example_dag_decorator.py
[2024-11-25T02:13:17.918+0000] {logging_mixin.py:190} INFO - [2024-11-25T02:13:17.918+0000] {dag.py:3239} INFO - Sync 1 DAGs
[2024-11-25T02:13:17.929+0000] {logging_mixin.py:190} INFO - [2024-11-25T02:13:17.929+0000] {dag.py:4180} INFO - Setting next_dagrun for example_dag_decorator to None, run_after=None
[2024-11-25T02:13:17.951+0000] {processor.py:208} INFO - Processing /home/airflow/.local/lib/python3.12/site-packages/airflow/example_dags/example_dag_decorator.py took 0.349 seconds
[2024-11-25T02:13:48.051+0000] {processor.py:186} INFO - Started process (PID=2413) to work on /home/airflow/.local/lib/python3.12/site-packages/airflow/example_dags/example_dag_decorator.py
[2024-11-25T02:13:48.052+0000] {processor.py:914} INFO - Processing file /home/airflow/.local/lib/python3.12/site-packages/airflow/example_dags/example_dag_decorator.py for tasks to queue
[2024-11-25T02:13:48.055+0000] {logging_mixin.py:190} INFO - [2024-11-25T02:13:48.054+0000] {dagbag.py:588} INFO - Filling up the DagBag from /home/airflow/.local/lib/python3.12/site-packages/airflow/example_dags/example_dag_decorator.py
[2024-11-25T02:13:48.068+0000] {processor.py:925} INFO - DAG(s) 'example_dag_decorator' retrieved from /home/airflow/.local/lib/python3.12/site-packages/airflow/example_dags/example_dag_decorator.py
[2024-11-25T02:13:48.413+0000] {logging_mixin.py:190} INFO - [2024-11-25T02:13:48.413+0000] {dag.py:3239} INFO - Sync 1 DAGs
[2024-11-25T02:13:48.436+0000] {logging_mixin.py:190} INFO - [2024-11-25T02:13:48.436+0000] {dag.py:4180} INFO - Setting next_dagrun for example_dag_decorator to None, run_after=None
[2024-11-25T02:13:48.466+0000] {processor.py:208} INFO - Processing /home/airflow/.local/lib/python3.12/site-packages/airflow/example_dags/example_dag_decorator.py took 0.421 seconds
[2024-11-25T02:14:18.745+0000] {processor.py:186} INFO - Started process (PID=2474) to work on /home/airflow/.local/lib/python3.12/site-packages/airflow/example_dags/example_dag_decorator.py
[2024-11-25T02:14:18.746+0000] {processor.py:914} INFO - Processing file /home/airflow/.local/lib/python3.12/site-packages/airflow/example_dags/example_dag_decorator.py for tasks to queue
[2024-11-25T02:14:18.748+0000] {logging_mixin.py:190} INFO - [2024-11-25T02:14:18.748+0000] {dagbag.py:588} INFO - Filling up the DagBag from /home/airflow/.local/lib/python3.12/site-packages/airflow/example_dags/example_dag_decorator.py
[2024-11-25T02:14:18.761+0000] {processor.py:925} INFO - DAG(s) 'example_dag_decorator' retrieved from /home/airflow/.local/lib/python3.12/site-packages/airflow/example_dags/example_dag_decorator.py
[2024-11-25T02:14:19.096+0000] {logging_mixin.py:190} INFO - [2024-11-25T02:14:19.096+0000] {dag.py:3239} INFO - Sync 1 DAGs
[2024-11-25T02:14:19.111+0000] {logging_mixin.py:190} INFO - [2024-11-25T02:14:19.111+0000] {dag.py:4180} INFO - Setting next_dagrun for example_dag_decorator to None, run_after=None
[2024-11-25T02:14:19.131+0000] {processor.py:208} INFO - Processing /home/airflow/.local/lib/python3.12/site-packages/airflow/example_dags/example_dag_decorator.py took 0.391 seconds
[2024-11-25T02:14:49.675+0000] {processor.py:186} INFO - Started process (PID=2538) to work on /home/airflow/.local/lib/python3.12/site-packages/airflow/example_dags/example_dag_decorator.py
[2024-11-25T02:14:49.677+0000] {processor.py:914} INFO - Processing file /home/airflow/.local/lib/python3.12/site-packages/airflow/example_dags/example_dag_decorator.py for tasks to queue
[2024-11-25T02:14:49.680+0000] {logging_mixin.py:190} INFO - [2024-11-25T02:14:49.680+0000] {dagbag.py:588} INFO - Filling up the DagBag from /home/airflow/.local/lib/python3.12/site-packages/airflow/example_dags/example_dag_decorator.py
[2024-11-25T02:14:49.697+0000] {processor.py:925} INFO - DAG(s) 'example_dag_decorator' retrieved from /home/airflow/.local/lib/python3.12/site-packages/airflow/example_dags/example_dag_decorator.py
[2024-11-25T02:14:50.232+0000] {logging_mixin.py:190} INFO - [2024-11-25T02:14:50.231+0000] {dag.py:3239} INFO - Sync 1 DAGs
[2024-11-25T02:14:50.247+0000] {logging_mixin.py:190} INFO - [2024-11-25T02:14:50.247+0000] {dag.py:4180} INFO - Setting next_dagrun for example_dag_decorator to None, run_after=None
[2024-11-25T02:14:50.289+0000] {processor.py:208} INFO - Processing /home/airflow/.local/lib/python3.12/site-packages/airflow/example_dags/example_dag_decorator.py took 0.626 seconds
[2024-11-25T02:15:20.810+0000] {processor.py:186} INFO - Started process (PID=2603) to work on /home/airflow/.local/lib/python3.12/site-packages/airflow/example_dags/example_dag_decorator.py
[2024-11-25T02:15:20.811+0000] {processor.py:914} INFO - Processing file /home/airflow/.local/lib/python3.12/site-packages/airflow/example_dags/example_dag_decorator.py for tasks to queue
[2024-11-25T02:15:20.814+0000] {logging_mixin.py:190} INFO - [2024-11-25T02:15:20.814+0000] {dagbag.py:588} INFO - Filling up the DagBag from /home/airflow/.local/lib/python3.12/site-packages/airflow/example_dags/example_dag_decorator.py
[2024-11-25T02:15:20.828+0000] {processor.py:925} INFO - DAG(s) 'example_dag_decorator' retrieved from /home/airflow/.local/lib/python3.12/site-packages/airflow/example_dags/example_dag_decorator.py
[2024-11-25T02:15:21.446+0000] {logging_mixin.py:190} INFO - [2024-11-25T02:15:21.445+0000] {dag.py:3239} INFO - Sync 1 DAGs
[2024-11-25T02:15:21.476+0000] {logging_mixin.py:190} INFO - [2024-11-25T02:15:21.476+0000] {dag.py:4180} INFO - Setting next_dagrun for example_dag_decorator to None, run_after=None
[2024-11-25T02:15:21.511+0000] {processor.py:208} INFO - Processing /home/airflow/.local/lib/python3.12/site-packages/airflow/example_dags/example_dag_decorator.py took 0.707 seconds
[2024-11-25T02:15:51.960+0000] {processor.py:186} INFO - Started process (PID=2667) to work on /home/airflow/.local/lib/python3.12/site-packages/airflow/example_dags/example_dag_decorator.py
[2024-11-25T02:15:51.961+0000] {processor.py:914} INFO - Processing file /home/airflow/.local/lib/python3.12/site-packages/airflow/example_dags/example_dag_decorator.py for tasks to queue
[2024-11-25T02:15:51.964+0000] {logging_mixin.py:190} INFO - [2024-11-25T02:15:51.964+0000] {dagbag.py:588} INFO - Filling up the DagBag from /home/airflow/.local/lib/python3.12/site-packages/airflow/example_dags/example_dag_decorator.py
[2024-11-25T02:15:51.979+0000] {processor.py:925} INFO - DAG(s) 'example_dag_decorator' retrieved from /home/airflow/.local/lib/python3.12/site-packages/airflow/example_dags/example_dag_decorator.py
[2024-11-25T02:15:52.261+0000] {logging_mixin.py:190} INFO - [2024-11-25T02:15:52.261+0000] {dag.py:3239} INFO - Sync 1 DAGs
[2024-11-25T02:15:52.272+0000] {logging_mixin.py:190} INFO - [2024-11-25T02:15:52.272+0000] {dag.py:4180} INFO - Setting next_dagrun for example_dag_decorator to None, run_after=None
[2024-11-25T02:15:52.298+0000] {processor.py:208} INFO - Processing /home/airflow/.local/lib/python3.12/site-packages/airflow/example_dags/example_dag_decorator.py took 0.345 seconds
[2024-11-25T02:16:23.308+0000] {processor.py:186} INFO - Started process (PID=2731) to work on /home/airflow/.local/lib/python3.12/site-packages/airflow/example_dags/example_dag_decorator.py
[2024-11-25T02:16:23.309+0000] {processor.py:914} INFO - Processing file /home/airflow/.local/lib/python3.12/site-packages/airflow/example_dags/example_dag_decorator.py for tasks to queue
[2024-11-25T02:16:23.312+0000] {logging_mixin.py:190} INFO - [2024-11-25T02:16:23.311+0000] {dagbag.py:588} INFO - Filling up the DagBag from /home/airflow/.local/lib/python3.12/site-packages/airflow/example_dags/example_dag_decorator.py
[2024-11-25T02:16:23.324+0000] {processor.py:925} INFO - DAG(s) 'example_dag_decorator' retrieved from /home/airflow/.local/lib/python3.12/site-packages/airflow/example_dags/example_dag_decorator.py
[2024-11-25T02:16:23.467+0000] {logging_mixin.py:190} INFO - [2024-11-25T02:16:23.467+0000] {dag.py:3239} INFO - Sync 1 DAGs
[2024-11-25T02:16:23.481+0000] {logging_mixin.py:190} INFO - [2024-11-25T02:16:23.481+0000] {dag.py:4180} INFO - Setting next_dagrun for example_dag_decorator to None, run_after=None
[2024-11-25T02:16:23.503+0000] {processor.py:208} INFO - Processing /home/airflow/.local/lib/python3.12/site-packages/airflow/example_dags/example_dag_decorator.py took 0.202 seconds
