[2024-11-25T01:55:18.932+0000] {processor.py:186} INFO - Started process (PID=89) to work on /home/airflow/.local/lib/python3.12/site-packages/airflow/example_dags/example_bash_operator.py
[2024-11-25T01:55:18.936+0000] {processor.py:914} INFO - Processing file /home/airflow/.local/lib/python3.12/site-packages/airflow/example_dags/example_bash_operator.py for tasks to queue
[2024-11-25T01:55:18.952+0000] {logging_mixin.py:190} INFO - [2024-11-25T01:55:18.950+0000] {dagbag.py:588} INFO - Filling up the DagBag from /home/airflow/.local/lib/python3.12/site-packages/airflow/example_dags/example_bash_operator.py
[2024-11-25T01:55:19.122+0000] {processor.py:925} INFO - DAG(s) 'example_bash_operator' retrieved from /home/airflow/.local/lib/python3.12/site-packages/airflow/example_dags/example_bash_operator.py
[2024-11-25T01:55:19.297+0000] {logging_mixin.py:190} INFO - [2024-11-25T01:55:19.296+0000] {dag.py:3239} INFO - Sync 1 DAGs
[2024-11-25T01:55:19.471+0000] {logging_mixin.py:190} INFO - [2024-11-25T01:55:19.470+0000] {dag.py:4180} INFO - Setting next_dagrun for example_bash_operator to 2024-11-24 00:00:00+00:00, run_after=2024-11-25 00:00:00+00:00
[2024-11-25T01:55:19.614+0000] {processor.py:208} INFO - Processing /home/airflow/.local/lib/python3.12/site-packages/airflow/example_dags/example_bash_operator.py took 0.706 seconds
[2024-11-25T01:55:49.955+0000] {processor.py:186} INFO - Started process (PID=155) to work on /home/airflow/.local/lib/python3.12/site-packages/airflow/example_dags/example_bash_operator.py
[2024-11-25T01:55:49.956+0000] {processor.py:914} INFO - Processing file /home/airflow/.local/lib/python3.12/site-packages/airflow/example_dags/example_bash_operator.py for tasks to queue
[2024-11-25T01:55:49.959+0000] {logging_mixin.py:190} INFO - [2024-11-25T01:55:49.958+0000] {dagbag.py:588} INFO - Filling up the DagBag from /home/airflow/.local/lib/python3.12/site-packages/airflow/example_dags/example_bash_operator.py
[2024-11-25T01:55:49.972+0000] {processor.py:925} INFO - DAG(s) 'example_bash_operator' retrieved from /home/airflow/.local/lib/python3.12/site-packages/airflow/example_dags/example_bash_operator.py
[2024-11-25T01:55:49.998+0000] {logging_mixin.py:190} INFO - [2024-11-25T01:55:49.998+0000] {dag.py:3239} INFO - Sync 1 DAGs
[2024-11-25T01:55:50.024+0000] {logging_mixin.py:190} INFO - [2024-11-25T01:55:50.024+0000] {dag.py:4180} INFO - Setting next_dagrun for example_bash_operator to 2024-11-24 00:00:00+00:00, run_after=2024-11-25 00:00:00+00:00
[2024-11-25T01:55:50.041+0000] {processor.py:208} INFO - Processing /home/airflow/.local/lib/python3.12/site-packages/airflow/example_dags/example_bash_operator.py took 0.093 seconds
[2024-11-25T01:56:23.494+0000] {processor.py:186} INFO - Started process (PID=219) to work on /home/airflow/.local/lib/python3.12/site-packages/airflow/example_dags/example_bash_operator.py
[2024-11-25T01:56:23.495+0000] {processor.py:914} INFO - Processing file /home/airflow/.local/lib/python3.12/site-packages/airflow/example_dags/example_bash_operator.py for tasks to queue
[2024-11-25T01:56:23.499+0000] {logging_mixin.py:190} INFO - [2024-11-25T01:56:23.498+0000] {dagbag.py:588} INFO - Filling up the DagBag from /home/airflow/.local/lib/python3.12/site-packages/airflow/example_dags/example_bash_operator.py
[2024-11-25T01:56:23.514+0000] {processor.py:925} INFO - DAG(s) 'example_bash_operator' retrieved from /home/airflow/.local/lib/python3.12/site-packages/airflow/example_dags/example_bash_operator.py
[2024-11-25T01:56:23.548+0000] {logging_mixin.py:190} INFO - [2024-11-25T01:56:23.548+0000] {dag.py:3239} INFO - Sync 1 DAGs
[2024-11-25T01:56:23.584+0000] {logging_mixin.py:190} INFO - [2024-11-25T01:56:23.584+0000] {dag.py:4180} INFO - Setting next_dagrun for example_bash_operator to 2024-11-24 00:00:00+00:00, run_after=2024-11-25 00:00:00+00:00
[2024-11-25T01:56:23.607+0000] {processor.py:208} INFO - Processing /home/airflow/.local/lib/python3.12/site-packages/airflow/example_dags/example_bash_operator.py took 0.119 seconds
[2024-11-25T01:56:54.512+0000] {processor.py:186} INFO - Started process (PID=282) to work on /home/airflow/.local/lib/python3.12/site-packages/airflow/example_dags/example_bash_operator.py
[2024-11-25T01:56:54.524+0000] {processor.py:914} INFO - Processing file /home/airflow/.local/lib/python3.12/site-packages/airflow/example_dags/example_bash_operator.py for tasks to queue
[2024-11-25T01:56:54.545+0000] {logging_mixin.py:190} INFO - [2024-11-25T01:56:54.544+0000] {dagbag.py:588} INFO - Filling up the DagBag from /home/airflow/.local/lib/python3.12/site-packages/airflow/example_dags/example_bash_operator.py
[2024-11-25T01:56:54.625+0000] {processor.py:925} INFO - DAG(s) 'example_bash_operator' retrieved from /home/airflow/.local/lib/python3.12/site-packages/airflow/example_dags/example_bash_operator.py
[2024-11-25T01:56:54.741+0000] {logging_mixin.py:190} INFO - [2024-11-25T01:56:54.741+0000] {dag.py:3239} INFO - Sync 1 DAGs
[2024-11-25T01:56:54.874+0000] {logging_mixin.py:190} INFO - [2024-11-25T01:56:54.873+0000] {dag.py:4180} INFO - Setting next_dagrun for example_bash_operator to 2024-11-24 00:00:00+00:00, run_after=2024-11-25 00:00:00+00:00
[2024-11-25T01:56:55.008+0000] {processor.py:208} INFO - Processing /home/airflow/.local/lib/python3.12/site-packages/airflow/example_dags/example_bash_operator.py took 0.506 seconds
[2024-11-25T01:57:25.945+0000] {processor.py:186} INFO - Started process (PID=346) to work on /home/airflow/.local/lib/python3.12/site-packages/airflow/example_dags/example_bash_operator.py
[2024-11-25T01:57:25.950+0000] {processor.py:914} INFO - Processing file /home/airflow/.local/lib/python3.12/site-packages/airflow/example_dags/example_bash_operator.py for tasks to queue
[2024-11-25T01:57:25.954+0000] {logging_mixin.py:190} INFO - [2024-11-25T01:57:25.954+0000] {dagbag.py:588} INFO - Filling up the DagBag from /home/airflow/.local/lib/python3.12/site-packages/airflow/example_dags/example_bash_operator.py
[2024-11-25T01:57:25.968+0000] {processor.py:925} INFO - DAG(s) 'example_bash_operator' retrieved from /home/airflow/.local/lib/python3.12/site-packages/airflow/example_dags/example_bash_operator.py
[2024-11-25T01:57:26.001+0000] {logging_mixin.py:190} INFO - [2024-11-25T01:57:26.000+0000] {dag.py:3239} INFO - Sync 1 DAGs
[2024-11-25T01:57:26.031+0000] {logging_mixin.py:190} INFO - [2024-11-25T01:57:26.031+0000] {dag.py:4180} INFO - Setting next_dagrun for example_bash_operator to 2024-11-24 00:00:00+00:00, run_after=2024-11-25 00:00:00+00:00
[2024-11-25T01:57:26.051+0000] {processor.py:208} INFO - Processing /home/airflow/.local/lib/python3.12/site-packages/airflow/example_dags/example_bash_operator.py took 0.114 seconds
[2024-11-25T01:57:56.297+0000] {processor.py:186} INFO - Started process (PID=410) to work on /home/airflow/.local/lib/python3.12/site-packages/airflow/example_dags/example_bash_operator.py
[2024-11-25T01:57:56.298+0000] {processor.py:914} INFO - Processing file /home/airflow/.local/lib/python3.12/site-packages/airflow/example_dags/example_bash_operator.py for tasks to queue
[2024-11-25T01:57:56.300+0000] {logging_mixin.py:190} INFO - [2024-11-25T01:57:56.299+0000] {dagbag.py:588} INFO - Filling up the DagBag from /home/airflow/.local/lib/python3.12/site-packages/airflow/example_dags/example_bash_operator.py
[2024-11-25T01:57:56.312+0000] {processor.py:925} INFO - DAG(s) 'example_bash_operator' retrieved from /home/airflow/.local/lib/python3.12/site-packages/airflow/example_dags/example_bash_operator.py
[2024-11-25T01:57:56.337+0000] {logging_mixin.py:190} INFO - [2024-11-25T01:57:56.337+0000] {dag.py:3239} INFO - Sync 1 DAGs
[2024-11-25T01:57:56.361+0000] {logging_mixin.py:190} INFO - [2024-11-25T01:57:56.361+0000] {dag.py:4180} INFO - Setting next_dagrun for example_bash_operator to 2024-11-24 00:00:00+00:00, run_after=2024-11-25 00:00:00+00:00
[2024-11-25T01:57:56.381+0000] {processor.py:208} INFO - Processing /home/airflow/.local/lib/python3.12/site-packages/airflow/example_dags/example_bash_operator.py took 0.090 seconds
[2024-11-25T01:58:26.835+0000] {processor.py:186} INFO - Started process (PID=474) to work on /home/airflow/.local/lib/python3.12/site-packages/airflow/example_dags/example_bash_operator.py
[2024-11-25T01:58:26.836+0000] {processor.py:914} INFO - Processing file /home/airflow/.local/lib/python3.12/site-packages/airflow/example_dags/example_bash_operator.py for tasks to queue
[2024-11-25T01:58:26.839+0000] {logging_mixin.py:190} INFO - [2024-11-25T01:58:26.839+0000] {dagbag.py:588} INFO - Filling up the DagBag from /home/airflow/.local/lib/python3.12/site-packages/airflow/example_dags/example_bash_operator.py
[2024-11-25T01:58:26.854+0000] {processor.py:925} INFO - DAG(s) 'example_bash_operator' retrieved from /home/airflow/.local/lib/python3.12/site-packages/airflow/example_dags/example_bash_operator.py
[2024-11-25T01:58:26.885+0000] {logging_mixin.py:190} INFO - [2024-11-25T01:58:26.885+0000] {dag.py:3239} INFO - Sync 1 DAGs
[2024-11-25T01:58:26.919+0000] {logging_mixin.py:190} INFO - [2024-11-25T01:58:26.919+0000] {dag.py:4180} INFO - Setting next_dagrun for example_bash_operator to 2024-11-24 00:00:00+00:00, run_after=2024-11-25 00:00:00+00:00
[2024-11-25T01:58:26.945+0000] {processor.py:208} INFO - Processing /home/airflow/.local/lib/python3.12/site-packages/airflow/example_dags/example_bash_operator.py took 0.116 seconds
[2024-11-25T01:58:57.637+0000] {processor.py:186} INFO - Started process (PID=538) to work on /home/airflow/.local/lib/python3.12/site-packages/airflow/example_dags/example_bash_operator.py
[2024-11-25T01:58:57.638+0000] {processor.py:914} INFO - Processing file /home/airflow/.local/lib/python3.12/site-packages/airflow/example_dags/example_bash_operator.py for tasks to queue
[2024-11-25T01:58:57.640+0000] {logging_mixin.py:190} INFO - [2024-11-25T01:58:57.640+0000] {dagbag.py:588} INFO - Filling up the DagBag from /home/airflow/.local/lib/python3.12/site-packages/airflow/example_dags/example_bash_operator.py
[2024-11-25T01:58:57.652+0000] {processor.py:925} INFO - DAG(s) 'example_bash_operator' retrieved from /home/airflow/.local/lib/python3.12/site-packages/airflow/example_dags/example_bash_operator.py
[2024-11-25T01:58:57.678+0000] {logging_mixin.py:190} INFO - [2024-11-25T01:58:57.678+0000] {dag.py:3239} INFO - Sync 1 DAGs
[2024-11-25T01:58:57.706+0000] {logging_mixin.py:190} INFO - [2024-11-25T01:58:57.705+0000] {dag.py:4180} INFO - Setting next_dagrun for example_bash_operator to 2024-11-24 00:00:00+00:00, run_after=2024-11-25 00:00:00+00:00
[2024-11-25T01:58:57.728+0000] {processor.py:208} INFO - Processing /home/airflow/.local/lib/python3.12/site-packages/airflow/example_dags/example_bash_operator.py took 0.096 seconds
[2024-11-25T01:59:27.902+0000] {processor.py:186} INFO - Started process (PID=602) to work on /home/airflow/.local/lib/python3.12/site-packages/airflow/example_dags/example_bash_operator.py
[2024-11-25T01:59:27.903+0000] {processor.py:914} INFO - Processing file /home/airflow/.local/lib/python3.12/site-packages/airflow/example_dags/example_bash_operator.py for tasks to queue
[2024-11-25T01:59:27.905+0000] {logging_mixin.py:190} INFO - [2024-11-25T01:59:27.904+0000] {dagbag.py:588} INFO - Filling up the DagBag from /home/airflow/.local/lib/python3.12/site-packages/airflow/example_dags/example_bash_operator.py
[2024-11-25T01:59:27.922+0000] {processor.py:925} INFO - DAG(s) 'example_bash_operator' retrieved from /home/airflow/.local/lib/python3.12/site-packages/airflow/example_dags/example_bash_operator.py
[2024-11-25T01:59:27.950+0000] {logging_mixin.py:190} INFO - [2024-11-25T01:59:27.950+0000] {dag.py:3239} INFO - Sync 1 DAGs
[2024-11-25T01:59:27.975+0000] {logging_mixin.py:190} INFO - [2024-11-25T01:59:27.975+0000] {dag.py:4180} INFO - Setting next_dagrun for example_bash_operator to 2024-11-24 00:00:00+00:00, run_after=2024-11-25 00:00:00+00:00
[2024-11-25T01:59:27.994+0000] {processor.py:208} INFO - Processing /home/airflow/.local/lib/python3.12/site-packages/airflow/example_dags/example_bash_operator.py took 0.098 seconds
[2024-11-25T01:59:58.325+0000] {processor.py:186} INFO - Started process (PID=666) to work on /home/airflow/.local/lib/python3.12/site-packages/airflow/example_dags/example_bash_operator.py
[2024-11-25T01:59:58.326+0000] {processor.py:914} INFO - Processing file /home/airflow/.local/lib/python3.12/site-packages/airflow/example_dags/example_bash_operator.py for tasks to queue
[2024-11-25T01:59:58.328+0000] {logging_mixin.py:190} INFO - [2024-11-25T01:59:58.328+0000] {dagbag.py:588} INFO - Filling up the DagBag from /home/airflow/.local/lib/python3.12/site-packages/airflow/example_dags/example_bash_operator.py
[2024-11-25T01:59:58.341+0000] {processor.py:925} INFO - DAG(s) 'example_bash_operator' retrieved from /home/airflow/.local/lib/python3.12/site-packages/airflow/example_dags/example_bash_operator.py
[2024-11-25T01:59:58.366+0000] {logging_mixin.py:190} INFO - [2024-11-25T01:59:58.366+0000] {dag.py:3239} INFO - Sync 1 DAGs
[2024-11-25T01:59:58.389+0000] {logging_mixin.py:190} INFO - [2024-11-25T01:59:58.388+0000] {dag.py:4180} INFO - Setting next_dagrun for example_bash_operator to 2024-11-24 00:00:00+00:00, run_after=2024-11-25 00:00:00+00:00
[2024-11-25T01:59:58.406+0000] {processor.py:208} INFO - Processing /home/airflow/.local/lib/python3.12/site-packages/airflow/example_dags/example_bash_operator.py took 0.087 seconds
[2024-11-25T02:00:28.863+0000] {processor.py:186} INFO - Started process (PID=734) to work on /home/airflow/.local/lib/python3.12/site-packages/airflow/example_dags/example_bash_operator.py
[2024-11-25T02:00:28.864+0000] {processor.py:914} INFO - Processing file /home/airflow/.local/lib/python3.12/site-packages/airflow/example_dags/example_bash_operator.py for tasks to queue
[2024-11-25T02:00:28.866+0000] {logging_mixin.py:190} INFO - [2024-11-25T02:00:28.866+0000] {dagbag.py:588} INFO - Filling up the DagBag from /home/airflow/.local/lib/python3.12/site-packages/airflow/example_dags/example_bash_operator.py
[2024-11-25T02:00:28.878+0000] {processor.py:925} INFO - DAG(s) 'example_bash_operator' retrieved from /home/airflow/.local/lib/python3.12/site-packages/airflow/example_dags/example_bash_operator.py
[2024-11-25T02:00:28.903+0000] {logging_mixin.py:190} INFO - [2024-11-25T02:00:28.903+0000] {dag.py:3239} INFO - Sync 1 DAGs
[2024-11-25T02:00:28.931+0000] {logging_mixin.py:190} INFO - [2024-11-25T02:00:28.931+0000] {dag.py:4180} INFO - Setting next_dagrun for example_bash_operator to 2024-11-24 00:00:00+00:00, run_after=2024-11-25 00:00:00+00:00
[2024-11-25T02:00:28.950+0000] {processor.py:208} INFO - Processing /home/airflow/.local/lib/python3.12/site-packages/airflow/example_dags/example_bash_operator.py took 0.092 seconds
[2024-11-25T02:00:59.378+0000] {processor.py:186} INFO - Started process (PID=798) to work on /home/airflow/.local/lib/python3.12/site-packages/airflow/example_dags/example_bash_operator.py
[2024-11-25T02:00:59.379+0000] {processor.py:914} INFO - Processing file /home/airflow/.local/lib/python3.12/site-packages/airflow/example_dags/example_bash_operator.py for tasks to queue
[2024-11-25T02:00:59.383+0000] {logging_mixin.py:190} INFO - [2024-11-25T02:00:59.382+0000] {dagbag.py:588} INFO - Filling up the DagBag from /home/airflow/.local/lib/python3.12/site-packages/airflow/example_dags/example_bash_operator.py
[2024-11-25T02:00:59.413+0000] {processor.py:925} INFO - DAG(s) 'example_bash_operator' retrieved from /home/airflow/.local/lib/python3.12/site-packages/airflow/example_dags/example_bash_operator.py
[2024-11-25T02:00:59.465+0000] {logging_mixin.py:190} INFO - [2024-11-25T02:00:59.465+0000] {dag.py:3239} INFO - Sync 1 DAGs
[2024-11-25T02:00:59.512+0000] {logging_mixin.py:190} INFO - [2024-11-25T02:00:59.512+0000] {dag.py:4180} INFO - Setting next_dagrun for example_bash_operator to 2024-11-24 00:00:00+00:00, run_after=2024-11-25 00:00:00+00:00
[2024-11-25T02:00:59.547+0000] {processor.py:208} INFO - Processing /home/airflow/.local/lib/python3.12/site-packages/airflow/example_dags/example_bash_operator.py took 0.178 seconds
[2024-11-25T02:01:29.826+0000] {processor.py:186} INFO - Started process (PID=862) to work on /home/airflow/.local/lib/python3.12/site-packages/airflow/example_dags/example_bash_operator.py
[2024-11-25T02:01:29.827+0000] {processor.py:914} INFO - Processing file /home/airflow/.local/lib/python3.12/site-packages/airflow/example_dags/example_bash_operator.py for tasks to queue
[2024-11-25T02:01:29.830+0000] {logging_mixin.py:190} INFO - [2024-11-25T02:01:29.830+0000] {dagbag.py:588} INFO - Filling up the DagBag from /home/airflow/.local/lib/python3.12/site-packages/airflow/example_dags/example_bash_operator.py
[2024-11-25T02:01:29.843+0000] {processor.py:925} INFO - DAG(s) 'example_bash_operator' retrieved from /home/airflow/.local/lib/python3.12/site-packages/airflow/example_dags/example_bash_operator.py
[2024-11-25T02:01:29.869+0000] {logging_mixin.py:190} INFO - [2024-11-25T02:01:29.869+0000] {dag.py:3239} INFO - Sync 1 DAGs
[2024-11-25T02:01:29.896+0000] {logging_mixin.py:190} INFO - [2024-11-25T02:01:29.896+0000] {dag.py:4180} INFO - Setting next_dagrun for example_bash_operator to 2024-11-24 00:00:00+00:00, run_after=2024-11-25 00:00:00+00:00
[2024-11-25T02:01:29.916+0000] {processor.py:208} INFO - Processing /home/airflow/.local/lib/python3.12/site-packages/airflow/example_dags/example_bash_operator.py took 0.096 seconds
[2024-11-25T02:02:00.231+0000] {processor.py:186} INFO - Started process (PID=932) to work on /home/airflow/.local/lib/python3.12/site-packages/airflow/example_dags/example_bash_operator.py
[2024-11-25T02:02:00.232+0000] {processor.py:914} INFO - Processing file /home/airflow/.local/lib/python3.12/site-packages/airflow/example_dags/example_bash_operator.py for tasks to queue
[2024-11-25T02:02:00.235+0000] {logging_mixin.py:190} INFO - [2024-11-25T02:02:00.235+0000] {dagbag.py:588} INFO - Filling up the DagBag from /home/airflow/.local/lib/python3.12/site-packages/airflow/example_dags/example_bash_operator.py
[2024-11-25T02:02:00.247+0000] {processor.py:925} INFO - DAG(s) 'example_bash_operator' retrieved from /home/airflow/.local/lib/python3.12/site-packages/airflow/example_dags/example_bash_operator.py
[2024-11-25T02:02:00.272+0000] {logging_mixin.py:190} INFO - [2024-11-25T02:02:00.272+0000] {dag.py:3239} INFO - Sync 1 DAGs
[2024-11-25T02:02:00.296+0000] {logging_mixin.py:190} INFO - [2024-11-25T02:02:00.295+0000] {dag.py:4180} INFO - Setting next_dagrun for example_bash_operator to 2024-11-24 00:00:00+00:00, run_after=2024-11-25 00:00:00+00:00
[2024-11-25T02:02:00.315+0000] {processor.py:208} INFO - Processing /home/airflow/.local/lib/python3.12/site-packages/airflow/example_dags/example_bash_operator.py took 0.089 seconds
[2024-11-25T02:02:30.502+0000] {processor.py:186} INFO - Started process (PID=996) to work on /home/airflow/.local/lib/python3.12/site-packages/airflow/example_dags/example_bash_operator.py
[2024-11-25T02:02:30.503+0000] {processor.py:914} INFO - Processing file /home/airflow/.local/lib/python3.12/site-packages/airflow/example_dags/example_bash_operator.py for tasks to queue
[2024-11-25T02:02:30.505+0000] {logging_mixin.py:190} INFO - [2024-11-25T02:02:30.505+0000] {dagbag.py:588} INFO - Filling up the DagBag from /home/airflow/.local/lib/python3.12/site-packages/airflow/example_dags/example_bash_operator.py
[2024-11-25T02:02:30.518+0000] {processor.py:925} INFO - DAG(s) 'example_bash_operator' retrieved from /home/airflow/.local/lib/python3.12/site-packages/airflow/example_dags/example_bash_operator.py
[2024-11-25T02:02:30.544+0000] {logging_mixin.py:190} INFO - [2024-11-25T02:02:30.544+0000] {dag.py:3239} INFO - Sync 1 DAGs
[2024-11-25T02:02:30.571+0000] {logging_mixin.py:190} INFO - [2024-11-25T02:02:30.571+0000] {dag.py:4180} INFO - Setting next_dagrun for example_bash_operator to 2024-11-24 00:00:00+00:00, run_after=2024-11-25 00:00:00+00:00
[2024-11-25T02:02:30.589+0000] {processor.py:208} INFO - Processing /home/airflow/.local/lib/python3.12/site-packages/airflow/example_dags/example_bash_operator.py took 0.093 seconds
[2024-11-25T02:03:00.982+0000] {processor.py:186} INFO - Started process (PID=1061) to work on /home/airflow/.local/lib/python3.12/site-packages/airflow/example_dags/example_bash_operator.py
[2024-11-25T02:03:00.983+0000] {processor.py:914} INFO - Processing file /home/airflow/.local/lib/python3.12/site-packages/airflow/example_dags/example_bash_operator.py for tasks to queue
[2024-11-25T02:03:00.986+0000] {logging_mixin.py:190} INFO - [2024-11-25T02:03:00.986+0000] {dagbag.py:588} INFO - Filling up the DagBag from /home/airflow/.local/lib/python3.12/site-packages/airflow/example_dags/example_bash_operator.py
[2024-11-25T02:03:00.999+0000] {processor.py:925} INFO - DAG(s) 'example_bash_operator' retrieved from /home/airflow/.local/lib/python3.12/site-packages/airflow/example_dags/example_bash_operator.py
[2024-11-25T02:03:01.024+0000] {logging_mixin.py:190} INFO - [2024-11-25T02:03:01.024+0000] {dag.py:3239} INFO - Sync 1 DAGs
[2024-11-25T02:03:01.062+0000] {logging_mixin.py:190} INFO - [2024-11-25T02:03:01.062+0000] {dag.py:4180} INFO - Setting next_dagrun for example_bash_operator to 2024-11-24 00:00:00+00:00, run_after=2024-11-25 00:00:00+00:00
[2024-11-25T02:03:01.130+0000] {processor.py:208} INFO - Processing /home/airflow/.local/lib/python3.12/site-packages/airflow/example_dags/example_bash_operator.py took 0.153 seconds
[2024-11-25T02:03:31.405+0000] {processor.py:186} INFO - Started process (PID=1125) to work on /home/airflow/.local/lib/python3.12/site-packages/airflow/example_dags/example_bash_operator.py
[2024-11-25T02:03:31.406+0000] {processor.py:914} INFO - Processing file /home/airflow/.local/lib/python3.12/site-packages/airflow/example_dags/example_bash_operator.py for tasks to queue
[2024-11-25T02:03:31.409+0000] {logging_mixin.py:190} INFO - [2024-11-25T02:03:31.408+0000] {dagbag.py:588} INFO - Filling up the DagBag from /home/airflow/.local/lib/python3.12/site-packages/airflow/example_dags/example_bash_operator.py
[2024-11-25T02:03:31.423+0000] {processor.py:925} INFO - DAG(s) 'example_bash_operator' retrieved from /home/airflow/.local/lib/python3.12/site-packages/airflow/example_dags/example_bash_operator.py
[2024-11-25T02:03:31.453+0000] {logging_mixin.py:190} INFO - [2024-11-25T02:03:31.453+0000] {dag.py:3239} INFO - Sync 1 DAGs
[2024-11-25T02:03:31.480+0000] {logging_mixin.py:190} INFO - [2024-11-25T02:03:31.480+0000] {dag.py:4180} INFO - Setting next_dagrun for example_bash_operator to 2024-11-24 00:00:00+00:00, run_after=2024-11-25 00:00:00+00:00
[2024-11-25T02:03:31.507+0000] {processor.py:208} INFO - Processing /home/airflow/.local/lib/python3.12/site-packages/airflow/example_dags/example_bash_operator.py took 0.107 seconds
[2024-11-25T02:04:02.034+0000] {processor.py:186} INFO - Started process (PID=1189) to work on /home/airflow/.local/lib/python3.12/site-packages/airflow/example_dags/example_bash_operator.py
[2024-11-25T02:04:02.035+0000] {processor.py:914} INFO - Processing file /home/airflow/.local/lib/python3.12/site-packages/airflow/example_dags/example_bash_operator.py for tasks to queue
[2024-11-25T02:04:02.038+0000] {logging_mixin.py:190} INFO - [2024-11-25T02:04:02.037+0000] {dagbag.py:588} INFO - Filling up the DagBag from /home/airflow/.local/lib/python3.12/site-packages/airflow/example_dags/example_bash_operator.py
[2024-11-25T02:04:02.054+0000] {processor.py:925} INFO - DAG(s) 'example_bash_operator' retrieved from /home/airflow/.local/lib/python3.12/site-packages/airflow/example_dags/example_bash_operator.py
[2024-11-25T02:04:02.083+0000] {logging_mixin.py:190} INFO - [2024-11-25T02:04:02.083+0000] {dag.py:3239} INFO - Sync 1 DAGs
[2024-11-25T02:04:02.116+0000] {logging_mixin.py:190} INFO - [2024-11-25T02:04:02.115+0000] {dag.py:4180} INFO - Setting next_dagrun for example_bash_operator to 2024-11-24 00:00:00+00:00, run_after=2024-11-25 00:00:00+00:00
[2024-11-25T02:04:02.136+0000] {processor.py:208} INFO - Processing /home/airflow/.local/lib/python3.12/site-packages/airflow/example_dags/example_bash_operator.py took 0.108 seconds
[2024-11-25T02:04:32.241+0000] {processor.py:186} INFO - Started process (PID=1253) to work on /home/airflow/.local/lib/python3.12/site-packages/airflow/example_dags/example_bash_operator.py
[2024-11-25T02:04:32.242+0000] {processor.py:914} INFO - Processing file /home/airflow/.local/lib/python3.12/site-packages/airflow/example_dags/example_bash_operator.py for tasks to queue
[2024-11-25T02:04:32.245+0000] {logging_mixin.py:190} INFO - [2024-11-25T02:04:32.245+0000] {dagbag.py:588} INFO - Filling up the DagBag from /home/airflow/.local/lib/python3.12/site-packages/airflow/example_dags/example_bash_operator.py
[2024-11-25T02:04:32.257+0000] {processor.py:925} INFO - DAG(s) 'example_bash_operator' retrieved from /home/airflow/.local/lib/python3.12/site-packages/airflow/example_dags/example_bash_operator.py
[2024-11-25T02:04:32.290+0000] {logging_mixin.py:190} INFO - [2024-11-25T02:04:32.289+0000] {dag.py:3239} INFO - Sync 1 DAGs
[2024-11-25T02:04:32.325+0000] {logging_mixin.py:190} INFO - [2024-11-25T02:04:32.325+0000] {dag.py:4180} INFO - Setting next_dagrun for example_bash_operator to 2024-11-24 00:00:00+00:00, run_after=2024-11-25 00:00:00+00:00
[2024-11-25T02:04:32.355+0000] {processor.py:208} INFO - Processing /home/airflow/.local/lib/python3.12/site-packages/airflow/example_dags/example_bash_operator.py took 0.119 seconds
[2024-11-25T02:05:02.406+0000] {processor.py:186} INFO - Started process (PID=1317) to work on /home/airflow/.local/lib/python3.12/site-packages/airflow/example_dags/example_bash_operator.py
[2024-11-25T02:05:02.407+0000] {processor.py:914} INFO - Processing file /home/airflow/.local/lib/python3.12/site-packages/airflow/example_dags/example_bash_operator.py for tasks to queue
[2024-11-25T02:05:02.410+0000] {logging_mixin.py:190} INFO - [2024-11-25T02:05:02.409+0000] {dagbag.py:588} INFO - Filling up the DagBag from /home/airflow/.local/lib/python3.12/site-packages/airflow/example_dags/example_bash_operator.py
[2024-11-25T02:05:02.425+0000] {processor.py:925} INFO - DAG(s) 'example_bash_operator' retrieved from /home/airflow/.local/lib/python3.12/site-packages/airflow/example_dags/example_bash_operator.py
[2024-11-25T02:05:02.456+0000] {logging_mixin.py:190} INFO - [2024-11-25T02:05:02.455+0000] {dag.py:3239} INFO - Sync 1 DAGs
[2024-11-25T02:05:02.491+0000] {logging_mixin.py:190} INFO - [2024-11-25T02:05:02.490+0000] {dag.py:4180} INFO - Setting next_dagrun for example_bash_operator to 2024-11-24 00:00:00+00:00, run_after=2024-11-25 00:00:00+00:00
[2024-11-25T02:05:02.518+0000] {processor.py:208} INFO - Processing /home/airflow/.local/lib/python3.12/site-packages/airflow/example_dags/example_bash_operator.py took 0.119 seconds
[2024-11-25T02:05:33.394+0000] {processor.py:186} INFO - Started process (PID=1381) to work on /home/airflow/.local/lib/python3.12/site-packages/airflow/example_dags/example_bash_operator.py
[2024-11-25T02:05:33.395+0000] {processor.py:914} INFO - Processing file /home/airflow/.local/lib/python3.12/site-packages/airflow/example_dags/example_bash_operator.py for tasks to queue
[2024-11-25T02:05:33.398+0000] {logging_mixin.py:190} INFO - [2024-11-25T02:05:33.398+0000] {dagbag.py:588} INFO - Filling up the DagBag from /home/airflow/.local/lib/python3.12/site-packages/airflow/example_dags/example_bash_operator.py
[2024-11-25T02:05:33.415+0000] {processor.py:925} INFO - DAG(s) 'example_bash_operator' retrieved from /home/airflow/.local/lib/python3.12/site-packages/airflow/example_dags/example_bash_operator.py
[2024-11-25T02:05:33.443+0000] {logging_mixin.py:190} INFO - [2024-11-25T02:05:33.443+0000] {dag.py:3239} INFO - Sync 1 DAGs
[2024-11-25T02:05:33.471+0000] {logging_mixin.py:190} INFO - [2024-11-25T02:05:33.470+0000] {dag.py:4180} INFO - Setting next_dagrun for example_bash_operator to 2024-11-24 00:00:00+00:00, run_after=2024-11-25 00:00:00+00:00
[2024-11-25T02:05:33.489+0000] {processor.py:208} INFO - Processing /home/airflow/.local/lib/python3.12/site-packages/airflow/example_dags/example_bash_operator.py took 0.102 seconds
[2024-11-25T02:06:04.332+0000] {processor.py:186} INFO - Started process (PID=1445) to work on /home/airflow/.local/lib/python3.12/site-packages/airflow/example_dags/example_bash_operator.py
[2024-11-25T02:06:04.333+0000] {processor.py:914} INFO - Processing file /home/airflow/.local/lib/python3.12/site-packages/airflow/example_dags/example_bash_operator.py for tasks to queue
[2024-11-25T02:06:04.337+0000] {logging_mixin.py:190} INFO - [2024-11-25T02:06:04.337+0000] {dagbag.py:588} INFO - Filling up the DagBag from /home/airflow/.local/lib/python3.12/site-packages/airflow/example_dags/example_bash_operator.py
[2024-11-25T02:06:04.370+0000] {processor.py:925} INFO - DAG(s) 'example_bash_operator' retrieved from /home/airflow/.local/lib/python3.12/site-packages/airflow/example_dags/example_bash_operator.py
[2024-11-25T02:06:04.485+0000] {logging_mixin.py:190} INFO - [2024-11-25T02:06:04.485+0000] {dag.py:3239} INFO - Sync 1 DAGs
[2024-11-25T02:06:04.545+0000] {logging_mixin.py:190} INFO - [2024-11-25T02:06:04.545+0000] {dag.py:4180} INFO - Setting next_dagrun for example_bash_operator to 2024-11-24 00:00:00+00:00, run_after=2024-11-25 00:00:00+00:00
[2024-11-25T02:06:04.572+0000] {processor.py:208} INFO - Processing /home/airflow/.local/lib/python3.12/site-packages/airflow/example_dags/example_bash_operator.py took 0.249 seconds
[2024-11-25T02:06:35.579+0000] {processor.py:186} INFO - Started process (PID=1510) to work on /home/airflow/.local/lib/python3.12/site-packages/airflow/example_dags/example_bash_operator.py
[2024-11-25T02:06:35.580+0000] {processor.py:914} INFO - Processing file /home/airflow/.local/lib/python3.12/site-packages/airflow/example_dags/example_bash_operator.py for tasks to queue
[2024-11-25T02:06:35.584+0000] {logging_mixin.py:190} INFO - [2024-11-25T02:06:35.583+0000] {dagbag.py:588} INFO - Filling up the DagBag from /home/airflow/.local/lib/python3.12/site-packages/airflow/example_dags/example_bash_operator.py
[2024-11-25T02:06:35.602+0000] {processor.py:925} INFO - DAG(s) 'example_bash_operator' retrieved from /home/airflow/.local/lib/python3.12/site-packages/airflow/example_dags/example_bash_operator.py
[2024-11-25T02:06:35.633+0000] {logging_mixin.py:190} INFO - [2024-11-25T02:06:35.632+0000] {dag.py:3239} INFO - Sync 1 DAGs
[2024-11-25T02:06:35.662+0000] {logging_mixin.py:190} INFO - [2024-11-25T02:06:35.662+0000] {dag.py:4180} INFO - Setting next_dagrun for example_bash_operator to 2024-11-24 00:00:00+00:00, run_after=2024-11-25 00:00:00+00:00
[2024-11-25T02:06:35.686+0000] {processor.py:208} INFO - Processing /home/airflow/.local/lib/python3.12/site-packages/airflow/example_dags/example_bash_operator.py took 0.115 seconds
[2024-11-25T02:07:06.752+0000] {processor.py:186} INFO - Started process (PID=1574) to work on /home/airflow/.local/lib/python3.12/site-packages/airflow/example_dags/example_bash_operator.py
[2024-11-25T02:07:06.753+0000] {processor.py:914} INFO - Processing file /home/airflow/.local/lib/python3.12/site-packages/airflow/example_dags/example_bash_operator.py for tasks to queue
[2024-11-25T02:07:06.756+0000] {logging_mixin.py:190} INFO - [2024-11-25T02:07:06.756+0000] {dagbag.py:588} INFO - Filling up the DagBag from /home/airflow/.local/lib/python3.12/site-packages/airflow/example_dags/example_bash_operator.py
[2024-11-25T02:07:06.773+0000] {processor.py:925} INFO - DAG(s) 'example_bash_operator' retrieved from /home/airflow/.local/lib/python3.12/site-packages/airflow/example_dags/example_bash_operator.py
[2024-11-25T02:07:06.806+0000] {logging_mixin.py:190} INFO - [2024-11-25T02:07:06.805+0000] {dag.py:3239} INFO - Sync 1 DAGs
[2024-11-25T02:07:06.832+0000] {logging_mixin.py:190} INFO - [2024-11-25T02:07:06.831+0000] {dag.py:4180} INFO - Setting next_dagrun for example_bash_operator to 2024-11-24 00:00:00+00:00, run_after=2024-11-25 00:00:00+00:00
[2024-11-25T02:07:06.851+0000] {processor.py:208} INFO - Processing /home/airflow/.local/lib/python3.12/site-packages/airflow/example_dags/example_bash_operator.py took 0.106 seconds
[2024-11-25T02:07:37.971+0000] {processor.py:186} INFO - Started process (PID=1638) to work on /home/airflow/.local/lib/python3.12/site-packages/airflow/example_dags/example_bash_operator.py
[2024-11-25T02:07:37.972+0000] {processor.py:914} INFO - Processing file /home/airflow/.local/lib/python3.12/site-packages/airflow/example_dags/example_bash_operator.py for tasks to queue
[2024-11-25T02:07:37.974+0000] {logging_mixin.py:190} INFO - [2024-11-25T02:07:37.974+0000] {dagbag.py:588} INFO - Filling up the DagBag from /home/airflow/.local/lib/python3.12/site-packages/airflow/example_dags/example_bash_operator.py
[2024-11-25T02:07:37.987+0000] {processor.py:925} INFO - DAG(s) 'example_bash_operator' retrieved from /home/airflow/.local/lib/python3.12/site-packages/airflow/example_dags/example_bash_operator.py
[2024-11-25T02:07:38.015+0000] {logging_mixin.py:190} INFO - [2024-11-25T02:07:38.015+0000] {dag.py:3239} INFO - Sync 1 DAGs
[2024-11-25T02:07:38.043+0000] {logging_mixin.py:190} INFO - [2024-11-25T02:07:38.042+0000] {dag.py:4180} INFO - Setting next_dagrun for example_bash_operator to 2024-11-24 00:00:00+00:00, run_after=2024-11-25 00:00:00+00:00
[2024-11-25T02:07:38.063+0000] {processor.py:208} INFO - Processing /home/airflow/.local/lib/python3.12/site-packages/airflow/example_dags/example_bash_operator.py took 0.099 seconds
[2024-11-25T02:08:08.593+0000] {processor.py:186} INFO - Started process (PID=1701) to work on /home/airflow/.local/lib/python3.12/site-packages/airflow/example_dags/example_bash_operator.py
[2024-11-25T02:08:08.594+0000] {processor.py:914} INFO - Processing file /home/airflow/.local/lib/python3.12/site-packages/airflow/example_dags/example_bash_operator.py for tasks to queue
[2024-11-25T02:08:08.599+0000] {logging_mixin.py:190} INFO - [2024-11-25T02:08:08.598+0000] {dagbag.py:588} INFO - Filling up the DagBag from /home/airflow/.local/lib/python3.12/site-packages/airflow/example_dags/example_bash_operator.py
[2024-11-25T02:08:08.621+0000] {processor.py:925} INFO - DAG(s) 'example_bash_operator' retrieved from /home/airflow/.local/lib/python3.12/site-packages/airflow/example_dags/example_bash_operator.py
[2024-11-25T02:08:08.662+0000] {logging_mixin.py:190} INFO - [2024-11-25T02:08:08.661+0000] {dag.py:3239} INFO - Sync 1 DAGs
[2024-11-25T02:08:08.692+0000] {logging_mixin.py:190} INFO - [2024-11-25T02:08:08.692+0000] {dag.py:4180} INFO - Setting next_dagrun for example_bash_operator to 2024-11-24 00:00:00+00:00, run_after=2024-11-25 00:00:00+00:00
[2024-11-25T02:08:08.723+0000] {processor.py:208} INFO - Processing /home/airflow/.local/lib/python3.12/site-packages/airflow/example_dags/example_bash_operator.py took 0.139 seconds
[2024-11-25T02:08:38.860+0000] {processor.py:186} INFO - Started process (PID=1764) to work on /home/airflow/.local/lib/python3.12/site-packages/airflow/example_dags/example_bash_operator.py
[2024-11-25T02:08:38.861+0000] {processor.py:914} INFO - Processing file /home/airflow/.local/lib/python3.12/site-packages/airflow/example_dags/example_bash_operator.py for tasks to queue
[2024-11-25T02:08:38.869+0000] {logging_mixin.py:190} INFO - [2024-11-25T02:08:38.868+0000] {dagbag.py:588} INFO - Filling up the DagBag from /home/airflow/.local/lib/python3.12/site-packages/airflow/example_dags/example_bash_operator.py
[2024-11-25T02:08:38.896+0000] {processor.py:925} INFO - DAG(s) 'example_bash_operator' retrieved from /home/airflow/.local/lib/python3.12/site-packages/airflow/example_dags/example_bash_operator.py
[2024-11-25T02:08:38.991+0000] {logging_mixin.py:190} INFO - [2024-11-25T02:08:38.987+0000] {dag.py:3239} INFO - Sync 1 DAGs
[2024-11-25T02:08:39.089+0000] {logging_mixin.py:190} INFO - [2024-11-25T02:08:39.088+0000] {dag.py:4180} INFO - Setting next_dagrun for example_bash_operator to 2024-11-24 00:00:00+00:00, run_after=2024-11-25 00:00:00+00:00
[2024-11-25T02:08:39.150+0000] {processor.py:208} INFO - Processing /home/airflow/.local/lib/python3.12/site-packages/airflow/example_dags/example_bash_operator.py took 0.301 seconds
[2024-11-25T02:09:09.246+0000] {processor.py:186} INFO - Started process (PID=1828) to work on /home/airflow/.local/lib/python3.12/site-packages/airflow/example_dags/example_bash_operator.py
[2024-11-25T02:09:09.247+0000] {processor.py:914} INFO - Processing file /home/airflow/.local/lib/python3.12/site-packages/airflow/example_dags/example_bash_operator.py for tasks to queue
[2024-11-25T02:09:09.252+0000] {logging_mixin.py:190} INFO - [2024-11-25T02:09:09.251+0000] {dagbag.py:588} INFO - Filling up the DagBag from /home/airflow/.local/lib/python3.12/site-packages/airflow/example_dags/example_bash_operator.py
[2024-11-25T02:09:09.276+0000] {processor.py:925} INFO - DAG(s) 'example_bash_operator' retrieved from /home/airflow/.local/lib/python3.12/site-packages/airflow/example_dags/example_bash_operator.py
[2024-11-25T02:09:09.339+0000] {logging_mixin.py:190} INFO - [2024-11-25T02:09:09.339+0000] {dag.py:3239} INFO - Sync 1 DAGs
[2024-11-25T02:09:09.398+0000] {logging_mixin.py:190} INFO - [2024-11-25T02:09:09.398+0000] {dag.py:4180} INFO - Setting next_dagrun for example_bash_operator to 2024-11-24 00:00:00+00:00, run_after=2024-11-25 00:00:00+00:00
[2024-11-25T02:09:09.443+0000] {processor.py:208} INFO - Processing /home/airflow/.local/lib/python3.12/site-packages/airflow/example_dags/example_bash_operator.py took 0.206 seconds
[2024-11-25T02:09:40.360+0000] {processor.py:186} INFO - Started process (PID=1892) to work on /home/airflow/.local/lib/python3.12/site-packages/airflow/example_dags/example_bash_operator.py
[2024-11-25T02:09:40.361+0000] {processor.py:914} INFO - Processing file /home/airflow/.local/lib/python3.12/site-packages/airflow/example_dags/example_bash_operator.py for tasks to queue
[2024-11-25T02:09:40.364+0000] {logging_mixin.py:190} INFO - [2024-11-25T02:09:40.363+0000] {dagbag.py:588} INFO - Filling up the DagBag from /home/airflow/.local/lib/python3.12/site-packages/airflow/example_dags/example_bash_operator.py
[2024-11-25T02:09:40.380+0000] {processor.py:925} INFO - DAG(s) 'example_bash_operator' retrieved from /home/airflow/.local/lib/python3.12/site-packages/airflow/example_dags/example_bash_operator.py
[2024-11-25T02:09:40.409+0000] {logging_mixin.py:190} INFO - [2024-11-25T02:09:40.408+0000] {dag.py:3239} INFO - Sync 1 DAGs
[2024-11-25T02:09:40.441+0000] {logging_mixin.py:190} INFO - [2024-11-25T02:09:40.441+0000] {dag.py:4180} INFO - Setting next_dagrun for example_bash_operator to 2024-11-24 00:00:00+00:00, run_after=2024-11-25 00:00:00+00:00
[2024-11-25T02:09:40.460+0000] {processor.py:208} INFO - Processing /home/airflow/.local/lib/python3.12/site-packages/airflow/example_dags/example_bash_operator.py took 0.107 seconds
[2024-11-25T02:10:10.747+0000] {processor.py:186} INFO - Started process (PID=1956) to work on /home/airflow/.local/lib/python3.12/site-packages/airflow/example_dags/example_bash_operator.py
[2024-11-25T02:10:10.748+0000] {processor.py:914} INFO - Processing file /home/airflow/.local/lib/python3.12/site-packages/airflow/example_dags/example_bash_operator.py for tasks to queue
[2024-11-25T02:10:10.753+0000] {logging_mixin.py:190} INFO - [2024-11-25T02:10:10.752+0000] {dagbag.py:588} INFO - Filling up the DagBag from /home/airflow/.local/lib/python3.12/site-packages/airflow/example_dags/example_bash_operator.py
[2024-11-25T02:10:10.776+0000] {processor.py:925} INFO - DAG(s) 'example_bash_operator' retrieved from /home/airflow/.local/lib/python3.12/site-packages/airflow/example_dags/example_bash_operator.py
[2024-11-25T02:10:10.843+0000] {logging_mixin.py:190} INFO - [2024-11-25T02:10:10.842+0000] {dag.py:3239} INFO - Sync 1 DAGs
[2024-11-25T02:10:10.887+0000] {logging_mixin.py:190} INFO - [2024-11-25T02:10:10.887+0000] {dag.py:4180} INFO - Setting next_dagrun for example_bash_operator to 2024-11-24 00:00:00+00:00, run_after=2024-11-25 00:00:00+00:00
[2024-11-25T02:10:10.913+0000] {processor.py:208} INFO - Processing /home/airflow/.local/lib/python3.12/site-packages/airflow/example_dags/example_bash_operator.py took 0.174 seconds
[2024-11-25T02:10:41.064+0000] {processor.py:186} INFO - Started process (PID=2020) to work on /home/airflow/.local/lib/python3.12/site-packages/airflow/example_dags/example_bash_operator.py
[2024-11-25T02:10:41.066+0000] {processor.py:914} INFO - Processing file /home/airflow/.local/lib/python3.12/site-packages/airflow/example_dags/example_bash_operator.py for tasks to queue
[2024-11-25T02:10:41.081+0000] {logging_mixin.py:190} INFO - [2024-11-25T02:10:41.079+0000] {dagbag.py:588} INFO - Filling up the DagBag from /home/airflow/.local/lib/python3.12/site-packages/airflow/example_dags/example_bash_operator.py
[2024-11-25T02:10:41.116+0000] {processor.py:925} INFO - DAG(s) 'example_bash_operator' retrieved from /home/airflow/.local/lib/python3.12/site-packages/airflow/example_dags/example_bash_operator.py
[2024-11-25T02:10:41.177+0000] {logging_mixin.py:190} INFO - [2024-11-25T02:10:41.175+0000] {dag.py:3239} INFO - Sync 1 DAGs
[2024-11-25T02:10:41.232+0000] {logging_mixin.py:190} INFO - [2024-11-25T02:10:41.231+0000] {dag.py:4180} INFO - Setting next_dagrun for example_bash_operator to 2024-11-24 00:00:00+00:00, run_after=2024-11-25 00:00:00+00:00
[2024-11-25T02:10:41.268+0000] {processor.py:208} INFO - Processing /home/airflow/.local/lib/python3.12/site-packages/airflow/example_dags/example_bash_operator.py took 0.221 seconds
[2024-11-25T02:11:12.104+0000] {processor.py:186} INFO - Started process (PID=2085) to work on /home/airflow/.local/lib/python3.12/site-packages/airflow/example_dags/example_bash_operator.py
[2024-11-25T02:11:12.107+0000] {processor.py:914} INFO - Processing file /home/airflow/.local/lib/python3.12/site-packages/airflow/example_dags/example_bash_operator.py for tasks to queue
[2024-11-25T02:11:12.112+0000] {logging_mixin.py:190} INFO - [2024-11-25T02:11:12.111+0000] {dagbag.py:588} INFO - Filling up the DagBag from /home/airflow/.local/lib/python3.12/site-packages/airflow/example_dags/example_bash_operator.py
[2024-11-25T02:11:12.153+0000] {processor.py:925} INFO - DAG(s) 'example_bash_operator' retrieved from /home/airflow/.local/lib/python3.12/site-packages/airflow/example_dags/example_bash_operator.py
[2024-11-25T02:11:12.238+0000] {logging_mixin.py:190} INFO - [2024-11-25T02:11:12.238+0000] {dag.py:3239} INFO - Sync 1 DAGs
[2024-11-25T02:11:12.316+0000] {logging_mixin.py:190} INFO - [2024-11-25T02:11:12.316+0000] {dag.py:4180} INFO - Setting next_dagrun for example_bash_operator to 2024-11-24 00:00:00+00:00, run_after=2024-11-25 00:00:00+00:00
[2024-11-25T02:11:12.356+0000] {processor.py:208} INFO - Processing /home/airflow/.local/lib/python3.12/site-packages/airflow/example_dags/example_bash_operator.py took 0.273 seconds
[2024-11-25T02:11:42.529+0000] {processor.py:186} INFO - Started process (PID=2149) to work on /home/airflow/.local/lib/python3.12/site-packages/airflow/example_dags/example_bash_operator.py
[2024-11-25T02:11:42.530+0000] {processor.py:914} INFO - Processing file /home/airflow/.local/lib/python3.12/site-packages/airflow/example_dags/example_bash_operator.py for tasks to queue
[2024-11-25T02:11:42.533+0000] {logging_mixin.py:190} INFO - [2024-11-25T02:11:42.533+0000] {dagbag.py:588} INFO - Filling up the DagBag from /home/airflow/.local/lib/python3.12/site-packages/airflow/example_dags/example_bash_operator.py
[2024-11-25T02:11:42.552+0000] {processor.py:925} INFO - DAG(s) 'example_bash_operator' retrieved from /home/airflow/.local/lib/python3.12/site-packages/airflow/example_dags/example_bash_operator.py
[2024-11-25T02:11:42.584+0000] {logging_mixin.py:190} INFO - [2024-11-25T02:11:42.583+0000] {dag.py:3239} INFO - Sync 1 DAGs
[2024-11-25T02:11:42.617+0000] {logging_mixin.py:190} INFO - [2024-11-25T02:11:42.617+0000] {dag.py:4180} INFO - Setting next_dagrun for example_bash_operator to 2024-11-24 00:00:00+00:00, run_after=2024-11-25 00:00:00+00:00
[2024-11-25T02:11:42.658+0000] {processor.py:208} INFO - Processing /home/airflow/.local/lib/python3.12/site-packages/airflow/example_dags/example_bash_operator.py took 0.135 seconds
[2024-11-25T02:12:13.275+0000] {processor.py:186} INFO - Started process (PID=2212) to work on /home/airflow/.local/lib/python3.12/site-packages/airflow/example_dags/example_bash_operator.py
[2024-11-25T02:12:13.276+0000] {processor.py:914} INFO - Processing file /home/airflow/.local/lib/python3.12/site-packages/airflow/example_dags/example_bash_operator.py for tasks to queue
[2024-11-25T02:12:13.279+0000] {logging_mixin.py:190} INFO - [2024-11-25T02:12:13.279+0000] {dagbag.py:588} INFO - Filling up the DagBag from /home/airflow/.local/lib/python3.12/site-packages/airflow/example_dags/example_bash_operator.py
[2024-11-25T02:12:13.297+0000] {processor.py:925} INFO - DAG(s) 'example_bash_operator' retrieved from /home/airflow/.local/lib/python3.12/site-packages/airflow/example_dags/example_bash_operator.py
[2024-11-25T02:12:13.323+0000] {logging_mixin.py:190} INFO - [2024-11-25T02:12:13.323+0000] {dag.py:3239} INFO - Sync 1 DAGs
[2024-11-25T02:12:13.348+0000] {logging_mixin.py:190} INFO - [2024-11-25T02:12:13.348+0000] {dag.py:4180} INFO - Setting next_dagrun for example_bash_operator to 2024-11-24 00:00:00+00:00, run_after=2024-11-25 00:00:00+00:00
[2024-11-25T02:12:13.389+0000] {processor.py:208} INFO - Processing /home/airflow/.local/lib/python3.12/site-packages/airflow/example_dags/example_bash_operator.py took 0.120 seconds
[2024-11-25T02:12:43.589+0000] {processor.py:186} INFO - Started process (PID=2275) to work on /home/airflow/.local/lib/python3.12/site-packages/airflow/example_dags/example_bash_operator.py
[2024-11-25T02:12:43.591+0000] {processor.py:914} INFO - Processing file /home/airflow/.local/lib/python3.12/site-packages/airflow/example_dags/example_bash_operator.py for tasks to queue
[2024-11-25T02:12:43.595+0000] {logging_mixin.py:190} INFO - [2024-11-25T02:12:43.594+0000] {dagbag.py:588} INFO - Filling up the DagBag from /home/airflow/.local/lib/python3.12/site-packages/airflow/example_dags/example_bash_operator.py
[2024-11-25T02:12:43.626+0000] {processor.py:925} INFO - DAG(s) 'example_bash_operator' retrieved from /home/airflow/.local/lib/python3.12/site-packages/airflow/example_dags/example_bash_operator.py
[2024-11-25T02:12:43.682+0000] {logging_mixin.py:190} INFO - [2024-11-25T02:12:43.682+0000] {dag.py:3239} INFO - Sync 1 DAGs
[2024-11-25T02:12:43.725+0000] {logging_mixin.py:190} INFO - [2024-11-25T02:12:43.725+0000] {dag.py:4180} INFO - Setting next_dagrun for example_bash_operator to 2024-11-24 00:00:00+00:00, run_after=2024-11-25 00:00:00+00:00
[2024-11-25T02:12:43.756+0000] {processor.py:208} INFO - Processing /home/airflow/.local/lib/python3.12/site-packages/airflow/example_dags/example_bash_operator.py took 0.176 seconds
[2024-11-25T02:13:13.872+0000] {processor.py:186} INFO - Started process (PID=2339) to work on /home/airflow/.local/lib/python3.12/site-packages/airflow/example_dags/example_bash_operator.py
[2024-11-25T02:13:13.873+0000] {processor.py:914} INFO - Processing file /home/airflow/.local/lib/python3.12/site-packages/airflow/example_dags/example_bash_operator.py for tasks to queue
[2024-11-25T02:13:13.876+0000] {logging_mixin.py:190} INFO - [2024-11-25T02:13:13.876+0000] {dagbag.py:588} INFO - Filling up the DagBag from /home/airflow/.local/lib/python3.12/site-packages/airflow/example_dags/example_bash_operator.py
[2024-11-25T02:13:13.892+0000] {processor.py:925} INFO - DAG(s) 'example_bash_operator' retrieved from /home/airflow/.local/lib/python3.12/site-packages/airflow/example_dags/example_bash_operator.py
[2024-11-25T02:13:13.924+0000] {logging_mixin.py:190} INFO - [2024-11-25T02:13:13.924+0000] {dag.py:3239} INFO - Sync 1 DAGs
[2024-11-25T02:13:13.964+0000] {logging_mixin.py:190} INFO - [2024-11-25T02:13:13.964+0000] {dag.py:4180} INFO - Setting next_dagrun for example_bash_operator to 2024-11-24 00:00:00+00:00, run_after=2024-11-25 00:00:00+00:00
[2024-11-25T02:13:13.988+0000] {processor.py:208} INFO - Processing /home/airflow/.local/lib/python3.12/site-packages/airflow/example_dags/example_bash_operator.py took 0.123 seconds
[2024-11-25T02:13:44.422+0000] {processor.py:186} INFO - Started process (PID=2404) to work on /home/airflow/.local/lib/python3.12/site-packages/airflow/example_dags/example_bash_operator.py
[2024-11-25T02:13:44.423+0000] {processor.py:914} INFO - Processing file /home/airflow/.local/lib/python3.12/site-packages/airflow/example_dags/example_bash_operator.py for tasks to queue
[2024-11-25T02:13:44.426+0000] {logging_mixin.py:190} INFO - [2024-11-25T02:13:44.426+0000] {dagbag.py:588} INFO - Filling up the DagBag from /home/airflow/.local/lib/python3.12/site-packages/airflow/example_dags/example_bash_operator.py
[2024-11-25T02:13:44.441+0000] {processor.py:925} INFO - DAG(s) 'example_bash_operator' retrieved from /home/airflow/.local/lib/python3.12/site-packages/airflow/example_dags/example_bash_operator.py
[2024-11-25T02:13:44.477+0000] {logging_mixin.py:190} INFO - [2024-11-25T02:13:44.477+0000] {dag.py:3239} INFO - Sync 1 DAGs
[2024-11-25T02:13:44.503+0000] {logging_mixin.py:190} INFO - [2024-11-25T02:13:44.503+0000] {dag.py:4180} INFO - Setting next_dagrun for example_bash_operator to 2024-11-24 00:00:00+00:00, run_after=2024-11-25 00:00:00+00:00
[2024-11-25T02:13:44.526+0000] {processor.py:208} INFO - Processing /home/airflow/.local/lib/python3.12/site-packages/airflow/example_dags/example_bash_operator.py took 0.110 seconds
[2024-11-25T02:14:15.301+0000] {processor.py:186} INFO - Started process (PID=2468) to work on /home/airflow/.local/lib/python3.12/site-packages/airflow/example_dags/example_bash_operator.py
[2024-11-25T02:14:15.302+0000] {processor.py:914} INFO - Processing file /home/airflow/.local/lib/python3.12/site-packages/airflow/example_dags/example_bash_operator.py for tasks to queue
[2024-11-25T02:14:15.304+0000] {logging_mixin.py:190} INFO - [2024-11-25T02:14:15.304+0000] {dagbag.py:588} INFO - Filling up the DagBag from /home/airflow/.local/lib/python3.12/site-packages/airflow/example_dags/example_bash_operator.py
[2024-11-25T02:14:15.319+0000] {processor.py:925} INFO - DAG(s) 'example_bash_operator' retrieved from /home/airflow/.local/lib/python3.12/site-packages/airflow/example_dags/example_bash_operator.py
[2024-11-25T02:14:15.347+0000] {logging_mixin.py:190} INFO - [2024-11-25T02:14:15.347+0000] {dag.py:3239} INFO - Sync 1 DAGs
[2024-11-25T02:14:15.375+0000] {logging_mixin.py:190} INFO - [2024-11-25T02:14:15.374+0000] {dag.py:4180} INFO - Setting next_dagrun for example_bash_operator to 2024-11-24 00:00:00+00:00, run_after=2024-11-25 00:00:00+00:00
[2024-11-25T02:14:15.398+0000] {processor.py:208} INFO - Processing /home/airflow/.local/lib/python3.12/site-packages/airflow/example_dags/example_bash_operator.py took 0.103 seconds
[2024-11-25T02:14:47.653+0000] {processor.py:186} INFO - Started process (PID=2532) to work on /home/airflow/.local/lib/python3.12/site-packages/airflow/example_dags/example_bash_operator.py
[2024-11-25T02:14:47.667+0000] {processor.py:914} INFO - Processing file /home/airflow/.local/lib/python3.12/site-packages/airflow/example_dags/example_bash_operator.py for tasks to queue
[2024-11-25T02:14:47.681+0000] {logging_mixin.py:190} INFO - [2024-11-25T02:14:47.674+0000] {dagbag.py:588} INFO - Filling up the DagBag from /home/airflow/.local/lib/python3.12/site-packages/airflow/example_dags/example_bash_operator.py
[2024-11-25T02:14:47.725+0000] {processor.py:925} INFO - DAG(s) 'example_bash_operator' retrieved from /home/airflow/.local/lib/python3.12/site-packages/airflow/example_dags/example_bash_operator.py
[2024-11-25T02:14:47.795+0000] {logging_mixin.py:190} INFO - [2024-11-25T02:14:47.793+0000] {dag.py:3239} INFO - Sync 1 DAGs
[2024-11-25T02:14:48.330+0000] {logging_mixin.py:190} INFO - [2024-11-25T02:14:48.329+0000] {dag.py:4180} INFO - Setting next_dagrun for example_bash_operator to 2024-11-24 00:00:00+00:00, run_after=2024-11-25 00:00:00+00:00
[2024-11-25T02:14:48.359+0000] {processor.py:208} INFO - Processing /home/airflow/.local/lib/python3.12/site-packages/airflow/example_dags/example_bash_operator.py took 0.728 seconds
[2024-11-25T02:15:18.418+0000] {processor.py:186} INFO - Started process (PID=2597) to work on /home/airflow/.local/lib/python3.12/site-packages/airflow/example_dags/example_bash_operator.py
[2024-11-25T02:15:18.419+0000] {processor.py:914} INFO - Processing file /home/airflow/.local/lib/python3.12/site-packages/airflow/example_dags/example_bash_operator.py for tasks to queue
[2024-11-25T02:15:18.421+0000] {logging_mixin.py:190} INFO - [2024-11-25T02:15:18.421+0000] {dagbag.py:588} INFO - Filling up the DagBag from /home/airflow/.local/lib/python3.12/site-packages/airflow/example_dags/example_bash_operator.py
[2024-11-25T02:15:18.435+0000] {processor.py:925} INFO - DAG(s) 'example_bash_operator' retrieved from /home/airflow/.local/lib/python3.12/site-packages/airflow/example_dags/example_bash_operator.py
[2024-11-25T02:15:18.461+0000] {logging_mixin.py:190} INFO - [2024-11-25T02:15:18.460+0000] {dag.py:3239} INFO - Sync 1 DAGs
[2024-11-25T02:15:18.485+0000] {logging_mixin.py:190} INFO - [2024-11-25T02:15:18.485+0000] {dag.py:4180} INFO - Setting next_dagrun for example_bash_operator to 2024-11-24 00:00:00+00:00, run_after=2024-11-25 00:00:00+00:00
[2024-11-25T02:15:18.671+0000] {processor.py:208} INFO - Processing /home/airflow/.local/lib/python3.12/site-packages/airflow/example_dags/example_bash_operator.py took 0.259 seconds
[2024-11-25T02:15:48.789+0000] {processor.py:186} INFO - Started process (PID=2660) to work on /home/airflow/.local/lib/python3.12/site-packages/airflow/example_dags/example_bash_operator.py
[2024-11-25T02:15:48.790+0000] {processor.py:914} INFO - Processing file /home/airflow/.local/lib/python3.12/site-packages/airflow/example_dags/example_bash_operator.py for tasks to queue
[2024-11-25T02:15:48.793+0000] {logging_mixin.py:190} INFO - [2024-11-25T02:15:48.792+0000] {dagbag.py:588} INFO - Filling up the DagBag from /home/airflow/.local/lib/python3.12/site-packages/airflow/example_dags/example_bash_operator.py
[2024-11-25T02:15:48.809+0000] {processor.py:925} INFO - DAG(s) 'example_bash_operator' retrieved from /home/airflow/.local/lib/python3.12/site-packages/airflow/example_dags/example_bash_operator.py
[2024-11-25T02:15:48.854+0000] {logging_mixin.py:190} INFO - [2024-11-25T02:15:48.854+0000] {dag.py:3239} INFO - Sync 1 DAGs
[2024-11-25T02:15:48.898+0000] {logging_mixin.py:190} INFO - [2024-11-25T02:15:48.897+0000] {dag.py:4180} INFO - Setting next_dagrun for example_bash_operator to 2024-11-24 00:00:00+00:00, run_after=2024-11-25 00:00:00+00:00
[2024-11-25T02:15:48.925+0000] {processor.py:208} INFO - Processing /home/airflow/.local/lib/python3.12/site-packages/airflow/example_dags/example_bash_operator.py took 0.151 seconds
[2024-11-25T02:16:19.589+0000] {processor.py:186} INFO - Started process (PID=2724) to work on /home/airflow/.local/lib/python3.12/site-packages/airflow/example_dags/example_bash_operator.py
[2024-11-25T02:16:19.590+0000] {processor.py:914} INFO - Processing file /home/airflow/.local/lib/python3.12/site-packages/airflow/example_dags/example_bash_operator.py for tasks to queue
[2024-11-25T02:16:19.593+0000] {logging_mixin.py:190} INFO - [2024-11-25T02:16:19.593+0000] {dagbag.py:588} INFO - Filling up the DagBag from /home/airflow/.local/lib/python3.12/site-packages/airflow/example_dags/example_bash_operator.py
[2024-11-25T02:16:19.609+0000] {processor.py:925} INFO - DAG(s) 'example_bash_operator' retrieved from /home/airflow/.local/lib/python3.12/site-packages/airflow/example_dags/example_bash_operator.py
[2024-11-25T02:16:19.639+0000] {logging_mixin.py:190} INFO - [2024-11-25T02:16:19.638+0000] {dag.py:3239} INFO - Sync 1 DAGs
[2024-11-25T02:16:19.670+0000] {logging_mixin.py:190} INFO - [2024-11-25T02:16:19.669+0000] {dag.py:4180} INFO - Setting next_dagrun for example_bash_operator to 2024-11-24 00:00:00+00:00, run_after=2024-11-25 00:00:00+00:00
[2024-11-25T02:16:19.710+0000] {processor.py:208} INFO - Processing /home/airflow/.local/lib/python3.12/site-packages/airflow/example_dags/example_bash_operator.py took 0.127 seconds
