[2024-11-25T01:55:10.529+0000] {processor.py:186} INFO - Started process (PID=80) to work on /home/airflow/.local/lib/python3.12/site-packages/airflow/example_dags/example_sensors.py
[2024-11-25T01:55:10.539+0000] {processor.py:914} INFO - Processing file /home/airflow/.local/lib/python3.12/site-packages/airflow/example_dags/example_sensors.py for tasks to queue
[2024-11-25T01:55:10.558+0000] {logging_mixin.py:190} INFO - [2024-11-25T01:55:10.556+0000] {dagbag.py:588} INFO - Filling up the DagBag from /home/airflow/.local/lib/python3.12/site-packages/airflow/example_dags/example_sensors.py
[2024-11-25T01:55:10.659+0000] {processor.py:925} INFO - DAG(s) 'example_sensors' retrieved from /home/airflow/.local/lib/python3.12/site-packages/airflow/example_dags/example_sensors.py
[2024-11-25T01:55:11.000+0000] {logging_mixin.py:190} INFO - [2024-11-25T01:55:10.999+0000] {dag.py:3239} INFO - Sync 1 DAGs
[2024-11-25T01:55:11.075+0000] {logging_mixin.py:190} INFO - [2024-11-25T01:55:11.074+0000] {dag.py:4180} INFO - Setting next_dagrun for example_sensors to None, run_after=None
[2024-11-25T01:55:11.204+0000] {processor.py:208} INFO - Processing /home/airflow/.local/lib/python3.12/site-packages/airflow/example_dags/example_sensors.py took 0.729 seconds
[2024-11-25T01:55:41.306+0000] {processor.py:186} INFO - Started process (PID=145) to work on /home/airflow/.local/lib/python3.12/site-packages/airflow/example_dags/example_sensors.py
[2024-11-25T01:55:41.309+0000] {processor.py:914} INFO - Processing file /home/airflow/.local/lib/python3.12/site-packages/airflow/example_dags/example_sensors.py for tasks to queue
[2024-11-25T01:55:41.317+0000] {logging_mixin.py:190} INFO - [2024-11-25T01:55:41.315+0000] {dagbag.py:588} INFO - Filling up the DagBag from /home/airflow/.local/lib/python3.12/site-packages/airflow/example_dags/example_sensors.py
[2024-11-25T01:55:41.361+0000] {processor.py:925} INFO - DAG(s) 'example_sensors' retrieved from /home/airflow/.local/lib/python3.12/site-packages/airflow/example_dags/example_sensors.py
[2024-11-25T01:55:41.481+0000] {logging_mixin.py:190} INFO - [2024-11-25T01:55:41.479+0000] {dag.py:3239} INFO - Sync 1 DAGs
[2024-11-25T01:55:41.569+0000] {logging_mixin.py:190} INFO - [2024-11-25T01:55:41.568+0000] {dag.py:4180} INFO - Setting next_dagrun for example_sensors to None, run_after=None
[2024-11-25T01:55:41.931+0000] {processor.py:208} INFO - Processing /home/airflow/.local/lib/python3.12/site-packages/airflow/example_dags/example_sensors.py took 0.650 seconds
[2024-11-25T01:56:12.484+0000] {processor.py:186} INFO - Started process (PID=209) to work on /home/airflow/.local/lib/python3.12/site-packages/airflow/example_dags/example_sensors.py
[2024-11-25T01:56:12.484+0000] {processor.py:914} INFO - Processing file /home/airflow/.local/lib/python3.12/site-packages/airflow/example_dags/example_sensors.py for tasks to queue
[2024-11-25T01:56:12.486+0000] {logging_mixin.py:190} INFO - [2024-11-25T01:56:12.486+0000] {dagbag.py:588} INFO - Filling up the DagBag from /home/airflow/.local/lib/python3.12/site-packages/airflow/example_dags/example_sensors.py
[2024-11-25T01:56:12.496+0000] {processor.py:925} INFO - DAG(s) 'example_sensors' retrieved from /home/airflow/.local/lib/python3.12/site-packages/airflow/example_dags/example_sensors.py
[2024-11-25T01:56:12.520+0000] {logging_mixin.py:190} INFO - [2024-11-25T01:56:12.520+0000] {dag.py:3239} INFO - Sync 1 DAGs
[2024-11-25T01:56:12.534+0000] {logging_mixin.py:190} INFO - [2024-11-25T01:56:12.534+0000] {dag.py:4180} INFO - Setting next_dagrun for example_sensors to None, run_after=None
[2024-11-25T01:56:12.553+0000] {processor.py:208} INFO - Processing /home/airflow/.local/lib/python3.12/site-packages/airflow/example_dags/example_sensors.py took 0.075 seconds
[2024-11-25T01:56:43.877+0000] {processor.py:186} INFO - Started process (PID=273) to work on /home/airflow/.local/lib/python3.12/site-packages/airflow/example_dags/example_sensors.py
[2024-11-25T01:56:43.879+0000] {processor.py:914} INFO - Processing file /home/airflow/.local/lib/python3.12/site-packages/airflow/example_dags/example_sensors.py for tasks to queue
[2024-11-25T01:56:43.904+0000] {logging_mixin.py:190} INFO - [2024-11-25T01:56:43.904+0000] {dagbag.py:588} INFO - Filling up the DagBag from /home/airflow/.local/lib/python3.12/site-packages/airflow/example_dags/example_sensors.py
[2024-11-25T01:56:43.978+0000] {processor.py:925} INFO - DAG(s) 'example_sensors' retrieved from /home/airflow/.local/lib/python3.12/site-packages/airflow/example_dags/example_sensors.py
[2024-11-25T01:56:44.112+0000] {logging_mixin.py:190} INFO - [2024-11-25T01:56:44.111+0000] {dag.py:3239} INFO - Sync 1 DAGs
[2024-11-25T01:56:44.190+0000] {logging_mixin.py:190} INFO - [2024-11-25T01:56:44.190+0000] {dag.py:4180} INFO - Setting next_dagrun for example_sensors to None, run_after=None
[2024-11-25T01:56:44.281+0000] {processor.py:208} INFO - Processing /home/airflow/.local/lib/python3.12/site-packages/airflow/example_dags/example_sensors.py took 0.425 seconds
[2024-11-25T01:57:14.385+0000] {processor.py:186} INFO - Started process (PID=337) to work on /home/airflow/.local/lib/python3.12/site-packages/airflow/example_dags/example_sensors.py
[2024-11-25T01:57:14.386+0000] {processor.py:914} INFO - Processing file /home/airflow/.local/lib/python3.12/site-packages/airflow/example_dags/example_sensors.py for tasks to queue
[2024-11-25T01:57:14.388+0000] {logging_mixin.py:190} INFO - [2024-11-25T01:57:14.388+0000] {dagbag.py:588} INFO - Filling up the DagBag from /home/airflow/.local/lib/python3.12/site-packages/airflow/example_dags/example_sensors.py
[2024-11-25T01:57:14.400+0000] {processor.py:925} INFO - DAG(s) 'example_sensors' retrieved from /home/airflow/.local/lib/python3.12/site-packages/airflow/example_dags/example_sensors.py
[2024-11-25T01:57:14.424+0000] {logging_mixin.py:190} INFO - [2024-11-25T01:57:14.423+0000] {dag.py:3239} INFO - Sync 1 DAGs
[2024-11-25T01:57:14.437+0000] {logging_mixin.py:190} INFO - [2024-11-25T01:57:14.437+0000] {dag.py:4180} INFO - Setting next_dagrun for example_sensors to None, run_after=None
[2024-11-25T01:57:14.568+0000] {processor.py:208} INFO - Processing /home/airflow/.local/lib/python3.12/site-packages/airflow/example_dags/example_sensors.py took 0.190 seconds
[2024-11-25T01:57:44.683+0000] {processor.py:186} INFO - Started process (PID=401) to work on /home/airflow/.local/lib/python3.12/site-packages/airflow/example_dags/example_sensors.py
[2024-11-25T01:57:44.684+0000] {processor.py:914} INFO - Processing file /home/airflow/.local/lib/python3.12/site-packages/airflow/example_dags/example_sensors.py for tasks to queue
[2024-11-25T01:57:44.687+0000] {logging_mixin.py:190} INFO - [2024-11-25T01:57:44.686+0000] {dagbag.py:588} INFO - Filling up the DagBag from /home/airflow/.local/lib/python3.12/site-packages/airflow/example_dags/example_sensors.py
[2024-11-25T01:57:44.698+0000] {processor.py:925} INFO - DAG(s) 'example_sensors' retrieved from /home/airflow/.local/lib/python3.12/site-packages/airflow/example_dags/example_sensors.py
[2024-11-25T01:57:44.724+0000] {logging_mixin.py:190} INFO - [2024-11-25T01:57:44.724+0000] {dag.py:3239} INFO - Sync 1 DAGs
[2024-11-25T01:57:44.738+0000] {logging_mixin.py:190} INFO - [2024-11-25T01:57:44.738+0000] {dag.py:4180} INFO - Setting next_dagrun for example_sensors to None, run_after=None
[2024-11-25T01:57:44.755+0000] {processor.py:208} INFO - Processing /home/airflow/.local/lib/python3.12/site-packages/airflow/example_dags/example_sensors.py took 0.079 seconds
[2024-11-25T01:58:15.201+0000] {processor.py:186} INFO - Started process (PID=465) to work on /home/airflow/.local/lib/python3.12/site-packages/airflow/example_dags/example_sensors.py
[2024-11-25T01:58:15.203+0000] {processor.py:914} INFO - Processing file /home/airflow/.local/lib/python3.12/site-packages/airflow/example_dags/example_sensors.py for tasks to queue
[2024-11-25T01:58:15.205+0000] {logging_mixin.py:190} INFO - [2024-11-25T01:58:15.205+0000] {dagbag.py:588} INFO - Filling up the DagBag from /home/airflow/.local/lib/python3.12/site-packages/airflow/example_dags/example_sensors.py
[2024-11-25T01:58:15.220+0000] {processor.py:925} INFO - DAG(s) 'example_sensors' retrieved from /home/airflow/.local/lib/python3.12/site-packages/airflow/example_dags/example_sensors.py
[2024-11-25T01:58:15.252+0000] {logging_mixin.py:190} INFO - [2024-11-25T01:58:15.252+0000] {dag.py:3239} INFO - Sync 1 DAGs
[2024-11-25T01:58:15.269+0000] {logging_mixin.py:190} INFO - [2024-11-25T01:58:15.269+0000] {dag.py:4180} INFO - Setting next_dagrun for example_sensors to None, run_after=None
[2024-11-25T01:58:15.287+0000] {processor.py:208} INFO - Processing /home/airflow/.local/lib/python3.12/site-packages/airflow/example_dags/example_sensors.py took 0.094 seconds
[2024-11-25T01:58:46.012+0000] {processor.py:186} INFO - Started process (PID=529) to work on /home/airflow/.local/lib/python3.12/site-packages/airflow/example_dags/example_sensors.py
[2024-11-25T01:58:46.013+0000] {processor.py:914} INFO - Processing file /home/airflow/.local/lib/python3.12/site-packages/airflow/example_dags/example_sensors.py for tasks to queue
[2024-11-25T01:58:46.026+0000] {logging_mixin.py:190} INFO - [2024-11-25T01:58:46.025+0000] {dagbag.py:588} INFO - Filling up the DagBag from /home/airflow/.local/lib/python3.12/site-packages/airflow/example_dags/example_sensors.py
[2024-11-25T01:58:46.048+0000] {processor.py:925} INFO - DAG(s) 'example_sensors' retrieved from /home/airflow/.local/lib/python3.12/site-packages/airflow/example_dags/example_sensors.py
[2024-11-25T01:58:46.122+0000] {logging_mixin.py:190} INFO - [2024-11-25T01:58:46.122+0000] {dag.py:3239} INFO - Sync 1 DAGs
[2024-11-25T01:58:46.152+0000] {logging_mixin.py:190} INFO - [2024-11-25T01:58:46.151+0000] {dag.py:4180} INFO - Setting next_dagrun for example_sensors to None, run_after=None
[2024-11-25T01:58:46.179+0000] {processor.py:208} INFO - Processing /home/airflow/.local/lib/python3.12/site-packages/airflow/example_dags/example_sensors.py took 0.176 seconds
[2024-11-25T01:59:16.326+0000] {processor.py:186} INFO - Started process (PID=593) to work on /home/airflow/.local/lib/python3.12/site-packages/airflow/example_dags/example_sensors.py
[2024-11-25T01:59:16.327+0000] {processor.py:914} INFO - Processing file /home/airflow/.local/lib/python3.12/site-packages/airflow/example_dags/example_sensors.py for tasks to queue
[2024-11-25T01:59:16.329+0000] {logging_mixin.py:190} INFO - [2024-11-25T01:59:16.329+0000] {dagbag.py:588} INFO - Filling up the DagBag from /home/airflow/.local/lib/python3.12/site-packages/airflow/example_dags/example_sensors.py
[2024-11-25T01:59:16.342+0000] {processor.py:925} INFO - DAG(s) 'example_sensors' retrieved from /home/airflow/.local/lib/python3.12/site-packages/airflow/example_dags/example_sensors.py
[2024-11-25T01:59:16.370+0000] {logging_mixin.py:190} INFO - [2024-11-25T01:59:16.369+0000] {dag.py:3239} INFO - Sync 1 DAGs
[2024-11-25T01:59:16.385+0000] {logging_mixin.py:190} INFO - [2024-11-25T01:59:16.385+0000] {dag.py:4180} INFO - Setting next_dagrun for example_sensors to None, run_after=None
[2024-11-25T01:59:16.403+0000] {processor.py:208} INFO - Processing /home/airflow/.local/lib/python3.12/site-packages/airflow/example_dags/example_sensors.py took 0.084 seconds
[2024-11-25T01:59:46.680+0000] {processor.py:186} INFO - Started process (PID=656) to work on /home/airflow/.local/lib/python3.12/site-packages/airflow/example_dags/example_sensors.py
[2024-11-25T01:59:46.681+0000] {processor.py:914} INFO - Processing file /home/airflow/.local/lib/python3.12/site-packages/airflow/example_dags/example_sensors.py for tasks to queue
[2024-11-25T01:59:46.683+0000] {logging_mixin.py:190} INFO - [2024-11-25T01:59:46.683+0000] {dagbag.py:588} INFO - Filling up the DagBag from /home/airflow/.local/lib/python3.12/site-packages/airflow/example_dags/example_sensors.py
[2024-11-25T01:59:46.695+0000] {processor.py:925} INFO - DAG(s) 'example_sensors' retrieved from /home/airflow/.local/lib/python3.12/site-packages/airflow/example_dags/example_sensors.py
[2024-11-25T01:59:46.722+0000] {logging_mixin.py:190} INFO - [2024-11-25T01:59:46.721+0000] {dag.py:3239} INFO - Sync 1 DAGs
[2024-11-25T01:59:46.737+0000] {logging_mixin.py:190} INFO - [2024-11-25T01:59:46.737+0000] {dag.py:4180} INFO - Setting next_dagrun for example_sensors to None, run_after=None
[2024-11-25T01:59:46.755+0000] {processor.py:208} INFO - Processing /home/airflow/.local/lib/python3.12/site-packages/airflow/example_dags/example_sensors.py took 0.081 seconds
[2024-11-25T02:00:17.477+0000] {processor.py:186} INFO - Started process (PID=718) to work on /home/airflow/.local/lib/python3.12/site-packages/airflow/example_dags/example_sensors.py
[2024-11-25T02:00:17.478+0000] {processor.py:914} INFO - Processing file /home/airflow/.local/lib/python3.12/site-packages/airflow/example_dags/example_sensors.py for tasks to queue
[2024-11-25T02:00:17.481+0000] {logging_mixin.py:190} INFO - [2024-11-25T02:00:17.481+0000] {dagbag.py:588} INFO - Filling up the DagBag from /home/airflow/.local/lib/python3.12/site-packages/airflow/example_dags/example_sensors.py
[2024-11-25T02:00:17.492+0000] {processor.py:925} INFO - DAG(s) 'example_sensors' retrieved from /home/airflow/.local/lib/python3.12/site-packages/airflow/example_dags/example_sensors.py
[2024-11-25T02:00:17.520+0000] {logging_mixin.py:190} INFO - [2024-11-25T02:00:17.519+0000] {dag.py:3239} INFO - Sync 1 DAGs
[2024-11-25T02:00:17.535+0000] {logging_mixin.py:190} INFO - [2024-11-25T02:00:17.535+0000] {dag.py:4180} INFO - Setting next_dagrun for example_sensors to None, run_after=None
[2024-11-25T02:00:17.552+0000] {processor.py:208} INFO - Processing /home/airflow/.local/lib/python3.12/site-packages/airflow/example_dags/example_sensors.py took 0.080 seconds
[2024-11-25T02:00:47.904+0000] {processor.py:186} INFO - Started process (PID=782) to work on /home/airflow/.local/lib/python3.12/site-packages/airflow/example_dags/example_sensors.py
[2024-11-25T02:00:47.905+0000] {processor.py:914} INFO - Processing file /home/airflow/.local/lib/python3.12/site-packages/airflow/example_dags/example_sensors.py for tasks to queue
[2024-11-25T02:00:47.909+0000] {logging_mixin.py:190} INFO - [2024-11-25T02:00:47.909+0000] {dagbag.py:588} INFO - Filling up the DagBag from /home/airflow/.local/lib/python3.12/site-packages/airflow/example_dags/example_sensors.py
[2024-11-25T02:00:47.924+0000] {processor.py:925} INFO - DAG(s) 'example_sensors' retrieved from /home/airflow/.local/lib/python3.12/site-packages/airflow/example_dags/example_sensors.py
[2024-11-25T02:00:47.950+0000] {logging_mixin.py:190} INFO - [2024-11-25T02:00:47.950+0000] {dag.py:3239} INFO - Sync 1 DAGs
[2024-11-25T02:00:47.966+0000] {logging_mixin.py:190} INFO - [2024-11-25T02:00:47.966+0000] {dag.py:4180} INFO - Setting next_dagrun for example_sensors to None, run_after=None
[2024-11-25T02:00:47.983+0000] {processor.py:208} INFO - Processing /home/airflow/.local/lib/python3.12/site-packages/airflow/example_dags/example_sensors.py took 0.086 seconds
[2024-11-25T02:01:18.740+0000] {processor.py:186} INFO - Started process (PID=845) to work on /home/airflow/.local/lib/python3.12/site-packages/airflow/example_dags/example_sensors.py
[2024-11-25T02:01:18.741+0000] {processor.py:914} INFO - Processing file /home/airflow/.local/lib/python3.12/site-packages/airflow/example_dags/example_sensors.py for tasks to queue
[2024-11-25T02:01:18.743+0000] {logging_mixin.py:190} INFO - [2024-11-25T02:01:18.743+0000] {dagbag.py:588} INFO - Filling up the DagBag from /home/airflow/.local/lib/python3.12/site-packages/airflow/example_dags/example_sensors.py
[2024-11-25T02:01:18.753+0000] {processor.py:925} INFO - DAG(s) 'example_sensors' retrieved from /home/airflow/.local/lib/python3.12/site-packages/airflow/example_dags/example_sensors.py
[2024-11-25T02:01:18.777+0000] {logging_mixin.py:190} INFO - [2024-11-25T02:01:18.777+0000] {dag.py:3239} INFO - Sync 1 DAGs
[2024-11-25T02:01:18.793+0000] {logging_mixin.py:190} INFO - [2024-11-25T02:01:18.792+0000] {dag.py:4180} INFO - Setting next_dagrun for example_sensors to None, run_after=None
[2024-11-25T02:01:18.810+0000] {processor.py:208} INFO - Processing /home/airflow/.local/lib/python3.12/site-packages/airflow/example_dags/example_sensors.py took 0.075 seconds
[2024-11-25T02:01:49.337+0000] {processor.py:186} INFO - Started process (PID=908) to work on /home/airflow/.local/lib/python3.12/site-packages/airflow/example_dags/example_sensors.py
[2024-11-25T02:01:49.338+0000] {processor.py:914} INFO - Processing file /home/airflow/.local/lib/python3.12/site-packages/airflow/example_dags/example_sensors.py for tasks to queue
[2024-11-25T02:01:49.340+0000] {logging_mixin.py:190} INFO - [2024-11-25T02:01:49.340+0000] {dagbag.py:588} INFO - Filling up the DagBag from /home/airflow/.local/lib/python3.12/site-packages/airflow/example_dags/example_sensors.py
[2024-11-25T02:01:49.351+0000] {processor.py:925} INFO - DAG(s) 'example_sensors' retrieved from /home/airflow/.local/lib/python3.12/site-packages/airflow/example_dags/example_sensors.py
[2024-11-25T02:01:49.382+0000] {logging_mixin.py:190} INFO - [2024-11-25T02:01:49.381+0000] {dag.py:3239} INFO - Sync 1 DAGs
[2024-11-25T02:01:49.398+0000] {logging_mixin.py:190} INFO - [2024-11-25T02:01:49.398+0000] {dag.py:4180} INFO - Setting next_dagrun for example_sensors to None, run_after=None
[2024-11-25T02:01:49.419+0000] {processor.py:208} INFO - Processing /home/airflow/.local/lib/python3.12/site-packages/airflow/example_dags/example_sensors.py took 0.088 seconds
[2024-11-25T02:02:19.756+0000] {processor.py:186} INFO - Started process (PID=972) to work on /home/airflow/.local/lib/python3.12/site-packages/airflow/example_dags/example_sensors.py
[2024-11-25T02:02:19.757+0000] {processor.py:914} INFO - Processing file /home/airflow/.local/lib/python3.12/site-packages/airflow/example_dags/example_sensors.py for tasks to queue
[2024-11-25T02:02:19.760+0000] {logging_mixin.py:190} INFO - [2024-11-25T02:02:19.759+0000] {dagbag.py:588} INFO - Filling up the DagBag from /home/airflow/.local/lib/python3.12/site-packages/airflow/example_dags/example_sensors.py
[2024-11-25T02:02:19.773+0000] {processor.py:925} INFO - DAG(s) 'example_sensors' retrieved from /home/airflow/.local/lib/python3.12/site-packages/airflow/example_dags/example_sensors.py
[2024-11-25T02:02:19.803+0000] {logging_mixin.py:190} INFO - [2024-11-25T02:02:19.802+0000] {dag.py:3239} INFO - Sync 1 DAGs
[2024-11-25T02:02:19.821+0000] {logging_mixin.py:190} INFO - [2024-11-25T02:02:19.821+0000] {dag.py:4180} INFO - Setting next_dagrun for example_sensors to None, run_after=None
[2024-11-25T02:02:19.842+0000] {processor.py:208} INFO - Processing /home/airflow/.local/lib/python3.12/site-packages/airflow/example_dags/example_sensors.py took 0.094 seconds
[2024-11-25T02:02:50.216+0000] {processor.py:186} INFO - Started process (PID=1031) to work on /home/airflow/.local/lib/python3.12/site-packages/airflow/example_dags/example_sensors.py
[2024-11-25T02:02:50.217+0000] {processor.py:914} INFO - Processing file /home/airflow/.local/lib/python3.12/site-packages/airflow/example_dags/example_sensors.py for tasks to queue
[2024-11-25T02:02:50.220+0000] {logging_mixin.py:190} INFO - [2024-11-25T02:02:50.220+0000] {dagbag.py:588} INFO - Filling up the DagBag from /home/airflow/.local/lib/python3.12/site-packages/airflow/example_dags/example_sensors.py
[2024-11-25T02:02:50.236+0000] {processor.py:925} INFO - DAG(s) 'example_sensors' retrieved from /home/airflow/.local/lib/python3.12/site-packages/airflow/example_dags/example_sensors.py
[2024-11-25T02:02:50.275+0000] {logging_mixin.py:190} INFO - [2024-11-25T02:02:50.275+0000] {dag.py:3239} INFO - Sync 1 DAGs
[2024-11-25T02:02:50.298+0000] {logging_mixin.py:190} INFO - [2024-11-25T02:02:50.298+0000] {dag.py:4180} INFO - Setting next_dagrun for example_sensors to None, run_after=None
[2024-11-25T02:02:50.327+0000] {processor.py:208} INFO - Processing /home/airflow/.local/lib/python3.12/site-packages/airflow/example_dags/example_sensors.py took 0.118 seconds
[2024-11-25T02:03:20.421+0000] {processor.py:186} INFO - Started process (PID=1096) to work on /home/airflow/.local/lib/python3.12/site-packages/airflow/example_dags/example_sensors.py
[2024-11-25T02:03:20.422+0000] {processor.py:914} INFO - Processing file /home/airflow/.local/lib/python3.12/site-packages/airflow/example_dags/example_sensors.py for tasks to queue
[2024-11-25T02:03:20.424+0000] {logging_mixin.py:190} INFO - [2024-11-25T02:03:20.424+0000] {dagbag.py:588} INFO - Filling up the DagBag from /home/airflow/.local/lib/python3.12/site-packages/airflow/example_dags/example_sensors.py
[2024-11-25T02:03:20.435+0000] {processor.py:925} INFO - DAG(s) 'example_sensors' retrieved from /home/airflow/.local/lib/python3.12/site-packages/airflow/example_dags/example_sensors.py
[2024-11-25T02:03:20.460+0000] {logging_mixin.py:190} INFO - [2024-11-25T02:03:20.460+0000] {dag.py:3239} INFO - Sync 1 DAGs
[2024-11-25T02:03:20.475+0000] {logging_mixin.py:190} INFO - [2024-11-25T02:03:20.474+0000] {dag.py:4180} INFO - Setting next_dagrun for example_sensors to None, run_after=None
[2024-11-25T02:03:20.495+0000] {processor.py:208} INFO - Processing /home/airflow/.local/lib/python3.12/site-packages/airflow/example_dags/example_sensors.py took 0.078 seconds
[2024-11-25T02:03:50.538+0000] {processor.py:186} INFO - Started process (PID=1159) to work on /home/airflow/.local/lib/python3.12/site-packages/airflow/example_dags/example_sensors.py
[2024-11-25T02:03:50.539+0000] {processor.py:914} INFO - Processing file /home/airflow/.local/lib/python3.12/site-packages/airflow/example_dags/example_sensors.py for tasks to queue
[2024-11-25T02:03:50.541+0000] {logging_mixin.py:190} INFO - [2024-11-25T02:03:50.541+0000] {dagbag.py:588} INFO - Filling up the DagBag from /home/airflow/.local/lib/python3.12/site-packages/airflow/example_dags/example_sensors.py
[2024-11-25T02:03:50.551+0000] {processor.py:925} INFO - DAG(s) 'example_sensors' retrieved from /home/airflow/.local/lib/python3.12/site-packages/airflow/example_dags/example_sensors.py
[2024-11-25T02:03:50.577+0000] {logging_mixin.py:190} INFO - [2024-11-25T02:03:50.576+0000] {dag.py:3239} INFO - Sync 1 DAGs
[2024-11-25T02:03:50.592+0000] {logging_mixin.py:190} INFO - [2024-11-25T02:03:50.592+0000] {dag.py:4180} INFO - Setting next_dagrun for example_sensors to None, run_after=None
[2024-11-25T02:03:50.611+0000] {processor.py:208} INFO - Processing /home/airflow/.local/lib/python3.12/site-packages/airflow/example_dags/example_sensors.py took 0.078 seconds
[2024-11-25T02:04:21.140+0000] {processor.py:186} INFO - Started process (PID=1224) to work on /home/airflow/.local/lib/python3.12/site-packages/airflow/example_dags/example_sensors.py
[2024-11-25T02:04:21.141+0000] {processor.py:914} INFO - Processing file /home/airflow/.local/lib/python3.12/site-packages/airflow/example_dags/example_sensors.py for tasks to queue
[2024-11-25T02:04:21.145+0000] {logging_mixin.py:190} INFO - [2024-11-25T02:04:21.144+0000] {dagbag.py:588} INFO - Filling up the DagBag from /home/airflow/.local/lib/python3.12/site-packages/airflow/example_dags/example_sensors.py
[2024-11-25T02:04:21.161+0000] {processor.py:925} INFO - DAG(s) 'example_sensors' retrieved from /home/airflow/.local/lib/python3.12/site-packages/airflow/example_dags/example_sensors.py
[2024-11-25T02:04:21.192+0000] {logging_mixin.py:190} INFO - [2024-11-25T02:04:21.191+0000] {dag.py:3239} INFO - Sync 1 DAGs
[2024-11-25T02:04:21.210+0000] {logging_mixin.py:190} INFO - [2024-11-25T02:04:21.210+0000] {dag.py:4180} INFO - Setting next_dagrun for example_sensors to None, run_after=None
[2024-11-25T02:04:21.234+0000] {processor.py:208} INFO - Processing /home/airflow/.local/lib/python3.12/site-packages/airflow/example_dags/example_sensors.py took 0.103 seconds
[2024-11-25T02:04:51.348+0000] {processor.py:186} INFO - Started process (PID=1288) to work on /home/airflow/.local/lib/python3.12/site-packages/airflow/example_dags/example_sensors.py
[2024-11-25T02:04:51.349+0000] {processor.py:914} INFO - Processing file /home/airflow/.local/lib/python3.12/site-packages/airflow/example_dags/example_sensors.py for tasks to queue
[2024-11-25T02:04:51.352+0000] {logging_mixin.py:190} INFO - [2024-11-25T02:04:51.351+0000] {dagbag.py:588} INFO - Filling up the DagBag from /home/airflow/.local/lib/python3.12/site-packages/airflow/example_dags/example_sensors.py
[2024-11-25T02:04:51.362+0000] {processor.py:925} INFO - DAG(s) 'example_sensors' retrieved from /home/airflow/.local/lib/python3.12/site-packages/airflow/example_dags/example_sensors.py
[2024-11-25T02:04:51.387+0000] {logging_mixin.py:190} INFO - [2024-11-25T02:04:51.386+0000] {dag.py:3239} INFO - Sync 1 DAGs
[2024-11-25T02:04:51.401+0000] {logging_mixin.py:190} INFO - [2024-11-25T02:04:51.400+0000] {dag.py:4180} INFO - Setting next_dagrun for example_sensors to None, run_after=None
[2024-11-25T02:04:51.419+0000] {processor.py:208} INFO - Processing /home/airflow/.local/lib/python3.12/site-packages/airflow/example_dags/example_sensors.py took 0.076 seconds
[2024-11-25T02:05:22.089+0000] {processor.py:186} INFO - Started process (PID=1352) to work on /home/airflow/.local/lib/python3.12/site-packages/airflow/example_dags/example_sensors.py
[2024-11-25T02:05:22.090+0000] {processor.py:914} INFO - Processing file /home/airflow/.local/lib/python3.12/site-packages/airflow/example_dags/example_sensors.py for tasks to queue
[2024-11-25T02:05:22.092+0000] {logging_mixin.py:190} INFO - [2024-11-25T02:05:22.092+0000] {dagbag.py:588} INFO - Filling up the DagBag from /home/airflow/.local/lib/python3.12/site-packages/airflow/example_dags/example_sensors.py
[2024-11-25T02:05:22.103+0000] {processor.py:925} INFO - DAG(s) 'example_sensors' retrieved from /home/airflow/.local/lib/python3.12/site-packages/airflow/example_dags/example_sensors.py
[2024-11-25T02:05:22.127+0000] {logging_mixin.py:190} INFO - [2024-11-25T02:05:22.127+0000] {dag.py:3239} INFO - Sync 1 DAGs
[2024-11-25T02:05:22.141+0000] {logging_mixin.py:190} INFO - [2024-11-25T02:05:22.141+0000] {dag.py:4180} INFO - Setting next_dagrun for example_sensors to None, run_after=None
[2024-11-25T02:05:22.160+0000] {processor.py:208} INFO - Processing /home/airflow/.local/lib/python3.12/site-packages/airflow/example_dags/example_sensors.py took 0.076 seconds
[2024-11-25T02:05:52.427+0000] {processor.py:186} INFO - Started process (PID=1416) to work on /home/airflow/.local/lib/python3.12/site-packages/airflow/example_dags/example_sensors.py
[2024-11-25T02:05:52.428+0000] {processor.py:914} INFO - Processing file /home/airflow/.local/lib/python3.12/site-packages/airflow/example_dags/example_sensors.py for tasks to queue
[2024-11-25T02:05:52.430+0000] {logging_mixin.py:190} INFO - [2024-11-25T02:05:52.430+0000] {dagbag.py:588} INFO - Filling up the DagBag from /home/airflow/.local/lib/python3.12/site-packages/airflow/example_dags/example_sensors.py
[2024-11-25T02:05:52.444+0000] {processor.py:925} INFO - DAG(s) 'example_sensors' retrieved from /home/airflow/.local/lib/python3.12/site-packages/airflow/example_dags/example_sensors.py
[2024-11-25T02:05:52.475+0000] {logging_mixin.py:190} INFO - [2024-11-25T02:05:52.474+0000] {dag.py:3239} INFO - Sync 1 DAGs
[2024-11-25T02:05:52.493+0000] {logging_mixin.py:190} INFO - [2024-11-25T02:05:52.493+0000] {dag.py:4180} INFO - Setting next_dagrun for example_sensors to None, run_after=None
[2024-11-25T02:05:52.520+0000] {processor.py:208} INFO - Processing /home/airflow/.local/lib/python3.12/site-packages/airflow/example_dags/example_sensors.py took 0.101 seconds
[2024-11-25T02:06:22.846+0000] {processor.py:186} INFO - Started process (PID=1480) to work on /home/airflow/.local/lib/python3.12/site-packages/airflow/example_dags/example_sensors.py
[2024-11-25T02:06:22.847+0000] {processor.py:914} INFO - Processing file /home/airflow/.local/lib/python3.12/site-packages/airflow/example_dags/example_sensors.py for tasks to queue
[2024-11-25T02:06:22.861+0000] {logging_mixin.py:190} INFO - [2024-11-25T02:06:22.861+0000] {dagbag.py:588} INFO - Filling up the DagBag from /home/airflow/.local/lib/python3.12/site-packages/airflow/example_dags/example_sensors.py
[2024-11-25T02:06:22.912+0000] {processor.py:925} INFO - DAG(s) 'example_sensors' retrieved from /home/airflow/.local/lib/python3.12/site-packages/airflow/example_dags/example_sensors.py
[2024-11-25T02:06:22.990+0000] {logging_mixin.py:190} INFO - [2024-11-25T02:06:22.988+0000] {dag.py:3239} INFO - Sync 1 DAGs
[2024-11-25T02:06:23.028+0000] {logging_mixin.py:190} INFO - [2024-11-25T02:06:23.027+0000] {dag.py:4180} INFO - Setting next_dagrun for example_sensors to None, run_after=None
[2024-11-25T02:06:23.061+0000] {processor.py:208} INFO - Processing /home/airflow/.local/lib/python3.12/site-packages/airflow/example_dags/example_sensors.py took 0.236 seconds
[2024-11-25T02:06:53.315+0000] {processor.py:186} INFO - Started process (PID=1545) to work on /home/airflow/.local/lib/python3.12/site-packages/airflow/example_dags/example_sensors.py
[2024-11-25T02:06:53.317+0000] {processor.py:914} INFO - Processing file /home/airflow/.local/lib/python3.12/site-packages/airflow/example_dags/example_sensors.py for tasks to queue
[2024-11-25T02:06:53.321+0000] {logging_mixin.py:190} INFO - [2024-11-25T02:06:53.320+0000] {dagbag.py:588} INFO - Filling up the DagBag from /home/airflow/.local/lib/python3.12/site-packages/airflow/example_dags/example_sensors.py
[2024-11-25T02:06:53.345+0000] {processor.py:925} INFO - DAG(s) 'example_sensors' retrieved from /home/airflow/.local/lib/python3.12/site-packages/airflow/example_dags/example_sensors.py
[2024-11-25T02:06:53.394+0000] {logging_mixin.py:190} INFO - [2024-11-25T02:06:53.394+0000] {dag.py:3239} INFO - Sync 1 DAGs
[2024-11-25T02:06:53.426+0000] {logging_mixin.py:190} INFO - [2024-11-25T02:06:53.426+0000] {dag.py:4180} INFO - Setting next_dagrun for example_sensors to None, run_after=None
[2024-11-25T02:06:53.475+0000] {processor.py:208} INFO - Processing /home/airflow/.local/lib/python3.12/site-packages/airflow/example_dags/example_sensors.py took 0.170 seconds
[2024-11-25T02:07:23.688+0000] {processor.py:186} INFO - Started process (PID=1609) to work on /home/airflow/.local/lib/python3.12/site-packages/airflow/example_dags/example_sensors.py
[2024-11-25T02:07:23.689+0000] {processor.py:914} INFO - Processing file /home/airflow/.local/lib/python3.12/site-packages/airflow/example_dags/example_sensors.py for tasks to queue
[2024-11-25T02:07:23.692+0000] {logging_mixin.py:190} INFO - [2024-11-25T02:07:23.692+0000] {dagbag.py:588} INFO - Filling up the DagBag from /home/airflow/.local/lib/python3.12/site-packages/airflow/example_dags/example_sensors.py
[2024-11-25T02:07:23.705+0000] {processor.py:925} INFO - DAG(s) 'example_sensors' retrieved from /home/airflow/.local/lib/python3.12/site-packages/airflow/example_dags/example_sensors.py
[2024-11-25T02:07:23.738+0000] {logging_mixin.py:190} INFO - [2024-11-25T02:07:23.738+0000] {dag.py:3239} INFO - Sync 1 DAGs
[2024-11-25T02:07:23.757+0000] {logging_mixin.py:190} INFO - [2024-11-25T02:07:23.756+0000] {dag.py:4180} INFO - Setting next_dagrun for example_sensors to None, run_after=None
[2024-11-25T02:07:23.789+0000] {processor.py:208} INFO - Processing /home/airflow/.local/lib/python3.12/site-packages/airflow/example_dags/example_sensors.py took 0.109 seconds
[2024-11-25T02:07:54.430+0000] {processor.py:186} INFO - Started process (PID=1673) to work on /home/airflow/.local/lib/python3.12/site-packages/airflow/example_dags/example_sensors.py
[2024-11-25T02:07:54.432+0000] {processor.py:914} INFO - Processing file /home/airflow/.local/lib/python3.12/site-packages/airflow/example_dags/example_sensors.py for tasks to queue
[2024-11-25T02:07:54.434+0000] {logging_mixin.py:190} INFO - [2024-11-25T02:07:54.434+0000] {dagbag.py:588} INFO - Filling up the DagBag from /home/airflow/.local/lib/python3.12/site-packages/airflow/example_dags/example_sensors.py
[2024-11-25T02:07:54.444+0000] {processor.py:925} INFO - DAG(s) 'example_sensors' retrieved from /home/airflow/.local/lib/python3.12/site-packages/airflow/example_dags/example_sensors.py
[2024-11-25T02:07:54.469+0000] {logging_mixin.py:190} INFO - [2024-11-25T02:07:54.469+0000] {dag.py:3239} INFO - Sync 1 DAGs
[2024-11-25T02:07:54.486+0000] {logging_mixin.py:190} INFO - [2024-11-25T02:07:54.486+0000] {dag.py:4180} INFO - Setting next_dagrun for example_sensors to None, run_after=None
[2024-11-25T02:07:54.505+0000] {processor.py:208} INFO - Processing /home/airflow/.local/lib/python3.12/site-packages/airflow/example_dags/example_sensors.py took 0.081 seconds
[2024-11-25T02:08:25.755+0000] {processor.py:186} INFO - Started process (PID=1736) to work on /home/airflow/.local/lib/python3.12/site-packages/airflow/example_dags/example_sensors.py
[2024-11-25T02:08:25.768+0000] {processor.py:914} INFO - Processing file /home/airflow/.local/lib/python3.12/site-packages/airflow/example_dags/example_sensors.py for tasks to queue
[2024-11-25T02:08:25.773+0000] {logging_mixin.py:190} INFO - [2024-11-25T02:08:25.772+0000] {dagbag.py:588} INFO - Filling up the DagBag from /home/airflow/.local/lib/python3.12/site-packages/airflow/example_dags/example_sensors.py
[2024-11-25T02:08:25.798+0000] {processor.py:925} INFO - DAG(s) 'example_sensors' retrieved from /home/airflow/.local/lib/python3.12/site-packages/airflow/example_dags/example_sensors.py
[2024-11-25T02:08:25.879+0000] {logging_mixin.py:190} INFO - [2024-11-25T02:08:25.878+0000] {dag.py:3239} INFO - Sync 1 DAGs
[2024-11-25T02:08:25.935+0000] {logging_mixin.py:190} INFO - [2024-11-25T02:08:25.935+0000] {dag.py:4180} INFO - Setting next_dagrun for example_sensors to None, run_after=None
[2024-11-25T02:08:25.995+0000] {processor.py:208} INFO - Processing /home/airflow/.local/lib/python3.12/site-packages/airflow/example_dags/example_sensors.py took 0.252 seconds
[2024-11-25T02:08:56.805+0000] {processor.py:186} INFO - Started process (PID=1800) to work on /home/airflow/.local/lib/python3.12/site-packages/airflow/example_dags/example_sensors.py
[2024-11-25T02:08:56.806+0000] {processor.py:914} INFO - Processing file /home/airflow/.local/lib/python3.12/site-packages/airflow/example_dags/example_sensors.py for tasks to queue
[2024-11-25T02:08:56.809+0000] {logging_mixin.py:190} INFO - [2024-11-25T02:08:56.809+0000] {dagbag.py:588} INFO - Filling up the DagBag from /home/airflow/.local/lib/python3.12/site-packages/airflow/example_dags/example_sensors.py
[2024-11-25T02:08:56.824+0000] {processor.py:925} INFO - DAG(s) 'example_sensors' retrieved from /home/airflow/.local/lib/python3.12/site-packages/airflow/example_dags/example_sensors.py
[2024-11-25T02:08:56.852+0000] {logging_mixin.py:190} INFO - [2024-11-25T02:08:56.852+0000] {dag.py:3239} INFO - Sync 1 DAGs
[2024-11-25T02:08:56.868+0000] {logging_mixin.py:190} INFO - [2024-11-25T02:08:56.868+0000] {dag.py:4180} INFO - Setting next_dagrun for example_sensors to None, run_after=None
[2024-11-25T02:08:56.887+0000] {processor.py:208} INFO - Processing /home/airflow/.local/lib/python3.12/site-packages/airflow/example_dags/example_sensors.py took 0.088 seconds
[2024-11-25T02:09:27.424+0000] {processor.py:186} INFO - Started process (PID=1864) to work on /home/airflow/.local/lib/python3.12/site-packages/airflow/example_dags/example_sensors.py
[2024-11-25T02:09:27.425+0000] {processor.py:914} INFO - Processing file /home/airflow/.local/lib/python3.12/site-packages/airflow/example_dags/example_sensors.py for tasks to queue
[2024-11-25T02:09:27.428+0000] {logging_mixin.py:190} INFO - [2024-11-25T02:09:27.427+0000] {dagbag.py:588} INFO - Filling up the DagBag from /home/airflow/.local/lib/python3.12/site-packages/airflow/example_dags/example_sensors.py
[2024-11-25T02:09:27.439+0000] {processor.py:925} INFO - DAG(s) 'example_sensors' retrieved from /home/airflow/.local/lib/python3.12/site-packages/airflow/example_dags/example_sensors.py
[2024-11-25T02:09:27.465+0000] {logging_mixin.py:190} INFO - [2024-11-25T02:09:27.465+0000] {dag.py:3239} INFO - Sync 1 DAGs
[2024-11-25T02:09:27.480+0000] {logging_mixin.py:190} INFO - [2024-11-25T02:09:27.480+0000] {dag.py:4180} INFO - Setting next_dagrun for example_sensors to None, run_after=None
[2024-11-25T02:09:27.498+0000] {processor.py:208} INFO - Processing /home/airflow/.local/lib/python3.12/site-packages/airflow/example_dags/example_sensors.py took 0.079 seconds
[2024-11-25T02:09:57.652+0000] {processor.py:186} INFO - Started process (PID=1928) to work on /home/airflow/.local/lib/python3.12/site-packages/airflow/example_dags/example_sensors.py
[2024-11-25T02:09:57.653+0000] {processor.py:914} INFO - Processing file /home/airflow/.local/lib/python3.12/site-packages/airflow/example_dags/example_sensors.py for tasks to queue
[2024-11-25T02:09:57.656+0000] {logging_mixin.py:190} INFO - [2024-11-25T02:09:57.655+0000] {dagbag.py:588} INFO - Filling up the DagBag from /home/airflow/.local/lib/python3.12/site-packages/airflow/example_dags/example_sensors.py
[2024-11-25T02:09:57.669+0000] {processor.py:925} INFO - DAG(s) 'example_sensors' retrieved from /home/airflow/.local/lib/python3.12/site-packages/airflow/example_dags/example_sensors.py
[2024-11-25T02:09:57.699+0000] {logging_mixin.py:190} INFO - [2024-11-25T02:09:57.699+0000] {dag.py:3239} INFO - Sync 1 DAGs
[2024-11-25T02:09:57.717+0000] {logging_mixin.py:190} INFO - [2024-11-25T02:09:57.717+0000] {dag.py:4180} INFO - Setting next_dagrun for example_sensors to None, run_after=None
[2024-11-25T02:09:57.742+0000] {processor.py:208} INFO - Processing /home/airflow/.local/lib/python3.12/site-packages/airflow/example_dags/example_sensors.py took 0.097 seconds
[2024-11-25T02:10:28.746+0000] {processor.py:186} INFO - Started process (PID=1992) to work on /home/airflow/.local/lib/python3.12/site-packages/airflow/example_dags/example_sensors.py
[2024-11-25T02:10:28.747+0000] {processor.py:914} INFO - Processing file /home/airflow/.local/lib/python3.12/site-packages/airflow/example_dags/example_sensors.py for tasks to queue
[2024-11-25T02:10:28.750+0000] {logging_mixin.py:190} INFO - [2024-11-25T02:10:28.750+0000] {dagbag.py:588} INFO - Filling up the DagBag from /home/airflow/.local/lib/python3.12/site-packages/airflow/example_dags/example_sensors.py
[2024-11-25T02:10:28.766+0000] {processor.py:925} INFO - DAG(s) 'example_sensors' retrieved from /home/airflow/.local/lib/python3.12/site-packages/airflow/example_dags/example_sensors.py
[2024-11-25T02:10:28.803+0000] {logging_mixin.py:190} INFO - [2024-11-25T02:10:28.802+0000] {dag.py:3239} INFO - Sync 1 DAGs
[2024-11-25T02:10:28.823+0000] {logging_mixin.py:190} INFO - [2024-11-25T02:10:28.822+0000] {dag.py:4180} INFO - Setting next_dagrun for example_sensors to None, run_after=None
[2024-11-25T02:10:28.847+0000] {processor.py:208} INFO - Processing /home/airflow/.local/lib/python3.12/site-packages/airflow/example_dags/example_sensors.py took 0.109 seconds
[2024-11-25T02:10:59.139+0000] {processor.py:186} INFO - Started process (PID=2056) to work on /home/airflow/.local/lib/python3.12/site-packages/airflow/example_dags/example_sensors.py
[2024-11-25T02:10:59.141+0000] {processor.py:914} INFO - Processing file /home/airflow/.local/lib/python3.12/site-packages/airflow/example_dags/example_sensors.py for tasks to queue
[2024-11-25T02:10:59.144+0000] {logging_mixin.py:190} INFO - [2024-11-25T02:10:59.143+0000] {dagbag.py:588} INFO - Filling up the DagBag from /home/airflow/.local/lib/python3.12/site-packages/airflow/example_dags/example_sensors.py
[2024-11-25T02:10:59.156+0000] {processor.py:925} INFO - DAG(s) 'example_sensors' retrieved from /home/airflow/.local/lib/python3.12/site-packages/airflow/example_dags/example_sensors.py
[2024-11-25T02:10:59.190+0000] {logging_mixin.py:190} INFO - [2024-11-25T02:10:59.189+0000] {dag.py:3239} INFO - Sync 1 DAGs
[2024-11-25T02:10:59.207+0000] {logging_mixin.py:190} INFO - [2024-11-25T02:10:59.206+0000] {dag.py:4180} INFO - Setting next_dagrun for example_sensors to None, run_after=None
[2024-11-25T02:10:59.227+0000] {processor.py:208} INFO - Processing /home/airflow/.local/lib/python3.12/site-packages/airflow/example_dags/example_sensors.py took 0.095 seconds
[2024-11-25T02:11:29.810+0000] {processor.py:186} INFO - Started process (PID=2121) to work on /home/airflow/.local/lib/python3.12/site-packages/airflow/example_dags/example_sensors.py
[2024-11-25T02:11:29.811+0000] {processor.py:914} INFO - Processing file /home/airflow/.local/lib/python3.12/site-packages/airflow/example_dags/example_sensors.py for tasks to queue
[2024-11-25T02:11:29.815+0000] {logging_mixin.py:190} INFO - [2024-11-25T02:11:29.814+0000] {dagbag.py:588} INFO - Filling up the DagBag from /home/airflow/.local/lib/python3.12/site-packages/airflow/example_dags/example_sensors.py
[2024-11-25T02:11:29.832+0000] {processor.py:925} INFO - DAG(s) 'example_sensors' retrieved from /home/airflow/.local/lib/python3.12/site-packages/airflow/example_dags/example_sensors.py
[2024-11-25T02:11:29.865+0000] {logging_mixin.py:190} INFO - [2024-11-25T02:11:29.865+0000] {dag.py:3239} INFO - Sync 1 DAGs
[2024-11-25T02:11:29.881+0000] {logging_mixin.py:190} INFO - [2024-11-25T02:11:29.881+0000] {dag.py:4180} INFO - Setting next_dagrun for example_sensors to None, run_after=None
[2024-11-25T02:11:29.903+0000] {processor.py:208} INFO - Processing /home/airflow/.local/lib/python3.12/site-packages/airflow/example_dags/example_sensors.py took 0.103 seconds
[2024-11-25T02:12:00.618+0000] {processor.py:186} INFO - Started process (PID=2185) to work on /home/airflow/.local/lib/python3.12/site-packages/airflow/example_dags/example_sensors.py
[2024-11-25T02:12:00.621+0000] {processor.py:914} INFO - Processing file /home/airflow/.local/lib/python3.12/site-packages/airflow/example_dags/example_sensors.py for tasks to queue
[2024-11-25T02:12:00.627+0000] {logging_mixin.py:190} INFO - [2024-11-25T02:12:00.626+0000] {dagbag.py:588} INFO - Filling up the DagBag from /home/airflow/.local/lib/python3.12/site-packages/airflow/example_dags/example_sensors.py
[2024-11-25T02:12:00.706+0000] {processor.py:925} INFO - DAG(s) 'example_sensors' retrieved from /home/airflow/.local/lib/python3.12/site-packages/airflow/example_dags/example_sensors.py
[2024-11-25T02:12:00.834+0000] {logging_mixin.py:190} INFO - [2024-11-25T02:12:00.830+0000] {dag.py:3239} INFO - Sync 1 DAGs
[2024-11-25T02:12:00.907+0000] {logging_mixin.py:190} INFO - [2024-11-25T02:12:00.906+0000] {dag.py:4180} INFO - Setting next_dagrun for example_sensors to None, run_after=None
[2024-11-25T02:12:00.991+0000] {processor.py:208} INFO - Processing /home/airflow/.local/lib/python3.12/site-packages/airflow/example_dags/example_sensors.py took 0.390 seconds
[2024-11-25T02:12:31.349+0000] {processor.py:186} INFO - Started process (PID=2249) to work on /home/airflow/.local/lib/python3.12/site-packages/airflow/example_dags/example_sensors.py
[2024-11-25T02:12:31.350+0000] {processor.py:914} INFO - Processing file /home/airflow/.local/lib/python3.12/site-packages/airflow/example_dags/example_sensors.py for tasks to queue
[2024-11-25T02:12:31.353+0000] {logging_mixin.py:190} INFO - [2024-11-25T02:12:31.353+0000] {dagbag.py:588} INFO - Filling up the DagBag from /home/airflow/.local/lib/python3.12/site-packages/airflow/example_dags/example_sensors.py
[2024-11-25T02:12:31.365+0000] {processor.py:925} INFO - DAG(s) 'example_sensors' retrieved from /home/airflow/.local/lib/python3.12/site-packages/airflow/example_dags/example_sensors.py
[2024-11-25T02:12:31.395+0000] {logging_mixin.py:190} INFO - [2024-11-25T02:12:31.395+0000] {dag.py:3239} INFO - Sync 1 DAGs
[2024-11-25T02:12:31.413+0000] {logging_mixin.py:190} INFO - [2024-11-25T02:12:31.413+0000] {dag.py:4180} INFO - Setting next_dagrun for example_sensors to None, run_after=None
[2024-11-25T02:12:31.433+0000] {processor.py:208} INFO - Processing /home/airflow/.local/lib/python3.12/site-packages/airflow/example_dags/example_sensors.py took 0.090 seconds
[2024-11-25T02:13:01.515+0000] {processor.py:186} INFO - Started process (PID=2313) to work on /home/airflow/.local/lib/python3.12/site-packages/airflow/example_dags/example_sensors.py
[2024-11-25T02:13:01.516+0000] {processor.py:914} INFO - Processing file /home/airflow/.local/lib/python3.12/site-packages/airflow/example_dags/example_sensors.py for tasks to queue
[2024-11-25T02:13:01.519+0000] {logging_mixin.py:190} INFO - [2024-11-25T02:13:01.519+0000] {dagbag.py:588} INFO - Filling up the DagBag from /home/airflow/.local/lib/python3.12/site-packages/airflow/example_dags/example_sensors.py
[2024-11-25T02:13:01.534+0000] {processor.py:925} INFO - DAG(s) 'example_sensors' retrieved from /home/airflow/.local/lib/python3.12/site-packages/airflow/example_dags/example_sensors.py
[2024-11-25T02:13:01.572+0000] {logging_mixin.py:190} INFO - [2024-11-25T02:13:01.572+0000] {dag.py:3239} INFO - Sync 1 DAGs
[2024-11-25T02:13:01.611+0000] {logging_mixin.py:190} INFO - [2024-11-25T02:13:01.610+0000] {dag.py:4180} INFO - Setting next_dagrun for example_sensors to None, run_after=None
[2024-11-25T02:13:01.654+0000] {processor.py:208} INFO - Processing /home/airflow/.local/lib/python3.12/site-packages/airflow/example_dags/example_sensors.py took 0.146 seconds
[2024-11-25T02:13:32.002+0000] {processor.py:186} INFO - Started process (PID=2377) to work on /home/airflow/.local/lib/python3.12/site-packages/airflow/example_dags/example_sensors.py
[2024-11-25T02:13:32.003+0000] {processor.py:914} INFO - Processing file /home/airflow/.local/lib/python3.12/site-packages/airflow/example_dags/example_sensors.py for tasks to queue
[2024-11-25T02:13:32.006+0000] {logging_mixin.py:190} INFO - [2024-11-25T02:13:32.006+0000] {dagbag.py:588} INFO - Filling up the DagBag from /home/airflow/.local/lib/python3.12/site-packages/airflow/example_dags/example_sensors.py
[2024-11-25T02:13:32.018+0000] {processor.py:925} INFO - DAG(s) 'example_sensors' retrieved from /home/airflow/.local/lib/python3.12/site-packages/airflow/example_dags/example_sensors.py
[2024-11-25T02:13:32.053+0000] {logging_mixin.py:190} INFO - [2024-11-25T02:13:32.052+0000] {dag.py:3239} INFO - Sync 1 DAGs
[2024-11-25T02:13:32.071+0000] {logging_mixin.py:190} INFO - [2024-11-25T02:13:32.071+0000] {dag.py:4180} INFO - Setting next_dagrun for example_sensors to None, run_after=None
[2024-11-25T02:13:32.327+0000] {processor.py:208} INFO - Processing /home/airflow/.local/lib/python3.12/site-packages/airflow/example_dags/example_sensors.py took 0.331 seconds
[2024-11-25T02:14:02.604+0000] {processor.py:186} INFO - Started process (PID=2442) to work on /home/airflow/.local/lib/python3.12/site-packages/airflow/example_dags/example_sensors.py
[2024-11-25T02:14:02.607+0000] {processor.py:914} INFO - Processing file /home/airflow/.local/lib/python3.12/site-packages/airflow/example_dags/example_sensors.py for tasks to queue
[2024-11-25T02:14:02.618+0000] {logging_mixin.py:190} INFO - [2024-11-25T02:14:02.616+0000] {dagbag.py:588} INFO - Filling up the DagBag from /home/airflow/.local/lib/python3.12/site-packages/airflow/example_dags/example_sensors.py
[2024-11-25T02:14:02.655+0000] {processor.py:925} INFO - DAG(s) 'example_sensors' retrieved from /home/airflow/.local/lib/python3.12/site-packages/airflow/example_dags/example_sensors.py
[2024-11-25T02:14:02.707+0000] {logging_mixin.py:190} INFO - [2024-11-25T02:14:02.706+0000] {dag.py:3239} INFO - Sync 1 DAGs
[2024-11-25T02:14:02.726+0000] {logging_mixin.py:190} INFO - [2024-11-25T02:14:02.726+0000] {dag.py:4180} INFO - Setting next_dagrun for example_sensors to None, run_after=None
[2024-11-25T02:14:02.930+0000] {processor.py:208} INFO - Processing /home/airflow/.local/lib/python3.12/site-packages/airflow/example_dags/example_sensors.py took 0.346 seconds
[2024-11-25T02:14:33.787+0000] {processor.py:186} INFO - Started process (PID=2506) to work on /home/airflow/.local/lib/python3.12/site-packages/airflow/example_dags/example_sensors.py
[2024-11-25T02:14:33.789+0000] {processor.py:914} INFO - Processing file /home/airflow/.local/lib/python3.12/site-packages/airflow/example_dags/example_sensors.py for tasks to queue
[2024-11-25T02:14:33.793+0000] {logging_mixin.py:190} INFO - [2024-11-25T02:14:33.792+0000] {dagbag.py:588} INFO - Filling up the DagBag from /home/airflow/.local/lib/python3.12/site-packages/airflow/example_dags/example_sensors.py
[2024-11-25T02:14:33.821+0000] {processor.py:925} INFO - DAG(s) 'example_sensors' retrieved from /home/airflow/.local/lib/python3.12/site-packages/airflow/example_dags/example_sensors.py
[2024-11-25T02:14:33.870+0000] {logging_mixin.py:190} INFO - [2024-11-25T02:14:33.870+0000] {dag.py:3239} INFO - Sync 1 DAGs
[2024-11-25T02:14:33.894+0000] {logging_mixin.py:190} INFO - [2024-11-25T02:14:33.893+0000] {dag.py:4180} INFO - Setting next_dagrun for example_sensors to None, run_after=None
[2024-11-25T02:14:33.925+0000] {processor.py:208} INFO - Processing /home/airflow/.local/lib/python3.12/site-packages/airflow/example_dags/example_sensors.py took 0.156 seconds
[2024-11-25T02:15:04.486+0000] {processor.py:186} INFO - Started process (PID=2570) to work on /home/airflow/.local/lib/python3.12/site-packages/airflow/example_dags/example_sensors.py
[2024-11-25T02:15:04.487+0000] {processor.py:914} INFO - Processing file /home/airflow/.local/lib/python3.12/site-packages/airflow/example_dags/example_sensors.py for tasks to queue
[2024-11-25T02:15:04.490+0000] {logging_mixin.py:190} INFO - [2024-11-25T02:15:04.489+0000] {dagbag.py:588} INFO - Filling up the DagBag from /home/airflow/.local/lib/python3.12/site-packages/airflow/example_dags/example_sensors.py
[2024-11-25T02:15:04.500+0000] {processor.py:925} INFO - DAG(s) 'example_sensors' retrieved from /home/airflow/.local/lib/python3.12/site-packages/airflow/example_dags/example_sensors.py
[2024-11-25T02:15:04.523+0000] {logging_mixin.py:190} INFO - [2024-11-25T02:15:04.522+0000] {dag.py:3239} INFO - Sync 1 DAGs
[2024-11-25T02:15:04.538+0000] {logging_mixin.py:190} INFO - [2024-11-25T02:15:04.538+0000] {dag.py:4180} INFO - Setting next_dagrun for example_sensors to None, run_after=None
[2024-11-25T02:15:04.573+0000] {processor.py:208} INFO - Processing /home/airflow/.local/lib/python3.12/site-packages/airflow/example_dags/example_sensors.py took 0.092 seconds
[2024-11-25T02:15:35.291+0000] {processor.py:186} INFO - Started process (PID=2641) to work on /home/airflow/.local/lib/python3.12/site-packages/airflow/example_dags/example_sensors.py
[2024-11-25T02:15:35.292+0000] {processor.py:914} INFO - Processing file /home/airflow/.local/lib/python3.12/site-packages/airflow/example_dags/example_sensors.py for tasks to queue
[2024-11-25T02:15:35.294+0000] {logging_mixin.py:190} INFO - [2024-11-25T02:15:35.294+0000] {dagbag.py:588} INFO - Filling up the DagBag from /home/airflow/.local/lib/python3.12/site-packages/airflow/example_dags/example_sensors.py
[2024-11-25T02:15:35.307+0000] {processor.py:925} INFO - DAG(s) 'example_sensors' retrieved from /home/airflow/.local/lib/python3.12/site-packages/airflow/example_dags/example_sensors.py
[2024-11-25T02:15:35.335+0000] {logging_mixin.py:190} INFO - [2024-11-25T02:15:35.335+0000] {dag.py:3239} INFO - Sync 1 DAGs
[2024-11-25T02:15:35.354+0000] {logging_mixin.py:190} INFO - [2024-11-25T02:15:35.354+0000] {dag.py:4180} INFO - Setting next_dagrun for example_sensors to None, run_after=None
[2024-11-25T02:15:35.376+0000] {processor.py:208} INFO - Processing /home/airflow/.local/lib/python3.12/site-packages/airflow/example_dags/example_sensors.py took 0.090 seconds
[2024-11-25T02:16:05.575+0000] {processor.py:186} INFO - Started process (PID=2704) to work on /home/airflow/.local/lib/python3.12/site-packages/airflow/example_dags/example_sensors.py
[2024-11-25T02:16:05.576+0000] {processor.py:914} INFO - Processing file /home/airflow/.local/lib/python3.12/site-packages/airflow/example_dags/example_sensors.py for tasks to queue
[2024-11-25T02:16:05.578+0000] {logging_mixin.py:190} INFO - [2024-11-25T02:16:05.578+0000] {dagbag.py:588} INFO - Filling up the DagBag from /home/airflow/.local/lib/python3.12/site-packages/airflow/example_dags/example_sensors.py
[2024-11-25T02:16:05.590+0000] {processor.py:925} INFO - DAG(s) 'example_sensors' retrieved from /home/airflow/.local/lib/python3.12/site-packages/airflow/example_dags/example_sensors.py
[2024-11-25T02:16:05.815+0000] {logging_mixin.py:190} INFO - [2024-11-25T02:16:05.814+0000] {dag.py:3239} INFO - Sync 1 DAGs
[2024-11-25T02:16:05.825+0000] {logging_mixin.py:190} INFO - [2024-11-25T02:16:05.825+0000] {dag.py:4180} INFO - Setting next_dagrun for example_sensors to None, run_after=None
[2024-11-25T02:16:05.840+0000] {processor.py:208} INFO - Processing /home/airflow/.local/lib/python3.12/site-packages/airflow/example_dags/example_sensors.py took 0.271 seconds
[2024-11-25T02:16:36.138+0000] {processor.py:186} INFO - Started process (PID=2768) to work on /home/airflow/.local/lib/python3.12/site-packages/airflow/example_dags/example_sensors.py
[2024-11-25T02:16:36.139+0000] {processor.py:914} INFO - Processing file /home/airflow/.local/lib/python3.12/site-packages/airflow/example_dags/example_sensors.py for tasks to queue
[2024-11-25T02:16:36.142+0000] {logging_mixin.py:190} INFO - [2024-11-25T02:16:36.141+0000] {dagbag.py:588} INFO - Filling up the DagBag from /home/airflow/.local/lib/python3.12/site-packages/airflow/example_dags/example_sensors.py
[2024-11-25T02:16:36.158+0000] {processor.py:925} INFO - DAG(s) 'example_sensors' retrieved from /home/airflow/.local/lib/python3.12/site-packages/airflow/example_dags/example_sensors.py
[2024-11-25T02:16:36.186+0000] {logging_mixin.py:190} INFO - [2024-11-25T02:16:36.186+0000] {dag.py:3239} INFO - Sync 1 DAGs
[2024-11-25T02:16:36.205+0000] {logging_mixin.py:190} INFO - [2024-11-25T02:16:36.204+0000] {dag.py:4180} INFO - Setting next_dagrun for example_sensors to None, run_after=None
[2024-11-25T02:16:36.232+0000] {processor.py:208} INFO - Processing /home/airflow/.local/lib/python3.12/site-packages/airflow/example_dags/example_sensors.py took 0.099 seconds
