[2024-11-25T01:55:31.759+0000] {processor.py:186} INFO - Started process (PID=131) to work on /home/airflow/.local/lib/python3.12/site-packages/airflow/example_dags/example_skip_dag.py
[2024-11-25T01:55:31.760+0000] {processor.py:914} INFO - Processing file /home/airflow/.local/lib/python3.12/site-packages/airflow/example_dags/example_skip_dag.py for tasks to queue
[2024-11-25T01:55:31.764+0000] {logging_mixin.py:190} INFO - [2024-11-25T01:55:31.764+0000] {dagbag.py:588} INFO - Filling up the DagBag from /home/airflow/.local/lib/python3.12/site-packages/airflow/example_dags/example_skip_dag.py
[2024-11-25T01:55:31.794+0000] {processor.py:925} INFO - DAG(s) 'example_skip_dag' retrieved from /home/airflow/.local/lib/python3.12/site-packages/airflow/example_dags/example_skip_dag.py
[2024-11-25T01:55:31.854+0000] {logging_mixin.py:190} INFO - [2024-11-25T01:55:31.853+0000] {dag.py:3239} INFO - Sync 1 DAGs
[2024-11-25T01:55:31.949+0000] {logging_mixin.py:190} INFO - [2024-11-25T01:55:31.949+0000] {dag.py:4180} INFO - Setting next_dagrun for example_skip_dag to 2024-11-24 00:00:00+00:00, run_after=2024-11-25 00:00:00+00:00
[2024-11-25T01:55:32.053+0000] {processor.py:208} INFO - Processing /home/airflow/.local/lib/python3.12/site-packages/airflow/example_dags/example_skip_dag.py took 0.311 seconds
[2024-11-25T01:56:02.805+0000] {processor.py:186} INFO - Started process (PID=195) to work on /home/airflow/.local/lib/python3.12/site-packages/airflow/example_dags/example_skip_dag.py
[2024-11-25T01:56:02.806+0000] {processor.py:914} INFO - Processing file /home/airflow/.local/lib/python3.12/site-packages/airflow/example_dags/example_skip_dag.py for tasks to queue
[2024-11-25T01:56:02.809+0000] {logging_mixin.py:190} INFO - [2024-11-25T01:56:02.809+0000] {dagbag.py:588} INFO - Filling up the DagBag from /home/airflow/.local/lib/python3.12/site-packages/airflow/example_dags/example_skip_dag.py
[2024-11-25T01:56:02.816+0000] {processor.py:925} INFO - DAG(s) 'example_skip_dag' retrieved from /home/airflow/.local/lib/python3.12/site-packages/airflow/example_dags/example_skip_dag.py
[2024-11-25T01:56:02.842+0000] {logging_mixin.py:190} INFO - [2024-11-25T01:56:02.841+0000] {dag.py:3239} INFO - Sync 1 DAGs
[2024-11-25T01:56:02.865+0000] {logging_mixin.py:190} INFO - [2024-11-25T01:56:02.865+0000] {dag.py:4180} INFO - Setting next_dagrun for example_skip_dag to 2024-11-24 00:00:00+00:00, run_after=2024-11-25 00:00:00+00:00
[2024-11-25T01:56:02.885+0000] {processor.py:208} INFO - Processing /home/airflow/.local/lib/python3.12/site-packages/airflow/example_dags/example_skip_dag.py took 0.085 seconds
[2024-11-25T01:56:33.487+0000] {processor.py:186} INFO - Started process (PID=258) to work on /home/airflow/.local/lib/python3.12/site-packages/airflow/example_dags/example_skip_dag.py
[2024-11-25T01:56:33.489+0000] {processor.py:914} INFO - Processing file /home/airflow/.local/lib/python3.12/site-packages/airflow/example_dags/example_skip_dag.py for tasks to queue
[2024-11-25T01:56:33.497+0000] {logging_mixin.py:190} INFO - [2024-11-25T01:56:33.496+0000] {dagbag.py:588} INFO - Filling up the DagBag from /home/airflow/.local/lib/python3.12/site-packages/airflow/example_dags/example_skip_dag.py
[2024-11-25T01:56:33.516+0000] {processor.py:925} INFO - DAG(s) 'example_skip_dag' retrieved from /home/airflow/.local/lib/python3.12/site-packages/airflow/example_dags/example_skip_dag.py
[2024-11-25T01:56:33.549+0000] {logging_mixin.py:190} INFO - [2024-11-25T01:56:33.548+0000] {dag.py:3239} INFO - Sync 1 DAGs
[2024-11-25T01:56:33.597+0000] {logging_mixin.py:190} INFO - [2024-11-25T01:56:33.597+0000] {dag.py:4180} INFO - Setting next_dagrun for example_skip_dag to 2024-11-24 00:00:00+00:00, run_after=2024-11-25 00:00:00+00:00
[2024-11-25T01:56:33.622+0000] {processor.py:208} INFO - Processing /home/airflow/.local/lib/python3.12/site-packages/airflow/example_dags/example_skip_dag.py took 0.154 seconds
[2024-11-25T01:57:08.537+0000] {processor.py:186} INFO - Started process (PID=323) to work on /home/airflow/.local/lib/python3.12/site-packages/airflow/example_dags/example_skip_dag.py
[2024-11-25T01:57:08.539+0000] {processor.py:914} INFO - Processing file /home/airflow/.local/lib/python3.12/site-packages/airflow/example_dags/example_skip_dag.py for tasks to queue
[2024-11-25T01:57:08.546+0000] {logging_mixin.py:190} INFO - [2024-11-25T01:57:08.546+0000] {dagbag.py:588} INFO - Filling up the DagBag from /home/airflow/.local/lib/python3.12/site-packages/airflow/example_dags/example_skip_dag.py
[2024-11-25T01:57:08.568+0000] {processor.py:925} INFO - DAG(s) 'example_skip_dag' retrieved from /home/airflow/.local/lib/python3.12/site-packages/airflow/example_dags/example_skip_dag.py
[2024-11-25T01:57:08.629+0000] {logging_mixin.py:190} INFO - [2024-11-25T01:57:08.629+0000] {dag.py:3239} INFO - Sync 1 DAGs
[2024-11-25T01:57:08.659+0000] {logging_mixin.py:190} INFO - [2024-11-25T01:57:08.659+0000] {dag.py:4180} INFO - Setting next_dagrun for example_skip_dag to 2024-11-24 00:00:00+00:00, run_after=2024-11-25 00:00:00+00:00
[2024-11-25T01:57:08.689+0000] {processor.py:208} INFO - Processing /home/airflow/.local/lib/python3.12/site-packages/airflow/example_dags/example_skip_dag.py took 0.160 seconds
[2024-11-25T01:57:39.760+0000] {processor.py:186} INFO - Started process (PID=387) to work on /home/airflow/.local/lib/python3.12/site-packages/airflow/example_dags/example_skip_dag.py
[2024-11-25T01:57:39.762+0000] {processor.py:914} INFO - Processing file /home/airflow/.local/lib/python3.12/site-packages/airflow/example_dags/example_skip_dag.py for tasks to queue
[2024-11-25T01:57:39.767+0000] {logging_mixin.py:190} INFO - [2024-11-25T01:57:39.766+0000] {dagbag.py:588} INFO - Filling up the DagBag from /home/airflow/.local/lib/python3.12/site-packages/airflow/example_dags/example_skip_dag.py
[2024-11-25T01:57:39.782+0000] {processor.py:925} INFO - DAG(s) 'example_skip_dag' retrieved from /home/airflow/.local/lib/python3.12/site-packages/airflow/example_dags/example_skip_dag.py
[2024-11-25T01:57:39.817+0000] {logging_mixin.py:190} INFO - [2024-11-25T01:57:39.816+0000] {dag.py:3239} INFO - Sync 1 DAGs
[2024-11-25T01:57:39.862+0000] {logging_mixin.py:190} INFO - [2024-11-25T01:57:39.862+0000] {dag.py:4180} INFO - Setting next_dagrun for example_skip_dag to 2024-11-24 00:00:00+00:00, run_after=2024-11-25 00:00:00+00:00
[2024-11-25T01:57:39.903+0000] {processor.py:208} INFO - Processing /home/airflow/.local/lib/python3.12/site-packages/airflow/example_dags/example_skip_dag.py took 0.155 seconds
[2024-11-25T01:58:12.930+0000] {processor.py:186} INFO - Started process (PID=451) to work on /home/airflow/.local/lib/python3.12/site-packages/airflow/example_dags/example_skip_dag.py
[2024-11-25T01:58:12.931+0000] {processor.py:914} INFO - Processing file /home/airflow/.local/lib/python3.12/site-packages/airflow/example_dags/example_skip_dag.py for tasks to queue
[2024-11-25T01:58:12.933+0000] {logging_mixin.py:190} INFO - [2024-11-25T01:58:12.933+0000] {dagbag.py:588} INFO - Filling up the DagBag from /home/airflow/.local/lib/python3.12/site-packages/airflow/example_dags/example_skip_dag.py
[2024-11-25T01:58:12.944+0000] {processor.py:925} INFO - DAG(s) 'example_skip_dag' retrieved from /home/airflow/.local/lib/python3.12/site-packages/airflow/example_dags/example_skip_dag.py
[2024-11-25T01:58:12.974+0000] {logging_mixin.py:190} INFO - [2024-11-25T01:58:12.974+0000] {dag.py:3239} INFO - Sync 1 DAGs
[2024-11-25T01:58:13.011+0000] {logging_mixin.py:190} INFO - [2024-11-25T01:58:13.010+0000] {dag.py:4180} INFO - Setting next_dagrun for example_skip_dag to 2024-11-24 00:00:00+00:00, run_after=2024-11-25 00:00:00+00:00
[2024-11-25T01:58:13.041+0000] {processor.py:208} INFO - Processing /home/airflow/.local/lib/python3.12/site-packages/airflow/example_dags/example_skip_dag.py took 0.117 seconds
[2024-11-25T01:58:43.895+0000] {processor.py:186} INFO - Started process (PID=515) to work on /home/airflow/.local/lib/python3.12/site-packages/airflow/example_dags/example_skip_dag.py
[2024-11-25T01:58:43.898+0000] {processor.py:914} INFO - Processing file /home/airflow/.local/lib/python3.12/site-packages/airflow/example_dags/example_skip_dag.py for tasks to queue
[2024-11-25T01:58:43.902+0000] {logging_mixin.py:190} INFO - [2024-11-25T01:58:43.901+0000] {dagbag.py:588} INFO - Filling up the DagBag from /home/airflow/.local/lib/python3.12/site-packages/airflow/example_dags/example_skip_dag.py
[2024-11-25T01:58:43.915+0000] {processor.py:925} INFO - DAG(s) 'example_skip_dag' retrieved from /home/airflow/.local/lib/python3.12/site-packages/airflow/example_dags/example_skip_dag.py
[2024-11-25T01:58:43.938+0000] {logging_mixin.py:190} INFO - [2024-11-25T01:58:43.938+0000] {dag.py:3239} INFO - Sync 1 DAGs
[2024-11-25T01:58:43.972+0000] {logging_mixin.py:190} INFO - [2024-11-25T01:58:43.972+0000] {dag.py:4180} INFO - Setting next_dagrun for example_skip_dag to 2024-11-24 00:00:00+00:00, run_after=2024-11-25 00:00:00+00:00
[2024-11-25T01:58:43.996+0000] {processor.py:208} INFO - Processing /home/airflow/.local/lib/python3.12/site-packages/airflow/example_dags/example_skip_dag.py took 0.110 seconds
[2024-11-25T01:59:14.961+0000] {processor.py:186} INFO - Started process (PID=579) to work on /home/airflow/.local/lib/python3.12/site-packages/airflow/example_dags/example_skip_dag.py
[2024-11-25T01:59:14.962+0000] {processor.py:914} INFO - Processing file /home/airflow/.local/lib/python3.12/site-packages/airflow/example_dags/example_skip_dag.py for tasks to queue
[2024-11-25T01:59:14.965+0000] {logging_mixin.py:190} INFO - [2024-11-25T01:59:14.965+0000] {dagbag.py:588} INFO - Filling up the DagBag from /home/airflow/.local/lib/python3.12/site-packages/airflow/example_dags/example_skip_dag.py
[2024-11-25T01:59:14.974+0000] {processor.py:925} INFO - DAG(s) 'example_skip_dag' retrieved from /home/airflow/.local/lib/python3.12/site-packages/airflow/example_dags/example_skip_dag.py
[2024-11-25T01:59:14.995+0000] {logging_mixin.py:190} INFO - [2024-11-25T01:59:14.995+0000] {dag.py:3239} INFO - Sync 1 DAGs
[2024-11-25T01:59:15.019+0000] {logging_mixin.py:190} INFO - [2024-11-25T01:59:15.019+0000] {dag.py:4180} INFO - Setting next_dagrun for example_skip_dag to 2024-11-24 00:00:00+00:00, run_after=2024-11-25 00:00:00+00:00
[2024-11-25T01:59:15.039+0000] {processor.py:208} INFO - Processing /home/airflow/.local/lib/python3.12/site-packages/airflow/example_dags/example_skip_dag.py took 0.085 seconds
[2024-11-25T01:59:45.953+0000] {processor.py:186} INFO - Started process (PID=643) to work on /home/airflow/.local/lib/python3.12/site-packages/airflow/example_dags/example_skip_dag.py
[2024-11-25T01:59:45.954+0000] {processor.py:914} INFO - Processing file /home/airflow/.local/lib/python3.12/site-packages/airflow/example_dags/example_skip_dag.py for tasks to queue
[2024-11-25T01:59:45.956+0000] {logging_mixin.py:190} INFO - [2024-11-25T01:59:45.956+0000] {dagbag.py:588} INFO - Filling up the DagBag from /home/airflow/.local/lib/python3.12/site-packages/airflow/example_dags/example_skip_dag.py
[2024-11-25T01:59:45.964+0000] {processor.py:925} INFO - DAG(s) 'example_skip_dag' retrieved from /home/airflow/.local/lib/python3.12/site-packages/airflow/example_dags/example_skip_dag.py
[2024-11-25T01:59:45.985+0000] {logging_mixin.py:190} INFO - [2024-11-25T01:59:45.985+0000] {dag.py:3239} INFO - Sync 1 DAGs
[2024-11-25T01:59:46.010+0000] {logging_mixin.py:190} INFO - [2024-11-25T01:59:46.010+0000] {dag.py:4180} INFO - Setting next_dagrun for example_skip_dag to 2024-11-24 00:00:00+00:00, run_after=2024-11-25 00:00:00+00:00
[2024-11-25T01:59:46.028+0000] {processor.py:208} INFO - Processing /home/airflow/.local/lib/python3.12/site-packages/airflow/example_dags/example_skip_dag.py took 0.082 seconds
[2024-11-25T02:00:16.702+0000] {processor.py:186} INFO - Started process (PID=712) to work on /home/airflow/.local/lib/python3.12/site-packages/airflow/example_dags/example_skip_dag.py
[2024-11-25T02:00:16.703+0000] {processor.py:914} INFO - Processing file /home/airflow/.local/lib/python3.12/site-packages/airflow/example_dags/example_skip_dag.py for tasks to queue
[2024-11-25T02:00:16.705+0000] {logging_mixin.py:190} INFO - [2024-11-25T02:00:16.705+0000] {dagbag.py:588} INFO - Filling up the DagBag from /home/airflow/.local/lib/python3.12/site-packages/airflow/example_dags/example_skip_dag.py
[2024-11-25T02:00:16.713+0000] {processor.py:925} INFO - DAG(s) 'example_skip_dag' retrieved from /home/airflow/.local/lib/python3.12/site-packages/airflow/example_dags/example_skip_dag.py
[2024-11-25T02:00:16.736+0000] {logging_mixin.py:190} INFO - [2024-11-25T02:00:16.736+0000] {dag.py:3239} INFO - Sync 1 DAGs
[2024-11-25T02:00:16.768+0000] {logging_mixin.py:190} INFO - [2024-11-25T02:00:16.768+0000] {dag.py:4180} INFO - Setting next_dagrun for example_skip_dag to 2024-11-24 00:00:00+00:00, run_after=2024-11-25 00:00:00+00:00
[2024-11-25T02:00:16.790+0000] {processor.py:208} INFO - Processing /home/airflow/.local/lib/python3.12/site-packages/airflow/example_dags/example_skip_dag.py took 0.094 seconds
[2024-11-25T02:00:46.934+0000] {processor.py:186} INFO - Started process (PID=775) to work on /home/airflow/.local/lib/python3.12/site-packages/airflow/example_dags/example_skip_dag.py
[2024-11-25T02:00:46.935+0000] {processor.py:914} INFO - Processing file /home/airflow/.local/lib/python3.12/site-packages/airflow/example_dags/example_skip_dag.py for tasks to queue
[2024-11-25T02:00:46.937+0000] {logging_mixin.py:190} INFO - [2024-11-25T02:00:46.936+0000] {dagbag.py:588} INFO - Filling up the DagBag from /home/airflow/.local/lib/python3.12/site-packages/airflow/example_dags/example_skip_dag.py
[2024-11-25T02:00:46.947+0000] {processor.py:925} INFO - DAG(s) 'example_skip_dag' retrieved from /home/airflow/.local/lib/python3.12/site-packages/airflow/example_dags/example_skip_dag.py
[2024-11-25T02:00:46.967+0000] {logging_mixin.py:190} INFO - [2024-11-25T02:00:46.966+0000] {dag.py:3239} INFO - Sync 1 DAGs
[2024-11-25T02:00:46.996+0000] {logging_mixin.py:190} INFO - [2024-11-25T02:00:46.996+0000] {dag.py:4180} INFO - Setting next_dagrun for example_skip_dag to 2024-11-24 00:00:00+00:00, run_after=2024-11-25 00:00:00+00:00
[2024-11-25T02:00:47.017+0000] {processor.py:208} INFO - Processing /home/airflow/.local/lib/python3.12/site-packages/airflow/example_dags/example_skip_dag.py took 0.088 seconds
[2024-11-25T02:01:17.566+0000] {processor.py:186} INFO - Started process (PID=838) to work on /home/airflow/.local/lib/python3.12/site-packages/airflow/example_dags/example_skip_dag.py
[2024-11-25T02:01:17.567+0000] {processor.py:914} INFO - Processing file /home/airflow/.local/lib/python3.12/site-packages/airflow/example_dags/example_skip_dag.py for tasks to queue
[2024-11-25T02:01:17.569+0000] {logging_mixin.py:190} INFO - [2024-11-25T02:01:17.568+0000] {dagbag.py:588} INFO - Filling up the DagBag from /home/airflow/.local/lib/python3.12/site-packages/airflow/example_dags/example_skip_dag.py
[2024-11-25T02:01:17.577+0000] {processor.py:925} INFO - DAG(s) 'example_skip_dag' retrieved from /home/airflow/.local/lib/python3.12/site-packages/airflow/example_dags/example_skip_dag.py
[2024-11-25T02:01:17.596+0000] {logging_mixin.py:190} INFO - [2024-11-25T02:01:17.595+0000] {dag.py:3239} INFO - Sync 1 DAGs
[2024-11-25T02:01:17.618+0000] {logging_mixin.py:190} INFO - [2024-11-25T02:01:17.618+0000] {dag.py:4180} INFO - Setting next_dagrun for example_skip_dag to 2024-11-24 00:00:00+00:00, run_after=2024-11-25 00:00:00+00:00
[2024-11-25T02:01:17.636+0000] {processor.py:208} INFO - Processing /home/airflow/.local/lib/python3.12/site-packages/airflow/example_dags/example_skip_dag.py took 0.076 seconds
[2024-11-25T02:01:47.891+0000] {processor.py:186} INFO - Started process (PID=902) to work on /home/airflow/.local/lib/python3.12/site-packages/airflow/example_dags/example_skip_dag.py
[2024-11-25T02:01:47.892+0000] {processor.py:914} INFO - Processing file /home/airflow/.local/lib/python3.12/site-packages/airflow/example_dags/example_skip_dag.py for tasks to queue
[2024-11-25T02:01:47.894+0000] {logging_mixin.py:190} INFO - [2024-11-25T02:01:47.894+0000] {dagbag.py:588} INFO - Filling up the DagBag from /home/airflow/.local/lib/python3.12/site-packages/airflow/example_dags/example_skip_dag.py
[2024-11-25T02:01:47.902+0000] {processor.py:925} INFO - DAG(s) 'example_skip_dag' retrieved from /home/airflow/.local/lib/python3.12/site-packages/airflow/example_dags/example_skip_dag.py
[2024-11-25T02:01:47.925+0000] {logging_mixin.py:190} INFO - [2024-11-25T02:01:47.924+0000] {dag.py:3239} INFO - Sync 1 DAGs
[2024-11-25T02:01:47.950+0000] {logging_mixin.py:190} INFO - [2024-11-25T02:01:47.949+0000] {dag.py:4180} INFO - Setting next_dagrun for example_skip_dag to 2024-11-24 00:00:00+00:00, run_after=2024-11-25 00:00:00+00:00
[2024-11-25T02:01:47.969+0000] {processor.py:208} INFO - Processing /home/airflow/.local/lib/python3.12/site-packages/airflow/example_dags/example_skip_dag.py took 0.085 seconds
[2024-11-25T02:02:18.988+0000] {processor.py:186} INFO - Started process (PID=967) to work on /home/airflow/.local/lib/python3.12/site-packages/airflow/example_dags/example_skip_dag.py
[2024-11-25T02:02:18.989+0000] {processor.py:914} INFO - Processing file /home/airflow/.local/lib/python3.12/site-packages/airflow/example_dags/example_skip_dag.py for tasks to queue
[2024-11-25T02:02:18.991+0000] {logging_mixin.py:190} INFO - [2024-11-25T02:02:18.990+0000] {dagbag.py:588} INFO - Filling up the DagBag from /home/airflow/.local/lib/python3.12/site-packages/airflow/example_dags/example_skip_dag.py
[2024-11-25T02:02:19.005+0000] {processor.py:925} INFO - DAG(s) 'example_skip_dag' retrieved from /home/airflow/.local/lib/python3.12/site-packages/airflow/example_dags/example_skip_dag.py
[2024-11-25T02:02:19.027+0000] {logging_mixin.py:190} INFO - [2024-11-25T02:02:19.026+0000] {dag.py:3239} INFO - Sync 1 DAGs
[2024-11-25T02:02:19.051+0000] {logging_mixin.py:190} INFO - [2024-11-25T02:02:19.050+0000] {dag.py:4180} INFO - Setting next_dagrun for example_skip_dag to 2024-11-24 00:00:00+00:00, run_after=2024-11-25 00:00:00+00:00
[2024-11-25T02:02:19.068+0000] {processor.py:208} INFO - Processing /home/airflow/.local/lib/python3.12/site-packages/airflow/example_dags/example_skip_dag.py took 0.086 seconds
[2024-11-25T02:02:50.366+0000] {processor.py:186} INFO - Started process (PID=1033) to work on /home/airflow/.local/lib/python3.12/site-packages/airflow/example_dags/example_skip_dag.py
[2024-11-25T02:02:50.368+0000] {processor.py:914} INFO - Processing file /home/airflow/.local/lib/python3.12/site-packages/airflow/example_dags/example_skip_dag.py for tasks to queue
[2024-11-25T02:02:50.371+0000] {logging_mixin.py:190} INFO - [2024-11-25T02:02:50.370+0000] {dagbag.py:588} INFO - Filling up the DagBag from /home/airflow/.local/lib/python3.12/site-packages/airflow/example_dags/example_skip_dag.py
[2024-11-25T02:02:50.382+0000] {processor.py:925} INFO - DAG(s) 'example_skip_dag' retrieved from /home/airflow/.local/lib/python3.12/site-packages/airflow/example_dags/example_skip_dag.py
[2024-11-25T02:02:50.414+0000] {logging_mixin.py:190} INFO - [2024-11-25T02:02:50.414+0000] {dag.py:3239} INFO - Sync 1 DAGs
[2024-11-25T02:02:50.445+0000] {logging_mixin.py:190} INFO - [2024-11-25T02:02:50.445+0000] {dag.py:4180} INFO - Setting next_dagrun for example_skip_dag to 2024-11-24 00:00:00+00:00, run_after=2024-11-25 00:00:00+00:00
[2024-11-25T02:02:50.472+0000] {processor.py:208} INFO - Processing /home/airflow/.local/lib/python3.12/site-packages/airflow/example_dags/example_skip_dag.py took 0.113 seconds
[2024-11-25T02:03:20.531+0000] {processor.py:186} INFO - Started process (PID=1097) to work on /home/airflow/.local/lib/python3.12/site-packages/airflow/example_dags/example_skip_dag.py
[2024-11-25T02:03:20.532+0000] {processor.py:914} INFO - Processing file /home/airflow/.local/lib/python3.12/site-packages/airflow/example_dags/example_skip_dag.py for tasks to queue
[2024-11-25T02:03:20.534+0000] {logging_mixin.py:190} INFO - [2024-11-25T02:03:20.534+0000] {dagbag.py:588} INFO - Filling up the DagBag from /home/airflow/.local/lib/python3.12/site-packages/airflow/example_dags/example_skip_dag.py
[2024-11-25T02:03:20.541+0000] {processor.py:925} INFO - DAG(s) 'example_skip_dag' retrieved from /home/airflow/.local/lib/python3.12/site-packages/airflow/example_dags/example_skip_dag.py
[2024-11-25T02:03:20.561+0000] {logging_mixin.py:190} INFO - [2024-11-25T02:03:20.560+0000] {dag.py:3239} INFO - Sync 1 DAGs
[2024-11-25T02:03:20.585+0000] {logging_mixin.py:190} INFO - [2024-11-25T02:03:20.584+0000] {dag.py:4180} INFO - Setting next_dagrun for example_skip_dag to 2024-11-24 00:00:00+00:00, run_after=2024-11-25 00:00:00+00:00
[2024-11-25T02:03:20.602+0000] {processor.py:208} INFO - Processing /home/airflow/.local/lib/python3.12/site-packages/airflow/example_dags/example_skip_dag.py took 0.077 seconds
[2024-11-25T02:03:50.690+0000] {processor.py:186} INFO - Started process (PID=1161) to work on /home/airflow/.local/lib/python3.12/site-packages/airflow/example_dags/example_skip_dag.py
[2024-11-25T02:03:50.691+0000] {processor.py:914} INFO - Processing file /home/airflow/.local/lib/python3.12/site-packages/airflow/example_dags/example_skip_dag.py for tasks to queue
[2024-11-25T02:03:50.693+0000] {logging_mixin.py:190} INFO - [2024-11-25T02:03:50.693+0000] {dagbag.py:588} INFO - Filling up the DagBag from /home/airflow/.local/lib/python3.12/site-packages/airflow/example_dags/example_skip_dag.py
[2024-11-25T02:03:50.700+0000] {processor.py:925} INFO - DAG(s) 'example_skip_dag' retrieved from /home/airflow/.local/lib/python3.12/site-packages/airflow/example_dags/example_skip_dag.py
[2024-11-25T02:03:50.720+0000] {logging_mixin.py:190} INFO - [2024-11-25T02:03:50.720+0000] {dag.py:3239} INFO - Sync 1 DAGs
[2024-11-25T02:03:50.743+0000] {logging_mixin.py:190} INFO - [2024-11-25T02:03:50.743+0000] {dag.py:4180} INFO - Setting next_dagrun for example_skip_dag to 2024-11-24 00:00:00+00:00, run_after=2024-11-25 00:00:00+00:00
[2024-11-25T02:03:50.760+0000] {processor.py:208} INFO - Processing /home/airflow/.local/lib/python3.12/site-packages/airflow/example_dags/example_skip_dag.py took 0.075 seconds
[2024-11-25T02:04:21.218+0000] {processor.py:186} INFO - Started process (PID=1225) to work on /home/airflow/.local/lib/python3.12/site-packages/airflow/example_dags/example_skip_dag.py
[2024-11-25T02:04:21.219+0000] {processor.py:914} INFO - Processing file /home/airflow/.local/lib/python3.12/site-packages/airflow/example_dags/example_skip_dag.py for tasks to queue
[2024-11-25T02:04:21.222+0000] {logging_mixin.py:190} INFO - [2024-11-25T02:04:21.221+0000] {dagbag.py:588} INFO - Filling up the DagBag from /home/airflow/.local/lib/python3.12/site-packages/airflow/example_dags/example_skip_dag.py
[2024-11-25T02:04:21.231+0000] {processor.py:925} INFO - DAG(s) 'example_skip_dag' retrieved from /home/airflow/.local/lib/python3.12/site-packages/airflow/example_dags/example_skip_dag.py
[2024-11-25T02:04:21.259+0000] {logging_mixin.py:190} INFO - [2024-11-25T02:04:21.259+0000] {dag.py:3239} INFO - Sync 1 DAGs
[2024-11-25T02:04:21.286+0000] {logging_mixin.py:190} INFO - [2024-11-25T02:04:21.286+0000] {dag.py:4180} INFO - Setting next_dagrun for example_skip_dag to 2024-11-24 00:00:00+00:00, run_after=2024-11-25 00:00:00+00:00
[2024-11-25T02:04:21.304+0000] {processor.py:208} INFO - Processing /home/airflow/.local/lib/python3.12/site-packages/airflow/example_dags/example_skip_dag.py took 0.093 seconds
[2024-11-25T02:04:51.421+0000] {processor.py:186} INFO - Started process (PID=1289) to work on /home/airflow/.local/lib/python3.12/site-packages/airflow/example_dags/example_skip_dag.py
[2024-11-25T02:04:51.423+0000] {processor.py:914} INFO - Processing file /home/airflow/.local/lib/python3.12/site-packages/airflow/example_dags/example_skip_dag.py for tasks to queue
[2024-11-25T02:04:51.425+0000] {logging_mixin.py:190} INFO - [2024-11-25T02:04:51.424+0000] {dagbag.py:588} INFO - Filling up the DagBag from /home/airflow/.local/lib/python3.12/site-packages/airflow/example_dags/example_skip_dag.py
[2024-11-25T02:04:51.434+0000] {processor.py:925} INFO - DAG(s) 'example_skip_dag' retrieved from /home/airflow/.local/lib/python3.12/site-packages/airflow/example_dags/example_skip_dag.py
[2024-11-25T02:04:51.453+0000] {logging_mixin.py:190} INFO - [2024-11-25T02:04:51.453+0000] {dag.py:3239} INFO - Sync 1 DAGs
[2024-11-25T02:04:51.476+0000] {logging_mixin.py:190} INFO - [2024-11-25T02:04:51.476+0000] {dag.py:4180} INFO - Setting next_dagrun for example_skip_dag to 2024-11-24 00:00:00+00:00, run_after=2024-11-25 00:00:00+00:00
[2024-11-25T02:04:51.492+0000] {processor.py:208} INFO - Processing /home/airflow/.local/lib/python3.12/site-packages/airflow/example_dags/example_skip_dag.py took 0.076 seconds
[2024-11-25T02:05:22.147+0000] {processor.py:186} INFO - Started process (PID=1353) to work on /home/airflow/.local/lib/python3.12/site-packages/airflow/example_dags/example_skip_dag.py
[2024-11-25T02:05:22.148+0000] {processor.py:914} INFO - Processing file /home/airflow/.local/lib/python3.12/site-packages/airflow/example_dags/example_skip_dag.py for tasks to queue
[2024-11-25T02:05:22.150+0000] {logging_mixin.py:190} INFO - [2024-11-25T02:05:22.150+0000] {dagbag.py:588} INFO - Filling up the DagBag from /home/airflow/.local/lib/python3.12/site-packages/airflow/example_dags/example_skip_dag.py
[2024-11-25T02:05:22.159+0000] {processor.py:925} INFO - DAG(s) 'example_skip_dag' retrieved from /home/airflow/.local/lib/python3.12/site-packages/airflow/example_dags/example_skip_dag.py
[2024-11-25T02:05:22.180+0000] {logging_mixin.py:190} INFO - [2024-11-25T02:05:22.179+0000] {dag.py:3239} INFO - Sync 1 DAGs
[2024-11-25T02:05:22.202+0000] {logging_mixin.py:190} INFO - [2024-11-25T02:05:22.201+0000] {dag.py:4180} INFO - Setting next_dagrun for example_skip_dag to 2024-11-24 00:00:00+00:00, run_after=2024-11-25 00:00:00+00:00
[2024-11-25T02:05:22.218+0000] {processor.py:208} INFO - Processing /home/airflow/.local/lib/python3.12/site-packages/airflow/example_dags/example_skip_dag.py took 0.076 seconds
[2024-11-25T02:05:52.502+0000] {processor.py:186} INFO - Started process (PID=1417) to work on /home/airflow/.local/lib/python3.12/site-packages/airflow/example_dags/example_skip_dag.py
[2024-11-25T02:05:52.503+0000] {processor.py:914} INFO - Processing file /home/airflow/.local/lib/python3.12/site-packages/airflow/example_dags/example_skip_dag.py for tasks to queue
[2024-11-25T02:05:52.508+0000] {logging_mixin.py:190} INFO - [2024-11-25T02:05:52.508+0000] {dagbag.py:588} INFO - Filling up the DagBag from /home/airflow/.local/lib/python3.12/site-packages/airflow/example_dags/example_skip_dag.py
[2024-11-25T02:05:52.519+0000] {processor.py:925} INFO - DAG(s) 'example_skip_dag' retrieved from /home/airflow/.local/lib/python3.12/site-packages/airflow/example_dags/example_skip_dag.py
[2024-11-25T02:05:52.547+0000] {logging_mixin.py:190} INFO - [2024-11-25T02:05:52.546+0000] {dag.py:3239} INFO - Sync 1 DAGs
[2024-11-25T02:05:52.578+0000] {logging_mixin.py:190} INFO - [2024-11-25T02:05:52.578+0000] {dag.py:4180} INFO - Setting next_dagrun for example_skip_dag to 2024-11-24 00:00:00+00:00, run_after=2024-11-25 00:00:00+00:00
[2024-11-25T02:05:52.597+0000] {processor.py:208} INFO - Processing /home/airflow/.local/lib/python3.12/site-packages/airflow/example_dags/example_skip_dag.py took 0.104 seconds
[2024-11-25T02:06:23.019+0000] {processor.py:186} INFO - Started process (PID=1481) to work on /home/airflow/.local/lib/python3.12/site-packages/airflow/example_dags/example_skip_dag.py
[2024-11-25T02:06:23.022+0000] {processor.py:914} INFO - Processing file /home/airflow/.local/lib/python3.12/site-packages/airflow/example_dags/example_skip_dag.py for tasks to queue
[2024-11-25T02:06:23.026+0000] {logging_mixin.py:190} INFO - [2024-11-25T02:06:23.026+0000] {dagbag.py:588} INFO - Filling up the DagBag from /home/airflow/.local/lib/python3.12/site-packages/airflow/example_dags/example_skip_dag.py
[2024-11-25T02:06:23.042+0000] {processor.py:925} INFO - DAG(s) 'example_skip_dag' retrieved from /home/airflow/.local/lib/python3.12/site-packages/airflow/example_dags/example_skip_dag.py
[2024-11-25T02:06:23.078+0000] {logging_mixin.py:190} INFO - [2024-11-25T02:06:23.077+0000] {dag.py:3239} INFO - Sync 1 DAGs
[2024-11-25T02:06:23.118+0000] {logging_mixin.py:190} INFO - [2024-11-25T02:06:23.118+0000] {dag.py:4180} INFO - Setting next_dagrun for example_skip_dag to 2024-11-24 00:00:00+00:00, run_after=2024-11-25 00:00:00+00:00
[2024-11-25T02:06:23.144+0000] {processor.py:208} INFO - Processing /home/airflow/.local/lib/python3.12/site-packages/airflow/example_dags/example_skip_dag.py took 0.138 seconds
[2024-11-25T02:06:53.419+0000] {processor.py:186} INFO - Started process (PID=1546) to work on /home/airflow/.local/lib/python3.12/site-packages/airflow/example_dags/example_skip_dag.py
[2024-11-25T02:06:53.420+0000] {processor.py:914} INFO - Processing file /home/airflow/.local/lib/python3.12/site-packages/airflow/example_dags/example_skip_dag.py for tasks to queue
[2024-11-25T02:06:53.424+0000] {logging_mixin.py:190} INFO - [2024-11-25T02:06:53.424+0000] {dagbag.py:588} INFO - Filling up the DagBag from /home/airflow/.local/lib/python3.12/site-packages/airflow/example_dags/example_skip_dag.py
[2024-11-25T02:06:53.442+0000] {processor.py:925} INFO - DAG(s) 'example_skip_dag' retrieved from /home/airflow/.local/lib/python3.12/site-packages/airflow/example_dags/example_skip_dag.py
[2024-11-25T02:06:53.494+0000] {logging_mixin.py:190} INFO - [2024-11-25T02:06:53.494+0000] {dag.py:3239} INFO - Sync 1 DAGs
[2024-11-25T02:06:53.524+0000] {logging_mixin.py:190} INFO - [2024-11-25T02:06:53.524+0000] {dag.py:4180} INFO - Setting next_dagrun for example_skip_dag to 2024-11-24 00:00:00+00:00, run_after=2024-11-25 00:00:00+00:00
[2024-11-25T02:06:53.542+0000] {processor.py:208} INFO - Processing /home/airflow/.local/lib/python3.12/site-packages/airflow/example_dags/example_skip_dag.py took 0.134 seconds
[2024-11-25T02:07:23.776+0000] {processor.py:186} INFO - Started process (PID=1610) to work on /home/airflow/.local/lib/python3.12/site-packages/airflow/example_dags/example_skip_dag.py
[2024-11-25T02:07:23.777+0000] {processor.py:914} INFO - Processing file /home/airflow/.local/lib/python3.12/site-packages/airflow/example_dags/example_skip_dag.py for tasks to queue
[2024-11-25T02:07:23.780+0000] {logging_mixin.py:190} INFO - [2024-11-25T02:07:23.780+0000] {dagbag.py:588} INFO - Filling up the DagBag from /home/airflow/.local/lib/python3.12/site-packages/airflow/example_dags/example_skip_dag.py
[2024-11-25T02:07:23.791+0000] {processor.py:925} INFO - DAG(s) 'example_skip_dag' retrieved from /home/airflow/.local/lib/python3.12/site-packages/airflow/example_dags/example_skip_dag.py
[2024-11-25T02:07:23.821+0000] {logging_mixin.py:190} INFO - [2024-11-25T02:07:23.820+0000] {dag.py:3239} INFO - Sync 1 DAGs
[2024-11-25T02:07:23.865+0000] {logging_mixin.py:190} INFO - [2024-11-25T02:07:23.865+0000] {dag.py:4180} INFO - Setting next_dagrun for example_skip_dag to 2024-11-24 00:00:00+00:00, run_after=2024-11-25 00:00:00+00:00
[2024-11-25T02:07:23.910+0000] {processor.py:208} INFO - Processing /home/airflow/.local/lib/python3.12/site-packages/airflow/example_dags/example_skip_dag.py took 0.145 seconds
[2024-11-25T02:07:54.534+0000] {processor.py:186} INFO - Started process (PID=1674) to work on /home/airflow/.local/lib/python3.12/site-packages/airflow/example_dags/example_skip_dag.py
[2024-11-25T02:07:54.535+0000] {processor.py:914} INFO - Processing file /home/airflow/.local/lib/python3.12/site-packages/airflow/example_dags/example_skip_dag.py for tasks to queue
[2024-11-25T02:07:54.537+0000] {logging_mixin.py:190} INFO - [2024-11-25T02:07:54.537+0000] {dagbag.py:588} INFO - Filling up the DagBag from /home/airflow/.local/lib/python3.12/site-packages/airflow/example_dags/example_skip_dag.py
[2024-11-25T02:07:54.545+0000] {processor.py:925} INFO - DAG(s) 'example_skip_dag' retrieved from /home/airflow/.local/lib/python3.12/site-packages/airflow/example_dags/example_skip_dag.py
[2024-11-25T02:07:54.564+0000] {logging_mixin.py:190} INFO - [2024-11-25T02:07:54.563+0000] {dag.py:3239} INFO - Sync 1 DAGs
[2024-11-25T02:07:54.589+0000] {logging_mixin.py:190} INFO - [2024-11-25T02:07:54.589+0000] {dag.py:4180} INFO - Setting next_dagrun for example_skip_dag to 2024-11-24 00:00:00+00:00, run_after=2024-11-25 00:00:00+00:00
[2024-11-25T02:07:54.613+0000] {processor.py:208} INFO - Processing /home/airflow/.local/lib/python3.12/site-packages/airflow/example_dags/example_skip_dag.py took 0.085 seconds
[2024-11-25T02:08:25.935+0000] {processor.py:186} INFO - Started process (PID=1737) to work on /home/airflow/.local/lib/python3.12/site-packages/airflow/example_dags/example_skip_dag.py
[2024-11-25T02:08:25.937+0000] {processor.py:914} INFO - Processing file /home/airflow/.local/lib/python3.12/site-packages/airflow/example_dags/example_skip_dag.py for tasks to queue
[2024-11-25T02:08:25.950+0000] {logging_mixin.py:190} INFO - [2024-11-25T02:08:25.949+0000] {dagbag.py:588} INFO - Filling up the DagBag from /home/airflow/.local/lib/python3.12/site-packages/airflow/example_dags/example_skip_dag.py
[2024-11-25T02:08:25.972+0000] {processor.py:925} INFO - DAG(s) 'example_skip_dag' retrieved from /home/airflow/.local/lib/python3.12/site-packages/airflow/example_dags/example_skip_dag.py
[2024-11-25T02:08:26.033+0000] {logging_mixin.py:190} INFO - [2024-11-25T02:08:26.033+0000] {dag.py:3239} INFO - Sync 1 DAGs
[2024-11-25T02:08:26.132+0000] {logging_mixin.py:190} INFO - [2024-11-25T02:08:26.131+0000] {dag.py:4180} INFO - Setting next_dagrun for example_skip_dag to 2024-11-24 00:00:00+00:00, run_after=2024-11-25 00:00:00+00:00
[2024-11-25T02:08:26.162+0000] {processor.py:208} INFO - Processing /home/airflow/.local/lib/python3.12/site-packages/airflow/example_dags/example_skip_dag.py took 0.241 seconds
[2024-11-25T02:08:56.917+0000] {processor.py:186} INFO - Started process (PID=1802) to work on /home/airflow/.local/lib/python3.12/site-packages/airflow/example_dags/example_skip_dag.py
[2024-11-25T02:08:56.919+0000] {processor.py:914} INFO - Processing file /home/airflow/.local/lib/python3.12/site-packages/airflow/example_dags/example_skip_dag.py for tasks to queue
[2024-11-25T02:08:56.921+0000] {logging_mixin.py:190} INFO - [2024-11-25T02:08:56.921+0000] {dagbag.py:588} INFO - Filling up the DagBag from /home/airflow/.local/lib/python3.12/site-packages/airflow/example_dags/example_skip_dag.py
[2024-11-25T02:08:56.930+0000] {processor.py:925} INFO - DAG(s) 'example_skip_dag' retrieved from /home/airflow/.local/lib/python3.12/site-packages/airflow/example_dags/example_skip_dag.py
[2024-11-25T02:08:56.958+0000] {logging_mixin.py:190} INFO - [2024-11-25T02:08:56.958+0000] {dag.py:3239} INFO - Sync 1 DAGs
[2024-11-25T02:08:56.994+0000] {logging_mixin.py:190} INFO - [2024-11-25T02:08:56.993+0000] {dag.py:4180} INFO - Setting next_dagrun for example_skip_dag to 2024-11-24 00:00:00+00:00, run_after=2024-11-25 00:00:00+00:00
[2024-11-25T02:08:57.020+0000] {processor.py:208} INFO - Processing /home/airflow/.local/lib/python3.12/site-packages/airflow/example_dags/example_skip_dag.py took 0.109 seconds
[2024-11-25T02:09:27.526+0000] {processor.py:186} INFO - Started process (PID=1866) to work on /home/airflow/.local/lib/python3.12/site-packages/airflow/example_dags/example_skip_dag.py
[2024-11-25T02:09:27.527+0000] {processor.py:914} INFO - Processing file /home/airflow/.local/lib/python3.12/site-packages/airflow/example_dags/example_skip_dag.py for tasks to queue
[2024-11-25T02:09:27.529+0000] {logging_mixin.py:190} INFO - [2024-11-25T02:09:27.529+0000] {dagbag.py:588} INFO - Filling up the DagBag from /home/airflow/.local/lib/python3.12/site-packages/airflow/example_dags/example_skip_dag.py
[2024-11-25T02:09:27.537+0000] {processor.py:925} INFO - DAG(s) 'example_skip_dag' retrieved from /home/airflow/.local/lib/python3.12/site-packages/airflow/example_dags/example_skip_dag.py
[2024-11-25T02:09:27.561+0000] {logging_mixin.py:190} INFO - [2024-11-25T02:09:27.561+0000] {dag.py:3239} INFO - Sync 1 DAGs
[2024-11-25T02:09:27.584+0000] {logging_mixin.py:190} INFO - [2024-11-25T02:09:27.584+0000] {dag.py:4180} INFO - Setting next_dagrun for example_skip_dag to 2024-11-24 00:00:00+00:00, run_after=2024-11-25 00:00:00+00:00
[2024-11-25T02:09:27.601+0000] {processor.py:208} INFO - Processing /home/airflow/.local/lib/python3.12/site-packages/airflow/example_dags/example_skip_dag.py took 0.080 seconds
[2024-11-25T02:09:57.775+0000] {processor.py:186} INFO - Started process (PID=1930) to work on /home/airflow/.local/lib/python3.12/site-packages/airflow/example_dags/example_skip_dag.py
[2024-11-25T02:09:57.776+0000] {processor.py:914} INFO - Processing file /home/airflow/.local/lib/python3.12/site-packages/airflow/example_dags/example_skip_dag.py for tasks to queue
[2024-11-25T02:09:57.778+0000] {logging_mixin.py:190} INFO - [2024-11-25T02:09:57.778+0000] {dagbag.py:588} INFO - Filling up the DagBag from /home/airflow/.local/lib/python3.12/site-packages/airflow/example_dags/example_skip_dag.py
[2024-11-25T02:09:57.787+0000] {processor.py:925} INFO - DAG(s) 'example_skip_dag' retrieved from /home/airflow/.local/lib/python3.12/site-packages/airflow/example_dags/example_skip_dag.py
[2024-11-25T02:09:57.810+0000] {logging_mixin.py:190} INFO - [2024-11-25T02:09:57.810+0000] {dag.py:3239} INFO - Sync 1 DAGs
[2024-11-25T02:09:57.842+0000] {logging_mixin.py:190} INFO - [2024-11-25T02:09:57.842+0000] {dag.py:4180} INFO - Setting next_dagrun for example_skip_dag to 2024-11-24 00:00:00+00:00, run_after=2024-11-25 00:00:00+00:00
[2024-11-25T02:09:57.864+0000] {processor.py:208} INFO - Processing /home/airflow/.local/lib/python3.12/site-packages/airflow/example_dags/example_skip_dag.py took 0.095 seconds
[2024-11-25T02:10:28.883+0000] {processor.py:186} INFO - Started process (PID=1994) to work on /home/airflow/.local/lib/python3.12/site-packages/airflow/example_dags/example_skip_dag.py
[2024-11-25T02:10:28.884+0000] {processor.py:914} INFO - Processing file /home/airflow/.local/lib/python3.12/site-packages/airflow/example_dags/example_skip_dag.py for tasks to queue
[2024-11-25T02:10:28.887+0000] {logging_mixin.py:190} INFO - [2024-11-25T02:10:28.886+0000] {dagbag.py:588} INFO - Filling up the DagBag from /home/airflow/.local/lib/python3.12/site-packages/airflow/example_dags/example_skip_dag.py
[2024-11-25T02:10:28.896+0000] {processor.py:925} INFO - DAG(s) 'example_skip_dag' retrieved from /home/airflow/.local/lib/python3.12/site-packages/airflow/example_dags/example_skip_dag.py
[2024-11-25T02:10:28.939+0000] {logging_mixin.py:190} INFO - [2024-11-25T02:10:28.938+0000] {dag.py:3239} INFO - Sync 1 DAGs
[2024-11-25T02:10:28.974+0000] {logging_mixin.py:190} INFO - [2024-11-25T02:10:28.974+0000] {dag.py:4180} INFO - Setting next_dagrun for example_skip_dag to 2024-11-24 00:00:00+00:00, run_after=2024-11-25 00:00:00+00:00
[2024-11-25T02:10:28.996+0000] {processor.py:208} INFO - Processing /home/airflow/.local/lib/python3.12/site-packages/airflow/example_dags/example_skip_dag.py took 0.120 seconds
[2024-11-25T02:10:59.261+0000] {processor.py:186} INFO - Started process (PID=2058) to work on /home/airflow/.local/lib/python3.12/site-packages/airflow/example_dags/example_skip_dag.py
[2024-11-25T02:10:59.262+0000] {processor.py:914} INFO - Processing file /home/airflow/.local/lib/python3.12/site-packages/airflow/example_dags/example_skip_dag.py for tasks to queue
[2024-11-25T02:10:59.265+0000] {logging_mixin.py:190} INFO - [2024-11-25T02:10:59.264+0000] {dagbag.py:588} INFO - Filling up the DagBag from /home/airflow/.local/lib/python3.12/site-packages/airflow/example_dags/example_skip_dag.py
[2024-11-25T02:10:59.275+0000] {processor.py:925} INFO - DAG(s) 'example_skip_dag' retrieved from /home/airflow/.local/lib/python3.12/site-packages/airflow/example_dags/example_skip_dag.py
[2024-11-25T02:10:59.298+0000] {logging_mixin.py:190} INFO - [2024-11-25T02:10:59.298+0000] {dag.py:3239} INFO - Sync 1 DAGs
[2024-11-25T02:10:59.325+0000] {logging_mixin.py:190} INFO - [2024-11-25T02:10:59.325+0000] {dag.py:4180} INFO - Setting next_dagrun for example_skip_dag to 2024-11-24 00:00:00+00:00, run_after=2024-11-25 00:00:00+00:00
[2024-11-25T02:10:59.343+0000] {processor.py:208} INFO - Processing /home/airflow/.local/lib/python3.12/site-packages/airflow/example_dags/example_skip_dag.py took 0.087 seconds
[2024-11-25T02:11:30.052+0000] {processor.py:186} INFO - Started process (PID=2123) to work on /home/airflow/.local/lib/python3.12/site-packages/airflow/example_dags/example_skip_dag.py
[2024-11-25T02:11:30.053+0000] {processor.py:914} INFO - Processing file /home/airflow/.local/lib/python3.12/site-packages/airflow/example_dags/example_skip_dag.py for tasks to queue
[2024-11-25T02:11:30.056+0000] {logging_mixin.py:190} INFO - [2024-11-25T02:11:30.055+0000] {dagbag.py:588} INFO - Filling up the DagBag from /home/airflow/.local/lib/python3.12/site-packages/airflow/example_dags/example_skip_dag.py
[2024-11-25T02:11:30.066+0000] {processor.py:925} INFO - DAG(s) 'example_skip_dag' retrieved from /home/airflow/.local/lib/python3.12/site-packages/airflow/example_dags/example_skip_dag.py
[2024-11-25T02:11:30.098+0000] {logging_mixin.py:190} INFO - [2024-11-25T02:11:30.097+0000] {dag.py:3239} INFO - Sync 1 DAGs
[2024-11-25T02:11:30.139+0000] {logging_mixin.py:190} INFO - [2024-11-25T02:11:30.139+0000] {dag.py:4180} INFO - Setting next_dagrun for example_skip_dag to 2024-11-24 00:00:00+00:00, run_after=2024-11-25 00:00:00+00:00
[2024-11-25T02:11:30.172+0000] {processor.py:208} INFO - Processing /home/airflow/.local/lib/python3.12/site-packages/airflow/example_dags/example_skip_dag.py took 0.126 seconds
[2024-11-25T02:12:01.140+0000] {processor.py:186} INFO - Started process (PID=2187) to work on /home/airflow/.local/lib/python3.12/site-packages/airflow/example_dags/example_skip_dag.py
[2024-11-25T02:12:01.142+0000] {processor.py:914} INFO - Processing file /home/airflow/.local/lib/python3.12/site-packages/airflow/example_dags/example_skip_dag.py for tasks to queue
[2024-11-25T02:12:01.146+0000] {logging_mixin.py:190} INFO - [2024-11-25T02:12:01.145+0000] {dagbag.py:588} INFO - Filling up the DagBag from /home/airflow/.local/lib/python3.12/site-packages/airflow/example_dags/example_skip_dag.py
[2024-11-25T02:12:01.165+0000] {processor.py:925} INFO - DAG(s) 'example_skip_dag' retrieved from /home/airflow/.local/lib/python3.12/site-packages/airflow/example_dags/example_skip_dag.py
[2024-11-25T02:12:01.199+0000] {logging_mixin.py:190} INFO - [2024-11-25T02:12:01.198+0000] {dag.py:3239} INFO - Sync 1 DAGs
[2024-11-25T02:12:01.242+0000] {logging_mixin.py:190} INFO - [2024-11-25T02:12:01.241+0000] {dag.py:4180} INFO - Setting next_dagrun for example_skip_dag to 2024-11-24 00:00:00+00:00, run_after=2024-11-25 00:00:00+00:00
[2024-11-25T02:12:01.265+0000] {processor.py:208} INFO - Processing /home/airflow/.local/lib/python3.12/site-packages/airflow/example_dags/example_skip_dag.py took 0.136 seconds
[2024-11-25T02:12:31.480+0000] {processor.py:186} INFO - Started process (PID=2251) to work on /home/airflow/.local/lib/python3.12/site-packages/airflow/example_dags/example_skip_dag.py
[2024-11-25T02:12:31.481+0000] {processor.py:914} INFO - Processing file /home/airflow/.local/lib/python3.12/site-packages/airflow/example_dags/example_skip_dag.py for tasks to queue
[2024-11-25T02:12:31.485+0000] {logging_mixin.py:190} INFO - [2024-11-25T02:12:31.484+0000] {dagbag.py:588} INFO - Filling up the DagBag from /home/airflow/.local/lib/python3.12/site-packages/airflow/example_dags/example_skip_dag.py
[2024-11-25T02:12:31.496+0000] {processor.py:925} INFO - DAG(s) 'example_skip_dag' retrieved from /home/airflow/.local/lib/python3.12/site-packages/airflow/example_dags/example_skip_dag.py
[2024-11-25T02:12:31.524+0000] {logging_mixin.py:190} INFO - [2024-11-25T02:12:31.524+0000] {dag.py:3239} INFO - Sync 1 DAGs
[2024-11-25T02:12:31.573+0000] {logging_mixin.py:190} INFO - [2024-11-25T02:12:31.573+0000] {dag.py:4180} INFO - Setting next_dagrun for example_skip_dag to 2024-11-24 00:00:00+00:00, run_after=2024-11-25 00:00:00+00:00
[2024-11-25T02:12:31.601+0000] {processor.py:208} INFO - Processing /home/airflow/.local/lib/python3.12/site-packages/airflow/example_dags/example_skip_dag.py took 0.129 seconds
[2024-11-25T02:13:01.716+0000] {processor.py:186} INFO - Started process (PID=2315) to work on /home/airflow/.local/lib/python3.12/site-packages/airflow/example_dags/example_skip_dag.py
[2024-11-25T02:13:01.717+0000] {processor.py:914} INFO - Processing file /home/airflow/.local/lib/python3.12/site-packages/airflow/example_dags/example_skip_dag.py for tasks to queue
[2024-11-25T02:13:01.722+0000] {logging_mixin.py:190} INFO - [2024-11-25T02:13:01.722+0000] {dagbag.py:588} INFO - Filling up the DagBag from /home/airflow/.local/lib/python3.12/site-packages/airflow/example_dags/example_skip_dag.py
[2024-11-25T02:13:01.742+0000] {processor.py:925} INFO - DAG(s) 'example_skip_dag' retrieved from /home/airflow/.local/lib/python3.12/site-packages/airflow/example_dags/example_skip_dag.py
[2024-11-25T02:13:01.786+0000] {logging_mixin.py:190} INFO - [2024-11-25T02:13:01.786+0000] {dag.py:3239} INFO - Sync 1 DAGs
[2024-11-25T02:13:01.840+0000] {logging_mixin.py:190} INFO - [2024-11-25T02:13:01.840+0000] {dag.py:4180} INFO - Setting next_dagrun for example_skip_dag to 2024-11-24 00:00:00+00:00, run_after=2024-11-25 00:00:00+00:00
[2024-11-25T02:13:01.872+0000] {processor.py:208} INFO - Processing /home/airflow/.local/lib/python3.12/site-packages/airflow/example_dags/example_skip_dag.py took 0.169 seconds
[2024-11-25T02:13:32.386+0000] {processor.py:186} INFO - Started process (PID=2379) to work on /home/airflow/.local/lib/python3.12/site-packages/airflow/example_dags/example_skip_dag.py
[2024-11-25T02:13:32.388+0000] {processor.py:914} INFO - Processing file /home/airflow/.local/lib/python3.12/site-packages/airflow/example_dags/example_skip_dag.py for tasks to queue
[2024-11-25T02:13:32.391+0000] {logging_mixin.py:190} INFO - [2024-11-25T02:13:32.391+0000] {dagbag.py:588} INFO - Filling up the DagBag from /home/airflow/.local/lib/python3.12/site-packages/airflow/example_dags/example_skip_dag.py
[2024-11-25T02:13:32.402+0000] {processor.py:925} INFO - DAG(s) 'example_skip_dag' retrieved from /home/airflow/.local/lib/python3.12/site-packages/airflow/example_dags/example_skip_dag.py
[2024-11-25T02:13:32.437+0000] {logging_mixin.py:190} INFO - [2024-11-25T02:13:32.436+0000] {dag.py:3239} INFO - Sync 1 DAGs
[2024-11-25T02:13:32.704+0000] {logging_mixin.py:190} INFO - [2024-11-25T02:13:32.704+0000] {dag.py:4180} INFO - Setting next_dagrun for example_skip_dag to 2024-11-24 00:00:00+00:00, run_after=2024-11-25 00:00:00+00:00
[2024-11-25T02:13:32.730+0000] {processor.py:208} INFO - Processing /home/airflow/.local/lib/python3.12/site-packages/airflow/example_dags/example_skip_dag.py took 0.353 seconds
[2024-11-25T02:14:02.976+0000] {processor.py:186} INFO - Started process (PID=2444) to work on /home/airflow/.local/lib/python3.12/site-packages/airflow/example_dags/example_skip_dag.py
[2024-11-25T02:14:02.977+0000] {processor.py:914} INFO - Processing file /home/airflow/.local/lib/python3.12/site-packages/airflow/example_dags/example_skip_dag.py for tasks to queue
[2024-11-25T02:14:02.980+0000] {logging_mixin.py:190} INFO - [2024-11-25T02:14:02.980+0000] {dagbag.py:588} INFO - Filling up the DagBag from /home/airflow/.local/lib/python3.12/site-packages/airflow/example_dags/example_skip_dag.py
[2024-11-25T02:14:02.993+0000] {processor.py:925} INFO - DAG(s) 'example_skip_dag' retrieved from /home/airflow/.local/lib/python3.12/site-packages/airflow/example_dags/example_skip_dag.py
[2024-11-25T02:14:03.020+0000] {logging_mixin.py:190} INFO - [2024-11-25T02:14:03.020+0000] {dag.py:3239} INFO - Sync 1 DAGs
[2024-11-25T02:14:03.059+0000] {logging_mixin.py:190} INFO - [2024-11-25T02:14:03.059+0000] {dag.py:4180} INFO - Setting next_dagrun for example_skip_dag to 2024-11-24 00:00:00+00:00, run_after=2024-11-25 00:00:00+00:00
[2024-11-25T02:14:03.277+0000] {processor.py:208} INFO - Processing /home/airflow/.local/lib/python3.12/site-packages/airflow/example_dags/example_skip_dag.py took 0.308 seconds
[2024-11-25T02:14:34.150+0000] {processor.py:186} INFO - Started process (PID=2508) to work on /home/airflow/.local/lib/python3.12/site-packages/airflow/example_dags/example_skip_dag.py
[2024-11-25T02:14:34.151+0000] {processor.py:914} INFO - Processing file /home/airflow/.local/lib/python3.12/site-packages/airflow/example_dags/example_skip_dag.py for tasks to queue
[2024-11-25T02:14:34.155+0000] {logging_mixin.py:190} INFO - [2024-11-25T02:14:34.154+0000] {dagbag.py:588} INFO - Filling up the DagBag from /home/airflow/.local/lib/python3.12/site-packages/airflow/example_dags/example_skip_dag.py
[2024-11-25T02:14:34.170+0000] {processor.py:925} INFO - DAG(s) 'example_skip_dag' retrieved from /home/airflow/.local/lib/python3.12/site-packages/airflow/example_dags/example_skip_dag.py
[2024-11-25T02:14:34.207+0000] {logging_mixin.py:190} INFO - [2024-11-25T02:14:34.206+0000] {dag.py:3239} INFO - Sync 1 DAGs
[2024-11-25T02:14:34.256+0000] {logging_mixin.py:190} INFO - [2024-11-25T02:14:34.256+0000] {dag.py:4180} INFO - Setting next_dagrun for example_skip_dag to 2024-11-24 00:00:00+00:00, run_after=2024-11-25 00:00:00+00:00
[2024-11-25T02:14:34.288+0000] {processor.py:208} INFO - Processing /home/airflow/.local/lib/python3.12/site-packages/airflow/example_dags/example_skip_dag.py took 0.150 seconds
[2024-11-25T02:15:04.734+0000] {processor.py:186} INFO - Started process (PID=2579) to work on /home/airflow/.local/lib/python3.12/site-packages/airflow/example_dags/example_skip_dag.py
[2024-11-25T02:15:04.735+0000] {processor.py:914} INFO - Processing file /home/airflow/.local/lib/python3.12/site-packages/airflow/example_dags/example_skip_dag.py for tasks to queue
[2024-11-25T02:15:04.738+0000] {logging_mixin.py:190} INFO - [2024-11-25T02:15:04.737+0000] {dagbag.py:588} INFO - Filling up the DagBag from /home/airflow/.local/lib/python3.12/site-packages/airflow/example_dags/example_skip_dag.py
[2024-11-25T02:15:04.746+0000] {processor.py:925} INFO - DAG(s) 'example_skip_dag' retrieved from /home/airflow/.local/lib/python3.12/site-packages/airflow/example_dags/example_skip_dag.py
[2024-11-25T02:15:04.768+0000] {logging_mixin.py:190} INFO - [2024-11-25T02:15:04.768+0000] {dag.py:3239} INFO - Sync 1 DAGs
[2024-11-25T02:15:04.793+0000] {logging_mixin.py:190} INFO - [2024-11-25T02:15:04.793+0000] {dag.py:4180} INFO - Setting next_dagrun for example_skip_dag to 2024-11-24 00:00:00+00:00, run_after=2024-11-25 00:00:00+00:00
[2024-11-25T02:15:04.819+0000] {processor.py:208} INFO - Processing /home/airflow/.local/lib/python3.12/site-packages/airflow/example_dags/example_skip_dag.py took 0.092 seconds
[2024-11-25T02:15:35.539+0000] {processor.py:186} INFO - Started process (PID=2643) to work on /home/airflow/.local/lib/python3.12/site-packages/airflow/example_dags/example_skip_dag.py
[2024-11-25T02:15:35.540+0000] {processor.py:914} INFO - Processing file /home/airflow/.local/lib/python3.12/site-packages/airflow/example_dags/example_skip_dag.py for tasks to queue
[2024-11-25T02:15:35.542+0000] {logging_mixin.py:190} INFO - [2024-11-25T02:15:35.542+0000] {dagbag.py:588} INFO - Filling up the DagBag from /home/airflow/.local/lib/python3.12/site-packages/airflow/example_dags/example_skip_dag.py
[2024-11-25T02:15:35.550+0000] {processor.py:925} INFO - DAG(s) 'example_skip_dag' retrieved from /home/airflow/.local/lib/python3.12/site-packages/airflow/example_dags/example_skip_dag.py
[2024-11-25T02:15:35.570+0000] {logging_mixin.py:190} INFO - [2024-11-25T02:15:35.570+0000] {dag.py:3239} INFO - Sync 1 DAGs
[2024-11-25T02:15:35.595+0000] {logging_mixin.py:190} INFO - [2024-11-25T02:15:35.594+0000] {dag.py:4180} INFO - Setting next_dagrun for example_skip_dag to 2024-11-24 00:00:00+00:00, run_after=2024-11-25 00:00:00+00:00
[2024-11-25T02:15:35.614+0000] {processor.py:208} INFO - Processing /home/airflow/.local/lib/python3.12/site-packages/airflow/example_dags/example_skip_dag.py took 0.082 seconds
[2024-11-25T02:16:06.219+0000] {processor.py:186} INFO - Started process (PID=2707) to work on /home/airflow/.local/lib/python3.12/site-packages/airflow/example_dags/example_skip_dag.py
[2024-11-25T02:16:06.220+0000] {processor.py:914} INFO - Processing file /home/airflow/.local/lib/python3.12/site-packages/airflow/example_dags/example_skip_dag.py for tasks to queue
[2024-11-25T02:16:06.224+0000] {logging_mixin.py:190} INFO - [2024-11-25T02:16:06.223+0000] {dagbag.py:588} INFO - Filling up the DagBag from /home/airflow/.local/lib/python3.12/site-packages/airflow/example_dags/example_skip_dag.py
[2024-11-25T02:16:06.234+0000] {processor.py:925} INFO - DAG(s) 'example_skip_dag' retrieved from /home/airflow/.local/lib/python3.12/site-packages/airflow/example_dags/example_skip_dag.py
[2024-11-25T02:16:06.486+0000] {logging_mixin.py:190} INFO - [2024-11-25T02:16:06.485+0000] {dag.py:3239} INFO - Sync 1 DAGs
[2024-11-25T02:16:06.516+0000] {logging_mixin.py:190} INFO - [2024-11-25T02:16:06.516+0000] {dag.py:4180} INFO - Setting next_dagrun for example_skip_dag to 2024-11-24 00:00:00+00:00, run_after=2024-11-25 00:00:00+00:00
[2024-11-25T02:16:06.536+0000] {processor.py:208} INFO - Processing /home/airflow/.local/lib/python3.12/site-packages/airflow/example_dags/example_skip_dag.py took 0.326 seconds
[2024-11-25T02:16:37.300+0000] {processor.py:186} INFO - Started process (PID=2771) to work on /home/airflow/.local/lib/python3.12/site-packages/airflow/example_dags/example_skip_dag.py
[2024-11-25T02:16:37.301+0000] {processor.py:914} INFO - Processing file /home/airflow/.local/lib/python3.12/site-packages/airflow/example_dags/example_skip_dag.py for tasks to queue
[2024-11-25T02:16:37.303+0000] {logging_mixin.py:190} INFO - [2024-11-25T02:16:37.303+0000] {dagbag.py:588} INFO - Filling up the DagBag from /home/airflow/.local/lib/python3.12/site-packages/airflow/example_dags/example_skip_dag.py
[2024-11-25T02:16:37.311+0000] {processor.py:925} INFO - DAG(s) 'example_skip_dag' retrieved from /home/airflow/.local/lib/python3.12/site-packages/airflow/example_dags/example_skip_dag.py
[2024-11-25T02:16:37.343+0000] {logging_mixin.py:190} INFO - [2024-11-25T02:16:37.343+0000] {dag.py:3239} INFO - Sync 1 DAGs
[2024-11-25T02:16:37.376+0000] {logging_mixin.py:190} INFO - [2024-11-25T02:16:37.375+0000] {dag.py:4180} INFO - Setting next_dagrun for example_skip_dag to 2024-11-24 00:00:00+00:00, run_after=2024-11-25 00:00:00+00:00
[2024-11-25T02:16:37.400+0000] {processor.py:208} INFO - Processing /home/airflow/.local/lib/python3.12/site-packages/airflow/example_dags/example_skip_dag.py took 0.106 seconds
