[2024-11-25T01:55:20.301+0000] {processor.py:186} INFO - Started process (PID=92) to work on /home/airflow/.local/lib/python3.12/site-packages/airflow/example_dags/tutorial_dag.py
[2024-11-25T01:55:20.303+0000] {processor.py:914} INFO - Processing file /home/airflow/.local/lib/python3.12/site-packages/airflow/example_dags/tutorial_dag.py for tasks to queue
[2024-11-25T01:55:20.318+0000] {logging_mixin.py:190} INFO - [2024-11-25T01:55:20.317+0000] {dagbag.py:588} INFO - Filling up the DagBag from /home/airflow/.local/lib/python3.12/site-packages/airflow/example_dags/tutorial_dag.py
[2024-11-25T01:55:20.359+0000] {processor.py:925} INFO - DAG(s) 'tutorial_dag' retrieved from /home/airflow/.local/lib/python3.12/site-packages/airflow/example_dags/tutorial_dag.py
[2024-11-25T01:55:20.464+0000] {logging_mixin.py:190} INFO - [2024-11-25T01:55:20.463+0000] {dag.py:3239} INFO - Sync 1 DAGs
[2024-11-25T01:55:20.542+0000] {logging_mixin.py:190} INFO - [2024-11-25T01:55:20.541+0000] {dag.py:4180} INFO - Setting next_dagrun for tutorial_dag to None, run_after=None
[2024-11-25T01:55:20.612+0000] {processor.py:208} INFO - Processing /home/airflow/.local/lib/python3.12/site-packages/airflow/example_dags/tutorial_dag.py took 0.336 seconds
[2024-11-25T01:55:51.084+0000] {processor.py:186} INFO - Started process (PID=158) to work on /home/airflow/.local/lib/python3.12/site-packages/airflow/example_dags/tutorial_dag.py
[2024-11-25T01:55:51.085+0000] {processor.py:914} INFO - Processing file /home/airflow/.local/lib/python3.12/site-packages/airflow/example_dags/tutorial_dag.py for tasks to queue
[2024-11-25T01:55:51.087+0000] {logging_mixin.py:190} INFO - [2024-11-25T01:55:51.087+0000] {dagbag.py:588} INFO - Filling up the DagBag from /home/airflow/.local/lib/python3.12/site-packages/airflow/example_dags/tutorial_dag.py
[2024-11-25T01:55:51.094+0000] {processor.py:925} INFO - DAG(s) 'tutorial_dag' retrieved from /home/airflow/.local/lib/python3.12/site-packages/airflow/example_dags/tutorial_dag.py
[2024-11-25T01:55:51.110+0000] {logging_mixin.py:190} INFO - [2024-11-25T01:55:51.110+0000] {dag.py:3239} INFO - Sync 1 DAGs
[2024-11-25T01:55:51.124+0000] {logging_mixin.py:190} INFO - [2024-11-25T01:55:51.123+0000] {dag.py:4180} INFO - Setting next_dagrun for tutorial_dag to None, run_after=None
[2024-11-25T01:55:51.140+0000] {processor.py:208} INFO - Processing /home/airflow/.local/lib/python3.12/site-packages/airflow/example_dags/tutorial_dag.py took 0.062 seconds
[2024-11-25T01:56:24.084+0000] {processor.py:186} INFO - Started process (PID=222) to work on /home/airflow/.local/lib/python3.12/site-packages/airflow/example_dags/tutorial_dag.py
[2024-11-25T01:56:24.085+0000] {processor.py:914} INFO - Processing file /home/airflow/.local/lib/python3.12/site-packages/airflow/example_dags/tutorial_dag.py for tasks to queue
[2024-11-25T01:56:24.088+0000] {logging_mixin.py:190} INFO - [2024-11-25T01:56:24.088+0000] {dagbag.py:588} INFO - Filling up the DagBag from /home/airflow/.local/lib/python3.12/site-packages/airflow/example_dags/tutorial_dag.py
[2024-11-25T01:56:24.098+0000] {processor.py:925} INFO - DAG(s) 'tutorial_dag' retrieved from /home/airflow/.local/lib/python3.12/site-packages/airflow/example_dags/tutorial_dag.py
[2024-11-25T01:56:24.125+0000] {logging_mixin.py:190} INFO - [2024-11-25T01:56:24.125+0000] {dag.py:3239} INFO - Sync 1 DAGs
[2024-11-25T01:56:24.145+0000] {logging_mixin.py:190} INFO - [2024-11-25T01:56:24.145+0000] {dag.py:4180} INFO - Setting next_dagrun for tutorial_dag to None, run_after=None
[2024-11-25T01:56:24.169+0000] {processor.py:208} INFO - Processing /home/airflow/.local/lib/python3.12/site-packages/airflow/example_dags/tutorial_dag.py took 0.093 seconds
[2024-11-25T01:56:56.359+0000] {processor.py:186} INFO - Started process (PID=286) to work on /home/airflow/.local/lib/python3.12/site-packages/airflow/example_dags/tutorial_dag.py
[2024-11-25T01:56:56.376+0000] {processor.py:914} INFO - Processing file /home/airflow/.local/lib/python3.12/site-packages/airflow/example_dags/tutorial_dag.py for tasks to queue
[2024-11-25T01:56:56.382+0000] {logging_mixin.py:190} INFO - [2024-11-25T01:56:56.382+0000] {dagbag.py:588} INFO - Filling up the DagBag from /home/airflow/.local/lib/python3.12/site-packages/airflow/example_dags/tutorial_dag.py
[2024-11-25T01:56:56.417+0000] {processor.py:925} INFO - DAG(s) 'tutorial_dag' retrieved from /home/airflow/.local/lib/python3.12/site-packages/airflow/example_dags/tutorial_dag.py
[2024-11-25T01:56:56.497+0000] {logging_mixin.py:190} INFO - [2024-11-25T01:56:56.496+0000] {dag.py:3239} INFO - Sync 1 DAGs
[2024-11-25T01:56:56.576+0000] {logging_mixin.py:190} INFO - [2024-11-25T01:56:56.576+0000] {dag.py:4180} INFO - Setting next_dagrun for tutorial_dag to None, run_after=None
[2024-11-25T01:56:56.677+0000] {processor.py:208} INFO - Processing /home/airflow/.local/lib/python3.12/site-packages/airflow/example_dags/tutorial_dag.py took 0.339 seconds
[2024-11-25T01:57:27.052+0000] {processor.py:186} INFO - Started process (PID=349) to work on /home/airflow/.local/lib/python3.12/site-packages/airflow/example_dags/tutorial_dag.py
[2024-11-25T01:57:27.054+0000] {processor.py:914} INFO - Processing file /home/airflow/.local/lib/python3.12/site-packages/airflow/example_dags/tutorial_dag.py for tasks to queue
[2024-11-25T01:57:27.057+0000] {logging_mixin.py:190} INFO - [2024-11-25T01:57:27.057+0000] {dagbag.py:588} INFO - Filling up the DagBag from /home/airflow/.local/lib/python3.12/site-packages/airflow/example_dags/tutorial_dag.py
[2024-11-25T01:57:27.068+0000] {processor.py:925} INFO - DAG(s) 'tutorial_dag' retrieved from /home/airflow/.local/lib/python3.12/site-packages/airflow/example_dags/tutorial_dag.py
[2024-11-25T01:57:27.095+0000] {logging_mixin.py:190} INFO - [2024-11-25T01:57:27.095+0000] {dag.py:3239} INFO - Sync 1 DAGs
[2024-11-25T01:57:27.121+0000] {logging_mixin.py:190} INFO - [2024-11-25T01:57:27.121+0000] {dag.py:4180} INFO - Setting next_dagrun for tutorial_dag to None, run_after=None
[2024-11-25T01:57:27.150+0000] {processor.py:208} INFO - Processing /home/airflow/.local/lib/python3.12/site-packages/airflow/example_dags/tutorial_dag.py took 0.111 seconds
[2024-11-25T01:57:57.324+0000] {processor.py:186} INFO - Started process (PID=413) to work on /home/airflow/.local/lib/python3.12/site-packages/airflow/example_dags/tutorial_dag.py
[2024-11-25T01:57:57.325+0000] {processor.py:914} INFO - Processing file /home/airflow/.local/lib/python3.12/site-packages/airflow/example_dags/tutorial_dag.py for tasks to queue
[2024-11-25T01:57:57.328+0000] {logging_mixin.py:190} INFO - [2024-11-25T01:57:57.328+0000] {dagbag.py:588} INFO - Filling up the DagBag from /home/airflow/.local/lib/python3.12/site-packages/airflow/example_dags/tutorial_dag.py
[2024-11-25T01:57:57.338+0000] {processor.py:925} INFO - DAG(s) 'tutorial_dag' retrieved from /home/airflow/.local/lib/python3.12/site-packages/airflow/example_dags/tutorial_dag.py
[2024-11-25T01:57:57.364+0000] {logging_mixin.py:190} INFO - [2024-11-25T01:57:57.363+0000] {dag.py:3239} INFO - Sync 1 DAGs
[2024-11-25T01:57:57.388+0000] {logging_mixin.py:190} INFO - [2024-11-25T01:57:57.387+0000] {dag.py:4180} INFO - Setting next_dagrun for tutorial_dag to None, run_after=None
[2024-11-25T01:57:57.440+0000] {processor.py:208} INFO - Processing /home/airflow/.local/lib/python3.12/site-packages/airflow/example_dags/tutorial_dag.py took 0.122 seconds
[2024-11-25T01:58:28.003+0000] {processor.py:186} INFO - Started process (PID=477) to work on /home/airflow/.local/lib/python3.12/site-packages/airflow/example_dags/tutorial_dag.py
[2024-11-25T01:58:28.004+0000] {processor.py:914} INFO - Processing file /home/airflow/.local/lib/python3.12/site-packages/airflow/example_dags/tutorial_dag.py for tasks to queue
[2024-11-25T01:58:28.006+0000] {logging_mixin.py:190} INFO - [2024-11-25T01:58:28.005+0000] {dagbag.py:588} INFO - Filling up the DagBag from /home/airflow/.local/lib/python3.12/site-packages/airflow/example_dags/tutorial_dag.py
[2024-11-25T01:58:28.012+0000] {processor.py:925} INFO - DAG(s) 'tutorial_dag' retrieved from /home/airflow/.local/lib/python3.12/site-packages/airflow/example_dags/tutorial_dag.py
[2024-11-25T01:58:28.030+0000] {logging_mixin.py:190} INFO - [2024-11-25T01:58:28.030+0000] {dag.py:3239} INFO - Sync 1 DAGs
[2024-11-25T01:58:28.045+0000] {logging_mixin.py:190} INFO - [2024-11-25T01:58:28.045+0000] {dag.py:4180} INFO - Setting next_dagrun for tutorial_dag to None, run_after=None
[2024-11-25T01:58:28.063+0000] {processor.py:208} INFO - Processing /home/airflow/.local/lib/python3.12/site-packages/airflow/example_dags/tutorial_dag.py took 0.066 seconds
[2024-11-25T01:58:58.748+0000] {processor.py:186} INFO - Started process (PID=541) to work on /home/airflow/.local/lib/python3.12/site-packages/airflow/example_dags/tutorial_dag.py
[2024-11-25T01:58:58.749+0000] {processor.py:914} INFO - Processing file /home/airflow/.local/lib/python3.12/site-packages/airflow/example_dags/tutorial_dag.py for tasks to queue
[2024-11-25T01:58:58.752+0000] {logging_mixin.py:190} INFO - [2024-11-25T01:58:58.752+0000] {dagbag.py:588} INFO - Filling up the DagBag from /home/airflow/.local/lib/python3.12/site-packages/airflow/example_dags/tutorial_dag.py
[2024-11-25T01:58:58.761+0000] {processor.py:925} INFO - DAG(s) 'tutorial_dag' retrieved from /home/airflow/.local/lib/python3.12/site-packages/airflow/example_dags/tutorial_dag.py
[2024-11-25T01:58:58.784+0000] {logging_mixin.py:190} INFO - [2024-11-25T01:58:58.784+0000] {dag.py:3239} INFO - Sync 1 DAGs
[2024-11-25T01:58:58.801+0000] {logging_mixin.py:190} INFO - [2024-11-25T01:58:58.800+0000] {dag.py:4180} INFO - Setting next_dagrun for tutorial_dag to None, run_after=None
[2024-11-25T01:58:58.820+0000] {processor.py:208} INFO - Processing /home/airflow/.local/lib/python3.12/site-packages/airflow/example_dags/tutorial_dag.py took 0.079 seconds
[2024-11-25T01:59:29.036+0000] {processor.py:186} INFO - Started process (PID=605) to work on /home/airflow/.local/lib/python3.12/site-packages/airflow/example_dags/tutorial_dag.py
[2024-11-25T01:59:29.037+0000] {processor.py:914} INFO - Processing file /home/airflow/.local/lib/python3.12/site-packages/airflow/example_dags/tutorial_dag.py for tasks to queue
[2024-11-25T01:59:29.039+0000] {logging_mixin.py:190} INFO - [2024-11-25T01:59:29.039+0000] {dagbag.py:588} INFO - Filling up the DagBag from /home/airflow/.local/lib/python3.12/site-packages/airflow/example_dags/tutorial_dag.py
[2024-11-25T01:59:29.047+0000] {processor.py:925} INFO - DAG(s) 'tutorial_dag' retrieved from /home/airflow/.local/lib/python3.12/site-packages/airflow/example_dags/tutorial_dag.py
[2024-11-25T01:59:29.070+0000] {logging_mixin.py:190} INFO - [2024-11-25T01:59:29.070+0000] {dag.py:3239} INFO - Sync 1 DAGs
[2024-11-25T01:59:29.087+0000] {logging_mixin.py:190} INFO - [2024-11-25T01:59:29.087+0000] {dag.py:4180} INFO - Setting next_dagrun for tutorial_dag to None, run_after=None
[2024-11-25T01:59:29.108+0000] {processor.py:208} INFO - Processing /home/airflow/.local/lib/python3.12/site-packages/airflow/example_dags/tutorial_dag.py took 0.077 seconds
[2024-11-25T01:59:59.427+0000] {processor.py:186} INFO - Started process (PID=669) to work on /home/airflow/.local/lib/python3.12/site-packages/airflow/example_dags/tutorial_dag.py
[2024-11-25T01:59:59.428+0000] {processor.py:914} INFO - Processing file /home/airflow/.local/lib/python3.12/site-packages/airflow/example_dags/tutorial_dag.py for tasks to queue
[2024-11-25T01:59:59.430+0000] {logging_mixin.py:190} INFO - [2024-11-25T01:59:59.430+0000] {dagbag.py:588} INFO - Filling up the DagBag from /home/airflow/.local/lib/python3.12/site-packages/airflow/example_dags/tutorial_dag.py
[2024-11-25T01:59:59.439+0000] {processor.py:925} INFO - DAG(s) 'tutorial_dag' retrieved from /home/airflow/.local/lib/python3.12/site-packages/airflow/example_dags/tutorial_dag.py
[2024-11-25T01:59:59.460+0000] {logging_mixin.py:190} INFO - [2024-11-25T01:59:59.460+0000] {dag.py:3239} INFO - Sync 1 DAGs
[2024-11-25T01:59:59.478+0000] {logging_mixin.py:190} INFO - [2024-11-25T01:59:59.478+0000] {dag.py:4180} INFO - Setting next_dagrun for tutorial_dag to None, run_after=None
[2024-11-25T01:59:59.501+0000] {processor.py:208} INFO - Processing /home/airflow/.local/lib/python3.12/site-packages/airflow/example_dags/tutorial_dag.py took 0.080 seconds
[2024-11-25T02:00:29.966+0000] {processor.py:186} INFO - Started process (PID=737) to work on /home/airflow/.local/lib/python3.12/site-packages/airflow/example_dags/tutorial_dag.py
[2024-11-25T02:00:29.967+0000] {processor.py:914} INFO - Processing file /home/airflow/.local/lib/python3.12/site-packages/airflow/example_dags/tutorial_dag.py for tasks to queue
[2024-11-25T02:00:29.970+0000] {logging_mixin.py:190} INFO - [2024-11-25T02:00:29.970+0000] {dagbag.py:588} INFO - Filling up the DagBag from /home/airflow/.local/lib/python3.12/site-packages/airflow/example_dags/tutorial_dag.py
[2024-11-25T02:00:29.977+0000] {processor.py:925} INFO - DAG(s) 'tutorial_dag' retrieved from /home/airflow/.local/lib/python3.12/site-packages/airflow/example_dags/tutorial_dag.py
[2024-11-25T02:00:29.992+0000] {logging_mixin.py:190} INFO - [2024-11-25T02:00:29.992+0000] {dag.py:3239} INFO - Sync 1 DAGs
[2024-11-25T02:00:30.006+0000] {logging_mixin.py:190} INFO - [2024-11-25T02:00:30.006+0000] {dag.py:4180} INFO - Setting next_dagrun for tutorial_dag to None, run_after=None
[2024-11-25T02:00:30.023+0000] {processor.py:208} INFO - Processing /home/airflow/.local/lib/python3.12/site-packages/airflow/example_dags/tutorial_dag.py took 0.062 seconds
[2024-11-25T02:01:00.634+0000] {processor.py:186} INFO - Started process (PID=807) to work on /home/airflow/.local/lib/python3.12/site-packages/airflow/example_dags/tutorial_dag.py
[2024-11-25T02:01:00.636+0000] {processor.py:914} INFO - Processing file /home/airflow/.local/lib/python3.12/site-packages/airflow/example_dags/tutorial_dag.py for tasks to queue
[2024-11-25T02:01:00.644+0000] {logging_mixin.py:190} INFO - [2024-11-25T02:01:00.644+0000] {dagbag.py:588} INFO - Filling up the DagBag from /home/airflow/.local/lib/python3.12/site-packages/airflow/example_dags/tutorial_dag.py
[2024-11-25T02:01:00.665+0000] {processor.py:925} INFO - DAG(s) 'tutorial_dag' retrieved from /home/airflow/.local/lib/python3.12/site-packages/airflow/example_dags/tutorial_dag.py
[2024-11-25T02:01:00.706+0000] {logging_mixin.py:190} INFO - [2024-11-25T02:01:00.706+0000] {dag.py:3239} INFO - Sync 1 DAGs
[2024-11-25T02:01:00.739+0000] {logging_mixin.py:190} INFO - [2024-11-25T02:01:00.738+0000] {dag.py:4180} INFO - Setting next_dagrun for tutorial_dag to None, run_after=None
[2024-11-25T02:01:00.769+0000] {processor.py:208} INFO - Processing /home/airflow/.local/lib/python3.12/site-packages/airflow/example_dags/tutorial_dag.py took 0.158 seconds
[2024-11-25T02:01:30.959+0000] {processor.py:186} INFO - Started process (PID=871) to work on /home/airflow/.local/lib/python3.12/site-packages/airflow/example_dags/tutorial_dag.py
[2024-11-25T02:01:30.960+0000] {processor.py:914} INFO - Processing file /home/airflow/.local/lib/python3.12/site-packages/airflow/example_dags/tutorial_dag.py for tasks to queue
[2024-11-25T02:01:30.963+0000] {logging_mixin.py:190} INFO - [2024-11-25T02:01:30.963+0000] {dagbag.py:588} INFO - Filling up the DagBag from /home/airflow/.local/lib/python3.12/site-packages/airflow/example_dags/tutorial_dag.py
[2024-11-25T02:01:30.973+0000] {processor.py:925} INFO - DAG(s) 'tutorial_dag' retrieved from /home/airflow/.local/lib/python3.12/site-packages/airflow/example_dags/tutorial_dag.py
[2024-11-25T02:01:30.993+0000] {logging_mixin.py:190} INFO - [2024-11-25T02:01:30.993+0000] {dag.py:3239} INFO - Sync 1 DAGs
[2024-11-25T02:01:31.011+0000] {logging_mixin.py:190} INFO - [2024-11-25T02:01:31.010+0000] {dag.py:4180} INFO - Setting next_dagrun for tutorial_dag to None, run_after=None
[2024-11-25T02:01:31.032+0000] {processor.py:208} INFO - Processing /home/airflow/.local/lib/python3.12/site-packages/airflow/example_dags/tutorial_dag.py took 0.079 seconds
[2024-11-25T02:02:01.356+0000] {processor.py:186} INFO - Started process (PID=935) to work on /home/airflow/.local/lib/python3.12/site-packages/airflow/example_dags/tutorial_dag.py
[2024-11-25T02:02:01.357+0000] {processor.py:914} INFO - Processing file /home/airflow/.local/lib/python3.12/site-packages/airflow/example_dags/tutorial_dag.py for tasks to queue
[2024-11-25T02:02:01.359+0000] {logging_mixin.py:190} INFO - [2024-11-25T02:02:01.359+0000] {dagbag.py:588} INFO - Filling up the DagBag from /home/airflow/.local/lib/python3.12/site-packages/airflow/example_dags/tutorial_dag.py
[2024-11-25T02:02:01.366+0000] {processor.py:925} INFO - DAG(s) 'tutorial_dag' retrieved from /home/airflow/.local/lib/python3.12/site-packages/airflow/example_dags/tutorial_dag.py
[2024-11-25T02:02:01.384+0000] {logging_mixin.py:190} INFO - [2024-11-25T02:02:01.384+0000] {dag.py:3239} INFO - Sync 1 DAGs
[2024-11-25T02:02:01.398+0000] {logging_mixin.py:190} INFO - [2024-11-25T02:02:01.398+0000] {dag.py:4180} INFO - Setting next_dagrun for tutorial_dag to None, run_after=None
[2024-11-25T02:02:01.416+0000] {processor.py:208} INFO - Processing /home/airflow/.local/lib/python3.12/site-packages/airflow/example_dags/tutorial_dag.py took 0.064 seconds
[2024-11-25T02:02:31.545+0000] {processor.py:186} INFO - Started process (PID=999) to work on /home/airflow/.local/lib/python3.12/site-packages/airflow/example_dags/tutorial_dag.py
[2024-11-25T02:02:31.545+0000] {processor.py:914} INFO - Processing file /home/airflow/.local/lib/python3.12/site-packages/airflow/example_dags/tutorial_dag.py for tasks to queue
[2024-11-25T02:02:31.547+0000] {logging_mixin.py:190} INFO - [2024-11-25T02:02:31.547+0000] {dagbag.py:588} INFO - Filling up the DagBag from /home/airflow/.local/lib/python3.12/site-packages/airflow/example_dags/tutorial_dag.py
[2024-11-25T02:02:31.555+0000] {processor.py:925} INFO - DAG(s) 'tutorial_dag' retrieved from /home/airflow/.local/lib/python3.12/site-packages/airflow/example_dags/tutorial_dag.py
[2024-11-25T02:02:31.572+0000] {logging_mixin.py:190} INFO - [2024-11-25T02:02:31.572+0000] {dag.py:3239} INFO - Sync 1 DAGs
[2024-11-25T02:02:31.590+0000] {logging_mixin.py:190} INFO - [2024-11-25T02:02:31.590+0000] {dag.py:4180} INFO - Setting next_dagrun for tutorial_dag to None, run_after=None
[2024-11-25T02:02:31.612+0000] {processor.py:208} INFO - Processing /home/airflow/.local/lib/python3.12/site-packages/airflow/example_dags/tutorial_dag.py took 0.073 seconds
[2024-11-25T02:03:02.131+0000] {processor.py:186} INFO - Started process (PID=1064) to work on /home/airflow/.local/lib/python3.12/site-packages/airflow/example_dags/tutorial_dag.py
[2024-11-25T02:03:02.132+0000] {processor.py:914} INFO - Processing file /home/airflow/.local/lib/python3.12/site-packages/airflow/example_dags/tutorial_dag.py for tasks to queue
[2024-11-25T02:03:02.134+0000] {logging_mixin.py:190} INFO - [2024-11-25T02:03:02.134+0000] {dagbag.py:588} INFO - Filling up the DagBag from /home/airflow/.local/lib/python3.12/site-packages/airflow/example_dags/tutorial_dag.py
[2024-11-25T02:03:02.141+0000] {processor.py:925} INFO - DAG(s) 'tutorial_dag' retrieved from /home/airflow/.local/lib/python3.12/site-packages/airflow/example_dags/tutorial_dag.py
[2024-11-25T02:03:02.161+0000] {logging_mixin.py:190} INFO - [2024-11-25T02:03:02.160+0000] {dag.py:3239} INFO - Sync 1 DAGs
[2024-11-25T02:03:02.177+0000] {logging_mixin.py:190} INFO - [2024-11-25T02:03:02.177+0000] {dag.py:4180} INFO - Setting next_dagrun for tutorial_dag to None, run_after=None
[2024-11-25T02:03:02.204+0000] {processor.py:208} INFO - Processing /home/airflow/.local/lib/python3.12/site-packages/airflow/example_dags/tutorial_dag.py took 0.078 seconds
[2024-11-25T02:03:32.487+0000] {processor.py:186} INFO - Started process (PID=1128) to work on /home/airflow/.local/lib/python3.12/site-packages/airflow/example_dags/tutorial_dag.py
[2024-11-25T02:03:32.488+0000] {processor.py:914} INFO - Processing file /home/airflow/.local/lib/python3.12/site-packages/airflow/example_dags/tutorial_dag.py for tasks to queue
[2024-11-25T02:03:32.491+0000] {logging_mixin.py:190} INFO - [2024-11-25T02:03:32.491+0000] {dagbag.py:588} INFO - Filling up the DagBag from /home/airflow/.local/lib/python3.12/site-packages/airflow/example_dags/tutorial_dag.py
[2024-11-25T02:03:32.500+0000] {processor.py:925} INFO - DAG(s) 'tutorial_dag' retrieved from /home/airflow/.local/lib/python3.12/site-packages/airflow/example_dags/tutorial_dag.py
[2024-11-25T02:03:32.523+0000] {logging_mixin.py:190} INFO - [2024-11-25T02:03:32.523+0000] {dag.py:3239} INFO - Sync 1 DAGs
[2024-11-25T02:03:32.542+0000] {logging_mixin.py:190} INFO - [2024-11-25T02:03:32.542+0000] {dag.py:4180} INFO - Setting next_dagrun for tutorial_dag to None, run_after=None
[2024-11-25T02:03:32.564+0000] {processor.py:208} INFO - Processing /home/airflow/.local/lib/python3.12/site-packages/airflow/example_dags/tutorial_dag.py took 0.083 seconds
[2024-11-25T02:04:03.135+0000] {processor.py:186} INFO - Started process (PID=1192) to work on /home/airflow/.local/lib/python3.12/site-packages/airflow/example_dags/tutorial_dag.py
[2024-11-25T02:04:03.136+0000] {processor.py:914} INFO - Processing file /home/airflow/.local/lib/python3.12/site-packages/airflow/example_dags/tutorial_dag.py for tasks to queue
[2024-11-25T02:04:03.138+0000] {logging_mixin.py:190} INFO - [2024-11-25T02:04:03.138+0000] {dagbag.py:588} INFO - Filling up the DagBag from /home/airflow/.local/lib/python3.12/site-packages/airflow/example_dags/tutorial_dag.py
[2024-11-25T02:04:03.145+0000] {processor.py:925} INFO - DAG(s) 'tutorial_dag' retrieved from /home/airflow/.local/lib/python3.12/site-packages/airflow/example_dags/tutorial_dag.py
[2024-11-25T02:04:03.164+0000] {logging_mixin.py:190} INFO - [2024-11-25T02:04:03.163+0000] {dag.py:3239} INFO - Sync 1 DAGs
[2024-11-25T02:04:03.178+0000] {logging_mixin.py:190} INFO - [2024-11-25T02:04:03.177+0000] {dag.py:4180} INFO - Setting next_dagrun for tutorial_dag to None, run_after=None
[2024-11-25T02:04:03.199+0000] {processor.py:208} INFO - Processing /home/airflow/.local/lib/python3.12/site-packages/airflow/example_dags/tutorial_dag.py took 0.069 seconds
[2024-11-25T02:04:33.345+0000] {processor.py:186} INFO - Started process (PID=1256) to work on /home/airflow/.local/lib/python3.12/site-packages/airflow/example_dags/tutorial_dag.py
[2024-11-25T02:04:33.346+0000] {processor.py:914} INFO - Processing file /home/airflow/.local/lib/python3.12/site-packages/airflow/example_dags/tutorial_dag.py for tasks to queue
[2024-11-25T02:04:33.349+0000] {logging_mixin.py:190} INFO - [2024-11-25T02:04:33.348+0000] {dagbag.py:588} INFO - Filling up the DagBag from /home/airflow/.local/lib/python3.12/site-packages/airflow/example_dags/tutorial_dag.py
[2024-11-25T02:04:33.358+0000] {processor.py:925} INFO - DAG(s) 'tutorial_dag' retrieved from /home/airflow/.local/lib/python3.12/site-packages/airflow/example_dags/tutorial_dag.py
[2024-11-25T02:04:33.384+0000] {logging_mixin.py:190} INFO - [2024-11-25T02:04:33.384+0000] {dag.py:3239} INFO - Sync 1 DAGs
[2024-11-25T02:04:33.400+0000] {logging_mixin.py:190} INFO - [2024-11-25T02:04:33.400+0000] {dag.py:4180} INFO - Setting next_dagrun for tutorial_dag to None, run_after=None
[2024-11-25T02:04:33.417+0000] {processor.py:208} INFO - Processing /home/airflow/.local/lib/python3.12/site-packages/airflow/example_dags/tutorial_dag.py took 0.078 seconds
[2024-11-25T02:05:03.529+0000] {processor.py:186} INFO - Started process (PID=1320) to work on /home/airflow/.local/lib/python3.12/site-packages/airflow/example_dags/tutorial_dag.py
[2024-11-25T02:05:03.530+0000] {processor.py:914} INFO - Processing file /home/airflow/.local/lib/python3.12/site-packages/airflow/example_dags/tutorial_dag.py for tasks to queue
[2024-11-25T02:05:03.532+0000] {logging_mixin.py:190} INFO - [2024-11-25T02:05:03.532+0000] {dagbag.py:588} INFO - Filling up the DagBag from /home/airflow/.local/lib/python3.12/site-packages/airflow/example_dags/tutorial_dag.py
[2024-11-25T02:05:03.539+0000] {processor.py:925} INFO - DAG(s) 'tutorial_dag' retrieved from /home/airflow/.local/lib/python3.12/site-packages/airflow/example_dags/tutorial_dag.py
[2024-11-25T02:05:03.558+0000] {logging_mixin.py:190} INFO - [2024-11-25T02:05:03.558+0000] {dag.py:3239} INFO - Sync 1 DAGs
[2024-11-25T02:05:03.573+0000] {logging_mixin.py:190} INFO - [2024-11-25T02:05:03.573+0000] {dag.py:4180} INFO - Setting next_dagrun for tutorial_dag to None, run_after=None
[2024-11-25T02:05:03.595+0000] {processor.py:208} INFO - Processing /home/airflow/.local/lib/python3.12/site-packages/airflow/example_dags/tutorial_dag.py took 0.070 seconds
[2024-11-25T02:05:34.508+0000] {processor.py:186} INFO - Started process (PID=1384) to work on /home/airflow/.local/lib/python3.12/site-packages/airflow/example_dags/tutorial_dag.py
[2024-11-25T02:05:34.508+0000] {processor.py:914} INFO - Processing file /home/airflow/.local/lib/python3.12/site-packages/airflow/example_dags/tutorial_dag.py for tasks to queue
[2024-11-25T02:05:34.511+0000] {logging_mixin.py:190} INFO - [2024-11-25T02:05:34.510+0000] {dagbag.py:588} INFO - Filling up the DagBag from /home/airflow/.local/lib/python3.12/site-packages/airflow/example_dags/tutorial_dag.py
[2024-11-25T02:05:34.518+0000] {processor.py:925} INFO - DAG(s) 'tutorial_dag' retrieved from /home/airflow/.local/lib/python3.12/site-packages/airflow/example_dags/tutorial_dag.py
[2024-11-25T02:05:34.538+0000] {logging_mixin.py:190} INFO - [2024-11-25T02:05:34.537+0000] {dag.py:3239} INFO - Sync 1 DAGs
[2024-11-25T02:05:34.552+0000] {logging_mixin.py:190} INFO - [2024-11-25T02:05:34.552+0000] {dag.py:4180} INFO - Setting next_dagrun for tutorial_dag to None, run_after=None
[2024-11-25T02:05:34.571+0000] {processor.py:208} INFO - Processing /home/airflow/.local/lib/python3.12/site-packages/airflow/example_dags/tutorial_dag.py took 0.069 seconds
[2024-11-25T02:06:04.653+0000] {processor.py:186} INFO - Started process (PID=1448) to work on /home/airflow/.local/lib/python3.12/site-packages/airflow/example_dags/tutorial_dag.py
[2024-11-25T02:06:04.655+0000] {processor.py:914} INFO - Processing file /home/airflow/.local/lib/python3.12/site-packages/airflow/example_dags/tutorial_dag.py for tasks to queue
[2024-11-25T02:06:04.659+0000] {logging_mixin.py:190} INFO - [2024-11-25T02:06:04.658+0000] {dagbag.py:588} INFO - Filling up the DagBag from /home/airflow/.local/lib/python3.12/site-packages/airflow/example_dags/tutorial_dag.py
[2024-11-25T02:06:04.670+0000] {processor.py:925} INFO - DAG(s) 'tutorial_dag' retrieved from /home/airflow/.local/lib/python3.12/site-packages/airflow/example_dags/tutorial_dag.py
[2024-11-25T02:06:04.701+0000] {logging_mixin.py:190} INFO - [2024-11-25T02:06:04.700+0000] {dag.py:3239} INFO - Sync 1 DAGs
[2024-11-25T02:06:04.723+0000] {logging_mixin.py:190} INFO - [2024-11-25T02:06:04.723+0000] {dag.py:4180} INFO - Setting next_dagrun for tutorial_dag to None, run_after=None
[2024-11-25T02:06:04.747+0000] {processor.py:208} INFO - Processing /home/airflow/.local/lib/python3.12/site-packages/airflow/example_dags/tutorial_dag.py took 0.105 seconds
[2024-11-25T02:06:35.878+0000] {processor.py:186} INFO - Started process (PID=1513) to work on /home/airflow/.local/lib/python3.12/site-packages/airflow/example_dags/tutorial_dag.py
[2024-11-25T02:06:35.879+0000] {processor.py:914} INFO - Processing file /home/airflow/.local/lib/python3.12/site-packages/airflow/example_dags/tutorial_dag.py for tasks to queue
[2024-11-25T02:06:35.882+0000] {logging_mixin.py:190} INFO - [2024-11-25T02:06:35.881+0000] {dagbag.py:588} INFO - Filling up the DagBag from /home/airflow/.local/lib/python3.12/site-packages/airflow/example_dags/tutorial_dag.py
[2024-11-25T02:06:35.892+0000] {processor.py:925} INFO - DAG(s) 'tutorial_dag' retrieved from /home/airflow/.local/lib/python3.12/site-packages/airflow/example_dags/tutorial_dag.py
[2024-11-25T02:06:35.913+0000] {logging_mixin.py:190} INFO - [2024-11-25T02:06:35.913+0000] {dag.py:3239} INFO - Sync 1 DAGs
[2024-11-25T02:06:35.933+0000] {logging_mixin.py:190} INFO - [2024-11-25T02:06:35.933+0000] {dag.py:4180} INFO - Setting next_dagrun for tutorial_dag to None, run_after=None
[2024-11-25T02:06:35.959+0000] {processor.py:208} INFO - Processing /home/airflow/.local/lib/python3.12/site-packages/airflow/example_dags/tutorial_dag.py took 0.089 seconds
[2024-11-25T02:07:07.008+0000] {processor.py:186} INFO - Started process (PID=1577) to work on /home/airflow/.local/lib/python3.12/site-packages/airflow/example_dags/tutorial_dag.py
[2024-11-25T02:07:07.010+0000] {processor.py:914} INFO - Processing file /home/airflow/.local/lib/python3.12/site-packages/airflow/example_dags/tutorial_dag.py for tasks to queue
[2024-11-25T02:07:07.013+0000] {logging_mixin.py:190} INFO - [2024-11-25T02:07:07.013+0000] {dagbag.py:588} INFO - Filling up the DagBag from /home/airflow/.local/lib/python3.12/site-packages/airflow/example_dags/tutorial_dag.py
[2024-11-25T02:07:07.025+0000] {processor.py:925} INFO - DAG(s) 'tutorial_dag' retrieved from /home/airflow/.local/lib/python3.12/site-packages/airflow/example_dags/tutorial_dag.py
[2024-11-25T02:07:07.045+0000] {logging_mixin.py:190} INFO - [2024-11-25T02:07:07.045+0000] {dag.py:3239} INFO - Sync 1 DAGs
[2024-11-25T02:07:07.063+0000] {logging_mixin.py:190} INFO - [2024-11-25T02:07:07.062+0000] {dag.py:4180} INFO - Setting next_dagrun for tutorial_dag to None, run_after=None
[2024-11-25T02:07:07.084+0000] {processor.py:208} INFO - Processing /home/airflow/.local/lib/python3.12/site-packages/airflow/example_dags/tutorial_dag.py took 0.084 seconds
[2024-11-25T02:07:38.315+0000] {processor.py:186} INFO - Started process (PID=1641) to work on /home/airflow/.local/lib/python3.12/site-packages/airflow/example_dags/tutorial_dag.py
[2024-11-25T02:07:38.317+0000] {processor.py:914} INFO - Processing file /home/airflow/.local/lib/python3.12/site-packages/airflow/example_dags/tutorial_dag.py for tasks to queue
[2024-11-25T02:07:38.319+0000] {logging_mixin.py:190} INFO - [2024-11-25T02:07:38.319+0000] {dagbag.py:588} INFO - Filling up the DagBag from /home/airflow/.local/lib/python3.12/site-packages/airflow/example_dags/tutorial_dag.py
[2024-11-25T02:07:38.329+0000] {processor.py:925} INFO - DAG(s) 'tutorial_dag' retrieved from /home/airflow/.local/lib/python3.12/site-packages/airflow/example_dags/tutorial_dag.py
[2024-11-25T02:07:38.351+0000] {logging_mixin.py:190} INFO - [2024-11-25T02:07:38.351+0000] {dag.py:3239} INFO - Sync 1 DAGs
[2024-11-25T02:07:38.369+0000] {logging_mixin.py:190} INFO - [2024-11-25T02:07:38.369+0000] {dag.py:4180} INFO - Setting next_dagrun for tutorial_dag to None, run_after=None
[2024-11-25T02:07:38.396+0000] {processor.py:208} INFO - Processing /home/airflow/.local/lib/python3.12/site-packages/airflow/example_dags/tutorial_dag.py took 0.087 seconds
[2024-11-25T02:08:08.862+0000] {processor.py:186} INFO - Started process (PID=1704) to work on /home/airflow/.local/lib/python3.12/site-packages/airflow/example_dags/tutorial_dag.py
[2024-11-25T02:08:08.863+0000] {processor.py:914} INFO - Processing file /home/airflow/.local/lib/python3.12/site-packages/airflow/example_dags/tutorial_dag.py for tasks to queue
[2024-11-25T02:08:08.866+0000] {logging_mixin.py:190} INFO - [2024-11-25T02:08:08.866+0000] {dagbag.py:588} INFO - Filling up the DagBag from /home/airflow/.local/lib/python3.12/site-packages/airflow/example_dags/tutorial_dag.py
[2024-11-25T02:08:08.877+0000] {processor.py:925} INFO - DAG(s) 'tutorial_dag' retrieved from /home/airflow/.local/lib/python3.12/site-packages/airflow/example_dags/tutorial_dag.py
[2024-11-25T02:08:08.898+0000] {logging_mixin.py:190} INFO - [2024-11-25T02:08:08.897+0000] {dag.py:3239} INFO - Sync 1 DAGs
[2024-11-25T02:08:08.913+0000] {logging_mixin.py:190} INFO - [2024-11-25T02:08:08.913+0000] {dag.py:4180} INFO - Setting next_dagrun for tutorial_dag to None, run_after=None
[2024-11-25T02:08:08.932+0000] {processor.py:208} INFO - Processing /home/airflow/.local/lib/python3.12/site-packages/airflow/example_dags/tutorial_dag.py took 0.078 seconds
[2024-11-25T02:08:39.678+0000] {processor.py:186} INFO - Started process (PID=1768) to work on /home/airflow/.local/lib/python3.12/site-packages/airflow/example_dags/tutorial_dag.py
[2024-11-25T02:08:39.679+0000] {processor.py:914} INFO - Processing file /home/airflow/.local/lib/python3.12/site-packages/airflow/example_dags/tutorial_dag.py for tasks to queue
[2024-11-25T02:08:39.681+0000] {logging_mixin.py:190} INFO - [2024-11-25T02:08:39.681+0000] {dagbag.py:588} INFO - Filling up the DagBag from /home/airflow/.local/lib/python3.12/site-packages/airflow/example_dags/tutorial_dag.py
[2024-11-25T02:08:39.690+0000] {processor.py:925} INFO - DAG(s) 'tutorial_dag' retrieved from /home/airflow/.local/lib/python3.12/site-packages/airflow/example_dags/tutorial_dag.py
[2024-11-25T02:08:39.713+0000] {logging_mixin.py:190} INFO - [2024-11-25T02:08:39.712+0000] {dag.py:3239} INFO - Sync 1 DAGs
[2024-11-25T02:08:39.731+0000] {logging_mixin.py:190} INFO - [2024-11-25T02:08:39.730+0000] {dag.py:4180} INFO - Setting next_dagrun for tutorial_dag to None, run_after=None
[2024-11-25T02:08:39.754+0000] {processor.py:208} INFO - Processing /home/airflow/.local/lib/python3.12/site-packages/airflow/example_dags/tutorial_dag.py took 0.083 seconds
[2024-11-25T02:09:10.606+0000] {processor.py:186} INFO - Started process (PID=1831) to work on /home/airflow/.local/lib/python3.12/site-packages/airflow/example_dags/tutorial_dag.py
[2024-11-25T02:09:10.607+0000] {processor.py:914} INFO - Processing file /home/airflow/.local/lib/python3.12/site-packages/airflow/example_dags/tutorial_dag.py for tasks to queue
[2024-11-25T02:09:10.610+0000] {logging_mixin.py:190} INFO - [2024-11-25T02:09:10.610+0000] {dagbag.py:588} INFO - Filling up the DagBag from /home/airflow/.local/lib/python3.12/site-packages/airflow/example_dags/tutorial_dag.py
[2024-11-25T02:09:10.619+0000] {processor.py:925} INFO - DAG(s) 'tutorial_dag' retrieved from /home/airflow/.local/lib/python3.12/site-packages/airflow/example_dags/tutorial_dag.py
[2024-11-25T02:09:10.636+0000] {logging_mixin.py:190} INFO - [2024-11-25T02:09:10.636+0000] {dag.py:3239} INFO - Sync 1 DAGs
[2024-11-25T02:09:10.654+0000] {logging_mixin.py:190} INFO - [2024-11-25T02:09:10.654+0000] {dag.py:4180} INFO - Setting next_dagrun for tutorial_dag to None, run_after=None
[2024-11-25T02:09:10.679+0000] {processor.py:208} INFO - Processing /home/airflow/.local/lib/python3.12/site-packages/airflow/example_dags/tutorial_dag.py took 0.079 seconds
[2024-11-25T02:09:41.587+0000] {processor.py:186} INFO - Started process (PID=1895) to work on /home/airflow/.local/lib/python3.12/site-packages/airflow/example_dags/tutorial_dag.py
[2024-11-25T02:09:41.588+0000] {processor.py:914} INFO - Processing file /home/airflow/.local/lib/python3.12/site-packages/airflow/example_dags/tutorial_dag.py for tasks to queue
[2024-11-25T02:09:41.591+0000] {logging_mixin.py:190} INFO - [2024-11-25T02:09:41.590+0000] {dagbag.py:588} INFO - Filling up the DagBag from /home/airflow/.local/lib/python3.12/site-packages/airflow/example_dags/tutorial_dag.py
[2024-11-25T02:09:41.598+0000] {processor.py:925} INFO - DAG(s) 'tutorial_dag' retrieved from /home/airflow/.local/lib/python3.12/site-packages/airflow/example_dags/tutorial_dag.py
[2024-11-25T02:09:41.615+0000] {logging_mixin.py:190} INFO - [2024-11-25T02:09:41.615+0000] {dag.py:3239} INFO - Sync 1 DAGs
[2024-11-25T02:09:41.631+0000] {logging_mixin.py:190} INFO - [2024-11-25T02:09:41.631+0000] {dag.py:4180} INFO - Setting next_dagrun for tutorial_dag to None, run_after=None
[2024-11-25T02:09:41.650+0000] {processor.py:208} INFO - Processing /home/airflow/.local/lib/python3.12/site-packages/airflow/example_dags/tutorial_dag.py took 0.069 seconds
[2024-11-25T02:10:12.454+0000] {processor.py:186} INFO - Started process (PID=1959) to work on /home/airflow/.local/lib/python3.12/site-packages/airflow/example_dags/tutorial_dag.py
[2024-11-25T02:10:12.455+0000] {processor.py:914} INFO - Processing file /home/airflow/.local/lib/python3.12/site-packages/airflow/example_dags/tutorial_dag.py for tasks to queue
[2024-11-25T02:10:12.458+0000] {logging_mixin.py:190} INFO - [2024-11-25T02:10:12.457+0000] {dagbag.py:588} INFO - Filling up the DagBag from /home/airflow/.local/lib/python3.12/site-packages/airflow/example_dags/tutorial_dag.py
[2024-11-25T02:10:12.468+0000] {processor.py:925} INFO - DAG(s) 'tutorial_dag' retrieved from /home/airflow/.local/lib/python3.12/site-packages/airflow/example_dags/tutorial_dag.py
[2024-11-25T02:10:12.495+0000] {logging_mixin.py:190} INFO - [2024-11-25T02:10:12.494+0000] {dag.py:3239} INFO - Sync 1 DAGs
[2024-11-25T02:10:12.516+0000] {logging_mixin.py:190} INFO - [2024-11-25T02:10:12.516+0000] {dag.py:4180} INFO - Setting next_dagrun for tutorial_dag to None, run_after=None
[2024-11-25T02:10:12.542+0000] {processor.py:208} INFO - Processing /home/airflow/.local/lib/python3.12/site-packages/airflow/example_dags/tutorial_dag.py took 0.097 seconds
[2024-11-25T02:10:43.854+0000] {processor.py:186} INFO - Started process (PID=2023) to work on /home/airflow/.local/lib/python3.12/site-packages/airflow/example_dags/tutorial_dag.py
[2024-11-25T02:10:43.857+0000] {processor.py:914} INFO - Processing file /home/airflow/.local/lib/python3.12/site-packages/airflow/example_dags/tutorial_dag.py for tasks to queue
[2024-11-25T02:10:43.862+0000] {logging_mixin.py:190} INFO - [2024-11-25T02:10:43.861+0000] {dagbag.py:588} INFO - Filling up the DagBag from /home/airflow/.local/lib/python3.12/site-packages/airflow/example_dags/tutorial_dag.py
[2024-11-25T02:10:43.881+0000] {processor.py:925} INFO - DAG(s) 'tutorial_dag' retrieved from /home/airflow/.local/lib/python3.12/site-packages/airflow/example_dags/tutorial_dag.py
[2024-11-25T02:10:43.930+0000] {logging_mixin.py:190} INFO - [2024-11-25T02:10:43.930+0000] {dag.py:3239} INFO - Sync 1 DAGs
[2024-11-25T02:10:43.976+0000] {logging_mixin.py:190} INFO - [2024-11-25T02:10:43.976+0000] {dag.py:4180} INFO - Setting next_dagrun for tutorial_dag to None, run_after=None
[2024-11-25T02:10:44.047+0000] {processor.py:208} INFO - Processing /home/airflow/.local/lib/python3.12/site-packages/airflow/example_dags/tutorial_dag.py took 0.229 seconds
[2024-11-25T02:11:14.484+0000] {processor.py:186} INFO - Started process (PID=2088) to work on /home/airflow/.local/lib/python3.12/site-packages/airflow/example_dags/tutorial_dag.py
[2024-11-25T02:11:14.485+0000] {processor.py:914} INFO - Processing file /home/airflow/.local/lib/python3.12/site-packages/airflow/example_dags/tutorial_dag.py for tasks to queue
[2024-11-25T02:11:14.488+0000] {logging_mixin.py:190} INFO - [2024-11-25T02:11:14.487+0000] {dagbag.py:588} INFO - Filling up the DagBag from /home/airflow/.local/lib/python3.12/site-packages/airflow/example_dags/tutorial_dag.py
[2024-11-25T02:11:14.495+0000] {processor.py:925} INFO - DAG(s) 'tutorial_dag' retrieved from /home/airflow/.local/lib/python3.12/site-packages/airflow/example_dags/tutorial_dag.py
[2024-11-25T02:11:14.516+0000] {logging_mixin.py:190} INFO - [2024-11-25T02:11:14.516+0000] {dag.py:3239} INFO - Sync 1 DAGs
[2024-11-25T02:11:14.533+0000] {logging_mixin.py:190} INFO - [2024-11-25T02:11:14.533+0000] {dag.py:4180} INFO - Setting next_dagrun for tutorial_dag to None, run_after=None
[2024-11-25T02:11:14.556+0000] {processor.py:208} INFO - Processing /home/airflow/.local/lib/python3.12/site-packages/airflow/example_dags/tutorial_dag.py took 0.079 seconds
[2024-11-25T02:11:45.210+0000] {processor.py:186} INFO - Started process (PID=2152) to work on /home/airflow/.local/lib/python3.12/site-packages/airflow/example_dags/tutorial_dag.py
[2024-11-25T02:11:45.212+0000] {processor.py:914} INFO - Processing file /home/airflow/.local/lib/python3.12/site-packages/airflow/example_dags/tutorial_dag.py for tasks to queue
[2024-11-25T02:11:45.215+0000] {logging_mixin.py:190} INFO - [2024-11-25T02:11:45.215+0000] {dagbag.py:588} INFO - Filling up the DagBag from /home/airflow/.local/lib/python3.12/site-packages/airflow/example_dags/tutorial_dag.py
[2024-11-25T02:11:45.229+0000] {processor.py:925} INFO - DAG(s) 'tutorial_dag' retrieved from /home/airflow/.local/lib/python3.12/site-packages/airflow/example_dags/tutorial_dag.py
[2024-11-25T02:11:45.267+0000] {logging_mixin.py:190} INFO - [2024-11-25T02:11:45.266+0000] {dag.py:3239} INFO - Sync 1 DAGs
[2024-11-25T02:11:45.294+0000] {logging_mixin.py:190} INFO - [2024-11-25T02:11:45.294+0000] {dag.py:4180} INFO - Setting next_dagrun for tutorial_dag to None, run_after=None
[2024-11-25T02:11:45.329+0000] {processor.py:208} INFO - Processing /home/airflow/.local/lib/python3.12/site-packages/airflow/example_dags/tutorial_dag.py took 0.129 seconds
[2024-11-25T02:12:15.605+0000] {processor.py:186} INFO - Started process (PID=2216) to work on /home/airflow/.local/lib/python3.12/site-packages/airflow/example_dags/tutorial_dag.py
[2024-11-25T02:12:15.607+0000] {processor.py:914} INFO - Processing file /home/airflow/.local/lib/python3.12/site-packages/airflow/example_dags/tutorial_dag.py for tasks to queue
[2024-11-25T02:12:15.613+0000] {logging_mixin.py:190} INFO - [2024-11-25T02:12:15.612+0000] {dagbag.py:588} INFO - Filling up the DagBag from /home/airflow/.local/lib/python3.12/site-packages/airflow/example_dags/tutorial_dag.py
[2024-11-25T02:12:15.639+0000] {processor.py:925} INFO - DAG(s) 'tutorial_dag' retrieved from /home/airflow/.local/lib/python3.12/site-packages/airflow/example_dags/tutorial_dag.py
[2024-11-25T02:12:15.684+0000] {logging_mixin.py:190} INFO - [2024-11-25T02:12:15.684+0000] {dag.py:3239} INFO - Sync 1 DAGs
[2024-11-25T02:12:15.703+0000] {logging_mixin.py:190} INFO - [2024-11-25T02:12:15.703+0000] {dag.py:4180} INFO - Setting next_dagrun for tutorial_dag to None, run_after=None
[2024-11-25T02:12:15.741+0000] {processor.py:208} INFO - Processing /home/airflow/.local/lib/python3.12/site-packages/airflow/example_dags/tutorial_dag.py took 0.156 seconds
[2024-11-25T02:12:45.924+0000] {processor.py:186} INFO - Started process (PID=2280) to work on /home/airflow/.local/lib/python3.12/site-packages/airflow/example_dags/tutorial_dag.py
[2024-11-25T02:12:45.925+0000] {processor.py:914} INFO - Processing file /home/airflow/.local/lib/python3.12/site-packages/airflow/example_dags/tutorial_dag.py for tasks to queue
[2024-11-25T02:12:45.927+0000] {logging_mixin.py:190} INFO - [2024-11-25T02:12:45.927+0000] {dagbag.py:588} INFO - Filling up the DagBag from /home/airflow/.local/lib/python3.12/site-packages/airflow/example_dags/tutorial_dag.py
[2024-11-25T02:12:45.935+0000] {processor.py:925} INFO - DAG(s) 'tutorial_dag' retrieved from /home/airflow/.local/lib/python3.12/site-packages/airflow/example_dags/tutorial_dag.py
[2024-11-25T02:12:45.952+0000] {logging_mixin.py:190} INFO - [2024-11-25T02:12:45.952+0000] {dag.py:3239} INFO - Sync 1 DAGs
[2024-11-25T02:12:45.968+0000] {logging_mixin.py:190} INFO - [2024-11-25T02:12:45.968+0000] {dag.py:4180} INFO - Setting next_dagrun for tutorial_dag to None, run_after=None
[2024-11-25T02:12:45.987+0000] {processor.py:208} INFO - Processing /home/airflow/.local/lib/python3.12/site-packages/airflow/example_dags/tutorial_dag.py took 0.069 seconds
[2024-11-25T02:13:16.337+0000] {processor.py:186} INFO - Started process (PID=2344) to work on /home/airflow/.local/lib/python3.12/site-packages/airflow/example_dags/tutorial_dag.py
[2024-11-25T02:13:16.338+0000] {processor.py:914} INFO - Processing file /home/airflow/.local/lib/python3.12/site-packages/airflow/example_dags/tutorial_dag.py for tasks to queue
[2024-11-25T02:13:16.341+0000] {logging_mixin.py:190} INFO - [2024-11-25T02:13:16.340+0000] {dagbag.py:588} INFO - Filling up the DagBag from /home/airflow/.local/lib/python3.12/site-packages/airflow/example_dags/tutorial_dag.py
[2024-11-25T02:13:16.348+0000] {processor.py:925} INFO - DAG(s) 'tutorial_dag' retrieved from /home/airflow/.local/lib/python3.12/site-packages/airflow/example_dags/tutorial_dag.py
[2024-11-25T02:13:16.366+0000] {logging_mixin.py:190} INFO - [2024-11-25T02:13:16.366+0000] {dag.py:3239} INFO - Sync 1 DAGs
[2024-11-25T02:13:16.386+0000] {logging_mixin.py:190} INFO - [2024-11-25T02:13:16.386+0000] {dag.py:4180} INFO - Setting next_dagrun for tutorial_dag to None, run_after=None
[2024-11-25T02:13:16.406+0000] {processor.py:208} INFO - Processing /home/airflow/.local/lib/python3.12/site-packages/airflow/example_dags/tutorial_dag.py took 0.075 seconds
[2024-11-25T02:13:46.805+0000] {processor.py:186} INFO - Started process (PID=2407) to work on /home/airflow/.local/lib/python3.12/site-packages/airflow/example_dags/tutorial_dag.py
[2024-11-25T02:13:46.807+0000] {processor.py:914} INFO - Processing file /home/airflow/.local/lib/python3.12/site-packages/airflow/example_dags/tutorial_dag.py for tasks to queue
[2024-11-25T02:13:46.812+0000] {logging_mixin.py:190} INFO - [2024-11-25T02:13:46.811+0000] {dagbag.py:588} INFO - Filling up the DagBag from /home/airflow/.local/lib/python3.12/site-packages/airflow/example_dags/tutorial_dag.py
[2024-11-25T02:13:46.825+0000] {processor.py:925} INFO - DAG(s) 'tutorial_dag' retrieved from /home/airflow/.local/lib/python3.12/site-packages/airflow/example_dags/tutorial_dag.py
[2024-11-25T02:13:46.850+0000] {logging_mixin.py:190} INFO - [2024-11-25T02:13:46.849+0000] {dag.py:3239} INFO - Sync 1 DAGs
[2024-11-25T02:13:46.879+0000] {logging_mixin.py:190} INFO - [2024-11-25T02:13:46.878+0000] {dag.py:4180} INFO - Setting next_dagrun for tutorial_dag to None, run_after=None
[2024-11-25T02:13:46.912+0000] {processor.py:208} INFO - Processing /home/airflow/.local/lib/python3.12/site-packages/airflow/example_dags/tutorial_dag.py took 0.115 seconds
[2024-11-25T02:14:17.618+0000] {processor.py:186} INFO - Started process (PID=2471) to work on /home/airflow/.local/lib/python3.12/site-packages/airflow/example_dags/tutorial_dag.py
[2024-11-25T02:14:17.620+0000] {processor.py:914} INFO - Processing file /home/airflow/.local/lib/python3.12/site-packages/airflow/example_dags/tutorial_dag.py for tasks to queue
[2024-11-25T02:14:17.624+0000] {logging_mixin.py:190} INFO - [2024-11-25T02:14:17.623+0000] {dagbag.py:588} INFO - Filling up the DagBag from /home/airflow/.local/lib/python3.12/site-packages/airflow/example_dags/tutorial_dag.py
[2024-11-25T02:14:17.637+0000] {processor.py:925} INFO - DAG(s) 'tutorial_dag' retrieved from /home/airflow/.local/lib/python3.12/site-packages/airflow/example_dags/tutorial_dag.py
[2024-11-25T02:14:17.660+0000] {logging_mixin.py:190} INFO - [2024-11-25T02:14:17.659+0000] {dag.py:3239} INFO - Sync 1 DAGs
[2024-11-25T02:14:17.681+0000] {logging_mixin.py:190} INFO - [2024-11-25T02:14:17.680+0000] {dag.py:4180} INFO - Setting next_dagrun for tutorial_dag to None, run_after=None
[2024-11-25T02:14:17.700+0000] {processor.py:208} INFO - Processing /home/airflow/.local/lib/python3.12/site-packages/airflow/example_dags/tutorial_dag.py took 0.091 seconds
[2024-11-25T02:14:48.772+0000] {processor.py:186} INFO - Started process (PID=2535) to work on /home/airflow/.local/lib/python3.12/site-packages/airflow/example_dags/tutorial_dag.py
[2024-11-25T02:14:48.773+0000] {processor.py:914} INFO - Processing file /home/airflow/.local/lib/python3.12/site-packages/airflow/example_dags/tutorial_dag.py for tasks to queue
[2024-11-25T02:14:48.777+0000] {logging_mixin.py:190} INFO - [2024-11-25T02:14:48.777+0000] {dagbag.py:588} INFO - Filling up the DagBag from /home/airflow/.local/lib/python3.12/site-packages/airflow/example_dags/tutorial_dag.py
[2024-11-25T02:14:48.791+0000] {processor.py:925} INFO - DAG(s) 'tutorial_dag' retrieved from /home/airflow/.local/lib/python3.12/site-packages/airflow/example_dags/tutorial_dag.py
[2024-11-25T02:14:48.830+0000] {logging_mixin.py:190} INFO - [2024-11-25T02:14:48.828+0000] {dag.py:3239} INFO - Sync 1 DAGs
[2024-11-25T02:14:48.913+0000] {logging_mixin.py:190} INFO - [2024-11-25T02:14:48.913+0000] {dag.py:4180} INFO - Setting next_dagrun for tutorial_dag to None, run_after=None
[2024-11-25T02:14:49.413+0000] {processor.py:208} INFO - Processing /home/airflow/.local/lib/python3.12/site-packages/airflow/example_dags/tutorial_dag.py took 0.652 seconds
[2024-11-25T02:15:20.476+0000] {processor.py:186} INFO - Started process (PID=2600) to work on /home/airflow/.local/lib/python3.12/site-packages/airflow/example_dags/tutorial_dag.py
[2024-11-25T02:15:20.477+0000] {processor.py:914} INFO - Processing file /home/airflow/.local/lib/python3.12/site-packages/airflow/example_dags/tutorial_dag.py for tasks to queue
[2024-11-25T02:15:20.480+0000] {logging_mixin.py:190} INFO - [2024-11-25T02:15:20.479+0000] {dagbag.py:588} INFO - Filling up the DagBag from /home/airflow/.local/lib/python3.12/site-packages/airflow/example_dags/tutorial_dag.py
[2024-11-25T02:15:20.490+0000] {processor.py:925} INFO - DAG(s) 'tutorial_dag' retrieved from /home/airflow/.local/lib/python3.12/site-packages/airflow/example_dags/tutorial_dag.py
[2024-11-25T02:15:20.510+0000] {logging_mixin.py:190} INFO - [2024-11-25T02:15:20.510+0000] {dag.py:3239} INFO - Sync 1 DAGs
[2024-11-25T02:15:20.526+0000] {logging_mixin.py:190} INFO - [2024-11-25T02:15:20.526+0000] {dag.py:4180} INFO - Setting next_dagrun for tutorial_dag to None, run_after=None
[2024-11-25T02:15:20.549+0000] {processor.py:208} INFO - Processing /home/airflow/.local/lib/python3.12/site-packages/airflow/example_dags/tutorial_dag.py took 0.086 seconds
[2024-11-25T02:15:50.626+0000] {processor.py:186} INFO - Started process (PID=2664) to work on /home/airflow/.local/lib/python3.12/site-packages/airflow/example_dags/tutorial_dag.py
[2024-11-25T02:15:50.627+0000] {processor.py:914} INFO - Processing file /home/airflow/.local/lib/python3.12/site-packages/airflow/example_dags/tutorial_dag.py for tasks to queue
[2024-11-25T02:15:50.629+0000] {logging_mixin.py:190} INFO - [2024-11-25T02:15:50.629+0000] {dagbag.py:588} INFO - Filling up the DagBag from /home/airflow/.local/lib/python3.12/site-packages/airflow/example_dags/tutorial_dag.py
[2024-11-25T02:15:50.637+0000] {processor.py:925} INFO - DAG(s) 'tutorial_dag' retrieved from /home/airflow/.local/lib/python3.12/site-packages/airflow/example_dags/tutorial_dag.py
[2024-11-25T02:15:50.657+0000] {logging_mixin.py:190} INFO - [2024-11-25T02:15:50.657+0000] {dag.py:3239} INFO - Sync 1 DAGs
[2024-11-25T02:15:50.674+0000] {logging_mixin.py:190} INFO - [2024-11-25T02:15:50.674+0000] {dag.py:4180} INFO - Setting next_dagrun for tutorial_dag to None, run_after=None
[2024-11-25T02:15:50.694+0000] {processor.py:208} INFO - Processing /home/airflow/.local/lib/python3.12/site-packages/airflow/example_dags/tutorial_dag.py took 0.074 seconds
[2024-11-25T02:16:21.014+0000] {processor.py:186} INFO - Started process (PID=2728) to work on /home/airflow/.local/lib/python3.12/site-packages/airflow/example_dags/tutorial_dag.py
[2024-11-25T02:16:21.015+0000] {processor.py:914} INFO - Processing file /home/airflow/.local/lib/python3.12/site-packages/airflow/example_dags/tutorial_dag.py for tasks to queue
[2024-11-25T02:16:21.018+0000] {logging_mixin.py:190} INFO - [2024-11-25T02:16:21.018+0000] {dagbag.py:588} INFO - Filling up the DagBag from /home/airflow/.local/lib/python3.12/site-packages/airflow/example_dags/tutorial_dag.py
[2024-11-25T02:16:21.026+0000] {processor.py:925} INFO - DAG(s) 'tutorial_dag' retrieved from /home/airflow/.local/lib/python3.12/site-packages/airflow/example_dags/tutorial_dag.py
[2024-11-25T02:16:21.049+0000] {logging_mixin.py:190} INFO - [2024-11-25T02:16:21.049+0000] {dag.py:3239} INFO - Sync 1 DAGs
[2024-11-25T02:16:21.075+0000] {logging_mixin.py:190} INFO - [2024-11-25T02:16:21.074+0000] {dag.py:4180} INFO - Setting next_dagrun for tutorial_dag to None, run_after=None
[2024-11-25T02:16:21.097+0000] {processor.py:208} INFO - Processing /home/airflow/.local/lib/python3.12/site-packages/airflow/example_dags/tutorial_dag.py took 0.092 seconds
