[2024-11-25T01:55:22.379+0000] {processor.py:186} INFO - Started process (PID=97) to work on /home/airflow/.local/lib/python3.12/site-packages/airflow/example_dags/tutorial_taskflow_api.py
[2024-11-25T01:55:22.381+0000] {processor.py:914} INFO - Processing file /home/airflow/.local/lib/python3.12/site-packages/airflow/example_dags/tutorial_taskflow_api.py for tasks to queue
[2024-11-25T01:55:22.386+0000] {logging_mixin.py:190} INFO - [2024-11-25T01:55:22.386+0000] {dagbag.py:588} INFO - Filling up the DagBag from /home/airflow/.local/lib/python3.12/site-packages/airflow/example_dags/tutorial_taskflow_api.py
[2024-11-25T01:55:22.415+0000] {processor.py:925} INFO - DAG(s) 'tutorial_taskflow_api' retrieved from /home/airflow/.local/lib/python3.12/site-packages/airflow/example_dags/tutorial_taskflow_api.py
[2024-11-25T01:55:22.487+0000] {logging_mixin.py:190} INFO - [2024-11-25T01:55:22.486+0000] {dag.py:3239} INFO - Sync 1 DAGs
[2024-11-25T01:55:22.523+0000] {logging_mixin.py:190} INFO - [2024-11-25T01:55:22.521+0000] {dag.py:4180} INFO - Setting next_dagrun for tutorial_taskflow_api to None, run_after=None
[2024-11-25T01:55:22.579+0000] {processor.py:208} INFO - Processing /home/airflow/.local/lib/python3.12/site-packages/airflow/example_dags/tutorial_taskflow_api.py took 0.209 seconds
[2024-11-25T01:55:53.371+0000] {processor.py:186} INFO - Started process (PID=163) to work on /home/airflow/.local/lib/python3.12/site-packages/airflow/example_dags/tutorial_taskflow_api.py
[2024-11-25T01:55:53.372+0000] {processor.py:914} INFO - Processing file /home/airflow/.local/lib/python3.12/site-packages/airflow/example_dags/tutorial_taskflow_api.py for tasks to queue
[2024-11-25T01:55:53.374+0000] {logging_mixin.py:190} INFO - [2024-11-25T01:55:53.374+0000] {dagbag.py:588} INFO - Filling up the DagBag from /home/airflow/.local/lib/python3.12/site-packages/airflow/example_dags/tutorial_taskflow_api.py
[2024-11-25T01:55:53.383+0000] {processor.py:925} INFO - DAG(s) 'tutorial_taskflow_api' retrieved from /home/airflow/.local/lib/python3.12/site-packages/airflow/example_dags/tutorial_taskflow_api.py
[2024-11-25T01:55:53.401+0000] {logging_mixin.py:190} INFO - [2024-11-25T01:55:53.401+0000] {dag.py:3239} INFO - Sync 1 DAGs
[2024-11-25T01:55:53.417+0000] {logging_mixin.py:190} INFO - [2024-11-25T01:55:53.417+0000] {dag.py:4180} INFO - Setting next_dagrun for tutorial_taskflow_api to None, run_after=None
[2024-11-25T01:55:53.436+0000] {processor.py:208} INFO - Processing /home/airflow/.local/lib/python3.12/site-packages/airflow/example_dags/tutorial_taskflow_api.py took 0.070 seconds
[2024-11-25T01:56:24.631+0000] {processor.py:186} INFO - Started process (PID=227) to work on /home/airflow/.local/lib/python3.12/site-packages/airflow/example_dags/tutorial_taskflow_api.py
[2024-11-25T01:56:24.632+0000] {processor.py:914} INFO - Processing file /home/airflow/.local/lib/python3.12/site-packages/airflow/example_dags/tutorial_taskflow_api.py for tasks to queue
[2024-11-25T01:56:24.635+0000] {logging_mixin.py:190} INFO - [2024-11-25T01:56:24.634+0000] {dagbag.py:588} INFO - Filling up the DagBag from /home/airflow/.local/lib/python3.12/site-packages/airflow/example_dags/tutorial_taskflow_api.py
[2024-11-25T01:56:24.644+0000] {processor.py:925} INFO - DAG(s) 'tutorial_taskflow_api' retrieved from /home/airflow/.local/lib/python3.12/site-packages/airflow/example_dags/tutorial_taskflow_api.py
[2024-11-25T01:56:24.666+0000] {logging_mixin.py:190} INFO - [2024-11-25T01:56:24.666+0000] {dag.py:3239} INFO - Sync 1 DAGs
[2024-11-25T01:56:24.683+0000] {logging_mixin.py:190} INFO - [2024-11-25T01:56:24.683+0000] {dag.py:4180} INFO - Setting next_dagrun for tutorial_taskflow_api to None, run_after=None
[2024-11-25T01:56:24.705+0000] {processor.py:208} INFO - Processing /home/airflow/.local/lib/python3.12/site-packages/airflow/example_dags/tutorial_taskflow_api.py took 0.079 seconds
[2024-11-25T01:56:59.154+0000] {processor.py:186} INFO - Started process (PID=291) to work on /home/airflow/.local/lib/python3.12/site-packages/airflow/example_dags/tutorial_taskflow_api.py
[2024-11-25T01:56:59.156+0000] {processor.py:914} INFO - Processing file /home/airflow/.local/lib/python3.12/site-packages/airflow/example_dags/tutorial_taskflow_api.py for tasks to queue
[2024-11-25T01:56:59.171+0000] {logging_mixin.py:190} INFO - [2024-11-25T01:56:59.170+0000] {dagbag.py:588} INFO - Filling up the DagBag from /home/airflow/.local/lib/python3.12/site-packages/airflow/example_dags/tutorial_taskflow_api.py
[2024-11-25T01:56:59.214+0000] {processor.py:925} INFO - DAG(s) 'tutorial_taskflow_api' retrieved from /home/airflow/.local/lib/python3.12/site-packages/airflow/example_dags/tutorial_taskflow_api.py
[2024-11-25T01:56:59.281+0000] {logging_mixin.py:190} INFO - [2024-11-25T01:56:59.280+0000] {dag.py:3239} INFO - Sync 1 DAGs
[2024-11-25T01:56:59.357+0000] {logging_mixin.py:190} INFO - [2024-11-25T01:56:59.357+0000] {dag.py:4180} INFO - Setting next_dagrun for tutorial_taskflow_api to None, run_after=None
[2024-11-25T01:56:59.430+0000] {processor.py:208} INFO - Processing /home/airflow/.local/lib/python3.12/site-packages/airflow/example_dags/tutorial_taskflow_api.py took 0.298 seconds
[2024-11-25T01:57:29.690+0000] {processor.py:186} INFO - Started process (PID=355) to work on /home/airflow/.local/lib/python3.12/site-packages/airflow/example_dags/tutorial_taskflow_api.py
[2024-11-25T01:57:29.692+0000] {processor.py:914} INFO - Processing file /home/airflow/.local/lib/python3.12/site-packages/airflow/example_dags/tutorial_taskflow_api.py for tasks to queue
[2024-11-25T01:57:29.695+0000] {logging_mixin.py:190} INFO - [2024-11-25T01:57:29.694+0000] {dagbag.py:588} INFO - Filling up the DagBag from /home/airflow/.local/lib/python3.12/site-packages/airflow/example_dags/tutorial_taskflow_api.py
[2024-11-25T01:57:29.707+0000] {processor.py:925} INFO - DAG(s) 'tutorial_taskflow_api' retrieved from /home/airflow/.local/lib/python3.12/site-packages/airflow/example_dags/tutorial_taskflow_api.py
[2024-11-25T01:57:29.734+0000] {logging_mixin.py:190} INFO - [2024-11-25T01:57:29.734+0000] {dag.py:3239} INFO - Sync 1 DAGs
[2024-11-25T01:57:29.761+0000] {logging_mixin.py:190} INFO - [2024-11-25T01:57:29.761+0000] {dag.py:4180} INFO - Setting next_dagrun for tutorial_taskflow_api to None, run_after=None
[2024-11-25T01:57:29.788+0000] {processor.py:208} INFO - Processing /home/airflow/.local/lib/python3.12/site-packages/airflow/example_dags/tutorial_taskflow_api.py took 0.106 seconds
[2024-11-25T01:57:59.891+0000] {processor.py:186} INFO - Started process (PID=418) to work on /home/airflow/.local/lib/python3.12/site-packages/airflow/example_dags/tutorial_taskflow_api.py
[2024-11-25T01:57:59.892+0000] {processor.py:914} INFO - Processing file /home/airflow/.local/lib/python3.12/site-packages/airflow/example_dags/tutorial_taskflow_api.py for tasks to queue
[2024-11-25T01:57:59.896+0000] {logging_mixin.py:190} INFO - [2024-11-25T01:57:59.895+0000] {dagbag.py:588} INFO - Filling up the DagBag from /home/airflow/.local/lib/python3.12/site-packages/airflow/example_dags/tutorial_taskflow_api.py
[2024-11-25T01:57:59.914+0000] {processor.py:925} INFO - DAG(s) 'tutorial_taskflow_api' retrieved from /home/airflow/.local/lib/python3.12/site-packages/airflow/example_dags/tutorial_taskflow_api.py
[2024-11-25T01:57:59.936+0000] {logging_mixin.py:190} INFO - [2024-11-25T01:57:59.936+0000] {dag.py:3239} INFO - Sync 1 DAGs
[2024-11-25T01:57:59.953+0000] {logging_mixin.py:190} INFO - [2024-11-25T01:57:59.953+0000] {dag.py:4180} INFO - Setting next_dagrun for tutorial_taskflow_api to None, run_after=None
[2024-11-25T01:57:59.971+0000] {processor.py:208} INFO - Processing /home/airflow/.local/lib/python3.12/site-packages/airflow/example_dags/tutorial_taskflow_api.py took 0.088 seconds
[2024-11-25T01:58:30.325+0000] {processor.py:186} INFO - Started process (PID=488) to work on /home/airflow/.local/lib/python3.12/site-packages/airflow/example_dags/tutorial_taskflow_api.py
[2024-11-25T01:58:30.326+0000] {processor.py:914} INFO - Processing file /home/airflow/.local/lib/python3.12/site-packages/airflow/example_dags/tutorial_taskflow_api.py for tasks to queue
[2024-11-25T01:58:30.328+0000] {logging_mixin.py:190} INFO - [2024-11-25T01:58:30.328+0000] {dagbag.py:588} INFO - Filling up the DagBag from /home/airflow/.local/lib/python3.12/site-packages/airflow/example_dags/tutorial_taskflow_api.py
[2024-11-25T01:58:30.336+0000] {processor.py:925} INFO - DAG(s) 'tutorial_taskflow_api' retrieved from /home/airflow/.local/lib/python3.12/site-packages/airflow/example_dags/tutorial_taskflow_api.py
[2024-11-25T01:58:30.352+0000] {logging_mixin.py:190} INFO - [2024-11-25T01:58:30.352+0000] {dag.py:3239} INFO - Sync 1 DAGs
[2024-11-25T01:58:30.366+0000] {logging_mixin.py:190} INFO - [2024-11-25T01:58:30.366+0000] {dag.py:4180} INFO - Setting next_dagrun for tutorial_taskflow_api to None, run_after=None
[2024-11-25T01:58:30.384+0000] {processor.py:208} INFO - Processing /home/airflow/.local/lib/python3.12/site-packages/airflow/example_dags/tutorial_taskflow_api.py took 0.065 seconds
[2024-11-25T01:59:01.136+0000] {processor.py:186} INFO - Started process (PID=552) to work on /home/airflow/.local/lib/python3.12/site-packages/airflow/example_dags/tutorial_taskflow_api.py
[2024-11-25T01:59:01.137+0000] {processor.py:914} INFO - Processing file /home/airflow/.local/lib/python3.12/site-packages/airflow/example_dags/tutorial_taskflow_api.py for tasks to queue
[2024-11-25T01:59:01.140+0000] {logging_mixin.py:190} INFO - [2024-11-25T01:59:01.140+0000] {dagbag.py:588} INFO - Filling up the DagBag from /home/airflow/.local/lib/python3.12/site-packages/airflow/example_dags/tutorial_taskflow_api.py
[2024-11-25T01:59:01.149+0000] {processor.py:925} INFO - DAG(s) 'tutorial_taskflow_api' retrieved from /home/airflow/.local/lib/python3.12/site-packages/airflow/example_dags/tutorial_taskflow_api.py
[2024-11-25T01:59:01.169+0000] {logging_mixin.py:190} INFO - [2024-11-25T01:59:01.169+0000] {dag.py:3239} INFO - Sync 1 DAGs
[2024-11-25T01:59:01.190+0000] {logging_mixin.py:190} INFO - [2024-11-25T01:59:01.190+0000] {dag.py:4180} INFO - Setting next_dagrun for tutorial_taskflow_api to None, run_after=None
[2024-11-25T01:59:01.211+0000] {processor.py:208} INFO - Processing /home/airflow/.local/lib/python3.12/site-packages/airflow/example_dags/tutorial_taskflow_api.py took 0.083 seconds
[2024-11-25T01:59:31.300+0000] {processor.py:186} INFO - Started process (PID=616) to work on /home/airflow/.local/lib/python3.12/site-packages/airflow/example_dags/tutorial_taskflow_api.py
[2024-11-25T01:59:31.301+0000] {processor.py:914} INFO - Processing file /home/airflow/.local/lib/python3.12/site-packages/airflow/example_dags/tutorial_taskflow_api.py for tasks to queue
[2024-11-25T01:59:31.303+0000] {logging_mixin.py:190} INFO - [2024-11-25T01:59:31.303+0000] {dagbag.py:588} INFO - Filling up the DagBag from /home/airflow/.local/lib/python3.12/site-packages/airflow/example_dags/tutorial_taskflow_api.py
[2024-11-25T01:59:31.310+0000] {processor.py:925} INFO - DAG(s) 'tutorial_taskflow_api' retrieved from /home/airflow/.local/lib/python3.12/site-packages/airflow/example_dags/tutorial_taskflow_api.py
[2024-11-25T01:59:31.329+0000] {logging_mixin.py:190} INFO - [2024-11-25T01:59:31.329+0000] {dag.py:3239} INFO - Sync 1 DAGs
[2024-11-25T01:59:31.345+0000] {logging_mixin.py:190} INFO - [2024-11-25T01:59:31.345+0000] {dag.py:4180} INFO - Setting next_dagrun for tutorial_taskflow_api to None, run_after=None
[2024-11-25T01:59:31.367+0000] {processor.py:208} INFO - Processing /home/airflow/.local/lib/python3.12/site-packages/airflow/example_dags/tutorial_taskflow_api.py took 0.071 seconds
[2024-11-25T02:00:01.718+0000] {processor.py:186} INFO - Started process (PID=680) to work on /home/airflow/.local/lib/python3.12/site-packages/airflow/example_dags/tutorial_taskflow_api.py
[2024-11-25T02:00:01.719+0000] {processor.py:914} INFO - Processing file /home/airflow/.local/lib/python3.12/site-packages/airflow/example_dags/tutorial_taskflow_api.py for tasks to queue
[2024-11-25T02:00:01.721+0000] {logging_mixin.py:190} INFO - [2024-11-25T02:00:01.721+0000] {dagbag.py:588} INFO - Filling up the DagBag from /home/airflow/.local/lib/python3.12/site-packages/airflow/example_dags/tutorial_taskflow_api.py
[2024-11-25T02:00:01.730+0000] {processor.py:925} INFO - DAG(s) 'tutorial_taskflow_api' retrieved from /home/airflow/.local/lib/python3.12/site-packages/airflow/example_dags/tutorial_taskflow_api.py
[2024-11-25T02:00:01.748+0000] {logging_mixin.py:190} INFO - [2024-11-25T02:00:01.748+0000] {dag.py:3239} INFO - Sync 1 DAGs
[2024-11-25T02:00:01.765+0000] {logging_mixin.py:190} INFO - [2024-11-25T02:00:01.764+0000] {dag.py:4180} INFO - Setting next_dagrun for tutorial_taskflow_api to None, run_after=None
[2024-11-25T02:00:01.784+0000] {processor.py:208} INFO - Processing /home/airflow/.local/lib/python3.12/site-packages/airflow/example_dags/tutorial_taskflow_api.py took 0.071 seconds
[2024-11-25T02:00:32.279+0000] {processor.py:186} INFO - Started process (PID=748) to work on /home/airflow/.local/lib/python3.12/site-packages/airflow/example_dags/tutorial_taskflow_api.py
[2024-11-25T02:00:32.281+0000] {processor.py:914} INFO - Processing file /home/airflow/.local/lib/python3.12/site-packages/airflow/example_dags/tutorial_taskflow_api.py for tasks to queue
[2024-11-25T02:00:32.284+0000] {logging_mixin.py:190} INFO - [2024-11-25T02:00:32.283+0000] {dagbag.py:588} INFO - Filling up the DagBag from /home/airflow/.local/lib/python3.12/site-packages/airflow/example_dags/tutorial_taskflow_api.py
[2024-11-25T02:00:32.298+0000] {processor.py:925} INFO - DAG(s) 'tutorial_taskflow_api' retrieved from /home/airflow/.local/lib/python3.12/site-packages/airflow/example_dags/tutorial_taskflow_api.py
[2024-11-25T02:00:32.328+0000] {logging_mixin.py:190} INFO - [2024-11-25T02:00:32.327+0000] {dag.py:3239} INFO - Sync 1 DAGs
[2024-11-25T02:00:32.352+0000] {logging_mixin.py:190} INFO - [2024-11-25T02:00:32.352+0000] {dag.py:4180} INFO - Setting next_dagrun for tutorial_taskflow_api to None, run_after=None
[2024-11-25T02:00:32.371+0000] {processor.py:208} INFO - Processing /home/airflow/.local/lib/python3.12/site-packages/airflow/example_dags/tutorial_taskflow_api.py took 0.099 seconds
[2024-11-25T02:01:02.897+0000] {processor.py:186} INFO - Started process (PID=812) to work on /home/airflow/.local/lib/python3.12/site-packages/airflow/example_dags/tutorial_taskflow_api.py
[2024-11-25T02:01:02.898+0000] {processor.py:914} INFO - Processing file /home/airflow/.local/lib/python3.12/site-packages/airflow/example_dags/tutorial_taskflow_api.py for tasks to queue
[2024-11-25T02:01:02.900+0000] {logging_mixin.py:190} INFO - [2024-11-25T02:01:02.900+0000] {dagbag.py:588} INFO - Filling up the DagBag from /home/airflow/.local/lib/python3.12/site-packages/airflow/example_dags/tutorial_taskflow_api.py
[2024-11-25T02:01:02.908+0000] {processor.py:925} INFO - DAG(s) 'tutorial_taskflow_api' retrieved from /home/airflow/.local/lib/python3.12/site-packages/airflow/example_dags/tutorial_taskflow_api.py
[2024-11-25T02:01:02.924+0000] {logging_mixin.py:190} INFO - [2024-11-25T02:01:02.924+0000] {dag.py:3239} INFO - Sync 1 DAGs
[2024-11-25T02:01:02.937+0000] {logging_mixin.py:190} INFO - [2024-11-25T02:01:02.937+0000] {dag.py:4180} INFO - Setting next_dagrun for tutorial_taskflow_api to None, run_after=None
[2024-11-25T02:01:02.953+0000] {processor.py:208} INFO - Processing /home/airflow/.local/lib/python3.12/site-packages/airflow/example_dags/tutorial_taskflow_api.py took 0.062 seconds
[2024-11-25T02:01:33.305+0000] {processor.py:186} INFO - Started process (PID=876) to work on /home/airflow/.local/lib/python3.12/site-packages/airflow/example_dags/tutorial_taskflow_api.py
[2024-11-25T02:01:33.306+0000] {processor.py:914} INFO - Processing file /home/airflow/.local/lib/python3.12/site-packages/airflow/example_dags/tutorial_taskflow_api.py for tasks to queue
[2024-11-25T02:01:33.310+0000] {logging_mixin.py:190} INFO - [2024-11-25T02:01:33.309+0000] {dagbag.py:588} INFO - Filling up the DagBag from /home/airflow/.local/lib/python3.12/site-packages/airflow/example_dags/tutorial_taskflow_api.py
[2024-11-25T02:01:33.321+0000] {processor.py:925} INFO - DAG(s) 'tutorial_taskflow_api' retrieved from /home/airflow/.local/lib/python3.12/site-packages/airflow/example_dags/tutorial_taskflow_api.py
[2024-11-25T02:01:33.343+0000] {logging_mixin.py:190} INFO - [2024-11-25T02:01:33.343+0000] {dag.py:3239} INFO - Sync 1 DAGs
[2024-11-25T02:01:33.361+0000] {logging_mixin.py:190} INFO - [2024-11-25T02:01:33.361+0000] {dag.py:4180} INFO - Setting next_dagrun for tutorial_taskflow_api to None, run_after=None
[2024-11-25T02:01:33.382+0000] {processor.py:208} INFO - Processing /home/airflow/.local/lib/python3.12/site-packages/airflow/example_dags/tutorial_taskflow_api.py took 0.085 seconds
[2024-11-25T02:02:03.662+0000] {processor.py:186} INFO - Started process (PID=940) to work on /home/airflow/.local/lib/python3.12/site-packages/airflow/example_dags/tutorial_taskflow_api.py
[2024-11-25T02:02:03.663+0000] {processor.py:914} INFO - Processing file /home/airflow/.local/lib/python3.12/site-packages/airflow/example_dags/tutorial_taskflow_api.py for tasks to queue
[2024-11-25T02:02:03.665+0000] {logging_mixin.py:190} INFO - [2024-11-25T02:02:03.664+0000] {dagbag.py:588} INFO - Filling up the DagBag from /home/airflow/.local/lib/python3.12/site-packages/airflow/example_dags/tutorial_taskflow_api.py
[2024-11-25T02:02:03.673+0000] {processor.py:925} INFO - DAG(s) 'tutorial_taskflow_api' retrieved from /home/airflow/.local/lib/python3.12/site-packages/airflow/example_dags/tutorial_taskflow_api.py
[2024-11-25T02:02:03.690+0000] {logging_mixin.py:190} INFO - [2024-11-25T02:02:03.690+0000] {dag.py:3239} INFO - Sync 1 DAGs
[2024-11-25T02:02:03.706+0000] {logging_mixin.py:190} INFO - [2024-11-25T02:02:03.705+0000] {dag.py:4180} INFO - Setting next_dagrun for tutorial_taskflow_api to None, run_after=None
[2024-11-25T02:02:03.723+0000] {processor.py:208} INFO - Processing /home/airflow/.local/lib/python3.12/site-packages/airflow/example_dags/tutorial_taskflow_api.py took 0.066 seconds
[2024-11-25T02:02:33.891+0000] {processor.py:186} INFO - Started process (PID=1004) to work on /home/airflow/.local/lib/python3.12/site-packages/airflow/example_dags/tutorial_taskflow_api.py
[2024-11-25T02:02:33.892+0000] {processor.py:914} INFO - Processing file /home/airflow/.local/lib/python3.12/site-packages/airflow/example_dags/tutorial_taskflow_api.py for tasks to queue
[2024-11-25T02:02:33.895+0000] {logging_mixin.py:190} INFO - [2024-11-25T02:02:33.894+0000] {dagbag.py:588} INFO - Filling up the DagBag from /home/airflow/.local/lib/python3.12/site-packages/airflow/example_dags/tutorial_taskflow_api.py
[2024-11-25T02:02:33.904+0000] {processor.py:925} INFO - DAG(s) 'tutorial_taskflow_api' retrieved from /home/airflow/.local/lib/python3.12/site-packages/airflow/example_dags/tutorial_taskflow_api.py
[2024-11-25T02:02:33.925+0000] {logging_mixin.py:190} INFO - [2024-11-25T02:02:33.925+0000] {dag.py:3239} INFO - Sync 1 DAGs
[2024-11-25T02:02:33.942+0000] {logging_mixin.py:190} INFO - [2024-11-25T02:02:33.942+0000] {dag.py:4180} INFO - Setting next_dagrun for tutorial_taskflow_api to None, run_after=None
[2024-11-25T02:02:33.960+0000] {processor.py:208} INFO - Processing /home/airflow/.local/lib/python3.12/site-packages/airflow/example_dags/tutorial_taskflow_api.py took 0.075 seconds
[2024-11-25T02:03:04.624+0000] {processor.py:186} INFO - Started process (PID=1069) to work on /home/airflow/.local/lib/python3.12/site-packages/airflow/example_dags/tutorial_taskflow_api.py
[2024-11-25T02:03:04.626+0000] {processor.py:914} INFO - Processing file /home/airflow/.local/lib/python3.12/site-packages/airflow/example_dags/tutorial_taskflow_api.py for tasks to queue
[2024-11-25T02:03:04.629+0000] {logging_mixin.py:190} INFO - [2024-11-25T02:03:04.628+0000] {dagbag.py:588} INFO - Filling up the DagBag from /home/airflow/.local/lib/python3.12/site-packages/airflow/example_dags/tutorial_taskflow_api.py
[2024-11-25T02:03:04.640+0000] {processor.py:925} INFO - DAG(s) 'tutorial_taskflow_api' retrieved from /home/airflow/.local/lib/python3.12/site-packages/airflow/example_dags/tutorial_taskflow_api.py
[2024-11-25T02:03:04.661+0000] {logging_mixin.py:190} INFO - [2024-11-25T02:03:04.661+0000] {dag.py:3239} INFO - Sync 1 DAGs
[2024-11-25T02:03:04.680+0000] {logging_mixin.py:190} INFO - [2024-11-25T02:03:04.680+0000] {dag.py:4180} INFO - Setting next_dagrun for tutorial_taskflow_api to None, run_after=None
[2024-11-25T02:03:04.705+0000] {processor.py:208} INFO - Processing /home/airflow/.local/lib/python3.12/site-packages/airflow/example_dags/tutorial_taskflow_api.py took 0.087 seconds
[2024-11-25T02:03:34.880+0000] {processor.py:186} INFO - Started process (PID=1133) to work on /home/airflow/.local/lib/python3.12/site-packages/airflow/example_dags/tutorial_taskflow_api.py
[2024-11-25T02:03:34.881+0000] {processor.py:914} INFO - Processing file /home/airflow/.local/lib/python3.12/site-packages/airflow/example_dags/tutorial_taskflow_api.py for tasks to queue
[2024-11-25T02:03:34.884+0000] {logging_mixin.py:190} INFO - [2024-11-25T02:03:34.883+0000] {dagbag.py:588} INFO - Filling up the DagBag from /home/airflow/.local/lib/python3.12/site-packages/airflow/example_dags/tutorial_taskflow_api.py
[2024-11-25T02:03:34.893+0000] {processor.py:925} INFO - DAG(s) 'tutorial_taskflow_api' retrieved from /home/airflow/.local/lib/python3.12/site-packages/airflow/example_dags/tutorial_taskflow_api.py
[2024-11-25T02:03:34.912+0000] {logging_mixin.py:190} INFO - [2024-11-25T02:03:34.911+0000] {dag.py:3239} INFO - Sync 1 DAGs
[2024-11-25T02:03:34.929+0000] {logging_mixin.py:190} INFO - [2024-11-25T02:03:34.929+0000] {dag.py:4180} INFO - Setting next_dagrun for tutorial_taskflow_api to None, run_after=None
[2024-11-25T02:03:34.949+0000] {processor.py:208} INFO - Processing /home/airflow/.local/lib/python3.12/site-packages/airflow/example_dags/tutorial_taskflow_api.py took 0.075 seconds
[2024-11-25T02:04:05.533+0000] {processor.py:186} INFO - Started process (PID=1197) to work on /home/airflow/.local/lib/python3.12/site-packages/airflow/example_dags/tutorial_taskflow_api.py
[2024-11-25T02:04:05.534+0000] {processor.py:914} INFO - Processing file /home/airflow/.local/lib/python3.12/site-packages/airflow/example_dags/tutorial_taskflow_api.py for tasks to queue
[2024-11-25T02:04:05.536+0000] {logging_mixin.py:190} INFO - [2024-11-25T02:04:05.536+0000] {dagbag.py:588} INFO - Filling up the DagBag from /home/airflow/.local/lib/python3.12/site-packages/airflow/example_dags/tutorial_taskflow_api.py
[2024-11-25T02:04:05.546+0000] {processor.py:925} INFO - DAG(s) 'tutorial_taskflow_api' retrieved from /home/airflow/.local/lib/python3.12/site-packages/airflow/example_dags/tutorial_taskflow_api.py
[2024-11-25T02:04:05.573+0000] {logging_mixin.py:190} INFO - [2024-11-25T02:04:05.572+0000] {dag.py:3239} INFO - Sync 1 DAGs
[2024-11-25T02:04:05.611+0000] {logging_mixin.py:190} INFO - [2024-11-25T02:04:05.611+0000] {dag.py:4180} INFO - Setting next_dagrun for tutorial_taskflow_api to None, run_after=None
[2024-11-25T02:04:05.641+0000] {processor.py:208} INFO - Processing /home/airflow/.local/lib/python3.12/site-packages/airflow/example_dags/tutorial_taskflow_api.py took 0.115 seconds
[2024-11-25T02:04:35.815+0000] {processor.py:186} INFO - Started process (PID=1261) to work on /home/airflow/.local/lib/python3.12/site-packages/airflow/example_dags/tutorial_taskflow_api.py
[2024-11-25T02:04:35.817+0000] {processor.py:914} INFO - Processing file /home/airflow/.local/lib/python3.12/site-packages/airflow/example_dags/tutorial_taskflow_api.py for tasks to queue
[2024-11-25T02:04:35.820+0000] {logging_mixin.py:190} INFO - [2024-11-25T02:04:35.820+0000] {dagbag.py:588} INFO - Filling up the DagBag from /home/airflow/.local/lib/python3.12/site-packages/airflow/example_dags/tutorial_taskflow_api.py
[2024-11-25T02:04:35.832+0000] {processor.py:925} INFO - DAG(s) 'tutorial_taskflow_api' retrieved from /home/airflow/.local/lib/python3.12/site-packages/airflow/example_dags/tutorial_taskflow_api.py
[2024-11-25T02:04:35.859+0000] {logging_mixin.py:190} INFO - [2024-11-25T02:04:35.859+0000] {dag.py:3239} INFO - Sync 1 DAGs
[2024-11-25T02:04:35.876+0000] {logging_mixin.py:190} INFO - [2024-11-25T02:04:35.876+0000] {dag.py:4180} INFO - Setting next_dagrun for tutorial_taskflow_api to None, run_after=None
[2024-11-25T02:04:35.897+0000] {processor.py:208} INFO - Processing /home/airflow/.local/lib/python3.12/site-packages/airflow/example_dags/tutorial_taskflow_api.py took 0.091 seconds
[2024-11-25T02:05:05.984+0000] {processor.py:186} INFO - Started process (PID=1325) to work on /home/airflow/.local/lib/python3.12/site-packages/airflow/example_dags/tutorial_taskflow_api.py
[2024-11-25T02:05:05.984+0000] {processor.py:914} INFO - Processing file /home/airflow/.local/lib/python3.12/site-packages/airflow/example_dags/tutorial_taskflow_api.py for tasks to queue
[2024-11-25T02:05:05.987+0000] {logging_mixin.py:190} INFO - [2024-11-25T02:05:05.987+0000] {dagbag.py:588} INFO - Filling up the DagBag from /home/airflow/.local/lib/python3.12/site-packages/airflow/example_dags/tutorial_taskflow_api.py
[2024-11-25T02:05:05.996+0000] {processor.py:925} INFO - DAG(s) 'tutorial_taskflow_api' retrieved from /home/airflow/.local/lib/python3.12/site-packages/airflow/example_dags/tutorial_taskflow_api.py
[2024-11-25T02:05:06.016+0000] {logging_mixin.py:190} INFO - [2024-11-25T02:05:06.015+0000] {dag.py:3239} INFO - Sync 1 DAGs
[2024-11-25T02:05:06.034+0000] {logging_mixin.py:190} INFO - [2024-11-25T02:05:06.034+0000] {dag.py:4180} INFO - Setting next_dagrun for tutorial_taskflow_api to None, run_after=None
[2024-11-25T02:05:06.054+0000] {processor.py:208} INFO - Processing /home/airflow/.local/lib/python3.12/site-packages/airflow/example_dags/tutorial_taskflow_api.py took 0.077 seconds
[2024-11-25T02:05:36.782+0000] {processor.py:186} INFO - Started process (PID=1389) to work on /home/airflow/.local/lib/python3.12/site-packages/airflow/example_dags/tutorial_taskflow_api.py
[2024-11-25T02:05:36.783+0000] {processor.py:914} INFO - Processing file /home/airflow/.local/lib/python3.12/site-packages/airflow/example_dags/tutorial_taskflow_api.py for tasks to queue
[2024-11-25T02:05:36.786+0000] {logging_mixin.py:190} INFO - [2024-11-25T02:05:36.786+0000] {dagbag.py:588} INFO - Filling up the DagBag from /home/airflow/.local/lib/python3.12/site-packages/airflow/example_dags/tutorial_taskflow_api.py
[2024-11-25T02:05:36.795+0000] {processor.py:925} INFO - DAG(s) 'tutorial_taskflow_api' retrieved from /home/airflow/.local/lib/python3.12/site-packages/airflow/example_dags/tutorial_taskflow_api.py
[2024-11-25T02:05:36.811+0000] {logging_mixin.py:190} INFO - [2024-11-25T02:05:36.810+0000] {dag.py:3239} INFO - Sync 1 DAGs
[2024-11-25T02:05:36.824+0000] {logging_mixin.py:190} INFO - [2024-11-25T02:05:36.824+0000] {dag.py:4180} INFO - Setting next_dagrun for tutorial_taskflow_api to None, run_after=None
[2024-11-25T02:05:36.841+0000] {processor.py:208} INFO - Processing /home/airflow/.local/lib/python3.12/site-packages/airflow/example_dags/tutorial_taskflow_api.py took 0.064 seconds
[2024-11-25T02:06:07.042+0000] {processor.py:186} INFO - Started process (PID=1453) to work on /home/airflow/.local/lib/python3.12/site-packages/airflow/example_dags/tutorial_taskflow_api.py
[2024-11-25T02:06:07.043+0000] {processor.py:914} INFO - Processing file /home/airflow/.local/lib/python3.12/site-packages/airflow/example_dags/tutorial_taskflow_api.py for tasks to queue
[2024-11-25T02:06:07.046+0000] {logging_mixin.py:190} INFO - [2024-11-25T02:06:07.045+0000] {dagbag.py:588} INFO - Filling up the DagBag from /home/airflow/.local/lib/python3.12/site-packages/airflow/example_dags/tutorial_taskflow_api.py
[2024-11-25T02:06:07.055+0000] {processor.py:925} INFO - DAG(s) 'tutorial_taskflow_api' retrieved from /home/airflow/.local/lib/python3.12/site-packages/airflow/example_dags/tutorial_taskflow_api.py
[2024-11-25T02:06:07.072+0000] {logging_mixin.py:190} INFO - [2024-11-25T02:06:07.072+0000] {dag.py:3239} INFO - Sync 1 DAGs
[2024-11-25T02:06:07.085+0000] {logging_mixin.py:190} INFO - [2024-11-25T02:06:07.085+0000] {dag.py:4180} INFO - Setting next_dagrun for tutorial_taskflow_api to None, run_after=None
[2024-11-25T02:06:07.102+0000] {processor.py:208} INFO - Processing /home/airflow/.local/lib/python3.12/site-packages/airflow/example_dags/tutorial_taskflow_api.py took 0.066 seconds
[2024-11-25T02:06:37.494+0000] {processor.py:186} INFO - Started process (PID=1518) to work on /home/airflow/.local/lib/python3.12/site-packages/airflow/example_dags/tutorial_taskflow_api.py
[2024-11-25T02:06:37.496+0000] {processor.py:914} INFO - Processing file /home/airflow/.local/lib/python3.12/site-packages/airflow/example_dags/tutorial_taskflow_api.py for tasks to queue
[2024-11-25T02:06:37.499+0000] {logging_mixin.py:190} INFO - [2024-11-25T02:06:37.499+0000] {dagbag.py:588} INFO - Filling up the DagBag from /home/airflow/.local/lib/python3.12/site-packages/airflow/example_dags/tutorial_taskflow_api.py
[2024-11-25T02:06:37.513+0000] {processor.py:925} INFO - DAG(s) 'tutorial_taskflow_api' retrieved from /home/airflow/.local/lib/python3.12/site-packages/airflow/example_dags/tutorial_taskflow_api.py
[2024-11-25T02:06:37.544+0000] {logging_mixin.py:190} INFO - [2024-11-25T02:06:37.543+0000] {dag.py:3239} INFO - Sync 1 DAGs
[2024-11-25T02:06:37.563+0000] {logging_mixin.py:190} INFO - [2024-11-25T02:06:37.563+0000] {dag.py:4180} INFO - Setting next_dagrun for tutorial_taskflow_api to None, run_after=None
[2024-11-25T02:06:37.595+0000] {processor.py:208} INFO - Processing /home/airflow/.local/lib/python3.12/site-packages/airflow/example_dags/tutorial_taskflow_api.py took 0.110 seconds
[2024-11-25T02:07:08.377+0000] {processor.py:186} INFO - Started process (PID=1582) to work on /home/airflow/.local/lib/python3.12/site-packages/airflow/example_dags/tutorial_taskflow_api.py
[2024-11-25T02:07:08.378+0000] {processor.py:914} INFO - Processing file /home/airflow/.local/lib/python3.12/site-packages/airflow/example_dags/tutorial_taskflow_api.py for tasks to queue
[2024-11-25T02:07:08.381+0000] {logging_mixin.py:190} INFO - [2024-11-25T02:07:08.381+0000] {dagbag.py:588} INFO - Filling up the DagBag from /home/airflow/.local/lib/python3.12/site-packages/airflow/example_dags/tutorial_taskflow_api.py
[2024-11-25T02:07:08.392+0000] {processor.py:925} INFO - DAG(s) 'tutorial_taskflow_api' retrieved from /home/airflow/.local/lib/python3.12/site-packages/airflow/example_dags/tutorial_taskflow_api.py
[2024-11-25T02:07:08.418+0000] {logging_mixin.py:190} INFO - [2024-11-25T02:07:08.417+0000] {dag.py:3239} INFO - Sync 1 DAGs
[2024-11-25T02:07:08.446+0000] {logging_mixin.py:190} INFO - [2024-11-25T02:07:08.446+0000] {dag.py:4180} INFO - Setting next_dagrun for tutorial_taskflow_api to None, run_after=None
[2024-11-25T02:07:08.482+0000] {processor.py:208} INFO - Processing /home/airflow/.local/lib/python3.12/site-packages/airflow/example_dags/tutorial_taskflow_api.py took 0.112 seconds
[2024-11-25T02:07:38.733+0000] {processor.py:186} INFO - Started process (PID=1646) to work on /home/airflow/.local/lib/python3.12/site-packages/airflow/example_dags/tutorial_taskflow_api.py
[2024-11-25T02:07:38.734+0000] {processor.py:914} INFO - Processing file /home/airflow/.local/lib/python3.12/site-packages/airflow/example_dags/tutorial_taskflow_api.py for tasks to queue
[2024-11-25T02:07:38.735+0000] {logging_mixin.py:190} INFO - [2024-11-25T02:07:38.735+0000] {dagbag.py:588} INFO - Filling up the DagBag from /home/airflow/.local/lib/python3.12/site-packages/airflow/example_dags/tutorial_taskflow_api.py
[2024-11-25T02:07:38.743+0000] {processor.py:925} INFO - DAG(s) 'tutorial_taskflow_api' retrieved from /home/airflow/.local/lib/python3.12/site-packages/airflow/example_dags/tutorial_taskflow_api.py
[2024-11-25T02:07:38.761+0000] {logging_mixin.py:190} INFO - [2024-11-25T02:07:38.760+0000] {dag.py:3239} INFO - Sync 1 DAGs
[2024-11-25T02:07:38.774+0000] {logging_mixin.py:190} INFO - [2024-11-25T02:07:38.774+0000] {dag.py:4180} INFO - Setting next_dagrun for tutorial_taskflow_api to None, run_after=None
[2024-11-25T02:07:38.792+0000] {processor.py:208} INFO - Processing /home/airflow/.local/lib/python3.12/site-packages/airflow/example_dags/tutorial_taskflow_api.py took 0.064 seconds
[2024-11-25T02:08:09.490+0000] {processor.py:186} INFO - Started process (PID=1710) to work on /home/airflow/.local/lib/python3.12/site-packages/airflow/example_dags/tutorial_taskflow_api.py
[2024-11-25T02:08:09.491+0000] {processor.py:914} INFO - Processing file /home/airflow/.local/lib/python3.12/site-packages/airflow/example_dags/tutorial_taskflow_api.py for tasks to queue
[2024-11-25T02:08:09.494+0000] {logging_mixin.py:190} INFO - [2024-11-25T02:08:09.493+0000] {dagbag.py:588} INFO - Filling up the DagBag from /home/airflow/.local/lib/python3.12/site-packages/airflow/example_dags/tutorial_taskflow_api.py
[2024-11-25T02:08:09.503+0000] {processor.py:925} INFO - DAG(s) 'tutorial_taskflow_api' retrieved from /home/airflow/.local/lib/python3.12/site-packages/airflow/example_dags/tutorial_taskflow_api.py
[2024-11-25T02:08:09.524+0000] {logging_mixin.py:190} INFO - [2024-11-25T02:08:09.524+0000] {dag.py:3239} INFO - Sync 1 DAGs
[2024-11-25T02:08:09.542+0000] {logging_mixin.py:190} INFO - [2024-11-25T02:08:09.542+0000] {dag.py:4180} INFO - Setting next_dagrun for tutorial_taskflow_api to None, run_after=None
[2024-11-25T02:08:09.562+0000] {processor.py:208} INFO - Processing /home/airflow/.local/lib/python3.12/site-packages/airflow/example_dags/tutorial_taskflow_api.py took 0.080 seconds
[2024-11-25T02:08:40.318+0000] {processor.py:186} INFO - Started process (PID=1773) to work on /home/airflow/.local/lib/python3.12/site-packages/airflow/example_dags/tutorial_taskflow_api.py
[2024-11-25T02:08:40.319+0000] {processor.py:914} INFO - Processing file /home/airflow/.local/lib/python3.12/site-packages/airflow/example_dags/tutorial_taskflow_api.py for tasks to queue
[2024-11-25T02:08:40.322+0000] {logging_mixin.py:190} INFO - [2024-11-25T02:08:40.321+0000] {dagbag.py:588} INFO - Filling up the DagBag from /home/airflow/.local/lib/python3.12/site-packages/airflow/example_dags/tutorial_taskflow_api.py
[2024-11-25T02:08:40.331+0000] {processor.py:925} INFO - DAG(s) 'tutorial_taskflow_api' retrieved from /home/airflow/.local/lib/python3.12/site-packages/airflow/example_dags/tutorial_taskflow_api.py
[2024-11-25T02:08:40.351+0000] {logging_mixin.py:190} INFO - [2024-11-25T02:08:40.351+0000] {dag.py:3239} INFO - Sync 1 DAGs
[2024-11-25T02:08:40.367+0000] {logging_mixin.py:190} INFO - [2024-11-25T02:08:40.367+0000] {dag.py:4180} INFO - Setting next_dagrun for tutorial_taskflow_api to None, run_after=None
[2024-11-25T02:08:40.387+0000] {processor.py:208} INFO - Processing /home/airflow/.local/lib/python3.12/site-packages/airflow/example_dags/tutorial_taskflow_api.py took 0.075 seconds
[2024-11-25T02:09:11.027+0000] {processor.py:186} INFO - Started process (PID=1836) to work on /home/airflow/.local/lib/python3.12/site-packages/airflow/example_dags/tutorial_taskflow_api.py
[2024-11-25T02:09:11.028+0000] {processor.py:914} INFO - Processing file /home/airflow/.local/lib/python3.12/site-packages/airflow/example_dags/tutorial_taskflow_api.py for tasks to queue
[2024-11-25T02:09:11.031+0000] {logging_mixin.py:190} INFO - [2024-11-25T02:09:11.030+0000] {dagbag.py:588} INFO - Filling up the DagBag from /home/airflow/.local/lib/python3.12/site-packages/airflow/example_dags/tutorial_taskflow_api.py
[2024-11-25T02:09:11.040+0000] {processor.py:925} INFO - DAG(s) 'tutorial_taskflow_api' retrieved from /home/airflow/.local/lib/python3.12/site-packages/airflow/example_dags/tutorial_taskflow_api.py
[2024-11-25T02:09:11.061+0000] {logging_mixin.py:190} INFO - [2024-11-25T02:09:11.061+0000] {dag.py:3239} INFO - Sync 1 DAGs
[2024-11-25T02:09:11.078+0000] {logging_mixin.py:190} INFO - [2024-11-25T02:09:11.077+0000] {dag.py:4180} INFO - Setting next_dagrun for tutorial_taskflow_api to None, run_after=None
[2024-11-25T02:09:11.096+0000] {processor.py:208} INFO - Processing /home/airflow/.local/lib/python3.12/site-packages/airflow/example_dags/tutorial_taskflow_api.py took 0.076 seconds
[2024-11-25T02:09:41.845+0000] {processor.py:186} INFO - Started process (PID=1900) to work on /home/airflow/.local/lib/python3.12/site-packages/airflow/example_dags/tutorial_taskflow_api.py
[2024-11-25T02:09:41.846+0000] {processor.py:914} INFO - Processing file /home/airflow/.local/lib/python3.12/site-packages/airflow/example_dags/tutorial_taskflow_api.py for tasks to queue
[2024-11-25T02:09:41.848+0000] {logging_mixin.py:190} INFO - [2024-11-25T02:09:41.848+0000] {dagbag.py:588} INFO - Filling up the DagBag from /home/airflow/.local/lib/python3.12/site-packages/airflow/example_dags/tutorial_taskflow_api.py
[2024-11-25T02:09:41.857+0000] {processor.py:925} INFO - DAG(s) 'tutorial_taskflow_api' retrieved from /home/airflow/.local/lib/python3.12/site-packages/airflow/example_dags/tutorial_taskflow_api.py
[2024-11-25T02:09:41.876+0000] {logging_mixin.py:190} INFO - [2024-11-25T02:09:41.876+0000] {dag.py:3239} INFO - Sync 1 DAGs
[2024-11-25T02:09:41.892+0000] {logging_mixin.py:190} INFO - [2024-11-25T02:09:41.892+0000] {dag.py:4180} INFO - Setting next_dagrun for tutorial_taskflow_api to None, run_after=None
[2024-11-25T02:09:41.912+0000] {processor.py:208} INFO - Processing /home/airflow/.local/lib/python3.12/site-packages/airflow/example_dags/tutorial_taskflow_api.py took 0.074 seconds
[2024-11-25T02:10:12.868+0000] {processor.py:186} INFO - Started process (PID=1964) to work on /home/airflow/.local/lib/python3.12/site-packages/airflow/example_dags/tutorial_taskflow_api.py
[2024-11-25T02:10:12.869+0000] {processor.py:914} INFO - Processing file /home/airflow/.local/lib/python3.12/site-packages/airflow/example_dags/tutorial_taskflow_api.py for tasks to queue
[2024-11-25T02:10:12.871+0000] {logging_mixin.py:190} INFO - [2024-11-25T02:10:12.871+0000] {dagbag.py:588} INFO - Filling up the DagBag from /home/airflow/.local/lib/python3.12/site-packages/airflow/example_dags/tutorial_taskflow_api.py
[2024-11-25T02:10:12.879+0000] {processor.py:925} INFO - DAG(s) 'tutorial_taskflow_api' retrieved from /home/airflow/.local/lib/python3.12/site-packages/airflow/example_dags/tutorial_taskflow_api.py
[2024-11-25T02:10:12.897+0000] {logging_mixin.py:190} INFO - [2024-11-25T02:10:12.896+0000] {dag.py:3239} INFO - Sync 1 DAGs
[2024-11-25T02:10:12.910+0000] {logging_mixin.py:190} INFO - [2024-11-25T02:10:12.910+0000] {dag.py:4180} INFO - Setting next_dagrun for tutorial_taskflow_api to None, run_after=None
[2024-11-25T02:10:12.928+0000] {processor.py:208} INFO - Processing /home/airflow/.local/lib/python3.12/site-packages/airflow/example_dags/tutorial_taskflow_api.py took 0.065 seconds
[2024-11-25T02:10:44.473+0000] {processor.py:186} INFO - Started process (PID=2028) to work on /home/airflow/.local/lib/python3.12/site-packages/airflow/example_dags/tutorial_taskflow_api.py
[2024-11-25T02:10:44.474+0000] {processor.py:914} INFO - Processing file /home/airflow/.local/lib/python3.12/site-packages/airflow/example_dags/tutorial_taskflow_api.py for tasks to queue
[2024-11-25T02:10:44.476+0000] {logging_mixin.py:190} INFO - [2024-11-25T02:10:44.476+0000] {dagbag.py:588} INFO - Filling up the DagBag from /home/airflow/.local/lib/python3.12/site-packages/airflow/example_dags/tutorial_taskflow_api.py
[2024-11-25T02:10:44.485+0000] {processor.py:925} INFO - DAG(s) 'tutorial_taskflow_api' retrieved from /home/airflow/.local/lib/python3.12/site-packages/airflow/example_dags/tutorial_taskflow_api.py
[2024-11-25T02:10:44.507+0000] {logging_mixin.py:190} INFO - [2024-11-25T02:10:44.507+0000] {dag.py:3239} INFO - Sync 1 DAGs
[2024-11-25T02:10:44.526+0000] {logging_mixin.py:190} INFO - [2024-11-25T02:10:44.526+0000] {dag.py:4180} INFO - Setting next_dagrun for tutorial_taskflow_api to None, run_after=None
[2024-11-25T02:10:44.561+0000] {processor.py:208} INFO - Processing /home/airflow/.local/lib/python3.12/site-packages/airflow/example_dags/tutorial_taskflow_api.py took 0.094 seconds
[2024-11-25T02:11:14.801+0000] {processor.py:186} INFO - Started process (PID=2092) to work on /home/airflow/.local/lib/python3.12/site-packages/airflow/example_dags/tutorial_taskflow_api.py
[2024-11-25T02:11:14.802+0000] {processor.py:914} INFO - Processing file /home/airflow/.local/lib/python3.12/site-packages/airflow/example_dags/tutorial_taskflow_api.py for tasks to queue
[2024-11-25T02:11:14.804+0000] {logging_mixin.py:190} INFO - [2024-11-25T02:11:14.804+0000] {dagbag.py:588} INFO - Filling up the DagBag from /home/airflow/.local/lib/python3.12/site-packages/airflow/example_dags/tutorial_taskflow_api.py
[2024-11-25T02:11:14.813+0000] {processor.py:925} INFO - DAG(s) 'tutorial_taskflow_api' retrieved from /home/airflow/.local/lib/python3.12/site-packages/airflow/example_dags/tutorial_taskflow_api.py
[2024-11-25T02:11:14.831+0000] {logging_mixin.py:190} INFO - [2024-11-25T02:11:14.831+0000] {dag.py:3239} INFO - Sync 1 DAGs
[2024-11-25T02:11:14.848+0000] {logging_mixin.py:190} INFO - [2024-11-25T02:11:14.847+0000] {dag.py:4180} INFO - Setting next_dagrun for tutorial_taskflow_api to None, run_after=None
[2024-11-25T02:11:14.868+0000] {processor.py:208} INFO - Processing /home/airflow/.local/lib/python3.12/site-packages/airflow/example_dags/tutorial_taskflow_api.py took 0.073 seconds
[2024-11-25T02:11:45.884+0000] {processor.py:186} INFO - Started process (PID=2157) to work on /home/airflow/.local/lib/python3.12/site-packages/airflow/example_dags/tutorial_taskflow_api.py
[2024-11-25T02:11:45.886+0000] {processor.py:914} INFO - Processing file /home/airflow/.local/lib/python3.12/site-packages/airflow/example_dags/tutorial_taskflow_api.py for tasks to queue
[2024-11-25T02:11:45.891+0000] {logging_mixin.py:190} INFO - [2024-11-25T02:11:45.890+0000] {dagbag.py:588} INFO - Filling up the DagBag from /home/airflow/.local/lib/python3.12/site-packages/airflow/example_dags/tutorial_taskflow_api.py
[2024-11-25T02:11:45.908+0000] {processor.py:925} INFO - DAG(s) 'tutorial_taskflow_api' retrieved from /home/airflow/.local/lib/python3.12/site-packages/airflow/example_dags/tutorial_taskflow_api.py
[2024-11-25T02:11:45.946+0000] {logging_mixin.py:190} INFO - [2024-11-25T02:11:45.946+0000] {dag.py:3239} INFO - Sync 1 DAGs
[2024-11-25T02:11:45.966+0000] {logging_mixin.py:190} INFO - [2024-11-25T02:11:45.965+0000] {dag.py:4180} INFO - Setting next_dagrun for tutorial_taskflow_api to None, run_after=None
[2024-11-25T02:11:46.000+0000] {processor.py:208} INFO - Processing /home/airflow/.local/lib/python3.12/site-packages/airflow/example_dags/tutorial_taskflow_api.py took 0.127 seconds
[2024-11-25T02:12:16.364+0000] {processor.py:186} INFO - Started process (PID=2221) to work on /home/airflow/.local/lib/python3.12/site-packages/airflow/example_dags/tutorial_taskflow_api.py
[2024-11-25T02:12:16.365+0000] {processor.py:914} INFO - Processing file /home/airflow/.local/lib/python3.12/site-packages/airflow/example_dags/tutorial_taskflow_api.py for tasks to queue
[2024-11-25T02:12:16.369+0000] {logging_mixin.py:190} INFO - [2024-11-25T02:12:16.368+0000] {dagbag.py:588} INFO - Filling up the DagBag from /home/airflow/.local/lib/python3.12/site-packages/airflow/example_dags/tutorial_taskflow_api.py
[2024-11-25T02:12:16.392+0000] {processor.py:925} INFO - DAG(s) 'tutorial_taskflow_api' retrieved from /home/airflow/.local/lib/python3.12/site-packages/airflow/example_dags/tutorial_taskflow_api.py
[2024-11-25T02:12:16.420+0000] {logging_mixin.py:190} INFO - [2024-11-25T02:12:16.419+0000] {dag.py:3239} INFO - Sync 1 DAGs
[2024-11-25T02:12:16.444+0000] {logging_mixin.py:190} INFO - [2024-11-25T02:12:16.444+0000] {dag.py:4180} INFO - Setting next_dagrun for tutorial_taskflow_api to None, run_after=None
[2024-11-25T02:12:16.485+0000] {processor.py:208} INFO - Processing /home/airflow/.local/lib/python3.12/site-packages/airflow/example_dags/tutorial_taskflow_api.py took 0.128 seconds
[2024-11-25T02:12:47.493+0000] {processor.py:186} INFO - Started process (PID=2285) to work on /home/airflow/.local/lib/python3.12/site-packages/airflow/example_dags/tutorial_taskflow_api.py
[2024-11-25T02:12:47.494+0000] {processor.py:914} INFO - Processing file /home/airflow/.local/lib/python3.12/site-packages/airflow/example_dags/tutorial_taskflow_api.py for tasks to queue
[2024-11-25T02:12:47.497+0000] {logging_mixin.py:190} INFO - [2024-11-25T02:12:47.497+0000] {dagbag.py:588} INFO - Filling up the DagBag from /home/airflow/.local/lib/python3.12/site-packages/airflow/example_dags/tutorial_taskflow_api.py
[2024-11-25T02:12:47.507+0000] {processor.py:925} INFO - DAG(s) 'tutorial_taskflow_api' retrieved from /home/airflow/.local/lib/python3.12/site-packages/airflow/example_dags/tutorial_taskflow_api.py
[2024-11-25T02:12:47.541+0000] {logging_mixin.py:190} INFO - [2024-11-25T02:12:47.541+0000] {dag.py:3239} INFO - Sync 1 DAGs
[2024-11-25T02:12:47.564+0000] {logging_mixin.py:190} INFO - [2024-11-25T02:12:47.563+0000] {dag.py:4180} INFO - Setting next_dagrun for tutorial_taskflow_api to None, run_after=None
[2024-11-25T02:12:47.589+0000] {processor.py:208} INFO - Processing /home/airflow/.local/lib/python3.12/site-packages/airflow/example_dags/tutorial_taskflow_api.py took 0.102 seconds
[2024-11-25T02:13:17.888+0000] {processor.py:186} INFO - Started process (PID=2349) to work on /home/airflow/.local/lib/python3.12/site-packages/airflow/example_dags/tutorial_taskflow_api.py
[2024-11-25T02:13:17.889+0000] {processor.py:914} INFO - Processing file /home/airflow/.local/lib/python3.12/site-packages/airflow/example_dags/tutorial_taskflow_api.py for tasks to queue
[2024-11-25T02:13:17.891+0000] {logging_mixin.py:190} INFO - [2024-11-25T02:13:17.891+0000] {dagbag.py:588} INFO - Filling up the DagBag from /home/airflow/.local/lib/python3.12/site-packages/airflow/example_dags/tutorial_taskflow_api.py
[2024-11-25T02:13:17.901+0000] {processor.py:925} INFO - DAG(s) 'tutorial_taskflow_api' retrieved from /home/airflow/.local/lib/python3.12/site-packages/airflow/example_dags/tutorial_taskflow_api.py
[2024-11-25T02:13:17.920+0000] {logging_mixin.py:190} INFO - [2024-11-25T02:13:17.920+0000] {dag.py:3239} INFO - Sync 1 DAGs
[2024-11-25T02:13:17.935+0000] {logging_mixin.py:190} INFO - [2024-11-25T02:13:17.934+0000] {dag.py:4180} INFO - Setting next_dagrun for tutorial_taskflow_api to None, run_after=None
[2024-11-25T02:13:17.965+0000] {processor.py:208} INFO - Processing /home/airflow/.local/lib/python3.12/site-packages/airflow/example_dags/tutorial_taskflow_api.py took 0.082 seconds
[2024-11-25T02:13:48.052+0000] {processor.py:186} INFO - Started process (PID=2414) to work on /home/airflow/.local/lib/python3.12/site-packages/airflow/example_dags/tutorial_taskflow_api.py
[2024-11-25T02:13:48.053+0000] {processor.py:914} INFO - Processing file /home/airflow/.local/lib/python3.12/site-packages/airflow/example_dags/tutorial_taskflow_api.py for tasks to queue
[2024-11-25T02:13:48.055+0000] {logging_mixin.py:190} INFO - [2024-11-25T02:13:48.055+0000] {dagbag.py:588} INFO - Filling up the DagBag from /home/airflow/.local/lib/python3.12/site-packages/airflow/example_dags/tutorial_taskflow_api.py
[2024-11-25T02:13:48.064+0000] {processor.py:925} INFO - DAG(s) 'tutorial_taskflow_api' retrieved from /home/airflow/.local/lib/python3.12/site-packages/airflow/example_dags/tutorial_taskflow_api.py
[2024-11-25T02:13:48.085+0000] {logging_mixin.py:190} INFO - [2024-11-25T02:13:48.085+0000] {dag.py:3239} INFO - Sync 1 DAGs
[2024-11-25T02:13:48.100+0000] {logging_mixin.py:190} INFO - [2024-11-25T02:13:48.099+0000] {dag.py:4180} INFO - Setting next_dagrun for tutorial_taskflow_api to None, run_after=None
[2024-11-25T02:13:48.117+0000] {processor.py:208} INFO - Processing /home/airflow/.local/lib/python3.12/site-packages/airflow/example_dags/tutorial_taskflow_api.py took 0.071 seconds
[2024-11-25T02:14:19.047+0000] {processor.py:186} INFO - Started process (PID=2476) to work on /home/airflow/.local/lib/python3.12/site-packages/airflow/example_dags/tutorial_taskflow_api.py
[2024-11-25T02:14:19.048+0000] {processor.py:914} INFO - Processing file /home/airflow/.local/lib/python3.12/site-packages/airflow/example_dags/tutorial_taskflow_api.py for tasks to queue
[2024-11-25T02:14:19.051+0000] {logging_mixin.py:190} INFO - [2024-11-25T02:14:19.051+0000] {dagbag.py:588} INFO - Filling up the DagBag from /home/airflow/.local/lib/python3.12/site-packages/airflow/example_dags/tutorial_taskflow_api.py
[2024-11-25T02:14:19.062+0000] {processor.py:925} INFO - DAG(s) 'tutorial_taskflow_api' retrieved from /home/airflow/.local/lib/python3.12/site-packages/airflow/example_dags/tutorial_taskflow_api.py
[2024-11-25T02:14:19.086+0000] {logging_mixin.py:190} INFO - [2024-11-25T02:14:19.086+0000] {dag.py:3239} INFO - Sync 1 DAGs
[2024-11-25T02:14:19.106+0000] {logging_mixin.py:190} INFO - [2024-11-25T02:14:19.106+0000] {dag.py:4180} INFO - Setting next_dagrun for tutorial_taskflow_api to None, run_after=None
[2024-11-25T02:14:19.127+0000] {processor.py:208} INFO - Processing /home/airflow/.local/lib/python3.12/site-packages/airflow/example_dags/tutorial_taskflow_api.py took 0.086 seconds
[2024-11-25T02:14:50.377+0000] {processor.py:186} INFO - Started process (PID=2540) to work on /home/airflow/.local/lib/python3.12/site-packages/airflow/example_dags/tutorial_taskflow_api.py
[2024-11-25T02:14:50.379+0000] {processor.py:914} INFO - Processing file /home/airflow/.local/lib/python3.12/site-packages/airflow/example_dags/tutorial_taskflow_api.py for tasks to queue
[2024-11-25T02:14:50.383+0000] {logging_mixin.py:190} INFO - [2024-11-25T02:14:50.382+0000] {dagbag.py:588} INFO - Filling up the DagBag from /home/airflow/.local/lib/python3.12/site-packages/airflow/example_dags/tutorial_taskflow_api.py
[2024-11-25T02:14:50.400+0000] {processor.py:925} INFO - DAG(s) 'tutorial_taskflow_api' retrieved from /home/airflow/.local/lib/python3.12/site-packages/airflow/example_dags/tutorial_taskflow_api.py
[2024-11-25T02:14:50.432+0000] {logging_mixin.py:190} INFO - [2024-11-25T02:14:50.431+0000] {dag.py:3239} INFO - Sync 1 DAGs
[2024-11-25T02:14:50.656+0000] {logging_mixin.py:190} INFO - [2024-11-25T02:14:50.655+0000] {dag.py:4180} INFO - Setting next_dagrun for tutorial_taskflow_api to None, run_after=None
[2024-11-25T02:14:50.676+0000] {processor.py:208} INFO - Processing /home/airflow/.local/lib/python3.12/site-packages/airflow/example_dags/tutorial_taskflow_api.py took 0.311 seconds
[2024-11-25T02:15:21.552+0000] {processor.py:186} INFO - Started process (PID=2605) to work on /home/airflow/.local/lib/python3.12/site-packages/airflow/example_dags/tutorial_taskflow_api.py
[2024-11-25T02:15:21.553+0000] {processor.py:914} INFO - Processing file /home/airflow/.local/lib/python3.12/site-packages/airflow/example_dags/tutorial_taskflow_api.py for tasks to queue
[2024-11-25T02:15:21.557+0000] {logging_mixin.py:190} INFO - [2024-11-25T02:15:21.557+0000] {dagbag.py:588} INFO - Filling up the DagBag from /home/airflow/.local/lib/python3.12/site-packages/airflow/example_dags/tutorial_taskflow_api.py
[2024-11-25T02:15:21.569+0000] {processor.py:925} INFO - DAG(s) 'tutorial_taskflow_api' retrieved from /home/airflow/.local/lib/python3.12/site-packages/airflow/example_dags/tutorial_taskflow_api.py
[2024-11-25T02:15:21.595+0000] {logging_mixin.py:190} INFO - [2024-11-25T02:15:21.594+0000] {dag.py:3239} INFO - Sync 1 DAGs
[2024-11-25T02:15:21.616+0000] {logging_mixin.py:190} INFO - [2024-11-25T02:15:21.616+0000] {dag.py:4180} INFO - Setting next_dagrun for tutorial_taskflow_api to None, run_after=None
[2024-11-25T02:15:21.866+0000] {processor.py:208} INFO - Processing /home/airflow/.local/lib/python3.12/site-packages/airflow/example_dags/tutorial_taskflow_api.py took 0.322 seconds
[2024-11-25T02:15:52.619+0000] {processor.py:186} INFO - Started process (PID=2669) to work on /home/airflow/.local/lib/python3.12/site-packages/airflow/example_dags/tutorial_taskflow_api.py
[2024-11-25T02:15:52.620+0000] {processor.py:914} INFO - Processing file /home/airflow/.local/lib/python3.12/site-packages/airflow/example_dags/tutorial_taskflow_api.py for tasks to queue
[2024-11-25T02:15:52.622+0000] {logging_mixin.py:190} INFO - [2024-11-25T02:15:52.622+0000] {dagbag.py:588} INFO - Filling up the DagBag from /home/airflow/.local/lib/python3.12/site-packages/airflow/example_dags/tutorial_taskflow_api.py
[2024-11-25T02:15:52.632+0000] {processor.py:925} INFO - DAG(s) 'tutorial_taskflow_api' retrieved from /home/airflow/.local/lib/python3.12/site-packages/airflow/example_dags/tutorial_taskflow_api.py
[2024-11-25T02:15:52.650+0000] {logging_mixin.py:190} INFO - [2024-11-25T02:15:52.649+0000] {dag.py:3239} INFO - Sync 1 DAGs
[2024-11-25T02:15:52.664+0000] {logging_mixin.py:190} INFO - [2024-11-25T02:15:52.664+0000] {dag.py:4180} INFO - Setting next_dagrun for tutorial_taskflow_api to None, run_after=None
[2024-11-25T02:15:52.686+0000] {processor.py:208} INFO - Processing /home/airflow/.local/lib/python3.12/site-packages/airflow/example_dags/tutorial_taskflow_api.py took 0.072 seconds
[2024-11-25T02:16:23.471+0000] {processor.py:186} INFO - Started process (PID=2733) to work on /home/airflow/.local/lib/python3.12/site-packages/airflow/example_dags/tutorial_taskflow_api.py
[2024-11-25T02:16:23.473+0000] {processor.py:914} INFO - Processing file /home/airflow/.local/lib/python3.12/site-packages/airflow/example_dags/tutorial_taskflow_api.py for tasks to queue
[2024-11-25T02:16:23.476+0000] {logging_mixin.py:190} INFO - [2024-11-25T02:16:23.475+0000] {dagbag.py:588} INFO - Filling up the DagBag from /home/airflow/.local/lib/python3.12/site-packages/airflow/example_dags/tutorial_taskflow_api.py
[2024-11-25T02:16:23.485+0000] {processor.py:925} INFO - DAG(s) 'tutorial_taskflow_api' retrieved from /home/airflow/.local/lib/python3.12/site-packages/airflow/example_dags/tutorial_taskflow_api.py
[2024-11-25T02:16:23.507+0000] {logging_mixin.py:190} INFO - [2024-11-25T02:16:23.507+0000] {dag.py:3239} INFO - Sync 1 DAGs
[2024-11-25T02:16:23.527+0000] {logging_mixin.py:190} INFO - [2024-11-25T02:16:23.527+0000] {dag.py:4180} INFO - Setting next_dagrun for tutorial_taskflow_api to None, run_after=None
[2024-11-25T02:16:23.547+0000] {processor.py:208} INFO - Processing /home/airflow/.local/lib/python3.12/site-packages/airflow/example_dags/tutorial_taskflow_api.py took 0.084 seconds
