[2024-11-25T01:55:07.085+0000] {processor.py:186} INFO - Started process (PID=72) to work on /opt/airflow/dags/etl_airflow.py
[2024-11-25T01:55:07.094+0000] {processor.py:914} INFO - Processing file /opt/airflow/dags/etl_airflow.py for tasks to queue
[2024-11-25T01:55:07.126+0000] {logging_mixin.py:190} INFO - [2024-11-25T01:55:07.118+0000] {dagbag.py:588} INFO - Filling up the DagBag from /opt/airflow/dags/etl_airflow.py
[2024-11-25T01:55:09.578+0000] {processor.py:925} INFO - DAG(s) 'university_ranking_etl' retrieved from /opt/airflow/dags/etl_airflow.py
[2024-11-25T01:55:09.659+0000] {logging_mixin.py:190} INFO - [2024-11-25T01:55:09.658+0000] {dag.py:3239} INFO - Sync 1 DAGs
[2024-11-25T01:55:09.760+0000] {logging_mixin.py:190} INFO - [2024-11-25T01:55:09.760+0000] {dag.py:4180} INFO - Setting next_dagrun for university_ranking_etl to 2024-11-25 00:00:00+00:00, run_after=2024-11-26 00:00:00+00:00
[2024-11-25T01:55:09.833+0000] {processor.py:208} INFO - Processing /opt/airflow/dags/etl_airflow.py took 2.882 seconds
[2024-11-25T01:55:40.074+0000] {processor.py:186} INFO - Started process (PID=142) to work on /opt/airflow/dags/etl_airflow.py
[2024-11-25T01:55:40.076+0000] {processor.py:914} INFO - Processing file /opt/airflow/dags/etl_airflow.py for tasks to queue
[2024-11-25T01:55:40.079+0000] {logging_mixin.py:190} INFO - [2024-11-25T01:55:40.079+0000] {dagbag.py:588} INFO - Filling up the DagBag from /opt/airflow/dags/etl_airflow.py
[2024-11-25T01:55:40.237+0000] {processor.py:925} INFO - DAG(s) 'university_ranking_etl' retrieved from /opt/airflow/dags/etl_airflow.py
[2024-11-25T01:55:40.263+0000] {logging_mixin.py:190} INFO - [2024-11-25T01:55:40.263+0000] {dag.py:3239} INFO - Sync 1 DAGs
[2024-11-25T01:55:40.296+0000] {logging_mixin.py:190} INFO - [2024-11-25T01:55:40.296+0000] {dag.py:4180} INFO - Setting next_dagrun for university_ranking_etl to 2024-11-25 00:00:00+00:00, run_after=2024-11-26 00:00:00+00:00
[2024-11-25T01:55:40.326+0000] {processor.py:208} INFO - Processing /opt/airflow/dags/etl_airflow.py took 0.260 seconds
[2024-11-25T01:56:10.450+0000] {processor.py:186} INFO - Started process (PID=207) to work on /opt/airflow/dags/etl_airflow.py
[2024-11-25T01:56:10.451+0000] {processor.py:914} INFO - Processing file /opt/airflow/dags/etl_airflow.py for tasks to queue
[2024-11-25T01:56:10.453+0000] {logging_mixin.py:190} INFO - [2024-11-25T01:56:10.453+0000] {dagbag.py:588} INFO - Filling up the DagBag from /opt/airflow/dags/etl_airflow.py
[2024-11-25T01:56:10.514+0000] {processor.py:925} INFO - DAG(s) 'university_ranking_etl' retrieved from /opt/airflow/dags/etl_airflow.py
[2024-11-25T01:56:10.532+0000] {logging_mixin.py:190} INFO - [2024-11-25T01:56:10.532+0000] {dag.py:3239} INFO - Sync 1 DAGs
[2024-11-25T01:56:10.553+0000] {logging_mixin.py:190} INFO - [2024-11-25T01:56:10.553+0000] {dag.py:4180} INFO - Setting next_dagrun for university_ranking_etl to 2024-11-25 00:00:00+00:00, run_after=2024-11-26 00:00:00+00:00
[2024-11-25T01:56:10.570+0000] {processor.py:208} INFO - Processing /opt/airflow/dags/etl_airflow.py took 0.125 seconds
[2024-11-25T01:56:41.825+0000] {processor.py:186} INFO - Started process (PID=271) to work on /opt/airflow/dags/etl_airflow.py
[2024-11-25T01:56:41.976+0000] {processor.py:914} INFO - Processing file /opt/airflow/dags/etl_airflow.py for tasks to queue
[2024-11-25T01:56:42.206+0000] {logging_mixin.py:190} INFO - [2024-11-25T01:56:42.205+0000] {dagbag.py:588} INFO - Filling up the DagBag from /opt/airflow/dags/etl_airflow.py
[2024-11-25T01:56:43.041+0000] {processor.py:925} INFO - DAG(s) 'university_ranking_etl' retrieved from /opt/airflow/dags/etl_airflow.py
[2024-11-25T01:56:43.165+0000] {logging_mixin.py:190} INFO - [2024-11-25T01:56:43.165+0000] {dag.py:3239} INFO - Sync 1 DAGs
[2024-11-25T01:56:43.472+0000] {logging_mixin.py:190} INFO - [2024-11-25T01:56:43.472+0000] {dag.py:4180} INFO - Setting next_dagrun for university_ranking_etl to 2024-11-25 00:00:00+00:00, run_after=2024-11-26 00:00:00+00:00
[2024-11-25T01:56:43.632+0000] {processor.py:208} INFO - Processing /opt/airflow/dags/etl_airflow.py took 1.854 seconds
[2024-11-25T01:57:14.067+0000] {processor.py:186} INFO - Started process (PID=335) to work on /opt/airflow/dags/etl_airflow.py
[2024-11-25T01:57:14.068+0000] {processor.py:914} INFO - Processing file /opt/airflow/dags/etl_airflow.py for tasks to queue
[2024-11-25T01:57:14.072+0000] {logging_mixin.py:190} INFO - [2024-11-25T01:57:14.071+0000] {dagbag.py:588} INFO - Filling up the DagBag from /opt/airflow/dags/etl_airflow.py
[2024-11-25T01:57:14.158+0000] {processor.py:925} INFO - DAG(s) 'university_ranking_etl' retrieved from /opt/airflow/dags/etl_airflow.py
[2024-11-25T01:57:14.187+0000] {logging_mixin.py:190} INFO - [2024-11-25T01:57:14.187+0000] {dag.py:3239} INFO - Sync 1 DAGs
[2024-11-25T01:57:14.247+0000] {logging_mixin.py:190} INFO - [2024-11-25T01:57:14.247+0000] {dag.py:4180} INFO - Setting next_dagrun for university_ranking_etl to 2024-11-25 00:00:00+00:00, run_after=2024-11-26 00:00:00+00:00
[2024-11-25T01:57:14.278+0000] {processor.py:208} INFO - Processing /opt/airflow/dags/etl_airflow.py took 0.221 seconds
[2024-11-25T01:57:44.345+0000] {processor.py:186} INFO - Started process (PID=399) to work on /opt/airflow/dags/etl_airflow.py
[2024-11-25T01:57:44.346+0000] {processor.py:914} INFO - Processing file /opt/airflow/dags/etl_airflow.py for tasks to queue
[2024-11-25T01:57:44.348+0000] {logging_mixin.py:190} INFO - [2024-11-25T01:57:44.347+0000] {dagbag.py:588} INFO - Filling up the DagBag from /opt/airflow/dags/etl_airflow.py
[2024-11-25T01:57:44.417+0000] {processor.py:925} INFO - DAG(s) 'university_ranking_etl' retrieved from /opt/airflow/dags/etl_airflow.py
[2024-11-25T01:57:44.435+0000] {logging_mixin.py:190} INFO - [2024-11-25T01:57:44.435+0000] {dag.py:3239} INFO - Sync 1 DAGs
[2024-11-25T01:57:44.459+0000] {logging_mixin.py:190} INFO - [2024-11-25T01:57:44.458+0000] {dag.py:4180} INFO - Setting next_dagrun for university_ranking_etl to 2024-11-25 00:00:00+00:00, run_after=2024-11-26 00:00:00+00:00
[2024-11-25T01:57:44.475+0000] {processor.py:208} INFO - Processing /opt/airflow/dags/etl_airflow.py took 0.135 seconds
[2024-11-25T01:58:15.060+0000] {processor.py:186} INFO - Started process (PID=463) to work on /opt/airflow/dags/etl_airflow.py
[2024-11-25T01:58:15.061+0000] {processor.py:914} INFO - Processing file /opt/airflow/dags/etl_airflow.py for tasks to queue
[2024-11-25T01:58:15.063+0000] {logging_mixin.py:190} INFO - [2024-11-25T01:58:15.063+0000] {dagbag.py:588} INFO - Filling up the DagBag from /opt/airflow/dags/etl_airflow.py
[2024-11-25T01:58:15.146+0000] {processor.py:925} INFO - DAG(s) 'university_ranking_etl' retrieved from /opt/airflow/dags/etl_airflow.py
[2024-11-25T01:58:15.168+0000] {logging_mixin.py:190} INFO - [2024-11-25T01:58:15.168+0000] {dag.py:3239} INFO - Sync 1 DAGs
[2024-11-25T01:58:15.200+0000] {logging_mixin.py:190} INFO - [2024-11-25T01:58:15.200+0000] {dag.py:4180} INFO - Setting next_dagrun for university_ranking_etl to 2024-11-25 00:00:00+00:00, run_after=2024-11-26 00:00:00+00:00
[2024-11-25T01:58:15.223+0000] {processor.py:208} INFO - Processing /opt/airflow/dags/etl_airflow.py took 0.168 seconds
[2024-11-25T01:58:45.803+0000] {processor.py:186} INFO - Started process (PID=527) to work on /opt/airflow/dags/etl_airflow.py
[2024-11-25T01:58:45.804+0000] {processor.py:914} INFO - Processing file /opt/airflow/dags/etl_airflow.py for tasks to queue
[2024-11-25T01:58:45.807+0000] {logging_mixin.py:190} INFO - [2024-11-25T01:58:45.807+0000] {dagbag.py:588} INFO - Filling up the DagBag from /opt/airflow/dags/etl_airflow.py
[2024-11-25T01:58:45.924+0000] {processor.py:925} INFO - DAG(s) 'university_ranking_etl' retrieved from /opt/airflow/dags/etl_airflow.py
[2024-11-25T01:58:45.956+0000] {logging_mixin.py:190} INFO - [2024-11-25T01:58:45.956+0000] {dag.py:3239} INFO - Sync 1 DAGs
[2024-11-25T01:58:46.018+0000] {logging_mixin.py:190} INFO - [2024-11-25T01:58:46.018+0000] {dag.py:4180} INFO - Setting next_dagrun for university_ranking_etl to 2024-11-25 00:00:00+00:00, run_after=2024-11-26 00:00:00+00:00
[2024-11-25T01:58:46.066+0000] {processor.py:208} INFO - Processing /opt/airflow/dags/etl_airflow.py took 0.269 seconds
[2024-11-25T01:59:16.186+0000] {processor.py:186} INFO - Started process (PID=591) to work on /opt/airflow/dags/etl_airflow.py
[2024-11-25T01:59:16.187+0000] {processor.py:914} INFO - Processing file /opt/airflow/dags/etl_airflow.py for tasks to queue
[2024-11-25T01:59:16.189+0000] {logging_mixin.py:190} INFO - [2024-11-25T01:59:16.189+0000] {dagbag.py:588} INFO - Filling up the DagBag from /opt/airflow/dags/etl_airflow.py
[2024-11-25T01:59:16.273+0000] {processor.py:925} INFO - DAG(s) 'university_ranking_etl' retrieved from /opt/airflow/dags/etl_airflow.py
[2024-11-25T01:59:16.292+0000] {logging_mixin.py:190} INFO - [2024-11-25T01:59:16.291+0000] {dag.py:3239} INFO - Sync 1 DAGs
[2024-11-25T01:59:16.318+0000] {logging_mixin.py:190} INFO - [2024-11-25T01:59:16.318+0000] {dag.py:4180} INFO - Setting next_dagrun for university_ranking_etl to 2024-11-25 00:00:00+00:00, run_after=2024-11-26 00:00:00+00:00
[2024-11-25T01:59:16.339+0000] {processor.py:208} INFO - Processing /opt/airflow/dags/etl_airflow.py took 0.159 seconds
[2024-11-25T01:59:46.543+0000] {processor.py:186} INFO - Started process (PID=654) to work on /opt/airflow/dags/etl_airflow.py
[2024-11-25T01:59:46.544+0000] {processor.py:914} INFO - Processing file /opt/airflow/dags/etl_airflow.py for tasks to queue
[2024-11-25T01:59:46.547+0000] {logging_mixin.py:190} INFO - [2024-11-25T01:59:46.547+0000] {dagbag.py:588} INFO - Filling up the DagBag from /opt/airflow/dags/etl_airflow.py
[2024-11-25T01:59:46.629+0000] {processor.py:925} INFO - DAG(s) 'university_ranking_etl' retrieved from /opt/airflow/dags/etl_airflow.py
[2024-11-25T01:59:46.646+0000] {logging_mixin.py:190} INFO - [2024-11-25T01:59:46.646+0000] {dag.py:3239} INFO - Sync 1 DAGs
[2024-11-25T01:59:46.671+0000] {logging_mixin.py:190} INFO - [2024-11-25T01:59:46.671+0000] {dag.py:4180} INFO - Setting next_dagrun for university_ranking_etl to 2024-11-25 00:00:00+00:00, run_after=2024-11-26 00:00:00+00:00
[2024-11-25T01:59:46.689+0000] {processor.py:208} INFO - Processing /opt/airflow/dags/etl_airflow.py took 0.153 seconds
[2024-11-25T02:00:17.253+0000] {processor.py:186} INFO - Started process (PID=716) to work on /opt/airflow/dags/etl_airflow.py
[2024-11-25T02:00:17.254+0000] {processor.py:914} INFO - Processing file /opt/airflow/dags/etl_airflow.py for tasks to queue
[2024-11-25T02:00:17.256+0000] {logging_mixin.py:190} INFO - [2024-11-25T02:00:17.256+0000] {dagbag.py:588} INFO - Filling up the DagBag from /opt/airflow/dags/etl_airflow.py
[2024-11-25T02:00:17.357+0000] {processor.py:925} INFO - DAG(s) 'university_ranking_etl' retrieved from /opt/airflow/dags/etl_airflow.py
[2024-11-25T02:00:17.389+0000] {logging_mixin.py:190} INFO - [2024-11-25T02:00:17.389+0000] {dag.py:3239} INFO - Sync 1 DAGs
[2024-11-25T02:00:17.422+0000] {logging_mixin.py:190} INFO - [2024-11-25T02:00:17.422+0000] {dag.py:4180} INFO - Setting next_dagrun for university_ranking_etl to 2024-11-25 00:00:00+00:00, run_after=2024-11-26 00:00:00+00:00
[2024-11-25T02:00:17.443+0000] {processor.py:208} INFO - Processing /opt/airflow/dags/etl_airflow.py took 0.197 seconds
[2024-11-25T02:00:47.607+0000] {processor.py:186} INFO - Started process (PID=780) to work on /opt/airflow/dags/etl_airflow.py
[2024-11-25T02:00:47.608+0000] {processor.py:914} INFO - Processing file /opt/airflow/dags/etl_airflow.py for tasks to queue
[2024-11-25T02:00:47.610+0000] {logging_mixin.py:190} INFO - [2024-11-25T02:00:47.609+0000] {dagbag.py:588} INFO - Filling up the DagBag from /opt/airflow/dags/etl_airflow.py
[2024-11-25T02:00:47.695+0000] {processor.py:925} INFO - DAG(s) 'university_ranking_etl' retrieved from /opt/airflow/dags/etl_airflow.py
[2024-11-25T02:00:47.715+0000] {logging_mixin.py:190} INFO - [2024-11-25T02:00:47.715+0000] {dag.py:3239} INFO - Sync 1 DAGs
[2024-11-25T02:00:47.740+0000] {logging_mixin.py:190} INFO - [2024-11-25T02:00:47.740+0000] {dag.py:4180} INFO - Setting next_dagrun for university_ranking_etl to 2024-11-25 00:00:00+00:00, run_after=2024-11-26 00:00:00+00:00
[2024-11-25T02:00:47.760+0000] {processor.py:208} INFO - Processing /opt/airflow/dags/etl_airflow.py took 0.159 seconds
[2024-11-25T02:01:17.884+0000] {processor.py:186} INFO - Started process (PID=842) to work on /opt/airflow/dags/etl_airflow.py
[2024-11-25T02:01:17.885+0000] {processor.py:914} INFO - Processing file /opt/airflow/dags/etl_airflow.py for tasks to queue
[2024-11-25T02:01:17.887+0000] {logging_mixin.py:190} INFO - [2024-11-25T02:01:17.887+0000] {dagbag.py:588} INFO - Filling up the DagBag from /opt/airflow/dags/etl_airflow.py
[2024-11-25T02:01:17.964+0000] {processor.py:925} INFO - DAG(s) 'university_ranking_etl' retrieved from /opt/airflow/dags/etl_airflow.py
[2024-11-25T02:01:17.986+0000] {logging_mixin.py:190} INFO - [2024-11-25T02:01:17.986+0000] {dag.py:3239} INFO - Sync 1 DAGs
[2024-11-25T02:01:18.011+0000] {logging_mixin.py:190} INFO - [2024-11-25T02:01:18.011+0000] {dag.py:4180} INFO - Setting next_dagrun for university_ranking_etl to 2024-11-25 00:00:00+00:00, run_after=2024-11-26 00:00:00+00:00
[2024-11-25T02:01:18.028+0000] {processor.py:208} INFO - Processing /opt/airflow/dags/etl_airflow.py took 0.149 seconds
[2024-11-25T02:01:48.208+0000] {processor.py:186} INFO - Started process (PID=905) to work on /opt/airflow/dags/etl_airflow.py
[2024-11-25T02:01:48.209+0000] {processor.py:914} INFO - Processing file /opt/airflow/dags/etl_airflow.py for tasks to queue
[2024-11-25T02:01:48.211+0000] {logging_mixin.py:190} INFO - [2024-11-25T02:01:48.211+0000] {dagbag.py:588} INFO - Filling up the DagBag from /opt/airflow/dags/etl_airflow.py
[2024-11-25T02:01:48.281+0000] {processor.py:925} INFO - DAG(s) 'university_ranking_etl' retrieved from /opt/airflow/dags/etl_airflow.py
[2024-11-25T02:01:48.302+0000] {logging_mixin.py:190} INFO - [2024-11-25T02:01:48.302+0000] {dag.py:3239} INFO - Sync 1 DAGs
[2024-11-25T02:01:48.327+0000] {logging_mixin.py:190} INFO - [2024-11-25T02:01:48.326+0000] {dag.py:4180} INFO - Setting next_dagrun for university_ranking_etl to 2024-11-25 00:00:00+00:00, run_after=2024-11-26 00:00:00+00:00
[2024-11-25T02:01:48.348+0000] {processor.py:208} INFO - Processing /opt/airflow/dags/etl_airflow.py took 0.145 seconds
[2024-11-25T02:02:18.819+0000] {processor.py:186} INFO - Started process (PID=964) to work on /opt/airflow/dags/etl_airflow.py
[2024-11-25T02:02:18.820+0000] {processor.py:914} INFO - Processing file /opt/airflow/dags/etl_airflow.py for tasks to queue
[2024-11-25T02:02:18.822+0000] {logging_mixin.py:190} INFO - [2024-11-25T02:02:18.821+0000] {dagbag.py:588} INFO - Filling up the DagBag from /opt/airflow/dags/etl_airflow.py
[2024-11-25T02:02:18.886+0000] {processor.py:925} INFO - DAG(s) 'university_ranking_etl' retrieved from /opt/airflow/dags/etl_airflow.py
[2024-11-25T02:02:18.903+0000] {logging_mixin.py:190} INFO - [2024-11-25T02:02:18.903+0000] {dag.py:3239} INFO - Sync 1 DAGs
[2024-11-25T02:02:18.934+0000] {logging_mixin.py:190} INFO - [2024-11-25T02:02:18.933+0000] {dag.py:4180} INFO - Setting next_dagrun for university_ranking_etl to 2024-11-25 00:00:00+00:00, run_after=2024-11-26 00:00:00+00:00
[2024-11-25T02:02:18.956+0000] {processor.py:208} INFO - Processing /opt/airflow/dags/etl_airflow.py took 0.142 seconds
[2024-11-25T02:02:49.888+0000] {processor.py:186} INFO - Started process (PID=1028) to work on /opt/airflow/dags/etl_airflow.py
[2024-11-25T02:02:49.890+0000] {processor.py:914} INFO - Processing file /opt/airflow/dags/etl_airflow.py for tasks to queue
[2024-11-25T02:02:49.893+0000] {logging_mixin.py:190} INFO - [2024-11-25T02:02:49.892+0000] {dagbag.py:588} INFO - Filling up the DagBag from /opt/airflow/dags/etl_airflow.py
[2024-11-25T02:02:49.975+0000] {processor.py:925} INFO - DAG(s) 'university_ranking_etl' retrieved from /opt/airflow/dags/etl_airflow.py
[2024-11-25T02:02:49.998+0000] {logging_mixin.py:190} INFO - [2024-11-25T02:02:49.998+0000] {dag.py:3239} INFO - Sync 1 DAGs
[2024-11-25T02:02:50.086+0000] {logging_mixin.py:190} INFO - [2024-11-25T02:02:50.085+0000] {dag.py:4180} INFO - Setting next_dagrun for university_ranking_etl to 2024-11-25 00:00:00+00:00, run_after=2024-11-26 00:00:00+00:00
[2024-11-25T02:02:50.155+0000] {processor.py:208} INFO - Processing /opt/airflow/dags/etl_airflow.py took 0.274 seconds
[2024-11-25T02:03:20.248+0000] {processor.py:186} INFO - Started process (PID=1094) to work on /opt/airflow/dags/etl_airflow.py
[2024-11-25T02:03:20.249+0000] {processor.py:914} INFO - Processing file /opt/airflow/dags/etl_airflow.py for tasks to queue
[2024-11-25T02:03:20.251+0000] {logging_mixin.py:190} INFO - [2024-11-25T02:03:20.251+0000] {dagbag.py:588} INFO - Filling up the DagBag from /opt/airflow/dags/etl_airflow.py
[2024-11-25T02:03:20.325+0000] {processor.py:925} INFO - DAG(s) 'university_ranking_etl' retrieved from /opt/airflow/dags/etl_airflow.py
[2024-11-25T02:03:20.344+0000] {logging_mixin.py:190} INFO - [2024-11-25T02:03:20.344+0000] {dag.py:3239} INFO - Sync 1 DAGs
[2024-11-25T02:03:20.367+0000] {logging_mixin.py:190} INFO - [2024-11-25T02:03:20.367+0000] {dag.py:4180} INFO - Setting next_dagrun for university_ranking_etl to 2024-11-25 00:00:00+00:00, run_after=2024-11-26 00:00:00+00:00
[2024-11-25T02:03:20.385+0000] {processor.py:208} INFO - Processing /opt/airflow/dags/etl_airflow.py took 0.143 seconds
[2024-11-25T02:03:50.532+0000] {processor.py:186} INFO - Started process (PID=1158) to work on /opt/airflow/dags/etl_airflow.py
[2024-11-25T02:03:50.533+0000] {processor.py:914} INFO - Processing file /opt/airflow/dags/etl_airflow.py for tasks to queue
[2024-11-25T02:03:50.535+0000] {logging_mixin.py:190} INFO - [2024-11-25T02:03:50.535+0000] {dagbag.py:588} INFO - Filling up the DagBag from /opt/airflow/dags/etl_airflow.py
[2024-11-25T02:03:50.602+0000] {processor.py:925} INFO - DAG(s) 'university_ranking_etl' retrieved from /opt/airflow/dags/etl_airflow.py
[2024-11-25T02:03:50.621+0000] {logging_mixin.py:190} INFO - [2024-11-25T02:03:50.620+0000] {dag.py:3239} INFO - Sync 1 DAGs
[2024-11-25T02:03:50.644+0000] {logging_mixin.py:190} INFO - [2024-11-25T02:03:50.643+0000] {dag.py:4180} INFO - Setting next_dagrun for university_ranking_etl to 2024-11-25 00:00:00+00:00, run_after=2024-11-26 00:00:00+00:00
[2024-11-25T02:03:50.662+0000] {processor.py:208} INFO - Processing /opt/airflow/dags/etl_airflow.py took 0.135 seconds
[2024-11-25T02:04:20.886+0000] {processor.py:186} INFO - Started process (PID=1221) to work on /opt/airflow/dags/etl_airflow.py
[2024-11-25T02:04:20.888+0000] {processor.py:914} INFO - Processing file /opt/airflow/dags/etl_airflow.py for tasks to queue
[2024-11-25T02:04:20.892+0000] {logging_mixin.py:190} INFO - [2024-11-25T02:04:20.891+0000] {dagbag.py:588} INFO - Filling up the DagBag from /opt/airflow/dags/etl_airflow.py
[2024-11-25T02:04:21.004+0000] {processor.py:925} INFO - DAG(s) 'university_ranking_etl' retrieved from /opt/airflow/dags/etl_airflow.py
[2024-11-25T02:04:21.028+0000] {logging_mixin.py:190} INFO - [2024-11-25T02:04:21.028+0000] {dag.py:3239} INFO - Sync 1 DAGs
[2024-11-25T02:04:21.068+0000] {logging_mixin.py:190} INFO - [2024-11-25T02:04:21.068+0000] {dag.py:4180} INFO - Setting next_dagrun for university_ranking_etl to 2024-11-25 00:00:00+00:00, run_after=2024-11-26 00:00:00+00:00
[2024-11-25T02:04:21.093+0000] {processor.py:208} INFO - Processing /opt/airflow/dags/etl_airflow.py took 0.217 seconds
[2024-11-25T02:04:51.195+0000] {processor.py:186} INFO - Started process (PID=1285) to work on /opt/airflow/dags/etl_airflow.py
[2024-11-25T02:04:51.196+0000] {processor.py:914} INFO - Processing file /opt/airflow/dags/etl_airflow.py for tasks to queue
[2024-11-25T02:04:51.198+0000] {logging_mixin.py:190} INFO - [2024-11-25T02:04:51.198+0000] {dagbag.py:588} INFO - Filling up the DagBag from /opt/airflow/dags/etl_airflow.py
[2024-11-25T02:04:51.261+0000] {processor.py:925} INFO - DAG(s) 'university_ranking_etl' retrieved from /opt/airflow/dags/etl_airflow.py
[2024-11-25T02:04:51.279+0000] {logging_mixin.py:190} INFO - [2024-11-25T02:04:51.279+0000] {dag.py:3239} INFO - Sync 1 DAGs
[2024-11-25T02:04:51.303+0000] {logging_mixin.py:190} INFO - [2024-11-25T02:04:51.302+0000] {dag.py:4180} INFO - Setting next_dagrun for university_ranking_etl to 2024-11-25 00:00:00+00:00, run_after=2024-11-26 00:00:00+00:00
[2024-11-25T02:04:51.320+0000] {processor.py:208} INFO - Processing /opt/airflow/dags/etl_airflow.py took 0.130 seconds
[2024-11-25T02:05:21.934+0000] {processor.py:186} INFO - Started process (PID=1349) to work on /opt/airflow/dags/etl_airflow.py
[2024-11-25T02:05:21.934+0000] {processor.py:914} INFO - Processing file /opt/airflow/dags/etl_airflow.py for tasks to queue
[2024-11-25T02:05:21.937+0000] {logging_mixin.py:190} INFO - [2024-11-25T02:05:21.936+0000] {dagbag.py:588} INFO - Filling up the DagBag from /opt/airflow/dags/etl_airflow.py
[2024-11-25T02:05:21.999+0000] {processor.py:925} INFO - DAG(s) 'university_ranking_etl' retrieved from /opt/airflow/dags/etl_airflow.py
[2024-11-25T02:05:22.018+0000] {logging_mixin.py:190} INFO - [2024-11-25T02:05:22.018+0000] {dag.py:3239} INFO - Sync 1 DAGs
[2024-11-25T02:05:22.043+0000] {logging_mixin.py:190} INFO - [2024-11-25T02:05:22.043+0000] {dag.py:4180} INFO - Setting next_dagrun for university_ranking_etl to 2024-11-25 00:00:00+00:00, run_after=2024-11-26 00:00:00+00:00
[2024-11-25T02:05:22.060+0000] {processor.py:208} INFO - Processing /opt/airflow/dags/etl_airflow.py took 0.131 seconds
[2024-11-25T02:05:52.241+0000] {processor.py:186} INFO - Started process (PID=1413) to work on /opt/airflow/dags/etl_airflow.py
[2024-11-25T02:05:52.242+0000] {processor.py:914} INFO - Processing file /opt/airflow/dags/etl_airflow.py for tasks to queue
[2024-11-25T02:05:52.245+0000] {logging_mixin.py:190} INFO - [2024-11-25T02:05:52.245+0000] {dagbag.py:588} INFO - Filling up the DagBag from /opt/airflow/dags/etl_airflow.py
[2024-11-25T02:05:52.309+0000] {processor.py:925} INFO - DAG(s) 'university_ranking_etl' retrieved from /opt/airflow/dags/etl_airflow.py
[2024-11-25T02:05:52.333+0000] {logging_mixin.py:190} INFO - [2024-11-25T02:05:52.332+0000] {dag.py:3239} INFO - Sync 1 DAGs
[2024-11-25T02:05:52.364+0000] {logging_mixin.py:190} INFO - [2024-11-25T02:05:52.364+0000] {dag.py:4180} INFO - Setting next_dagrun for university_ranking_etl to 2024-11-25 00:00:00+00:00, run_after=2024-11-26 00:00:00+00:00
[2024-11-25T02:05:52.387+0000] {processor.py:208} INFO - Processing /opt/airflow/dags/etl_airflow.py took 0.152 seconds
[2024-11-25T02:06:22.504+0000] {processor.py:186} INFO - Started process (PID=1477) to work on /opt/airflow/dags/etl_airflow.py
[2024-11-25T02:06:22.505+0000] {processor.py:914} INFO - Processing file /opt/airflow/dags/etl_airflow.py for tasks to queue
[2024-11-25T02:06:22.509+0000] {logging_mixin.py:190} INFO - [2024-11-25T02:06:22.509+0000] {dagbag.py:588} INFO - Filling up the DagBag from /opt/airflow/dags/etl_airflow.py
[2024-11-25T02:06:22.660+0000] {processor.py:925} INFO - DAG(s) 'university_ranking_etl' retrieved from /opt/airflow/dags/etl_airflow.py
[2024-11-25T02:06:22.692+0000] {logging_mixin.py:190} INFO - [2024-11-25T02:06:22.691+0000] {dag.py:3239} INFO - Sync 1 DAGs
[2024-11-25T02:06:22.742+0000] {logging_mixin.py:190} INFO - [2024-11-25T02:06:22.742+0000] {dag.py:4180} INFO - Setting next_dagrun for university_ranking_etl to 2024-11-25 00:00:00+00:00, run_after=2024-11-26 00:00:00+00:00
[2024-11-25T02:06:22.771+0000] {processor.py:208} INFO - Processing /opt/airflow/dags/etl_airflow.py took 0.275 seconds
[2024-11-25T02:06:53.062+0000] {processor.py:186} INFO - Started process (PID=1542) to work on /opt/airflow/dags/etl_airflow.py
[2024-11-25T02:06:53.063+0000] {processor.py:914} INFO - Processing file /opt/airflow/dags/etl_airflow.py for tasks to queue
[2024-11-25T02:06:53.066+0000] {logging_mixin.py:190} INFO - [2024-11-25T02:06:53.065+0000] {dagbag.py:588} INFO - Filling up the DagBag from /opt/airflow/dags/etl_airflow.py
[2024-11-25T02:06:53.157+0000] {processor.py:925} INFO - DAG(s) 'university_ranking_etl' retrieved from /opt/airflow/dags/etl_airflow.py
[2024-11-25T02:06:53.184+0000] {logging_mixin.py:190} INFO - [2024-11-25T02:06:53.183+0000] {dag.py:3239} INFO - Sync 1 DAGs
[2024-11-25T02:06:53.225+0000] {logging_mixin.py:190} INFO - [2024-11-25T02:06:53.225+0000] {dag.py:4180} INFO - Setting next_dagrun for university_ranking_etl to 2024-11-25 00:00:00+00:00, run_after=2024-11-26 00:00:00+00:00
[2024-11-25T02:06:53.254+0000] {processor.py:208} INFO - Processing /opt/airflow/dags/etl_airflow.py took 0.199 seconds
[2024-11-25T02:07:23.458+0000] {processor.py:186} INFO - Started process (PID=1606) to work on /opt/airflow/dags/etl_airflow.py
[2024-11-25T02:07:23.460+0000] {processor.py:914} INFO - Processing file /opt/airflow/dags/etl_airflow.py for tasks to queue
[2024-11-25T02:07:23.463+0000] {logging_mixin.py:190} INFO - [2024-11-25T02:07:23.462+0000] {dagbag.py:588} INFO - Filling up the DagBag from /opt/airflow/dags/etl_airflow.py
[2024-11-25T02:07:23.560+0000] {processor.py:925} INFO - DAG(s) 'university_ranking_etl' retrieved from /opt/airflow/dags/etl_airflow.py
[2024-11-25T02:07:23.590+0000] {logging_mixin.py:190} INFO - [2024-11-25T02:07:23.589+0000] {dag.py:3239} INFO - Sync 1 DAGs
[2024-11-25T02:07:23.623+0000] {logging_mixin.py:190} INFO - [2024-11-25T02:07:23.622+0000] {dag.py:4180} INFO - Setting next_dagrun for university_ranking_etl to 2024-11-25 00:00:00+00:00, run_after=2024-11-26 00:00:00+00:00
[2024-11-25T02:07:23.651+0000] {processor.py:208} INFO - Processing /opt/airflow/dags/etl_airflow.py took 0.201 seconds
[2024-11-25T02:07:54.138+0000] {processor.py:186} INFO - Started process (PID=1669) to work on /opt/airflow/dags/etl_airflow.py
[2024-11-25T02:07:54.139+0000] {processor.py:914} INFO - Processing file /opt/airflow/dags/etl_airflow.py for tasks to queue
[2024-11-25T02:07:54.141+0000] {logging_mixin.py:190} INFO - [2024-11-25T02:07:54.141+0000] {dagbag.py:588} INFO - Filling up the DagBag from /opt/airflow/dags/etl_airflow.py
[2024-11-25T02:07:54.207+0000] {processor.py:925} INFO - DAG(s) 'university_ranking_etl' retrieved from /opt/airflow/dags/etl_airflow.py
[2024-11-25T02:07:54.228+0000] {logging_mixin.py:190} INFO - [2024-11-25T02:07:54.228+0000] {dag.py:3239} INFO - Sync 1 DAGs
[2024-11-25T02:07:54.255+0000] {logging_mixin.py:190} INFO - [2024-11-25T02:07:54.255+0000] {dag.py:4180} INFO - Setting next_dagrun for university_ranking_etl to 2024-11-25 00:00:00+00:00, run_after=2024-11-26 00:00:00+00:00
[2024-11-25T02:07:54.274+0000] {processor.py:208} INFO - Processing /opt/airflow/dags/etl_airflow.py took 0.142 seconds
[2024-11-25T02:08:25.065+0000] {processor.py:186} INFO - Started process (PID=1733) to work on /opt/airflow/dags/etl_airflow.py
[2024-11-25T02:08:25.072+0000] {processor.py:914} INFO - Processing file /opt/airflow/dags/etl_airflow.py for tasks to queue
[2024-11-25T02:08:25.096+0000] {logging_mixin.py:190} INFO - [2024-11-25T02:08:25.093+0000] {dagbag.py:588} INFO - Filling up the DagBag from /opt/airflow/dags/etl_airflow.py
[2024-11-25T02:08:25.392+0000] {processor.py:925} INFO - DAG(s) 'university_ranking_etl' retrieved from /opt/airflow/dags/etl_airflow.py
[2024-11-25T02:08:25.427+0000] {logging_mixin.py:190} INFO - [2024-11-25T02:08:25.427+0000] {dag.py:3239} INFO - Sync 1 DAGs
[2024-11-25T02:08:25.571+0000] {logging_mixin.py:190} INFO - [2024-11-25T02:08:25.570+0000] {dag.py:4180} INFO - Setting next_dagrun for university_ranking_etl to 2024-11-25 00:00:00+00:00, run_after=2024-11-26 00:00:00+00:00
[2024-11-25T02:08:25.662+0000] {processor.py:208} INFO - Processing /opt/airflow/dags/etl_airflow.py took 0.621 seconds
[2024-11-25T02:08:56.642+0000] {processor.py:186} INFO - Started process (PID=1798) to work on /opt/airflow/dags/etl_airflow.py
[2024-11-25T02:08:56.643+0000] {processor.py:914} INFO - Processing file /opt/airflow/dags/etl_airflow.py for tasks to queue
[2024-11-25T02:08:56.651+0000] {logging_mixin.py:190} INFO - [2024-11-25T02:08:56.650+0000] {dagbag.py:588} INFO - Filling up the DagBag from /opt/airflow/dags/etl_airflow.py
[2024-11-25T02:08:56.764+0000] {processor.py:925} INFO - DAG(s) 'university_ranking_etl' retrieved from /opt/airflow/dags/etl_airflow.py
[2024-11-25T02:08:56.783+0000] {logging_mixin.py:190} INFO - [2024-11-25T02:08:56.783+0000] {dag.py:3239} INFO - Sync 1 DAGs
[2024-11-25T02:08:56.809+0000] {logging_mixin.py:190} INFO - [2024-11-25T02:08:56.808+0000] {dag.py:4180} INFO - Setting next_dagrun for university_ranking_etl to 2024-11-25 00:00:00+00:00, run_after=2024-11-26 00:00:00+00:00
[2024-11-25T02:08:56.829+0000] {processor.py:208} INFO - Processing /opt/airflow/dags/etl_airflow.py took 0.195 seconds
[2024-11-25T02:09:27.245+0000] {processor.py:186} INFO - Started process (PID=1862) to work on /opt/airflow/dags/etl_airflow.py
[2024-11-25T02:09:27.246+0000] {processor.py:914} INFO - Processing file /opt/airflow/dags/etl_airflow.py for tasks to queue
[2024-11-25T02:09:27.250+0000] {logging_mixin.py:190} INFO - [2024-11-25T02:09:27.249+0000] {dagbag.py:588} INFO - Filling up the DagBag from /opt/airflow/dags/etl_airflow.py
[2024-11-25T02:09:27.349+0000] {processor.py:925} INFO - DAG(s) 'university_ranking_etl' retrieved from /opt/airflow/dags/etl_airflow.py
[2024-11-25T02:09:27.386+0000] {logging_mixin.py:190} INFO - [2024-11-25T02:09:27.386+0000] {dag.py:3239} INFO - Sync 1 DAGs
[2024-11-25T02:09:27.414+0000] {logging_mixin.py:190} INFO - [2024-11-25T02:09:27.414+0000] {dag.py:4180} INFO - Setting next_dagrun for university_ranking_etl to 2024-11-25 00:00:00+00:00, run_after=2024-11-26 00:00:00+00:00
[2024-11-25T02:09:27.432+0000] {processor.py:208} INFO - Processing /opt/airflow/dags/etl_airflow.py took 0.195 seconds
[2024-11-25T02:09:57.521+0000] {processor.py:186} INFO - Started process (PID=1926) to work on /opt/airflow/dags/etl_airflow.py
[2024-11-25T02:09:57.522+0000] {processor.py:914} INFO - Processing file /opt/airflow/dags/etl_airflow.py for tasks to queue
[2024-11-25T02:09:57.524+0000] {logging_mixin.py:190} INFO - [2024-11-25T02:09:57.524+0000] {dagbag.py:588} INFO - Filling up the DagBag from /opt/airflow/dags/etl_airflow.py
[2024-11-25T02:09:57.601+0000] {processor.py:925} INFO - DAG(s) 'university_ranking_etl' retrieved from /opt/airflow/dags/etl_airflow.py
[2024-11-25T02:09:57.622+0000] {logging_mixin.py:190} INFO - [2024-11-25T02:09:57.621+0000] {dag.py:3239} INFO - Sync 1 DAGs
[2024-11-25T02:09:57.651+0000] {logging_mixin.py:190} INFO - [2024-11-25T02:09:57.651+0000] {dag.py:4180} INFO - Setting next_dagrun for university_ranking_etl to 2024-11-25 00:00:00+00:00, run_after=2024-11-26 00:00:00+00:00
[2024-11-25T02:09:57.675+0000] {processor.py:208} INFO - Processing /opt/airflow/dags/etl_airflow.py took 0.159 seconds
[2024-11-25T02:10:28.583+0000] {processor.py:186} INFO - Started process (PID=1990) to work on /opt/airflow/dags/etl_airflow.py
[2024-11-25T02:10:28.585+0000] {processor.py:914} INFO - Processing file /opt/airflow/dags/etl_airflow.py for tasks to queue
[2024-11-25T02:10:28.588+0000] {logging_mixin.py:190} INFO - [2024-11-25T02:10:28.588+0000] {dagbag.py:588} INFO - Filling up the DagBag from /opt/airflow/dags/etl_airflow.py
[2024-11-25T02:10:28.680+0000] {processor.py:925} INFO - DAG(s) 'university_ranking_etl' retrieved from /opt/airflow/dags/etl_airflow.py
[2024-11-25T02:10:28.704+0000] {logging_mixin.py:190} INFO - [2024-11-25T02:10:28.704+0000] {dag.py:3239} INFO - Sync 1 DAGs
[2024-11-25T02:10:28.737+0000] {logging_mixin.py:190} INFO - [2024-11-25T02:10:28.737+0000] {dag.py:4180} INFO - Setting next_dagrun for university_ranking_etl to 2024-11-25 00:00:00+00:00, run_after=2024-11-26 00:00:00+00:00
[2024-11-25T02:10:28.763+0000] {processor.py:208} INFO - Processing /opt/airflow/dags/etl_airflow.py took 0.189 seconds
[2024-11-25T02:10:59.012+0000] {processor.py:186} INFO - Started process (PID=2054) to work on /opt/airflow/dags/etl_airflow.py
[2024-11-25T02:10:59.013+0000] {processor.py:914} INFO - Processing file /opt/airflow/dags/etl_airflow.py for tasks to queue
[2024-11-25T02:10:59.015+0000] {logging_mixin.py:190} INFO - [2024-11-25T02:10:59.015+0000] {dagbag.py:588} INFO - Filling up the DagBag from /opt/airflow/dags/etl_airflow.py
[2024-11-25T02:10:59.086+0000] {processor.py:925} INFO - DAG(s) 'university_ranking_etl' retrieved from /opt/airflow/dags/etl_airflow.py
[2024-11-25T02:10:59.106+0000] {logging_mixin.py:190} INFO - [2024-11-25T02:10:59.106+0000] {dag.py:3239} INFO - Sync 1 DAGs
[2024-11-25T02:10:59.137+0000] {logging_mixin.py:190} INFO - [2024-11-25T02:10:59.137+0000] {dag.py:4180} INFO - Setting next_dagrun for university_ranking_etl to 2024-11-25 00:00:00+00:00, run_after=2024-11-26 00:00:00+00:00
[2024-11-25T02:10:59.159+0000] {processor.py:208} INFO - Processing /opt/airflow/dags/etl_airflow.py took 0.155 seconds
[2024-11-25T02:11:29.633+0000] {processor.py:186} INFO - Started process (PID=2119) to work on /opt/airflow/dags/etl_airflow.py
[2024-11-25T02:11:29.634+0000] {processor.py:914} INFO - Processing file /opt/airflow/dags/etl_airflow.py for tasks to queue
[2024-11-25T02:11:29.637+0000] {logging_mixin.py:190} INFO - [2024-11-25T02:11:29.637+0000] {dagbag.py:588} INFO - Filling up the DagBag from /opt/airflow/dags/etl_airflow.py
[2024-11-25T02:11:29.731+0000] {processor.py:925} INFO - DAG(s) 'university_ranking_etl' retrieved from /opt/airflow/dags/etl_airflow.py
[2024-11-25T02:11:29.762+0000] {logging_mixin.py:190} INFO - [2024-11-25T02:11:29.762+0000] {dag.py:3239} INFO - Sync 1 DAGs
[2024-11-25T02:11:29.990+0000] {logging_mixin.py:190} INFO - [2024-11-25T02:11:29.990+0000] {dag.py:4180} INFO - Setting next_dagrun for university_ranking_etl to 2024-11-25 00:00:00+00:00, run_after=2024-11-26 00:00:00+00:00
[2024-11-25T02:11:30.008+0000] {processor.py:208} INFO - Processing /opt/airflow/dags/etl_airflow.py took 0.381 seconds
[2024-11-25T02:12:00.359+0000] {processor.py:186} INFO - Started process (PID=2183) to work on /opt/airflow/dags/etl_airflow.py
[2024-11-25T02:12:00.361+0000] {processor.py:914} INFO - Processing file /opt/airflow/dags/etl_airflow.py for tasks to queue
[2024-11-25T02:12:00.364+0000] {logging_mixin.py:190} INFO - [2024-11-25T02:12:00.363+0000] {dagbag.py:588} INFO - Filling up the DagBag from /opt/airflow/dags/etl_airflow.py
[2024-11-25T02:12:00.465+0000] {processor.py:925} INFO - DAG(s) 'university_ranking_etl' retrieved from /opt/airflow/dags/etl_airflow.py
[2024-11-25T02:12:00.498+0000] {logging_mixin.py:190} INFO - [2024-11-25T02:12:00.498+0000] {dag.py:3239} INFO - Sync 1 DAGs
[2024-11-25T02:12:00.606+0000] {logging_mixin.py:190} INFO - [2024-11-25T02:12:00.606+0000] {dag.py:4180} INFO - Setting next_dagrun for university_ranking_etl to 2024-11-25 00:00:00+00:00, run_after=2024-11-26 00:00:00+00:00
[2024-11-25T02:12:01.088+0000] {processor.py:208} INFO - Processing /opt/airflow/dags/etl_airflow.py took 0.735 seconds
[2024-11-25T02:12:31.190+0000] {processor.py:186} INFO - Started process (PID=2247) to work on /opt/airflow/dags/etl_airflow.py
[2024-11-25T02:12:31.192+0000] {processor.py:914} INFO - Processing file /opt/airflow/dags/etl_airflow.py for tasks to queue
[2024-11-25T02:12:31.203+0000] {logging_mixin.py:190} INFO - [2024-11-25T02:12:31.203+0000] {dagbag.py:588} INFO - Filling up the DagBag from /opt/airflow/dags/etl_airflow.py
[2024-11-25T02:12:31.294+0000] {processor.py:925} INFO - DAG(s) 'university_ranking_etl' retrieved from /opt/airflow/dags/etl_airflow.py
[2024-11-25T02:12:31.321+0000] {logging_mixin.py:190} INFO - [2024-11-25T02:12:31.320+0000] {dag.py:3239} INFO - Sync 1 DAGs
[2024-11-25T02:12:31.348+0000] {logging_mixin.py:190} INFO - [2024-11-25T02:12:31.348+0000] {dag.py:4180} INFO - Setting next_dagrun for university_ranking_etl to 2024-11-25 00:00:00+00:00, run_after=2024-11-26 00:00:00+00:00
[2024-11-25T02:12:31.371+0000] {processor.py:208} INFO - Processing /opt/airflow/dags/etl_airflow.py took 0.188 seconds
[2024-11-25T02:13:01.420+0000] {processor.py:186} INFO - Started process (PID=2312) to work on /opt/airflow/dags/etl_airflow.py
[2024-11-25T02:13:01.421+0000] {processor.py:914} INFO - Processing file /opt/airflow/dags/etl_airflow.py for tasks to queue
[2024-11-25T02:13:01.424+0000] {logging_mixin.py:190} INFO - [2024-11-25T02:13:01.423+0000] {dagbag.py:588} INFO - Filling up the DagBag from /opt/airflow/dags/etl_airflow.py
[2024-11-25T02:13:01.488+0000] {processor.py:925} INFO - DAG(s) 'university_ranking_etl' retrieved from /opt/airflow/dags/etl_airflow.py
[2024-11-25T02:13:01.508+0000] {logging_mixin.py:190} INFO - [2024-11-25T02:13:01.507+0000] {dag.py:3239} INFO - Sync 1 DAGs
[2024-11-25T02:13:01.543+0000] {logging_mixin.py:190} INFO - [2024-11-25T02:13:01.543+0000] {dag.py:4180} INFO - Setting next_dagrun for university_ranking_etl to 2024-11-25 00:00:00+00:00, run_after=2024-11-26 00:00:00+00:00
[2024-11-25T02:13:01.569+0000] {processor.py:208} INFO - Processing /opt/airflow/dags/etl_airflow.py took 0.154 seconds
[2024-11-25T02:13:31.875+0000] {processor.py:186} INFO - Started process (PID=2376) to work on /opt/airflow/dags/etl_airflow.py
[2024-11-25T02:13:31.876+0000] {processor.py:914} INFO - Processing file /opt/airflow/dags/etl_airflow.py for tasks to queue
[2024-11-25T02:13:31.879+0000] {logging_mixin.py:190} INFO - [2024-11-25T02:13:31.879+0000] {dagbag.py:588} INFO - Filling up the DagBag from /opt/airflow/dags/etl_airflow.py
[2024-11-25T02:13:31.992+0000] {processor.py:925} INFO - DAG(s) 'university_ranking_etl' retrieved from /opt/airflow/dags/etl_airflow.py
[2024-11-25T02:13:32.011+0000] {logging_mixin.py:190} INFO - [2024-11-25T02:13:32.011+0000] {dag.py:3239} INFO - Sync 1 DAGs
[2024-11-25T02:13:32.037+0000] {logging_mixin.py:190} INFO - [2024-11-25T02:13:32.037+0000] {dag.py:4180} INFO - Setting next_dagrun for university_ranking_etl to 2024-11-25 00:00:00+00:00, run_after=2024-11-26 00:00:00+00:00
[2024-11-25T02:13:32.065+0000] {processor.py:208} INFO - Processing /opt/airflow/dags/etl_airflow.py took 0.198 seconds
[2024-11-25T02:14:02.327+0000] {processor.py:186} INFO - Started process (PID=2440) to work on /opt/airflow/dags/etl_airflow.py
[2024-11-25T02:14:02.328+0000] {processor.py:914} INFO - Processing file /opt/airflow/dags/etl_airflow.py for tasks to queue
[2024-11-25T02:14:02.330+0000] {logging_mixin.py:190} INFO - [2024-11-25T02:14:02.330+0000] {dagbag.py:588} INFO - Filling up the DagBag from /opt/airflow/dags/etl_airflow.py
[2024-11-25T02:14:02.422+0000] {processor.py:925} INFO - DAG(s) 'university_ranking_etl' retrieved from /opt/airflow/dags/etl_airflow.py
[2024-11-25T02:14:02.798+0000] {logging_mixin.py:190} INFO - [2024-11-25T02:14:02.798+0000] {dag.py:3239} INFO - Sync 1 DAGs
[2024-11-25T02:14:02.821+0000] {logging_mixin.py:190} INFO - [2024-11-25T02:14:02.821+0000] {dag.py:4180} INFO - Setting next_dagrun for university_ranking_etl to 2024-11-25 00:00:00+00:00, run_after=2024-11-26 00:00:00+00:00
[2024-11-25T02:14:02.842+0000] {processor.py:208} INFO - Processing /opt/airflow/dags/etl_airflow.py took 0.522 seconds
[2024-11-25T02:14:33.776+0000] {processor.py:186} INFO - Started process (PID=2505) to work on /opt/airflow/dags/etl_airflow.py
[2024-11-25T02:14:33.777+0000] {processor.py:914} INFO - Processing file /opt/airflow/dags/etl_airflow.py for tasks to queue
[2024-11-25T02:14:33.782+0000] {logging_mixin.py:190} INFO - [2024-11-25T02:14:33.781+0000] {dagbag.py:588} INFO - Filling up the DagBag from /opt/airflow/dags/etl_airflow.py
[2024-11-25T02:14:33.926+0000] {processor.py:925} INFO - DAG(s) 'university_ranking_etl' retrieved from /opt/airflow/dags/etl_airflow.py
[2024-11-25T02:14:34.203+0000] {logging_mixin.py:190} INFO - [2024-11-25T02:14:34.203+0000] {dag.py:3239} INFO - Sync 1 DAGs
[2024-11-25T02:14:34.244+0000] {logging_mixin.py:190} INFO - [2024-11-25T02:14:34.244+0000] {dag.py:4180} INFO - Setting next_dagrun for university_ranking_etl to 2024-11-25 00:00:00+00:00, run_after=2024-11-26 00:00:00+00:00
[2024-11-25T02:14:34.269+0000] {processor.py:208} INFO - Processing /opt/airflow/dags/etl_airflow.py took 0.509 seconds
[2024-11-25T02:15:04.480+0000] {processor.py:186} INFO - Started process (PID=2569) to work on /opt/airflow/dags/etl_airflow.py
[2024-11-25T02:15:04.481+0000] {processor.py:914} INFO - Processing file /opt/airflow/dags/etl_airflow.py for tasks to queue
[2024-11-25T02:15:04.483+0000] {logging_mixin.py:190} INFO - [2024-11-25T02:15:04.483+0000] {dagbag.py:588} INFO - Filling up the DagBag from /opt/airflow/dags/etl_airflow.py
[2024-11-25T02:15:04.566+0000] {processor.py:925} INFO - DAG(s) 'university_ranking_etl' retrieved from /opt/airflow/dags/etl_airflow.py
[2024-11-25T02:15:04.594+0000] {logging_mixin.py:190} INFO - [2024-11-25T02:15:04.594+0000] {dag.py:3239} INFO - Sync 1 DAGs
[2024-11-25T02:15:04.789+0000] {logging_mixin.py:190} INFO - [2024-11-25T02:15:04.789+0000] {dag.py:4180} INFO - Setting next_dagrun for university_ranking_etl to 2024-11-25 00:00:00+00:00, run_after=2024-11-26 00:00:00+00:00
[2024-11-25T02:15:04.814+0000] {processor.py:208} INFO - Processing /opt/airflow/dags/etl_airflow.py took 0.339 seconds
[2024-11-25T02:15:35.284+0000] {processor.py:186} INFO - Started process (PID=2640) to work on /opt/airflow/dags/etl_airflow.py
[2024-11-25T02:15:35.286+0000] {processor.py:914} INFO - Processing file /opt/airflow/dags/etl_airflow.py for tasks to queue
[2024-11-25T02:15:35.288+0000] {logging_mixin.py:190} INFO - [2024-11-25T02:15:35.288+0000] {dagbag.py:588} INFO - Filling up the DagBag from /opt/airflow/dags/etl_airflow.py
[2024-11-25T02:15:35.361+0000] {processor.py:925} INFO - DAG(s) 'university_ranking_etl' retrieved from /opt/airflow/dags/etl_airflow.py
[2024-11-25T02:15:35.381+0000] {logging_mixin.py:190} INFO - [2024-11-25T02:15:35.381+0000] {dag.py:3239} INFO - Sync 1 DAGs
[2024-11-25T02:15:35.584+0000] {logging_mixin.py:190} INFO - [2024-11-25T02:15:35.584+0000] {dag.py:4180} INFO - Setting next_dagrun for university_ranking_etl to 2024-11-25 00:00:00+00:00, run_after=2024-11-26 00:00:00+00:00
[2024-11-25T02:15:35.602+0000] {processor.py:208} INFO - Processing /opt/airflow/dags/etl_airflow.py took 0.324 seconds
[2024-11-25T02:16:05.888+0000] {processor.py:186} INFO - Started process (PID=2706) to work on /opt/airflow/dags/etl_airflow.py
[2024-11-25T02:16:05.889+0000] {processor.py:914} INFO - Processing file /opt/airflow/dags/etl_airflow.py for tasks to queue
[2024-11-25T02:16:05.891+0000] {logging_mixin.py:190} INFO - [2024-11-25T02:16:05.891+0000] {dagbag.py:588} INFO - Filling up the DagBag from /opt/airflow/dags/etl_airflow.py
[2024-11-25T02:16:06.108+0000] {processor.py:925} INFO - DAG(s) 'university_ranking_etl' retrieved from /opt/airflow/dags/etl_airflow.py
[2024-11-25T02:16:06.131+0000] {logging_mixin.py:190} INFO - [2024-11-25T02:16:06.131+0000] {dag.py:3239} INFO - Sync 1 DAGs
[2024-11-25T02:16:06.151+0000] {logging_mixin.py:190} INFO - [2024-11-25T02:16:06.150+0000] {dag.py:4180} INFO - Setting next_dagrun for university_ranking_etl to 2024-11-25 00:00:00+00:00, run_after=2024-11-26 00:00:00+00:00
[2024-11-25T02:16:06.175+0000] {processor.py:208} INFO - Processing /opt/airflow/dags/etl_airflow.py took 0.293 seconds
[2024-11-25T02:16:36.288+0000] {processor.py:186} INFO - Started process (PID=2770) to work on /opt/airflow/dags/etl_airflow.py
[2024-11-25T02:16:36.289+0000] {processor.py:914} INFO - Processing file /opt/airflow/dags/etl_airflow.py for tasks to queue
[2024-11-25T02:16:36.293+0000] {logging_mixin.py:190} INFO - [2024-11-25T02:16:36.292+0000] {dagbag.py:588} INFO - Filling up the DagBag from /opt/airflow/dags/etl_airflow.py
[2024-11-25T02:16:36.373+0000] {processor.py:925} INFO - DAG(s) 'university_ranking_etl' retrieved from /opt/airflow/dags/etl_airflow.py
[2024-11-25T02:16:36.390+0000] {logging_mixin.py:190} INFO - [2024-11-25T02:16:36.389+0000] {dag.py:3239} INFO - Sync 1 DAGs
[2024-11-25T02:16:36.412+0000] {logging_mixin.py:190} INFO - [2024-11-25T02:16:36.412+0000] {dag.py:4180} INFO - Setting next_dagrun for university_ranking_etl to 2024-11-25 00:00:00+00:00, run_after=2024-11-26 00:00:00+00:00
[2024-11-25T02:16:36.430+0000] {processor.py:208} INFO - Processing /opt/airflow/dags/etl_airflow.py took 0.149 seconds
